2025-03-04 17:33:29,532 - Virtual Machine 1 initialized
2025-03-04 17:33:29,532 - Clock Rate: 4 ticks/second
2025-03-04 17:33:29,532 - Listening on port: 10000
2025-03-04 17:33:29,532 - Peer ports: [10001, 10002]
2025-03-04 17:33:30,268 - Accepted connection from ('127.0.0.1', 52901)
2025-03-04 17:33:30,540 - Connected to peer on port 10001
2025-03-04 17:33:30,616 - Accepted connection from ('127.0.0.1', 52907)
2025-03-04 17:33:31,542 - Connected to peer on port 10002
2025-03-04 17:33:31,542 - Network initialization completed
2025-03-04 17:33:31,542 - Starting main event loop
2025-03-04 17:33:31,542 - Clock rate: 4 ticks/second
2025-03-04 17:33:31,542 - RECEIVE - System Time: 2025-03-04 17:33:31.542644, Logical Clock: 3, Queue Length: 1, From: Machine 3
2025-03-04 17:33:31,797 - RECEIVE - System Time: 2025-03-04 17:33:31.797755, Logical Clock: 7, Queue Length: 0, From: Machine 3
2025-03-04 17:33:32,052 - RECEIVE - System Time: 2025-03-04 17:33:32.052890, Logical Clock: 9, Queue Length: 0, From: Machine 3
2025-03-04 17:33:32,308 - RECEIVE - System Time: 2025-03-04 17:33:32.308037, Logical Clock: 12, Queue Length: 0, From: Machine 2
2025-03-04 17:33:32,562 - RECEIVE - System Time: 2025-03-04 17:33:32.562526, Logical Clock: 14, Queue Length: 0, From: Machine 3
2025-03-04 17:33:32,817 - RECEIVE - System Time: 2025-03-04 17:33:32.817707, Logical Clock: 15, Queue Length: 1, From: Machine 3
2025-03-04 17:33:33,072 - RECEIVE - System Time: 2025-03-04 17:33:33.072869, Logical Clock: 16, Queue Length: 0, From: Machine 2
2025-03-04 17:33:33,328 - INTERNAL - System Time: 2025-03-04 17:33:33.328054, Logical Clock: 17
2025-03-04 17:33:33,581 - SEND - System Time: 2025-03-04 17:33:33.581662, Logical Clock: 18, To: Machine on port 10001
2025-03-04 17:33:33,581 - SEND - System Time: 2025-03-04 17:33:33.581662, Logical Clock: 18, To: Machine on port 10002
2025-03-04 17:33:33,837 - INTERNAL - System Time: 2025-03-04 17:33:33.837336, Logical Clock: 19
2025-03-04 17:33:34,090 - INTERNAL - System Time: 2025-03-04 17:33:34.090528, Logical Clock: 20
2025-03-04 17:33:34,342 - INTERNAL - System Time: 2025-03-04 17:33:34.342682, Logical Clock: 21
2025-03-04 17:33:34,597 - RECEIVE - System Time: 2025-03-04 17:33:34.597888, Logical Clock: 26, Queue Length: 0, From: Machine 3
2025-03-04 17:33:34,853 - SEND - System Time: 2025-03-04 17:33:34.853100, Logical Clock: 27, To: Machine on port 10001
2025-03-04 17:33:34,853 - SEND - System Time: 2025-03-04 17:33:34.853100, Logical Clock: 27, To: Machine on port 10002
2025-03-04 17:33:35,108 - INTERNAL - System Time: 2025-03-04 17:33:35.108742, Logical Clock: 28
2025-03-04 17:33:35,361 - SEND - System Time: 2025-03-04 17:33:35.361306, Logical Clock: 29, To: Machine on port 10002
2025-03-04 17:33:35,616 - SEND - System Time: 2025-03-04 17:33:35.616697, Logical Clock: 30, To: Machine on port 10001
2025-03-04 17:33:35,871 - INTERNAL - System Time: 2025-03-04 17:33:35.871234, Logical Clock: 31
2025-03-04 17:33:36,127 - RECEIVE - System Time: 2025-03-04 17:33:36.126938, Logical Clock: 36, Queue Length: 0, From: Machine 2
2025-03-04 17:33:36,388 - RECEIVE - System Time: 2025-03-04 17:33:36.388324, Logical Clock: 37, Queue Length: 0, From: Machine 2
2025-03-04 17:33:36,644 - INTERNAL - System Time: 2025-03-04 17:33:36.643864, Logical Clock: 38
2025-03-04 17:33:36,896 - SEND - System Time: 2025-03-04 17:33:36.896531, Logical Clock: 39, To: Machine on port 10001
2025-03-04 17:33:36,897 - SEND - System Time: 2025-03-04 17:33:36.896531, Logical Clock: 39, To: Machine on port 10002
2025-03-04 17:33:37,149 - RECEIVE - System Time: 2025-03-04 17:33:37.149793, Logical Clock: 42, Queue Length: 0, From: Machine 3
2025-03-04 17:33:37,402 - INTERNAL - System Time: 2025-03-04 17:33:37.402228, Logical Clock: 43
2025-03-04 17:33:37,657 - RECEIVE - System Time: 2025-03-04 17:33:37.657187, Logical Clock: 44, Queue Length: 0, From: Machine 3
2025-03-04 17:33:37,911 - SEND - System Time: 2025-03-04 17:33:37.910835, Logical Clock: 45, To: Machine on port 10002
2025-03-04 17:33:38,166 - INTERNAL - System Time: 2025-03-04 17:33:38.166183, Logical Clock: 46
2025-03-04 17:33:38,421 - SEND - System Time: 2025-03-04 17:33:38.421617, Logical Clock: 47, To: Machine on port 10001
2025-03-04 17:33:38,677 - RECEIVE - System Time: 2025-03-04 17:33:38.676994, Logical Clock: 51, Queue Length: 0, From: Machine 3
2025-03-04 17:33:38,932 - INTERNAL - System Time: 2025-03-04 17:33:38.932408, Logical Clock: 52
2025-03-04 17:33:39,187 - INTERNAL - System Time: 2025-03-04 17:33:39.187746, Logical Clock: 53
2025-03-04 17:33:39,442 - SEND - System Time: 2025-03-04 17:33:39.441992, Logical Clock: 54, To: Machine on port 10002
2025-03-04 17:33:39,697 - SEND - System Time: 2025-03-04 17:33:39.697570, Logical Clock: 55, To: Machine on port 10001
2025-03-04 17:33:39,949 - INTERNAL - System Time: 2025-03-04 17:33:39.949331, Logical Clock: 56
2025-03-04 17:33:40,204 - INTERNAL - System Time: 2025-03-04 17:33:40.204452, Logical Clock: 57
2025-03-04 17:33:40,459 - INTERNAL - System Time: 2025-03-04 17:33:40.459602, Logical Clock: 58
2025-03-04 17:33:40,714 - RECEIVE - System Time: 2025-03-04 17:33:40.714830, Logical Clock: 62, Queue Length: 0, From: Machine 2
2025-03-04 17:33:40,966 - SEND - System Time: 2025-03-04 17:33:40.966624, Logical Clock: 63, To: Machine on port 10001
2025-03-04 17:33:41,220 - RECEIVE - System Time: 2025-03-04 17:33:41.220495, Logical Clock: 66, Queue Length: 0, From: Machine 3
2025-03-04 17:33:41,471 - INTERNAL - System Time: 2025-03-04 17:33:41.471580, Logical Clock: 67
2025-03-04 17:33:41,725 - INTERNAL - System Time: 2025-03-04 17:33:41.725305, Logical Clock: 68
2025-03-04 17:33:41,980 - RECEIVE - System Time: 2025-03-04 17:33:41.980640, Logical Clock: 69, Queue Length: 0, From: Machine 2
2025-03-04 17:33:42,235 - RECEIVE - System Time: 2025-03-04 17:33:42.235505, Logical Clock: 70, Queue Length: 0, From: Machine 2
2025-03-04 17:33:42,487 - RECEIVE - System Time: 2025-03-04 17:33:42.487565, Logical Clock: 73, Queue Length: 0, From: Machine 3
2025-03-04 17:33:42,742 - RECEIVE - System Time: 2025-03-04 17:33:42.742811, Logical Clock: 74, Queue Length: 1, From: Machine 3
2025-03-04 17:33:42,997 - RECEIVE - System Time: 2025-03-04 17:33:42.997248, Logical Clock: 75, Queue Length: 0, From: Machine 3
2025-03-04 17:33:43,251 - INTERNAL - System Time: 2025-03-04 17:33:43.251141, Logical Clock: 76
2025-03-04 17:33:43,506 - INTERNAL - System Time: 2025-03-04 17:33:43.506420, Logical Clock: 77
2025-03-04 17:33:43,762 - SEND - System Time: 2025-03-04 17:33:43.761767, Logical Clock: 78, To: Machine on port 10002
2025-03-04 17:33:44,015 - INTERNAL - System Time: 2025-03-04 17:33:44.015743, Logical Clock: 79
2025-03-04 17:33:44,267 - INTERNAL - System Time: 2025-03-04 17:33:44.267659, Logical Clock: 80
2025-03-04 17:33:44,522 - SEND - System Time: 2025-03-04 17:33:44.522942, Logical Clock: 81, To: Machine on port 10001
2025-03-04 17:33:44,776 - INTERNAL - System Time: 2025-03-04 17:33:44.776106, Logical Clock: 82
2025-03-04 17:33:45,028 - INTERNAL - System Time: 2025-03-04 17:33:45.027835, Logical Clock: 83
2025-03-04 17:33:45,282 - INTERNAL - System Time: 2025-03-04 17:33:45.282043, Logical Clock: 84
2025-03-04 17:33:45,533 - RECEIVE - System Time: 2025-03-04 17:33:45.533598, Logical Clock: 89, Queue Length: 0, From: Machine 2
2025-03-04 17:33:45,785 - INTERNAL - System Time: 2025-03-04 17:33:45.784780, Logical Clock: 90
2025-03-04 17:33:46,037 - RECEIVE - System Time: 2025-03-04 17:33:46.036964, Logical Clock: 94, Queue Length: 0, From: Machine 3
2025-03-04 17:33:46,288 - RECEIVE - System Time: 2025-03-04 17:33:46.288695, Logical Clock: 96, Queue Length: 0, From: Machine 2
2025-03-04 17:33:46,541 - RECEIVE - System Time: 2025-03-04 17:33:46.541352, Logical Clock: 97, Queue Length: 0, From: Machine 2
2025-03-04 17:33:46,792 - INTERNAL - System Time: 2025-03-04 17:33:46.792272, Logical Clock: 98
2025-03-04 17:33:47,046 - SEND - System Time: 2025-03-04 17:33:47.046572, Logical Clock: 99, To: Machine on port 10002
2025-03-04 17:33:47,300 - INTERNAL - System Time: 2025-03-04 17:33:47.300522, Logical Clock: 100
2025-03-04 17:33:47,552 - INTERNAL - System Time: 2025-03-04 17:33:47.552620, Logical Clock: 101
2025-03-04 17:33:47,808 - INTERNAL - System Time: 2025-03-04 17:33:47.807972, Logical Clock: 102
2025-03-04 17:33:48,063 - INTERNAL - System Time: 2025-03-04 17:33:48.063374, Logical Clock: 103
2025-03-04 17:33:48,316 - INTERNAL - System Time: 2025-03-04 17:33:48.315791, Logical Clock: 104
2025-03-04 17:33:48,568 - INTERNAL - System Time: 2025-03-04 17:33:48.568044, Logical Clock: 105
2025-03-04 17:33:48,823 - INTERNAL - System Time: 2025-03-04 17:33:48.823375, Logical Clock: 106
2025-03-04 17:33:49,078 - RECEIVE - System Time: 2025-03-04 17:33:49.078585, Logical Clock: 111, Queue Length: 0, From: Machine 2
2025-03-04 17:33:49,332 - SEND - System Time: 2025-03-04 17:33:49.332318, Logical Clock: 112, To: Machine on port 10001
2025-03-04 17:33:49,332 - SEND - System Time: 2025-03-04 17:33:49.332318, Logical Clock: 112, To: Machine on port 10002
2025-03-04 17:33:49,587 - SEND - System Time: 2025-03-04 17:33:49.587868, Logical Clock: 113, To: Machine on port 10001
2025-03-04 17:33:49,588 - SEND - System Time: 2025-03-04 17:33:49.587868, Logical Clock: 113, To: Machine on port 10002
2025-03-04 17:33:49,838 - SEND - System Time: 2025-03-04 17:33:49.838716, Logical Clock: 114, To: Machine on port 10001
2025-03-04 17:33:49,838 - SEND - System Time: 2025-03-04 17:33:49.838716, Logical Clock: 114, To: Machine on port 10002
2025-03-04 17:33:50,093 - RECEIVE - System Time: 2025-03-04 17:33:50.093906, Logical Clock: 119, Queue Length: 0, From: Machine 3
2025-03-04 17:33:50,349 - INTERNAL - System Time: 2025-03-04 17:33:50.349126, Logical Clock: 120
2025-03-04 17:33:50,602 - SEND - System Time: 2025-03-04 17:33:50.601938, Logical Clock: 121, To: Machine on port 10002
2025-03-04 17:33:50,853 - SEND - System Time: 2025-03-04 17:33:50.853543, Logical Clock: 122, To: Machine on port 10001
2025-03-04 17:33:50,853 - SEND - System Time: 2025-03-04 17:33:50.853543, Logical Clock: 122, To: Machine on port 10002
2025-03-04 17:33:51,109 - INTERNAL - System Time: 2025-03-04 17:33:51.108994, Logical Clock: 123
2025-03-04 17:33:51,363 - INTERNAL - System Time: 2025-03-04 17:33:51.362826, Logical Clock: 124
2025-03-04 17:33:51,615 - INTERNAL - System Time: 2025-03-04 17:33:51.615022, Logical Clock: 125
2025-03-04 17:33:51,866 - RECEIVE - System Time: 2025-03-04 17:33:51.866597, Logical Clock: 129, Queue Length: 0, From: Machine 3
2025-03-04 17:33:52,127 - SEND - System Time: 2025-03-04 17:33:52.126921, Logical Clock: 130, To: Machine on port 10002
2025-03-04 17:33:52,382 - INTERNAL - System Time: 2025-03-04 17:33:52.382031, Logical Clock: 131
2025-03-04 17:33:52,637 - INTERNAL - System Time: 2025-03-04 17:33:52.637296, Logical Clock: 132
2025-03-04 17:33:52,890 - SEND - System Time: 2025-03-04 17:33:52.890404, Logical Clock: 133, To: Machine on port 10001
2025-03-04 17:33:53,141 - INTERNAL - System Time: 2025-03-04 17:33:53.141562, Logical Clock: 134
2025-03-04 17:33:53,394 - INTERNAL - System Time: 2025-03-04 17:33:53.394088, Logical Clock: 135
2025-03-04 17:33:53,649 - RECEIVE - System Time: 2025-03-04 17:33:53.649544, Logical Clock: 137, Queue Length: 1, From: Machine 2
2025-03-04 17:33:53,904 - RECEIVE - System Time: 2025-03-04 17:33:53.903856, Logical Clock: 139, Queue Length: 0, From: Machine 3
2025-03-04 17:33:54,158 - INTERNAL - System Time: 2025-03-04 17:33:54.158106, Logical Clock: 140
2025-03-04 17:33:54,412 - SEND - System Time: 2025-03-04 17:33:54.411707, Logical Clock: 141, To: Machine on port 10001
2025-03-04 17:33:54,415 - SEND - System Time: 2025-03-04 17:33:54.411707, Logical Clock: 141, To: Machine on port 10002
2025-03-04 17:33:54,670 - INTERNAL - System Time: 2025-03-04 17:33:54.670427, Logical Clock: 142
2025-03-04 17:33:54,925 - RECEIVE - System Time: 2025-03-04 17:33:54.924991, Logical Clock: 147, Queue Length: 0, From: Machine 3
2025-03-04 17:33:55,180 - INTERNAL - System Time: 2025-03-04 17:33:55.180206, Logical Clock: 148
2025-03-04 17:33:55,430 - RECEIVE - System Time: 2025-03-04 17:33:55.430697, Logical Clock: 149, Queue Length: 0, From: Machine 3
2025-03-04 17:33:55,686 - SEND - System Time: 2025-03-04 17:33:55.685961, Logical Clock: 150, To: Machine on port 10002
2025-03-04 17:33:55,940 - INTERNAL - System Time: 2025-03-04 17:33:55.940364, Logical Clock: 151
2025-03-04 17:33:56,195 - INTERNAL - System Time: 2025-03-04 17:33:56.195316, Logical Clock: 152
2025-03-04 17:33:56,450 - RECEIVE - System Time: 2025-03-04 17:33:56.450686, Logical Clock: 155, Queue Length: 0, From: Machine 3
2025-03-04 17:33:56,706 - INTERNAL - System Time: 2025-03-04 17:33:56.705975, Logical Clock: 156
2025-03-04 17:33:56,959 - RECEIVE - System Time: 2025-03-04 17:33:56.959158, Logical Clock: 159, Queue Length: 0, From: Machine 3
2025-03-04 17:33:57,214 - RECEIVE - System Time: 2025-03-04 17:33:57.214533, Logical Clock: 160, Queue Length: 0, From: Machine 2
2025-03-04 17:33:57,470 - RECEIVE - System Time: 2025-03-04 17:33:57.470303, Logical Clock: 161, Queue Length: 0, From: Machine 3
2025-03-04 17:33:57,721 - SEND - System Time: 2025-03-04 17:33:57.721299, Logical Clock: 162, To: Machine on port 10002
2025-03-04 17:33:57,976 - INTERNAL - System Time: 2025-03-04 17:33:57.976510, Logical Clock: 163
2025-03-04 17:33:58,232 - INTERNAL - System Time: 2025-03-04 17:33:58.231908, Logical Clock: 164
2025-03-04 17:33:58,488 - INTERNAL - System Time: 2025-03-04 17:33:58.487498, Logical Clock: 165
2025-03-04 17:33:58,741 - SEND - System Time: 2025-03-04 17:33:58.740844, Logical Clock: 166, To: Machine on port 10001
2025-03-04 17:33:58,741 - SEND - System Time: 2025-03-04 17:33:58.740844, Logical Clock: 166, To: Machine on port 10002
2025-03-04 17:33:58,996 - INTERNAL - System Time: 2025-03-04 17:33:58.996406, Logical Clock: 167
2025-03-04 17:33:59,251 - RECEIVE - System Time: 2025-03-04 17:33:59.251685, Logical Clock: 172, Queue Length: 0, From: Machine 3
2025-03-04 17:33:59,502 - INTERNAL - System Time: 2025-03-04 17:33:59.502637, Logical Clock: 173
2025-03-04 17:33:59,755 - INTERNAL - System Time: 2025-03-04 17:33:59.755317, Logical Clock: 174
2025-03-04 17:34:00,011 - RECEIVE - System Time: 2025-03-04 17:34:00.011034, Logical Clock: 175, Queue Length: 0, From: Machine 2
2025-03-04 17:34:00,266 - RECEIVE - System Time: 2025-03-04 17:34:00.266385, Logical Clock: 176, Queue Length: 0, From: Machine 2
2025-03-04 17:34:00,522 - RECEIVE - System Time: 2025-03-04 17:34:00.521908, Logical Clock: 177, Queue Length: 0, From: Machine 2
