2025-03-04 17:38:22,700 - Virtual Machine 1 initialized
2025-03-04 17:38:22,700 - Clock Rate: 3 ticks/second
2025-03-04 17:38:22,700 - Listening on port: 10000
2025-03-04 17:38:22,700 - Peer ports: [10001, 10002]
2025-03-04 17:38:23,037 - Accepted connection from ('127.0.0.1', 53702)
2025-03-04 17:38:23,257 - Accepted connection from ('127.0.0.1', 53704)
2025-03-04 17:38:23,711 - Connected to peer on port 10001
2025-03-04 17:38:23,712 - Connected to peer on port 10002
2025-03-04 17:38:23,712 - Network initialization completed
2025-03-04 17:38:23,712 - Starting main event loop
2025-03-04 17:38:23,712 - Clock rate: 3 ticks/second
2025-03-04 17:38:23,712 - INTERNAL - System Time: 2025-03-04 17:38:23.712424, Logical Clock: 1
2025-03-04 17:38:24,052 - RECEIVE - System Time: 2025-03-04 17:38:24.052238, Logical Clock: 4, Queue Length: 0, From: Machine 3
2025-03-04 17:38:24,387 - RECEIVE - System Time: 2025-03-04 17:38:24.387336, Logical Clock: 5, Queue Length: 0, From: Machine 2
2025-03-04 17:38:24,721 - INTERNAL - System Time: 2025-03-04 17:38:24.721725, Logical Clock: 6
2025-03-04 17:38:25,057 - INTERNAL - System Time: 2025-03-04 17:38:25.057796, Logical Clock: 7
2025-03-04 17:38:25,392 - INTERNAL - System Time: 2025-03-04 17:38:25.392579, Logical Clock: 8
2025-03-04 17:38:25,732 - RECEIVE - System Time: 2025-03-04 17:38:25.731780, Logical Clock: 9, Queue Length: 0, From: Machine 2
2025-03-04 17:38:26,066 - INTERNAL - System Time: 2025-03-04 17:38:26.066861, Logical Clock: 10
2025-03-04 17:38:26,405 - RECEIVE - System Time: 2025-03-04 17:38:26.405574, Logical Clock: 11, Queue Length: 0, From: Machine 2
2025-03-04 17:38:26,744 - RECEIVE - System Time: 2025-03-04 17:38:26.744216, Logical Clock: 12, Queue Length: 0, From: Machine 2
2025-03-04 17:38:27,080 - INTERNAL - System Time: 2025-03-04 17:38:27.080029, Logical Clock: 13
2025-03-04 17:38:27,417 - SEND - System Time: 2025-03-04 17:38:27.416793, Logical Clock: 14, To: Machine on port 10002
2025-03-04 17:38:27,753 - RECEIVE - System Time: 2025-03-04 17:38:27.753109, Logical Clock: 15, Queue Length: 0, From: Machine 2
2025-03-04 17:38:28,090 - INTERNAL - System Time: 2025-03-04 17:38:28.089973, Logical Clock: 16
2025-03-04 17:38:28,428 - INTERNAL - System Time: 2025-03-04 17:38:28.428425, Logical Clock: 17
2025-03-04 17:38:28,764 - INTERNAL - System Time: 2025-03-04 17:38:28.764382, Logical Clock: 18
2025-03-04 17:38:29,099 - RECEIVE - System Time: 2025-03-04 17:38:29.099096, Logical Clock: 19, Queue Length: 0, From: Machine 2
2025-03-04 17:38:29,436 - INTERNAL - System Time: 2025-03-04 17:38:29.436464, Logical Clock: 20
2025-03-04 17:38:29,775 - INTERNAL - System Time: 2025-03-04 17:38:29.774998, Logical Clock: 21
2025-03-04 17:38:30,112 - INTERNAL - System Time: 2025-03-04 17:38:30.112217, Logical Clock: 22
2025-03-04 17:38:30,451 - SEND - System Time: 2025-03-04 17:38:30.451240, Logical Clock: 23, To: Machine on port 10001
2025-03-04 17:38:30,791 - RECEIVE - System Time: 2025-03-04 17:38:30.790850, Logical Clock: 25, Queue Length: 0, From: Machine 3
2025-03-04 17:38:31,125 - INTERNAL - System Time: 2025-03-04 17:38:31.125551, Logical Clock: 26
2025-03-04 17:38:31,464 - INTERNAL - System Time: 2025-03-04 17:38:31.464031, Logical Clock: 27
2025-03-04 17:38:31,803 - INTERNAL - System Time: 2025-03-04 17:38:31.803134, Logical Clock: 28
2025-03-04 17:38:32,143 - INTERNAL - System Time: 2025-03-04 17:38:32.141892, Logical Clock: 29
2025-03-04 17:38:32,479 - RECEIVE - System Time: 2025-03-04 17:38:32.479355, Logical Clock: 30, Queue Length: 0, From: Machine 2
2025-03-04 17:38:32,816 - SEND - System Time: 2025-03-04 17:38:32.816668, Logical Clock: 31, To: Machine on port 10001
2025-03-04 17:38:32,817 - SEND - System Time: 2025-03-04 17:38:32.816668, Logical Clock: 31, To: Machine on port 10002
2025-03-04 17:38:33,150 - INTERNAL - System Time: 2025-03-04 17:38:33.150791, Logical Clock: 32
2025-03-04 17:38:33,488 - INTERNAL - System Time: 2025-03-04 17:38:33.488497, Logical Clock: 33
2025-03-04 17:38:33,827 - SEND - System Time: 2025-03-04 17:38:33.826796, Logical Clock: 34, To: Machine on port 10001
2025-03-04 17:38:33,827 - SEND - System Time: 2025-03-04 17:38:33.826796, Logical Clock: 34, To: Machine on port 10002
2025-03-04 17:38:34,166 - INTERNAL - System Time: 2025-03-04 17:38:34.166223, Logical Clock: 35
2025-03-04 17:38:34,503 - SEND - System Time: 2025-03-04 17:38:34.503503, Logical Clock: 36, To: Machine on port 10001
2025-03-04 17:38:34,504 - SEND - System Time: 2025-03-04 17:38:34.503503, Logical Clock: 36, To: Machine on port 10002
2025-03-04 17:38:34,841 - INTERNAL - System Time: 2025-03-04 17:38:34.841136, Logical Clock: 37
2025-03-04 17:38:35,177 - SEND - System Time: 2025-03-04 17:38:35.176737, Logical Clock: 38, To: Machine on port 10002
2025-03-04 17:38:35,516 - SEND - System Time: 2025-03-04 17:38:35.515865, Logical Clock: 39, To: Machine on port 10002
2025-03-04 17:38:35,853 - RECEIVE - System Time: 2025-03-04 17:38:35.853218, Logical Clock: 41, Queue Length: 0, From: Machine 2
2025-03-04 17:38:36,192 - INTERNAL - System Time: 2025-03-04 17:38:36.191965, Logical Clock: 42
2025-03-04 17:38:36,530 - SEND - System Time: 2025-03-04 17:38:36.530756, Logical Clock: 43, To: Machine on port 10001
2025-03-04 17:38:36,868 - RECEIVE - System Time: 2025-03-04 17:38:36.868433, Logical Clock: 44, Queue Length: 0, From: Machine 3
2025-03-04 17:38:37,206 - RECEIVE - System Time: 2025-03-04 17:38:37.206219, Logical Clock: 45, Queue Length: 0, From: Machine 3
2025-03-04 17:38:37,545 - SEND - System Time: 2025-03-04 17:38:37.545012, Logical Clock: 46, To: Machine on port 10002
2025-03-04 17:38:37,880 - INTERNAL - System Time: 2025-03-04 17:38:37.880473, Logical Clock: 47
2025-03-04 17:38:38,219 - INTERNAL - System Time: 2025-03-04 17:38:38.219173, Logical Clock: 48
2025-03-04 17:38:38,557 - SEND - System Time: 2025-03-04 17:38:38.556841, Logical Clock: 49, To: Machine on port 10001
2025-03-04 17:38:38,557 - SEND - System Time: 2025-03-04 17:38:38.556841, Logical Clock: 49, To: Machine on port 10002
2025-03-04 17:38:38,895 - SEND - System Time: 2025-03-04 17:38:38.895444, Logical Clock: 50, To: Machine on port 10002
2025-03-04 17:38:39,234 - INTERNAL - System Time: 2025-03-04 17:38:39.234077, Logical Clock: 51
2025-03-04 17:38:39,569 - RECEIVE - System Time: 2025-03-04 17:38:39.569553, Logical Clock: 53, Queue Length: 0, From: Machine 2
2025-03-04 17:38:39,908 - INTERNAL - System Time: 2025-03-04 17:38:39.908698, Logical Clock: 54
2025-03-04 17:38:40,247 - INTERNAL - System Time: 2025-03-04 17:38:40.246836, Logical Clock: 55
2025-03-04 17:38:40,583 - RECEIVE - System Time: 2025-03-04 17:38:40.583088, Logical Clock: 57, Queue Length: 0, From: Machine 3
2025-03-04 17:38:40,921 - INTERNAL - System Time: 2025-03-04 17:38:40.921934, Logical Clock: 58
2025-03-04 17:38:41,260 - INTERNAL - System Time: 2025-03-04 17:38:41.260493, Logical Clock: 59
2025-03-04 17:38:41,599 - SEND - System Time: 2025-03-04 17:38:41.598677, Logical Clock: 60, To: Machine on port 10001
2025-03-04 17:38:41,935 - SEND - System Time: 2025-03-04 17:38:41.935006, Logical Clock: 61, To: Machine on port 10002
2025-03-04 17:38:42,274 - SEND - System Time: 2025-03-04 17:38:42.273859, Logical Clock: 62, To: Machine on port 10001
2025-03-04 17:38:42,274 - SEND - System Time: 2025-03-04 17:38:42.273859, Logical Clock: 62, To: Machine on port 10002
2025-03-04 17:38:42,610 - SEND - System Time: 2025-03-04 17:38:42.610060, Logical Clock: 63, To: Machine on port 10001
2025-03-04 17:38:42,610 - SEND - System Time: 2025-03-04 17:38:42.610060, Logical Clock: 63, To: Machine on port 10002
2025-03-04 17:38:42,949 - SEND - System Time: 2025-03-04 17:38:42.949327, Logical Clock: 64, To: Machine on port 10002
2025-03-04 17:38:43,288 - INTERNAL - System Time: 2025-03-04 17:38:43.288127, Logical Clock: 65
2025-03-04 17:38:43,624 - INTERNAL - System Time: 2025-03-04 17:38:43.624336, Logical Clock: 66
2025-03-04 17:38:43,961 - RECEIVE - System Time: 2025-03-04 17:38:43.961106, Logical Clock: 68, Queue Length: 0, From: Machine 3
2025-03-04 17:38:44,300 - RECEIVE - System Time: 2025-03-04 17:38:44.299811, Logical Clock: 69, Queue Length: 0, From: Machine 3
2025-03-04 17:38:44,642 - SEND - System Time: 2025-03-04 17:38:44.642171, Logical Clock: 70, To: Machine on port 10002
2025-03-04 17:38:44,979 - RECEIVE - System Time: 2025-03-04 17:38:44.979015, Logical Clock: 71, Queue Length: 0, From: Machine 2
2025-03-04 17:38:45,328 - INTERNAL - System Time: 2025-03-04 17:38:45.328543, Logical Clock: 72
2025-03-04 17:38:45,668 - INTERNAL - System Time: 2025-03-04 17:38:45.667776, Logical Clock: 73
2025-03-04 17:38:46,006 - SEND - System Time: 2025-03-04 17:38:46.006113, Logical Clock: 74, To: Machine on port 10001
2025-03-04 17:38:46,007 - SEND - System Time: 2025-03-04 17:38:46.006113, Logical Clock: 74, To: Machine on port 10002
2025-03-04 17:38:46,345 - INTERNAL - System Time: 2025-03-04 17:38:46.345230, Logical Clock: 75
2025-03-04 17:38:46,681 - INTERNAL - System Time: 2025-03-04 17:38:46.681542, Logical Clock: 76
2025-03-04 17:38:47,018 - RECEIVE - System Time: 2025-03-04 17:38:47.018739, Logical Clock: 78, Queue Length: 0, From: Machine 2
2025-03-04 17:38:47,356 - INTERNAL - System Time: 2025-03-04 17:38:47.356313, Logical Clock: 79
2025-03-04 17:38:47,692 - SEND - System Time: 2025-03-04 17:38:47.691838, Logical Clock: 80, To: Machine on port 10002
2025-03-04 17:38:48,026 - INTERNAL - System Time: 2025-03-04 17:38:48.026213, Logical Clock: 81
2025-03-04 17:38:48,364 - RECEIVE - System Time: 2025-03-04 17:38:48.364674, Logical Clock: 82, Queue Length: 0, From: Machine 2
2025-03-04 17:38:48,701 - INTERNAL - System Time: 2025-03-04 17:38:48.700772, Logical Clock: 83
2025-03-04 17:38:49,035 - INTERNAL - System Time: 2025-03-04 17:38:49.035259, Logical Clock: 84
2025-03-04 17:38:49,370 - INTERNAL - System Time: 2025-03-04 17:38:49.370163, Logical Clock: 85
2025-03-04 17:38:49,706 - RECEIVE - System Time: 2025-03-04 17:38:49.706303, Logical Clock: 87, Queue Length: 1, From: Machine 2
2025-03-04 17:38:50,045 - RECEIVE - System Time: 2025-03-04 17:38:50.045210, Logical Clock: 88, Queue Length: 0, From: Machine 3
2025-03-04 17:38:50,381 - RECEIVE - System Time: 2025-03-04 17:38:50.381274, Logical Clock: 89, Queue Length: 0, From: Machine 3
2025-03-04 17:38:50,717 - INTERNAL - System Time: 2025-03-04 17:38:50.717635, Logical Clock: 90
2025-03-04 17:38:51,056 - RECEIVE - System Time: 2025-03-04 17:38:51.056580, Logical Clock: 92, Queue Length: 0, From: Machine 2
2025-03-04 17:38:51,394 - INTERNAL - System Time: 2025-03-04 17:38:51.394586, Logical Clock: 93
2025-03-04 17:38:51,729 - SEND - System Time: 2025-03-04 17:38:51.729437, Logical Clock: 94, To: Machine on port 10001
2025-03-04 17:38:51,730 - SEND - System Time: 2025-03-04 17:38:51.729437, Logical Clock: 94, To: Machine on port 10002
2025-03-04 17:38:52,066 - INTERNAL - System Time: 2025-03-04 17:38:52.066218, Logical Clock: 95
2025-03-04 17:38:52,401 - RECEIVE - System Time: 2025-03-04 17:38:52.401713, Logical Clock: 97, Queue Length: 0, From: Machine 3
2025-03-04 17:38:52,740 - INTERNAL - System Time: 2025-03-04 17:38:52.739912, Logical Clock: 98
2025-03-04 17:38:53,076 - RECEIVE - System Time: 2025-03-04 17:38:53.075977, Logical Clock: 99, Queue Length: 0, From: Machine 3
2025-03-04 17:38:53,410 - RECEIVE - System Time: 2025-03-04 17:38:53.410597, Logical Clock: 100, Queue Length: 0, From: Machine 3
2025-03-04 17:38:53,747 - INTERNAL - System Time: 2025-03-04 17:38:53.747315, Logical Clock: 101
2025-03-04 17:38:54,085 - INTERNAL - System Time: 2025-03-04 17:38:54.085156, Logical Clock: 102
2025-03-04 17:38:54,421 - RECEIVE - System Time: 2025-03-04 17:38:54.421403, Logical Clock: 103, Queue Length: 0, From: Machine 3
2025-03-04 17:38:54,757 - INTERNAL - System Time: 2025-03-04 17:38:54.757230, Logical Clock: 104
2025-03-04 17:38:55,095 - RECEIVE - System Time: 2025-03-04 17:38:55.095137, Logical Clock: 105, Queue Length: 0, From: Machine 3
2025-03-04 17:38:55,429 - INTERNAL - System Time: 2025-03-04 17:38:55.429742, Logical Clock: 106
2025-03-04 17:38:55,764 - INTERNAL - System Time: 2025-03-04 17:38:55.764287, Logical Clock: 107
2025-03-04 17:38:56,102 - INTERNAL - System Time: 2025-03-04 17:38:56.102148, Logical Clock: 108
2025-03-04 17:38:56,438 - SEND - System Time: 2025-03-04 17:38:56.438054, Logical Clock: 109, To: Machine on port 10001
2025-03-04 17:38:56,776 - SEND - System Time: 2025-03-04 17:38:56.776526, Logical Clock: 110, To: Machine on port 10002
2025-03-04 17:38:57,115 - INTERNAL - System Time: 2025-03-04 17:38:57.115111, Logical Clock: 111
2025-03-04 17:38:57,450 - INTERNAL - System Time: 2025-03-04 17:38:57.450166, Logical Clock: 112
2025-03-04 17:38:57,786 - INTERNAL - System Time: 2025-03-04 17:38:57.786088, Logical Clock: 113
2025-03-04 17:38:58,125 - SEND - System Time: 2025-03-04 17:38:58.125203, Logical Clock: 114, To: Machine on port 10001
2025-03-04 17:38:58,125 - SEND - System Time: 2025-03-04 17:38:58.125203, Logical Clock: 114, To: Machine on port 10002
2025-03-04 17:38:58,460 - INTERNAL - System Time: 2025-03-04 17:38:58.460470, Logical Clock: 115
2025-03-04 17:38:58,797 - INTERNAL - System Time: 2025-03-04 17:38:58.797293, Logical Clock: 116
2025-03-04 17:38:59,136 - INTERNAL - System Time: 2025-03-04 17:38:59.136123, Logical Clock: 117
2025-03-04 17:38:59,473 - SEND - System Time: 2025-03-04 17:38:59.473265, Logical Clock: 118, To: Machine on port 10001
2025-03-04 17:38:59,473 - SEND - System Time: 2025-03-04 17:38:59.473265, Logical Clock: 118, To: Machine on port 10002
2025-03-04 17:38:59,810 - SEND - System Time: 2025-03-04 17:38:59.810655, Logical Clock: 119, To: Machine on port 10001
2025-03-04 17:39:00,149 - SEND - System Time: 2025-03-04 17:39:00.149398, Logical Clock: 120, To: Machine on port 10001
2025-03-04 17:39:00,149 - SEND - System Time: 2025-03-04 17:39:00.149398, Logical Clock: 120, To: Machine on port 10002
2025-03-04 17:39:00,486 - INTERNAL - System Time: 2025-03-04 17:39:00.485937, Logical Clock: 121
2025-03-04 17:39:00,826 - INTERNAL - System Time: 2025-03-04 17:39:00.826679, Logical Clock: 122
2025-03-04 17:39:01,162 - RECEIVE - System Time: 2025-03-04 17:39:01.162359, Logical Clock: 125, Queue Length: 0, From: Machine 2
2025-03-04 17:39:01,501 - INTERNAL - System Time: 2025-03-04 17:39:01.501026, Logical Clock: 126
2025-03-04 17:39:01,840 - INTERNAL - System Time: 2025-03-04 17:39:01.840357, Logical Clock: 127
2025-03-04 17:39:02,176 - RECEIVE - System Time: 2025-03-04 17:39:02.176472, Logical Clock: 128, Queue Length: 0, From: Machine 2
2025-03-04 17:39:02,514 - SEND - System Time: 2025-03-04 17:39:02.513998, Logical Clock: 129, To: Machine on port 10001
2025-03-04 17:39:02,852 - SEND - System Time: 2025-03-04 17:39:02.852725, Logical Clock: 130, To: Machine on port 10002
2025-03-04 17:39:03,189 - INTERNAL - System Time: 2025-03-04 17:39:03.189155, Logical Clock: 131
2025-03-04 17:39:03,523 - SEND - System Time: 2025-03-04 17:39:03.523389, Logical Clock: 132, To: Machine on port 10001
2025-03-04 17:39:03,862 - INTERNAL - System Time: 2025-03-04 17:39:03.862332, Logical Clock: 133
2025-03-04 17:39:04,200 - INTERNAL - System Time: 2025-03-04 17:39:04.200528, Logical Clock: 134
2025-03-04 17:39:04,536 - SEND - System Time: 2025-03-04 17:39:04.536323, Logical Clock: 135, To: Machine on port 10001
2025-03-04 17:39:04,539 - SEND - System Time: 2025-03-04 17:39:04.536323, Logical Clock: 135, To: Machine on port 10002
2025-03-04 17:39:04,877 - SEND - System Time: 2025-03-04 17:39:04.877635, Logical Clock: 136, To: Machine on port 10001
2025-03-04 17:39:04,878 - SEND - System Time: 2025-03-04 17:39:04.877635, Logical Clock: 136, To: Machine on port 10002
2025-03-04 17:39:05,216 - INTERNAL - System Time: 2025-03-04 17:39:05.216202, Logical Clock: 137
2025-03-04 17:39:05,555 - INTERNAL - System Time: 2025-03-04 17:39:05.554945, Logical Clock: 138
2025-03-04 17:39:05,890 - INTERNAL - System Time: 2025-03-04 17:39:05.890689, Logical Clock: 139
2025-03-04 17:39:06,225 - INTERNAL - System Time: 2025-03-04 17:39:06.225477, Logical Clock: 140
2025-03-04 17:39:06,561 - INTERNAL - System Time: 2025-03-04 17:39:06.561520, Logical Clock: 141
2025-03-04 17:39:06,896 - INTERNAL - System Time: 2025-03-04 17:39:06.895942, Logical Clock: 142
2025-03-04 17:39:07,235 - SEND - System Time: 2025-03-04 17:39:07.235451, Logical Clock: 143, To: Machine on port 10001
2025-03-04 17:39:07,236 - SEND - System Time: 2025-03-04 17:39:07.235451, Logical Clock: 143, To: Machine on port 10002
2025-03-04 17:39:07,570 - INTERNAL - System Time: 2025-03-04 17:39:07.570880, Logical Clock: 144
2025-03-04 17:39:07,909 - RECEIVE - System Time: 2025-03-04 17:39:07.909327, Logical Clock: 147, Queue Length: 0, From: Machine 2
2025-03-04 17:39:08,244 - SEND - System Time: 2025-03-04 17:39:08.244589, Logical Clock: 148, To: Machine on port 10002
2025-03-04 17:39:08,579 - INTERNAL - System Time: 2025-03-04 17:39:08.578876, Logical Clock: 149
2025-03-04 17:39:08,919 - RECEIVE - System Time: 2025-03-04 17:39:08.919407, Logical Clock: 150, Queue Length: 0, From: Machine 2
2025-03-04 17:39:09,258 - RECEIVE - System Time: 2025-03-04 17:39:09.258090, Logical Clock: 152, Queue Length: 0, From: Machine 3
2025-03-04 17:39:09,596 - RECEIVE - System Time: 2025-03-04 17:39:09.596065, Logical Clock: 153, Queue Length: 0, From: Machine 3
2025-03-04 17:39:09,934 - RECEIVE - System Time: 2025-03-04 17:39:09.934744, Logical Clock: 155, Queue Length: 0, From: Machine 2
2025-03-04 17:39:10,272 - INTERNAL - System Time: 2025-03-04 17:39:10.272633, Logical Clock: 156
2025-03-04 17:39:10,609 - INTERNAL - System Time: 2025-03-04 17:39:10.609046, Logical Clock: 157
2025-03-04 17:39:10,946 - RECEIVE - System Time: 2025-03-04 17:39:10.946206, Logical Clock: 158, Queue Length: 0, From: Machine 2
2025-03-04 17:39:11,281 - RECEIVE - System Time: 2025-03-04 17:39:11.281141, Logical Clock: 159, Queue Length: 0, From: Machine 2
2025-03-04 17:39:11,615 - INTERNAL - System Time: 2025-03-04 17:39:11.615457, Logical Clock: 160
2025-03-04 17:39:11,952 - INTERNAL - System Time: 2025-03-04 17:39:11.952385, Logical Clock: 161
2025-03-04 17:39:12,291 - INTERNAL - System Time: 2025-03-04 17:39:12.291157, Logical Clock: 162
2025-03-04 17:39:12,630 - RECEIVE - System Time: 2025-03-04 17:39:12.630350, Logical Clock: 163, Queue Length: 0, From: Machine 3
2025-03-04 17:39:12,969 - INTERNAL - System Time: 2025-03-04 17:39:12.968747, Logical Clock: 164
2025-03-04 17:39:13,304 - INTERNAL - System Time: 2025-03-04 17:39:13.304800, Logical Clock: 165
2025-03-04 17:39:13,642 - INTERNAL - System Time: 2025-03-04 17:39:13.642282, Logical Clock: 166
2025-03-04 17:39:13,979 - INTERNAL - System Time: 2025-03-04 17:39:13.979828, Logical Clock: 167
2025-03-04 17:39:14,316 - SEND - System Time: 2025-03-04 17:39:14.316141, Logical Clock: 168, To: Machine on port 10001
2025-03-04 17:39:14,654 - INTERNAL - System Time: 2025-03-04 17:39:14.654140, Logical Clock: 169
2025-03-04 17:39:14,990 - INTERNAL - System Time: 2025-03-04 17:39:14.989952, Logical Clock: 170
2025-03-04 17:39:15,327 - SEND - System Time: 2025-03-04 17:39:15.327219, Logical Clock: 171, To: Machine on port 10002
2025-03-04 17:39:15,665 - SEND - System Time: 2025-03-04 17:39:15.665313, Logical Clock: 172, To: Machine on port 10002
2025-03-04 17:39:16,003 - INTERNAL - System Time: 2025-03-04 17:39:16.002945, Logical Clock: 173
2025-03-04 17:39:16,341 - INTERNAL - System Time: 2025-03-04 17:39:16.341568, Logical Clock: 174
2025-03-04 17:39:16,680 - SEND - System Time: 2025-03-04 17:39:16.680387, Logical Clock: 175, To: Machine on port 10001
2025-03-04 17:39:17,016 - INTERNAL - System Time: 2025-03-04 17:39:17.016841, Logical Clock: 176
2025-03-04 17:39:17,352 - SEND - System Time: 2025-03-04 17:39:17.352206, Logical Clock: 177, To: Machine on port 10001
2025-03-04 17:39:17,686 - INTERNAL - System Time: 2025-03-04 17:39:17.686441, Logical Clock: 178
2025-03-04 17:39:18,024 - RECEIVE - System Time: 2025-03-04 17:39:18.024659, Logical Clock: 181, Queue Length: 0, From: Machine 3
2025-03-04 17:39:18,362 - SEND - System Time: 2025-03-04 17:39:18.362704, Logical Clock: 182, To: Machine on port 10001
2025-03-04 17:39:18,701 - INTERNAL - System Time: 2025-03-04 17:39:18.701160, Logical Clock: 183
2025-03-04 17:39:19,036 - RECEIVE - System Time: 2025-03-04 17:39:19.036130, Logical Clock: 184, Queue Length: 0, From: Machine 3
2025-03-04 17:39:19,371 - SEND - System Time: 2025-03-04 17:39:19.370842, Logical Clock: 185, To: Machine on port 10001
2025-03-04 17:39:19,371 - SEND - System Time: 2025-03-04 17:39:19.370842, Logical Clock: 185, To: Machine on port 10002
2025-03-04 17:39:19,707 - INTERNAL - System Time: 2025-03-04 17:39:19.706738, Logical Clock: 186
2025-03-04 17:39:20,042 - SEND - System Time: 2025-03-04 17:39:20.042615, Logical Clock: 187, To: Machine on port 10002
2025-03-04 17:39:20,382 - SEND - System Time: 2025-03-04 17:39:20.382441, Logical Clock: 188, To: Machine on port 10002
2025-03-04 17:39:20,733 - INTERNAL - System Time: 2025-03-04 17:39:20.733364, Logical Clock: 189
2025-03-04 17:39:21,071 - INTERNAL - System Time: 2025-03-04 17:39:21.070916, Logical Clock: 190
2025-03-04 17:39:21,406 - RECEIVE - System Time: 2025-03-04 17:39:21.406032, Logical Clock: 192, Queue Length: 0, From: Machine 2
2025-03-04 17:39:21,744 - INTERNAL - System Time: 2025-03-04 17:39:21.744692, Logical Clock: 193
2025-03-04 17:39:22,080 - RECEIVE - System Time: 2025-03-04 17:39:22.080354, Logical Clock: 194, Queue Length: 0, From: Machine 2
2025-03-04 17:39:22,419 - SEND - System Time: 2025-03-04 17:39:22.419013, Logical Clock: 195, To: Machine on port 10001
2025-03-04 17:39:22,419 - SEND - System Time: 2025-03-04 17:39:22.419013, Logical Clock: 195, To: Machine on port 10002
2025-03-04 17:39:22,756 - RECEIVE - System Time: 2025-03-04 17:39:22.756433, Logical Clock: 196, Queue Length: 0, From: Machine 2
2025-03-04 17:39:23,094 - SEND - System Time: 2025-03-04 17:39:23.094111, Logical Clock: 197, To: Machine on port 10002
