2025-03-04 14:40:57,224 - Virtual Machine 3 initialized
2025-03-04 14:40:57,224 - Clock Rate: 2 ticks/second
2025-03-04 14:40:57,224 - Listening on port: 10002
2025-03-04 14:40:57,224 - Peer ports: [10000, 10001]
2025-03-04 14:40:57,225 - Connected to peer on port 10000
2025-03-04 14:40:57,225 - Connected to peer on port 10001
2025-03-04 14:40:57,225 - Network initialization completed
2025-03-04 14:40:57,225 - Starting main event loop
2025-03-04 14:40:57,225 - Clock rate: 2 ticks/second
2025-03-04 14:40:57,225 - SEND - System Time: 2025-03-04 14:40:57.225759, Logical Clock: 1, To: Machine on port 10000
2025-03-04 14:40:57,225 - SEND - System Time: 2025-03-04 14:40:57.225759, Logical Clock: 1, To: Machine on port 10001
2025-03-04 14:40:57,721 - Accepted connection from ('127.0.0.1', 64870)
2025-03-04 14:40:57,727 - INTERNAL - System Time: 2025-03-04 14:40:57.727403, Logical Clock: 2
2025-03-04 14:40:58,214 - Accepted connection from ('127.0.0.1', 64871)
2025-03-04 14:40:58,232 - INTERNAL - System Time: 2025-03-04 14:40:58.232472, Logical Clock: 3
2025-03-04 14:40:58,737 - SEND - System Time: 2025-03-04 14:40:58.737118, Logical Clock: 4, To: Machine on port 10001
2025-03-04 14:40:59,238 - RECEIVE - System Time: 2025-03-04 14:40:59.238040, Logical Clock: 5, Queue Length: 0, From: Machine 1
2025-03-04 14:40:59,743 - SEND - System Time: 2025-03-04 14:40:59.743240, Logical Clock: 6, To: Machine on port 10001
2025-03-04 14:41:00,248 - SEND - System Time: 2025-03-04 14:41:00.248442, Logical Clock: 7, To: Machine on port 10000
2025-03-04 14:41:00,753 - RECEIVE - System Time: 2025-03-04 14:41:00.753589, Logical Clock: 8, Queue Length: 0, From: Machine 1
2025-03-04 14:41:01,258 - SEND - System Time: 2025-03-04 14:41:01.258792, Logical Clock: 9, To: Machine on port 10001
2025-03-04 14:41:01,763 - RECEIVE - System Time: 2025-03-04 14:41:01.763925, Logical Clock: 18, Queue Length: 0, From: Machine 2
2025-03-04 14:41:02,268 - SEND - System Time: 2025-03-04 14:41:02.268813, Logical Clock: 19, To: Machine on port 10000
2025-03-04 14:41:02,773 - RECEIVE - System Time: 2025-03-04 14:41:02.773955, Logical Clock: 22, Queue Length: 0, From: Machine 2
2025-03-04 14:41:03,279 - INTERNAL - System Time: 2025-03-04 14:41:03.279066, Logical Clock: 23
2025-03-04 14:41:03,784 - RECEIVE - System Time: 2025-03-04 14:41:03.784199, Logical Clock: 25, Queue Length: 0, From: Machine 2
2025-03-04 14:41:04,289 - RECEIVE - System Time: 2025-03-04 14:41:04.289135, Logical Clock: 26, Queue Length: 0, From: Machine 1
2025-03-04 14:41:04,794 - RECEIVE - System Time: 2025-03-04 14:41:04.794226, Logical Clock: 30, Queue Length: 0, From: Machine 2
2025-03-04 14:41:05,299 - INTERNAL - System Time: 2025-03-04 14:41:05.299008, Logical Clock: 31
2025-03-04 14:41:05,802 - RECEIVE - System Time: 2025-03-04 14:41:05.802049, Logical Clock: 34, Queue Length: 0, From: Machine 2
2025-03-04 14:41:06,316 - INTERNAL - System Time: 2025-03-04 14:41:06.312273, Logical Clock: 35
2025-03-04 14:41:06,820 - RECEIVE - System Time: 2025-03-04 14:41:06.820673, Logical Clock: 36, Queue Length: 0, From: Machine 1
2025-03-04 14:41:07,321 - SEND - System Time: 2025-03-04 14:41:07.321168, Logical Clock: 37, To: Machine on port 10000
2025-03-04 14:41:07,824 - INTERNAL - System Time: 2025-03-04 14:41:07.824936, Logical Clock: 38
2025-03-04 14:41:08,330 - INTERNAL - System Time: 2025-03-04 14:41:08.330040, Logical Clock: 39
2025-03-04 14:41:08,830 - RECEIVE - System Time: 2025-03-04 14:41:08.830883, Logical Clock: 46, Queue Length: 1, From: Machine 2
2025-03-04 14:41:09,332 - RECEIVE - System Time: 2025-03-04 14:41:09.332112, Logical Clock: 47, Queue Length: 0, From: Machine 1
2025-03-04 14:41:09,837 - INTERNAL - System Time: 2025-03-04 14:41:09.837251, Logical Clock: 48
2025-03-04 14:41:10,337 - INTERNAL - System Time: 2025-03-04 14:41:10.337914, Logical Clock: 49
2025-03-04 14:41:10,843 - INTERNAL - System Time: 2025-03-04 14:41:10.843051, Logical Clock: 50
2025-03-04 14:41:11,347 - RECEIVE - System Time: 2025-03-04 14:41:11.347129, Logical Clock: 55, Queue Length: 0, From: Machine 2
2025-03-04 14:41:11,848 - SEND - System Time: 2025-03-04 14:41:11.848087, Logical Clock: 56, To: Machine on port 10000
2025-03-04 14:41:11,848 - SEND - System Time: 2025-03-04 14:41:11.848087, Logical Clock: 56, To: Machine on port 10001
2025-03-04 14:41:12,353 - INTERNAL - System Time: 2025-03-04 14:41:12.353285, Logical Clock: 57
2025-03-04 14:41:12,853 - RECEIVE - System Time: 2025-03-04 14:41:12.853935, Logical Clock: 58, Queue Length: 0, From: Machine 1
2025-03-04 14:41:13,359 - RECEIVE - System Time: 2025-03-04 14:41:13.359031, Logical Clock: 59, Queue Length: 0, From: Machine 1
2025-03-04 14:41:13,864 - SEND - System Time: 2025-03-04 14:41:13.864136, Logical Clock: 60, To: Machine on port 10000
2025-03-04 14:41:13,864 - SEND - System Time: 2025-03-04 14:41:13.864136, Logical Clock: 60, To: Machine on port 10001
2025-03-04 14:41:14,369 - RECEIVE - System Time: 2025-03-04 14:41:14.369278, Logical Clock: 67, Queue Length: 1, From: Machine 2
2025-03-04 14:41:14,874 - RECEIVE - System Time: 2025-03-04 14:41:14.874186, Logical Clock: 68, Queue Length: 0, From: Machine 2
2025-03-04 14:41:15,376 - INTERNAL - System Time: 2025-03-04 14:41:15.376954, Logical Clock: 69
2025-03-04 14:41:15,882 - SEND - System Time: 2025-03-04 14:41:15.882102, Logical Clock: 70, To: Machine on port 10000
2025-03-04 14:41:16,387 - INTERNAL - System Time: 2025-03-04 14:41:16.387177, Logical Clock: 71
2025-03-04 14:41:16,888 - SEND - System Time: 2025-03-04 14:41:16.888111, Logical Clock: 72, To: Machine on port 10000
2025-03-04 14:41:16,888 - SEND - System Time: 2025-03-04 14:41:16.888111, Logical Clock: 72, To: Machine on port 10001
2025-03-04 14:41:17,393 - SEND - System Time: 2025-03-04 14:41:17.393315, Logical Clock: 73, To: Machine on port 10000
2025-03-04 14:41:17,893 - SEND - System Time: 2025-03-04 14:41:17.893726, Logical Clock: 74, To: Machine on port 10000
2025-03-04 14:41:17,893 - SEND - System Time: 2025-03-04 14:41:17.893726, Logical Clock: 74, To: Machine on port 10001
2025-03-04 14:41:18,398 - RECEIVE - System Time: 2025-03-04 14:41:18.398879, Logical Clock: 83, Queue Length: 0, From: Machine 2
2025-03-04 14:41:18,899 - RECEIVE - System Time: 2025-03-04 14:41:18.899216, Logical Clock: 86, Queue Length: 0, From: Machine 2
2025-03-04 14:41:19,404 - RECEIVE - System Time: 2025-03-04 14:41:19.404525, Logical Clock: 88, Queue Length: 0, From: Machine 2
2025-03-04 14:41:19,907 - RECEIVE - System Time: 2025-03-04 14:41:19.907197, Logical Clock: 90, Queue Length: 0, From: Machine 2
2025-03-04 14:41:20,408 - RECEIVE - System Time: 2025-03-04 14:41:20.408766, Logical Clock: 91, Queue Length: 0, From: Machine 1
2025-03-04 14:41:20,914 - INTERNAL - System Time: 2025-03-04 14:41:20.914126, Logical Clock: 92
2025-03-04 14:41:21,419 - RECEIVE - System Time: 2025-03-04 14:41:21.419228, Logical Clock: 93, Queue Length: 0, From: Machine 1
2025-03-04 14:41:21,924 - INTERNAL - System Time: 2025-03-04 14:41:21.924321, Logical Clock: 94
2025-03-04 14:41:22,427 - INTERNAL - System Time: 2025-03-04 14:41:22.427297, Logical Clock: 95
2025-03-04 14:41:22,932 - SEND - System Time: 2025-03-04 14:41:22.932490, Logical Clock: 96, To: Machine on port 10000
2025-03-04 14:41:23,437 - SEND - System Time: 2025-03-04 14:41:23.437631, Logical Clock: 97, To: Machine on port 10000
2025-03-04 14:41:23,942 - INTERNAL - System Time: 2025-03-04 14:41:23.942777, Logical Clock: 98
2025-03-04 14:41:24,447 - RECEIVE - System Time: 2025-03-04 14:41:24.447296, Logical Clock: 108, Queue Length: 0, From: Machine 2
2025-03-04 14:41:24,952 - INTERNAL - System Time: 2025-03-04 14:41:24.952453, Logical Clock: 109
2025-03-04 14:41:25,455 - INTERNAL - System Time: 2025-03-04 14:41:25.455642, Logical Clock: 110
2025-03-04 14:41:25,960 - SEND - System Time: 2025-03-04 14:41:25.960652, Logical Clock: 111, To: Machine on port 10000
2025-03-04 14:41:25,960 - SEND - System Time: 2025-03-04 14:41:25.960652, Logical Clock: 111, To: Machine on port 10001
2025-03-04 14:41:26,465 - RECEIVE - System Time: 2025-03-04 14:41:26.465830, Logical Clock: 114, Queue Length: 0, From: Machine 2
2025-03-04 14:41:26,969 - INTERNAL - System Time: 2025-03-04 14:41:26.969223, Logical Clock: 115
