2025-03-04 14:40:56,714 - Virtual Machine 2 initialized
2025-03-04 14:40:56,714 - Clock Rate: 4 ticks/second
2025-03-04 14:40:56,714 - Listening on port: 10001
2025-03-04 14:40:56,714 - Peer ports: [10000, 10002]
2025-03-04 14:40:56,715 - Connected to peer on port 10000
2025-03-04 14:40:57,207 - Accepted connection from ('127.0.0.1', 64863)
2025-03-04 14:40:57,225 - Accepted connection from ('127.0.0.1', 64866)
2025-03-04 14:40:57,721 - Connected to peer on port 10002
2025-03-04 14:40:57,721 - Network initialization completed
2025-03-04 14:40:57,721 - Starting main event loop
2025-03-04 14:40:57,721 - Clock rate: 4 ticks/second
2025-03-04 14:40:57,721 - RECEIVE - System Time: 2025-03-04 14:40:57.721197, Logical Clock: 2, Queue Length: 0, From: Machine 3
2025-03-04 14:40:57,976 - INTERNAL - System Time: 2025-03-04 14:40:57.976365, Logical Clock: 3
2025-03-04 14:40:58,227 - SEND - System Time: 2025-03-04 14:40:58.226986, Logical Clock: 4, To: Machine on port 10000
2025-03-04 14:40:58,482 - INTERNAL - System Time: 2025-03-04 14:40:58.482084, Logical Clock: 5
2025-03-04 14:40:58,737 - SEND - System Time: 2025-03-04 14:40:58.737012, Logical Clock: 6, To: Machine on port 10000
2025-03-04 14:40:59,010 - INTERNAL - System Time: 2025-03-04 14:40:58.992733, Logical Clock: 7
2025-03-04 14:40:59,266 - RECEIVE - System Time: 2025-03-04 14:40:59.266112, Logical Clock: 8, Queue Length: 0, From: Machine 1
2025-03-04 14:40:59,521 - INTERNAL - System Time: 2025-03-04 14:40:59.521244, Logical Clock: 9
2025-03-04 14:40:59,776 - INTERNAL - System Time: 2025-03-04 14:40:59.776375, Logical Clock: 10
2025-03-04 14:41:00,029 - INTERNAL - System Time: 2025-03-04 14:41:00.029764, Logical Clock: 11
2025-03-04 14:41:00,284 - INTERNAL - System Time: 2025-03-04 14:41:00.284905, Logical Clock: 12
2025-03-04 14:41:00,540 - INTERNAL - System Time: 2025-03-04 14:41:00.540057, Logical Clock: 13
2025-03-04 14:41:00,791 - INTERNAL - System Time: 2025-03-04 14:41:00.791348, Logical Clock: 14
2025-03-04 14:41:01,045 - SEND - System Time: 2025-03-04 14:41:01.045804, Logical Clock: 15, To: Machine on port 10000
2025-03-04 14:41:01,300 - RECEIVE - System Time: 2025-03-04 14:41:01.300946, Logical Clock: 16, Queue Length: 0, From: Machine 1
2025-03-04 14:41:01,556 - SEND - System Time: 2025-03-04 14:41:01.556116, Logical Clock: 17, To: Machine on port 10000
2025-03-04 14:41:01,556 - SEND - System Time: 2025-03-04 14:41:01.556116, Logical Clock: 17, To: Machine on port 10002
2025-03-04 14:41:01,811 - RECEIVE - System Time: 2025-03-04 14:41:01.811277, Logical Clock: 18, Queue Length: 0, From: Machine 1
2025-03-04 14:41:02,066 - INTERNAL - System Time: 2025-03-04 14:41:02.066398, Logical Clock: 19
2025-03-04 14:41:02,319 - INTERNAL - System Time: 2025-03-04 14:41:02.319493, Logical Clock: 20
2025-03-04 14:41:02,574 - SEND - System Time: 2025-03-04 14:41:02.574689, Logical Clock: 21, To: Machine on port 10000
2025-03-04 14:41:02,574 - SEND - System Time: 2025-03-04 14:41:02.574689, Logical Clock: 21, To: Machine on port 10002
2025-03-04 14:41:02,827 - INTERNAL - System Time: 2025-03-04 14:41:02.827034, Logical Clock: 22
2025-03-04 14:41:03,082 - INTERNAL - System Time: 2025-03-04 14:41:03.082192, Logical Clock: 23
2025-03-04 14:41:03,337 - SEND - System Time: 2025-03-04 14:41:03.337361, Logical Clock: 24, To: Machine on port 10000
2025-03-04 14:41:03,337 - SEND - System Time: 2025-03-04 14:41:03.337361, Logical Clock: 24, To: Machine on port 10002
2025-03-04 14:41:03,591 - INTERNAL - System Time: 2025-03-04 14:41:03.590967, Logical Clock: 25
2025-03-04 14:41:03,844 - INTERNAL - System Time: 2025-03-04 14:41:03.844803, Logical Clock: 26
2025-03-04 14:41:04,099 - INTERNAL - System Time: 2025-03-04 14:41:04.099925, Logical Clock: 27
2025-03-04 14:41:04,353 - RECEIVE - System Time: 2025-03-04 14:41:04.353383, Logical Clock: 28, Queue Length: 0, From: Machine 1
2025-03-04 14:41:04,608 - SEND - System Time: 2025-03-04 14:41:04.608514, Logical Clock: 29, To: Machine on port 10000
2025-03-04 14:41:04,608 - SEND - System Time: 2025-03-04 14:41:04.608514, Logical Clock: 29, To: Machine on port 10002
2025-03-04 14:41:04,863 - INTERNAL - System Time: 2025-03-04 14:41:04.863681, Logical Clock: 30
2025-03-04 14:41:05,118 - INTERNAL - System Time: 2025-03-04 14:41:05.118817, Logical Clock: 31
2025-03-04 14:41:05,372 - INTERNAL - System Time: 2025-03-04 14:41:05.371991, Logical Clock: 32
2025-03-04 14:41:05,627 - SEND - System Time: 2025-03-04 14:41:05.627208, Logical Clock: 33, To: Machine on port 10002
2025-03-04 14:41:05,882 - SEND - System Time: 2025-03-04 14:41:05.882420, Logical Clock: 34, To: Machine on port 10000
2025-03-04 14:41:06,137 - INTERNAL - System Time: 2025-03-04 14:41:06.137667, Logical Clock: 35
2025-03-04 14:41:06,390 - INTERNAL - System Time: 2025-03-04 14:41:06.390820, Logical Clock: 36
2025-03-04 14:41:06,646 - INTERNAL - System Time: 2025-03-04 14:41:06.645997, Logical Clock: 37
2025-03-04 14:41:06,901 - RECEIVE - System Time: 2025-03-04 14:41:06.901239, Logical Clock: 38, Queue Length: 0, From: Machine 1
2025-03-04 14:41:07,156 - INTERNAL - System Time: 2025-03-04 14:41:07.156369, Logical Clock: 39
2025-03-04 14:41:07,409 - RECEIVE - System Time: 2025-03-04 14:41:07.409424, Logical Clock: 40, Queue Length: 0, From: Machine 1
2025-03-04 14:41:07,664 - INTERNAL - System Time: 2025-03-04 14:41:07.664554, Logical Clock: 41
2025-03-04 14:41:07,915 - INTERNAL - System Time: 2025-03-04 14:41:07.915108, Logical Clock: 42
2025-03-04 14:41:08,167 - INTERNAL - System Time: 2025-03-04 14:41:08.167839, Logical Clock: 43
2025-03-04 14:41:08,423 - INTERNAL - System Time: 2025-03-04 14:41:08.422974, Logical Clock: 44
2025-03-04 14:41:08,678 - SEND - System Time: 2025-03-04 14:41:08.678144, Logical Clock: 45, To: Machine on port 10002
2025-03-04 14:41:08,933 - INTERNAL - System Time: 2025-03-04 14:41:08.933287, Logical Clock: 46
2025-03-04 14:41:09,183 - INTERNAL - System Time: 2025-03-04 14:41:09.183898, Logical Clock: 47
2025-03-04 14:41:09,439 - INTERNAL - System Time: 2025-03-04 14:41:09.439051, Logical Clock: 48
2025-03-04 14:41:09,694 - INTERNAL - System Time: 2025-03-04 14:41:09.694190, Logical Clock: 49
2025-03-04 14:41:09,947 - INTERNAL - System Time: 2025-03-04 14:41:09.947168, Logical Clock: 50
2025-03-04 14:41:10,202 - INTERNAL - System Time: 2025-03-04 14:41:10.202336, Logical Clock: 51
2025-03-04 14:41:10,457 - RECEIVE - System Time: 2025-03-04 14:41:10.457480, Logical Clock: 52, Queue Length: 0, From: Machine 1
2025-03-04 14:41:10,708 - INTERNAL - System Time: 2025-03-04 14:41:10.708004, Logical Clock: 53
2025-03-04 14:41:10,963 - SEND - System Time: 2025-03-04 14:41:10.963192, Logical Clock: 54, To: Machine on port 10000
2025-03-04 14:41:10,963 - SEND - System Time: 2025-03-04 14:41:10.963192, Logical Clock: 54, To: Machine on port 10002
2025-03-04 14:41:11,214 - INTERNAL - System Time: 2025-03-04 14:41:11.214356, Logical Clock: 55
2025-03-04 14:41:11,469 - INTERNAL - System Time: 2025-03-04 14:41:11.469554, Logical Clock: 56
2025-03-04 14:41:11,724 - SEND - System Time: 2025-03-04 14:41:11.724733, Logical Clock: 57, To: Machine on port 10000
2025-03-04 14:41:11,980 - INTERNAL - System Time: 2025-03-04 14:41:11.979933, Logical Clock: 58
2025-03-04 14:41:12,235 - INTERNAL - System Time: 2025-03-04 14:41:12.235193, Logical Clock: 59
2025-03-04 14:41:12,488 - INTERNAL - System Time: 2025-03-04 14:41:12.488001, Logical Clock: 60
2025-03-04 14:41:12,739 - INTERNAL - System Time: 2025-03-04 14:41:12.739520, Logical Clock: 61
2025-03-04 14:41:12,992 - RECEIVE - System Time: 2025-03-04 14:41:12.992268, Logical Clock: 62, Queue Length: 0, From: Machine 1
2025-03-04 14:41:13,244 - INTERNAL - System Time: 2025-03-04 14:41:13.244029, Logical Clock: 63
2025-03-04 14:41:13,499 - RECEIVE - System Time: 2025-03-04 14:41:13.499176, Logical Clock: 64, Queue Length: 0, From: Machine 1
2025-03-04 14:41:13,754 - INTERNAL - System Time: 2025-03-04 14:41:13.754295, Logical Clock: 65
2025-03-04 14:41:14,009 - SEND - System Time: 2025-03-04 14:41:14.009466, Logical Clock: 66, To: Machine on port 10000
2025-03-04 14:41:14,009 - SEND - System Time: 2025-03-04 14:41:14.009466, Logical Clock: 66, To: Machine on port 10002
2025-03-04 14:41:14,264 - SEND - System Time: 2025-03-04 14:41:14.264672, Logical Clock: 67, To: Machine on port 10000
2025-03-04 14:41:14,264 - SEND - System Time: 2025-03-04 14:41:14.264672, Logical Clock: 67, To: Machine on port 10002
2025-03-04 14:41:14,518 - INTERNAL - System Time: 2025-03-04 14:41:14.518215, Logical Clock: 68
2025-03-04 14:41:14,772 - INTERNAL - System Time: 2025-03-04 14:41:14.772033, Logical Clock: 69
2025-03-04 14:41:15,025 - INTERNAL - System Time: 2025-03-04 14:41:15.025376, Logical Clock: 70
2025-03-04 14:41:15,280 - INTERNAL - System Time: 2025-03-04 14:41:15.280513, Logical Clock: 71
2025-03-04 14:41:15,531 - INTERNAL - System Time: 2025-03-04 14:41:15.531332, Logical Clock: 72
2025-03-04 14:41:15,786 - INTERNAL - System Time: 2025-03-04 14:41:15.786524, Logical Clock: 73
2025-03-04 14:41:16,041 - INTERNAL - System Time: 2025-03-04 14:41:16.041657, Logical Clock: 74
2025-03-04 14:41:16,292 - INTERNAL - System Time: 2025-03-04 14:41:16.292356, Logical Clock: 75
2025-03-04 14:41:16,547 - RECEIVE - System Time: 2025-03-04 14:41:16.547181, Logical Clock: 76, Queue Length: 0, From: Machine 1
2025-03-04 14:41:16,802 - INTERNAL - System Time: 2025-03-04 14:41:16.802327, Logical Clock: 77
2025-03-04 14:41:17,053 - SEND - System Time: 2025-03-04 14:41:17.053149, Logical Clock: 78, To: Machine on port 10000
2025-03-04 14:41:17,308 - INTERNAL - System Time: 2025-03-04 14:41:17.308274, Logical Clock: 79
2025-03-04 14:41:17,563 - INTERNAL - System Time: 2025-03-04 14:41:17.563438, Logical Clock: 80
2025-03-04 14:41:17,816 - INTERNAL - System Time: 2025-03-04 14:41:17.816371, Logical Clock: 81
2025-03-04 14:41:18,067 - SEND - System Time: 2025-03-04 14:41:18.067282, Logical Clock: 82, To: Machine on port 10000
2025-03-04 14:41:18,067 - SEND - System Time: 2025-03-04 14:41:18.067282, Logical Clock: 82, To: Machine on port 10002
2025-03-04 14:41:18,322 - SEND - System Time: 2025-03-04 14:41:18.322630, Logical Clock: 83, To: Machine on port 10000
2025-03-04 14:41:18,577 - INTERNAL - System Time: 2025-03-04 14:41:18.577243, Logical Clock: 84
2025-03-04 14:41:18,838 - SEND - System Time: 2025-03-04 14:41:18.837770, Logical Clock: 85, To: Machine on port 10002
2025-03-04 14:41:19,093 - INTERNAL - System Time: 2025-03-04 14:41:19.093795, Logical Clock: 86
2025-03-04 14:41:19,347 - SEND - System Time: 2025-03-04 14:41:19.347312, Logical Clock: 87, To: Machine on port 10002
2025-03-04 14:41:19,602 - RECEIVE - System Time: 2025-03-04 14:41:19.602487, Logical Clock: 88, Queue Length: 0, From: Machine 1
2025-03-04 14:41:19,856 - SEND - System Time: 2025-03-04 14:41:19.856430, Logical Clock: 89, To: Machine on port 10002
2025-03-04 14:41:20,111 - SEND - System Time: 2025-03-04 14:41:20.111600, Logical Clock: 90, To: Machine on port 10000
2025-03-04 14:41:20,361 - INTERNAL - System Time: 2025-03-04 14:41:20.361870, Logical Clock: 91
2025-03-04 14:41:20,617 - RECEIVE - System Time: 2025-03-04 14:41:20.617027, Logical Clock: 92, Queue Length: 0, From: Machine 1
2025-03-04 14:41:20,867 - SEND - System Time: 2025-03-04 14:41:20.867295, Logical Clock: 93, To: Machine on port 10000
2025-03-04 14:41:21,122 - INTERNAL - System Time: 2025-03-04 14:41:21.122304, Logical Clock: 94
2025-03-04 14:41:21,377 - INTERNAL - System Time: 2025-03-04 14:41:21.377467, Logical Clock: 95
2025-03-04 14:41:21,632 - INTERNAL - System Time: 2025-03-04 14:41:21.632627, Logical Clock: 96
2025-03-04 14:41:21,887 - INTERNAL - System Time: 2025-03-04 14:41:21.887769, Logical Clock: 97
2025-03-04 14:41:22,142 - INTERNAL - System Time: 2025-03-04 14:41:22.142359, Logical Clock: 98
2025-03-04 14:41:22,397 - INTERNAL - System Time: 2025-03-04 14:41:22.397490, Logical Clock: 99
2025-03-04 14:41:22,652 - SEND - System Time: 2025-03-04 14:41:22.652346, Logical Clock: 100, To: Machine on port 10000
2025-03-04 14:41:22,907 - INTERNAL - System Time: 2025-03-04 14:41:22.907252, Logical Clock: 101
2025-03-04 14:41:23,162 - INTERNAL - System Time: 2025-03-04 14:41:23.162377, Logical Clock: 102
2025-03-04 14:41:23,417 - INTERNAL - System Time: 2025-03-04 14:41:23.417543, Logical Clock: 103
2025-03-04 14:41:23,669 - INTERNAL - System Time: 2025-03-04 14:41:23.669461, Logical Clock: 104
2025-03-04 14:41:23,924 - INTERNAL - System Time: 2025-03-04 14:41:23.924633, Logical Clock: 105
2025-03-04 14:41:24,179 - INTERNAL - System Time: 2025-03-04 14:41:24.179774, Logical Clock: 106
2025-03-04 14:41:24,434 - SEND - System Time: 2025-03-04 14:41:24.434945, Logical Clock: 107, To: Machine on port 10000
2025-03-04 14:41:24,435 - SEND - System Time: 2025-03-04 14:41:24.434945, Logical Clock: 107, To: Machine on port 10002
2025-03-04 14:41:24,690 - INTERNAL - System Time: 2025-03-04 14:41:24.690113, Logical Clock: 108
2025-03-04 14:41:24,945 - SEND - System Time: 2025-03-04 14:41:24.945276, Logical Clock: 109, To: Machine on port 10000
2025-03-04 14:41:25,200 - INTERNAL - System Time: 2025-03-04 14:41:25.200497, Logical Clock: 110
2025-03-04 14:41:25,455 - INTERNAL - System Time: 2025-03-04 14:41:25.455631, Logical Clock: 111
2025-03-04 14:41:25,707 - INTERNAL - System Time: 2025-03-04 14:41:25.707312, Logical Clock: 112
2025-03-04 14:41:25,960 - SEND - System Time: 2025-03-04 14:41:25.960691, Logical Clock: 113, To: Machine on port 10002
2025-03-04 14:41:26,215 - INTERNAL - System Time: 2025-03-04 14:41:26.215798, Logical Clock: 114
2025-03-04 14:41:26,467 - INTERNAL - System Time: 2025-03-04 14:41:26.467311, Logical Clock: 115
2025-03-04 14:41:26,722 - SEND - System Time: 2025-03-04 14:41:26.722438, Logical Clock: 116, To: Machine on port 10000
2025-03-04 14:41:26,975 - RECEIVE - System Time: 2025-03-04 14:41:26.975276, Logical Clock: 117, Queue Length: 0, From: Machine 1
