2025-03-04 14:40:56,204 - Virtual Machine 1 initialized
2025-03-04 14:40:56,204 - Clock Rate: 2 ticks/second
2025-03-04 14:40:56,204 - Listening on port: 10000
2025-03-04 14:40:56,204 - Peer ports: [10001, 10002]
2025-03-04 14:40:56,715 - Accepted connection from ('127.0.0.1', 64860)
2025-03-04 14:40:57,207 - Connected to peer on port 10001
2025-03-04 14:40:57,225 - Accepted connection from ('127.0.0.1', 64865)
2025-03-04 14:40:58,213 - Connected to peer on port 10002
2025-03-04 14:40:58,214 - Network initialization completed
2025-03-04 14:40:58,214 - Starting main event loop
2025-03-04 14:40:58,214 - Clock rate: 2 ticks/second
2025-03-04 14:40:58,214 - RECEIVE - System Time: 2025-03-04 14:40:58.214120, Logical Clock: 2, Queue Length: 0, From: Machine 3
2025-03-04 14:40:58,719 - INTERNAL - System Time: 2025-03-04 14:40:58.719205, Logical Clock: 3
2025-03-04 14:40:59,220 - SEND - System Time: 2025-03-04 14:40:59.220626, Logical Clock: 4, To: Machine on port 10001
2025-03-04 14:40:59,220 - SEND - System Time: 2025-03-04 14:40:59.220626, Logical Clock: 4, To: Machine on port 10002
2025-03-04 14:40:59,723 - INTERNAL - System Time: 2025-03-04 14:40:59.723071, Logical Clock: 5
2025-03-04 14:41:00,228 - INTERNAL - System Time: 2025-03-04 14:41:00.228236, Logical Clock: 6
2025-03-04 14:41:00,731 - SEND - System Time: 2025-03-04 14:41:00.731629, Logical Clock: 7, To: Machine on port 10002
2025-03-04 14:41:01,234 - SEND - System Time: 2025-03-04 14:41:01.234836, Logical Clock: 8, To: Machine on port 10001
2025-03-04 14:41:01,739 - SEND - System Time: 2025-03-04 14:41:01.739551, Logical Clock: 9, To: Machine on port 10001
2025-03-04 14:41:02,241 - INTERNAL - System Time: 2025-03-04 14:41:02.241056, Logical Clock: 10
2025-03-04 14:41:02,741 - INTERNAL - System Time: 2025-03-04 14:41:02.741820, Logical Clock: 11
2025-03-04 14:41:03,242 - INTERNAL - System Time: 2025-03-04 14:41:03.242878, Logical Clock: 12
2025-03-04 14:41:03,746 - INTERNAL - System Time: 2025-03-04 14:41:03.746938, Logical Clock: 13
2025-03-04 14:41:04,252 - SEND - System Time: 2025-03-04 14:41:04.252117, Logical Clock: 14, To: Machine on port 10001
2025-03-04 14:41:04,252 - SEND - System Time: 2025-03-04 14:41:04.252117, Logical Clock: 14, To: Machine on port 10002
2025-03-04 14:41:04,757 - INTERNAL - System Time: 2025-03-04 14:41:04.757274, Logical Clock: 15
2025-03-04 14:41:05,261 - INTERNAL - System Time: 2025-03-04 14:41:05.261085, Logical Clock: 16
2025-03-04 14:41:05,766 - INTERNAL - System Time: 2025-03-04 14:41:05.766324, Logical Clock: 17
2025-03-04 14:41:06,275 - INTERNAL - System Time: 2025-03-04 14:41:06.274420, Logical Clock: 18
2025-03-04 14:41:06,781 - SEND - System Time: 2025-03-04 14:41:06.780960, Logical Clock: 19, To: Machine on port 10001
2025-03-04 14:41:06,781 - SEND - System Time: 2025-03-04 14:41:06.780960, Logical Clock: 19, To: Machine on port 10002
2025-03-04 14:41:07,282 - SEND - System Time: 2025-03-04 14:41:07.282090, Logical Clock: 20, To: Machine on port 10001
2025-03-04 14:41:07,787 - INTERNAL - System Time: 2025-03-04 14:41:07.787268, Logical Clock: 21
2025-03-04 14:41:08,292 - INTERNAL - System Time: 2025-03-04 14:41:08.292441, Logical Clock: 22
2025-03-04 14:41:08,797 - SEND - System Time: 2025-03-04 14:41:08.797620, Logical Clock: 23, To: Machine on port 10002
2025-03-04 14:41:09,302 - INTERNAL - System Time: 2025-03-04 14:41:09.302766, Logical Clock: 24
2025-03-04 14:41:09,807 - INTERNAL - System Time: 2025-03-04 14:41:09.807122, Logical Clock: 25
2025-03-04 14:41:10,308 - SEND - System Time: 2025-03-04 14:41:10.308337, Logical Clock: 26, To: Machine on port 10001
2025-03-04 14:41:10,813 - INTERNAL - System Time: 2025-03-04 14:41:10.813480, Logical Clock: 27
2025-03-04 14:41:11,317 - INTERNAL - System Time: 2025-03-04 14:41:11.317274, Logical Clock: 28
2025-03-04 14:41:11,822 - INTERNAL - System Time: 2025-03-04 14:41:11.822455, Logical Clock: 29
2025-03-04 14:41:12,327 - INTERNAL - System Time: 2025-03-04 14:41:12.327601, Logical Clock: 30
2025-03-04 14:41:12,830 - SEND - System Time: 2025-03-04 14:41:12.830776, Logical Clock: 31, To: Machine on port 10001
2025-03-04 14:41:12,830 - SEND - System Time: 2025-03-04 14:41:12.830776, Logical Clock: 31, To: Machine on port 10002
2025-03-04 14:41:13,336 - SEND - System Time: 2025-03-04 14:41:13.335990, Logical Clock: 32, To: Machine on port 10001
2025-03-04 14:41:13,336 - SEND - System Time: 2025-03-04 14:41:13.335990, Logical Clock: 32, To: Machine on port 10002
2025-03-04 14:41:13,841 - INTERNAL - System Time: 2025-03-04 14:41:13.841147, Logical Clock: 33
2025-03-04 14:41:14,346 - INTERNAL - System Time: 2025-03-04 14:41:14.346243, Logical Clock: 34
2025-03-04 14:41:14,851 - INTERNAL - System Time: 2025-03-04 14:41:14.851380, Logical Clock: 35
2025-03-04 14:41:15,353 - INTERNAL - System Time: 2025-03-04 14:41:15.352960, Logical Clock: 36
2025-03-04 14:41:15,858 - INTERNAL - System Time: 2025-03-04 14:41:15.858109, Logical Clock: 37
2025-03-04 14:41:16,363 - SEND - System Time: 2025-03-04 14:41:16.363267, Logical Clock: 38, To: Machine on port 10001
2025-03-04 14:41:16,864 - INTERNAL - System Time: 2025-03-04 14:41:16.864814, Logical Clock: 39
2025-03-04 14:41:17,369 - INTERNAL - System Time: 2025-03-04 14:41:17.369253, Logical Clock: 40
2025-03-04 14:41:17,872 - INTERNAL - System Time: 2025-03-04 14:41:17.872106, Logical Clock: 41
2025-03-04 14:41:18,377 - INTERNAL - System Time: 2025-03-04 14:41:18.377220, Logical Clock: 42
2025-03-04 14:41:18,881 - INTERNAL - System Time: 2025-03-04 14:41:18.881600, Logical Clock: 43
2025-03-04 14:41:19,392 - SEND - System Time: 2025-03-04 14:41:19.392584, Logical Clock: 44, To: Machine on port 10001
2025-03-04 14:41:19,897 - INTERNAL - System Time: 2025-03-04 14:41:19.897739, Logical Clock: 45
2025-03-04 14:41:20,403 - SEND - System Time: 2025-03-04 14:41:20.403240, Logical Clock: 46, To: Machine on port 10001
2025-03-04 14:41:20,403 - SEND - System Time: 2025-03-04 14:41:20.403240, Logical Clock: 46, To: Machine on port 10002
2025-03-04 14:41:20,908 - INTERNAL - System Time: 2025-03-04 14:41:20.908508, Logical Clock: 47
2025-03-04 14:41:21,413 - SEND - System Time: 2025-03-04 14:41:21.413675, Logical Clock: 48, To: Machine on port 10002
2025-03-04 14:41:21,918 - INTERNAL - System Time: 2025-03-04 14:41:21.918806, Logical Clock: 49
2025-03-04 14:41:22,423 - INTERNAL - System Time: 2025-03-04 14:41:22.423923, Logical Clock: 50
2025-03-04 14:41:22,929 - INTERNAL - System Time: 2025-03-04 14:41:22.929028, Logical Clock: 51
2025-03-04 14:41:23,429 - INTERNAL - System Time: 2025-03-04 14:41:23.429850, Logical Clock: 52
2025-03-04 14:41:23,935 - INTERNAL - System Time: 2025-03-04 14:41:23.934987, Logical Clock: 53
2025-03-04 14:41:24,440 - INTERNAL - System Time: 2025-03-04 14:41:24.440141, Logical Clock: 54
2025-03-04 14:41:24,945 - INTERNAL - System Time: 2025-03-04 14:41:24.945243, Logical Clock: 55
2025-03-04 14:41:25,447 - INTERNAL - System Time: 2025-03-04 14:41:25.447317, Logical Clock: 56
2025-03-04 14:41:25,952 - INTERNAL - System Time: 2025-03-04 14:41:25.952512, Logical Clock: 57
2025-03-04 14:41:26,457 - INTERNAL - System Time: 2025-03-04 14:41:26.457660, Logical Clock: 58
2025-03-04 14:41:26,959 - SEND - System Time: 2025-03-04 14:41:26.959595, Logical Clock: 59, To: Machine on port 10001
