2025-03-04 12:00:53,224 - Virtual Machine 3 initialized
2025-03-04 12:00:53,224 - Clock Rate: 5 ticks/second
2025-03-04 12:00:53,224 - Listening on port: 10002
2025-03-04 12:00:53,224 - Peer ports: [10000, 10001]
2025-03-04 12:00:53,226 - Connected to peer on port 10000
2025-03-04 12:00:53,227 - Connected to peer on port 10001
2025-03-04 12:00:53,227 - Network initialization completed
2025-03-04 12:00:53,227 - Starting main event loop
2025-03-04 12:00:53,227 - Clock rate: 5 ticks/second
2025-03-04 12:00:53,227 - INTERNAL - System Time: 2025-03-04 12:00:53.227469, Logical Clock: 1
2025-03-04 12:00:53,433 - SEND - System Time: 2025-03-04 12:00:53.432985, Logical Clock: 2, To: Machine on port 10000
2025-03-04 12:00:53,449 - Accepted connection from ('127.0.0.1', 59075)
2025-03-04 12:00:53,635 - SEND - System Time: 2025-03-04 12:00:53.635245, Logical Clock: 3, To: Machine on port 10000
2025-03-04 12:00:53,745 - Accepted connection from ('127.0.0.1', 59076)
2025-03-04 12:00:53,840 - INTERNAL - System Time: 2025-03-04 12:00:53.840446, Logical Clock: 4
2025-03-04 12:00:54,045 - INTERNAL - System Time: 2025-03-04 12:00:54.045658, Logical Clock: 5
2025-03-04 12:00:54,247 - RECEIVE - System Time: 2025-03-04 12:00:54.247712, Logical Clock: 7, Queue Length: 0, From: Machine 1
2025-03-04 12:00:54,451 - INTERNAL - System Time: 2025-03-04 12:00:54.451689, Logical Clock: 8
2025-03-04 12:00:54,657 - INTERNAL - System Time: 2025-03-04 12:00:54.657104, Logical Clock: 9
2025-03-04 12:00:54,859 - INTERNAL - System Time: 2025-03-04 12:00:54.859497, Logical Clock: 10
2025-03-04 12:00:55,061 - INTERNAL - System Time: 2025-03-04 12:00:55.061297, Logical Clock: 11
2025-03-04 12:00:55,267 - INTERNAL - System Time: 2025-03-04 12:00:55.267442, Logical Clock: 12
2025-03-04 12:00:55,471 - INTERNAL - System Time: 2025-03-04 12:00:55.471666, Logical Clock: 13
2025-03-04 12:00:55,677 - SEND - System Time: 2025-03-04 12:00:55.677346, Logical Clock: 14, To: Machine on port 10001
2025-03-04 12:00:55,882 - SEND - System Time: 2025-03-04 12:00:55.882828, Logical Clock: 15, To: Machine on port 10001
2025-03-04 12:00:56,088 - INTERNAL - System Time: 2025-03-04 12:00:56.088275, Logical Clock: 16
2025-03-04 12:00:56,290 - INTERNAL - System Time: 2025-03-04 12:00:56.289888, Logical Clock: 17
2025-03-04 12:00:56,495 - SEND - System Time: 2025-03-04 12:00:56.495017, Logical Clock: 18, To: Machine on port 10001
2025-03-04 12:00:56,698 - INTERNAL - System Time: 2025-03-04 12:00:56.698179, Logical Clock: 19
2025-03-04 12:00:56,901 - INTERNAL - System Time: 2025-03-04 12:00:56.900816, Logical Clock: 20
2025-03-04 12:00:57,106 - INTERNAL - System Time: 2025-03-04 12:00:57.106310, Logical Clock: 21
2025-03-04 12:00:57,311 - INTERNAL - System Time: 2025-03-04 12:00:57.311227, Logical Clock: 22
2025-03-04 12:00:57,516 - INTERNAL - System Time: 2025-03-04 12:00:57.516784, Logical Clock: 23
2025-03-04 12:00:57,718 - INTERNAL - System Time: 2025-03-04 12:00:57.718879, Logical Clock: 24
2025-03-04 12:00:57,923 - INTERNAL - System Time: 2025-03-04 12:00:57.923239, Logical Clock: 25
2025-03-04 12:00:58,125 - INTERNAL - System Time: 2025-03-04 12:00:58.124963, Logical Clock: 26
2025-03-04 12:00:58,331 - INTERNAL - System Time: 2025-03-04 12:00:58.331207, Logical Clock: 27
2025-03-04 12:00:58,539 - INTERNAL - System Time: 2025-03-04 12:00:58.539558, Logical Clock: 28
2025-03-04 12:00:58,741 - INTERNAL - System Time: 2025-03-04 12:00:58.741120, Logical Clock: 29
2025-03-04 12:00:58,946 - RECEIVE - System Time: 2025-03-04 12:00:58.945999, Logical Clock: 31, Queue Length: 0, From: Machine 1
2025-03-04 12:00:59,150 - SEND - System Time: 2025-03-04 12:00:59.150740, Logical Clock: 32, To: Machine on port 10001
2025-03-04 12:00:59,351 - SEND - System Time: 2025-03-04 12:00:59.351604, Logical Clock: 33, To: Machine on port 10000
2025-03-04 12:00:59,557 - INTERNAL - System Time: 2025-03-04 12:00:59.556755, Logical Clock: 34
2025-03-04 12:00:59,763 - SEND - System Time: 2025-03-04 12:00:59.763380, Logical Clock: 35, To: Machine on port 10000
2025-03-04 12:00:59,968 - INTERNAL - System Time: 2025-03-04 12:00:59.968763, Logical Clock: 36
2025-03-04 12:01:00,174 - INTERNAL - System Time: 2025-03-04 12:01:00.174054, Logical Clock: 37
2025-03-04 12:01:00,377 - RECEIVE - System Time: 2025-03-04 12:01:00.377838, Logical Clock: 38, Queue Length: 0, From: Machine 1
2025-03-04 12:01:00,579 - INTERNAL - System Time: 2025-03-04 12:01:00.578876, Logical Clock: 39
2025-03-04 12:01:00,784 - INTERNAL - System Time: 2025-03-04 12:01:00.784600, Logical Clock: 40
2025-03-04 12:01:00,990 - SEND - System Time: 2025-03-04 12:01:00.989315, Logical Clock: 41, To: Machine on port 10000
2025-03-04 12:01:01,194 - INTERNAL - System Time: 2025-03-04 12:01:01.194605, Logical Clock: 42
2025-03-04 12:01:01,400 - INTERNAL - System Time: 2025-03-04 12:01:01.400418, Logical Clock: 43
2025-03-04 12:01:01,605 - INTERNAL - System Time: 2025-03-04 12:01:01.605419, Logical Clock: 44
2025-03-04 12:01:01,810 - INTERNAL - System Time: 2025-03-04 12:01:01.810222, Logical Clock: 45
2025-03-04 12:01:02,015 - INTERNAL - System Time: 2025-03-04 12:01:02.015637, Logical Clock: 46
2025-03-04 12:01:02,217 - SEND - System Time: 2025-03-04 12:01:02.217513, Logical Clock: 47, To: Machine on port 10000
2025-03-04 12:01:02,424 - INTERNAL - System Time: 2025-03-04 12:01:02.423806, Logical Clock: 48
2025-03-04 12:01:02,627 - INTERNAL - System Time: 2025-03-04 12:01:02.627007, Logical Clock: 49
2025-03-04 12:01:02,829 - INTERNAL - System Time: 2025-03-04 12:01:02.828939, Logical Clock: 50
2025-03-04 12:01:03,033 - INTERNAL - System Time: 2025-03-04 12:01:03.032967, Logical Clock: 51
2025-03-04 12:01:03,238 - INTERNAL - System Time: 2025-03-04 12:01:03.238410, Logical Clock: 52
2025-03-04 12:01:03,443 - INTERNAL - System Time: 2025-03-04 12:01:03.443350, Logical Clock: 53
2025-03-04 12:01:03,645 - INTERNAL - System Time: 2025-03-04 12:01:03.645237, Logical Clock: 54
2025-03-04 12:01:03,846 - INTERNAL - System Time: 2025-03-04 12:01:03.846235, Logical Clock: 55
2025-03-04 12:01:04,049 - INTERNAL - System Time: 2025-03-04 12:01:04.049365, Logical Clock: 56
2025-03-04 12:01:04,254 - INTERNAL - System Time: 2025-03-04 12:01:04.254698, Logical Clock: 57
2025-03-04 12:01:04,460 - INTERNAL - System Time: 2025-03-04 12:01:04.460020, Logical Clock: 58
2025-03-04 12:01:04,665 - INTERNAL - System Time: 2025-03-04 12:01:04.665122, Logical Clock: 59
2025-03-04 12:01:04,869 - INTERNAL - System Time: 2025-03-04 12:01:04.869171, Logical Clock: 60
2025-03-04 12:01:05,070 - INTERNAL - System Time: 2025-03-04 12:01:05.070652, Logical Clock: 61
2025-03-04 12:01:05,275 - INTERNAL - System Time: 2025-03-04 12:01:05.275219, Logical Clock: 62
2025-03-04 12:01:05,478 - INTERNAL - System Time: 2025-03-04 12:01:05.478571, Logical Clock: 63
2025-03-04 12:01:05,679 - INTERNAL - System Time: 2025-03-04 12:01:05.679484, Logical Clock: 64
2025-03-04 12:01:05,882 - INTERNAL - System Time: 2025-03-04 12:01:05.882393, Logical Clock: 65
2025-03-04 12:01:06,087 - INTERNAL - System Time: 2025-03-04 12:01:06.087776, Logical Clock: 66
2025-03-04 12:01:06,293 - SEND - System Time: 2025-03-04 12:01:06.293241, Logical Clock: 67, To: Machine on port 10001
2025-03-04 12:01:06,497 - SEND - System Time: 2025-03-04 12:01:06.497512, Logical Clock: 68, To: Machine on port 10000
2025-03-04 12:01:06,699 - INTERNAL - System Time: 2025-03-04 12:01:06.698754, Logical Clock: 69
2025-03-04 12:01:06,905 - SEND - System Time: 2025-03-04 12:01:06.905632, Logical Clock: 70, To: Machine on port 10001
2025-03-04 12:01:07,108 - INTERNAL - System Time: 2025-03-04 12:01:07.107925, Logical Clock: 71
2025-03-04 12:01:07,310 - INTERNAL - System Time: 2025-03-04 12:01:07.310138, Logical Clock: 72
2025-03-04 12:01:07,512 - INTERNAL - System Time: 2025-03-04 12:01:07.511950, Logical Clock: 73
2025-03-04 12:01:07,714 - INTERNAL - System Time: 2025-03-04 12:01:07.714359, Logical Clock: 74
2025-03-04 12:01:07,915 - INTERNAL - System Time: 2025-03-04 12:01:07.915256, Logical Clock: 75
2025-03-04 12:01:08,119 - INTERNAL - System Time: 2025-03-04 12:01:08.119179, Logical Clock: 76
2025-03-04 12:01:08,325 - INTERNAL - System Time: 2025-03-04 12:01:08.325001, Logical Clock: 77
2025-03-04 12:01:08,530 - INTERNAL - System Time: 2025-03-04 12:01:08.530282, Logical Clock: 78
2025-03-04 12:01:08,736 - INTERNAL - System Time: 2025-03-04 12:01:08.733237, Logical Clock: 79
2025-03-04 12:01:08,941 - SEND - System Time: 2025-03-04 12:01:08.941047, Logical Clock: 80, To: Machine on port 10000
2025-03-04 12:01:09,146 - INTERNAL - System Time: 2025-03-04 12:01:09.146375, Logical Clock: 81
2025-03-04 12:01:09,352 - INTERNAL - System Time: 2025-03-04 12:01:09.351942, Logical Clock: 82
2025-03-04 12:01:09,556 - RECEIVE - System Time: 2025-03-04 12:01:09.556318, Logical Clock: 84, Queue Length: 0, From: Machine 1
2025-03-04 12:01:09,761 - INTERNAL - System Time: 2025-03-04 12:01:09.761278, Logical Clock: 85
2025-03-04 12:01:09,965 - INTERNAL - System Time: 2025-03-04 12:01:09.965217, Logical Clock: 86
2025-03-04 12:01:10,170 - INTERNAL - System Time: 2025-03-04 12:01:10.169831, Logical Clock: 87
2025-03-04 12:01:10,375 - INTERNAL - System Time: 2025-03-04 12:01:10.375267, Logical Clock: 88
2025-03-04 12:01:10,576 - INTERNAL - System Time: 2025-03-04 12:01:10.576337, Logical Clock: 89
2025-03-04 12:01:10,782 - SEND - System Time: 2025-03-04 12:01:10.781887, Logical Clock: 90, To: Machine on port 10000
2025-03-04 12:01:10,986 - INTERNAL - System Time: 2025-03-04 12:01:10.985896, Logical Clock: 91
2025-03-04 12:01:11,188 - INTERNAL - System Time: 2025-03-04 12:01:11.188737, Logical Clock: 92
2025-03-04 12:01:11,393 - INTERNAL - System Time: 2025-03-04 12:01:11.392875, Logical Clock: 93
2025-03-04 12:01:11,596 - INTERNAL - System Time: 2025-03-04 12:01:11.595731, Logical Clock: 94
2025-03-04 12:01:11,796 - INTERNAL - System Time: 2025-03-04 12:01:11.796775, Logical Clock: 95
2025-03-04 12:01:12,000 - RECEIVE - System Time: 2025-03-04 12:01:12.000526, Logical Clock: 96, Queue Length: 0, From: Machine 1
2025-03-04 12:01:12,206 - INTERNAL - System Time: 2025-03-04 12:01:12.206239, Logical Clock: 97
2025-03-04 12:01:12,407 - INTERNAL - System Time: 2025-03-04 12:01:12.407063, Logical Clock: 98
2025-03-04 12:01:12,608 - INTERNAL - System Time: 2025-03-04 12:01:12.608251, Logical Clock: 99
2025-03-04 12:01:12,811 - INTERNAL - System Time: 2025-03-04 12:01:12.811676, Logical Clock: 100
2025-03-04 12:01:13,015 - SEND - System Time: 2025-03-04 12:01:13.015018, Logical Clock: 101, To: Machine on port 10000
2025-03-04 12:01:13,216 - INTERNAL - System Time: 2025-03-04 12:01:13.216500, Logical Clock: 102
2025-03-04 12:01:13,420 - INTERNAL - System Time: 2025-03-04 12:01:13.420743, Logical Clock: 103
2025-03-04 12:01:13,627 - INTERNAL - System Time: 2025-03-04 12:01:13.627194, Logical Clock: 104
2025-03-04 12:01:13,832 - RECEIVE - System Time: 2025-03-04 12:01:13.832163, Logical Clock: 106, Queue Length: 0, From: Machine 1
2025-03-04 12:01:14,038 - SEND - System Time: 2025-03-04 12:01:14.038088, Logical Clock: 107, To: Machine on port 10001
2025-03-04 12:01:14,240 - RECEIVE - System Time: 2025-03-04 12:01:14.239908, Logical Clock: 108, Queue Length: 0, From: Machine 1
2025-03-04 12:01:14,443 - INTERNAL - System Time: 2025-03-04 12:01:14.443778, Logical Clock: 109
2025-03-04 12:01:14,646 - SEND - System Time: 2025-03-04 12:01:14.646557, Logical Clock: 110, To: Machine on port 10001
2025-03-04 12:01:14,849 - INTERNAL - System Time: 2025-03-04 12:01:14.849389, Logical Clock: 111
2025-03-04 12:01:15,052 - INTERNAL - System Time: 2025-03-04 12:01:15.052896, Logical Clock: 112
2025-03-04 12:01:15,257 - INTERNAL - System Time: 2025-03-04 12:01:15.257241, Logical Clock: 113
2025-03-04 12:01:15,458 - INTERNAL - System Time: 2025-03-04 12:01:15.458559, Logical Clock: 114
2025-03-04 12:01:15,661 - INTERNAL - System Time: 2025-03-04 12:01:15.661825, Logical Clock: 115
2025-03-04 12:01:15,871 - INTERNAL - System Time: 2025-03-04 12:01:15.871100, Logical Clock: 116
2025-03-04 12:01:16,077 - INTERNAL - System Time: 2025-03-04 12:01:16.077004, Logical Clock: 117
2025-03-04 12:01:16,280 - INTERNAL - System Time: 2025-03-04 12:01:16.280369, Logical Clock: 118
2025-03-04 12:01:16,485 - INTERNAL - System Time: 2025-03-04 12:01:16.485149, Logical Clock: 119
2025-03-04 12:01:16,690 - RECEIVE - System Time: 2025-03-04 12:01:16.690410, Logical Clock: 120, Queue Length: 0, From: Machine 1
2025-03-04 12:01:16,896 - INTERNAL - System Time: 2025-03-04 12:01:16.895828, Logical Clock: 121
2025-03-04 12:01:17,101 - INTERNAL - System Time: 2025-03-04 12:01:17.100958, Logical Clock: 122
2025-03-04 12:01:17,303 - INTERNAL - System Time: 2025-03-04 12:01:17.303632, Logical Clock: 123
2025-03-04 12:01:17,506 - INTERNAL - System Time: 2025-03-04 12:01:17.506049, Logical Clock: 124
2025-03-04 12:01:17,707 - RECEIVE - System Time: 2025-03-04 12:01:17.707711, Logical Clock: 125, Queue Length: 0, From: Machine 1
2025-03-04 12:01:17,910 - INTERNAL - System Time: 2025-03-04 12:01:17.910446, Logical Clock: 126
2025-03-04 12:01:18,115 - INTERNAL - System Time: 2025-03-04 12:01:18.115372, Logical Clock: 127
2025-03-04 12:01:18,318 - INTERNAL - System Time: 2025-03-04 12:01:18.318627, Logical Clock: 128
2025-03-04 12:01:18,523 - INTERNAL - System Time: 2025-03-04 12:01:18.523765, Logical Clock: 129
2025-03-04 12:01:18,728 - INTERNAL - System Time: 2025-03-04 12:01:18.728781, Logical Clock: 130
2025-03-04 12:01:18,934 - RECEIVE - System Time: 2025-03-04 12:01:18.934149, Logical Clock: 131, Queue Length: 0, From: Machine 2
2025-03-04 12:01:19,141 - INTERNAL - System Time: 2025-03-04 12:01:19.140911, Logical Clock: 132
2025-03-04 12:01:19,346 - INTERNAL - System Time: 2025-03-04 12:01:19.345863, Logical Clock: 133
2025-03-04 12:01:19,548 - INTERNAL - System Time: 2025-03-04 12:01:19.548306, Logical Clock: 134
2025-03-04 12:01:19,754 - SEND - System Time: 2025-03-04 12:01:19.753925, Logical Clock: 135, To: Machine on port 10001
2025-03-04 12:01:19,958 - SEND - System Time: 2025-03-04 12:01:19.958319, Logical Clock: 136, To: Machine on port 10000
2025-03-04 12:01:20,161 - INTERNAL - System Time: 2025-03-04 12:01:20.160951, Logical Clock: 137
2025-03-04 12:01:20,369 - INTERNAL - System Time: 2025-03-04 12:01:20.369367, Logical Clock: 138
2025-03-04 12:01:20,572 - INTERNAL - System Time: 2025-03-04 12:01:20.572649, Logical Clock: 139
2025-03-04 12:01:20,778 - INTERNAL - System Time: 2025-03-04 12:01:20.778177, Logical Clock: 140
2025-03-04 12:01:20,983 - INTERNAL - System Time: 2025-03-04 12:01:20.983341, Logical Clock: 141
2025-03-04 12:01:21,189 - INTERNAL - System Time: 2025-03-04 12:01:21.189293, Logical Clock: 142
2025-03-04 12:01:21,391 - INTERNAL - System Time: 2025-03-04 12:01:21.391687, Logical Clock: 143
2025-03-04 12:01:21,596 - INTERNAL - System Time: 2025-03-04 12:01:21.596687, Logical Clock: 144
2025-03-04 12:01:21,798 - SEND - System Time: 2025-03-04 12:01:21.798235, Logical Clock: 145, To: Machine on port 10001
2025-03-04 12:01:22,000 - RECEIVE - System Time: 2025-03-04 12:01:22.000158, Logical Clock: 147, Queue Length: 0, From: Machine 1
2025-03-04 12:01:22,203 - INTERNAL - System Time: 2025-03-04 12:01:22.203072, Logical Clock: 148
2025-03-04 12:01:22,407 - INTERNAL - System Time: 2025-03-04 12:01:22.407554, Logical Clock: 149
2025-03-04 12:01:22,610 - INTERNAL - System Time: 2025-03-04 12:01:22.610655, Logical Clock: 150
2025-03-04 12:01:22,815 - INTERNAL - System Time: 2025-03-04 12:01:22.815549, Logical Clock: 151
2025-03-04 12:01:23,020 - SEND - System Time: 2025-03-04 12:01:23.020554, Logical Clock: 152, To: Machine on port 10000
2025-03-04 12:01:23,229 - INTERNAL - System Time: 2025-03-04 12:01:23.229473, Logical Clock: 153
2025-03-04 12:01:23,434 - INTERNAL - System Time: 2025-03-04 12:01:23.434337, Logical Clock: 154
2025-03-04 12:01:23,642 - SEND - System Time: 2025-03-04 12:01:23.641708, Logical Clock: 155, To: Machine on port 10001
2025-03-04 12:01:23,847 - INTERNAL - System Time: 2025-03-04 12:01:23.847014, Logical Clock: 156
2025-03-04 12:01:24,051 - INTERNAL - System Time: 2025-03-04 12:01:24.051401, Logical Clock: 157
2025-03-04 12:01:24,255 - SEND - System Time: 2025-03-04 12:01:24.254986, Logical Clock: 158, To: Machine on port 10001
2025-03-04 12:01:24,459 - RECEIVE - System Time: 2025-03-04 12:01:24.459282, Logical Clock: 160, Queue Length: 0, From: Machine 1
2025-03-04 12:01:24,663 - INTERNAL - System Time: 2025-03-04 12:01:24.663343, Logical Clock: 161
2025-03-04 12:01:24,868 - INTERNAL - System Time: 2025-03-04 12:01:24.868460, Logical Clock: 162
2025-03-04 12:01:25,074 - INTERNAL - System Time: 2025-03-04 12:01:25.073767, Logical Clock: 163
2025-03-04 12:01:25,277 - INTERNAL - System Time: 2025-03-04 12:01:25.277544, Logical Clock: 164
2025-03-04 12:01:25,483 - INTERNAL - System Time: 2025-03-04 12:01:25.482973, Logical Clock: 165
2025-03-04 12:01:25,687 - INTERNAL - System Time: 2025-03-04 12:01:25.686953, Logical Clock: 166
2025-03-04 12:01:25,891 - INTERNAL - System Time: 2025-03-04 12:01:25.891243, Logical Clock: 167
2025-03-04 12:01:26,105 - INTERNAL - System Time: 2025-03-04 12:01:26.105098, Logical Clock: 168
2025-03-04 12:01:26,306 - RECEIVE - System Time: 2025-03-04 12:01:26.306564, Logical Clock: 169, Queue Length: 0, From: Machine 1
2025-03-04 12:01:26,515 - INTERNAL - System Time: 2025-03-04 12:01:26.515418, Logical Clock: 170
2025-03-04 12:01:26,719 - INTERNAL - System Time: 2025-03-04 12:01:26.719858, Logical Clock: 171
2025-03-04 12:01:26,924 - INTERNAL - System Time: 2025-03-04 12:01:26.924903, Logical Clock: 172
2025-03-04 12:01:27,129 - INTERNAL - System Time: 2025-03-04 12:01:27.128817, Logical Clock: 173
2025-03-04 12:01:27,331 - SEND - System Time: 2025-03-04 12:01:27.331163, Logical Clock: 174, To: Machine on port 10001
2025-03-04 12:01:27,536 - RECEIVE - System Time: 2025-03-04 12:01:27.536603, Logical Clock: 175, Queue Length: 0, From: Machine 1
2025-03-04 12:01:27,738 - SEND - System Time: 2025-03-04 12:01:27.738195, Logical Clock: 176, To: Machine on port 10001
2025-03-04 12:01:27,939 - INTERNAL - System Time: 2025-03-04 12:01:27.939556, Logical Clock: 177
2025-03-04 12:01:28,145 - INTERNAL - System Time: 2025-03-04 12:01:28.144823, Logical Clock: 178
2025-03-04 12:01:28,350 - INTERNAL - System Time: 2025-03-04 12:01:28.350223, Logical Clock: 179
2025-03-04 12:01:28,555 - INTERNAL - System Time: 2025-03-04 12:01:28.554944, Logical Clock: 180
2025-03-04 12:01:28,757 - INTERNAL - System Time: 2025-03-04 12:01:28.757067, Logical Clock: 181
2025-03-04 12:01:28,959 - INTERNAL - System Time: 2025-03-04 12:01:28.959147, Logical Clock: 182
2025-03-04 12:01:29,164 - SEND - System Time: 2025-03-04 12:01:29.164375, Logical Clock: 183, To: Machine on port 10001
2025-03-04 12:01:29,369 - SEND - System Time: 2025-03-04 12:01:29.369794, Logical Clock: 184, To: Machine on port 10001
2025-03-04 12:01:29,570 - INTERNAL - System Time: 2025-03-04 12:01:29.570287, Logical Clock: 185
2025-03-04 12:01:29,775 - INTERNAL - System Time: 2025-03-04 12:01:29.775062, Logical Clock: 186
2025-03-04 12:01:29,980 - RECEIVE - System Time: 2025-03-04 12:01:29.980591, Logical Clock: 187, Queue Length: 0, From: Machine 1
2025-03-04 12:01:30,186 - INTERNAL - System Time: 2025-03-04 12:01:30.186158, Logical Clock: 188
2025-03-04 12:01:30,389 - INTERNAL - System Time: 2025-03-04 12:01:30.389372, Logical Clock: 189
2025-03-04 12:01:30,590 - INTERNAL - System Time: 2025-03-04 12:01:30.590433, Logical Clock: 190
2025-03-04 12:01:30,795 - INTERNAL - System Time: 2025-03-04 12:01:30.795880, Logical Clock: 191
2025-03-04 12:01:30,996 - INTERNAL - System Time: 2025-03-04 12:01:30.996708, Logical Clock: 192
2025-03-04 12:01:31,202 - SEND - System Time: 2025-03-04 12:01:31.202003, Logical Clock: 193, To: Machine on port 10000
2025-03-04 12:01:31,406 - SEND - System Time: 2025-03-04 12:01:31.406703, Logical Clock: 194, To: Machine on port 10000
2025-03-04 12:01:31,612 - INTERNAL - System Time: 2025-03-04 12:01:31.612655, Logical Clock: 195
2025-03-04 12:01:31,813 - INTERNAL - System Time: 2025-03-04 12:01:31.813665, Logical Clock: 196
2025-03-04 12:01:32,019 - INTERNAL - System Time: 2025-03-04 12:01:32.018995, Logical Clock: 197
2025-03-04 12:01:32,222 - SEND - System Time: 2025-03-04 12:01:32.222858, Logical Clock: 198, To: Machine on port 10001
2025-03-04 12:01:32,426 - INTERNAL - System Time: 2025-03-04 12:01:32.426303, Logical Clock: 199
2025-03-04 12:01:32,628 - INTERNAL - System Time: 2025-03-04 12:01:32.628414, Logical Clock: 200
2025-03-04 12:01:32,831 - SEND - System Time: 2025-03-04 12:01:32.831320, Logical Clock: 201, To: Machine on port 10001
2025-03-04 12:01:33,032 - SEND - System Time: 2025-03-04 12:01:33.032195, Logical Clock: 202, To: Machine on port 10001
2025-03-04 12:01:33,238 - RECEIVE - System Time: 2025-03-04 12:01:33.237984, Logical Clock: 204, Queue Length: 0, From: Machine 1
2025-03-04 12:01:33,439 - INTERNAL - System Time: 2025-03-04 12:01:33.439816, Logical Clock: 205
2025-03-04 12:01:33,645 - INTERNAL - System Time: 2025-03-04 12:01:33.645048, Logical Clock: 206
2025-03-04 12:01:33,847 - INTERNAL - System Time: 2025-03-04 12:01:33.847479, Logical Clock: 207
2025-03-04 12:01:34,052 - INTERNAL - System Time: 2025-03-04 12:01:34.051986, Logical Clock: 208
2025-03-04 12:01:34,257 - RECEIVE - System Time: 2025-03-04 12:01:34.257837, Logical Clock: 209, Queue Length: 0, From: Machine 1
2025-03-04 12:01:34,462 - INTERNAL - System Time: 2025-03-04 12:01:34.462422, Logical Clock: 210
2025-03-04 12:01:34,668 - INTERNAL - System Time: 2025-03-04 12:01:34.668077, Logical Clock: 211
2025-03-04 12:01:34,873 - SEND - System Time: 2025-03-04 12:01:34.873111, Logical Clock: 212, To: Machine on port 10000
2025-03-04 12:01:35,075 - INTERNAL - System Time: 2025-03-04 12:01:35.075743, Logical Clock: 213
2025-03-04 12:01:35,277 - INTERNAL - System Time: 2025-03-04 12:01:35.277131, Logical Clock: 214
2025-03-04 12:01:35,482 - INTERNAL - System Time: 2025-03-04 12:01:35.482309, Logical Clock: 215
2025-03-04 12:01:35,688 - SEND - System Time: 2025-03-04 12:01:35.688037, Logical Clock: 216, To: Machine on port 10000
2025-03-04 12:01:35,891 - INTERNAL - System Time: 2025-03-04 12:01:35.890955, Logical Clock: 217
2025-03-04 12:01:36,095 - INTERNAL - System Time: 2025-03-04 12:01:36.095605, Logical Clock: 218
2025-03-04 12:01:36,301 - INTERNAL - System Time: 2025-03-04 12:01:36.301173, Logical Clock: 219
2025-03-04 12:01:36,506 - RECEIVE - System Time: 2025-03-04 12:01:36.506471, Logical Clock: 221, Queue Length: 0, From: Machine 1
2025-03-04 12:01:36,709 - INTERNAL - System Time: 2025-03-04 12:01:36.709226, Logical Clock: 222
2025-03-04 12:01:36,914 - INTERNAL - System Time: 2025-03-04 12:01:36.914558, Logical Clock: 223
2025-03-04 12:01:37,119 - RECEIVE - System Time: 2025-03-04 12:01:37.118938, Logical Clock: 224, Queue Length: 0, From: Machine 1
2025-03-04 12:01:37,322 - INTERNAL - System Time: 2025-03-04 12:01:37.322813, Logical Clock: 225
2025-03-04 12:01:37,528 - INTERNAL - System Time: 2025-03-04 12:01:37.528141, Logical Clock: 226
2025-03-04 12:01:37,731 - INTERNAL - System Time: 2025-03-04 12:01:37.731797, Logical Clock: 227
2025-03-04 12:01:37,936 - SEND - System Time: 2025-03-04 12:01:37.936348, Logical Clock: 228, To: Machine on port 10000
2025-03-04 12:01:38,140 - INTERNAL - System Time: 2025-03-04 12:01:38.140367, Logical Clock: 229
2025-03-04 12:01:38,341 - INTERNAL - System Time: 2025-03-04 12:01:38.340988, Logical Clock: 230
2025-03-04 12:01:38,546 - RECEIVE - System Time: 2025-03-04 12:01:38.546487, Logical Clock: 232, Queue Length: 0, From: Machine 1
2025-03-04 12:01:38,748 - RECEIVE - System Time: 2025-03-04 12:01:38.748688, Logical Clock: 233, Queue Length: 0, From: Machine 1
2025-03-04 12:01:38,951 - INTERNAL - System Time: 2025-03-04 12:01:38.951004, Logical Clock: 234
2025-03-04 12:01:39,155 - INTERNAL - System Time: 2025-03-04 12:01:39.155023, Logical Clock: 235
2025-03-04 12:01:39,356 - INTERNAL - System Time: 2025-03-04 12:01:39.356068, Logical Clock: 236
2025-03-04 12:01:39,558 - INTERNAL - System Time: 2025-03-04 12:01:39.558709, Logical Clock: 237
2025-03-04 12:01:39,764 - INTERNAL - System Time: 2025-03-04 12:01:39.764602, Logical Clock: 238
2025-03-04 12:01:39,970 - SEND - System Time: 2025-03-04 12:01:39.969806, Logical Clock: 239, To: Machine on port 10000
2025-03-04 12:01:40,171 - INTERNAL - System Time: 2025-03-04 12:01:40.170983, Logical Clock: 240
2025-03-04 12:01:40,375 - INTERNAL - System Time: 2025-03-04 12:01:40.375004, Logical Clock: 241
2025-03-04 12:01:40,580 - INTERNAL - System Time: 2025-03-04 12:01:40.580704, Logical Clock: 242
2025-03-04 12:01:40,786 - SEND - System Time: 2025-03-04 12:01:40.785809, Logical Clock: 243, To: Machine on port 10001
2025-03-04 12:01:40,991 - INTERNAL - System Time: 2025-03-04 12:01:40.991057, Logical Clock: 244
2025-03-04 12:01:41,201 - INTERNAL - System Time: 2025-03-04 12:01:41.201276, Logical Clock: 245
2025-03-04 12:01:41,407 - INTERNAL - System Time: 2025-03-04 12:01:41.407281, Logical Clock: 246
2025-03-04 12:01:41,611 - INTERNAL - System Time: 2025-03-04 12:01:41.611924, Logical Clock: 247
2025-03-04 12:01:41,817 - INTERNAL - System Time: 2025-03-04 12:01:41.817326, Logical Clock: 248
2025-03-04 12:01:42,022 - RECEIVE - System Time: 2025-03-04 12:01:42.022806, Logical Clock: 250, Queue Length: 0, From: Machine 1
2025-03-04 12:01:42,226 - SEND - System Time: 2025-03-04 12:01:42.226157, Logical Clock: 251, To: Machine on port 10001
2025-03-04 12:01:42,429 - INTERNAL - System Time: 2025-03-04 12:01:42.429760, Logical Clock: 252
2025-03-04 12:01:42,631 - INTERNAL - System Time: 2025-03-04 12:01:42.631426, Logical Clock: 253
2025-03-04 12:01:42,837 - SEND - System Time: 2025-03-04 12:01:42.837026, Logical Clock: 254, To: Machine on port 10001
2025-03-04 12:01:43,038 - INTERNAL - System Time: 2025-03-04 12:01:43.038435, Logical Clock: 255
2025-03-04 12:01:43,240 - INTERNAL - System Time: 2025-03-04 12:01:43.239780, Logical Clock: 256
2025-03-04 12:01:43,445 - INTERNAL - System Time: 2025-03-04 12:01:43.445153, Logical Clock: 257
2025-03-04 12:01:43,654 - INTERNAL - System Time: 2025-03-04 12:01:43.654817, Logical Clock: 258
2025-03-04 12:01:43,861 - RECEIVE - System Time: 2025-03-04 12:01:43.860630, Logical Clock: 259, Queue Length: 0, From: Machine 1
2025-03-04 12:01:44,067 - INTERNAL - System Time: 2025-03-04 12:01:44.066991, Logical Clock: 260
2025-03-04 12:01:44,270 - INTERNAL - System Time: 2025-03-04 12:01:44.270413, Logical Clock: 261
2025-03-04 12:01:44,474 - INTERNAL - System Time: 2025-03-04 12:01:44.474452, Logical Clock: 262
2025-03-04 12:01:44,679 - INTERNAL - System Time: 2025-03-04 12:01:44.678723, Logical Clock: 263
2025-03-04 12:01:44,887 - INTERNAL - System Time: 2025-03-04 12:01:44.886889, Logical Clock: 264
2025-03-04 12:01:45,092 - RECEIVE - System Time: 2025-03-04 12:01:45.092166, Logical Clock: 265, Queue Length: 0, From: Machine 1
2025-03-04 12:01:45,295 - INTERNAL - System Time: 2025-03-04 12:01:45.295304, Logical Clock: 266
2025-03-04 12:01:45,497 - INTERNAL - System Time: 2025-03-04 12:01:45.497058, Logical Clock: 267
2025-03-04 12:01:45,699 - INTERNAL - System Time: 2025-03-04 12:01:45.699750, Logical Clock: 268
2025-03-04 12:01:45,905 - INTERNAL - System Time: 2025-03-04 12:01:45.905701, Logical Clock: 269
2025-03-04 12:01:46,108 - INTERNAL - System Time: 2025-03-04 12:01:46.108592, Logical Clock: 270
2025-03-04 12:01:46,310 - SEND - System Time: 2025-03-04 12:01:46.310294, Logical Clock: 271, To: Machine on port 10000
2025-03-04 12:01:46,512 - INTERNAL - System Time: 2025-03-04 12:01:46.512079, Logical Clock: 272
2025-03-04 12:01:46,717 - INTERNAL - System Time: 2025-03-04 12:01:46.717028, Logical Clock: 273
2025-03-04 12:01:46,918 - INTERNAL - System Time: 2025-03-04 12:01:46.918441, Logical Clock: 274
2025-03-04 12:01:47,124 - INTERNAL - System Time: 2025-03-04 12:01:47.124316, Logical Clock: 275
2025-03-04 12:01:47,326 - INTERNAL - System Time: 2025-03-04 12:01:47.326072, Logical Clock: 276
2025-03-04 12:01:47,528 - INTERNAL - System Time: 2025-03-04 12:01:47.527725, Logical Clock: 277
2025-03-04 12:01:47,730 - INTERNAL - System Time: 2025-03-04 12:01:47.730550, Logical Clock: 278
2025-03-04 12:01:47,935 - INTERNAL - System Time: 2025-03-04 12:01:47.935802, Logical Clock: 279
2025-03-04 12:01:48,142 - SEND - System Time: 2025-03-04 12:01:48.142443, Logical Clock: 280, To: Machine on port 10000
2025-03-04 12:01:48,348 - SEND - System Time: 2025-03-04 12:01:48.347592, Logical Clock: 281, To: Machine on port 10000
2025-03-04 12:01:48,553 - INTERNAL - System Time: 2025-03-04 12:01:48.553071, Logical Clock: 282
2025-03-04 12:01:48,757 - INTERNAL - System Time: 2025-03-04 12:01:48.757336, Logical Clock: 283
2025-03-04 12:01:48,962 - INTERNAL - System Time: 2025-03-04 12:01:48.962205, Logical Clock: 284
2025-03-04 12:01:49,167 - RECEIVE - System Time: 2025-03-04 12:01:49.166751, Logical Clock: 286, Queue Length: 0, From: Machine 1
2025-03-04 12:01:49,372 - RECEIVE - System Time: 2025-03-04 12:01:49.371894, Logical Clock: 287, Queue Length: 1, From: Machine 1
2025-03-04 12:01:49,575 - RECEIVE - System Time: 2025-03-04 12:01:49.575616, Logical Clock: 288, Queue Length: 1, From: Machine 1
2025-03-04 12:01:49,780 - RECEIVE - System Time: 2025-03-04 12:01:49.780115, Logical Clock: 289, Queue Length: 0, From: Machine 1
2025-03-04 12:01:49,985 - SEND - System Time: 2025-03-04 12:01:49.984823, Logical Clock: 290, To: Machine on port 10000
2025-03-04 12:01:50,190 - INTERNAL - System Time: 2025-03-04 12:01:50.190469, Logical Clock: 291
2025-03-04 12:01:50,396 - INTERNAL - System Time: 2025-03-04 12:01:50.396095, Logical Clock: 292
2025-03-04 12:01:50,601 - SEND - System Time: 2025-03-04 12:01:50.601114, Logical Clock: 293, To: Machine on port 10000
2025-03-04 12:01:50,807 - SEND - System Time: 2025-03-04 12:01:50.807016, Logical Clock: 294, To: Machine on port 10000
2025-03-04 12:01:51,013 - INTERNAL - System Time: 2025-03-04 12:01:51.012861, Logical Clock: 295
2025-03-04 12:01:51,218 - SEND - System Time: 2025-03-04 12:01:51.217905, Logical Clock: 296, To: Machine on port 10000
2025-03-04 12:01:51,420 - INTERNAL - System Time: 2025-03-04 12:01:51.420548, Logical Clock: 297
2025-03-04 12:01:51,627 - INTERNAL - System Time: 2025-03-04 12:01:51.626831, Logical Clock: 298
2025-03-04 12:01:51,828 - INTERNAL - System Time: 2025-03-04 12:01:51.828870, Logical Clock: 299
2025-03-04 12:01:52,034 - SEND - System Time: 2025-03-04 12:01:52.034091, Logical Clock: 300, To: Machine on port 10000
2025-03-04 12:01:52,239 - INTERNAL - System Time: 2025-03-04 12:01:52.239445, Logical Clock: 301
2025-03-04 12:01:52,449 - SEND - System Time: 2025-03-04 12:01:52.449450, Logical Clock: 302, To: Machine on port 10000
2025-03-04 12:01:52,652 - INTERNAL - System Time: 2025-03-04 12:01:52.652203, Logical Clock: 303
2025-03-04 12:01:52,858 - INTERNAL - System Time: 2025-03-04 12:01:52.857695, Logical Clock: 304
2025-03-04 12:01:53,063 - SEND - System Time: 2025-03-04 12:01:53.063672, Logical Clock: 305, To: Machine on port 10000
