2025-03-04 10:27:06,002 - Virtual Machine 3 initialized
2025-03-04 10:27:06,002 - Clock Rate: 1 ticks/second
2025-03-04 10:27:06,002 - Listening on port: 10002
2025-03-04 10:27:06,002 - Peer ports: [10000, 10001]
2025-03-04 10:27:06,003 - Connected to peer on port 10000
2025-03-04 10:27:06,003 - Connected to peer on port 10001
2025-03-04 10:27:06,003 - Network initialization completed
2025-03-04 10:27:06,003 - Starting main event loop
2025-03-04 10:27:06,003 - Clock rate: 1 ticks/second
2025-03-04 10:27:06,004 - INTERNAL - System Time: 2025-03-04 10:27:06.004019, Logical Clock: 1
2025-03-04 10:27:06,010 - Accepted connection from ('127.0.0.1', 61426)
2025-03-04 10:27:06,490 - Accepted connection from ('127.0.0.1', 61427)
2025-03-04 10:27:07,009 - RECEIVE - System Time: 2025-03-04 10:27:07.009093, Logical Clock: 5, Queue Length: 1, From: Machine 1
2025-03-04 10:27:08,014 - RECEIVE - System Time: 2025-03-04 10:27:08.014345, Logical Clock: 6, Queue Length: 0, From: Machine 1
2025-03-04 10:27:09,014 - RECEIVE - System Time: 2025-03-04 10:27:09.014678, Logical Clock: 18, Queue Length: 0, From: Machine 1
2025-03-04 10:27:10,019 - RECEIVE - System Time: 2025-03-04 10:27:10.019801, Logical Clock: 23, Queue Length: 1, From: Machine 1
2025-03-04 10:27:11,024 - RECEIVE - System Time: 2025-03-04 10:27:11.024949, Logical Clock: 25, Queue Length: 1, From: Machine 1
2025-03-04 10:27:12,030 - RECEIVE - System Time: 2025-03-04 10:27:12.030118, Logical Clock: 28, Queue Length: 1, From: Machine 1
2025-03-04 10:27:13,035 - RECEIVE - System Time: 2025-03-04 10:27:13.035404, Logical Clock: 36, Queue Length: 1, From: Machine 1
2025-03-04 10:27:14,041 - RECEIVE - System Time: 2025-03-04 10:27:14.040670, Logical Clock: 43, Queue Length: 2, From: Machine 1
2025-03-04 10:27:15,047 - RECEIVE - System Time: 2025-03-04 10:27:15.047618, Logical Clock: 44, Queue Length: 2, From: Machine 1
2025-03-04 10:27:16,054 - RECEIVE - System Time: 2025-03-04 10:27:16.053745, Logical Clock: 45, Queue Length: 3, From: Machine 2
2025-03-04 10:27:17,057 - RECEIVE - System Time: 2025-03-04 10:27:17.057494, Logical Clock: 50, Queue Length: 4, From: Machine 1
2025-03-04 10:27:18,063 - RECEIVE - System Time: 2025-03-04 10:27:18.063002, Logical Clock: 56, Queue Length: 4, From: Machine 1
2025-03-04 10:27:19,064 - RECEIVE - System Time: 2025-03-04 10:27:19.064283, Logical Clock: 60, Queue Length: 5, From: Machine 1
2025-03-04 10:27:20,068 - RECEIVE - System Time: 2025-03-04 10:27:20.068815, Logical Clock: 62, Queue Length: 6, From: Machine 1
2025-03-04 10:27:21,072 - RECEIVE - System Time: 2025-03-04 10:27:21.072585, Logical Clock: 63, Queue Length: 7, From: Machine 1
2025-03-04 10:27:22,078 - RECEIVE - System Time: 2025-03-04 10:27:22.077947, Logical Clock: 71, Queue Length: 6, From: Machine 1
2025-03-04 10:27:23,083 - RECEIVE - System Time: 2025-03-04 10:27:23.083247, Logical Clock: 72, Queue Length: 5, From: Machine 2
2025-03-04 10:27:24,087 - RECEIVE - System Time: 2025-03-04 10:27:24.087319, Logical Clock: 78, Queue Length: 5, From: Machine 1
2025-03-04 10:27:25,093 - RECEIVE - System Time: 2025-03-04 10:27:25.092812, Logical Clock: 79, Queue Length: 5, From: Machine 1
2025-03-04 10:27:26,096 - RECEIVE - System Time: 2025-03-04 10:27:26.095220, Logical Clock: 84, Queue Length: 7, From: Machine 1
2025-03-04 10:27:27,102 - RECEIVE - System Time: 2025-03-04 10:27:27.102125, Logical Clock: 85, Queue Length: 8, From: Machine 1
2025-03-04 10:27:28,107 - RECEIVE - System Time: 2025-03-04 10:27:28.107442, Logical Clock: 87, Queue Length: 9, From: Machine 1
2025-03-04 10:27:29,113 - RECEIVE - System Time: 2025-03-04 10:27:29.112770, Logical Clock: 108, Queue Length: 9, From: Machine 1
2025-03-04 10:27:30,115 - RECEIVE - System Time: 2025-03-04 10:27:30.115529, Logical Clock: 113, Queue Length: 8, From: Machine 1
2025-03-04 10:27:31,122 - RECEIVE - System Time: 2025-03-04 10:27:31.122375, Logical Clock: 114, Queue Length: 7, From: Machine 1
2025-03-04 10:27:32,127 - RECEIVE - System Time: 2025-03-04 10:27:32.127521, Logical Clock: 118, Queue Length: 6, From: Machine 1
2025-03-04 10:27:33,130 - RECEIVE - System Time: 2025-03-04 10:27:33.130701, Logical Clock: 119, Queue Length: 5, From: Machine 1
2025-03-04 10:27:34,136 - RECEIVE - System Time: 2025-03-04 10:27:34.135979, Logical Clock: 122, Queue Length: 5, From: Machine 1
2025-03-04 10:27:35,141 - RECEIVE - System Time: 2025-03-04 10:27:35.141521, Logical Clock: 125, Queue Length: 6, From: Machine 1
2025-03-04 10:27:36,143 - RECEIVE - System Time: 2025-03-04 10:27:36.143061, Logical Clock: 126, Queue Length: 5, From: Machine 1
2025-03-04 10:27:37,148 - RECEIVE - System Time: 2025-03-04 10:27:37.148210, Logical Clock: 127, Queue Length: 5, From: Machine 2
2025-03-04 10:27:38,149 - RECEIVE - System Time: 2025-03-04 10:27:38.149068, Logical Clock: 128, Queue Length: 6, From: Machine 2
2025-03-04 10:27:39,154 - RECEIVE - System Time: 2025-03-04 10:27:39.154231, Logical Clock: 164, Queue Length: 6, From: Machine 1
2025-03-04 10:27:40,157 - RECEIVE - System Time: 2025-03-04 10:27:40.157195, Logical Clock: 165, Queue Length: 6, From: Machine 2
2025-03-04 10:27:41,157 - RECEIVE - System Time: 2025-03-04 10:27:41.157631, Logical Clock: 168, Queue Length: 8, From: Machine 1
2025-03-04 10:27:42,161 - RECEIVE - System Time: 2025-03-04 10:27:42.161098, Logical Clock: 183, Queue Length: 7, From: Machine 1
2025-03-04 10:27:43,166 - RECEIVE - System Time: 2025-03-04 10:27:43.166571, Logical Clock: 186, Queue Length: 8, From: Machine 1
2025-03-04 10:27:44,171 - RECEIVE - System Time: 2025-03-04 10:27:44.171147, Logical Clock: 188, Queue Length: 7, From: Machine 1
2025-03-04 10:27:45,176 - RECEIVE - System Time: 2025-03-04 10:27:45.176355, Logical Clock: 194, Queue Length: 8, From: Machine 1
2025-03-04 10:27:46,181 - RECEIVE - System Time: 2025-03-04 10:27:46.181609, Logical Clock: 201, Queue Length: 7, From: Machine 1
2025-03-04 10:27:47,187 - RECEIVE - System Time: 2025-03-04 10:27:47.187149, Logical Clock: 203, Queue Length: 10, From: Machine 1
2025-03-04 10:27:48,192 - RECEIVE - System Time: 2025-03-04 10:27:48.192125, Logical Clock: 204, Queue Length: 11, From: Machine 1
2025-03-04 10:27:49,197 - RECEIVE - System Time: 2025-03-04 10:27:49.197319, Logical Clock: 207, Queue Length: 11, From: Machine 1
2025-03-04 10:27:50,202 - RECEIVE - System Time: 2025-03-04 10:27:50.202086, Logical Clock: 214, Queue Length: 11, From: Machine 1
2025-03-04 10:27:51,203 - RECEIVE - System Time: 2025-03-04 10:27:51.203392, Logical Clock: 216, Queue Length: 13, From: Machine 2
2025-03-04 10:27:52,209 - RECEIVE - System Time: 2025-03-04 10:27:52.209271, Logical Clock: 228, Queue Length: 13, From: Machine 1
2025-03-04 10:27:53,216 - RECEIVE - System Time: 2025-03-04 10:27:53.215431, Logical Clock: 230, Queue Length: 13, From: Machine 1
2025-03-04 10:27:54,220 - RECEIVE - System Time: 2025-03-04 10:27:54.220440, Logical Clock: 238, Queue Length: 16, From: Machine 1
2025-03-04 10:27:55,222 - RECEIVE - System Time: 2025-03-04 10:27:55.222749, Logical Clock: 239, Queue Length: 16, From: Machine 1
2025-03-04 10:27:56,227 - RECEIVE - System Time: 2025-03-04 10:27:56.227349, Logical Clock: 242, Queue Length: 17, From: Machine 1
2025-03-04 10:27:57,233 - RECEIVE - System Time: 2025-03-04 10:27:57.233200, Logical Clock: 243, Queue Length: 17, From: Machine 1
2025-03-04 10:27:58,237 - RECEIVE - System Time: 2025-03-04 10:27:58.237838, Logical Clock: 244, Queue Length: 18, From: Machine 2
2025-03-04 10:27:59,243 - RECEIVE - System Time: 2025-03-04 10:27:59.243194, Logical Clock: 245, Queue Length: 20, From: Machine 1
2025-03-04 10:28:00,246 - RECEIVE - System Time: 2025-03-04 10:28:00.245555, Logical Clock: 255, Queue Length: 19, From: Machine 1
2025-03-04 10:28:01,250 - RECEIVE - System Time: 2025-03-04 10:28:01.250716, Logical Clock: 260, Queue Length: 19, From: Machine 1
2025-03-04 10:28:02,256 - RECEIVE - System Time: 2025-03-04 10:28:02.256309, Logical Clock: 264, Queue Length: 19, From: Machine 1
2025-03-04 10:28:03,258 - RECEIVE - System Time: 2025-03-04 10:28:03.258120, Logical Clock: 265, Queue Length: 19, From: Machine 2
2025-03-04 10:28:04,264 - RECEIVE - System Time: 2025-03-04 10:28:04.263798, Logical Clock: 266, Queue Length: 19, From: Machine 1
2025-03-04 10:28:05,270 - RECEIVE - System Time: 2025-03-04 10:28:05.270345, Logical Clock: 268, Queue Length: 19, From: Machine 1
