2025-03-01 14:38:27,216 - Virtual Machine 2 initialized
2025-03-01 14:38:27,216 - Clock Rate: 3 ticks/second
2025-03-01 14:38:27,216 - Listening on port: 10001
2025-03-01 14:38:27,216 - Peer ports: [10000, 10002]
2025-03-01 14:38:28,125 - Accepted connection from ('127.0.0.1', 59745)
2025-03-01 14:38:28,223 - Connected to peer on port 10002
2025-03-01 14:38:28,223 - Network initialization completed
2025-03-01 14:38:28,223 - Starting main event loop
2025-03-01 14:38:28,223 - Clock rate: 3 ticks/second
2025-03-01 14:38:28,223 - No connection to port 10000
2025-03-01 14:38:28,559 - SEND - System Time: 2025-03-01 14:38:28.558986, Logical Clock: 2, To: Machine on port 10002
2025-03-01 14:38:28,893 - RECEIVE - System Time: 2025-03-01 14:38:28.893504, Logical Clock: 5, Queue Length: 0, From: Machine 1
2025-03-01 14:38:29,231 - INTERNAL - System Time: 2025-03-01 14:38:29.231816, Logical Clock: 6
2025-03-01 14:38:29,782 - No connection to port 10000
2025-03-01 14:38:30,157 - SEND - System Time: 2025-03-01 14:38:29.621980, Logical Clock: 7, To: Machine on port 10002
2025-03-01 14:38:30,582 - RECEIVE - System Time: 2025-03-01 14:38:30.506576, Logical Clock: 11, Queue Length: 1, From: Machine 1
2025-03-01 14:38:31,976 - RECEIVE - System Time: 2025-03-01 14:38:31.480192, Logical Clock: 12, Queue Length: 3, From: Machine 1
2025-03-01 14:38:32,487 - RECEIVE - System Time: 2025-03-01 14:38:32.487698, Logical Clock: 13, Queue Length: 3, From: Machine 1
2025-03-01 14:38:33,068 - RECEIVE - System Time: 2025-03-01 14:38:32.854482, Logical Clock: 15, Queue Length: 3, From: Machine 1
2025-03-01 14:38:33,464 - RECEIVE - System Time: 2025-03-01 14:38:33.449020, Logical Clock: 16, Queue Length: 2, From: Machine 1
2025-03-01 14:38:33,916 - RECEIVE - System Time: 2025-03-01 14:38:33.916494, Logical Clock: 17, Queue Length: 1, From: Machine 1
2025-03-01 14:38:34,349 - RECEIVE - System Time: 2025-03-01 14:38:34.292132, Logical Clock: 21, Queue Length: 0, From: Machine 1
2025-03-01 14:38:34,950 - INTERNAL - System Time: 2025-03-01 14:38:34.885127, Logical Clock: 22
2025-03-01 14:38:35,894 - RECEIVE - System Time: 2025-03-01 14:38:35.893034, Logical Clock: 29, Queue Length: 0, From: Machine 1
2025-03-01 14:38:36,287 - INTERNAL - System Time: 2025-03-01 14:38:36.228888, Logical Clock: 30
2025-03-01 14:38:36,794 - No connection to port 10000
2025-03-01 14:38:36,891 - SEND - System Time: 2025-03-01 14:38:36.787311, Logical Clock: 31, To: Machine on port 10002
2025-03-01 14:38:37,554 - RECEIVE - System Time: 2025-03-01 14:38:37.444163, Logical Clock: 36, Queue Length: 1, From: Machine 1
2025-03-01 14:38:38,190 - RECEIVE - System Time: 2025-03-01 14:38:37.997473, Logical Clock: 37, Queue Length: 0, From: Machine 1
2025-03-01 14:38:38,563 - SEND - System Time: 2025-03-01 14:38:38.563135, Logical Clock: 38, To: Machine on port 10002
2025-03-01 14:38:38,948 - No connection to port 10000
2025-03-01 14:38:38,966 - SEND - System Time: 2025-03-01 14:38:38.948591, Logical Clock: 39, To: Machine on port 10002
2025-03-01 14:38:39,381 - No connection to port 10000
2025-03-01 14:38:39,720 - No connection to port 10000
2025-03-01 14:38:40,063 - RECEIVE - System Time: 2025-03-01 14:38:40.063398, Logical Clock: 47, Queue Length: 0, From: Machine 1
2025-03-01 14:38:40,401 - RECEIVE - System Time: 2025-03-01 14:38:40.401676, Logical Clock: 49, Queue Length: 0, From: Machine 1
2025-03-01 14:38:40,738 - INTERNAL - System Time: 2025-03-01 14:38:40.738217, Logical Clock: 50
2025-03-01 14:38:41,073 - RECEIVE - System Time: 2025-03-01 14:38:41.072930, Logical Clock: 52, Queue Length: 0, From: Machine 1
2025-03-01 14:38:41,410 - INTERNAL - System Time: 2025-03-01 14:38:41.410160, Logical Clock: 53
2025-03-01 14:38:41,746 - INTERNAL - System Time: 2025-03-01 14:38:41.746663, Logical Clock: 54
2025-03-01 14:38:42,084 - INTERNAL - System Time: 2025-03-01 14:38:42.084695, Logical Clock: 55
2025-03-01 14:38:42,419 - RECEIVE - System Time: 2025-03-01 14:38:42.418974, Logical Clock: 61, Queue Length: 0, From: Machine 1
2025-03-01 14:38:42,754 - RECEIVE - System Time: 2025-03-01 14:38:42.753930, Logical Clock: 62, Queue Length: 0, From: Machine 1
2025-03-01 14:38:43,092 - SEND - System Time: 2025-03-01 14:38:43.092750, Logical Clock: 63, To: Machine on port 10002
2025-03-01 14:38:43,431 - INTERNAL - System Time: 2025-03-01 14:38:43.431417, Logical Clock: 64
2025-03-01 14:38:43,767 - INTERNAL - System Time: 2025-03-01 14:38:43.767778, Logical Clock: 65
2025-03-01 14:38:44,101 - INTERNAL - System Time: 2025-03-01 14:38:44.101573, Logical Clock: 66
2025-03-01 14:38:44,439 - RECEIVE - System Time: 2025-03-01 14:38:44.439522, Logical Clock: 73, Queue Length: 0, From: Machine 1
2025-03-01 14:38:44,780 - INTERNAL - System Time: 2025-03-01 14:38:44.780346, Logical Clock: 74
2025-03-01 14:38:45,151 - No connection to port 10000
2025-03-01 14:38:45,518 - SEND - System Time: 2025-03-01 14:38:45.518566, Logical Clock: 76, To: Machine on port 10002
2025-03-01 14:38:45,857 - RECEIVE - System Time: 2025-03-01 14:38:45.857293, Logical Clock: 81, Queue Length: 0, From: Machine 1
2025-03-01 14:38:46,195 - SEND - System Time: 2025-03-01 14:38:46.195458, Logical Clock: 82, To: Machine on port 10002
2025-03-01 14:38:46,534 - INTERNAL - System Time: 2025-03-01 14:38:46.534458, Logical Clock: 83
2025-03-01 14:38:46,877 - RECEIVE - System Time: 2025-03-01 14:38:46.876904, Logical Clock: 86, Queue Length: 0, From: Machine 1
2025-03-01 14:38:47,257 - INTERNAL - System Time: 2025-03-01 14:38:47.257637, Logical Clock: 87
2025-03-01 14:38:47,599 - INTERNAL - System Time: 2025-03-01 14:38:47.594927, Logical Clock: 88
2025-03-01 14:38:47,942 - INTERNAL - System Time: 2025-03-01 14:38:47.939302, Logical Clock: 89
2025-03-01 14:38:48,285 - RECEIVE - System Time: 2025-03-01 14:38:48.285806, Logical Clock: 94, Queue Length: 0, From: Machine 1
2025-03-01 14:38:48,646 - INTERNAL - System Time: 2025-03-01 14:38:48.646624, Logical Clock: 95
2025-03-01 14:38:49,007 - No connection to port 10000
2025-03-01 14:38:49,007 - SEND - System Time: 2025-03-01 14:38:49.007097, Logical Clock: 96, To: Machine on port 10002
2025-03-01 14:38:49,343 - INTERNAL - System Time: 2025-03-01 14:38:49.343566, Logical Clock: 97
2025-03-01 14:38:49,682 - INTERNAL - System Time: 2025-03-01 14:38:49.682580, Logical Clock: 98
2025-03-01 14:38:50,020 - INTERNAL - System Time: 2025-03-01 14:38:50.020301, Logical Clock: 99
2025-03-01 14:38:50,358 - RECEIVE - System Time: 2025-03-01 14:38:50.358731, Logical Clock: 105, Queue Length: 0, From: Machine 1
2025-03-01 14:38:50,697 - INTERNAL - System Time: 2025-03-01 14:38:50.696899, Logical Clock: 106
2025-03-01 14:38:51,036 - RECEIVE - System Time: 2025-03-01 14:38:51.036141, Logical Clock: 110, Queue Length: 0, From: Machine 1
2025-03-01 14:38:51,374 - INTERNAL - System Time: 2025-03-01 14:38:51.374348, Logical Clock: 111
2025-03-01 14:38:51,708 - INTERNAL - System Time: 2025-03-01 14:38:51.708437, Logical Clock: 112
2025-03-01 14:38:52,045 - INTERNAL - System Time: 2025-03-01 14:38:52.045147, Logical Clock: 113
2025-03-01 14:38:52,383 - INTERNAL - System Time: 2025-03-01 14:38:52.383783, Logical Clock: 114
2025-03-01 14:38:52,720 - INTERNAL - System Time: 2025-03-01 14:38:52.720301, Logical Clock: 115
2025-03-01 14:38:53,055 - RECEIVE - System Time: 2025-03-01 14:38:53.054960, Logical Clock: 121, Queue Length: 1, From: Machine 1
2025-03-01 14:38:53,393 - RECEIVE - System Time: 2025-03-01 14:38:53.393363, Logical Clock: 122, Queue Length: 0, From: Machine 1
2025-03-01 14:38:53,729 - No connection to port 10000
2025-03-01 14:38:54,067 - No connection to port 10000
2025-03-01 14:38:54,068 - SEND - System Time: 2025-03-01 14:38:54.067831, Logical Clock: 124, To: Machine on port 10002
2025-03-01 14:38:54,406 - RECEIVE - System Time: 2025-03-01 14:38:54.406700, Logical Clock: 129, Queue Length: 0, From: Machine 1
2025-03-01 14:38:54,742 - No connection to port 10000
2025-03-01 14:38:54,742 - SEND - System Time: 2025-03-01 14:38:54.742431, Logical Clock: 130, To: Machine on port 10002
2025-03-01 14:38:55,079 - No connection to port 10000
2025-03-01 14:38:55,079 - SEND - System Time: 2025-03-01 14:38:55.079231, Logical Clock: 131, To: Machine on port 10002
2025-03-01 14:38:55,414 - INTERNAL - System Time: 2025-03-01 14:38:55.414141, Logical Clock: 132
2025-03-01 14:38:55,750 - INTERNAL - System Time: 2025-03-01 14:38:55.750067, Logical Clock: 133
2025-03-01 14:38:56,086 - INTERNAL - System Time: 2025-03-01 14:38:56.086453, Logical Clock: 134
2025-03-01 14:38:56,423 - INTERNAL - System Time: 2025-03-01 14:38:56.423747, Logical Clock: 135
2025-03-01 14:38:56,759 - RECEIVE - System Time: 2025-03-01 14:38:56.759437, Logical Clock: 144, Queue Length: 0, From: Machine 1
2025-03-01 14:38:57,107 - No connection to port 10000
2025-03-01 14:38:57,452 - INTERNAL - System Time: 2025-03-01 14:38:57.452150, Logical Clock: 146
2025-03-01 14:38:57,789 - RECEIVE - System Time: 2025-03-01 14:38:57.788899, Logical Clock: 149, Queue Length: 0, From: Machine 1
2025-03-01 14:38:58,126 - INTERNAL - System Time: 2025-03-01 14:38:58.126029, Logical Clock: 150
2025-03-01 14:38:58,463 - INTERNAL - System Time: 2025-03-01 14:38:58.463557, Logical Clock: 151
2025-03-01 14:38:58,802 - INTERNAL - System Time: 2025-03-01 14:38:58.802254, Logical Clock: 152
2025-03-01 14:38:59,137 - RECEIVE - System Time: 2025-03-01 14:38:59.137597, Logical Clock: 158, Queue Length: 0, From: Machine 1
2025-03-01 14:38:59,474 - INTERNAL - System Time: 2025-03-01 14:38:59.474034, Logical Clock: 159
2025-03-01 14:38:59,808 - INTERNAL - System Time: 2025-03-01 14:38:59.807981, Logical Clock: 160
2025-03-01 14:39:00,142 - No connection to port 10000
2025-03-01 14:39:00,479 - SEND - System Time: 2025-03-01 14:39:00.479097, Logical Clock: 162, To: Machine on port 10002
2025-03-01 14:39:00,817 - No connection to port 10000
2025-03-01 14:39:01,153 - RECEIVE - System Time: 2025-03-01 14:39:01.153327, Logical Clock: 169, Queue Length: 0, From: Machine 1
2025-03-01 14:39:01,489 - INTERNAL - System Time: 2025-03-01 14:39:01.489640, Logical Clock: 170
2025-03-01 14:39:01,829 - No connection to port 10000
2025-03-01 14:39:02,168 - SEND - System Time: 2025-03-01 14:39:02.168040, Logical Clock: 172, To: Machine on port 10002
2025-03-01 14:39:02,503 - RECEIVE - System Time: 2025-03-01 14:39:02.503564, Logical Clock: 177, Queue Length: 0, From: Machine 1
2025-03-01 14:39:02,842 - RECEIVE - System Time: 2025-03-01 14:39:02.842183, Logical Clock: 179, Queue Length: 0, From: Machine 1
2025-03-01 14:39:03,181 - RECEIVE - System Time: 2025-03-01 14:39:03.181147, Logical Clock: 181, Queue Length: 0, From: Machine 1
2025-03-01 14:39:03,519 - RECEIVE - System Time: 2025-03-01 14:39:03.518814, Logical Clock: 182, Queue Length: 0, From: Machine 1
2025-03-01 14:39:03,853 - RECEIVE - System Time: 2025-03-01 14:39:03.853368, Logical Clock: 185, Queue Length: 0, From: Machine 1
2025-03-01 14:39:04,191 - No connection to port 10000
2025-03-01 14:39:04,529 - INTERNAL - System Time: 2025-03-01 14:39:04.528981, Logical Clock: 187
2025-03-01 14:39:04,868 - INTERNAL - System Time: 2025-03-01 14:39:04.867862, Logical Clock: 188
2025-03-01 14:39:05,202 - INTERNAL - System Time: 2025-03-01 14:39:05.202033, Logical Clock: 189
2025-03-01 14:39:05,538 - RECEIVE - System Time: 2025-03-01 14:39:05.538309, Logical Clock: 195, Queue Length: 0, From: Machine 1
2025-03-01 14:39:05,876 - SEND - System Time: 2025-03-01 14:39:05.876150, Logical Clock: 196, To: Machine on port 10002
2025-03-01 14:39:06,215 - INTERNAL - System Time: 2025-03-01 14:39:06.215124, Logical Clock: 197
2025-03-01 14:39:06,552 - SEND - System Time: 2025-03-01 14:39:06.552237, Logical Clock: 198, To: Machine on port 10002
2025-03-01 14:39:06,890 - INTERNAL - System Time: 2025-03-01 14:39:06.890188, Logical Clock: 199
2025-03-01 14:39:07,225 - INTERNAL - System Time: 2025-03-01 14:39:07.225290, Logical Clock: 200
2025-03-01 14:39:07,562 - RECEIVE - System Time: 2025-03-01 14:39:07.561974, Logical Clock: 207, Queue Length: 0, From: Machine 1
2025-03-01 14:39:07,897 - INTERNAL - System Time: 2025-03-01 14:39:07.897637, Logical Clock: 208
2025-03-01 14:39:08,233 - RECEIVE - System Time: 2025-03-01 14:39:08.233078, Logical Clock: 210, Queue Length: 0, From: Machine 1
2025-03-01 14:39:08,568 - INTERNAL - System Time: 2025-03-01 14:39:08.568745, Logical Clock: 211
2025-03-01 14:39:08,905 - RECEIVE - System Time: 2025-03-01 14:39:08.905734, Logical Clock: 215, Queue Length: 0, From: Machine 1
2025-03-01 14:39:09,240 - INTERNAL - System Time: 2025-03-01 14:39:09.240324, Logical Clock: 216
2025-03-01 14:39:09,579 - SEND - System Time: 2025-03-01 14:39:09.579105, Logical Clock: 217, To: Machine on port 10002
2025-03-01 14:39:09,918 - RECEIVE - System Time: 2025-03-01 14:39:09.918109, Logical Clock: 221, Queue Length: 0, From: Machine 1
2025-03-01 14:39:10,252 - INTERNAL - System Time: 2025-03-01 14:39:10.252109, Logical Clock: 222
2025-03-01 14:39:10,586 - RECEIVE - System Time: 2025-03-01 14:39:10.586537, Logical Clock: 224, Queue Length: 0, From: Machine 1
2025-03-01 14:39:10,923 - INTERNAL - System Time: 2025-03-01 14:39:10.923615, Logical Clock: 225
2025-03-01 14:39:11,258 - RECEIVE - System Time: 2025-03-01 14:39:11.258773, Logical Clock: 228, Queue Length: 0, From: Machine 1
2025-03-01 14:39:11,594 - INTERNAL - System Time: 2025-03-01 14:39:11.593512, Logical Clock: 229
2025-03-01 14:39:11,929 - INTERNAL - System Time: 2025-03-01 14:39:11.928946, Logical Clock: 230
2025-03-01 14:39:12,267 - RECEIVE - System Time: 2025-03-01 14:39:12.267619, Logical Clock: 233, Queue Length: 0, From: Machine 1
2025-03-01 14:39:12,605 - RECEIVE - System Time: 2025-03-01 14:39:12.604960, Logical Clock: 236, Queue Length: 0, From: Machine 1
2025-03-01 14:39:12,943 - RECEIVE - System Time: 2025-03-01 14:39:12.943182, Logical Clock: 237, Queue Length: 0, From: Machine 1
2025-03-01 14:39:13,279 - No connection to port 10000
2025-03-01 14:39:13,279 - SEND - System Time: 2025-03-01 14:39:13.279045, Logical Clock: 238, To: Machine on port 10002
2025-03-01 14:39:13,618 - INTERNAL - System Time: 2025-03-01 14:39:13.618242, Logical Clock: 239
2025-03-01 14:39:13,957 - INTERNAL - System Time: 2025-03-01 14:39:13.957133, Logical Clock: 240
2025-03-01 14:39:14,293 - No connection to port 10000
2025-03-01 14:39:14,630 - No connection to port 10000
2025-03-01 14:39:14,969 - RECEIVE - System Time: 2025-03-01 14:39:14.968861, Logical Clock: 249, Queue Length: 0, From: Machine 1
2025-03-01 14:39:15,306 - No connection to port 10000
2025-03-01 14:39:15,306 - SEND - System Time: 2025-03-01 14:39:15.306283, Logical Clock: 250, To: Machine on port 10002
2025-03-01 14:39:15,643 - RECEIVE - System Time: 2025-03-01 14:39:15.643404, Logical Clock: 253, Queue Length: 0, From: Machine 1
2025-03-01 14:39:15,978 - RECEIVE - System Time: 2025-03-01 14:39:15.978138, Logical Clock: 255, Queue Length: 0, From: Machine 1
2025-03-01 14:39:16,314 - INTERNAL - System Time: 2025-03-01 14:39:16.313876, Logical Clock: 256
2025-03-01 14:39:16,651 - INTERNAL - System Time: 2025-03-01 14:39:16.651365, Logical Clock: 257
2025-03-01 14:39:16,987 - INTERNAL - System Time: 2025-03-01 14:39:16.986862, Logical Clock: 258
2025-03-01 14:39:17,323 - INTERNAL - System Time: 2025-03-01 14:39:17.323709, Logical Clock: 259
2025-03-01 14:39:17,658 - RECEIVE - System Time: 2025-03-01 14:39:17.658802, Logical Clock: 266, Queue Length: 0, From: Machine 1
2025-03-01 14:39:17,996 - INTERNAL - System Time: 2025-03-01 14:39:17.996647, Logical Clock: 267
2025-03-01 14:39:18,335 - RECEIVE - System Time: 2025-03-01 14:39:18.335477, Logical Clock: 270, Queue Length: 0, From: Machine 1
2025-03-01 14:39:18,674 - RECEIVE - System Time: 2025-03-01 14:39:18.674192, Logical Clock: 272, Queue Length: 0, From: Machine 1
2025-03-01 14:39:19,009 - INTERNAL - System Time: 2025-03-01 14:39:19.008815, Logical Clock: 273
2025-03-01 14:39:19,343 - RECEIVE - System Time: 2025-03-01 14:39:19.342963, Logical Clock: 275, Queue Length: 0, From: Machine 1
2025-03-01 14:39:19,679 - INTERNAL - System Time: 2025-03-01 14:39:19.679495, Logical Clock: 276
2025-03-01 14:39:20,018 - RECEIVE - System Time: 2025-03-01 14:39:20.018476, Logical Clock: 280, Queue Length: 0, From: Machine 1
2025-03-01 14:39:20,353 - RECEIVE - System Time: 2025-03-01 14:39:20.353301, Logical Clock: 282, Queue Length: 0, From: Machine 1
2025-03-01 14:39:20,692 - INTERNAL - System Time: 2025-03-01 14:39:20.692254, Logical Clock: 283
2025-03-01 14:39:21,028 - RECEIVE - System Time: 2025-03-01 14:39:21.028119, Logical Clock: 286, Queue Length: 0, From: Machine 1
2025-03-01 14:39:21,365 - INTERNAL - System Time: 2025-03-01 14:39:21.364845, Logical Clock: 287
2025-03-01 14:39:21,701 - RECEIVE - System Time: 2025-03-01 14:39:21.701487, Logical Clock: 289, Queue Length: 0, From: Machine 1
2025-03-01 14:39:22,038 - INTERNAL - System Time: 2025-03-01 14:39:22.038549, Logical Clock: 290
2025-03-01 14:39:22,375 - RECEIVE - System Time: 2025-03-01 14:39:22.375804, Logical Clock: 294, Queue Length: 0, From: Machine 1
2025-03-01 14:39:22,712 - SEND - System Time: 2025-03-01 14:39:22.712198, Logical Clock: 295, To: Machine on port 10002
2025-03-01 14:39:23,051 - RECEIVE - System Time: 2025-03-01 14:39:23.050852, Logical Clock: 297, Queue Length: 0, From: Machine 1
2025-03-01 14:39:23,388 - RECEIVE - System Time: 2025-03-01 14:39:23.388125, Logical Clock: 298, Queue Length: 0, From: Machine 1
2025-03-01 14:39:23,723 - RECEIVE - System Time: 2025-03-01 14:39:23.722896, Logical Clock: 301, Queue Length: 0, From: Machine 1
2025-03-01 14:39:24,059 - RECEIVE - System Time: 2025-03-01 14:39:24.059156, Logical Clock: 302, Queue Length: 0, From: Machine 1
2025-03-01 14:39:24,395 - RECEIVE - System Time: 2025-03-01 14:39:24.395200, Logical Clock: 305, Queue Length: 0, From: Machine 1
2025-03-01 14:39:24,735 - RECEIVE - System Time: 2025-03-01 14:39:24.734870, Logical Clock: 306, Queue Length: 0, From: Machine 1
2025-03-01 14:39:25,074 - RECEIVE - System Time: 2025-03-01 14:39:25.073921, Logical Clock: 308, Queue Length: 0, From: Machine 1
2025-03-01 14:39:25,409 - INTERNAL - System Time: 2025-03-01 14:39:25.409695, Logical Clock: 309
2025-03-01 14:39:25,747 - INTERNAL - System Time: 2025-03-01 14:39:25.747584, Logical Clock: 310
2025-03-01 14:39:26,084 - RECEIVE - System Time: 2025-03-01 14:39:26.084708, Logical Clock: 315, Queue Length: 0, From: Machine 1
2025-03-01 14:39:26,423 - INTERNAL - System Time: 2025-03-01 14:39:26.423378, Logical Clock: 316
2025-03-01 14:39:26,762 - INTERNAL - System Time: 2025-03-01 14:39:26.762009, Logical Clock: 317
2025-03-01 14:39:27,100 - INTERNAL - System Time: 2025-03-01 14:39:27.100066, Logical Clock: 318
