2025-03-01 13:38:56,895 - Virtual Machine 3 initialized
2025-03-01 13:38:56,895 - Clock Rate: 5 ticks/second
2025-03-01 13:38:56,895 - Listening on port: 10002
2025-03-01 13:38:56,895 - Peer ports: [10000, 10001]
2025-03-01 13:38:56,897 - Network initialization completed
2025-03-01 13:38:56,897 - Starting main event loop
2025-03-01 13:38:56,897 - Clock rate: 5 ticks/second
2025-03-01 13:38:56,897 - No connection to port 10000
2025-03-01 13:38:56,897 - No connection to port 10001
2025-03-01 13:38:57,097 - INTERNAL - System Time: 2025-03-01 13:38:57.097766, Logical Clock: 2
2025-03-01 13:38:57,299 - INTERNAL - System Time: 2025-03-01 13:38:57.299824, Logical Clock: 3
2025-03-01 13:38:57,370 - Accepted connection from ('127.0.0.1', 49703)
2025-03-01 13:38:57,505 - No connection to port 10000
2025-03-01 13:38:57,706 - INTERNAL - System Time: 2025-03-01 13:38:57.706241, Logical Clock: 5
2025-03-01 13:38:57,887 - Accepted connection from ('127.0.0.1', 49706)
2025-03-01 13:38:57,911 - RECEIVE - System Time: 2025-03-01 13:38:57.910976, Logical Clock: 6, Queue Length: 0, From: Machine 2
2025-03-01 13:38:58,113 - INTERNAL - System Time: 2025-03-01 13:38:58.113789, Logical Clock: 7
2025-03-01 13:38:58,319 - INTERNAL - System Time: 2025-03-01 13:38:58.319246, Logical Clock: 8
2025-03-01 13:38:58,527 - INTERNAL - System Time: 2025-03-01 13:38:58.526965, Logical Clock: 9
2025-03-01 13:38:58,733 - No connection to port 10001
2025-03-01 13:38:58,938 - No connection to port 10001
2025-03-01 13:38:59,141 - No connection to port 10000
2025-03-01 13:38:59,344 - RECEIVE - System Time: 2025-03-01 13:38:59.344177, Logical Clock: 13, Queue Length: 0, From: Machine 2
2025-03-01 13:38:59,547 - INTERNAL - System Time: 2025-03-01 13:38:59.547416, Logical Clock: 14
2025-03-01 13:38:59,752 - No connection to port 10000
2025-03-01 13:38:59,958 - No connection to port 10000
2025-03-01 13:39:00,163 - INTERNAL - System Time: 2025-03-01 13:39:00.163762, Logical Clock: 17
2025-03-01 13:39:00,368 - INTERNAL - System Time: 2025-03-01 13:39:00.368674, Logical Clock: 18
2025-03-01 13:39:00,573 - INTERNAL - System Time: 2025-03-01 13:39:00.573392, Logical Clock: 19
2025-03-01 13:39:00,777 - RECEIVE - System Time: 2025-03-01 13:39:00.777598, Logical Clock: 21, Queue Length: 0, From: Machine 2
2025-03-01 13:39:00,983 - INTERNAL - System Time: 2025-03-01 13:39:00.983139, Logical Clock: 22
2025-03-01 13:39:01,188 - No connection to port 10000
2025-03-01 13:39:01,188 - No connection to port 10001
2025-03-01 13:39:01,391 - INTERNAL - System Time: 2025-03-01 13:39:01.390988, Logical Clock: 24
2025-03-01 13:39:01,596 - INTERNAL - System Time: 2025-03-01 13:39:01.596500, Logical Clock: 25
2025-03-01 13:39:01,802 - INTERNAL - System Time: 2025-03-01 13:39:01.802005, Logical Clock: 26
2025-03-01 13:39:02,003 - No connection to port 10000
2025-03-01 13:39:02,208 - INTERNAL - System Time: 2025-03-01 13:39:02.207930, Logical Clock: 28
2025-03-01 13:39:02,411 - No connection to port 10000
2025-03-01 13:39:02,411 - No connection to port 10001
2025-03-01 13:39:02,614 - INTERNAL - System Time: 2025-03-01 13:39:02.613883, Logical Clock: 30
2025-03-01 13:39:02,819 - INTERNAL - System Time: 2025-03-01 13:39:02.818987, Logical Clock: 31
2025-03-01 13:39:03,024 - RECEIVE - System Time: 2025-03-01 13:39:03.024172, Logical Clock: 35, Queue Length: 0, From: Machine 2
2025-03-01 13:39:03,227 - RECEIVE - System Time: 2025-03-01 13:39:03.227138, Logical Clock: 36, Queue Length: 0, From: Machine 2
2025-03-01 13:39:03,432 - No connection to port 10000
2025-03-01 13:39:03,432 - No connection to port 10001
2025-03-01 13:39:03,637 - INTERNAL - System Time: 2025-03-01 13:39:03.637496, Logical Clock: 38
2025-03-01 13:39:03,841 - No connection to port 10000
2025-03-01 13:39:04,043 - RECEIVE - System Time: 2025-03-01 13:39:04.042751, Logical Clock: 40, Queue Length: 0, From: Machine 1
2025-03-01 13:39:04,246 - RECEIVE - System Time: 2025-03-01 13:39:04.246105, Logical Clock: 42, Queue Length: 0, From: Machine 2
2025-03-01 13:39:04,448 - INTERNAL - System Time: 2025-03-01 13:39:04.448619, Logical Clock: 43
2025-03-01 13:39:04,652 - INTERNAL - System Time: 2025-03-01 13:39:04.652524, Logical Clock: 44
2025-03-01 13:39:04,856 - RECEIVE - System Time: 2025-03-01 13:39:04.856617, Logical Clock: 45, Queue Length: 0, From: Machine 2
2025-03-01 13:39:05,059 - INTERNAL - System Time: 2025-03-01 13:39:05.059272, Logical Clock: 46
2025-03-01 13:39:05,260 - No connection to port 10000
2025-03-01 13:39:05,260 - No connection to port 10001
2025-03-01 13:39:05,462 - No connection to port 10000
2025-03-01 13:39:05,462 - No connection to port 10001
2025-03-01 13:39:05,665 - INTERNAL - System Time: 2025-03-01 13:39:05.664836, Logical Clock: 49
2025-03-01 13:39:05,870 - INTERNAL - System Time: 2025-03-01 13:39:05.870253, Logical Clock: 50
2025-03-01 13:39:06,073 - RECEIVE - System Time: 2025-03-01 13:39:06.073150, Logical Clock: 53, Queue Length: 0, From: Machine 2
2025-03-01 13:39:06,278 - INTERNAL - System Time: 2025-03-01 13:39:06.278066, Logical Clock: 54
2025-03-01 13:39:06,482 - INTERNAL - System Time: 2025-03-01 13:39:06.482887, Logical Clock: 55
2025-03-01 13:39:06,688 - No connection to port 10000
2025-03-01 13:39:06,688 - No connection to port 10001
2025-03-01 13:39:06,890 - INTERNAL - System Time: 2025-03-01 13:39:06.890409, Logical Clock: 57
2025-03-01 13:39:07,095 - INTERNAL - System Time: 2025-03-01 13:39:07.095245, Logical Clock: 58
2025-03-01 13:39:07,297 - RECEIVE - System Time: 2025-03-01 13:39:07.297459, Logical Clock: 60, Queue Length: 0, From: Machine 2
2025-03-01 13:39:07,503 - INTERNAL - System Time: 2025-03-01 13:39:07.502918, Logical Clock: 61
2025-03-01 13:39:07,708 - RECEIVE - System Time: 2025-03-01 13:39:07.708153, Logical Clock: 62, Queue Length: 0, From: Machine 1
2025-03-01 13:39:07,910 - RECEIVE - System Time: 2025-03-01 13:39:07.910178, Logical Clock: 63, Queue Length: 0, From: Machine 2
2025-03-01 13:39:08,112 - No connection to port 10000
2025-03-01 13:39:08,317 - RECEIVE - System Time: 2025-03-01 13:39:08.317664, Logical Clock: 65, Queue Length: 0, From: Machine 2
2025-03-01 13:39:08,520 - RECEIVE - System Time: 2025-03-01 13:39:08.520583, Logical Clock: 67, Queue Length: 0, From: Machine 2
2025-03-01 13:39:08,723 - RECEIVE - System Time: 2025-03-01 13:39:08.723294, Logical Clock: 68, Queue Length: 0, From: Machine 1
2025-03-01 13:39:08,925 - RECEIVE - System Time: 2025-03-01 13:39:08.925733, Logical Clock: 69, Queue Length: 0, From: Machine 2
2025-03-01 13:39:09,131 - No connection to port 10000
2025-03-01 13:39:09,131 - No connection to port 10001
2025-03-01 13:39:09,335 - INTERNAL - System Time: 2025-03-01 13:39:09.335442, Logical Clock: 71
2025-03-01 13:39:09,540 - RECEIVE - System Time: 2025-03-01 13:39:09.539959, Logical Clock: 73, Queue Length: 1, From: Machine 2
2025-03-01 13:39:09,744 - RECEIVE - System Time: 2025-03-01 13:39:09.744706, Logical Clock: 74, Queue Length: 0, From: Machine 1
2025-03-01 13:39:09,950 - No connection to port 10000
2025-03-01 13:39:09,950 - No connection to port 10001
2025-03-01 13:39:10,152 - RECEIVE - System Time: 2025-03-01 13:39:10.152341, Logical Clock: 76, Queue Length: 0, From: Machine 2
2025-03-01 13:39:10,357 - INTERNAL - System Time: 2025-03-01 13:39:10.356986, Logical Clock: 77
2025-03-01 13:39:10,559 - RECEIVE - System Time: 2025-03-01 13:39:10.559676, Logical Clock: 79, Queue Length: 0, From: Machine 2
2025-03-01 13:39:10,760 - INTERNAL - System Time: 2025-03-01 13:39:10.760811, Logical Clock: 80
2025-03-01 13:39:10,963 - INTERNAL - System Time: 2025-03-01 13:39:10.963137, Logical Clock: 81
2025-03-01 13:39:11,167 - RECEIVE - System Time: 2025-03-01 13:39:11.167223, Logical Clock: 82, Queue Length: 0, From: Machine 1
2025-03-01 13:39:11,368 - RECEIVE - System Time: 2025-03-01 13:39:11.368725, Logical Clock: 83, Queue Length: 0, From: Machine 2
2025-03-01 13:39:11,574 - INTERNAL - System Time: 2025-03-01 13:39:11.574280, Logical Clock: 84
2025-03-01 13:39:11,779 - INTERNAL - System Time: 2025-03-01 13:39:11.779110, Logical Clock: 85
2025-03-01 13:39:11,984 - No connection to port 10001
2025-03-01 13:39:12,191 - RECEIVE - System Time: 2025-03-01 13:39:12.189727, Logical Clock: 87, Queue Length: 0, From: Machine 1
2025-03-01 13:39:12,395 - INTERNAL - System Time: 2025-03-01 13:39:12.395018, Logical Clock: 88
2025-03-01 13:39:12,599 - INTERNAL - System Time: 2025-03-01 13:39:12.599088, Logical Clock: 89
2025-03-01 13:39:12,802 - INTERNAL - System Time: 2025-03-01 13:39:12.802339, Logical Clock: 90
2025-03-01 13:39:13,008 - No connection to port 10000
2025-03-01 13:39:13,008 - No connection to port 10001
2025-03-01 13:39:13,212 - No connection to port 10000
2025-03-01 13:39:13,417 - INTERNAL - System Time: 2025-03-01 13:39:13.417844, Logical Clock: 93
2025-03-01 13:39:13,618 - INTERNAL - System Time: 2025-03-01 13:39:13.618732, Logical Clock: 94
2025-03-01 13:39:13,824 - No connection to port 10000
2025-03-01 13:39:14,027 - INTERNAL - System Time: 2025-03-01 13:39:14.027510, Logical Clock: 96
2025-03-01 13:39:14,228 - No connection to port 10001
2025-03-01 13:39:14,429 - RECEIVE - System Time: 2025-03-01 13:39:14.429252, Logical Clock: 101, Queue Length: 0, From: Machine 2
2025-03-01 13:39:14,634 - RECEIVE - System Time: 2025-03-01 13:39:14.634752, Logical Clock: 102, Queue Length: 0, From: Machine 1
2025-03-01 13:39:14,844 - INTERNAL - System Time: 2025-03-01 13:39:14.844560, Logical Clock: 103
2025-03-01 13:39:15,046 - RECEIVE - System Time: 2025-03-01 13:39:15.046203, Logical Clock: 105, Queue Length: 0, From: Machine 2
2025-03-01 13:39:15,250 - INTERNAL - System Time: 2025-03-01 13:39:15.250648, Logical Clock: 106
2025-03-01 13:39:15,452 - No connection to port 10000
2025-03-01 13:39:15,654 - INTERNAL - System Time: 2025-03-01 13:39:15.654893, Logical Clock: 108
2025-03-01 13:39:15,861 - RECEIVE - System Time: 2025-03-01 13:39:15.860994, Logical Clock: 110, Queue Length: 0, From: Machine 2
2025-03-01 13:39:16,063 - INTERNAL - System Time: 2025-03-01 13:39:16.063835, Logical Clock: 111
2025-03-01 13:39:16,269 - INTERNAL - System Time: 2025-03-01 13:39:16.268855, Logical Clock: 112
2025-03-01 13:39:16,475 - INTERNAL - System Time: 2025-03-01 13:39:16.474929, Logical Clock: 113
2025-03-01 13:39:16,679 - INTERNAL - System Time: 2025-03-01 13:39:16.679206, Logical Clock: 114
2025-03-01 13:39:16,883 - INTERNAL - System Time: 2025-03-01 13:39:16.882498, Logical Clock: 115
2025-03-01 13:39:17,089 - No connection to port 10000
2025-03-01 13:39:17,292 - INTERNAL - System Time: 2025-03-01 13:39:17.291831, Logical Clock: 117
2025-03-01 13:39:17,493 - INTERNAL - System Time: 2025-03-01 13:39:17.493620, Logical Clock: 118
2025-03-01 13:39:17,696 - RECEIVE - System Time: 2025-03-01 13:39:17.696197, Logical Clock: 121, Queue Length: 0, From: Machine 2
2025-03-01 13:39:17,899 - No connection to port 10000
2025-03-01 13:39:18,101 - INTERNAL - System Time: 2025-03-01 13:39:18.101404, Logical Clock: 123
2025-03-01 13:39:18,302 - No connection to port 10000
2025-03-01 13:39:18,503 - INTERNAL - System Time: 2025-03-01 13:39:18.503551, Logical Clock: 125
2025-03-01 13:39:18,708 - RECEIVE - System Time: 2025-03-01 13:39:18.707621, Logical Clock: 127, Queue Length: 0, From: Machine 2
2025-03-01 13:39:18,909 - No connection to port 10000
2025-03-01 13:39:18,909 - No connection to port 10001
2025-03-01 13:39:19,110 - INTERNAL - System Time: 2025-03-01 13:39:19.110884, Logical Clock: 129
2025-03-01 13:39:19,315 - INTERNAL - System Time: 2025-03-01 13:39:19.315279, Logical Clock: 130
2025-03-01 13:39:19,519 - INTERNAL - System Time: 2025-03-01 13:39:19.519375, Logical Clock: 131
2025-03-01 13:39:19,723 - No connection to port 10000
2025-03-01 13:39:19,723 - No connection to port 10001
2025-03-01 13:39:19,926 - INTERNAL - System Time: 2025-03-01 13:39:19.926671, Logical Clock: 133
2025-03-01 13:39:20,127 - No connection to port 10000
2025-03-01 13:39:20,332 - INTERNAL - System Time: 2025-03-01 13:39:20.331956, Logical Clock: 135
2025-03-01 13:39:20,535 - No connection to port 10000
2025-03-01 13:39:20,739 - INTERNAL - System Time: 2025-03-01 13:39:20.739797, Logical Clock: 137
2025-03-01 13:39:20,943 - INTERNAL - System Time: 2025-03-01 13:39:20.942898, Logical Clock: 138
2025-03-01 13:39:21,149 - INTERNAL - System Time: 2025-03-01 13:39:21.148961, Logical Clock: 139
2025-03-01 13:39:21,352 - No connection to port 10000
2025-03-01 13:39:21,558 - INTERNAL - System Time: 2025-03-01 13:39:21.558201, Logical Clock: 141
2025-03-01 13:39:21,762 - RECEIVE - System Time: 2025-03-01 13:39:21.762923, Logical Clock: 142, Queue Length: 0, From: Machine 1
2025-03-01 13:39:21,968 - No connection to port 10000
2025-03-01 13:39:22,173 - INTERNAL - System Time: 2025-03-01 13:39:22.173251, Logical Clock: 144
2025-03-01 13:39:22,379 - INTERNAL - System Time: 2025-03-01 13:39:22.379206, Logical Clock: 145
2025-03-01 13:39:22,583 - No connection to port 10000
2025-03-01 13:39:22,583 - No connection to port 10001
2025-03-01 13:39:22,789 - No connection to port 10001
2025-03-01 13:39:22,993 - RECEIVE - System Time: 2025-03-01 13:39:22.992476, Logical Clock: 152, Queue Length: 0, From: Machine 2
2025-03-01 13:39:23,196 - INTERNAL - System Time: 2025-03-01 13:39:23.196275, Logical Clock: 153
2025-03-01 13:39:23,401 - INTERNAL - System Time: 2025-03-01 13:39:23.401537, Logical Clock: 154
2025-03-01 13:39:23,608 - INTERNAL - System Time: 2025-03-01 13:39:23.607093, Logical Clock: 155
2025-03-01 13:39:23,812 - No connection to port 10000
2025-03-01 13:39:23,812 - No connection to port 10001
2025-03-01 13:39:24,019 - INTERNAL - System Time: 2025-03-01 13:39:24.019208, Logical Clock: 157
2025-03-01 13:39:24,225 - INTERNAL - System Time: 2025-03-01 13:39:24.225422, Logical Clock: 158
2025-03-01 13:39:24,427 - No connection to port 10000
2025-03-01 13:39:24,427 - No connection to port 10001
2025-03-01 13:39:24,629 - INTERNAL - System Time: 2025-03-01 13:39:24.629143, Logical Clock: 160
2025-03-01 13:39:24,831 - INTERNAL - System Time: 2025-03-01 13:39:24.831756, Logical Clock: 161
2025-03-01 13:39:25,034 - No connection to port 10000
2025-03-01 13:39:25,034 - No connection to port 10001
2025-03-01 13:39:25,238 - INTERNAL - System Time: 2025-03-01 13:39:25.238135, Logical Clock: 163
2025-03-01 13:39:25,441 - INTERNAL - System Time: 2025-03-01 13:39:25.441359, Logical Clock: 164
2025-03-01 13:39:25,644 - INTERNAL - System Time: 2025-03-01 13:39:25.643973, Logical Clock: 165
2025-03-01 13:39:25,848 - INTERNAL - System Time: 2025-03-01 13:39:25.847839, Logical Clock: 166
2025-03-01 13:39:26,048 - RECEIVE - System Time: 2025-03-01 13:39:26.048588, Logical Clock: 169, Queue Length: 1, From: Machine 2
2025-03-01 13:39:26,252 - RECEIVE - System Time: 2025-03-01 13:39:26.251949, Logical Clock: 170, Queue Length: 1, From: Machine 2
2025-03-01 13:39:26,458 - RECEIVE - System Time: 2025-03-01 13:39:26.457124, Logical Clock: 171, Queue Length: 1, From: Machine 1
2025-03-01 13:39:26,659 - RECEIVE - System Time: 2025-03-01 13:39:26.659110, Logical Clock: 172, Queue Length: 0, From: Machine 2
2025-03-01 13:39:26,861 - INTERNAL - System Time: 2025-03-01 13:39:26.861361, Logical Clock: 173
2025-03-01 13:39:27,065 - INTERNAL - System Time: 2025-03-01 13:39:27.065254, Logical Clock: 174
2025-03-01 13:39:27,268 - RECEIVE - System Time: 2025-03-01 13:39:27.267930, Logical Clock: 175, Queue Length: 0, From: Machine 1
2025-03-01 13:39:27,473 - No connection to port 10001
2025-03-01 13:39:27,676 - RECEIVE - System Time: 2025-03-01 13:39:27.676186, Logical Clock: 179, Queue Length: 0, From: Machine 2
2025-03-01 13:39:27,880 - INTERNAL - System Time: 2025-03-01 13:39:27.879958, Logical Clock: 180
2025-03-01 13:39:28,081 - No connection to port 10000
2025-03-01 13:39:28,081 - No connection to port 10001
2025-03-01 13:39:28,285 - RECEIVE - System Time: 2025-03-01 13:39:28.285627, Logical Clock: 183, Queue Length: 0, From: Machine 2
2025-03-01 13:39:28,493 - RECEIVE - System Time: 2025-03-01 13:39:28.492854, Logical Clock: 184, Queue Length: 0, From: Machine 2
2025-03-01 13:39:28,704 - INTERNAL - System Time: 2025-03-01 13:39:28.704149, Logical Clock: 185
2025-03-01 13:39:28,917 - No connection to port 10000
2025-03-01 13:39:29,120 - RECEIVE - System Time: 2025-03-01 13:39:29.120776, Logical Clock: 188, Queue Length: 0, From: Machine 2
2025-03-01 13:39:29,326 - INTERNAL - System Time: 2025-03-01 13:39:29.326020, Logical Clock: 189
2025-03-01 13:39:29,531 - No connection to port 10000
2025-03-01 13:39:29,531 - No connection to port 10001
2025-03-01 13:39:29,736 - INTERNAL - System Time: 2025-03-01 13:39:29.736301, Logical Clock: 191
2025-03-01 13:39:29,940 - INTERNAL - System Time: 2025-03-01 13:39:29.940815, Logical Clock: 192
2025-03-01 13:39:30,141 - INTERNAL - System Time: 2025-03-01 13:39:30.141445, Logical Clock: 193
2025-03-01 13:39:30,346 - INTERNAL - System Time: 2025-03-01 13:39:30.346676, Logical Clock: 194
2025-03-01 13:39:30,552 - INTERNAL - System Time: 2025-03-01 13:39:30.551969, Logical Clock: 195
2025-03-01 13:39:30,761 - INTERNAL - System Time: 2025-03-01 13:39:30.760574, Logical Clock: 196
2025-03-01 13:39:30,962 - INTERNAL - System Time: 2025-03-01 13:39:30.962491, Logical Clock: 197
2025-03-01 13:39:31,163 - RECEIVE - System Time: 2025-03-01 13:39:31.163515, Logical Clock: 199, Queue Length: 0, From: Machine 2
2025-03-01 13:39:31,365 - INTERNAL - System Time: 2025-03-01 13:39:31.365063, Logical Clock: 200
2025-03-01 13:39:31,567 - RECEIVE - System Time: 2025-03-01 13:39:31.567318, Logical Clock: 202, Queue Length: 0, From: Machine 2
2025-03-01 13:39:31,768 - RECEIVE - System Time: 2025-03-01 13:39:31.768822, Logical Clock: 203, Queue Length: 0, From: Machine 2
2025-03-01 13:39:31,973 - RECEIVE - System Time: 2025-03-01 13:39:31.973637, Logical Clock: 204, Queue Length: 0, From: Machine 2
2025-03-01 13:39:32,179 - No connection to port 10000
2025-03-01 13:39:32,179 - No connection to port 10001
2025-03-01 13:39:32,383 - RECEIVE - System Time: 2025-03-01 13:39:32.383766, Logical Clock: 206, Queue Length: 0, From: Machine 1
2025-03-01 13:39:32,588 - INTERNAL - System Time: 2025-03-01 13:39:32.587892, Logical Clock: 207
2025-03-01 13:39:32,794 - RECEIVE - System Time: 2025-03-01 13:39:32.793641, Logical Clock: 209, Queue Length: 1, From: Machine 2
2025-03-01 13:39:32,998 - RECEIVE - System Time: 2025-03-01 13:39:32.998598, Logical Clock: 210, Queue Length: 0, From: Machine 1
2025-03-01 13:39:33,202 - INTERNAL - System Time: 2025-03-01 13:39:33.202360, Logical Clock: 211
2025-03-01 13:39:33,407 - INTERNAL - System Time: 2025-03-01 13:39:33.407107, Logical Clock: 212
2025-03-01 13:39:33,610 - INTERNAL - System Time: 2025-03-01 13:39:33.610621, Logical Clock: 213
2025-03-01 13:39:33,816 - INTERNAL - System Time: 2025-03-01 13:39:33.815895, Logical Clock: 214
2025-03-01 13:39:34,021 - INTERNAL - System Time: 2025-03-01 13:39:34.021045, Logical Clock: 215
2025-03-01 13:39:34,226 - RECEIVE - System Time: 2025-03-01 13:39:34.226112, Logical Clock: 217, Queue Length: 0, From: Machine 2
2025-03-01 13:39:34,431 - INTERNAL - System Time: 2025-03-01 13:39:34.431406, Logical Clock: 218
2025-03-01 13:39:34,635 - No connection to port 10000
2025-03-01 13:39:34,635 - No connection to port 10001
2025-03-01 13:39:34,839 - RECEIVE - System Time: 2025-03-01 13:39:34.839842, Logical Clock: 220, Queue Length: 0, From: Machine 1
2025-03-01 13:39:35,041 - INTERNAL - System Time: 2025-03-01 13:39:35.040611, Logical Clock: 221
2025-03-01 13:39:35,245 - RECEIVE - System Time: 2025-03-01 13:39:35.245772, Logical Clock: 223, Queue Length: 0, From: Machine 2
2025-03-01 13:39:35,450 - RECEIVE - System Time: 2025-03-01 13:39:35.450424, Logical Clock: 224, Queue Length: 0, From: Machine 2
2025-03-01 13:39:35,655 - INTERNAL - System Time: 2025-03-01 13:39:35.655902, Logical Clock: 225
2025-03-01 13:39:35,861 - No connection to port 10001
2025-03-01 13:39:36,065 - INTERNAL - System Time: 2025-03-01 13:39:36.065686, Logical Clock: 227
2025-03-01 13:39:36,269 - RECEIVE - System Time: 2025-03-01 13:39:36.269205, Logical Clock: 228, Queue Length: 0, From: Machine 1
2025-03-01 13:39:36,473 - INTERNAL - System Time: 2025-03-01 13:39:36.473060, Logical Clock: 229
2025-03-01 13:39:36,673 - INTERNAL - System Time: 2025-03-01 13:39:36.673528, Logical Clock: 230
2025-03-01 13:39:36,874 - No connection to port 10000
2025-03-01 13:39:36,874 - No connection to port 10001
2025-03-01 13:39:37,079 - INTERNAL - System Time: 2025-03-01 13:39:37.079508, Logical Clock: 232
2025-03-01 13:39:37,284 - INTERNAL - System Time: 2025-03-01 13:39:37.284078, Logical Clock: 233
2025-03-01 13:39:37,487 - INTERNAL - System Time: 2025-03-01 13:39:37.487066, Logical Clock: 234
2025-03-01 13:39:37,688 - RECEIVE - System Time: 2025-03-01 13:39:37.688436, Logical Clock: 238, Queue Length: 0, From: Machine 2
2025-03-01 13:39:37,890 - INTERNAL - System Time: 2025-03-01 13:39:37.890761, Logical Clock: 239
2025-03-01 13:39:38,094 - No connection to port 10000
2025-03-01 13:39:38,296 - INTERNAL - System Time: 2025-03-01 13:39:38.296223, Logical Clock: 241
2025-03-01 13:39:38,498 - INTERNAL - System Time: 2025-03-01 13:39:38.498579, Logical Clock: 242
2025-03-01 13:39:38,702 - No connection to port 10000
2025-03-01 13:39:38,702 - No connection to port 10001
2025-03-01 13:39:38,908 - RECEIVE - System Time: 2025-03-01 13:39:38.908140, Logical Clock: 244, Queue Length: 1, From: Machine 1
2025-03-01 13:39:39,112 - RECEIVE - System Time: 2025-03-01 13:39:39.111728, Logical Clock: 245, Queue Length: 1, From: Machine 2
2025-03-01 13:39:39,314 - RECEIVE - System Time: 2025-03-01 13:39:39.313939, Logical Clock: 246, Queue Length: 0, From: Machine 2
2025-03-01 13:39:39,517 - INTERNAL - System Time: 2025-03-01 13:39:39.517214, Logical Clock: 247
2025-03-01 13:39:39,719 - INTERNAL - System Time: 2025-03-01 13:39:39.718851, Logical Clock: 248
2025-03-01 13:39:39,926 - INTERNAL - System Time: 2025-03-01 13:39:39.925892, Logical Clock: 249
2025-03-01 13:39:40,130 - INTERNAL - System Time: 2025-03-01 13:39:40.130736, Logical Clock: 250
2025-03-01 13:39:40,334 - INTERNAL - System Time: 2025-03-01 13:39:40.334761, Logical Clock: 251
2025-03-01 13:39:40,539 - INTERNAL - System Time: 2025-03-01 13:39:40.539737, Logical Clock: 252
2025-03-01 13:39:40,744 - RECEIVE - System Time: 2025-03-01 13:39:40.741943, Logical Clock: 256, Queue Length: 0, From: Machine 2
2025-03-01 13:39:40,948 - INTERNAL - System Time: 2025-03-01 13:39:40.948579, Logical Clock: 257
2025-03-01 13:39:41,152 - No connection to port 10000
2025-03-01 13:39:41,153 - No connection to port 10001
2025-03-01 13:39:41,358 - RECEIVE - System Time: 2025-03-01 13:39:41.358066, Logical Clock: 259, Queue Length: 0, From: Machine 2
2025-03-01 13:39:41,563 - RECEIVE - System Time: 2025-03-01 13:39:41.563529, Logical Clock: 260, Queue Length: 0, From: Machine 2
2025-03-01 13:39:41,765 - RECEIVE - System Time: 2025-03-01 13:39:41.765121, Logical Clock: 262, Queue Length: 0, From: Machine 2
2025-03-01 13:39:41,970 - INTERNAL - System Time: 2025-03-01 13:39:41.970835, Logical Clock: 263
2025-03-01 13:39:42,174 - No connection to port 10000
2025-03-01 13:39:42,175 - No connection to port 10001
2025-03-01 13:39:42,376 - INTERNAL - System Time: 2025-03-01 13:39:42.376236, Logical Clock: 265
2025-03-01 13:39:42,579 - No connection to port 10001
2025-03-01 13:39:42,783 - INTERNAL - System Time: 2025-03-01 13:39:42.783378, Logical Clock: 267
2025-03-01 13:39:42,988 - INTERNAL - System Time: 2025-03-01 13:39:42.988934, Logical Clock: 268
2025-03-01 13:39:43,192 - No connection to port 10000
2025-03-01 13:39:43,392 - RECEIVE - System Time: 2025-03-01 13:39:43.392606, Logical Clock: 270, Queue Length: 0, From: Machine 1
2025-03-01 13:39:43,596 - No connection to port 10000
2025-03-01 13:39:43,798 - INTERNAL - System Time: 2025-03-01 13:39:43.798338, Logical Clock: 272
2025-03-01 13:39:44,002 - No connection to port 10001
2025-03-01 13:39:44,207 - No connection to port 10001
2025-03-01 13:39:44,413 - RECEIVE - System Time: 2025-03-01 13:39:44.413247, Logical Clock: 275, Queue Length: 0, From: Machine 1
2025-03-01 13:39:44,616 - No connection to port 10001
2025-03-01 13:39:44,819 - INTERNAL - System Time: 2025-03-01 13:39:44.819825, Logical Clock: 277
2025-03-01 13:39:45,025 - INTERNAL - System Time: 2025-03-01 13:39:45.025153, Logical Clock: 278
2025-03-01 13:39:45,226 - No connection to port 10001
2025-03-01 13:39:45,428 - INTERNAL - System Time: 2025-03-01 13:39:45.428868, Logical Clock: 280
2025-03-01 13:39:45,631 - INTERNAL - System Time: 2025-03-01 13:39:45.631229, Logical Clock: 281
2025-03-01 13:39:45,832 - RECEIVE - System Time: 2025-03-01 13:39:45.831916, Logical Clock: 285, Queue Length: 0, From: Machine 2
2025-03-01 13:39:46,033 - No connection to port 10000
2025-03-01 13:39:46,034 - No connection to port 10001
2025-03-01 13:39:46,236 - INTERNAL - System Time: 2025-03-01 13:39:46.236225, Logical Clock: 287
2025-03-01 13:39:46,438 - INTERNAL - System Time: 2025-03-01 13:39:46.438664, Logical Clock: 288
2025-03-01 13:39:46,642 - RECEIVE - System Time: 2025-03-01 13:39:46.641863, Logical Clock: 290, Queue Length: 0, From: Machine 2
2025-03-01 13:39:46,844 - INTERNAL - System Time: 2025-03-01 13:39:46.844046, Logical Clock: 291
2025-03-01 13:39:47,049 - INTERNAL - System Time: 2025-03-01 13:39:47.049490, Logical Clock: 292
2025-03-01 13:39:47,254 - RECEIVE - System Time: 2025-03-01 13:39:47.254715, Logical Clock: 293, Queue Length: 0, From: Machine 2
2025-03-01 13:39:47,457 - INTERNAL - System Time: 2025-03-01 13:39:47.457666, Logical Clock: 294
2025-03-01 13:39:47,662 - RECEIVE - System Time: 2025-03-01 13:39:47.662580, Logical Clock: 296, Queue Length: 0, From: Machine 2
2025-03-01 13:39:47,867 - INTERNAL - System Time: 2025-03-01 13:39:47.867605, Logical Clock: 297
2025-03-01 13:39:48,070 - INTERNAL - System Time: 2025-03-01 13:39:48.070384, Logical Clock: 298
2025-03-01 13:39:48,273 - No connection to port 10001
2025-03-01 13:39:48,477 - No connection to port 10000
2025-03-01 13:39:48,477 - No connection to port 10001
2025-03-01 13:39:48,683 - INTERNAL - System Time: 2025-03-01 13:39:48.683240, Logical Clock: 301
2025-03-01 13:39:48,888 - INTERNAL - System Time: 2025-03-01 13:39:48.888524, Logical Clock: 302
2025-03-01 13:39:49,092 - INTERNAL - System Time: 2025-03-01 13:39:49.091942, Logical Clock: 303
2025-03-01 13:39:49,298 - RECEIVE - System Time: 2025-03-01 13:39:49.298040, Logical Clock: 305, Queue Length: 0, From: Machine 2
2025-03-01 13:39:49,503 - RECEIVE - System Time: 2025-03-01 13:39:49.503594, Logical Clock: 306, Queue Length: 0, From: Machine 1
2025-03-01 13:39:49,709 - No connection to port 10001
2025-03-01 13:39:49,914 - INTERNAL - System Time: 2025-03-01 13:39:49.914402, Logical Clock: 308
2025-03-01 13:39:50,117 - No connection to port 10001
2025-03-01 13:39:50,318 - RECEIVE - System Time: 2025-03-01 13:39:50.318933, Logical Clock: 311, Queue Length: 0, From: Machine 2
2025-03-01 13:39:50,524 - RECEIVE - System Time: 2025-03-01 13:39:50.524062, Logical Clock: 312, Queue Length: 0, From: Machine 1
2025-03-01 13:39:50,729 - INTERNAL - System Time: 2025-03-01 13:39:50.729222, Logical Clock: 313
2025-03-01 13:39:50,934 - No connection to port 10001
2025-03-01 13:39:51,139 - No connection to port 10000
2025-03-01 13:39:51,139 - No connection to port 10001
2025-03-01 13:39:51,343 - No connection to port 10000
2025-03-01 13:39:51,343 - No connection to port 10001
2025-03-01 13:39:51,546 - INTERNAL - System Time: 2025-03-01 13:39:51.546295, Logical Clock: 317
2025-03-01 13:39:51,751 - INTERNAL - System Time: 2025-03-01 13:39:51.751606, Logical Clock: 318
2025-03-01 13:39:51,955 - RECEIVE - System Time: 2025-03-01 13:39:51.955413, Logical Clock: 321, Queue Length: 0, From: Machine 2
2025-03-01 13:39:52,159 - INTERNAL - System Time: 2025-03-01 13:39:52.159411, Logical Clock: 322
2025-03-01 13:39:52,361 - INTERNAL - System Time: 2025-03-01 13:39:52.361171, Logical Clock: 323
2025-03-01 13:39:52,564 - INTERNAL - System Time: 2025-03-01 13:39:52.564232, Logical Clock: 324
2025-03-01 13:39:52,769 - INTERNAL - System Time: 2025-03-01 13:39:52.769413, Logical Clock: 325
2025-03-01 13:39:52,974 - RECEIVE - System Time: 2025-03-01 13:39:52.974671, Logical Clock: 327, Queue Length: 0, From: Machine 2
2025-03-01 13:39:53,181 - RECEIVE - System Time: 2025-03-01 13:39:53.181150, Logical Clock: 328, Queue Length: 0, From: Machine 2
2025-03-01 13:39:53,381 - INTERNAL - System Time: 2025-03-01 13:39:53.381862, Logical Clock: 329
2025-03-01 13:39:53,587 - INTERNAL - System Time: 2025-03-01 13:39:53.587060, Logical Clock: 330
2025-03-01 13:39:53,791 - INTERNAL - System Time: 2025-03-01 13:39:53.790941, Logical Clock: 331
2025-03-01 13:39:53,992 - INTERNAL - System Time: 2025-03-01 13:39:53.992448, Logical Clock: 332
2025-03-01 13:39:54,197 - INTERNAL - System Time: 2025-03-01 13:39:54.197804, Logical Clock: 333
2025-03-01 13:39:54,402 - INTERNAL - System Time: 2025-03-01 13:39:54.402526, Logical Clock: 334
2025-03-01 13:39:54,611 - RECEIVE - System Time: 2025-03-01 13:39:54.611451, Logical Clock: 335, Queue Length: 0, From: Machine 1
2025-03-01 13:39:54,815 - No connection to port 10000
2025-03-01 13:39:54,815 - No connection to port 10001
2025-03-01 13:39:55,016 - INTERNAL - System Time: 2025-03-01 13:39:55.016060, Logical Clock: 337
2025-03-01 13:39:55,221 - INTERNAL - System Time: 2025-03-01 13:39:55.221286, Logical Clock: 338
2025-03-01 13:39:55,423 - No connection to port 10001
2025-03-01 13:39:55,628 - RECEIVE - System Time: 2025-03-01 13:39:55.628302, Logical Clock: 340, Queue Length: 0, From: Machine 1
2025-03-01 13:39:55,829 - No connection to port 10000
2025-03-01 13:39:56,031 - INTERNAL - System Time: 2025-03-01 13:39:56.031089, Logical Clock: 342
2025-03-01 13:39:56,233 - INTERNAL - System Time: 2025-03-01 13:39:56.233675, Logical Clock: 343
2025-03-01 13:39:56,438 - No connection to port 10001
2025-03-01 13:39:56,640 - RECEIVE - System Time: 2025-03-01 13:39:56.640465, Logical Clock: 349, Queue Length: 0, From: Machine 2
2025-03-01 13:39:56,845 - No connection to port 10001
2025-03-01 13:39:57,049 - RECEIVE - System Time: 2025-03-01 13:39:57.049757, Logical Clock: 351, Queue Length: 0, From: Machine 2
2025-03-01 13:39:57,252 - INTERNAL - System Time: 2025-03-01 13:39:57.252429, Logical Clock: 352
