2025-03-01 13:38:56,364 - Virtual Machine 2 initialized
2025-03-01 13:38:56,364 - Clock Rate: 6 ticks/second
2025-03-01 13:38:56,364 - Listening on port: 10001
2025-03-01 13:38:56,364 - Peer ports: [10000, 10002]
2025-03-01 13:38:56,880 - Accepted connection from ('127.0.0.1', 49701)
2025-03-01 13:38:57,370 - Connected to peer on port 10002
2025-03-01 13:38:57,370 - Network initialization completed
2025-03-01 13:38:57,370 - Starting main event loop
2025-03-01 13:38:57,370 - Clock rate: 6 ticks/second
2025-03-01 13:38:57,371 - INTERNAL - System Time: 2025-03-01 13:38:57.371068, Logical Clock: 1
2025-03-01 13:38:57,540 - No connection to port 10000
2025-03-01 13:38:57,713 - No connection to port 10000
2025-03-01 13:38:57,713 - SEND - System Time: 2025-03-01 13:38:57.712980, Logical Clock: 3, To: Machine on port 10002
2025-03-01 13:38:57,885 - INTERNAL - System Time: 2025-03-01 13:38:57.885498, Logical Clock: 4
2025-03-01 13:38:58,055 - INTERNAL - System Time: 2025-03-01 13:38:58.055156, Logical Clock: 5
2025-03-01 13:38:58,224 - INTERNAL - System Time: 2025-03-01 13:38:58.224631, Logical Clock: 6
2025-03-01 13:38:58,396 - INTERNAL - System Time: 2025-03-01 13:38:58.396642, Logical Clock: 7
2025-03-01 13:38:58,565 - INTERNAL - System Time: 2025-03-01 13:38:58.565709, Logical Clock: 8
2025-03-01 13:38:58,736 - No connection to port 10000
2025-03-01 13:38:58,908 - INTERNAL - System Time: 2025-03-01 13:38:58.908641, Logical Clock: 10
2025-03-01 13:38:59,076 - INTERNAL - System Time: 2025-03-01 13:38:59.076229, Logical Clock: 11
2025-03-01 13:38:59,246 - SEND - System Time: 2025-03-01 13:38:59.246170, Logical Clock: 12, To: Machine on port 10002
2025-03-01 13:38:59,415 - INTERNAL - System Time: 2025-03-01 13:38:59.415842, Logical Clock: 13
2025-03-01 13:38:59,585 - INTERNAL - System Time: 2025-03-01 13:38:59.585669, Logical Clock: 14
2025-03-01 13:38:59,758 - INTERNAL - System Time: 2025-03-01 13:38:59.757676, Logical Clock: 15
2025-03-01 13:38:59,926 - INTERNAL - System Time: 2025-03-01 13:38:59.926084, Logical Clock: 16
2025-03-01 13:39:00,096 - INTERNAL - System Time: 2025-03-01 13:39:00.095967, Logical Clock: 17
2025-03-01 13:39:00,264 - INTERNAL - System Time: 2025-03-01 13:39:00.264775, Logical Clock: 18
2025-03-01 13:39:00,436 - RECEIVE - System Time: 2025-03-01 13:39:00.436077, Logical Clock: 19, Queue Length: 0, From: Machine 1
2025-03-01 13:39:00,607 - SEND - System Time: 2025-03-01 13:39:00.606833, Logical Clock: 20, To: Machine on port 10002
2025-03-01 13:39:00,777 - INTERNAL - System Time: 2025-03-01 13:39:00.777595, Logical Clock: 21
2025-03-01 13:39:00,949 - INTERNAL - System Time: 2025-03-01 13:39:00.949766, Logical Clock: 22
2025-03-01 13:39:01,118 - INTERNAL - System Time: 2025-03-01 13:39:01.118317, Logical Clock: 23
2025-03-01 13:39:01,290 - INTERNAL - System Time: 2025-03-01 13:39:01.290481, Logical Clock: 24
2025-03-01 13:39:01,462 - INTERNAL - System Time: 2025-03-01 13:39:01.462386, Logical Clock: 25
2025-03-01 13:39:01,632 - No connection to port 10000
2025-03-01 13:39:01,802 - INTERNAL - System Time: 2025-03-01 13:39:01.802006, Logical Clock: 27
2025-03-01 13:39:01,975 - INTERNAL - System Time: 2025-03-01 13:39:01.975064, Logical Clock: 28
2025-03-01 13:39:02,147 - INTERNAL - System Time: 2025-03-01 13:39:02.147193, Logical Clock: 29
2025-03-01 13:39:02,316 - INTERNAL - System Time: 2025-03-01 13:39:02.316749, Logical Clock: 30
2025-03-01 13:39:02,489 - INTERNAL - System Time: 2025-03-01 13:39:02.488974, Logical Clock: 31
2025-03-01 13:39:02,660 - INTERNAL - System Time: 2025-03-01 13:39:02.660494, Logical Clock: 32
2025-03-01 13:39:02,829 - INTERNAL - System Time: 2025-03-01 13:39:02.829077, Logical Clock: 33
2025-03-01 13:39:03,000 - SEND - System Time: 2025-03-01 13:39:03.000746, Logical Clock: 34, To: Machine on port 10002
2025-03-01 13:39:03,168 - No connection to port 10000
2025-03-01 13:39:03,169 - SEND - System Time: 2025-03-01 13:39:03.168788, Logical Clock: 35, To: Machine on port 10002
2025-03-01 13:39:03,341 - No connection to port 10000
2025-03-01 13:39:03,510 - INTERNAL - System Time: 2025-03-01 13:39:03.510456, Logical Clock: 37
2025-03-01 13:39:03,679 - No connection to port 10000
2025-03-01 13:39:03,848 - INTERNAL - System Time: 2025-03-01 13:39:03.848638, Logical Clock: 39
2025-03-01 13:39:04,018 - RECEIVE - System Time: 2025-03-01 13:39:04.018609, Logical Clock: 40, Queue Length: 0, From: Machine 1
2025-03-01 13:39:04,188 - SEND - System Time: 2025-03-01 13:39:04.188145, Logical Clock: 41, To: Machine on port 10002
2025-03-01 13:39:04,357 - INTERNAL - System Time: 2025-03-01 13:39:04.357584, Logical Clock: 42
2025-03-01 13:39:04,526 - INTERNAL - System Time: 2025-03-01 13:39:04.526150, Logical Clock: 43
2025-03-01 13:39:04,694 - No connection to port 10000
2025-03-01 13:39:04,694 - SEND - System Time: 2025-03-01 13:39:04.694390, Logical Clock: 44, To: Machine on port 10002
2025-03-01 13:39:04,864 - INTERNAL - System Time: 2025-03-01 13:39:04.864043, Logical Clock: 45
2025-03-01 13:39:05,032 - RECEIVE - System Time: 2025-03-01 13:39:05.032006, Logical Clock: 46, Queue Length: 0, From: Machine 1
2025-03-01 13:39:05,202 - INTERNAL - System Time: 2025-03-01 13:39:05.202247, Logical Clock: 47
2025-03-01 13:39:05,376 - INTERNAL - System Time: 2025-03-01 13:39:05.375306, Logical Clock: 48
2025-03-01 13:39:05,545 - INTERNAL - System Time: 2025-03-01 13:39:05.545880, Logical Clock: 49
2025-03-01 13:39:05,717 - INTERNAL - System Time: 2025-03-01 13:39:05.717278, Logical Clock: 50
2025-03-01 13:39:05,889 - No connection to port 10000
2025-03-01 13:39:06,060 - No connection to port 10000
2025-03-01 13:39:06,061 - SEND - System Time: 2025-03-01 13:39:06.060543, Logical Clock: 52, To: Machine on port 10002
2025-03-01 13:39:06,229 - INTERNAL - System Time: 2025-03-01 13:39:06.228996, Logical Clock: 53
2025-03-01 13:39:06,400 - INTERNAL - System Time: 2025-03-01 13:39:06.400089, Logical Clock: 54
2025-03-01 13:39:06,572 - INTERNAL - System Time: 2025-03-01 13:39:06.571851, Logical Clock: 55
2025-03-01 13:39:06,743 - INTERNAL - System Time: 2025-03-01 13:39:06.743877, Logical Clock: 56
2025-03-01 13:39:06,915 - No connection to port 10000
2025-03-01 13:39:07,087 - INTERNAL - System Time: 2025-03-01 13:39:07.087593, Logical Clock: 58
2025-03-01 13:39:07,257 - SEND - System Time: 2025-03-01 13:39:07.257678, Logical Clock: 59, To: Machine on port 10002
2025-03-01 13:39:07,437 - No connection to port 10000
2025-03-01 13:39:07,609 - RECEIVE - System Time: 2025-03-01 13:39:07.609630, Logical Clock: 61, Queue Length: 0, From: Machine 1
2025-03-01 13:39:07,780 - No connection to port 10000
2025-03-01 13:39:07,780 - SEND - System Time: 2025-03-01 13:39:07.779978, Logical Clock: 62, To: Machine on port 10002
2025-03-01 13:39:07,952 - INTERNAL - System Time: 2025-03-01 13:39:07.952312, Logical Clock: 63
2025-03-01 13:39:08,120 - SEND - System Time: 2025-03-01 13:39:08.120680, Logical Clock: 64, To: Machine on port 10002
2025-03-01 13:39:08,291 - INTERNAL - System Time: 2025-03-01 13:39:08.291674, Logical Clock: 65
2025-03-01 13:39:08,460 - No connection to port 10000
2025-03-01 13:39:08,460 - SEND - System Time: 2025-03-01 13:39:08.460595, Logical Clock: 66, To: Machine on port 10002
2025-03-01 13:39:08,630 - RECEIVE - System Time: 2025-03-01 13:39:08.630490, Logical Clock: 67, Queue Length: 0, From: Machine 1
2025-03-01 13:39:08,802 - No connection to port 10000
2025-03-01 13:39:08,802 - SEND - System Time: 2025-03-01 13:39:08.802357, Logical Clock: 68, To: Machine on port 10002
2025-03-01 13:39:08,973 - INTERNAL - System Time: 2025-03-01 13:39:08.973177, Logical Clock: 69
2025-03-01 13:39:09,141 - No connection to port 10000
2025-03-01 13:39:09,313 - INTERNAL - System Time: 2025-03-01 13:39:09.313783, Logical Clock: 71
2025-03-01 13:39:09,483 - No connection to port 10000
2025-03-01 13:39:09,483 - SEND - System Time: 2025-03-01 13:39:09.483644, Logical Clock: 72, To: Machine on port 10002
2025-03-01 13:39:09,655 - RECEIVE - System Time: 2025-03-01 13:39:09.655134, Logical Clock: 73, Queue Length: 0, From: Machine 1
2025-03-01 13:39:09,822 - INTERNAL - System Time: 2025-03-01 13:39:09.822393, Logical Clock: 74
2025-03-01 13:39:09,995 - No connection to port 10000
2025-03-01 13:39:09,995 - SEND - System Time: 2025-03-01 13:39:09.995066, Logical Clock: 75, To: Machine on port 10002
2025-03-01 13:39:10,165 - INTERNAL - System Time: 2025-03-01 13:39:10.165299, Logical Clock: 76
2025-03-01 13:39:10,333 - INTERNAL - System Time: 2025-03-01 13:39:10.332985, Logical Clock: 77
2025-03-01 13:39:10,504 - No connection to port 10000
2025-03-01 13:39:10,505 - SEND - System Time: 2025-03-01 13:39:10.504695, Logical Clock: 78, To: Machine on port 10002
2025-03-01 13:39:10,674 - INTERNAL - System Time: 2025-03-01 13:39:10.674576, Logical Clock: 79
2025-03-01 13:39:10,843 - INTERNAL - System Time: 2025-03-01 13:39:10.843700, Logical Clock: 80
2025-03-01 13:39:11,012 - INTERNAL - System Time: 2025-03-01 13:39:11.012275, Logical Clock: 81
2025-03-01 13:39:11,180 - SEND - System Time: 2025-03-01 13:39:11.180523, Logical Clock: 82, To: Machine on port 10002
2025-03-01 13:39:11,351 - INTERNAL - System Time: 2025-03-01 13:39:11.351311, Logical Clock: 83
2025-03-01 13:39:11,523 - No connection to port 10000
2025-03-01 13:39:11,692 - INTERNAL - System Time: 2025-03-01 13:39:11.692181, Logical Clock: 85
2025-03-01 13:39:11,860 - INTERNAL - System Time: 2025-03-01 13:39:11.860141, Logical Clock: 86
2025-03-01 13:39:12,032 - INTERNAL - System Time: 2025-03-01 13:39:12.031961, Logical Clock: 87
2025-03-01 13:39:12,202 - INTERNAL - System Time: 2025-03-01 13:39:12.202565, Logical Clock: 88
2025-03-01 13:39:12,375 - INTERNAL - System Time: 2025-03-01 13:39:12.374943, Logical Clock: 89
2025-03-01 13:39:12,546 - INTERNAL - System Time: 2025-03-01 13:39:12.546149, Logical Clock: 90
2025-03-01 13:39:12,715 - INTERNAL - System Time: 2025-03-01 13:39:12.714853, Logical Clock: 91
2025-03-01 13:39:12,887 - INTERNAL - System Time: 2025-03-01 13:39:12.887090, Logical Clock: 92
2025-03-01 13:39:13,059 - INTERNAL - System Time: 2025-03-01 13:39:13.058978, Logical Clock: 93
2025-03-01 13:39:13,229 - INTERNAL - System Time: 2025-03-01 13:39:13.229122, Logical Clock: 94
2025-03-01 13:39:13,400 - INTERNAL - System Time: 2025-03-01 13:39:13.399995, Logical Clock: 95
2025-03-01 13:39:13,570 - INTERNAL - System Time: 2025-03-01 13:39:13.570424, Logical Clock: 96
2025-03-01 13:39:13,742 - INTERNAL - System Time: 2025-03-01 13:39:13.741833, Logical Clock: 97
2025-03-01 13:39:13,911 - INTERNAL - System Time: 2025-03-01 13:39:13.911145, Logical Clock: 98
2025-03-01 13:39:14,082 - INTERNAL - System Time: 2025-03-01 13:39:14.081942, Logical Clock: 99
2025-03-01 13:39:14,250 - SEND - System Time: 2025-03-01 13:39:14.250389, Logical Clock: 100, To: Machine on port 10002
2025-03-01 13:39:14,419 - INTERNAL - System Time: 2025-03-01 13:39:14.419323, Logical Clock: 101
2025-03-01 13:39:14,591 - INTERNAL - System Time: 2025-03-01 13:39:14.591155, Logical Clock: 102
2025-03-01 13:39:14,762 - INTERNAL - System Time: 2025-03-01 13:39:14.762529, Logical Clock: 103
2025-03-01 13:39:14,934 - SEND - System Time: 2025-03-01 13:39:14.934447, Logical Clock: 104, To: Machine on port 10002
2025-03-01 13:39:15,104 - No connection to port 10000
2025-03-01 13:39:15,275 - INTERNAL - System Time: 2025-03-01 13:39:15.275397, Logical Clock: 106
2025-03-01 13:39:15,446 - No connection to port 10000
2025-03-01 13:39:15,617 - RECEIVE - System Time: 2025-03-01 13:39:15.616234, Logical Clock: 108, Queue Length: 0, From: Machine 1
2025-03-01 13:39:15,793 - SEND - System Time: 2025-03-01 13:39:15.792629, Logical Clock: 109, To: Machine on port 10002
2025-03-01 13:39:15,962 - INTERNAL - System Time: 2025-03-01 13:39:15.962700, Logical Clock: 110
2025-03-01 13:39:16,134 - INTERNAL - System Time: 2025-03-01 13:39:16.134264, Logical Clock: 111
2025-03-01 13:39:16,306 - INTERNAL - System Time: 2025-03-01 13:39:16.306647, Logical Clock: 112
2025-03-01 13:39:16,478 - INTERNAL - System Time: 2025-03-01 13:39:16.478529, Logical Clock: 113
2025-03-01 13:39:16,646 - INTERNAL - System Time: 2025-03-01 13:39:16.646157, Logical Clock: 114
2025-03-01 13:39:16,818 - INTERNAL - System Time: 2025-03-01 13:39:16.817886, Logical Clock: 115
2025-03-01 13:39:16,987 - INTERNAL - System Time: 2025-03-01 13:39:16.987423, Logical Clock: 116
2025-03-01 13:39:17,159 - INTERNAL - System Time: 2025-03-01 13:39:17.159506, Logical Clock: 117
2025-03-01 13:39:17,329 - INTERNAL - System Time: 2025-03-01 13:39:17.328995, Logical Clock: 118
2025-03-01 13:39:17,499 - No connection to port 10000
2025-03-01 13:39:17,667 - No connection to port 10000
2025-03-01 13:39:17,668 - SEND - System Time: 2025-03-01 13:39:17.667703, Logical Clock: 120, To: Machine on port 10002
2025-03-01 13:39:17,837 - INTERNAL - System Time: 2025-03-01 13:39:17.837701, Logical Clock: 121
2025-03-01 13:39:18,008 - INTERNAL - System Time: 2025-03-01 13:39:18.007957, Logical Clock: 122
2025-03-01 13:39:18,179 - INTERNAL - System Time: 2025-03-01 13:39:18.179168, Logical Clock: 123
2025-03-01 13:39:18,352 - INTERNAL - System Time: 2025-03-01 13:39:18.346880, Logical Clock: 124
2025-03-01 13:39:18,524 - INTERNAL - System Time: 2025-03-01 13:39:18.524277, Logical Clock: 125
2025-03-01 13:39:18,694 - SEND - System Time: 2025-03-01 13:39:18.694434, Logical Clock: 126, To: Machine on port 10002
2025-03-01 13:39:18,864 - INTERNAL - System Time: 2025-03-01 13:39:18.864798, Logical Clock: 127
2025-03-01 13:39:19,037 - INTERNAL - System Time: 2025-03-01 13:39:19.036997, Logical Clock: 128
2025-03-01 13:39:19,206 - INTERNAL - System Time: 2025-03-01 13:39:19.206443, Logical Clock: 129
2025-03-01 13:39:19,378 - INTERNAL - System Time: 2025-03-01 13:39:19.378358, Logical Clock: 130
2025-03-01 13:39:19,549 - No connection to port 10000
2025-03-01 13:39:19,719 - INTERNAL - System Time: 2025-03-01 13:39:19.719770, Logical Clock: 132
2025-03-01 13:39:19,891 - INTERNAL - System Time: 2025-03-01 13:39:19.890957, Logical Clock: 133
2025-03-01 13:39:20,065 - INTERNAL - System Time: 2025-03-01 13:39:20.065287, Logical Clock: 134
2025-03-01 13:39:20,237 - INTERNAL - System Time: 2025-03-01 13:39:20.237199, Logical Clock: 135
2025-03-01 13:39:20,408 - INTERNAL - System Time: 2025-03-01 13:39:20.408750, Logical Clock: 136
2025-03-01 13:39:20,581 - No connection to port 10000
2025-03-01 13:39:20,750 - INTERNAL - System Time: 2025-03-01 13:39:20.750444, Logical Clock: 138
2025-03-01 13:39:20,921 - INTERNAL - System Time: 2025-03-01 13:39:20.921819, Logical Clock: 139
2025-03-01 13:39:21,093 - INTERNAL - System Time: 2025-03-01 13:39:21.093257, Logical Clock: 140
2025-03-01 13:39:21,265 - RECEIVE - System Time: 2025-03-01 13:39:21.265294, Logical Clock: 141, Queue Length: 0, From: Machine 1
2025-03-01 13:39:21,433 - INTERNAL - System Time: 2025-03-01 13:39:21.432946, Logical Clock: 142
2025-03-01 13:39:21,602 - INTERNAL - System Time: 2025-03-01 13:39:21.602384, Logical Clock: 143
2025-03-01 13:39:21,775 - INTERNAL - System Time: 2025-03-01 13:39:21.774974, Logical Clock: 144
2025-03-01 13:39:21,943 - INTERNAL - System Time: 2025-03-01 13:39:21.942669, Logical Clock: 145
2025-03-01 13:39:22,113 - INTERNAL - System Time: 2025-03-01 13:39:22.113663, Logical Clock: 146
2025-03-01 13:39:22,283 - INTERNAL - System Time: 2025-03-01 13:39:22.283792, Logical Clock: 147
2025-03-01 13:39:22,456 - INTERNAL - System Time: 2025-03-01 13:39:22.455987, Logical Clock: 148
2025-03-01 13:39:22,628 - INTERNAL - System Time: 2025-03-01 13:39:22.627837, Logical Clock: 149
2025-03-01 13:39:22,797 - INTERNAL - System Time: 2025-03-01 13:39:22.796986, Logical Clock: 150
2025-03-01 13:39:22,968 - SEND - System Time: 2025-03-01 13:39:22.968220, Logical Clock: 151, To: Machine on port 10002
2025-03-01 13:39:23,141 - INTERNAL - System Time: 2025-03-01 13:39:23.140559, Logical Clock: 152
2025-03-01 13:39:23,312 - INTERNAL - System Time: 2025-03-01 13:39:23.312019, Logical Clock: 153
2025-03-01 13:39:23,479 - INTERNAL - System Time: 2025-03-01 13:39:23.479169, Logical Clock: 154
2025-03-01 13:39:23,648 - INTERNAL - System Time: 2025-03-01 13:39:23.648126, Logical Clock: 155
2025-03-01 13:39:23,819 - INTERNAL - System Time: 2025-03-01 13:39:23.819232, Logical Clock: 156
2025-03-01 13:39:23,994 - INTERNAL - System Time: 2025-03-01 13:39:23.992982, Logical Clock: 157
2025-03-01 13:39:24,161 - INTERNAL - System Time: 2025-03-01 13:39:24.161849, Logical Clock: 158
2025-03-01 13:39:24,334 - INTERNAL - System Time: 2025-03-01 13:39:24.333859, Logical Clock: 159
2025-03-01 13:39:24,502 - INTERNAL - System Time: 2025-03-01 13:39:24.502348, Logical Clock: 160
2025-03-01 13:39:24,674 - INTERNAL - System Time: 2025-03-01 13:39:24.674729, Logical Clock: 161
2025-03-01 13:39:24,846 - INTERNAL - System Time: 2025-03-01 13:39:24.846201, Logical Clock: 162
2025-03-01 13:39:25,017 - INTERNAL - System Time: 2025-03-01 13:39:25.017322, Logical Clock: 163
2025-03-01 13:39:25,189 - INTERNAL - System Time: 2025-03-01 13:39:25.189506, Logical Clock: 164
2025-03-01 13:39:25,361 - INTERNAL - System Time: 2025-03-01 13:39:25.361250, Logical Clock: 165
2025-03-01 13:39:25,529 - INTERNAL - System Time: 2025-03-01 13:39:25.529235, Logical Clock: 166
2025-03-01 13:39:25,700 - INTERNAL - System Time: 2025-03-01 13:39:25.700097, Logical Clock: 167
2025-03-01 13:39:25,867 - No connection to port 10000
2025-03-01 13:39:25,867 - SEND - System Time: 2025-03-01 13:39:25.867278, Logical Clock: 168, To: Machine on port 10002
2025-03-01 13:39:26,039 - SEND - System Time: 2025-03-01 13:39:26.039243, Logical Clock: 169, To: Machine on port 10002
2025-03-01 13:39:26,210 - INTERNAL - System Time: 2025-03-01 13:39:26.210285, Logical Clock: 170
2025-03-01 13:39:26,379 - SEND - System Time: 2025-03-01 13:39:26.379641, Logical Clock: 171, To: Machine on port 10002
2025-03-01 13:39:26,552 - INTERNAL - System Time: 2025-03-01 13:39:26.551888, Logical Clock: 172
2025-03-01 13:39:26,728 - INTERNAL - System Time: 2025-03-01 13:39:26.727995, Logical Clock: 173
2025-03-01 13:39:26,896 - INTERNAL - System Time: 2025-03-01 13:39:26.896797, Logical Clock: 174
2025-03-01 13:39:27,069 - No connection to port 10000
2025-03-01 13:39:27,240 - RECEIVE - System Time: 2025-03-01 13:39:27.240313, Logical Clock: 176, Queue Length: 0, From: Machine 1
2025-03-01 13:39:27,414 - INTERNAL - System Time: 2025-03-01 13:39:27.413846, Logical Clock: 177
2025-03-01 13:39:27,582 - SEND - System Time: 2025-03-01 13:39:27.582035, Logical Clock: 178, To: Machine on port 10002
2025-03-01 13:39:27,754 - RECEIVE - System Time: 2025-03-01 13:39:27.753938, Logical Clock: 179, Queue Length: 0, From: Machine 1
2025-03-01 13:39:27,924 - INTERNAL - System Time: 2025-03-01 13:39:27.924207, Logical Clock: 180
2025-03-01 13:39:28,094 - No connection to port 10000
2025-03-01 13:39:28,262 - No connection to port 10000
2025-03-01 13:39:28,262 - SEND - System Time: 2025-03-01 13:39:28.262182, Logical Clock: 182, To: Machine on port 10002
2025-03-01 13:39:28,432 - SEND - System Time: 2025-03-01 13:39:28.432023, Logical Clock: 183, To: Machine on port 10002
2025-03-01 13:39:28,605 - INTERNAL - System Time: 2025-03-01 13:39:28.604994, Logical Clock: 184
2025-03-01 13:39:28,777 - INTERNAL - System Time: 2025-03-01 13:39:28.777264, Logical Clock: 185
2025-03-01 13:39:28,949 - INTERNAL - System Time: 2025-03-01 13:39:28.949109, Logical Clock: 186
2025-03-01 13:39:29,117 - No connection to port 10000
2025-03-01 13:39:29,117 - SEND - System Time: 2025-03-01 13:39:29.117368, Logical Clock: 187, To: Machine on port 10002
2025-03-01 13:39:29,284 - INTERNAL - System Time: 2025-03-01 13:39:29.284721, Logical Clock: 188
2025-03-01 13:39:29,453 - INTERNAL - System Time: 2025-03-01 13:39:29.453288, Logical Clock: 189
2025-03-01 13:39:29,625 - INTERNAL - System Time: 2025-03-01 13:39:29.625393, Logical Clock: 190
2025-03-01 13:39:29,796 - INTERNAL - System Time: 2025-03-01 13:39:29.796642, Logical Clock: 191
2025-03-01 13:39:29,964 - No connection to port 10000
2025-03-01 13:39:30,132 - INTERNAL - System Time: 2025-03-01 13:39:30.132291, Logical Clock: 193
2025-03-01 13:39:30,304 - INTERNAL - System Time: 2025-03-01 13:39:30.304300, Logical Clock: 194
2025-03-01 13:39:30,473 - INTERNAL - System Time: 2025-03-01 13:39:30.473810, Logical Clock: 195
2025-03-01 13:39:30,642 - INTERNAL - System Time: 2025-03-01 13:39:30.642516, Logical Clock: 196
2025-03-01 13:39:30,814 - RECEIVE - System Time: 2025-03-01 13:39:30.814810, Logical Clock: 197, Queue Length: 0, From: Machine 1
2025-03-01 13:39:30,987 - No connection to port 10000
2025-03-01 13:39:30,987 - SEND - System Time: 2025-03-01 13:39:30.987120, Logical Clock: 198, To: Machine on port 10002
2025-03-01 13:39:31,159 - INTERNAL - System Time: 2025-03-01 13:39:31.158872, Logical Clock: 199
2025-03-01 13:39:31,331 - INTERNAL - System Time: 2025-03-01 13:39:31.331363, Logical Clock: 200
2025-03-01 13:39:31,502 - SEND - System Time: 2025-03-01 13:39:31.502517, Logical Clock: 201, To: Machine on port 10002
2025-03-01 13:39:31,670 - SEND - System Time: 2025-03-01 13:39:31.670760, Logical Clock: 202, To: Machine on port 10002
2025-03-01 13:39:31,841 - No connection to port 10000
2025-03-01 13:39:31,842 - SEND - System Time: 2025-03-01 13:39:31.841817, Logical Clock: 203, To: Machine on port 10002
2025-03-01 13:39:32,014 - INTERNAL - System Time: 2025-03-01 13:39:32.013965, Logical Clock: 204
2025-03-01 13:39:32,186 - INTERNAL - System Time: 2025-03-01 13:39:32.185728, Logical Clock: 205
2025-03-01 13:39:32,359 - INTERNAL - System Time: 2025-03-01 13:39:32.359756, Logical Clock: 206
2025-03-01 13:39:32,529 - INTERNAL - System Time: 2025-03-01 13:39:32.529083, Logical Clock: 207
2025-03-01 13:39:32,699 - SEND - System Time: 2025-03-01 13:39:32.699618, Logical Clock: 208, To: Machine on port 10002
2025-03-01 13:39:32,867 - INTERNAL - System Time: 2025-03-01 13:39:32.867320, Logical Clock: 209
2025-03-01 13:39:33,035 - No connection to port 10000
2025-03-01 13:39:33,210 - INTERNAL - System Time: 2025-03-01 13:39:33.210303, Logical Clock: 211
2025-03-01 13:39:33,382 - No connection to port 10000
2025-03-01 13:39:33,559 - INTERNAL - System Time: 2025-03-01 13:39:33.559346, Logical Clock: 213
2025-03-01 13:39:33,731 - INTERNAL - System Time: 2025-03-01 13:39:33.731639, Logical Clock: 214
2025-03-01 13:39:33,901 - INTERNAL - System Time: 2025-03-01 13:39:33.901178, Logical Clock: 215
2025-03-01 13:39:34,073 - No connection to port 10000
2025-03-01 13:39:34,073 - SEND - System Time: 2025-03-01 13:39:34.073362, Logical Clock: 216, To: Machine on port 10002
2025-03-01 13:39:34,242 - INTERNAL - System Time: 2025-03-01 13:39:34.242126, Logical Clock: 217
2025-03-01 13:39:34,410 - No connection to port 10000
2025-03-01 13:39:34,579 - INTERNAL - System Time: 2025-03-01 13:39:34.579287, Logical Clock: 219
2025-03-01 13:39:34,749 - No connection to port 10000
2025-03-01 13:39:34,917 - INTERNAL - System Time: 2025-03-01 13:39:34.917367, Logical Clock: 221
2025-03-01 13:39:35,085 - SEND - System Time: 2025-03-01 13:39:35.085312, Logical Clock: 222, To: Machine on port 10002
2025-03-01 13:39:35,260 - No connection to port 10000
2025-03-01 13:39:35,260 - SEND - System Time: 2025-03-01 13:39:35.259478, Logical Clock: 223, To: Machine on port 10002
2025-03-01 13:39:35,432 - INTERNAL - System Time: 2025-03-01 13:39:35.431914, Logical Clock: 224
2025-03-01 13:39:35,599 - INTERNAL - System Time: 2025-03-01 13:39:35.599371, Logical Clock: 225
2025-03-01 13:39:35,771 - INTERNAL - System Time: 2025-03-01 13:39:35.771317, Logical Clock: 226
2025-03-01 13:39:35,941 - INTERNAL - System Time: 2025-03-01 13:39:35.941013, Logical Clock: 227
2025-03-01 13:39:36,115 - INTERNAL - System Time: 2025-03-01 13:39:36.115526, Logical Clock: 228
2025-03-01 13:39:36,285 - RECEIVE - System Time: 2025-03-01 13:39:36.285841, Logical Clock: 229, Queue Length: 0, From: Machine 1
2025-03-01 13:39:36,457 - INTERNAL - System Time: 2025-03-01 13:39:36.457501, Logical Clock: 230
2025-03-01 13:39:36,628 - INTERNAL - System Time: 2025-03-01 13:39:36.628640, Logical Clock: 231
2025-03-01 13:39:36,796 - INTERNAL - System Time: 2025-03-01 13:39:36.796161, Logical Clock: 232
2025-03-01 13:39:36,967 - INTERNAL - System Time: 2025-03-01 13:39:36.967176, Logical Clock: 233
2025-03-01 13:39:37,136 - INTERNAL - System Time: 2025-03-01 13:39:37.135940, Logical Clock: 234
2025-03-01 13:39:37,308 - INTERNAL - System Time: 2025-03-01 13:39:37.308646, Logical Clock: 235
2025-03-01 13:39:37,479 - INTERNAL - System Time: 2025-03-01 13:39:37.479829, Logical Clock: 236
2025-03-01 13:39:37,652 - No connection to port 10000
2025-03-01 13:39:37,652 - SEND - System Time: 2025-03-01 13:39:37.652038, Logical Clock: 237, To: Machine on port 10002
2025-03-01 13:39:37,824 - RECEIVE - System Time: 2025-03-01 13:39:37.824129, Logical Clock: 238, Queue Length: 0, From: Machine 1
2025-03-01 13:39:37,993 - INTERNAL - System Time: 2025-03-01 13:39:37.993505, Logical Clock: 239
2025-03-01 13:39:38,165 - INTERNAL - System Time: 2025-03-01 13:39:38.165485, Logical Clock: 240
2025-03-01 13:39:38,337 - INTERNAL - System Time: 2025-03-01 13:39:38.337600, Logical Clock: 241
2025-03-01 13:39:38,509 - INTERNAL - System Time: 2025-03-01 13:39:38.509683, Logical Clock: 242
2025-03-01 13:39:38,679 - INTERNAL - System Time: 2025-03-01 13:39:38.678971, Logical Clock: 243
2025-03-01 13:39:38,851 - SEND - System Time: 2025-03-01 13:39:38.851045, Logical Clock: 244, To: Machine on port 10002
2025-03-01 13:39:39,023 - SEND - System Time: 2025-03-01 13:39:39.023146, Logical Clock: 245, To: Machine on port 10002
2025-03-01 13:39:39,195 - INTERNAL - System Time: 2025-03-01 13:39:39.195222, Logical Clock: 246
2025-03-01 13:39:39,366 - INTERNAL - System Time: 2025-03-01 13:39:39.366227, Logical Clock: 247
2025-03-01 13:39:39,536 - No connection to port 10000
2025-03-01 13:39:39,708 - INTERNAL - System Time: 2025-03-01 13:39:39.708078, Logical Clock: 249
2025-03-01 13:39:39,879 - INTERNAL - System Time: 2025-03-01 13:39:39.879236, Logical Clock: 250
2025-03-01 13:39:40,048 - INTERNAL - System Time: 2025-03-01 13:39:40.048559, Logical Clock: 251
2025-03-01 13:39:40,217 - No connection to port 10000
2025-03-01 13:39:40,384 - INTERNAL - System Time: 2025-03-01 13:39:40.384628, Logical Clock: 253
2025-03-01 13:39:40,559 - INTERNAL - System Time: 2025-03-01 13:39:40.558928, Logical Clock: 254
2025-03-01 13:39:40,731 - SEND - System Time: 2025-03-01 13:39:40.731354, Logical Clock: 255, To: Machine on port 10002
2025-03-01 13:39:40,902 - INTERNAL - System Time: 2025-03-01 13:39:40.902497, Logical Clock: 256
2025-03-01 13:39:41,074 - INTERNAL - System Time: 2025-03-01 13:39:41.074758, Logical Clock: 257
2025-03-01 13:39:41,247 - No connection to port 10000
2025-03-01 13:39:41,247 - SEND - System Time: 2025-03-01 13:39:41.246965, Logical Clock: 258, To: Machine on port 10002
2025-03-01 13:39:41,418 - SEND - System Time: 2025-03-01 13:39:41.418729, Logical Clock: 259, To: Machine on port 10002
2025-03-01 13:39:41,590 - INTERNAL - System Time: 2025-03-01 13:39:41.589809, Logical Clock: 260
2025-03-01 13:39:41,758 - No connection to port 10000
2025-03-01 13:39:41,759 - SEND - System Time: 2025-03-01 13:39:41.758902, Logical Clock: 261, To: Machine on port 10002
2025-03-01 13:39:41,927 - INTERNAL - System Time: 2025-03-01 13:39:41.927713, Logical Clock: 262
2025-03-01 13:39:42,100 - INTERNAL - System Time: 2025-03-01 13:39:42.099982, Logical Clock: 263
2025-03-01 13:39:42,267 - INTERNAL - System Time: 2025-03-01 13:39:42.267355, Logical Clock: 264
2025-03-01 13:39:42,439 - INTERNAL - System Time: 2025-03-01 13:39:42.439343, Logical Clock: 265
2025-03-01 13:39:42,611 - No connection to port 10000
2025-03-01 13:39:42,783 - INTERNAL - System Time: 2025-03-01 13:39:42.783378, Logical Clock: 267
2025-03-01 13:39:42,952 - INTERNAL - System Time: 2025-03-01 13:39:42.952164, Logical Clock: 268
2025-03-01 13:39:43,119 - INTERNAL - System Time: 2025-03-01 13:39:43.119212, Logical Clock: 269
2025-03-01 13:39:43,291 - INTERNAL - System Time: 2025-03-01 13:39:43.290950, Logical Clock: 270
2025-03-01 13:39:43,462 - RECEIVE - System Time: 2025-03-01 13:39:43.462869, Logical Clock: 271, Queue Length: 0, From: Machine 1
2025-03-01 13:39:43,635 - INTERNAL - System Time: 2025-03-01 13:39:43.634965, Logical Clock: 272
2025-03-01 13:39:43,802 - INTERNAL - System Time: 2025-03-01 13:39:43.802388, Logical Clock: 273
2025-03-01 13:39:43,970 - INTERNAL - System Time: 2025-03-01 13:39:43.970646, Logical Clock: 274
2025-03-01 13:39:44,142 - INTERNAL - System Time: 2025-03-01 13:39:44.142357, Logical Clock: 275
2025-03-01 13:39:44,311 - INTERNAL - System Time: 2025-03-01 13:39:44.311500, Logical Clock: 276
2025-03-01 13:39:44,483 - INTERNAL - System Time: 2025-03-01 13:39:44.483478, Logical Clock: 277
2025-03-01 13:39:44,652 - INTERNAL - System Time: 2025-03-01 13:39:44.652078, Logical Clock: 278
2025-03-01 13:39:44,827 - No connection to port 10000
2025-03-01 13:39:44,999 - RECEIVE - System Time: 2025-03-01 13:39:44.999147, Logical Clock: 280, Queue Length: 0, From: Machine 1
2025-03-01 13:39:45,171 - INTERNAL - System Time: 2025-03-01 13:39:45.171264, Logical Clock: 281
2025-03-01 13:39:45,340 - INTERNAL - System Time: 2025-03-01 13:39:45.340759, Logical Clock: 282
2025-03-01 13:39:45,512 - INTERNAL - System Time: 2025-03-01 13:39:45.512769, Logical Clock: 283
2025-03-01 13:39:45,683 - SEND - System Time: 2025-03-01 13:39:45.682779, Logical Clock: 284, To: Machine on port 10002
2025-03-01 13:39:45,852 - INTERNAL - System Time: 2025-03-01 13:39:45.852733, Logical Clock: 285
2025-03-01 13:39:46,024 - No connection to port 10000
2025-03-01 13:39:46,195 - INTERNAL - System Time: 2025-03-01 13:39:46.195814, Logical Clock: 287
2025-03-01 13:39:46,367 - INTERNAL - System Time: 2025-03-01 13:39:46.367809, Logical Clock: 288
2025-03-01 13:39:46,540 - No connection to port 10000
2025-03-01 13:39:46,544 - SEND - System Time: 2025-03-01 13:39:46.540114, Logical Clock: 289, To: Machine on port 10002
2025-03-01 13:39:46,715 - INTERNAL - System Time: 2025-03-01 13:39:46.715676, Logical Clock: 290
2025-03-01 13:39:46,886 - No connection to port 10000
2025-03-01 13:39:47,058 - SEND - System Time: 2025-03-01 13:39:47.058779, Logical Clock: 292, To: Machine on port 10002
2025-03-01 13:39:47,226 - INTERNAL - System Time: 2025-03-01 13:39:47.226131, Logical Clock: 293
2025-03-01 13:39:47,398 - INTERNAL - System Time: 2025-03-01 13:39:47.398374, Logical Clock: 294
2025-03-01 13:39:47,570 - SEND - System Time: 2025-03-01 13:39:47.570366, Logical Clock: 295, To: Machine on port 10002
2025-03-01 13:39:47,741 - No connection to port 10000
2025-03-01 13:39:47,912 - INTERNAL - System Time: 2025-03-01 13:39:47.912605, Logical Clock: 297
2025-03-01 13:39:48,081 - INTERNAL - System Time: 2025-03-01 13:39:48.080889, Logical Clock: 298
2025-03-01 13:39:48,251 - INTERNAL - System Time: 2025-03-01 13:39:48.251561, Logical Clock: 299
2025-03-01 13:39:48,423 - INTERNAL - System Time: 2025-03-01 13:39:48.423275, Logical Clock: 300
2025-03-01 13:39:48,595 - INTERNAL - System Time: 2025-03-01 13:39:48.595145, Logical Clock: 301
2025-03-01 13:39:48,767 - INTERNAL - System Time: 2025-03-01 13:39:48.767155, Logical Clock: 302
2025-03-01 13:39:48,938 - INTERNAL - System Time: 2025-03-01 13:39:48.938652, Logical Clock: 303
2025-03-01 13:39:49,110 - No connection to port 10000
2025-03-01 13:39:49,110 - SEND - System Time: 2025-03-01 13:39:49.110341, Logical Clock: 304, To: Machine on port 10002
2025-03-01 13:39:49,279 - INTERNAL - System Time: 2025-03-01 13:39:49.279636, Logical Clock: 305
2025-03-01 13:39:49,447 - RECEIVE - System Time: 2025-03-01 13:39:49.447468, Logical Clock: 306, Queue Length: 0, From: Machine 1
2025-03-01 13:39:49,615 - INTERNAL - System Time: 2025-03-01 13:39:49.615185, Logical Clock: 307
2025-03-01 13:39:49,784 - INTERNAL - System Time: 2025-03-01 13:39:49.784821, Logical Clock: 308
2025-03-01 13:39:49,956 - INTERNAL - System Time: 2025-03-01 13:39:49.956783, Logical Clock: 309
2025-03-01 13:39:50,125 - No connection to port 10000
2025-03-01 13:39:50,125 - SEND - System Time: 2025-03-01 13:39:50.125175, Logical Clock: 310, To: Machine on port 10002
2025-03-01 13:39:50,292 - INTERNAL - System Time: 2025-03-01 13:39:50.292668, Logical Clock: 311
2025-03-01 13:39:50,460 - RECEIVE - System Time: 2025-03-01 13:39:50.460424, Logical Clock: 312, Queue Length: 0, From: Machine 1
2025-03-01 13:39:50,629 - INTERNAL - System Time: 2025-03-01 13:39:50.629325, Logical Clock: 313
2025-03-01 13:39:50,796 - INTERNAL - System Time: 2025-03-01 13:39:50.796375, Logical Clock: 314
2025-03-01 13:39:50,964 - INTERNAL - System Time: 2025-03-01 13:39:50.963918, Logical Clock: 315
2025-03-01 13:39:51,135 - INTERNAL - System Time: 2025-03-01 13:39:51.135864, Logical Clock: 316
2025-03-01 13:39:51,308 - INTERNAL - System Time: 2025-03-01 13:39:51.308753, Logical Clock: 317
2025-03-01 13:39:51,481 - No connection to port 10000
2025-03-01 13:39:51,652 - INTERNAL - System Time: 2025-03-01 13:39:51.652459, Logical Clock: 319
2025-03-01 13:39:51,820 - SEND - System Time: 2025-03-01 13:39:51.820746, Logical Clock: 320, To: Machine on port 10002
2025-03-01 13:39:51,991 - INTERNAL - System Time: 2025-03-01 13:39:51.990934, Logical Clock: 321
2025-03-01 13:39:52,159 - INTERNAL - System Time: 2025-03-01 13:39:52.159397, Logical Clock: 322
2025-03-01 13:39:52,329 - INTERNAL - System Time: 2025-03-01 13:39:52.329235, Logical Clock: 323
2025-03-01 13:39:52,501 - INTERNAL - System Time: 2025-03-01 13:39:52.501122, Logical Clock: 324
2025-03-01 13:39:52,668 - INTERNAL - System Time: 2025-03-01 13:39:52.668818, Logical Clock: 325
2025-03-01 13:39:52,840 - No connection to port 10000
2025-03-01 13:39:52,840 - SEND - System Time: 2025-03-01 13:39:52.840776, Logical Clock: 326, To: Machine on port 10002
2025-03-01 13:39:53,010 - SEND - System Time: 2025-03-01 13:39:53.010717, Logical Clock: 327, To: Machine on port 10002
2025-03-01 13:39:53,178 - INTERNAL - System Time: 2025-03-01 13:39:53.178691, Logical Clock: 328
2025-03-01 13:39:53,346 - No connection to port 10000
2025-03-01 13:39:53,518 - No connection to port 10000
2025-03-01 13:39:53,690 - INTERNAL - System Time: 2025-03-01 13:39:53.690225, Logical Clock: 331
2025-03-01 13:39:53,861 - No connection to port 10000
2025-03-01 13:39:54,029 - No connection to port 10000
2025-03-01 13:39:54,201 - INTERNAL - System Time: 2025-03-01 13:39:54.201244, Logical Clock: 334
2025-03-01 13:39:54,370 - INTERNAL - System Time: 2025-03-01 13:39:54.370766, Logical Clock: 335
2025-03-01 13:39:54,541 - RECEIVE - System Time: 2025-03-01 13:39:54.540782, Logical Clock: 336, Queue Length: 0, From: Machine 1
2025-03-01 13:39:54,713 - INTERNAL - System Time: 2025-03-01 13:39:54.713035, Logical Clock: 337
2025-03-01 13:39:54,885 - No connection to port 10000
2025-03-01 13:39:55,056 - RECEIVE - System Time: 2025-03-01 13:39:55.056928, Logical Clock: 339, Queue Length: 0, From: Machine 1
2025-03-01 13:39:55,229 - INTERNAL - System Time: 2025-03-01 13:39:55.228939, Logical Clock: 340
2025-03-01 13:39:55,398 - INTERNAL - System Time: 2025-03-01 13:39:55.398275, Logical Clock: 341
2025-03-01 13:39:55,570 - RECEIVE - System Time: 2025-03-01 13:39:55.570327, Logical Clock: 342, Queue Length: 0, From: Machine 1
2025-03-01 13:39:55,741 - No connection to port 10000
2025-03-01 13:39:55,913 - INTERNAL - System Time: 2025-03-01 13:39:55.913891, Logical Clock: 344
2025-03-01 13:39:56,085 - INTERNAL - System Time: 2025-03-01 13:39:56.085789, Logical Clock: 345
2025-03-01 13:39:56,255 - INTERNAL - System Time: 2025-03-01 13:39:56.255458, Logical Clock: 346
2025-03-01 13:39:56,426 - INTERNAL - System Time: 2025-03-01 13:39:56.426171, Logical Clock: 347
2025-03-01 13:39:56,596 - No connection to port 10000
2025-03-01 13:39:56,596 - SEND - System Time: 2025-03-01 13:39:56.596322, Logical Clock: 348, To: Machine on port 10002
2025-03-01 13:39:56,763 - INTERNAL - System Time: 2025-03-01 13:39:56.763937, Logical Clock: 349
2025-03-01 13:39:56,934 - SEND - System Time: 2025-03-01 13:39:56.934179, Logical Clock: 350, To: Machine on port 10002
2025-03-01 13:39:57,101 - INTERNAL - System Time: 2025-03-01 13:39:57.101119, Logical Clock: 351
2025-03-01 13:39:57,273 - INTERNAL - System Time: 2025-03-01 13:39:57.273097, Logical Clock: 352
