2025-03-01 13:38:55,872 - Virtual Machine 1 initialized
2025-03-01 13:38:55,873 - Clock Rate: 2 ticks/second
2025-03-01 13:38:55,873 - Listening on port: 10000
2025-03-01 13:38:55,873 - Peer ports: [10001, 10002]
2025-03-01 13:38:56,880 - Connected to peer on port 10001
2025-03-01 13:38:57,887 - Connected to peer on port 10002
2025-03-01 13:38:57,887 - Network initialization completed
2025-03-01 13:38:57,887 - Starting main event loop
2025-03-01 13:38:57,887 - Clock rate: 2 ticks/second
2025-03-01 13:38:57,888 - INTERNAL - System Time: 2025-03-01 13:38:57.887964, Logical Clock: 1
2025-03-01 13:38:58,391 - INTERNAL - System Time: 2025-03-01 13:38:58.391085, Logical Clock: 2
2025-03-01 13:38:58,893 - INTERNAL - System Time: 2025-03-01 13:38:58.893565, Logical Clock: 3
2025-03-01 13:38:59,395 - INTERNAL - System Time: 2025-03-01 13:38:59.395693, Logical Clock: 4
2025-03-01 13:38:59,897 - INTERNAL - System Time: 2025-03-01 13:38:59.897348, Logical Clock: 5
2025-03-01 13:39:00,402 - SEND - System Time: 2025-03-01 13:39:00.402233, Logical Clock: 6, To: Machine on port 10001
2025-03-01 13:39:00,908 - INTERNAL - System Time: 2025-03-01 13:39:00.907881, Logical Clock: 7
2025-03-01 13:39:01,409 - INTERNAL - System Time: 2025-03-01 13:39:01.409073, Logical Clock: 8
2025-03-01 13:39:01,936 - INTERNAL - System Time: 2025-03-01 13:39:01.925161, Logical Clock: 9
2025-03-01 13:39:02,476 - INTERNAL - System Time: 2025-03-01 13:39:02.476748, Logical Clock: 10
2025-03-01 13:39:02,982 - INTERNAL - System Time: 2025-03-01 13:39:02.982035, Logical Clock: 11
2025-03-01 13:39:03,486 - INTERNAL - System Time: 2025-03-01 13:39:03.485976, Logical Clock: 12
2025-03-01 13:39:03,993 - SEND - System Time: 2025-03-01 13:39:03.992281, Logical Clock: 13, To: Machine on port 10001
2025-03-01 13:39:03,994 - SEND - System Time: 2025-03-01 13:39:03.992281, Logical Clock: 13, To: Machine on port 10002
2025-03-01 13:39:04,499 - INTERNAL - System Time: 2025-03-01 13:39:04.499197, Logical Clock: 14
2025-03-01 13:39:05,000 - SEND - System Time: 2025-03-01 13:39:05.000637, Logical Clock: 15, To: Machine on port 10001
2025-03-01 13:39:05,502 - INTERNAL - System Time: 2025-03-01 13:39:05.502242, Logical Clock: 16
2025-03-01 13:39:06,008 - INTERNAL - System Time: 2025-03-01 13:39:06.008534, Logical Clock: 17
2025-03-01 13:39:06,510 - INTERNAL - System Time: 2025-03-01 13:39:06.510561, Logical Clock: 18
2025-03-01 13:39:07,016 - INTERNAL - System Time: 2025-03-01 13:39:07.015891, Logical Clock: 19
2025-03-01 13:39:07,520 - SEND - System Time: 2025-03-01 13:39:07.520554, Logical Clock: 20, To: Machine on port 10001
2025-03-01 13:39:07,520 - SEND - System Time: 2025-03-01 13:39:07.520554, Logical Clock: 20, To: Machine on port 10002
2025-03-01 13:39:08,024 - INTERNAL - System Time: 2025-03-01 13:39:08.024205, Logical Clock: 21
2025-03-01 13:39:08,528 - SEND - System Time: 2025-03-01 13:39:08.528807, Logical Clock: 22, To: Machine on port 10001
2025-03-01 13:39:08,529 - SEND - System Time: 2025-03-01 13:39:08.528807, Logical Clock: 22, To: Machine on port 10002
2025-03-01 13:39:09,029 - INTERNAL - System Time: 2025-03-01 13:39:09.029309, Logical Clock: 23
2025-03-01 13:39:09,534 - SEND - System Time: 2025-03-01 13:39:09.534764, Logical Clock: 24, To: Machine on port 10001
2025-03-01 13:39:09,535 - SEND - System Time: 2025-03-01 13:39:09.534764, Logical Clock: 24, To: Machine on port 10002
2025-03-01 13:39:10,043 - INTERNAL - System Time: 2025-03-01 13:39:10.043692, Logical Clock: 25
2025-03-01 13:39:10,549 - INTERNAL - System Time: 2025-03-01 13:39:10.549355, Logical Clock: 26
2025-03-01 13:39:11,055 - SEND - System Time: 2025-03-01 13:39:11.054977, Logical Clock: 27, To: Machine on port 10002
2025-03-01 13:39:11,557 - INTERNAL - System Time: 2025-03-01 13:39:11.557625, Logical Clock: 28
2025-03-01 13:39:12,061 - SEND - System Time: 2025-03-01 13:39:12.061305, Logical Clock: 29, To: Machine on port 10002
2025-03-01 13:39:12,565 - INTERNAL - System Time: 2025-03-01 13:39:12.565300, Logical Clock: 30
2025-03-01 13:39:13,070 - INTERNAL - System Time: 2025-03-01 13:39:13.070834, Logical Clock: 31
2025-03-01 13:39:13,575 - INTERNAL - System Time: 2025-03-01 13:39:13.575366, Logical Clock: 32
2025-03-01 13:39:14,077 - INTERNAL - System Time: 2025-03-01 13:39:14.077133, Logical Clock: 33
2025-03-01 13:39:14,579 - SEND - System Time: 2025-03-01 13:39:14.579662, Logical Clock: 34, To: Machine on port 10002
2025-03-01 13:39:15,080 - INTERNAL - System Time: 2025-03-01 13:39:15.080108, Logical Clock: 35
2025-03-01 13:39:15,585 - SEND - System Time: 2025-03-01 13:39:15.585643, Logical Clock: 36, To: Machine on port 10001
2025-03-01 13:39:16,087 - INTERNAL - System Time: 2025-03-01 13:39:16.087562, Logical Clock: 37
2025-03-01 13:39:16,595 - INTERNAL - System Time: 2025-03-01 13:39:16.594650, Logical Clock: 38
2025-03-01 13:39:17,100 - INTERNAL - System Time: 2025-03-01 13:39:17.100740, Logical Clock: 39
2025-03-01 13:39:17,602 - INTERNAL - System Time: 2025-03-01 13:39:17.602275, Logical Clock: 40
2025-03-01 13:39:18,106 - INTERNAL - System Time: 2025-03-01 13:39:18.106541, Logical Clock: 41
2025-03-01 13:39:18,612 - INTERNAL - System Time: 2025-03-01 13:39:18.612177, Logical Clock: 42
2025-03-01 13:39:19,114 - INTERNAL - System Time: 2025-03-01 13:39:19.114805, Logical Clock: 43
2025-03-01 13:39:19,620 - INTERNAL - System Time: 2025-03-01 13:39:19.620220, Logical Clock: 44
2025-03-01 13:39:20,127 - INTERNAL - System Time: 2025-03-01 13:39:20.125873, Logical Clock: 45
2025-03-01 13:39:20,632 - INTERNAL - System Time: 2025-03-01 13:39:20.631950, Logical Clock: 46
2025-03-01 13:39:21,137 - SEND - System Time: 2025-03-01 13:39:21.137357, Logical Clock: 47, To: Machine on port 10001
2025-03-01 13:39:21,643 - SEND - System Time: 2025-03-01 13:39:21.642908, Logical Clock: 48, To: Machine on port 10002
2025-03-01 13:39:22,144 - INTERNAL - System Time: 2025-03-01 13:39:22.144606, Logical Clock: 49
2025-03-01 13:39:22,650 - INTERNAL - System Time: 2025-03-01 13:39:22.650011, Logical Clock: 50
2025-03-01 13:39:23,155 - INTERNAL - System Time: 2025-03-01 13:39:23.155341, Logical Clock: 51
2025-03-01 13:39:23,659 - INTERNAL - System Time: 2025-03-01 13:39:23.659648, Logical Clock: 52
2025-03-01 13:39:24,161 - INTERNAL - System Time: 2025-03-01 13:39:24.161849, Logical Clock: 53
2025-03-01 13:39:24,664 - INTERNAL - System Time: 2025-03-01 13:39:24.663917, Logical Clock: 54
2025-03-01 13:39:25,168 - INTERNAL - System Time: 2025-03-01 13:39:25.168131, Logical Clock: 55
2025-03-01 13:39:25,670 - INTERNAL - System Time: 2025-03-01 13:39:25.670194, Logical Clock: 56
2025-03-01 13:39:26,175 - SEND - System Time: 2025-03-01 13:39:26.175657, Logical Clock: 57, To: Machine on port 10002
2025-03-01 13:39:26,677 - INTERNAL - System Time: 2025-03-01 13:39:26.677424, Logical Clock: 58
2025-03-01 13:39:27,179 - SEND - System Time: 2025-03-01 13:39:27.179450, Logical Clock: 59, To: Machine on port 10001
2025-03-01 13:39:27,179 - SEND - System Time: 2025-03-01 13:39:27.179450, Logical Clock: 59, To: Machine on port 10002
2025-03-01 13:39:27,682 - SEND - System Time: 2025-03-01 13:39:27.682008, Logical Clock: 60, To: Machine on port 10001
2025-03-01 13:39:28,187 - INTERNAL - System Time: 2025-03-01 13:39:28.187444, Logical Clock: 61
2025-03-01 13:39:28,702 - INTERNAL - System Time: 2025-03-01 13:39:28.702839, Logical Clock: 62
2025-03-01 13:39:29,205 - INTERNAL - System Time: 2025-03-01 13:39:29.205400, Logical Clock: 63
2025-03-01 13:39:29,709 - INTERNAL - System Time: 2025-03-01 13:39:29.708771, Logical Clock: 64
2025-03-01 13:39:30,214 - INTERNAL - System Time: 2025-03-01 13:39:30.214780, Logical Clock: 65
2025-03-01 13:39:30,716 - SEND - System Time: 2025-03-01 13:39:30.716304, Logical Clock: 66, To: Machine on port 10001
2025-03-01 13:39:31,217 - INTERNAL - System Time: 2025-03-01 13:39:31.217303, Logical Clock: 67
2025-03-01 13:39:31,721 - INTERNAL - System Time: 2025-03-01 13:39:31.721827, Logical Clock: 68
2025-03-01 13:39:32,227 - SEND - System Time: 2025-03-01 13:39:32.226968, Logical Clock: 69, To: Machine on port 10002
2025-03-01 13:39:32,733 - SEND - System Time: 2025-03-01 13:39:32.732883, Logical Clock: 70, To: Machine on port 10002
2025-03-01 13:39:33,236 - INTERNAL - System Time: 2025-03-01 13:39:33.236156, Logical Clock: 71
2025-03-01 13:39:33,741 - INTERNAL - System Time: 2025-03-01 13:39:33.741520, Logical Clock: 72
2025-03-01 13:39:34,246 - INTERNAL - System Time: 2025-03-01 13:39:34.246126, Logical Clock: 73
2025-03-01 13:39:34,750 - SEND - System Time: 2025-03-01 13:39:34.749678, Logical Clock: 74, To: Machine on port 10002
2025-03-01 13:39:35,253 - INTERNAL - System Time: 2025-03-01 13:39:35.252892, Logical Clock: 75
2025-03-01 13:39:35,757 - INTERNAL - System Time: 2025-03-01 13:39:35.757013, Logical Clock: 76
2025-03-01 13:39:36,262 - SEND - System Time: 2025-03-01 13:39:36.262226, Logical Clock: 77, To: Machine on port 10001
2025-03-01 13:39:36,262 - SEND - System Time: 2025-03-01 13:39:36.262226, Logical Clock: 77, To: Machine on port 10002
2025-03-01 13:39:36,763 - INTERNAL - System Time: 2025-03-01 13:39:36.763229, Logical Clock: 78
2025-03-01 13:39:37,269 - INTERNAL - System Time: 2025-03-01 13:39:37.268902, Logical Clock: 79
2025-03-01 13:39:37,776 - SEND - System Time: 2025-03-01 13:39:37.775371, Logical Clock: 80, To: Machine on port 10001
2025-03-01 13:39:38,279 - INTERNAL - System Time: 2025-03-01 13:39:38.279305, Logical Clock: 81
2025-03-01 13:39:38,785 - SEND - System Time: 2025-03-01 13:39:38.785056, Logical Clock: 82, To: Machine on port 10002
2025-03-01 13:39:39,289 - INTERNAL - System Time: 2025-03-01 13:39:39.289454, Logical Clock: 83
2025-03-01 13:39:39,794 - INTERNAL - System Time: 2025-03-01 13:39:39.794081, Logical Clock: 84
2025-03-01 13:39:40,297 - INTERNAL - System Time: 2025-03-01 13:39:40.297015, Logical Clock: 85
2025-03-01 13:39:40,802 - INTERNAL - System Time: 2025-03-01 13:39:40.802391, Logical Clock: 86
2025-03-01 13:39:41,308 - INTERNAL - System Time: 2025-03-01 13:39:41.308551, Logical Clock: 87
2025-03-01 13:39:41,810 - INTERNAL - System Time: 2025-03-01 13:39:41.810652, Logical Clock: 88
2025-03-01 13:39:42,316 - INTERNAL - System Time: 2025-03-01 13:39:42.316043, Logical Clock: 89
2025-03-01 13:39:42,820 - INTERNAL - System Time: 2025-03-01 13:39:42.820727, Logical Clock: 90
2025-03-01 13:39:43,325 - SEND - System Time: 2025-03-01 13:39:43.324882, Logical Clock: 91, To: Machine on port 10001
2025-03-01 13:39:43,325 - SEND - System Time: 2025-03-01 13:39:43.324882, Logical Clock: 91, To: Machine on port 10002
2025-03-01 13:39:43,826 - INTERNAL - System Time: 2025-03-01 13:39:43.826246, Logical Clock: 92
2025-03-01 13:39:44,331 - SEND - System Time: 2025-03-01 13:39:44.331439, Logical Clock: 93, To: Machine on port 10002
2025-03-01 13:39:44,836 - SEND - System Time: 2025-03-01 13:39:44.836781, Logical Clock: 94, To: Machine on port 10001
2025-03-01 13:39:45,340 - INTERNAL - System Time: 2025-03-01 13:39:45.340742, Logical Clock: 95
2025-03-01 13:39:45,846 - INTERNAL - System Time: 2025-03-01 13:39:45.846164, Logical Clock: 96
2025-03-01 13:39:46,349 - INTERNAL - System Time: 2025-03-01 13:39:46.349244, Logical Clock: 97
2025-03-01 13:39:46,854 - INTERNAL - System Time: 2025-03-01 13:39:46.854793, Logical Clock: 98
2025-03-01 13:39:47,358 - INTERNAL - System Time: 2025-03-01 13:39:47.358527, Logical Clock: 99
2025-03-01 13:39:47,864 - INTERNAL - System Time: 2025-03-01 13:39:47.863958, Logical Clock: 100
2025-03-01 13:39:48,368 - INTERNAL - System Time: 2025-03-01 13:39:48.368864, Logical Clock: 101
2025-03-01 13:39:48,875 - INTERNAL - System Time: 2025-03-01 13:39:48.875074, Logical Clock: 102
2025-03-01 13:39:49,379 - SEND - System Time: 2025-03-01 13:39:49.379371, Logical Clock: 103, To: Machine on port 10001
2025-03-01 13:39:49,379 - SEND - System Time: 2025-03-01 13:39:49.379371, Logical Clock: 103, To: Machine on port 10002
2025-03-01 13:39:49,885 - INTERNAL - System Time: 2025-03-01 13:39:49.885094, Logical Clock: 104
2025-03-01 13:39:50,387 - SEND - System Time: 2025-03-01 13:39:50.387156, Logical Clock: 105, To: Machine on port 10001
2025-03-01 13:39:50,387 - SEND - System Time: 2025-03-01 13:39:50.387156, Logical Clock: 105, To: Machine on port 10002
2025-03-01 13:39:50,891 - INTERNAL - System Time: 2025-03-01 13:39:50.891113, Logical Clock: 106
2025-03-01 13:39:51,395 - INTERNAL - System Time: 2025-03-01 13:39:51.395466, Logical Clock: 107
2025-03-01 13:39:51,896 - INTERNAL - System Time: 2025-03-01 13:39:51.896285, Logical Clock: 108
2025-03-01 13:39:52,401 - INTERNAL - System Time: 2025-03-01 13:39:52.401471, Logical Clock: 109
2025-03-01 13:39:52,905 - INTERNAL - System Time: 2025-03-01 13:39:52.905413, Logical Clock: 110
2025-03-01 13:39:53,410 - INTERNAL - System Time: 2025-03-01 13:39:53.410655, Logical Clock: 111
2025-03-01 13:39:53,914 - INTERNAL - System Time: 2025-03-01 13:39:53.914039, Logical Clock: 112
2025-03-01 13:39:54,419 - SEND - System Time: 2025-03-01 13:39:54.419385, Logical Clock: 113, To: Machine on port 10001
2025-03-01 13:39:54,420 - SEND - System Time: 2025-03-01 13:39:54.419385, Logical Clock: 113, To: Machine on port 10002
2025-03-01 13:39:54,920 - SEND - System Time: 2025-03-01 13:39:54.920543, Logical Clock: 114, To: Machine on port 10001
2025-03-01 13:39:55,424 - SEND - System Time: 2025-03-01 13:39:55.424247, Logical Clock: 115, To: Machine on port 10001
2025-03-01 13:39:55,424 - SEND - System Time: 2025-03-01 13:39:55.424247, Logical Clock: 115, To: Machine on port 10002
2025-03-01 13:39:55,928 - INTERNAL - System Time: 2025-03-01 13:39:55.928500, Logical Clock: 116
2025-03-01 13:39:56,429 - INTERNAL - System Time: 2025-03-01 13:39:56.428971, Logical Clock: 117
2025-03-01 13:39:56,934 - INTERNAL - System Time: 2025-03-01 13:39:56.934139, Logical Clock: 118
