2025-03-02 07:45:59,492 - Virtual Machine 1 initialized
2025-03-02 07:45:59,492 - Clock Rate: 3 ticks/second
2025-03-02 07:45:59,492 - Listening on port: 10000
2025-03-02 07:45:59,492 - Peer ports: [10001, 10002]
2025-03-02 07:46:00,495 - Connected to peer on port 10001
2025-03-02 07:46:00,496 - Connected to peer on port 10002
2025-03-02 07:46:00,496 - Network initialization completed
2025-03-02 07:46:00,496 - Starting main event loop
2025-03-02 07:46:00,496 - Clock rate: 3 ticks/second
2025-03-02 07:46:00,496 - SEND - System Time: 2025-03-02 07:46:00.496589, Logical Clock: 1, To: Machine on port 10001
2025-03-02 07:46:00,496 - SEND - System Time: 2025-03-02 07:46:00.496589, Logical Clock: 1, To: Machine on port 10002
2025-03-02 07:46:00,835 - INTERNAL - System Time: 2025-03-02 07:46:00.835210, Logical Clock: 2
2025-03-02 07:46:01,174 - INTERNAL - System Time: 2025-03-02 07:46:01.174471, Logical Clock: 3
2025-03-02 07:46:01,510 - INTERNAL - System Time: 2025-03-02 07:46:01.510805, Logical Clock: 4
2025-03-02 07:46:01,850 - SEND - System Time: 2025-03-02 07:46:01.849686, Logical Clock: 5, To: Machine on port 10001
2025-03-02 07:46:01,850 - SEND - System Time: 2025-03-02 07:46:01.849686, Logical Clock: 5, To: Machine on port 10002
2025-03-02 07:46:02,188 - INTERNAL - System Time: 2025-03-02 07:46:02.188191, Logical Clock: 6
2025-03-02 07:46:02,526 - INTERNAL - System Time: 2025-03-02 07:46:02.526704, Logical Clock: 7
2025-03-02 07:46:02,865 - SEND - System Time: 2025-03-02 07:46:02.865492, Logical Clock: 8, To: Machine on port 10001
2025-03-02 07:46:03,202 - INTERNAL - System Time: 2025-03-02 07:46:03.201768, Logical Clock: 9
2025-03-02 07:46:03,540 - INTERNAL - System Time: 2025-03-02 07:46:03.540628, Logical Clock: 10
2025-03-02 07:46:03,879 - SEND - System Time: 2025-03-02 07:46:03.879300, Logical Clock: 11, To: Machine on port 10001
2025-03-02 07:46:03,879 - SEND - System Time: 2025-03-02 07:46:03.879300, Logical Clock: 11, To: Machine on port 10002
2025-03-02 07:46:04,218 - INTERNAL - System Time: 2025-03-02 07:46:04.218081, Logical Clock: 12
2025-03-02 07:46:04,556 - INTERNAL - System Time: 2025-03-02 07:46:04.556792, Logical Clock: 13
2025-03-02 07:46:04,896 - SEND - System Time: 2025-03-02 07:46:04.895629, Logical Clock: 14, To: Machine on port 10002
2025-03-02 07:46:05,234 - INTERNAL - System Time: 2025-03-02 07:46:05.234415, Logical Clock: 15
2025-03-02 07:46:05,569 - SEND - System Time: 2025-03-02 07:46:05.569898, Logical Clock: 16, To: Machine on port 10001
2025-03-02 07:46:05,915 - INTERNAL - System Time: 2025-03-02 07:46:05.914919, Logical Clock: 17
2025-03-02 07:46:06,254 - SEND - System Time: 2025-03-02 07:46:06.254196, Logical Clock: 18, To: Machine on port 10001
2025-03-02 07:46:06,255 - SEND - System Time: 2025-03-02 07:46:06.254196, Logical Clock: 18, To: Machine on port 10002
2025-03-02 07:46:06,591 - SEND - System Time: 2025-03-02 07:46:06.591680, Logical Clock: 19, To: Machine on port 10001
2025-03-02 07:46:06,592 - SEND - System Time: 2025-03-02 07:46:06.591680, Logical Clock: 19, To: Machine on port 10002
2025-03-02 07:46:06,929 - INTERNAL - System Time: 2025-03-02 07:46:06.929379, Logical Clock: 20
2025-03-02 07:46:07,268 - INTERNAL - System Time: 2025-03-02 07:46:07.268034, Logical Clock: 21
2025-03-02 07:46:07,606 - SEND - System Time: 2025-03-02 07:46:07.606439, Logical Clock: 22, To: Machine on port 10001
2025-03-02 07:46:07,606 - SEND - System Time: 2025-03-02 07:46:07.606439, Logical Clock: 22, To: Machine on port 10002
2025-03-02 07:46:07,941 - SEND - System Time: 2025-03-02 07:46:07.941556, Logical Clock: 23, To: Machine on port 10001
2025-03-02 07:46:07,941 - SEND - System Time: 2025-03-02 07:46:07.941556, Logical Clock: 23, To: Machine on port 10002
2025-03-02 07:46:08,280 - INTERNAL - System Time: 2025-03-02 07:46:08.280371, Logical Clock: 24
2025-03-02 07:46:08,619 - INTERNAL - System Time: 2025-03-02 07:46:08.619285, Logical Clock: 25
2025-03-02 07:46:08,957 - INTERNAL - System Time: 2025-03-02 07:46:08.957294, Logical Clock: 26
2025-03-02 07:46:09,294 - INTERNAL - System Time: 2025-03-02 07:46:09.294828, Logical Clock: 27
2025-03-02 07:46:09,632 - INTERNAL - System Time: 2025-03-02 07:46:09.632748, Logical Clock: 28
2025-03-02 07:46:09,967 - INTERNAL - System Time: 2025-03-02 07:46:09.967818, Logical Clock: 29
2025-03-02 07:46:10,304 - INTERNAL - System Time: 2025-03-02 07:46:10.304585, Logical Clock: 30
2025-03-02 07:46:10,643 - SEND - System Time: 2025-03-02 07:46:10.643157, Logical Clock: 31, To: Machine on port 10001
2025-03-02 07:46:10,643 - SEND - System Time: 2025-03-02 07:46:10.643157, Logical Clock: 31, To: Machine on port 10002
2025-03-02 07:46:10,980 - INTERNAL - System Time: 2025-03-02 07:46:10.980849, Logical Clock: 32
2025-03-02 07:46:11,316 - INTERNAL - System Time: 2025-03-02 07:46:11.316399, Logical Clock: 33
2025-03-02 07:46:11,655 - SEND - System Time: 2025-03-02 07:46:11.654982, Logical Clock: 34, To: Machine on port 10002
2025-03-02 07:46:11,994 - SEND - System Time: 2025-03-02 07:46:11.993952, Logical Clock: 35, To: Machine on port 10002
2025-03-02 07:46:12,330 - SEND - System Time: 2025-03-02 07:46:12.330175, Logical Clock: 36, To: Machine on port 10002
2025-03-02 07:46:12,666 - SEND - System Time: 2025-03-02 07:46:12.666416, Logical Clock: 37, To: Machine on port 10001
2025-03-02 07:46:12,667 - SEND - System Time: 2025-03-02 07:46:12.666416, Logical Clock: 37, To: Machine on port 10002
2025-03-02 07:46:13,004 - INTERNAL - System Time: 2025-03-02 07:46:13.004647, Logical Clock: 38
2025-03-02 07:46:13,341 - INTERNAL - System Time: 2025-03-02 07:46:13.341475, Logical Clock: 39
2025-03-02 07:46:13,680 - SEND - System Time: 2025-03-02 07:46:13.680363, Logical Clock: 40, To: Machine on port 10001
2025-03-02 07:46:13,681 - SEND - System Time: 2025-03-02 07:46:13.680363, Logical Clock: 40, To: Machine on port 10002
2025-03-02 07:46:14,016 - INTERNAL - System Time: 2025-03-02 07:46:14.015994, Logical Clock: 41
2025-03-02 07:46:14,351 - INTERNAL - System Time: 2025-03-02 07:46:14.351768, Logical Clock: 42
2025-03-02 07:46:14,690 - SEND - System Time: 2025-03-02 07:46:14.690583, Logical Clock: 43, To: Machine on port 10002
2025-03-02 07:46:15,029 - SEND - System Time: 2025-03-02 07:46:15.029434, Logical Clock: 44, To: Machine on port 10002
2025-03-02 07:46:15,368 - INTERNAL - System Time: 2025-03-02 07:46:15.368598, Logical Clock: 45
2025-03-02 07:46:15,708 - INTERNAL - System Time: 2025-03-02 07:46:15.707915, Logical Clock: 46
2025-03-02 07:46:16,046 - INTERNAL - System Time: 2025-03-02 07:46:16.045869, Logical Clock: 47
2025-03-02 07:46:16,384 - INTERNAL - System Time: 2025-03-02 07:46:16.384710, Logical Clock: 48
2025-03-02 07:46:16,723 - SEND - System Time: 2025-03-02 07:46:16.723466, Logical Clock: 49, To: Machine on port 10001
2025-03-02 07:46:16,723 - SEND - System Time: 2025-03-02 07:46:16.723466, Logical Clock: 49, To: Machine on port 10002
2025-03-02 07:46:17,061 - SEND - System Time: 2025-03-02 07:46:17.061417, Logical Clock: 50, To: Machine on port 10001
2025-03-02 07:46:17,399 - INTERNAL - System Time: 2025-03-02 07:46:17.399620, Logical Clock: 51
2025-03-02 07:46:17,735 - SEND - System Time: 2025-03-02 07:46:17.735523, Logical Clock: 52, To: Machine on port 10002
2025-03-02 07:46:18,073 - INTERNAL - System Time: 2025-03-02 07:46:18.073151, Logical Clock: 53
2025-03-02 07:46:18,411 - SEND - System Time: 2025-03-02 07:46:18.411546, Logical Clock: 54, To: Machine on port 10002
2025-03-02 07:46:18,748 - INTERNAL - System Time: 2025-03-02 07:46:18.748135, Logical Clock: 55
2025-03-02 07:46:19,084 - SEND - System Time: 2025-03-02 07:46:19.084253, Logical Clock: 56, To: Machine on port 10001
2025-03-02 07:46:19,422 - INTERNAL - System Time: 2025-03-02 07:46:19.422543, Logical Clock: 57
2025-03-02 07:46:19,757 - INTERNAL - System Time: 2025-03-02 07:46:19.757187, Logical Clock: 58
2025-03-02 07:46:20,092 - SEND - System Time: 2025-03-02 07:46:20.091962, Logical Clock: 59, To: Machine on port 10002
2025-03-02 07:46:20,428 - INTERNAL - System Time: 2025-03-02 07:46:20.428654, Logical Clock: 60
2025-03-02 07:46:20,764 - SEND - System Time: 2025-03-02 07:46:20.764407, Logical Clock: 61, To: Machine on port 10001
2025-03-02 07:46:20,765 - SEND - System Time: 2025-03-02 07:46:20.764407, Logical Clock: 61, To: Machine on port 10002
2025-03-02 07:46:21,100 - SEND - System Time: 2025-03-02 07:46:21.100044, Logical Clock: 62, To: Machine on port 10001
2025-03-02 07:46:21,437 - INTERNAL - System Time: 2025-03-02 07:46:21.437595, Logical Clock: 63
2025-03-02 07:46:21,773 - INTERNAL - System Time: 2025-03-02 07:46:21.772887, Logical Clock: 64
2025-03-02 07:46:22,109 - INTERNAL - System Time: 2025-03-02 07:46:22.109896, Logical Clock: 65
2025-03-02 07:46:22,445 - INTERNAL - System Time: 2025-03-02 07:46:22.445289, Logical Clock: 66
2025-03-02 07:46:22,780 - INTERNAL - System Time: 2025-03-02 07:46:22.780456, Logical Clock: 67
2025-03-02 07:46:23,118 - SEND - System Time: 2025-03-02 07:46:23.117745, Logical Clock: 68, To: Machine on port 10001
2025-03-02 07:46:23,457 - SEND - System Time: 2025-03-02 07:46:23.457279, Logical Clock: 69, To: Machine on port 10002
2025-03-02 07:46:23,794 - INTERNAL - System Time: 2025-03-02 07:46:23.794462, Logical Clock: 70
2025-03-02 07:46:24,131 - INTERNAL - System Time: 2025-03-02 07:46:24.131019, Logical Clock: 71
2025-03-02 07:46:24,470 - SEND - System Time: 2025-03-02 07:46:24.469756, Logical Clock: 72, To: Machine on port 10001
2025-03-02 07:46:24,807 - SEND - System Time: 2025-03-02 07:46:24.807672, Logical Clock: 73, To: Machine on port 10001
2025-03-02 07:46:24,808 - SEND - System Time: 2025-03-02 07:46:24.807672, Logical Clock: 73, To: Machine on port 10002
2025-03-02 07:46:25,144 - INTERNAL - System Time: 2025-03-02 07:46:25.144346, Logical Clock: 74
2025-03-02 07:46:25,483 - SEND - System Time: 2025-03-02 07:46:25.482780, Logical Clock: 75, To: Machine on port 10002
2025-03-02 07:46:25,820 - INTERNAL - System Time: 2025-03-02 07:46:25.819761, Logical Clock: 76
2025-03-02 07:46:26,157 - INTERNAL - System Time: 2025-03-02 07:46:26.157867, Logical Clock: 77
2025-03-02 07:46:26,496 - INTERNAL - System Time: 2025-03-02 07:46:26.496432, Logical Clock: 78
2025-03-02 07:46:26,832 - INTERNAL - System Time: 2025-03-02 07:46:26.832042, Logical Clock: 79
2025-03-02 07:46:27,169 - SEND - System Time: 2025-03-02 07:46:27.169104, Logical Clock: 80, To: Machine on port 10002
2025-03-02 07:46:27,505 - INTERNAL - System Time: 2025-03-02 07:46:27.505680, Logical Clock: 81
2025-03-02 07:46:27,843 - INTERNAL - System Time: 2025-03-02 07:46:27.842782, Logical Clock: 82
2025-03-02 07:46:28,179 - INTERNAL - System Time: 2025-03-02 07:46:28.179280, Logical Clock: 83
2025-03-02 07:46:28,518 - SEND - System Time: 2025-03-02 07:46:28.517025, Logical Clock: 84, To: Machine on port 10002
2025-03-02 07:46:28,855 - INTERNAL - System Time: 2025-03-02 07:46:28.854787, Logical Clock: 85
2025-03-02 07:46:29,190 - INTERNAL - System Time: 2025-03-02 07:46:29.190012, Logical Clock: 86
2025-03-02 07:46:29,526 - INTERNAL - System Time: 2025-03-02 07:46:29.526226, Logical Clock: 87
2025-03-02 07:46:29,861 - INTERNAL - System Time: 2025-03-02 07:46:29.861129, Logical Clock: 88
2025-03-02 07:46:30,196 - INTERNAL - System Time: 2025-03-02 07:46:30.196267, Logical Clock: 89
2025-03-02 07:46:30,535 - INTERNAL - System Time: 2025-03-02 07:46:30.534932, Logical Clock: 90
2025-03-02 07:46:30,870 - INTERNAL - System Time: 2025-03-02 07:46:30.869805, Logical Clock: 91
2025-03-02 07:46:31,206 - INTERNAL - System Time: 2025-03-02 07:46:31.206495, Logical Clock: 92
2025-03-02 07:46:31,545 - INTERNAL - System Time: 2025-03-02 07:46:31.545692, Logical Clock: 93
2025-03-02 07:46:31,883 - INTERNAL - System Time: 2025-03-02 07:46:31.882812, Logical Clock: 94
2025-03-02 07:46:32,218 - INTERNAL - System Time: 2025-03-02 07:46:32.218239, Logical Clock: 95
2025-03-02 07:46:32,552 - INTERNAL - System Time: 2025-03-02 07:46:32.552779, Logical Clock: 96
2025-03-02 07:46:32,891 - INTERNAL - System Time: 2025-03-02 07:46:32.891407, Logical Clock: 97
2025-03-02 07:46:33,226 - SEND - System Time: 2025-03-02 07:46:33.226453, Logical Clock: 98, To: Machine on port 10002
2025-03-02 07:46:33,562 - INTERNAL - System Time: 2025-03-02 07:46:33.561983, Logical Clock: 99
2025-03-02 07:46:33,899 - INTERNAL - System Time: 2025-03-02 07:46:33.899317, Logical Clock: 100
2025-03-02 07:46:34,237 - INTERNAL - System Time: 2025-03-02 07:46:34.237232, Logical Clock: 101
2025-03-02 07:46:34,572 - SEND - System Time: 2025-03-02 07:46:34.572001, Logical Clock: 102, To: Machine on port 10001
2025-03-02 07:46:34,572 - SEND - System Time: 2025-03-02 07:46:34.572001, Logical Clock: 102, To: Machine on port 10002
2025-03-02 07:46:34,911 - SEND - System Time: 2025-03-02 07:46:34.911098, Logical Clock: 103, To: Machine on port 10001
2025-03-02 07:46:35,247 - SEND - System Time: 2025-03-02 07:46:35.247154, Logical Clock: 104, To: Machine on port 10001
2025-03-02 07:46:35,248 - SEND - System Time: 2025-03-02 07:46:35.247154, Logical Clock: 104, To: Machine on port 10002
2025-03-02 07:46:35,582 - INTERNAL - System Time: 2025-03-02 07:46:35.582789, Logical Clock: 105
2025-03-02 07:46:35,921 - INTERNAL - System Time: 2025-03-02 07:46:35.921229, Logical Clock: 106
2025-03-02 07:46:36,256 - INTERNAL - System Time: 2025-03-02 07:46:36.255991, Logical Clock: 107
2025-03-02 07:46:36,593 - INTERNAL - System Time: 2025-03-02 07:46:36.593156, Logical Clock: 108
2025-03-02 07:46:36,932 - INTERNAL - System Time: 2025-03-02 07:46:36.931823, Logical Clock: 109
2025-03-02 07:46:37,271 - INTERNAL - System Time: 2025-03-02 07:46:37.271076, Logical Clock: 110
2025-03-02 07:46:37,606 - INTERNAL - System Time: 2025-03-02 07:46:37.605886, Logical Clock: 111
2025-03-02 07:46:37,941 - INTERNAL - System Time: 2025-03-02 07:46:37.941014, Logical Clock: 112
2025-03-02 07:46:38,278 - INTERNAL - System Time: 2025-03-02 07:46:38.278262, Logical Clock: 113
2025-03-02 07:46:38,615 - INTERNAL - System Time: 2025-03-02 07:46:38.615424, Logical Clock: 114
2025-03-02 07:46:38,954 - SEND - System Time: 2025-03-02 07:46:38.954330, Logical Clock: 115, To: Machine on port 10001
2025-03-02 07:46:38,956 - SEND - System Time: 2025-03-02 07:46:38.954330, Logical Clock: 115, To: Machine on port 10002
2025-03-02 07:46:39,294 - INTERNAL - System Time: 2025-03-02 07:46:39.294362, Logical Clock: 116
2025-03-02 07:46:39,629 - INTERNAL - System Time: 2025-03-02 07:46:39.629388, Logical Clock: 117
2025-03-02 07:46:39,966 - SEND - System Time: 2025-03-02 07:46:39.966252, Logical Clock: 118, To: Machine on port 10001
2025-03-02 07:46:40,305 - INTERNAL - System Time: 2025-03-02 07:46:40.305217, Logical Clock: 119
2025-03-02 07:46:40,641 - SEND - System Time: 2025-03-02 07:46:40.641297, Logical Clock: 120, To: Machine on port 10002
2025-03-02 07:46:40,979 - INTERNAL - System Time: 2025-03-02 07:46:40.979247, Logical Clock: 121
2025-03-02 07:46:41,318 - INTERNAL - System Time: 2025-03-02 07:46:41.318087, Logical Clock: 122
2025-03-02 07:46:41,653 - INTERNAL - System Time: 2025-03-02 07:46:41.653733, Logical Clock: 123
2025-03-02 07:46:41,990 - INTERNAL - System Time: 2025-03-02 07:46:41.990030, Logical Clock: 124
2025-03-02 07:46:42,328 - SEND - System Time: 2025-03-02 07:46:42.327833, Logical Clock: 125, To: Machine on port 10002
2025-03-02 07:46:42,662 - INTERNAL - System Time: 2025-03-02 07:46:42.662819, Logical Clock: 126
2025-03-02 07:46:43,001 - INTERNAL - System Time: 2025-03-02 07:46:43.001613, Logical Clock: 127
2025-03-02 07:46:43,337 - INTERNAL - System Time: 2025-03-02 07:46:43.337805, Logical Clock: 128
2025-03-02 07:46:43,675 - SEND - System Time: 2025-03-02 07:46:43.675412, Logical Clock: 129, To: Machine on port 10001
2025-03-02 07:46:44,014 - INTERNAL - System Time: 2025-03-02 07:46:44.014512, Logical Clock: 130
2025-03-02 07:46:44,352 - INTERNAL - System Time: 2025-03-02 07:46:44.352717, Logical Clock: 131
2025-03-02 07:46:44,690 - INTERNAL - System Time: 2025-03-02 07:46:44.690227, Logical Clock: 132
2025-03-02 07:46:45,029 - INTERNAL - System Time: 2025-03-02 07:46:45.029432, Logical Clock: 133
2025-03-02 07:46:45,369 - INTERNAL - System Time: 2025-03-02 07:46:45.369219, Logical Clock: 134
2025-03-02 07:46:45,707 - INTERNAL - System Time: 2025-03-02 07:46:45.707329, Logical Clock: 135
2025-03-02 07:46:46,046 - SEND - System Time: 2025-03-02 07:46:46.046225, Logical Clock: 136, To: Machine on port 10001
2025-03-02 07:46:46,385 - SEND - System Time: 2025-03-02 07:46:46.385603, Logical Clock: 137, To: Machine on port 10001
2025-03-02 07:46:46,723 - INTERNAL - System Time: 2025-03-02 07:46:46.723215, Logical Clock: 138
2025-03-02 07:46:47,062 - INTERNAL - System Time: 2025-03-02 07:46:47.062106, Logical Clock: 139
2025-03-02 07:46:47,397 - INTERNAL - System Time: 2025-03-02 07:46:47.396973, Logical Clock: 140
2025-03-02 07:46:47,732 - SEND - System Time: 2025-03-02 07:46:47.732120, Logical Clock: 141, To: Machine on port 10002
2025-03-02 07:46:48,068 - INTERNAL - System Time: 2025-03-02 07:46:48.068207, Logical Clock: 142
2025-03-02 07:46:48,407 - SEND - System Time: 2025-03-02 07:46:48.406863, Logical Clock: 143, To: Machine on port 10001
2025-03-02 07:46:48,407 - SEND - System Time: 2025-03-02 07:46:48.406863, Logical Clock: 143, To: Machine on port 10002
2025-03-02 07:46:48,745 - SEND - System Time: 2025-03-02 07:46:48.745130, Logical Clock: 144, To: Machine on port 10001
2025-03-02 07:46:48,745 - SEND - System Time: 2025-03-02 07:46:48.745130, Logical Clock: 144, To: Machine on port 10002
2025-03-02 07:46:49,082 - INTERNAL - System Time: 2025-03-02 07:46:49.082888, Logical Clock: 145
2025-03-02 07:46:49,421 - SEND - System Time: 2025-03-02 07:46:49.421642, Logical Clock: 146, To: Machine on port 10002
2025-03-02 07:46:49,760 - INTERNAL - System Time: 2025-03-02 07:46:49.760552, Logical Clock: 147
2025-03-02 07:46:50,096 - INTERNAL - System Time: 2025-03-02 07:46:50.096158, Logical Clock: 148
2025-03-02 07:46:50,434 - SEND - System Time: 2025-03-02 07:46:50.434734, Logical Clock: 149, To: Machine on port 10001
2025-03-02 07:46:50,772 - SEND - System Time: 2025-03-02 07:46:50.772705, Logical Clock: 150, To: Machine on port 10001
2025-03-02 07:46:51,106 - INTERNAL - System Time: 2025-03-02 07:46:51.106759, Logical Clock: 151
2025-03-02 07:46:51,444 - INTERNAL - System Time: 2025-03-02 07:46:51.444156, Logical Clock: 152
2025-03-02 07:46:51,781 - INTERNAL - System Time: 2025-03-02 07:46:51.781498, Logical Clock: 153
2025-03-02 07:46:52,119 - INTERNAL - System Time: 2025-03-02 07:46:52.119467, Logical Clock: 154
2025-03-02 07:46:52,458 - SEND - System Time: 2025-03-02 07:46:52.458558, Logical Clock: 155, To: Machine on port 10002
2025-03-02 07:46:52,795 - INTERNAL - System Time: 2025-03-02 07:46:52.795146, Logical Clock: 156
2025-03-02 07:46:53,129 - INTERNAL - System Time: 2025-03-02 07:46:53.129484, Logical Clock: 157
2025-03-02 07:46:53,464 - INTERNAL - System Time: 2025-03-02 07:46:53.464231, Logical Clock: 158
2025-03-02 07:46:53,802 - SEND - System Time: 2025-03-02 07:46:53.802126, Logical Clock: 159, To: Machine on port 10001
2025-03-02 07:46:53,802 - SEND - System Time: 2025-03-02 07:46:53.802126, Logical Clock: 159, To: Machine on port 10002
2025-03-02 07:46:54,137 - INTERNAL - System Time: 2025-03-02 07:46:54.137524, Logical Clock: 160
2025-03-02 07:46:54,471 - INTERNAL - System Time: 2025-03-02 07:46:54.471255, Logical Clock: 161
2025-03-02 07:46:54,808 - INTERNAL - System Time: 2025-03-02 07:46:54.808379, Logical Clock: 162
2025-03-02 07:46:55,144 - INTERNAL - System Time: 2025-03-02 07:46:55.144286, Logical Clock: 163
2025-03-02 07:46:55,483 - INTERNAL - System Time: 2025-03-02 07:46:55.483172, Logical Clock: 164
2025-03-02 07:46:55,818 - SEND - System Time: 2025-03-02 07:46:55.818527, Logical Clock: 165, To: Machine on port 10002
2025-03-02 07:46:56,157 - INTERNAL - System Time: 2025-03-02 07:46:56.157089, Logical Clock: 166
2025-03-02 07:46:56,494 - SEND - System Time: 2025-03-02 07:46:56.494273, Logical Clock: 167, To: Machine on port 10001
2025-03-02 07:46:56,495 - SEND - System Time: 2025-03-02 07:46:56.494273, Logical Clock: 167, To: Machine on port 10002
2025-03-02 07:46:56,832 - INTERNAL - System Time: 2025-03-02 07:46:56.832011, Logical Clock: 168
2025-03-02 07:46:57,167 - INTERNAL - System Time: 2025-03-02 07:46:57.167132, Logical Clock: 169
2025-03-02 07:46:57,503 - INTERNAL - System Time: 2025-03-02 07:46:57.503336, Logical Clock: 170
2025-03-02 07:46:57,840 - INTERNAL - System Time: 2025-03-02 07:46:57.839891, Logical Clock: 171
2025-03-02 07:46:58,174 - INTERNAL - System Time: 2025-03-02 07:46:58.174229, Logical Clock: 172
2025-03-02 07:46:58,512 - INTERNAL - System Time: 2025-03-02 07:46:58.512392, Logical Clock: 173
2025-03-02 07:46:58,850 - SEND - System Time: 2025-03-02 07:46:58.849840, Logical Clock: 174, To: Machine on port 10001
2025-03-02 07:46:58,850 - SEND - System Time: 2025-03-02 07:46:58.849840, Logical Clock: 174, To: Machine on port 10002
2025-03-02 07:46:59,188 - SEND - System Time: 2025-03-02 07:46:59.187947, Logical Clock: 175, To: Machine on port 10001
2025-03-02 07:46:59,523 - SEND - System Time: 2025-03-02 07:46:59.523428, Logical Clock: 176, To: Machine on port 10001
2025-03-02 07:46:59,860 - INTERNAL - System Time: 2025-03-02 07:46:59.860088, Logical Clock: 177
2025-03-02 07:47:00,197 - INTERNAL - System Time: 2025-03-02 07:47:00.197036, Logical Clock: 178
