2025-03-02 07:45:59,937 - Virtual Machine 2 initialized
2025-03-02 07:45:59,937 - Clock Rate: 4 ticks/second
2025-03-02 07:45:59,937 - Listening on port: 10001
2025-03-02 07:45:59,937 - Peer ports: [10000, 10002]
2025-03-02 07:46:00,495 - Accepted connection from ('127.0.0.1', 49587)
2025-03-02 07:46:00,948 - Connected to peer on port 10002
2025-03-02 07:46:00,948 - Network initialization completed
2025-03-02 07:46:00,949 - Starting main event loop
2025-03-02 07:46:00,949 - Clock rate: 4 ticks/second
2025-03-02 07:46:00,949 - RECEIVE - System Time: 2025-03-02 07:46:00.949232, Logical Clock: 2, Queue Length: 0, From: Machine 1
2025-03-02 07:46:01,204 - No connection to port 10000
2025-03-02 07:46:01,204 - SEND - System Time: 2025-03-02 07:46:01.204347, Logical Clock: 3, To: Machine on port 10002
2025-03-02 07:46:01,455 - No connection to port 10000
2025-03-02 07:46:01,710 - INTERNAL - System Time: 2025-03-02 07:46:01.710797, Logical Clock: 5
2025-03-02 07:46:01,965 - RECEIVE - System Time: 2025-03-02 07:46:01.965669, Logical Clock: 6, Queue Length: 0, From: Machine 1
2025-03-02 07:46:02,221 - INTERNAL - System Time: 2025-03-02 07:46:02.221014, Logical Clock: 7
2025-03-02 07:46:02,476 - INTERNAL - System Time: 2025-03-02 07:46:02.476193, Logical Clock: 8
2025-03-02 07:46:02,728 - INTERNAL - System Time: 2025-03-02 07:46:02.728618, Logical Clock: 9
2025-03-02 07:46:02,984 - RECEIVE - System Time: 2025-03-02 07:46:02.984102, Logical Clock: 10, Queue Length: 0, From: Machine 1
2025-03-02 07:46:03,237 - INTERNAL - System Time: 2025-03-02 07:46:03.237199, Logical Clock: 11
2025-03-02 07:46:03,488 - No connection to port 10000
2025-03-02 07:46:03,744 - INTERNAL - System Time: 2025-03-02 07:46:03.744212, Logical Clock: 13
2025-03-02 07:46:03,995 - RECEIVE - System Time: 2025-03-02 07:46:03.995686, Logical Clock: 14, Queue Length: 0, From: Machine 1
2025-03-02 07:46:04,248 - INTERNAL - System Time: 2025-03-02 07:46:04.248334, Logical Clock: 15
2025-03-02 07:46:04,503 - INTERNAL - System Time: 2025-03-02 07:46:04.503579, Logical Clock: 16
2025-03-02 07:46:04,759 - INTERNAL - System Time: 2025-03-02 07:46:04.758822, Logical Clock: 17
2025-03-02 07:46:05,011 - INTERNAL - System Time: 2025-03-02 07:46:05.011012, Logical Clock: 18
2025-03-02 07:46:05,262 - SEND - System Time: 2025-03-02 07:46:05.262342, Logical Clock: 19, To: Machine on port 10002
2025-03-02 07:46:05,516 - No connection to port 10000
2025-03-02 07:46:05,516 - SEND - System Time: 2025-03-02 07:46:05.516324, Logical Clock: 20, To: Machine on port 10002
2025-03-02 07:46:05,771 - RECEIVE - System Time: 2025-03-02 07:46:05.771601, Logical Clock: 21, Queue Length: 0, From: Machine 1
2025-03-02 07:46:06,023 - INTERNAL - System Time: 2025-03-02 07:46:06.023572, Logical Clock: 22
2025-03-02 07:46:06,278 - RECEIVE - System Time: 2025-03-02 07:46:06.278216, Logical Clock: 23, Queue Length: 0, From: Machine 1
2025-03-02 07:46:06,529 - INTERNAL - System Time: 2025-03-02 07:46:06.529591, Logical Clock: 24
2025-03-02 07:46:06,781 - RECEIVE - System Time: 2025-03-02 07:46:06.781579, Logical Clock: 25, Queue Length: 0, From: Machine 1
2025-03-02 07:46:07,032 - INTERNAL - System Time: 2025-03-02 07:46:07.032422, Logical Clock: 26
2025-03-02 07:46:07,284 - INTERNAL - System Time: 2025-03-02 07:46:07.284396, Logical Clock: 27
2025-03-02 07:46:07,536 - INTERNAL - System Time: 2025-03-02 07:46:07.536375, Logical Clock: 28
2025-03-02 07:46:07,791 - RECEIVE - System Time: 2025-03-02 07:46:07.791656, Logical Clock: 29, Queue Length: 0, From: Machine 1
2025-03-02 07:46:08,046 - RECEIVE - System Time: 2025-03-02 07:46:08.046887, Logical Clock: 30, Queue Length: 0, From: Machine 1
2025-03-02 07:46:08,302 - No connection to port 10000
2025-03-02 07:46:08,554 - INTERNAL - System Time: 2025-03-02 07:46:08.554211, Logical Clock: 32
2025-03-02 07:46:08,809 - INTERNAL - System Time: 2025-03-02 07:46:08.809704, Logical Clock: 33
2025-03-02 07:46:09,062 - INTERNAL - System Time: 2025-03-02 07:46:09.062651, Logical Clock: 34
2025-03-02 07:46:09,318 - SEND - System Time: 2025-03-02 07:46:09.317904, Logical Clock: 35, To: Machine on port 10002
2025-03-02 07:46:09,573 - INTERNAL - System Time: 2025-03-02 07:46:09.573399, Logical Clock: 36
2025-03-02 07:46:09,827 - SEND - System Time: 2025-03-02 07:46:09.827020, Logical Clock: 37, To: Machine on port 10002
2025-03-02 07:46:10,078 - INTERNAL - System Time: 2025-03-02 07:46:10.078124, Logical Clock: 38
2025-03-02 07:46:10,333 - INTERNAL - System Time: 2025-03-02 07:46:10.333533, Logical Clock: 39
2025-03-02 07:46:10,588 - INTERNAL - System Time: 2025-03-02 07:46:10.588738, Logical Clock: 40
2025-03-02 07:46:10,842 - RECEIVE - System Time: 2025-03-02 07:46:10.842509, Logical Clock: 41, Queue Length: 0, From: Machine 1
2025-03-02 07:46:11,097 - INTERNAL - System Time: 2025-03-02 07:46:11.097669, Logical Clock: 42
2025-03-02 07:46:11,349 - INTERNAL - System Time: 2025-03-02 07:46:11.349745, Logical Clock: 43
2025-03-02 07:46:11,605 - INTERNAL - System Time: 2025-03-02 07:46:11.604980, Logical Clock: 44
2025-03-02 07:46:11,860 - INTERNAL - System Time: 2025-03-02 07:46:11.860168, Logical Clock: 45
2025-03-02 07:46:12,115 - INTERNAL - System Time: 2025-03-02 07:46:12.115580, Logical Clock: 46
2025-03-02 07:46:12,371 - INTERNAL - System Time: 2025-03-02 07:46:12.371116, Logical Clock: 47
2025-03-02 07:46:12,625 - No connection to port 10000
2025-03-02 07:46:12,878 - RECEIVE - System Time: 2025-03-02 07:46:12.878616, Logical Clock: 49, Queue Length: 0, From: Machine 1
2025-03-02 07:46:13,133 - SEND - System Time: 2025-03-02 07:46:13.133220, Logical Clock: 50, To: Machine on port 10002
2025-03-02 07:46:13,387 - INTERNAL - System Time: 2025-03-02 07:46:13.387859, Logical Clock: 51
2025-03-02 07:46:13,643 - INTERNAL - System Time: 2025-03-02 07:46:13.643157, Logical Clock: 52
2025-03-02 07:46:13,899 - RECEIVE - System Time: 2025-03-02 07:46:13.899140, Logical Clock: 53, Queue Length: 0, From: Machine 1
2025-03-02 07:46:14,157 - SEND - System Time: 2025-03-02 07:46:14.157580, Logical Clock: 54, To: Machine on port 10002
2025-03-02 07:46:14,413 - INTERNAL - System Time: 2025-03-02 07:46:14.413372, Logical Clock: 55
2025-03-02 07:46:14,669 - INTERNAL - System Time: 2025-03-02 07:46:14.668723, Logical Clock: 56
2025-03-02 07:46:14,922 - INTERNAL - System Time: 2025-03-02 07:46:14.922072, Logical Clock: 57
2025-03-02 07:46:15,177 - INTERNAL - System Time: 2025-03-02 07:46:15.177439, Logical Clock: 58
2025-03-02 07:46:15,429 - INTERNAL - System Time: 2025-03-02 07:46:15.429444, Logical Clock: 59
2025-03-02 07:46:15,683 - INTERNAL - System Time: 2025-03-02 07:46:15.683120, Logical Clock: 60
2025-03-02 07:46:15,938 - No connection to port 10000
2025-03-02 07:46:15,938 - SEND - System Time: 2025-03-02 07:46:15.938525, Logical Clock: 61, To: Machine on port 10002
2025-03-02 07:46:16,191 - INTERNAL - System Time: 2025-03-02 07:46:16.191397, Logical Clock: 62
2025-03-02 07:46:16,444 - INTERNAL - System Time: 2025-03-02 07:46:16.443878, Logical Clock: 63
2025-03-02 07:46:16,702 - INTERNAL - System Time: 2025-03-02 07:46:16.702510, Logical Clock: 64
2025-03-02 07:46:16,957 - RECEIVE - System Time: 2025-03-02 07:46:16.957732, Logical Clock: 65, Queue Length: 0, From: Machine 1
2025-03-02 07:46:17,210 - RECEIVE - System Time: 2025-03-02 07:46:17.210398, Logical Clock: 66, Queue Length: 0, From: Machine 1
2025-03-02 07:46:17,465 - INTERNAL - System Time: 2025-03-02 07:46:17.465186, Logical Clock: 67
2025-03-02 07:46:17,718 - INTERNAL - System Time: 2025-03-02 07:46:17.718362, Logical Clock: 68
2025-03-02 07:46:17,971 - INTERNAL - System Time: 2025-03-02 07:46:17.971654, Logical Clock: 69
2025-03-02 07:46:18,227 - INTERNAL - System Time: 2025-03-02 07:46:18.227073, Logical Clock: 70
2025-03-02 07:46:18,479 - INTERNAL - System Time: 2025-03-02 07:46:18.479266, Logical Clock: 71
2025-03-02 07:46:18,732 - INTERNAL - System Time: 2025-03-02 07:46:18.732141, Logical Clock: 72
2025-03-02 07:46:18,983 - INTERNAL - System Time: 2025-03-02 07:46:18.983537, Logical Clock: 73
2025-03-02 07:46:19,239 - RECEIVE - System Time: 2025-03-02 07:46:19.239343, Logical Clock: 74, Queue Length: 0, From: Machine 1
2025-03-02 07:46:19,494 - No connection to port 10000
2025-03-02 07:46:19,745 - INTERNAL - System Time: 2025-03-02 07:46:19.745330, Logical Clock: 76
2025-03-02 07:46:19,996 - INTERNAL - System Time: 2025-03-02 07:46:19.996464, Logical Clock: 77
2025-03-02 07:46:20,252 - INTERNAL - System Time: 2025-03-02 07:46:20.251748, Logical Clock: 78
2025-03-02 07:46:20,506 - INTERNAL - System Time: 2025-03-02 07:46:20.506737, Logical Clock: 79
2025-03-02 07:46:20,758 - INTERNAL - System Time: 2025-03-02 07:46:20.757731, Logical Clock: 80
2025-03-02 07:46:21,010 - RECEIVE - System Time: 2025-03-02 07:46:21.010780, Logical Clock: 81, Queue Length: 0, From: Machine 1
2025-03-02 07:46:21,263 - RECEIVE - System Time: 2025-03-02 07:46:21.262937, Logical Clock: 82, Queue Length: 0, From: Machine 1
2025-03-02 07:46:21,513 - SEND - System Time: 2025-03-02 07:46:21.513733, Logical Clock: 83, To: Machine on port 10002
2025-03-02 07:46:21,767 - INTERNAL - System Time: 2025-03-02 07:46:21.767656, Logical Clock: 84
2025-03-02 07:46:22,021 - No connection to port 10000
2025-03-02 07:46:22,021 - SEND - System Time: 2025-03-02 07:46:22.021415, Logical Clock: 85, To: Machine on port 10002
2025-03-02 07:46:22,277 - INTERNAL - System Time: 2025-03-02 07:46:22.276973, Logical Clock: 86
2025-03-02 07:46:22,532 - No connection to port 10000
2025-03-02 07:46:22,533 - SEND - System Time: 2025-03-02 07:46:22.532719, Logical Clock: 87, To: Machine on port 10002
2025-03-02 07:46:22,784 - INTERNAL - System Time: 2025-03-02 07:46:22.784717, Logical Clock: 88
2025-03-02 07:46:23,039 - INTERNAL - System Time: 2025-03-02 07:46:23.039582, Logical Clock: 89
2025-03-02 07:46:23,294 - RECEIVE - System Time: 2025-03-02 07:46:23.294332, Logical Clock: 90, Queue Length: 0, From: Machine 1
2025-03-02 07:46:23,547 - INTERNAL - System Time: 2025-03-02 07:46:23.547617, Logical Clock: 91
2025-03-02 07:46:23,799 - SEND - System Time: 2025-03-02 07:46:23.799387, Logical Clock: 92, To: Machine on port 10002
2025-03-02 07:46:24,052 - INTERNAL - System Time: 2025-03-02 07:46:24.052347, Logical Clock: 93
2025-03-02 07:46:24,303 - INTERNAL - System Time: 2025-03-02 07:46:24.302990, Logical Clock: 94
2025-03-02 07:46:24,558 - RECEIVE - System Time: 2025-03-02 07:46:24.558278, Logical Clock: 95, Queue Length: 0, From: Machine 1
2025-03-02 07:46:24,811 - RECEIVE - System Time: 2025-03-02 07:46:24.811052, Logical Clock: 96, Queue Length: 0, From: Machine 1
2025-03-02 07:46:25,066 - No connection to port 10000
2025-03-02 07:46:25,067 - SEND - System Time: 2025-03-02 07:46:25.066435, Logical Clock: 97, To: Machine on port 10002
2025-03-02 07:46:25,319 - INTERNAL - System Time: 2025-03-02 07:46:25.319267, Logical Clock: 98
2025-03-02 07:46:25,574 - INTERNAL - System Time: 2025-03-02 07:46:25.574130, Logical Clock: 99
2025-03-02 07:46:25,828 - INTERNAL - System Time: 2025-03-02 07:46:25.827779, Logical Clock: 100
2025-03-02 07:46:26,083 - SEND - System Time: 2025-03-02 07:46:26.083470, Logical Clock: 101, To: Machine on port 10002
2025-03-02 07:46:26,336 - INTERNAL - System Time: 2025-03-02 07:46:26.336355, Logical Clock: 102
2025-03-02 07:46:26,592 - INTERNAL - System Time: 2025-03-02 07:46:26.591959, Logical Clock: 103
2025-03-02 07:46:26,844 - No connection to port 10000
2025-03-02 07:46:26,845 - SEND - System Time: 2025-03-02 07:46:26.844556, Logical Clock: 104, To: Machine on port 10002
2025-03-02 07:46:27,097 - INTERNAL - System Time: 2025-03-02 07:46:27.097555, Logical Clock: 105
2025-03-02 07:46:27,352 - SEND - System Time: 2025-03-02 07:46:27.352155, Logical Clock: 106, To: Machine on port 10002
2025-03-02 07:46:27,607 - INTERNAL - System Time: 2025-03-02 07:46:27.607115, Logical Clock: 107
2025-03-02 07:46:27,858 - INTERNAL - System Time: 2025-03-02 07:46:27.858578, Logical Clock: 108
2025-03-02 07:46:28,112 - INTERNAL - System Time: 2025-03-02 07:46:28.112317, Logical Clock: 109
2025-03-02 07:46:28,364 - INTERNAL - System Time: 2025-03-02 07:46:28.364450, Logical Clock: 110
2025-03-02 07:46:28,618 - INTERNAL - System Time: 2025-03-02 07:46:28.618772, Logical Clock: 111
2025-03-02 07:46:28,872 - INTERNAL - System Time: 2025-03-02 07:46:28.871896, Logical Clock: 112
2025-03-02 07:46:29,127 - INTERNAL - System Time: 2025-03-02 07:46:29.127143, Logical Clock: 113
2025-03-02 07:46:29,381 - INTERNAL - System Time: 2025-03-02 07:46:29.381300, Logical Clock: 114
2025-03-02 07:46:29,636 - INTERNAL - System Time: 2025-03-02 07:46:29.636754, Logical Clock: 115
2025-03-02 07:46:29,888 - INTERNAL - System Time: 2025-03-02 07:46:29.888389, Logical Clock: 116
2025-03-02 07:46:30,142 - INTERNAL - System Time: 2025-03-02 07:46:30.142259, Logical Clock: 117
2025-03-02 07:46:30,394 - INTERNAL - System Time: 2025-03-02 07:46:30.394585, Logical Clock: 118
2025-03-02 07:46:30,648 - INTERNAL - System Time: 2025-03-02 07:46:30.647941, Logical Clock: 119
2025-03-02 07:46:30,902 - No connection to port 10000
2025-03-02 07:46:31,155 - INTERNAL - System Time: 2025-03-02 07:46:31.154976, Logical Clock: 121
2025-03-02 07:46:31,407 - INTERNAL - System Time: 2025-03-02 07:46:31.407670, Logical Clock: 122
2025-03-02 07:46:31,660 - INTERNAL - System Time: 2025-03-02 07:46:31.660314, Logical Clock: 123
2025-03-02 07:46:31,914 - SEND - System Time: 2025-03-02 07:46:31.914072, Logical Clock: 124, To: Machine on port 10002
2025-03-02 07:46:32,167 - INTERNAL - System Time: 2025-03-02 07:46:32.166821, Logical Clock: 125
2025-03-02 07:46:32,417 - INTERNAL - System Time: 2025-03-02 07:46:32.417647, Logical Clock: 126
2025-03-02 07:46:32,668 - No connection to port 10000
2025-03-02 07:46:32,669 - SEND - System Time: 2025-03-02 07:46:32.668395, Logical Clock: 127, To: Machine on port 10002
2025-03-02 07:46:32,920 - INTERNAL - System Time: 2025-03-02 07:46:32.920224, Logical Clock: 128
2025-03-02 07:46:33,175 - INTERNAL - System Time: 2025-03-02 07:46:33.175159, Logical Clock: 129
2025-03-02 07:46:33,426 - INTERNAL - System Time: 2025-03-02 07:46:33.426574, Logical Clock: 130
2025-03-02 07:46:33,679 - INTERNAL - System Time: 2025-03-02 07:46:33.679504, Logical Clock: 131
2025-03-02 07:46:33,935 - INTERNAL - System Time: 2025-03-02 07:46:33.935715, Logical Clock: 132
2025-03-02 07:46:34,188 - No connection to port 10000
2025-03-02 07:46:34,439 - INTERNAL - System Time: 2025-03-02 07:46:34.439681, Logical Clock: 134
2025-03-02 07:46:34,694 - RECEIVE - System Time: 2025-03-02 07:46:34.694526, Logical Clock: 135, Queue Length: 0, From: Machine 1
2025-03-02 07:46:34,946 - RECEIVE - System Time: 2025-03-02 07:46:34.946410, Logical Clock: 136, Queue Length: 0, From: Machine 1
2025-03-02 07:46:35,201 - No connection to port 10000
2025-03-02 07:46:35,452 - RECEIVE - System Time: 2025-03-02 07:46:35.451849, Logical Clock: 138, Queue Length: 0, From: Machine 1
2025-03-02 07:46:35,707 - INTERNAL - System Time: 2025-03-02 07:46:35.707091, Logical Clock: 139
2025-03-02 07:46:35,959 - INTERNAL - System Time: 2025-03-02 07:46:35.959500, Logical Clock: 140
2025-03-02 07:46:36,211 - SEND - System Time: 2025-03-02 07:46:36.211560, Logical Clock: 141, To: Machine on port 10002
2025-03-02 07:46:36,464 - No connection to port 10000
2025-03-02 07:46:36,465 - SEND - System Time: 2025-03-02 07:46:36.464870, Logical Clock: 142, To: Machine on port 10002
2025-03-02 07:46:36,717 - INTERNAL - System Time: 2025-03-02 07:46:36.717468, Logical Clock: 143
2025-03-02 07:46:36,973 - INTERNAL - System Time: 2025-03-02 07:46:36.972869, Logical Clock: 144
2025-03-02 07:46:37,225 - INTERNAL - System Time: 2025-03-02 07:46:37.224812, Logical Clock: 145
2025-03-02 07:46:37,477 - INTERNAL - System Time: 2025-03-02 07:46:37.476759, Logical Clock: 146
2025-03-02 07:46:37,731 - INTERNAL - System Time: 2025-03-02 07:46:37.731165, Logical Clock: 147
2025-03-02 07:46:37,987 - SEND - System Time: 2025-03-02 07:46:37.987082, Logical Clock: 148, To: Machine on port 10002
2025-03-02 07:46:38,240 - INTERNAL - System Time: 2025-03-02 07:46:38.240082, Logical Clock: 149
2025-03-02 07:46:38,494 - INTERNAL - System Time: 2025-03-02 07:46:38.494397, Logical Clock: 150
2025-03-02 07:46:38,749 - INTERNAL - System Time: 2025-03-02 07:46:38.749294, Logical Clock: 151
2025-03-02 07:46:39,005 - RECEIVE - System Time: 2025-03-02 07:46:39.005225, Logical Clock: 152, Queue Length: 0, From: Machine 1
2025-03-02 07:46:39,256 - INTERNAL - System Time: 2025-03-02 07:46:39.256425, Logical Clock: 153
2025-03-02 07:46:39,512 - No connection to port 10000
2025-03-02 07:46:39,763 - INTERNAL - System Time: 2025-03-02 07:46:39.763216, Logical Clock: 155
2025-03-02 07:46:40,016 - RECEIVE - System Time: 2025-03-02 07:46:40.016324, Logical Clock: 156, Queue Length: 0, From: Machine 1
2025-03-02 07:46:40,268 - INTERNAL - System Time: 2025-03-02 07:46:40.268488, Logical Clock: 157
2025-03-02 07:46:40,523 - SEND - System Time: 2025-03-02 07:46:40.523799, Logical Clock: 158, To: Machine on port 10002
2025-03-02 07:46:40,776 - SEND - System Time: 2025-03-02 07:46:40.776532, Logical Clock: 159, To: Machine on port 10002
2025-03-02 07:46:41,034 - SEND - System Time: 2025-03-02 07:46:41.033677, Logical Clock: 160, To: Machine on port 10002
2025-03-02 07:46:41,290 - INTERNAL - System Time: 2025-03-02 07:46:41.290277, Logical Clock: 161
2025-03-02 07:46:41,544 - INTERNAL - System Time: 2025-03-02 07:46:41.544190, Logical Clock: 162
2025-03-02 07:46:41,796 - INTERNAL - System Time: 2025-03-02 07:46:41.796728, Logical Clock: 163
2025-03-02 07:46:42,052 - INTERNAL - System Time: 2025-03-02 07:46:42.052349, Logical Clock: 164
2025-03-02 07:46:42,304 - INTERNAL - System Time: 2025-03-02 07:46:42.304728, Logical Clock: 165
2025-03-02 07:46:42,560 - INTERNAL - System Time: 2025-03-02 07:46:42.560191, Logical Clock: 166
2025-03-02 07:46:42,811 - INTERNAL - System Time: 2025-03-02 07:46:42.811592, Logical Clock: 167
2025-03-02 07:46:43,067 - INTERNAL - System Time: 2025-03-02 07:46:43.066882, Logical Clock: 168
2025-03-02 07:46:43,320 - INTERNAL - System Time: 2025-03-02 07:46:43.320153, Logical Clock: 169
2025-03-02 07:46:43,575 - INTERNAL - System Time: 2025-03-02 07:46:43.574904, Logical Clock: 170
2025-03-02 07:46:43,830 - RECEIVE - System Time: 2025-03-02 07:46:43.830012, Logical Clock: 171, Queue Length: 0, From: Machine 1
2025-03-02 07:46:44,083 - INTERNAL - System Time: 2025-03-02 07:46:44.083532, Logical Clock: 172
2025-03-02 07:46:44,335 - No connection to port 10000
2025-03-02 07:46:44,591 - INTERNAL - System Time: 2025-03-02 07:46:44.591036, Logical Clock: 174
2025-03-02 07:46:44,844 - INTERNAL - System Time: 2025-03-02 07:46:44.844002, Logical Clock: 175
2025-03-02 07:46:45,099 - INTERNAL - System Time: 2025-03-02 07:46:45.099381, Logical Clock: 176
2025-03-02 07:46:45,352 - SEND - System Time: 2025-03-02 07:46:45.352329, Logical Clock: 177, To: Machine on port 10002
2025-03-02 07:46:45,605 - SEND - System Time: 2025-03-02 07:46:45.605119, Logical Clock: 178, To: Machine on port 10002
2025-03-02 07:46:45,860 - INTERNAL - System Time: 2025-03-02 07:46:45.860185, Logical Clock: 179
2025-03-02 07:46:46,116 - RECEIVE - System Time: 2025-03-02 07:46:46.116089, Logical Clock: 180, Queue Length: 0, From: Machine 1
2025-03-02 07:46:46,368 - INTERNAL - System Time: 2025-03-02 07:46:46.368264, Logical Clock: 181
2025-03-02 07:46:46,622 - RECEIVE - System Time: 2025-03-02 07:46:46.622161, Logical Clock: 182, Queue Length: 0, From: Machine 1
2025-03-02 07:46:46,876 - INTERNAL - System Time: 2025-03-02 07:46:46.876844, Logical Clock: 183
2025-03-02 07:46:47,133 - SEND - System Time: 2025-03-02 07:46:47.132817, Logical Clock: 184, To: Machine on port 10002
2025-03-02 07:46:47,384 - INTERNAL - System Time: 2025-03-02 07:46:47.384594, Logical Clock: 185
2025-03-02 07:46:47,638 - INTERNAL - System Time: 2025-03-02 07:46:47.638245, Logical Clock: 186
2025-03-02 07:46:47,893 - INTERNAL - System Time: 2025-03-02 07:46:47.893135, Logical Clock: 187
2025-03-02 07:46:48,146 - No connection to port 10000
2025-03-02 07:46:48,147 - SEND - System Time: 2025-03-02 07:46:48.146739, Logical Clock: 188, To: Machine on port 10002
2025-03-02 07:46:48,402 - INTERNAL - System Time: 2025-03-02 07:46:48.401948, Logical Clock: 189
2025-03-02 07:46:48,655 - RECEIVE - System Time: 2025-03-02 07:46:48.655368, Logical Clock: 190, Queue Length: 0, From: Machine 1
2025-03-02 07:46:48,909 - RECEIVE - System Time: 2025-03-02 07:46:48.909733, Logical Clock: 191, Queue Length: 0, From: Machine 1
2025-03-02 07:46:49,161 - INTERNAL - System Time: 2025-03-02 07:46:49.160934, Logical Clock: 192
2025-03-02 07:46:49,413 - INTERNAL - System Time: 2025-03-02 07:46:49.413191, Logical Clock: 193
2025-03-02 07:46:49,668 - SEND - System Time: 2025-03-02 07:46:49.668819, Logical Clock: 194, To: Machine on port 10002
2025-03-02 07:46:49,921 - INTERNAL - System Time: 2025-03-02 07:46:49.921677, Logical Clock: 195
2025-03-02 07:46:50,177 - SEND - System Time: 2025-03-02 07:46:50.177242, Logical Clock: 196, To: Machine on port 10002
2025-03-02 07:46:50,432 - INTERNAL - System Time: 2025-03-02 07:46:50.432591, Logical Clock: 197
2025-03-02 07:46:50,685 - RECEIVE - System Time: 2025-03-02 07:46:50.684795, Logical Clock: 198, Queue Length: 0, From: Machine 1
2025-03-02 07:46:50,939 - RECEIVE - System Time: 2025-03-02 07:46:50.939524, Logical Clock: 199, Queue Length: 0, From: Machine 1
2025-03-02 07:46:51,191 - INTERNAL - System Time: 2025-03-02 07:46:51.191381, Logical Clock: 200
2025-03-02 07:46:51,446 - INTERNAL - System Time: 2025-03-02 07:46:51.445776, Logical Clock: 201
2025-03-02 07:46:51,697 - INTERNAL - System Time: 2025-03-02 07:46:51.697560, Logical Clock: 202
2025-03-02 07:46:51,953 - INTERNAL - System Time: 2025-03-02 07:46:51.952891, Logical Clock: 203
2025-03-02 07:46:52,207 - INTERNAL - System Time: 2025-03-02 07:46:52.207689, Logical Clock: 204
2025-03-02 07:46:52,458 - INTERNAL - System Time: 2025-03-02 07:46:52.458543, Logical Clock: 205
2025-03-02 07:46:52,714 - INTERNAL - System Time: 2025-03-02 07:46:52.714102, Logical Clock: 206
2025-03-02 07:46:52,965 - INTERNAL - System Time: 2025-03-02 07:46:52.965505, Logical Clock: 207
2025-03-02 07:46:53,221 - INTERNAL - System Time: 2025-03-02 07:46:53.221045, Logical Clock: 208
2025-03-02 07:46:53,476 - INTERNAL - System Time: 2025-03-02 07:46:53.476404, Logical Clock: 209
2025-03-02 07:46:53,728 - No connection to port 10000
2025-03-02 07:46:53,729 - SEND - System Time: 2025-03-02 07:46:53.728750, Logical Clock: 210, To: Machine on port 10002
2025-03-02 07:46:53,984 - RECEIVE - System Time: 2025-03-02 07:46:53.984173, Logical Clock: 211, Queue Length: 0, From: Machine 1
2025-03-02 07:46:54,237 - INTERNAL - System Time: 2025-03-02 07:46:54.236739, Logical Clock: 212
2025-03-02 07:46:54,492 - INTERNAL - System Time: 2025-03-02 07:46:54.492642, Logical Clock: 213
2025-03-02 07:46:54,745 - SEND - System Time: 2025-03-02 07:46:54.744536, Logical Clock: 214, To: Machine on port 10002
2025-03-02 07:46:54,996 - INTERNAL - System Time: 2025-03-02 07:46:54.996652, Logical Clock: 215
2025-03-02 07:46:55,249 - SEND - System Time: 2025-03-02 07:46:55.249198, Logical Clock: 216, To: Machine on port 10002
2025-03-02 07:46:55,504 - INTERNAL - System Time: 2025-03-02 07:46:55.504556, Logical Clock: 217
2025-03-02 07:46:55,756 - No connection to port 10000
2025-03-02 07:46:55,757 - SEND - System Time: 2025-03-02 07:46:55.756582, Logical Clock: 218, To: Machine on port 10002
2025-03-02 07:46:56,012 - INTERNAL - System Time: 2025-03-02 07:46:56.012093, Logical Clock: 219
2025-03-02 07:46:56,263 - INTERNAL - System Time: 2025-03-02 07:46:56.263432, Logical Clock: 220
2025-03-02 07:46:56,518 - RECEIVE - System Time: 2025-03-02 07:46:56.518167, Logical Clock: 221, Queue Length: 0, From: Machine 1
2025-03-02 07:46:56,770 - INTERNAL - System Time: 2025-03-02 07:46:56.770260, Logical Clock: 222
2025-03-02 07:46:57,022 - INTERNAL - System Time: 2025-03-02 07:46:57.022453, Logical Clock: 223
2025-03-02 07:46:57,278 - INTERNAL - System Time: 2025-03-02 07:46:57.278045, Logical Clock: 224
2025-03-02 07:46:57,533 - INTERNAL - System Time: 2025-03-02 07:46:57.533268, Logical Clock: 225
2025-03-02 07:46:57,786 - INTERNAL - System Time: 2025-03-02 07:46:57.785721, Logical Clock: 226
2025-03-02 07:46:58,040 - INTERNAL - System Time: 2025-03-02 07:46:58.040247, Logical Clock: 227
2025-03-02 07:46:58,295 - No connection to port 10000
2025-03-02 07:46:58,295 - SEND - System Time: 2025-03-02 07:46:58.295005, Logical Clock: 228, To: Machine on port 10002
2025-03-02 07:46:58,550 - INTERNAL - System Time: 2025-03-02 07:46:58.550590, Logical Clock: 229
2025-03-02 07:46:58,804 - INTERNAL - System Time: 2025-03-02 07:46:58.804412, Logical Clock: 230
2025-03-02 07:46:59,059 - RECEIVE - System Time: 2025-03-02 07:46:59.059609, Logical Clock: 231, Queue Length: 0, From: Machine 1
2025-03-02 07:46:59,312 - RECEIVE - System Time: 2025-03-02 07:46:59.312584, Logical Clock: 232, Queue Length: 0, From: Machine 1
2025-03-02 07:46:59,568 - RECEIVE - System Time: 2025-03-02 07:46:59.568281, Logical Clock: 233, Queue Length: 0, From: Machine 1
2025-03-02 07:46:59,823 - No connection to port 10000
2025-03-02 07:46:59,824 - SEND - System Time: 2025-03-02 07:46:59.823337, Logical Clock: 234, To: Machine on port 10002
2025-03-02 07:47:00,074 - INTERNAL - System Time: 2025-03-02 07:47:00.074512, Logical Clock: 235
2025-03-02 07:47:00,326 - INTERNAL - System Time: 2025-03-02 07:47:00.326333, Logical Clock: 236
