2025-03-02 07:46:00,437 - Virtual Machine 3 initialized
2025-03-02 07:46:00,437 - Clock Rate: 1 ticks/second
2025-03-02 07:46:00,437 - Listening on port: 10002
2025-03-02 07:46:00,437 - Peer ports: [10000, 10001]
2025-03-02 07:46:00,450 - Network initialization completed
2025-03-02 07:46:00,450 - Starting main event loop
2025-03-02 07:46:00,450 - Clock rate: 1 ticks/second
2025-03-02 07:46:00,450 - No connection to port 10001
2025-03-02 07:46:00,496 - Accepted connection from ('127.0.0.1', 49588)
2025-03-02 07:46:00,948 - Accepted connection from ('127.0.0.1', 49591)
2025-03-02 07:46:01,455 - RECEIVE - System Time: 2025-03-02 07:46:01.455535, Logical Clock: 2, Queue Length: 1, From: Machine 1
2025-03-02 07:46:02,459 - RECEIVE - System Time: 2025-03-02 07:46:02.459085, Logical Clock: 4, Queue Length: 1, From: Machine 2
2025-03-02 07:46:03,464 - RECEIVE - System Time: 2025-03-02 07:46:03.464282, Logical Clock: 6, Queue Length: 0, From: Machine 1
2025-03-02 07:46:04,468 - RECEIVE - System Time: 2025-03-02 07:46:04.468434, Logical Clock: 12, Queue Length: 0, From: Machine 1
2025-03-02 07:46:05,473 - RECEIVE - System Time: 2025-03-02 07:46:05.473609, Logical Clock: 15, Queue Length: 1, From: Machine 1
2025-03-02 07:46:06,479 - RECEIVE - System Time: 2025-03-02 07:46:06.479068, Logical Clock: 20, Queue Length: 2, From: Machine 2
2025-03-02 07:46:07,481 - RECEIVE - System Time: 2025-03-02 07:46:07.481671, Logical Clock: 21, Queue Length: 2, From: Machine 2
2025-03-02 07:46:08,487 - RECEIVE - System Time: 2025-03-02 07:46:08.487080, Logical Clock: 22, Queue Length: 3, From: Machine 1
2025-03-02 07:46:09,489 - RECEIVE - System Time: 2025-03-02 07:46:09.489399, Logical Clock: 23, Queue Length: 3, From: Machine 1
2025-03-02 07:46:10,495 - RECEIVE - System Time: 2025-03-02 07:46:10.495664, Logical Clock: 24, Queue Length: 3, From: Machine 1
2025-03-02 07:46:11,499 - RECEIVE - System Time: 2025-03-02 07:46:11.499730, Logical Clock: 25, Queue Length: 3, From: Machine 1
2025-03-02 07:46:12,505 - RECEIVE - System Time: 2025-03-02 07:46:12.504993, Logical Clock: 36, Queue Length: 5, From: Machine 2
2025-03-02 07:46:13,509 - RECEIVE - System Time: 2025-03-02 07:46:13.508968, Logical Clock: 38, Queue Length: 6, From: Machine 2
2025-03-02 07:46:14,514 - RECEIVE - System Time: 2025-03-02 07:46:14.514343, Logical Clock: 39, Queue Length: 7, From: Machine 1
2025-03-02 07:46:15,519 - RECEIVE - System Time: 2025-03-02 07:46:15.519618, Logical Clock: 40, Queue Length: 8, From: Machine 1
2025-03-02 07:46:16,524 - RECEIVE - System Time: 2025-03-02 07:46:16.524672, Logical Clock: 41, Queue Length: 8, From: Machine 1
2025-03-02 07:46:17,527 - RECEIVE - System Time: 2025-03-02 07:46:17.527629, Logical Clock: 42, Queue Length: 8, From: Machine 1
2025-03-02 07:46:18,528 - RECEIVE - System Time: 2025-03-02 07:46:18.528557, Logical Clock: 43, Queue Length: 9, From: Machine 1
2025-03-02 07:46:19,533 - RECEIVE - System Time: 2025-03-02 07:46:19.533358, Logical Clock: 51, Queue Length: 8, From: Machine 2
2025-03-02 07:46:20,535 - RECEIVE - System Time: 2025-03-02 07:46:20.534904, Logical Clock: 52, Queue Length: 8, From: Machine 1
2025-03-02 07:46:21,536 - RECEIVE - System Time: 2025-03-02 07:46:21.536763, Logical Clock: 55, Queue Length: 9, From: Machine 2
2025-03-02 07:46:22,541 - RECEIVE - System Time: 2025-03-02 07:46:22.541444, Logical Clock: 56, Queue Length: 10, From: Machine 1
2025-03-02 07:46:23,544 - RECEIVE - System Time: 2025-03-02 07:46:23.543825, Logical Clock: 57, Queue Length: 10, From: Machine 1
2025-03-02 07:46:24,545 - RECEIVE - System Time: 2025-03-02 07:46:24.545312, Logical Clock: 62, Queue Length: 10, From: Machine 2
2025-03-02 07:46:25,550 - RECEIVE - System Time: 2025-03-02 07:46:25.549968, Logical Clock: 63, Queue Length: 12, From: Machine 1
2025-03-02 07:46:26,552 - RECEIVE - System Time: 2025-03-02 07:46:26.551869, Logical Clock: 64, Queue Length: 12, From: Machine 1
2025-03-02 07:46:27,553 - RECEIVE - System Time: 2025-03-02 07:46:27.553719, Logical Clock: 65, Queue Length: 14, From: Machine 1
2025-03-02 07:46:28,554 - RECEIVE - System Time: 2025-03-02 07:46:28.554538, Logical Clock: 66, Queue Length: 14, From: Machine 1
2025-03-02 07:46:29,560 - RECEIVE - System Time: 2025-03-02 07:46:29.559936, Logical Clock: 67, Queue Length: 13, From: Machine 1
2025-03-02 07:46:30,561 - RECEIVE - System Time: 2025-03-02 07:46:30.561752, Logical Clock: 84, Queue Length: 12, From: Machine 2
2025-03-02 07:46:31,563 - RECEIVE - System Time: 2025-03-02 07:46:31.563569, Logical Clock: 86, Queue Length: 11, From: Machine 2
2025-03-02 07:46:32,566 - RECEIVE - System Time: 2025-03-02 07:46:32.565997, Logical Clock: 88, Queue Length: 11, From: Machine 2
2025-03-02 07:46:33,571 - RECEIVE - System Time: 2025-03-02 07:46:33.571268, Logical Clock: 89, Queue Length: 12, From: Machine 1
2025-03-02 07:46:34,574 - RECEIVE - System Time: 2025-03-02 07:46:34.574745, Logical Clock: 93, Queue Length: 12, From: Machine 2
2025-03-02 07:46:35,577 - RECEIVE - System Time: 2025-03-02 07:46:35.577671, Logical Clock: 94, Queue Length: 12, From: Machine 1
2025-03-02 07:46:36,581 - RECEIVE - System Time: 2025-03-02 07:46:36.580917, Logical Clock: 98, Queue Length: 13, From: Machine 2
2025-03-02 07:46:37,586 - RECEIVE - System Time: 2025-03-02 07:46:37.586319, Logical Clock: 99, Queue Length: 12, From: Machine 1
2025-03-02 07:46:38,591 - RECEIVE - System Time: 2025-03-02 07:46:38.591648, Logical Clock: 102, Queue Length: 12, From: Machine 2
2025-03-02 07:46:39,597 - RECEIVE - System Time: 2025-03-02 07:46:39.597152, Logical Clock: 105, Queue Length: 12, From: Machine 2
2025-03-02 07:46:40,603 - RECEIVE - System Time: 2025-03-02 07:46:40.603786, Logical Clock: 106, Queue Length: 12, From: Machine 1
2025-03-02 07:46:41,606 - RECEIVE - System Time: 2025-03-02 07:46:41.606004, Logical Clock: 107, Queue Length: 14, From: Machine 2
2025-03-02 07:46:42,615 - RECEIVE - System Time: 2025-03-02 07:46:42.615573, Logical Clock: 108, Queue Length: 14, From: Machine 1
2025-03-02 07:46:43,617 - RECEIVE - System Time: 2025-03-02 07:46:43.616870, Logical Clock: 125, Queue Length: 13, From: Machine 2
2025-03-02 07:46:44,621 - RECEIVE - System Time: 2025-03-02 07:46:44.621751, Logical Clock: 128, Queue Length: 12, From: Machine 2
2025-03-02 07:46:45,622 - RECEIVE - System Time: 2025-03-02 07:46:45.622548, Logical Clock: 129, Queue Length: 13, From: Machine 1
2025-03-02 07:46:46,624 - RECEIVE - System Time: 2025-03-02 07:46:46.624694, Logical Clock: 130, Queue Length: 12, From: Machine 1
2025-03-02 07:46:47,629 - RECEIVE - System Time: 2025-03-02 07:46:47.629557, Logical Clock: 131, Queue Length: 12, From: Machine 1
2025-03-02 07:46:48,633 - RECEIVE - System Time: 2025-03-02 07:46:48.632211, Logical Clock: 142, Queue Length: 14, From: Machine 2
2025-03-02 07:46:49,636 - RECEIVE - System Time: 2025-03-02 07:46:49.636049, Logical Clock: 143, Queue Length: 15, From: Machine 2
2025-03-02 07:46:50,637 - RECEIVE - System Time: 2025-03-02 07:46:50.637347, Logical Clock: 149, Queue Length: 16, From: Machine 2
2025-03-02 07:46:51,640 - RECEIVE - System Time: 2025-03-02 07:46:51.640609, Logical Clock: 150, Queue Length: 15, From: Machine 1
2025-03-02 07:46:52,643 - RECEIVE - System Time: 2025-03-02 07:46:52.643152, Logical Clock: 159, Queue Length: 15, From: Machine 2
2025-03-02 07:46:53,645 - RECEIVE - System Time: 2025-03-02 07:46:53.645515, Logical Clock: 160, Queue Length: 14, From: Machine 1
2025-03-02 07:46:54,651 - RECEIVE - System Time: 2025-03-02 07:46:54.651527, Logical Clock: 161, Queue Length: 15, From: Machine 2
2025-03-02 07:46:55,657 - RECEIVE - System Time: 2025-03-02 07:46:55.657234, Logical Clock: 162, Queue Length: 16, From: Machine 2
2025-03-02 07:46:56,661 - RECEIVE - System Time: 2025-03-02 07:46:56.661165, Logical Clock: 163, Queue Length: 18, From: Machine 1
2025-03-02 07:46:57,667 - RECEIVE - System Time: 2025-03-02 07:46:57.667115, Logical Clock: 178, Queue Length: 17, From: Machine 2
2025-03-02 07:46:58,670 - RECEIVE - System Time: 2025-03-02 07:46:58.670437, Logical Clock: 179, Queue Length: 17, From: Machine 2
2025-03-02 07:46:59,672 - RECEIVE - System Time: 2025-03-02 07:46:59.672081, Logical Clock: 185, Queue Length: 17, From: Machine 2
