2025-03-01 14:40:54,269 - Virtual Machine 3 initialized
2025-03-01 14:40:54,269 - Clock Rate: 4 ticks/second
2025-03-01 14:40:54,269 - Listening on port: 10002
2025-03-01 14:40:54,269 - Peer ports: [10000, 10001]
2025-03-01 14:40:54,272 - Network initialization completed
2025-03-01 14:40:54,272 - Starting main event loop
2025-03-01 14:40:54,272 - Clock rate: 4 ticks/second
2025-03-01 14:40:54,272 - INTERNAL - System Time: 2025-03-01 14:40:54.272316, Logical Clock: 1
2025-03-01 14:40:54,448 - Accepted connection from ('127.0.0.1', 60102)
2025-03-01 14:40:54,522 - INTERNAL - System Time: 2025-03-01 14:40:54.522604, Logical Clock: 2
2025-03-01 14:40:54,773 - INTERNAL - System Time: 2025-03-01 14:40:54.773352, Logical Clock: 3
2025-03-01 14:40:54,833 - Accepted connection from ('127.0.0.1', 60104)
2025-03-01 14:40:55,028 - No connection to port 10001
2025-03-01 14:40:55,284 - INTERNAL - System Time: 2025-03-01 14:40:55.284778, Logical Clock: 5
2025-03-01 14:40:55,537 - No connection to port 10001
2025-03-01 14:40:55,793 - INTERNAL - System Time: 2025-03-01 14:40:55.793049, Logical Clock: 7
2025-03-01 14:40:56,047 - RECEIVE - System Time: 2025-03-01 14:40:56.046920, Logical Clock: 8, Queue Length: 0, From: Machine 1
2025-03-01 14:40:56,301 - RECEIVE - System Time: 2025-03-01 14:40:56.301000, Logical Clock: 9, Queue Length: 0, From: Machine 2
2025-03-01 14:40:56,553 - RECEIVE - System Time: 2025-03-01 14:40:56.552959, Logical Clock: 10, Queue Length: 0, From: Machine 2
2025-03-01 14:40:56,808 - INTERNAL - System Time: 2025-03-01 14:40:56.808394, Logical Clock: 11
2025-03-01 14:40:57,082 - INTERNAL - System Time: 2025-03-01 14:40:57.082509, Logical Clock: 12
2025-03-01 14:40:57,334 - INTERNAL - System Time: 2025-03-01 14:40:57.334643, Logical Clock: 13
2025-03-01 14:40:57,590 - INTERNAL - System Time: 2025-03-01 14:40:57.590077, Logical Clock: 14
2025-03-01 14:40:57,842 - INTERNAL - System Time: 2025-03-01 14:40:57.842915, Logical Clock: 15
2025-03-01 14:40:58,096 - INTERNAL - System Time: 2025-03-01 14:40:58.096232, Logical Clock: 16
2025-03-01 14:40:58,351 - INTERNAL - System Time: 2025-03-01 14:40:58.351425, Logical Clock: 17
2025-03-01 14:40:58,607 - INTERNAL - System Time: 2025-03-01 14:40:58.607041, Logical Clock: 18
2025-03-01 14:40:58,858 - RECEIVE - System Time: 2025-03-01 14:40:58.858090, Logical Clock: 19, Queue Length: 0, From: Machine 1
2025-03-01 14:40:59,108 - INTERNAL - System Time: 2025-03-01 14:40:59.108429, Logical Clock: 20
2025-03-01 14:40:59,359 - RECEIVE - System Time: 2025-03-01 14:40:59.359173, Logical Clock: 21, Queue Length: 0, From: Machine 2
2025-03-01 14:40:59,614 - RECEIVE - System Time: 2025-03-01 14:40:59.614562, Logical Clock: 22, Queue Length: 0, From: Machine 1
2025-03-01 14:40:59,869 - INTERNAL - System Time: 2025-03-01 14:40:59.869775, Logical Clock: 23
2025-03-01 14:41:00,125 - No connection to port 10001
2025-03-01 14:41:00,378 - INTERNAL - System Time: 2025-03-01 14:41:00.378210, Logical Clock: 25
2025-03-01 14:41:00,628 - RECEIVE - System Time: 2025-03-01 14:41:00.628543, Logical Clock: 26, Queue Length: 0, From: Machine 2
2025-03-01 14:41:00,883 - INTERNAL - System Time: 2025-03-01 14:41:00.883777, Logical Clock: 27
2025-03-01 14:41:01,134 - INTERNAL - System Time: 2025-03-01 14:41:01.134640, Logical Clock: 28
2025-03-01 14:41:01,389 - No connection to port 10000
2025-03-01 14:41:01,644 - RECEIVE - System Time: 2025-03-01 14:41:01.644497, Logical Clock: 30, Queue Length: 0, From: Machine 1
2025-03-01 14:41:01,897 - INTERNAL - System Time: 2025-03-01 14:41:01.897828, Logical Clock: 31
2025-03-01 14:41:02,153 - INTERNAL - System Time: 2025-03-01 14:41:02.153081, Logical Clock: 32
2025-03-01 14:41:02,407 - RECEIVE - System Time: 2025-03-01 14:41:02.407431, Logical Clock: 33, Queue Length: 0, From: Machine 2
2025-03-01 14:41:02,658 - INTERNAL - System Time: 2025-03-01 14:41:02.658411, Logical Clock: 34
2025-03-01 14:41:02,911 - No connection to port 10000
2025-03-01 14:41:02,911 - No connection to port 10001
2025-03-01 14:41:03,166 - INTERNAL - System Time: 2025-03-01 14:41:03.166620, Logical Clock: 36
2025-03-01 14:41:03,422 - RECEIVE - System Time: 2025-03-01 14:41:03.422142, Logical Clock: 37, Queue Length: 0, From: Machine 1
2025-03-01 14:41:03,673 - INTERNAL - System Time: 2025-03-01 14:41:03.673660, Logical Clock: 38
2025-03-01 14:41:03,923 - INTERNAL - System Time: 2025-03-01 14:41:03.923841, Logical Clock: 39
2025-03-01 14:41:04,174 - INTERNAL - System Time: 2025-03-01 14:41:04.174886, Logical Clock: 40
2025-03-01 14:41:04,426 - INTERNAL - System Time: 2025-03-01 14:41:04.426277, Logical Clock: 41
2025-03-01 14:41:04,681 - INTERNAL - System Time: 2025-03-01 14:41:04.681561, Logical Clock: 42
2025-03-01 14:41:04,933 - INTERNAL - System Time: 2025-03-01 14:41:04.933195, Logical Clock: 43
2025-03-01 14:41:05,184 - No connection to port 10000
2025-03-01 14:41:05,184 - No connection to port 10001
2025-03-01 14:41:05,439 - INTERNAL - System Time: 2025-03-01 14:41:05.439778, Logical Clock: 45
2025-03-01 14:41:05,694 - No connection to port 10001
2025-03-01 14:41:05,949 - INTERNAL - System Time: 2025-03-01 14:41:05.949774, Logical Clock: 47
2025-03-01 14:41:06,200 - INTERNAL - System Time: 2025-03-01 14:41:06.200888, Logical Clock: 48
2025-03-01 14:41:06,451 - No connection to port 10001
2025-03-01 14:41:06,705 - INTERNAL - System Time: 2025-03-01 14:41:06.704946, Logical Clock: 50
2025-03-01 14:41:06,958 - INTERNAL - System Time: 2025-03-01 14:41:06.958418, Logical Clock: 51
2025-03-01 14:41:07,213 - INTERNAL - System Time: 2025-03-01 14:41:07.213636, Logical Clock: 52
2025-03-01 14:41:07,467 - INTERNAL - System Time: 2025-03-01 14:41:07.467634, Logical Clock: 53
2025-03-01 14:41:07,721 - INTERNAL - System Time: 2025-03-01 14:41:07.721198, Logical Clock: 54
2025-03-01 14:41:07,971 - RECEIVE - System Time: 2025-03-01 14:41:07.971483, Logical Clock: 55, Queue Length: 1, From: Machine 1
2025-03-01 14:41:08,226 - RECEIVE - System Time: 2025-03-01 14:41:08.226696, Logical Clock: 56, Queue Length: 0, From: Machine 2
2025-03-01 14:41:08,481 - No connection to port 10000
2025-03-01 14:41:08,481 - No connection to port 10001
2025-03-01 14:41:08,734 - RECEIVE - System Time: 2025-03-01 14:41:08.734470, Logical Clock: 58, Queue Length: 0, From: Machine 1
2025-03-01 14:41:08,989 - No connection to port 10001
2025-03-01 14:41:09,243 - INTERNAL - System Time: 2025-03-01 14:41:09.242971, Logical Clock: 60
2025-03-01 14:41:09,498 - INTERNAL - System Time: 2025-03-01 14:41:09.498556, Logical Clock: 61
2025-03-01 14:41:09,750 - INTERNAL - System Time: 2025-03-01 14:41:09.750025, Logical Clock: 62
2025-03-01 14:41:10,005 - INTERNAL - System Time: 2025-03-01 14:41:10.005317, Logical Clock: 63
2025-03-01 14:41:10,258 - INTERNAL - System Time: 2025-03-01 14:41:10.258676, Logical Clock: 64
2025-03-01 14:41:10,511 - INTERNAL - System Time: 2025-03-01 14:41:10.511502, Logical Clock: 65
2025-03-01 14:41:10,766 - RECEIVE - System Time: 2025-03-01 14:41:10.766821, Logical Clock: 66, Queue Length: 1, From: Machine 2
2025-03-01 14:41:11,021 - RECEIVE - System Time: 2025-03-01 14:41:11.021358, Logical Clock: 67, Queue Length: 0, From: Machine 1
2025-03-01 14:41:11,276 - INTERNAL - System Time: 2025-03-01 14:41:11.276595, Logical Clock: 68
2025-03-01 14:41:11,530 - No connection to port 10001
2025-03-01 14:41:11,784 - INTERNAL - System Time: 2025-03-01 14:41:11.784606, Logical Clock: 70
2025-03-01 14:41:12,037 - INTERNAL - System Time: 2025-03-01 14:41:12.037643, Logical Clock: 71
2025-03-01 14:41:12,292 - INTERNAL - System Time: 2025-03-01 14:41:12.292855, Logical Clock: 72
2025-03-01 14:41:12,548 - INTERNAL - System Time: 2025-03-01 14:41:12.548227, Logical Clock: 73
2025-03-01 14:41:12,800 - INTERNAL - System Time: 2025-03-01 14:41:12.800867, Logical Clock: 74
2025-03-01 14:41:13,055 - INTERNAL - System Time: 2025-03-01 14:41:13.054970, Logical Clock: 75
2025-03-01 14:41:13,310 - No connection to port 10000
2025-03-01 14:41:13,565 - No connection to port 10001
2025-03-01 14:41:13,818 - INTERNAL - System Time: 2025-03-01 14:41:13.818815, Logical Clock: 78
2025-03-01 14:41:14,074 - INTERNAL - System Time: 2025-03-01 14:41:14.074083, Logical Clock: 79
2025-03-01 14:41:14,328 - No connection to port 10000
2025-03-01 14:41:14,328 - No connection to port 10001
2025-03-01 14:41:14,584 - INTERNAL - System Time: 2025-03-01 14:41:14.583924, Logical Clock: 81
2025-03-01 14:41:14,837 - INTERNAL - System Time: 2025-03-01 14:41:14.837682, Logical Clock: 82
2025-03-01 14:41:15,093 - RECEIVE - System Time: 2025-03-01 14:41:15.093051, Logical Clock: 83, Queue Length: 0, From: Machine 1
2025-03-01 14:41:15,348 - INTERNAL - System Time: 2025-03-01 14:41:15.348427, Logical Clock: 84
2025-03-01 14:41:15,604 - RECEIVE - System Time: 2025-03-01 14:41:15.604340, Logical Clock: 85, Queue Length: 1, From: Machine 2
2025-03-01 14:41:15,859 - RECEIVE - System Time: 2025-03-01 14:41:15.859669, Logical Clock: 86, Queue Length: 0, From: Machine 1
2025-03-01 14:41:16,115 - No connection to port 10000
2025-03-01 14:41:16,115 - No connection to port 10001
2025-03-01 14:41:16,370 - No connection to port 10000
2025-03-01 14:41:16,370 - No connection to port 10001
2025-03-01 14:41:16,624 - No connection to port 10001
2025-03-01 14:41:16,879 - INTERNAL - System Time: 2025-03-01 14:41:16.879568, Logical Clock: 90
2025-03-01 14:41:17,133 - No connection to port 10000
2025-03-01 14:41:17,133 - No connection to port 10001
2025-03-01 14:41:17,387 - RECEIVE - System Time: 2025-03-01 14:41:17.387534, Logical Clock: 92, Queue Length: 0, From: Machine 2
2025-03-01 14:41:17,642 - INTERNAL - System Time: 2025-03-01 14:41:17.641949, Logical Clock: 93
2025-03-01 14:41:17,897 - INTERNAL - System Time: 2025-03-01 14:41:17.897245, Logical Clock: 94
2025-03-01 14:41:18,152 - INTERNAL - System Time: 2025-03-01 14:41:18.152872, Logical Clock: 95
2025-03-01 14:41:18,408 - RECEIVE - System Time: 2025-03-01 14:41:18.408155, Logical Clock: 96, Queue Length: 0, From: Machine 2
2025-03-01 14:41:18,661 - No connection to port 10000
2025-03-01 14:41:18,911 - No connection to port 10001
2025-03-01 14:41:19,167 - INTERNAL - System Time: 2025-03-01 14:41:19.167213, Logical Clock: 99
2025-03-01 14:41:19,422 - RECEIVE - System Time: 2025-03-01 14:41:19.422788, Logical Clock: 100, Queue Length: 0, From: Machine 1
2025-03-01 14:41:19,676 - INTERNAL - System Time: 2025-03-01 14:41:19.676685, Logical Clock: 101
2025-03-01 14:41:19,930 - RECEIVE - System Time: 2025-03-01 14:41:19.930697, Logical Clock: 102, Queue Length: 0, From: Machine 2
2025-03-01 14:41:20,185 - INTERNAL - System Time: 2025-03-01 14:41:20.184975, Logical Clock: 103
2025-03-01 14:41:20,435 - INTERNAL - System Time: 2025-03-01 14:41:20.435871, Logical Clock: 104
2025-03-01 14:41:20,691 - No connection to port 10000
2025-03-01 14:41:20,691 - No connection to port 10001
2025-03-01 14:41:20,947 - INTERNAL - System Time: 2025-03-01 14:41:20.946999, Logical Clock: 106
2025-03-01 14:41:21,199 - INTERNAL - System Time: 2025-03-01 14:41:21.199525, Logical Clock: 107
2025-03-01 14:41:21,450 - RECEIVE - System Time: 2025-03-01 14:41:21.450742, Logical Clock: 108, Queue Length: 0, From: Machine 1
2025-03-01 14:41:21,701 - INTERNAL - System Time: 2025-03-01 14:41:21.701087, Logical Clock: 109
2025-03-01 14:41:21,954 - INTERNAL - System Time: 2025-03-01 14:41:21.954654, Logical Clock: 110
2025-03-01 14:41:22,210 - RECEIVE - System Time: 2025-03-01 14:41:22.210205, Logical Clock: 111, Queue Length: 0, From: Machine 2
2025-03-01 14:41:22,465 - INTERNAL - System Time: 2025-03-01 14:41:22.465499, Logical Clock: 112
2025-03-01 14:41:22,719 - INTERNAL - System Time: 2025-03-01 14:41:22.719079, Logical Clock: 113
2025-03-01 14:41:22,973 - RECEIVE - System Time: 2025-03-01 14:41:22.973588, Logical Clock: 114, Queue Length: 0, From: Machine 1
2025-03-01 14:41:23,225 - RECEIVE - System Time: 2025-03-01 14:41:23.224847, Logical Clock: 115, Queue Length: 0, From: Machine 2
2025-03-01 14:41:23,476 - INTERNAL - System Time: 2025-03-01 14:41:23.476409, Logical Clock: 116
2025-03-01 14:41:23,733 - INTERNAL - System Time: 2025-03-01 14:41:23.733168, Logical Clock: 117
2025-03-01 14:41:23,988 - RECEIVE - System Time: 2025-03-01 14:41:23.988362, Logical Clock: 118, Queue Length: 0, From: Machine 1
2025-03-01 14:41:24,242 - No connection to port 10001
2025-03-01 14:41:24,498 - INTERNAL - System Time: 2025-03-01 14:41:24.498206, Logical Clock: 120
2025-03-01 14:41:24,751 - No connection to port 10000
2025-03-01 14:41:25,006 - No connection to port 10001
2025-03-01 14:41:25,262 - INTERNAL - System Time: 2025-03-01 14:41:25.261996, Logical Clock: 123
2025-03-01 14:41:25,515 - INTERNAL - System Time: 2025-03-01 14:41:25.515609, Logical Clock: 124
2025-03-01 14:41:25,769 - INTERNAL - System Time: 2025-03-01 14:41:25.769692, Logical Clock: 125
2025-03-01 14:41:26,020 - No connection to port 10000
2025-03-01 14:41:26,021 - No connection to port 10001
2025-03-01 14:41:26,273 - RECEIVE - System Time: 2025-03-01 14:41:26.273024, Logical Clock: 127, Queue Length: 0, From: Machine 1
2025-03-01 14:41:26,528 - INTERNAL - System Time: 2025-03-01 14:41:26.528282, Logical Clock: 128
2025-03-01 14:41:26,781 - INTERNAL - System Time: 2025-03-01 14:41:26.781800, Logical Clock: 129
2025-03-01 14:41:27,034 - RECEIVE - System Time: 2025-03-01 14:41:27.034085, Logical Clock: 130, Queue Length: 0, From: Machine 1
2025-03-01 14:41:27,289 - INTERNAL - System Time: 2025-03-01 14:41:27.289554, Logical Clock: 131
2025-03-01 14:41:27,545 - RECEIVE - System Time: 2025-03-01 14:41:27.545004, Logical Clock: 132, Queue Length: 0, From: Machine 2
2025-03-01 14:41:27,800 - INTERNAL - System Time: 2025-03-01 14:41:27.799987, Logical Clock: 133
2025-03-01 14:41:28,054 - No connection to port 10000
2025-03-01 14:41:28,054 - No connection to port 10001
2025-03-01 14:41:28,307 - INTERNAL - System Time: 2025-03-01 14:41:28.307574, Logical Clock: 135
2025-03-01 14:41:28,563 - INTERNAL - System Time: 2025-03-01 14:41:28.563080, Logical Clock: 136
2025-03-01 14:41:28,817 - INTERNAL - System Time: 2025-03-01 14:41:28.817558, Logical Clock: 137
2025-03-01 14:41:29,071 - No connection to port 10000
2025-03-01 14:41:29,325 - INTERNAL - System Time: 2025-03-01 14:41:29.325173, Logical Clock: 139
2025-03-01 14:41:29,578 - No connection to port 10000
2025-03-01 14:41:29,833 - INTERNAL - System Time: 2025-03-01 14:41:29.833368, Logical Clock: 141
2025-03-01 14:41:30,089 - RECEIVE - System Time: 2025-03-01 14:41:30.088817, Logical Clock: 142, Queue Length: 0, From: Machine 2
2025-03-01 14:41:30,339 - No connection to port 10001
2025-03-01 14:41:30,592 - INTERNAL - System Time: 2025-03-01 14:41:30.592766, Logical Clock: 144
2025-03-01 14:41:30,847 - INTERNAL - System Time: 2025-03-01 14:41:30.847044, Logical Clock: 145
2025-03-01 14:41:31,101 - RECEIVE - System Time: 2025-03-01 14:41:31.101013, Logical Clock: 146, Queue Length: 0, From: Machine 1
2025-03-01 14:41:31,356 - INTERNAL - System Time: 2025-03-01 14:41:31.356656, Logical Clock: 147
2025-03-01 14:41:31,612 - RECEIVE - System Time: 2025-03-01 14:41:31.612271, Logical Clock: 148, Queue Length: 0, From: Machine 1
2025-03-01 14:41:31,867 - INTERNAL - System Time: 2025-03-01 14:41:31.867375, Logical Clock: 149
2025-03-01 14:41:32,123 - RECEIVE - System Time: 2025-03-01 14:41:32.123195, Logical Clock: 150, Queue Length: 0, From: Machine 1
2025-03-01 14:41:32,377 - INTERNAL - System Time: 2025-03-01 14:41:32.375849, Logical Clock: 151
2025-03-01 14:41:32,628 - RECEIVE - System Time: 2025-03-01 14:41:32.628377, Logical Clock: 152, Queue Length: 0, From: Machine 1
2025-03-01 14:41:32,879 - INTERNAL - System Time: 2025-03-01 14:41:32.878941, Logical Clock: 153
2025-03-01 14:41:33,131 - INTERNAL - System Time: 2025-03-01 14:41:33.131008, Logical Clock: 154
2025-03-01 14:41:33,386 - RECEIVE - System Time: 2025-03-01 14:41:33.386436, Logical Clock: 155, Queue Length: 0, From: Machine 2
2025-03-01 14:41:33,642 - RECEIVE - System Time: 2025-03-01 14:41:33.641844, Logical Clock: 156, Queue Length: 1, From: Machine 2
2025-03-01 14:41:33,894 - RECEIVE - System Time: 2025-03-01 14:41:33.894171, Logical Clock: 157, Queue Length: 0, From: Machine 1
2025-03-01 14:41:34,146 - RECEIVE - System Time: 2025-03-01 14:41:34.146205, Logical Clock: 158, Queue Length: 0, From: Machine 1
2025-03-01 14:41:34,400 - No connection to port 10000
2025-03-01 14:41:34,667 - RECEIVE - System Time: 2025-03-01 14:41:34.667340, Logical Clock: 160, Queue Length: 0, From: Machine 2
2025-03-01 14:41:34,923 - INTERNAL - System Time: 2025-03-01 14:41:34.922948, Logical Clock: 161
2025-03-01 14:41:35,177 - INTERNAL - System Time: 2025-03-01 14:41:35.177728, Logical Clock: 162
2025-03-01 14:41:35,431 - INTERNAL - System Time: 2025-03-01 14:41:35.431646, Logical Clock: 163
2025-03-01 14:41:35,684 - INTERNAL - System Time: 2025-03-01 14:41:35.684019, Logical Clock: 164
2025-03-01 14:41:35,935 - INTERNAL - System Time: 2025-03-01 14:41:35.935019, Logical Clock: 165
2025-03-01 14:41:36,190 - INTERNAL - System Time: 2025-03-01 14:41:36.190476, Logical Clock: 166
2025-03-01 14:41:36,448 - No connection to port 10000
2025-03-01 14:41:36,448 - No connection to port 10001
2025-03-01 14:41:36,701 - RECEIVE - System Time: 2025-03-01 14:41:36.701395, Logical Clock: 168, Queue Length: 0, From: Machine 2
2025-03-01 14:41:36,953 - No connection to port 10000
2025-03-01 14:41:36,953 - No connection to port 10001
2025-03-01 14:41:37,208 - INTERNAL - System Time: 2025-03-01 14:41:37.208797, Logical Clock: 170
2025-03-01 14:41:37,462 - RECEIVE - System Time: 2025-03-01 14:41:37.462307, Logical Clock: 171, Queue Length: 0, From: Machine 2
2025-03-01 14:41:37,718 - INTERNAL - System Time: 2025-03-01 14:41:37.717891, Logical Clock: 172
2025-03-01 14:41:37,972 - INTERNAL - System Time: 2025-03-01 14:41:37.972584, Logical Clock: 173
2025-03-01 14:41:38,227 - No connection to port 10000
2025-03-01 14:41:38,227 - No connection to port 10001
2025-03-01 14:41:38,478 - INTERNAL - System Time: 2025-03-01 14:41:38.478467, Logical Clock: 175
2025-03-01 14:41:38,732 - RECEIVE - System Time: 2025-03-01 14:41:38.732824, Logical Clock: 176, Queue Length: 0, From: Machine 1
2025-03-01 14:41:38,984 - No connection to port 10000
2025-03-01 14:41:39,236 - No connection to port 10000
2025-03-01 14:41:39,491 - RECEIVE - System Time: 2025-03-01 14:41:39.491747, Logical Clock: 179, Queue Length: 0, From: Machine 2
2025-03-01 14:41:39,746 - INTERNAL - System Time: 2025-03-01 14:41:39.746011, Logical Clock: 180
2025-03-01 14:41:40,001 - INTERNAL - System Time: 2025-03-01 14:41:40.000794, Logical Clock: 181
2025-03-01 14:41:40,255 - No connection to port 10000
2025-03-01 14:41:40,255 - No connection to port 10001
2025-03-01 14:41:40,511 - INTERNAL - System Time: 2025-03-01 14:41:40.511024, Logical Clock: 183
2025-03-01 14:41:40,762 - RECEIVE - System Time: 2025-03-01 14:41:40.762699, Logical Clock: 184, Queue Length: 0, From: Machine 1
2025-03-01 14:41:41,016 - INTERNAL - System Time: 2025-03-01 14:41:41.016287, Logical Clock: 185
2025-03-01 14:41:41,267 - INTERNAL - System Time: 2025-03-01 14:41:41.267434, Logical Clock: 186
2025-03-01 14:41:41,519 - INTERNAL - System Time: 2025-03-01 14:41:41.519407, Logical Clock: 187
2025-03-01 14:41:41,770 - RECEIVE - System Time: 2025-03-01 14:41:41.769947, Logical Clock: 188, Queue Length: 0, From: Machine 1
2025-03-01 14:41:42,022 - INTERNAL - System Time: 2025-03-01 14:41:42.021922, Logical Clock: 189
2025-03-01 14:41:42,273 - INTERNAL - System Time: 2025-03-01 14:41:42.272808, Logical Clock: 190
2025-03-01 14:41:42,533 - INTERNAL - System Time: 2025-03-01 14:41:42.533126, Logical Clock: 191
2025-03-01 14:41:42,784 - No connection to port 10000
2025-03-01 14:41:42,784 - No connection to port 10001
2025-03-01 14:41:43,035 - INTERNAL - System Time: 2025-03-01 14:41:43.035108, Logical Clock: 193
2025-03-01 14:41:43,287 - INTERNAL - System Time: 2025-03-01 14:41:43.287602, Logical Clock: 194
2025-03-01 14:41:43,541 - INTERNAL - System Time: 2025-03-01 14:41:43.541707, Logical Clock: 195
2025-03-01 14:41:43,796 - INTERNAL - System Time: 2025-03-01 14:41:43.796089, Logical Clock: 196
2025-03-01 14:41:44,047 - RECEIVE - System Time: 2025-03-01 14:41:44.047017, Logical Clock: 197, Queue Length: 0, From: Machine 1
2025-03-01 14:41:44,304 - INTERNAL - System Time: 2025-03-01 14:41:44.303994, Logical Clock: 198
2025-03-01 14:41:44,561 - INTERNAL - System Time: 2025-03-01 14:41:44.560991, Logical Clock: 199
2025-03-01 14:41:44,814 - INTERNAL - System Time: 2025-03-01 14:41:44.814176, Logical Clock: 200
2025-03-01 14:41:45,067 - RECEIVE - System Time: 2025-03-01 14:41:45.067183, Logical Clock: 201, Queue Length: 0, From: Machine 1
2025-03-01 14:41:45,317 - INTERNAL - System Time: 2025-03-01 14:41:45.317764, Logical Clock: 202
2025-03-01 14:41:45,573 - No connection to port 10000
2025-03-01 14:41:45,573 - No connection to port 10001
2025-03-01 14:41:45,828 - INTERNAL - System Time: 2025-03-01 14:41:45.828383, Logical Clock: 204
2025-03-01 14:41:46,079 - INTERNAL - System Time: 2025-03-01 14:41:46.079008, Logical Clock: 205
2025-03-01 14:41:46,334 - No connection to port 10000
2025-03-01 14:41:46,335 - No connection to port 10001
2025-03-01 14:41:46,589 - RECEIVE - System Time: 2025-03-01 14:41:46.589537, Logical Clock: 207, Queue Length: 0, From: Machine 1
2025-03-01 14:41:46,845 - RECEIVE - System Time: 2025-03-01 14:41:46.845173, Logical Clock: 208, Queue Length: 0, From: Machine 1
2025-03-01 14:41:47,099 - No connection to port 10001
2025-03-01 14:41:47,350 - No connection to port 10000
2025-03-01 14:41:47,605 - INTERNAL - System Time: 2025-03-01 14:41:47.605749, Logical Clock: 211
2025-03-01 14:41:47,860 - INTERNAL - System Time: 2025-03-01 14:41:47.860385, Logical Clock: 212
2025-03-01 14:41:48,116 - No connection to port 10001
2025-03-01 14:41:48,368 - INTERNAL - System Time: 2025-03-01 14:41:48.368379, Logical Clock: 214
2025-03-01 14:41:48,623 - No connection to port 10001
2025-03-01 14:41:48,878 - RECEIVE - System Time: 2025-03-01 14:41:48.878472, Logical Clock: 216, Queue Length: 0, From: Machine 1
2025-03-01 14:41:49,133 - RECEIVE - System Time: 2025-03-01 14:41:49.133848, Logical Clock: 217, Queue Length: 0, From: Machine 1
2025-03-01 14:41:49,387 - No connection to port 10000
2025-03-01 14:41:49,387 - No connection to port 10001
2025-03-01 14:41:49,641 - INTERNAL - System Time: 2025-03-01 14:41:49.641683, Logical Clock: 219
2025-03-01 14:41:49,892 - INTERNAL - System Time: 2025-03-01 14:41:49.892850, Logical Clock: 220
2025-03-01 14:41:50,147 - RECEIVE - System Time: 2025-03-01 14:41:50.147106, Logical Clock: 221, Queue Length: 0, From: Machine 2
2025-03-01 14:41:50,400 - INTERNAL - System Time: 2025-03-01 14:41:50.400666, Logical Clock: 222
2025-03-01 14:41:50,655 - RECEIVE - System Time: 2025-03-01 14:41:50.655430, Logical Clock: 223, Queue Length: 0, From: Machine 1
2025-03-01 14:41:50,910 - INTERNAL - System Time: 2025-03-01 14:41:50.910058, Logical Clock: 224
2025-03-01 14:41:51,161 - No connection to port 10001
2025-03-01 14:41:51,416 - No connection to port 10000
2025-03-01 14:41:51,416 - No connection to port 10001
2025-03-01 14:41:51,669 - RECEIVE - System Time: 2025-03-01 14:41:51.668870, Logical Clock: 227, Queue Length: 0, From: Machine 1
2025-03-01 14:41:51,924 - INTERNAL - System Time: 2025-03-01 14:41:51.924359, Logical Clock: 228
2025-03-01 14:41:52,179 - RECEIVE - System Time: 2025-03-01 14:41:52.179025, Logical Clock: 229, Queue Length: 0, From: Machine 1
2025-03-01 14:41:52,434 - INTERNAL - System Time: 2025-03-01 14:41:52.433851, Logical Clock: 230
2025-03-01 14:41:52,684 - INTERNAL - System Time: 2025-03-01 14:41:52.684561, Logical Clock: 231
2025-03-01 14:41:52,937 - INTERNAL - System Time: 2025-03-01 14:41:52.937596, Logical Clock: 232
2025-03-01 14:41:53,191 - INTERNAL - System Time: 2025-03-01 14:41:53.191160, Logical Clock: 233
2025-03-01 14:41:53,444 - INTERNAL - System Time: 2025-03-01 14:41:53.444034, Logical Clock: 234
2025-03-01 14:41:53,697 - No connection to port 10001
2025-03-01 14:41:53,950 - No connection to port 10000
2025-03-01 14:41:54,201 - RECEIVE - System Time: 2025-03-01 14:41:54.201798, Logical Clock: 237, Queue Length: 0, From: Machine 1
