2025-03-01 14:42:58,336 - Virtual Machine 3 initialized
2025-03-01 14:42:58,336 - Clock Rate: 3 ticks/second
2025-03-01 14:42:58,336 - Listening on port: 10002
2025-03-01 14:42:58,336 - Peer ports: [10000, 10001]
2025-03-01 14:42:58,339 - Network initialization completed
2025-03-01 14:42:58,339 - Starting main event loop
2025-03-01 14:42:58,339 - Clock rate: 3 ticks/second
2025-03-01 14:42:58,339 - INTERNAL - System Time: 2025-03-01 14:42:58.339429, Logical Clock: 1
2025-03-01 14:42:58,450 - Accepted connection from ('127.0.0.1', 60463)
2025-03-01 14:42:58,675 - INTERNAL - System Time: 2025-03-01 14:42:58.675832, Logical Clock: 2
2025-03-01 14:42:58,853 - Accepted connection from ('127.0.0.1', 60464)
2025-03-01 14:42:59,011 - RECEIVE - System Time: 2025-03-01 14:42:59.011143, Logical Clock: 3, Queue Length: 0, From: Machine 2
2025-03-01 14:42:59,345 - RECEIVE - System Time: 2025-03-01 14:42:59.345820, Logical Clock: 5, Queue Length: 0, From: Machine 1
2025-03-01 14:42:59,684 - RECEIVE - System Time: 2025-03-01 14:42:59.684271, Logical Clock: 7, Queue Length: 0, From: Machine 2
2025-03-01 14:43:00,022 - RECEIVE - System Time: 2025-03-01 14:43:00.022786, Logical Clock: 8, Queue Length: 1, From: Machine 2
2025-03-01 14:43:00,358 - RECEIVE - System Time: 2025-03-01 14:43:00.358363, Logical Clock: 9, Queue Length: 0, From: Machine 1
2025-03-01 14:43:00,697 - INTERNAL - System Time: 2025-03-01 14:43:00.697174, Logical Clock: 10
2025-03-01 14:43:01,034 - RECEIVE - System Time: 2025-03-01 14:43:01.034014, Logical Clock: 12, Queue Length: 1, From: Machine 2
2025-03-01 14:43:01,372 - RECEIVE - System Time: 2025-03-01 14:43:01.372652, Logical Clock: 13, Queue Length: 0, From: Machine 1
2025-03-01 14:43:01,711 - INTERNAL - System Time: 2025-03-01 14:43:01.711470, Logical Clock: 14
2025-03-01 14:43:02,050 - No connection to port 10000
2025-03-01 14:43:02,387 - INTERNAL - System Time: 2025-03-01 14:43:02.387442, Logical Clock: 16
2025-03-01 14:43:02,722 - RECEIVE - System Time: 2025-03-01 14:43:02.722123, Logical Clock: 19, Queue Length: 0, From: Machine 2
2025-03-01 14:43:03,060 - INTERNAL - System Time: 2025-03-01 14:43:03.060715, Logical Clock: 20
2025-03-01 14:43:03,398 - RECEIVE - System Time: 2025-03-01 14:43:03.398891, Logical Clock: 21, Queue Length: 0, From: Machine 2
2025-03-01 14:43:03,737 - INTERNAL - System Time: 2025-03-01 14:43:03.737546, Logical Clock: 22
2025-03-01 14:43:04,072 - RECEIVE - System Time: 2025-03-01 14:43:04.072193, Logical Clock: 23, Queue Length: 0, From: Machine 1
2025-03-01 14:43:04,408 - INTERNAL - System Time: 2025-03-01 14:43:04.408144, Logical Clock: 24
2025-03-01 14:43:04,747 - RECEIVE - System Time: 2025-03-01 14:43:04.747007, Logical Clock: 26, Queue Length: 1, From: Machine 2
2025-03-01 14:43:05,085 - RECEIVE - System Time: 2025-03-01 14:43:05.085662, Logical Clock: 27, Queue Length: 0, From: Machine 1
2025-03-01 14:43:05,421 - INTERNAL - System Time: 2025-03-01 14:43:05.421256, Logical Clock: 28
2025-03-01 14:43:05,758 - RECEIVE - System Time: 2025-03-01 14:43:05.758501, Logical Clock: 30, Queue Length: 0, From: Machine 1
2025-03-01 14:43:06,092 - INTERNAL - System Time: 2025-03-01 14:43:06.092501, Logical Clock: 31
2025-03-01 14:43:06,430 - RECEIVE - System Time: 2025-03-01 14:43:06.430380, Logical Clock: 33, Queue Length: 0, From: Machine 1
2025-03-01 14:43:06,769 - RECEIVE - System Time: 2025-03-01 14:43:06.769205, Logical Clock: 34, Queue Length: 0, From: Machine 1
2025-03-01 14:43:07,108 - INTERNAL - System Time: 2025-03-01 14:43:07.107991, Logical Clock: 35
2025-03-01 14:43:07,446 - RECEIVE - System Time: 2025-03-01 14:43:07.446582, Logical Clock: 37, Queue Length: 0, From: Machine 1
2025-03-01 14:43:07,785 - RECEIVE - System Time: 2025-03-01 14:43:07.785245, Logical Clock: 38, Queue Length: 0, From: Machine 2
2025-03-01 14:43:08,123 - RECEIVE - System Time: 2025-03-01 14:43:08.123776, Logical Clock: 39, Queue Length: 1, From: Machine 1
2025-03-01 14:43:08,458 - RECEIVE - System Time: 2025-03-01 14:43:08.458448, Logical Clock: 40, Queue Length: 0, From: Machine 2
2025-03-01 14:43:08,797 - RECEIVE - System Time: 2025-03-01 14:43:08.797041, Logical Clock: 43, Queue Length: 0, From: Machine 2
2025-03-01 14:43:09,133 - INTERNAL - System Time: 2025-03-01 14:43:09.133118, Logical Clock: 44
2025-03-01 14:43:09,467 - RECEIVE - System Time: 2025-03-01 14:43:09.467805, Logical Clock: 45, Queue Length: 0, From: Machine 1
2025-03-01 14:43:09,802 - INTERNAL - System Time: 2025-03-01 14:43:09.802555, Logical Clock: 46
2025-03-01 14:43:10,138 - RECEIVE - System Time: 2025-03-01 14:43:10.138748, Logical Clock: 47, Queue Length: 0, From: Machine 1
2025-03-01 14:43:10,472 - INTERNAL - System Time: 2025-03-01 14:43:10.472660, Logical Clock: 48
2025-03-01 14:43:10,807 - INTERNAL - System Time: 2025-03-01 14:43:10.807548, Logical Clock: 49
2025-03-01 14:43:11,144 - RECEIVE - System Time: 2025-03-01 14:43:11.144081, Logical Clock: 51, Queue Length: 0, From: Machine 1
2025-03-01 14:43:11,482 - INTERNAL - System Time: 2025-03-01 14:43:11.482706, Logical Clock: 52
2025-03-01 14:43:11,816 - INTERNAL - System Time: 2025-03-01 14:43:11.816377, Logical Clock: 53
2025-03-01 14:43:12,150 - RECEIVE - System Time: 2025-03-01 14:43:12.150781, Logical Clock: 56, Queue Length: 0, From: Machine 2
2025-03-01 14:43:12,489 - INTERNAL - System Time: 2025-03-01 14:43:12.489352, Logical Clock: 57
2025-03-01 14:43:12,824 - RECEIVE - System Time: 2025-03-01 14:43:12.824192, Logical Clock: 58, Queue Length: 0, From: Machine 1
2025-03-01 14:43:13,160 - RECEIVE - System Time: 2025-03-01 14:43:13.160521, Logical Clock: 59, Queue Length: 1, From: Machine 1
2025-03-01 14:43:13,501 - RECEIVE - System Time: 2025-03-01 14:43:13.501809, Logical Clock: 60, Queue Length: 0, From: Machine 2
2025-03-01 14:43:13,841 - RECEIVE - System Time: 2025-03-01 14:43:13.841226, Logical Clock: 62, Queue Length: 0, From: Machine 2
2025-03-01 14:43:14,177 - No connection to port 10000
2025-03-01 14:43:14,178 - No connection to port 10001
2025-03-01 14:43:14,515 - RECEIVE - System Time: 2025-03-01 14:43:14.515476, Logical Clock: 65, Queue Length: 0, From: Machine 1
2025-03-01 14:43:14,854 - INTERNAL - System Time: 2025-03-01 14:43:14.854043, Logical Clock: 66
2025-03-01 14:43:15,192 - RECEIVE - System Time: 2025-03-01 14:43:15.192752, Logical Clock: 68, Queue Length: 0, From: Machine 2
2025-03-01 14:43:15,528 - INTERNAL - System Time: 2025-03-01 14:43:15.528156, Logical Clock: 69
2025-03-01 14:43:15,865 - INTERNAL - System Time: 2025-03-01 14:43:15.865438, Logical Clock: 70
2025-03-01 14:43:16,199 - RECEIVE - System Time: 2025-03-01 14:43:16.199415, Logical Clock: 71, Queue Length: 0, From: Machine 1
2025-03-01 14:43:16,538 - No connection to port 10000
2025-03-01 14:43:16,872 - INTERNAL - System Time: 2025-03-01 14:43:16.872214, Logical Clock: 73
2025-03-01 14:43:17,207 - INTERNAL - System Time: 2025-03-01 14:43:17.207126, Logical Clock: 74
2025-03-01 14:43:17,545 - RECEIVE - System Time: 2025-03-01 14:43:17.545747, Logical Clock: 77, Queue Length: 0, From: Machine 1
2025-03-01 14:43:17,884 - INTERNAL - System Time: 2025-03-01 14:43:17.883982, Logical Clock: 78
2025-03-01 14:43:18,222 - RECEIVE - System Time: 2025-03-01 14:43:18.222839, Logical Clock: 79, Queue Length: 1, From: Machine 1
2025-03-01 14:43:18,560 - RECEIVE - System Time: 2025-03-01 14:43:18.559989, Logical Clock: 80, Queue Length: 0, From: Machine 2
2025-03-01 14:43:18,898 - No connection to port 10000
2025-03-01 14:43:19,237 - INTERNAL - System Time: 2025-03-01 14:43:19.237311, Logical Clock: 82
2025-03-01 14:43:19,576 - INTERNAL - System Time: 2025-03-01 14:43:19.575951, Logical Clock: 83
2025-03-01 14:43:19,912 - INTERNAL - System Time: 2025-03-01 14:43:19.912047, Logical Clock: 84
2025-03-01 14:43:20,249 - RECEIVE - System Time: 2025-03-01 14:43:20.249204, Logical Clock: 87, Queue Length: 0, From: Machine 1
2025-03-01 14:43:20,584 - INTERNAL - System Time: 2025-03-01 14:43:20.583579, Logical Clock: 88
2025-03-01 14:43:20,920 - RECEIVE - System Time: 2025-03-01 14:43:20.920794, Logical Clock: 90, Queue Length: 0, From: Machine 1
2025-03-01 14:43:21,259 - No connection to port 10000
2025-03-01 14:43:21,259 - No connection to port 10001
2025-03-01 14:43:21,598 - RECEIVE - System Time: 2025-03-01 14:43:21.598245, Logical Clock: 93, Queue Length: 0, From: Machine 2
2025-03-01 14:43:21,933 - RECEIVE - System Time: 2025-03-01 14:43:21.933004, Logical Clock: 94, Queue Length: 0, From: Machine 1
2025-03-01 14:43:22,268 - INTERNAL - System Time: 2025-03-01 14:43:22.268746, Logical Clock: 95
2025-03-01 14:43:22,607 - INTERNAL - System Time: 2025-03-01 14:43:22.607123, Logical Clock: 96
2025-03-01 14:43:22,942 - RECEIVE - System Time: 2025-03-01 14:43:22.942717, Logical Clock: 98, Queue Length: 0, From: Machine 1
2025-03-01 14:43:23,279 - No connection to port 10000
2025-03-01 14:43:23,617 - RECEIVE - System Time: 2025-03-01 14:43:23.617642, Logical Clock: 100, Queue Length: 1, From: Machine 1
2025-03-01 14:43:23,952 - RECEIVE - System Time: 2025-03-01 14:43:23.952574, Logical Clock: 101, Queue Length: 0, From: Machine 1
2025-03-01 14:43:24,288 - RECEIVE - System Time: 2025-03-01 14:43:24.288220, Logical Clock: 103, Queue Length: 0, From: Machine 2
2025-03-01 14:43:24,623 - INTERNAL - System Time: 2025-03-01 14:43:24.623549, Logical Clock: 104
2025-03-01 14:43:24,961 - RECEIVE - System Time: 2025-03-01 14:43:24.961198, Logical Clock: 106, Queue Length: 0, From: Machine 1
2025-03-01 14:43:25,299 - RECEIVE - System Time: 2025-03-01 14:43:25.299200, Logical Clock: 107, Queue Length: 0, From: Machine 1
2025-03-01 14:43:25,634 - INTERNAL - System Time: 2025-03-01 14:43:25.634213, Logical Clock: 108
2025-03-01 14:43:25,973 - INTERNAL - System Time: 2025-03-01 14:43:25.973055, Logical Clock: 109
2025-03-01 14:43:26,308 - RECEIVE - System Time: 2025-03-01 14:43:26.308040, Logical Clock: 112, Queue Length: 0, From: Machine 2
2025-03-01 14:43:26,644 - RECEIVE - System Time: 2025-03-01 14:43:26.644050, Logical Clock: 113, Queue Length: 0, From: Machine 2
2025-03-01 14:43:26,983 - INTERNAL - System Time: 2025-03-01 14:43:26.982899, Logical Clock: 114
2025-03-01 14:43:27,320 - RECEIVE - System Time: 2025-03-01 14:43:27.320642, Logical Clock: 115, Queue Length: 0, From: Machine 1
2025-03-01 14:43:27,658 - RECEIVE - System Time: 2025-03-01 14:43:27.658076, Logical Clock: 117, Queue Length: 0, From: Machine 2
2025-03-01 14:43:27,997 - INTERNAL - System Time: 2025-03-01 14:43:27.996819, Logical Clock: 118
2025-03-01 14:43:28,334 - RECEIVE - System Time: 2025-03-01 14:43:28.334234, Logical Clock: 119, Queue Length: 0, From: Machine 1
2025-03-01 14:43:28,673 - INTERNAL - System Time: 2025-03-01 14:43:28.672997, Logical Clock: 120
2025-03-01 14:43:29,012 - No connection to port 10000
2025-03-01 14:43:29,012 - No connection to port 10001
2025-03-01 14:43:29,351 - RECEIVE - System Time: 2025-03-01 14:43:29.350868, Logical Clock: 124, Queue Length: 0, From: Machine 2
2025-03-01 14:43:29,689 - RECEIVE - System Time: 2025-03-01 14:43:29.689801, Logical Clock: 125, Queue Length: 0, From: Machine 1
2025-03-01 14:43:30,028 - No connection to port 10000
2025-03-01 14:43:30,366 - RECEIVE - System Time: 2025-03-01 14:43:30.366793, Logical Clock: 127, Queue Length: 0, From: Machine 2
2025-03-01 14:43:30,702 - RECEIVE - System Time: 2025-03-01 14:43:30.702561, Logical Clock: 128, Queue Length: 1, From: Machine 1
2025-03-01 14:43:31,040 - RECEIVE - System Time: 2025-03-01 14:43:31.040384, Logical Clock: 129, Queue Length: 0, From: Machine 1
2025-03-01 14:43:31,374 - INTERNAL - System Time: 2025-03-01 14:43:31.374383, Logical Clock: 130
2025-03-01 14:43:31,711 - No connection to port 10000
2025-03-01 14:43:31,711 - No connection to port 10001
2025-03-01 14:43:32,049 - RECEIVE - System Time: 2025-03-01 14:43:32.049187, Logical Clock: 134, Queue Length: 0, From: Machine 1
2025-03-01 14:43:32,384 - No connection to port 10000
2025-03-01 14:43:32,385 - No connection to port 10001
2025-03-01 14:43:32,723 - INTERNAL - System Time: 2025-03-01 14:43:32.723465, Logical Clock: 136
2025-03-01 14:43:33,062 - INTERNAL - System Time: 2025-03-01 14:43:33.062311, Logical Clock: 137
2025-03-01 14:43:33,401 - RECEIVE - System Time: 2025-03-01 14:43:33.401032, Logical Clock: 139, Queue Length: 0, From: Machine 2
2025-03-01 14:43:33,736 - RECEIVE - System Time: 2025-03-01 14:43:33.736505, Logical Clock: 140, Queue Length: 0, From: Machine 1
2025-03-01 14:43:34,072 - RECEIVE - System Time: 2025-03-01 14:43:34.072809, Logical Clock: 142, Queue Length: 0, From: Machine 1
2025-03-01 14:43:34,408 - No connection to port 10000
2025-03-01 14:43:34,746 - INTERNAL - System Time: 2025-03-01 14:43:34.746589, Logical Clock: 144
2025-03-01 14:43:35,083 - INTERNAL - System Time: 2025-03-01 14:43:35.082871, Logical Clock: 145
2025-03-01 14:43:35,421 - RECEIVE - System Time: 2025-03-01 14:43:35.421774, Logical Clock: 147, Queue Length: 1, From: Machine 1
2025-03-01 14:43:35,760 - RECEIVE - System Time: 2025-03-01 14:43:35.760382, Logical Clock: 148, Queue Length: 1, From: Machine 2
2025-03-01 14:43:36,098 - RECEIVE - System Time: 2025-03-01 14:43:36.098641, Logical Clock: 149, Queue Length: 0, From: Machine 1
2025-03-01 14:43:36,434 - RECEIVE - System Time: 2025-03-01 14:43:36.434187, Logical Clock: 152, Queue Length: 0, From: Machine 2
2025-03-01 14:43:36,772 - No connection to port 10001
2025-03-01 14:43:37,111 - RECEIVE - System Time: 2025-03-01 14:43:37.111125, Logical Clock: 154, Queue Length: 0, From: Machine 2
2025-03-01 14:43:37,450 - No connection to port 10000
2025-03-01 14:43:37,450 - No connection to port 10001
2025-03-01 14:43:37,787 - INTERNAL - System Time: 2025-03-01 14:43:37.787227, Logical Clock: 156
2025-03-01 14:43:38,122 - RECEIVE - System Time: 2025-03-01 14:43:38.122099, Logical Clock: 158, Queue Length: 0, From: Machine 2
2025-03-01 14:43:38,457 - No connection to port 10000
2025-03-01 14:43:38,458 - No connection to port 10001
2025-03-01 14:43:38,796 - RECEIVE - System Time: 2025-03-01 14:43:38.796448, Logical Clock: 160, Queue Length: 0, From: Machine 1
2025-03-01 14:43:39,133 - INTERNAL - System Time: 2025-03-01 14:43:39.133762, Logical Clock: 161
2025-03-01 14:43:39,471 - INTERNAL - System Time: 2025-03-01 14:43:39.471511, Logical Clock: 162
2025-03-01 14:43:39,808 - No connection to port 10000
2025-03-01 14:43:40,146 - No connection to port 10001
2025-03-01 14:43:40,484 - No connection to port 10000
2025-03-01 14:43:40,484 - No connection to port 10001
2025-03-01 14:43:40,822 - RECEIVE - System Time: 2025-03-01 14:43:40.821832, Logical Clock: 168, Queue Length: 0, From: Machine 2
2025-03-01 14:43:41,159 - RECEIVE - System Time: 2025-03-01 14:43:41.159569, Logical Clock: 170, Queue Length: 0, From: Machine 1
2025-03-01 14:43:41,495 - INTERNAL - System Time: 2025-03-01 14:43:41.495672, Logical Clock: 171
2025-03-01 14:43:41,833 - INTERNAL - System Time: 2025-03-01 14:43:41.833463, Logical Clock: 172
2025-03-01 14:43:42,172 - INTERNAL - System Time: 2025-03-01 14:43:42.172486, Logical Clock: 173
2025-03-01 14:43:42,511 - No connection to port 10000
2025-03-01 14:43:42,849 - RECEIVE - System Time: 2025-03-01 14:43:42.849218, Logical Clock: 177, Queue Length: 0, From: Machine 2
2025-03-01 14:43:43,184 - RECEIVE - System Time: 2025-03-01 14:43:43.184118, Logical Clock: 178, Queue Length: 0, From: Machine 2
2025-03-01 14:43:43,522 - RECEIVE - System Time: 2025-03-01 14:43:43.522083, Logical Clock: 179, Queue Length: 0, From: Machine 2
2025-03-01 14:43:43,857 - RECEIVE - System Time: 2025-03-01 14:43:43.857935, Logical Clock: 181, Queue Length: 0, From: Machine 2
2025-03-01 14:43:44,196 - INTERNAL - System Time: 2025-03-01 14:43:44.196483, Logical Clock: 182
2025-03-01 14:43:44,534 - INTERNAL - System Time: 2025-03-01 14:43:44.534255, Logical Clock: 183
2025-03-01 14:43:44,890 - No connection to port 10001
2025-03-01 14:43:45,229 - RECEIVE - System Time: 2025-03-01 14:43:45.229685, Logical Clock: 186, Queue Length: 0, From: Machine 1
2025-03-01 14:43:45,568 - No connection to port 10001
2025-03-01 14:43:45,907 - INTERNAL - System Time: 2025-03-01 14:43:45.906893, Logical Clock: 188
2025-03-01 14:43:46,245 - RECEIVE - System Time: 2025-03-01 14:43:46.245774, Logical Clock: 190, Queue Length: 0, From: Machine 2
2025-03-01 14:43:46,584 - RECEIVE - System Time: 2025-03-01 14:43:46.584404, Logical Clock: 191, Queue Length: 1, From: Machine 2
2025-03-01 14:43:46,923 - RECEIVE - System Time: 2025-03-01 14:43:46.923117, Logical Clock: 192, Queue Length: 0, From: Machine 1
2025-03-01 14:43:47,261 - RECEIVE - System Time: 2025-03-01 14:43:47.261532, Logical Clock: 194, Queue Length: 0, From: Machine 1
2025-03-01 14:43:47,600 - No connection to port 10000
2025-03-01 14:43:47,939 - No connection to port 10000
2025-03-01 14:43:47,939 - No connection to port 10001
2025-03-01 14:43:48,272 - INTERNAL - System Time: 2025-03-01 14:43:48.272729, Logical Clock: 197
2025-03-01 14:43:48,611 - RECEIVE - System Time: 2025-03-01 14:43:48.611349, Logical Clock: 200, Queue Length: 0, From: Machine 2
2025-03-01 14:43:48,950 - RECEIVE - System Time: 2025-03-01 14:43:48.949951, Logical Clock: 201, Queue Length: 0, From: Machine 1
2025-03-01 14:43:49,284 - INTERNAL - System Time: 2025-03-01 14:43:49.284158, Logical Clock: 202
2025-03-01 14:43:49,622 - INTERNAL - System Time: 2025-03-01 14:43:49.621975, Logical Clock: 203
2025-03-01 14:43:49,958 - INTERNAL - System Time: 2025-03-01 14:43:49.957919, Logical Clock: 204
2025-03-01 14:43:50,292 - INTERNAL - System Time: 2025-03-01 14:43:50.292408, Logical Clock: 205
2025-03-01 14:43:50,628 - INTERNAL - System Time: 2025-03-01 14:43:50.627990, Logical Clock: 206
2025-03-01 14:43:50,966 - INTERNAL - System Time: 2025-03-01 14:43:50.966044, Logical Clock: 207
2025-03-01 14:43:51,300 - RECEIVE - System Time: 2025-03-01 14:43:51.300568, Logical Clock: 209, Queue Length: 1, From: Machine 1
2025-03-01 14:43:51,638 - RECEIVE - System Time: 2025-03-01 14:43:51.638210, Logical Clock: 210, Queue Length: 0, From: Machine 1
2025-03-01 14:43:51,974 - RECEIVE - System Time: 2025-03-01 14:43:51.974338, Logical Clock: 212, Queue Length: 0, From: Machine 1
2025-03-01 14:43:52,310 - RECEIVE - System Time: 2025-03-01 14:43:52.309933, Logical Clock: 213, Queue Length: 0, From: Machine 1
2025-03-01 14:43:52,648 - No connection to port 10000
2025-03-01 14:43:52,987 - RECEIVE - System Time: 2025-03-01 14:43:52.987532, Logical Clock: 216, Queue Length: 0, From: Machine 2
2025-03-01 14:43:53,322 - RECEIVE - System Time: 2025-03-01 14:43:53.322731, Logical Clock: 218, Queue Length: 1, From: Machine 2
2025-03-01 14:43:53,661 - RECEIVE - System Time: 2025-03-01 14:43:53.661117, Logical Clock: 219, Queue Length: 1, From: Machine 1
2025-03-01 14:43:53,999 - RECEIVE - System Time: 2025-03-01 14:43:53.999346, Logical Clock: 220, Queue Length: 2, From: Machine 1
2025-03-01 14:43:54,338 - RECEIVE - System Time: 2025-03-01 14:43:54.338024, Logical Clock: 221, Queue Length: 1, From: Machine 2
2025-03-01 14:43:54,676 - RECEIVE - System Time: 2025-03-01 14:43:54.676630, Logical Clock: 222, Queue Length: 1, From: Machine 1
2025-03-01 14:43:55,011 - RECEIVE - System Time: 2025-03-01 14:43:55.011809, Logical Clock: 223, Queue Length: 0, From: Machine 2
2025-03-01 14:43:55,349 - RECEIVE - System Time: 2025-03-01 14:43:55.349336, Logical Clock: 226, Queue Length: 0, From: Machine 1
2025-03-01 14:43:55,684 - INTERNAL - System Time: 2025-03-01 14:43:55.683869, Logical Clock: 227
2025-03-01 14:43:56,022 - INTERNAL - System Time: 2025-03-01 14:43:56.022733, Logical Clock: 228
2025-03-01 14:43:56,357 - RECEIVE - System Time: 2025-03-01 14:43:56.357590, Logical Clock: 229, Queue Length: 0, From: Machine 1
2025-03-01 14:43:56,692 - INTERNAL - System Time: 2025-03-01 14:43:56.691977, Logical Clock: 230
2025-03-01 14:43:57,031 - INTERNAL - System Time: 2025-03-01 14:43:57.030963, Logical Clock: 231
2025-03-01 14:43:57,364 - RECEIVE - System Time: 2025-03-01 14:43:57.364890, Logical Clock: 233, Queue Length: 1, From: Machine 1
2025-03-01 14:43:57,700 - RECEIVE - System Time: 2025-03-01 14:43:57.700593, Logical Clock: 234, Queue Length: 0, From: Machine 1
2025-03-01 14:43:58,035 - RECEIVE - System Time: 2025-03-01 14:43:58.035185, Logical Clock: 236, Queue Length: 0, From: Machine 2
