2025-03-01 14:42:57,432 - Virtual Machine 1 initialized
2025-03-01 14:42:57,432 - Clock Rate: 4 ticks/second
2025-03-01 14:42:57,432 - Listening on port: 10000
2025-03-01 14:42:57,432 - Peer ports: [10001, 10002]
2025-03-01 14:42:58,450 - Connected to peer on port 10001
2025-03-01 14:42:58,450 - Connected to peer on port 10002
2025-03-01 14:42:58,450 - Network initialization completed
2025-03-01 14:42:58,450 - Starting main event loop
2025-03-01 14:42:58,450 - Clock rate: 4 ticks/second
2025-03-01 14:42:58,450 - INTERNAL - System Time: 2025-03-01 14:42:58.450750, Logical Clock: 1
2025-03-01 14:42:58,701 - INTERNAL - System Time: 2025-03-01 14:42:58.701305, Logical Clock: 2
2025-03-01 14:42:58,957 - SEND - System Time: 2025-03-01 14:42:58.956853, Logical Clock: 3, To: Machine on port 10001
2025-03-01 14:42:59,210 - SEND - System Time: 2025-03-01 14:42:59.210201, Logical Clock: 4, To: Machine on port 10002
2025-03-01 14:42:59,461 - INTERNAL - System Time: 2025-03-01 14:42:59.461148, Logical Clock: 5
2025-03-01 14:42:59,716 - INTERNAL - System Time: 2025-03-01 14:42:59.716421, Logical Clock: 6
2025-03-01 14:42:59,972 - SEND - System Time: 2025-03-01 14:42:59.971844, Logical Clock: 7, To: Machine on port 10002
2025-03-01 14:43:00,223 - INTERNAL - System Time: 2025-03-01 14:43:00.222796, Logical Clock: 8
2025-03-01 14:43:00,474 - INTERNAL - System Time: 2025-03-01 14:43:00.474034, Logical Clock: 9
2025-03-01 14:43:00,726 - INTERNAL - System Time: 2025-03-01 14:43:00.726581, Logical Clock: 10
2025-03-01 14:43:00,981 - SEND - System Time: 2025-03-01 14:43:00.981830, Logical Clock: 11, To: Machine on port 10002
2025-03-01 14:43:01,237 - INTERNAL - System Time: 2025-03-01 14:43:01.237130, Logical Clock: 12
2025-03-01 14:43:01,489 - INTERNAL - System Time: 2025-03-01 14:43:01.489696, Logical Clock: 13
2025-03-01 14:43:01,741 - INTERNAL - System Time: 2025-03-01 14:43:01.741788, Logical Clock: 14
2025-03-01 14:43:01,997 - INTERNAL - System Time: 2025-03-01 14:43:01.996946, Logical Clock: 15
2025-03-01 14:43:02,251 - INTERNAL - System Time: 2025-03-01 14:43:02.251334, Logical Clock: 16
2025-03-01 14:43:02,502 - INTERNAL - System Time: 2025-03-01 14:43:02.502301, Logical Clock: 17
2025-03-01 14:43:02,759 - SEND - System Time: 2025-03-01 14:43:02.759719, Logical Clock: 18, To: Machine on port 10001
2025-03-01 14:43:03,015 - INTERNAL - System Time: 2025-03-01 14:43:03.014923, Logical Clock: 19
2025-03-01 14:43:03,266 - INTERNAL - System Time: 2025-03-01 14:43:03.266479, Logical Clock: 20
2025-03-01 14:43:03,517 - INTERNAL - System Time: 2025-03-01 14:43:03.517823, Logical Clock: 21
2025-03-01 14:43:03,772 - SEND - System Time: 2025-03-01 14:43:03.772307, Logical Clock: 22, To: Machine on port 10002
2025-03-01 14:43:04,024 - SEND - System Time: 2025-03-01 14:43:04.024007, Logical Clock: 23, To: Machine on port 10001
2025-03-01 14:43:04,278 - INTERNAL - System Time: 2025-03-01 14:43:04.278039, Logical Clock: 24
2025-03-01 14:43:04,533 - SEND - System Time: 2025-03-01 14:43:04.533200, Logical Clock: 25, To: Machine on port 10001
2025-03-01 14:43:04,533 - SEND - System Time: 2025-03-01 14:43:04.533200, Logical Clock: 25, To: Machine on port 10002
2025-03-01 14:43:04,788 - INTERNAL - System Time: 2025-03-01 14:43:04.788121, Logical Clock: 26
2025-03-01 14:43:05,043 - SEND - System Time: 2025-03-01 14:43:05.043635, Logical Clock: 27, To: Machine on port 10001
2025-03-01 14:43:05,299 - INTERNAL - System Time: 2025-03-01 14:43:05.299205, Logical Clock: 28
2025-03-01 14:43:05,554 - SEND - System Time: 2025-03-01 14:43:05.554556, Logical Clock: 29, To: Machine on port 10001
2025-03-01 14:43:05,555 - SEND - System Time: 2025-03-01 14:43:05.554556, Logical Clock: 29, To: Machine on port 10002
2025-03-01 14:43:05,809 - INTERNAL - System Time: 2025-03-01 14:43:05.809561, Logical Clock: 30
2025-03-01 14:43:06,064 - INTERNAL - System Time: 2025-03-01 14:43:06.063954, Logical Clock: 31
2025-03-01 14:43:06,318 - SEND - System Time: 2025-03-01 14:43:06.318340, Logical Clock: 32, To: Machine on port 10002
2025-03-01 14:43:06,574 - SEND - System Time: 2025-03-01 14:43:06.574061, Logical Clock: 33, To: Machine on port 10001
2025-03-01 14:43:06,574 - SEND - System Time: 2025-03-01 14:43:06.574061, Logical Clock: 33, To: Machine on port 10002
2025-03-01 14:43:06,829 - INTERNAL - System Time: 2025-03-01 14:43:06.829618, Logical Clock: 34
2025-03-01 14:43:07,083 - INTERNAL - System Time: 2025-03-01 14:43:07.083103, Logical Clock: 35
2025-03-01 14:43:07,337 - SEND - System Time: 2025-03-01 14:43:07.337282, Logical Clock: 36, To: Machine on port 10002
2025-03-01 14:43:07,592 - INTERNAL - System Time: 2025-03-01 14:43:07.592516, Logical Clock: 37
2025-03-01 14:43:07,843 - SEND - System Time: 2025-03-01 14:43:07.842942, Logical Clock: 38, To: Machine on port 10002
2025-03-01 14:43:08,098 - INTERNAL - System Time: 2025-03-01 14:43:08.098408, Logical Clock: 39
2025-03-01 14:43:08,352 - SEND - System Time: 2025-03-01 14:43:08.352560, Logical Clock: 40, To: Machine on port 10001
2025-03-01 14:43:08,607 - INTERNAL - System Time: 2025-03-01 14:43:08.607790, Logical Clock: 41
2025-03-01 14:43:08,861 - INTERNAL - System Time: 2025-03-01 14:43:08.861261, Logical Clock: 42
2025-03-01 14:43:09,113 - INTERNAL - System Time: 2025-03-01 14:43:09.113307, Logical Clock: 43
2025-03-01 14:43:09,366 - SEND - System Time: 2025-03-01 14:43:09.366314, Logical Clock: 44, To: Machine on port 10001
2025-03-01 14:43:09,368 - SEND - System Time: 2025-03-01 14:43:09.366314, Logical Clock: 44, To: Machine on port 10002
2025-03-01 14:43:09,623 - INTERNAL - System Time: 2025-03-01 14:43:09.623282, Logical Clock: 45
2025-03-01 14:43:09,873 - SEND - System Time: 2025-03-01 14:43:09.873653, Logical Clock: 46, To: Machine on port 10001
2025-03-01 14:43:09,873 - SEND - System Time: 2025-03-01 14:43:09.873653, Logical Clock: 46, To: Machine on port 10002
2025-03-01 14:43:10,128 - INTERNAL - System Time: 2025-03-01 14:43:10.128120, Logical Clock: 47
2025-03-01 14:43:10,383 - INTERNAL - System Time: 2025-03-01 14:43:10.383065, Logical Clock: 48
2025-03-01 14:43:10,633 - INTERNAL - System Time: 2025-03-01 14:43:10.633745, Logical Clock: 49
2025-03-01 14:43:10,888 - SEND - System Time: 2025-03-01 14:43:10.888216, Logical Clock: 50, To: Machine on port 10002
2025-03-01 14:43:11,143 - INTERNAL - System Time: 2025-03-01 14:43:11.143854, Logical Clock: 51
2025-03-01 14:43:11,399 - INTERNAL - System Time: 2025-03-01 14:43:11.398880, Logical Clock: 52
2025-03-01 14:43:11,651 - INTERNAL - System Time: 2025-03-01 14:43:11.651522, Logical Clock: 53
2025-03-01 14:43:11,904 - INTERNAL - System Time: 2025-03-01 14:43:11.904621, Logical Clock: 54
2025-03-01 14:43:12,159 - INTERNAL - System Time: 2025-03-01 14:43:12.159896, Logical Clock: 55
2025-03-01 14:43:12,415 - INTERNAL - System Time: 2025-03-01 14:43:12.415123, Logical Clock: 56
2025-03-01 14:43:12,668 - SEND - System Time: 2025-03-01 14:43:12.668438, Logical Clock: 57, To: Machine on port 10002
2025-03-01 14:43:12,922 - SEND - System Time: 2025-03-01 14:43:12.922875, Logical Clock: 58, To: Machine on port 10002
2025-03-01 14:43:13,177 - INTERNAL - System Time: 2025-03-01 14:43:13.177737, Logical Clock: 59
2025-03-01 14:43:13,433 - INTERNAL - System Time: 2025-03-01 14:43:13.433008, Logical Clock: 60
2025-03-01 14:43:13,687 - INTERNAL - System Time: 2025-03-01 14:43:13.686913, Logical Clock: 61
2025-03-01 14:43:13,937 - INTERNAL - System Time: 2025-03-01 14:43:13.937198, Logical Clock: 62
2025-03-01 14:43:14,192 - INTERNAL - System Time: 2025-03-01 14:43:14.192490, Logical Clock: 63
2025-03-01 14:43:14,445 - SEND - System Time: 2025-03-01 14:43:14.445249, Logical Clock: 64, To: Machine on port 10002
2025-03-01 14:43:14,699 - INTERNAL - System Time: 2025-03-01 14:43:14.699198, Logical Clock: 65
2025-03-01 14:43:14,952 - INTERNAL - System Time: 2025-03-01 14:43:14.952536, Logical Clock: 66
2025-03-01 14:43:15,208 - INTERNAL - System Time: 2025-03-01 14:43:15.207892, Logical Clock: 67
2025-03-01 14:43:15,461 - SEND - System Time: 2025-03-01 14:43:15.461290, Logical Clock: 68, To: Machine on port 10001
2025-03-01 14:43:15,715 - SEND - System Time: 2025-03-01 14:43:15.715565, Logical Clock: 69, To: Machine on port 10001
2025-03-01 14:43:15,966 - SEND - System Time: 2025-03-01 14:43:15.966444, Logical Clock: 70, To: Machine on port 10001
2025-03-01 14:43:15,966 - SEND - System Time: 2025-03-01 14:43:15.966444, Logical Clock: 70, To: Machine on port 10002
2025-03-01 14:43:16,221 - INTERNAL - System Time: 2025-03-01 14:43:16.221842, Logical Clock: 71
2025-03-01 14:43:16,473 - INTERNAL - System Time: 2025-03-01 14:43:16.473253, Logical Clock: 72
2025-03-01 14:43:16,726 - INTERNAL - System Time: 2025-03-01 14:43:16.725831, Logical Clock: 73
2025-03-01 14:43:16,980 - INTERNAL - System Time: 2025-03-01 14:43:16.980069, Logical Clock: 74
2025-03-01 14:43:17,232 - INTERNAL - System Time: 2025-03-01 14:43:17.232114, Logical Clock: 75
2025-03-01 14:43:17,483 - SEND - System Time: 2025-03-01 14:43:17.483091, Logical Clock: 76, To: Machine on port 10002
2025-03-01 14:43:17,737 - INTERNAL - System Time: 2025-03-01 14:43:17.737378, Logical Clock: 77
2025-03-01 14:43:17,992 - SEND - System Time: 2025-03-01 14:43:17.992688, Logical Clock: 78, To: Machine on port 10002
2025-03-01 14:43:18,248 - INTERNAL - System Time: 2025-03-01 14:43:18.248372, Logical Clock: 79
2025-03-01 14:43:18,501 - INTERNAL - System Time: 2025-03-01 14:43:18.501102, Logical Clock: 80
2025-03-01 14:43:18,754 - INTERNAL - System Time: 2025-03-01 14:43:18.754891, Logical Clock: 81
2025-03-01 14:43:19,010 - INTERNAL - System Time: 2025-03-01 14:43:19.010127, Logical Clock: 82
2025-03-01 14:43:19,262 - INTERNAL - System Time: 2025-03-01 14:43:19.262704, Logical Clock: 83
2025-03-01 14:43:19,518 - SEND - System Time: 2025-03-01 14:43:19.518116, Logical Clock: 84, To: Machine on port 10001
2025-03-01 14:43:19,770 - INTERNAL - System Time: 2025-03-01 14:43:19.770195, Logical Clock: 85
2025-03-01 14:43:20,026 - SEND - System Time: 2025-03-01 14:43:20.025880, Logical Clock: 86, To: Machine on port 10001
2025-03-01 14:43:20,026 - SEND - System Time: 2025-03-01 14:43:20.025880, Logical Clock: 86, To: Machine on port 10002
2025-03-01 14:43:20,281 - INTERNAL - System Time: 2025-03-01 14:43:20.281338, Logical Clock: 87
2025-03-01 14:43:20,532 - INTERNAL - System Time: 2025-03-01 14:43:20.531964, Logical Clock: 88
2025-03-01 14:43:20,783 - SEND - System Time: 2025-03-01 14:43:20.783063, Logical Clock: 89, To: Machine on port 10001
2025-03-01 14:43:20,783 - SEND - System Time: 2025-03-01 14:43:20.783063, Logical Clock: 89, To: Machine on port 10002
2025-03-01 14:43:21,039 - SEND - System Time: 2025-03-01 14:43:21.038855, Logical Clock: 90, To: Machine on port 10001
2025-03-01 14:43:21,290 - INTERNAL - System Time: 2025-03-01 14:43:21.290829, Logical Clock: 91
2025-03-01 14:43:21,546 - INTERNAL - System Time: 2025-03-01 14:43:21.545832, Logical Clock: 92
2025-03-01 14:43:21,801 - SEND - System Time: 2025-03-01 14:43:21.801029, Logical Clock: 93, To: Machine on port 10001
2025-03-01 14:43:21,802 - SEND - System Time: 2025-03-01 14:43:21.801029, Logical Clock: 93, To: Machine on port 10002
2025-03-01 14:43:22,054 - INTERNAL - System Time: 2025-03-01 14:43:22.054558, Logical Clock: 94
2025-03-01 14:43:22,310 - INTERNAL - System Time: 2025-03-01 14:43:22.310132, Logical Clock: 95
2025-03-01 14:43:22,565 - INTERNAL - System Time: 2025-03-01 14:43:22.565422, Logical Clock: 96
2025-03-01 14:43:22,817 - SEND - System Time: 2025-03-01 14:43:22.816574, Logical Clock: 97, To: Machine on port 10002
2025-03-01 14:43:23,070 - INTERNAL - System Time: 2025-03-01 14:43:23.070708, Logical Clock: 98
2025-03-01 14:43:23,322 - SEND - System Time: 2025-03-01 14:43:23.322745, Logical Clock: 99, To: Machine on port 10001
2025-03-01 14:43:23,323 - SEND - System Time: 2025-03-01 14:43:23.322745, Logical Clock: 99, To: Machine on port 10002
2025-03-01 14:43:23,578 - SEND - System Time: 2025-03-01 14:43:23.578508, Logical Clock: 100, To: Machine on port 10002
2025-03-01 14:43:23,834 - INTERNAL - System Time: 2025-03-01 14:43:23.834154, Logical Clock: 101
2025-03-01 14:43:24,087 - INTERNAL - System Time: 2025-03-01 14:43:24.087363, Logical Clock: 102
2025-03-01 14:43:24,341 - INTERNAL - System Time: 2025-03-01 14:43:24.341033, Logical Clock: 103
2025-03-01 14:43:24,596 - INTERNAL - System Time: 2025-03-01 14:43:24.596634, Logical Clock: 104
2025-03-01 14:43:24,850 - SEND - System Time: 2025-03-01 14:43:24.850141, Logical Clock: 105, To: Machine on port 10001
2025-03-01 14:43:24,850 - SEND - System Time: 2025-03-01 14:43:24.850141, Logical Clock: 105, To: Machine on port 10002
2025-03-01 14:43:25,101 - SEND - System Time: 2025-03-01 14:43:25.100902, Logical Clock: 106, To: Machine on port 10001
2025-03-01 14:43:25,101 - SEND - System Time: 2025-03-01 14:43:25.100902, Logical Clock: 106, To: Machine on port 10002
2025-03-01 14:43:25,353 - INTERNAL - System Time: 2025-03-01 14:43:25.353361, Logical Clock: 107
2025-03-01 14:43:25,609 - INTERNAL - System Time: 2025-03-01 14:43:25.608933, Logical Clock: 108
2025-03-01 14:43:25,862 - SEND - System Time: 2025-03-01 14:43:25.862650, Logical Clock: 109, To: Machine on port 10001
2025-03-01 14:43:26,118 - INTERNAL - System Time: 2025-03-01 14:43:26.118168, Logical Clock: 110
2025-03-01 14:43:26,372 - INTERNAL - System Time: 2025-03-01 14:43:26.372798, Logical Clock: 111
2025-03-01 14:43:26,625 - INTERNAL - System Time: 2025-03-01 14:43:26.625691, Logical Clock: 112
2025-03-01 14:43:26,879 - SEND - System Time: 2025-03-01 14:43:26.878905, Logical Clock: 113, To: Machine on port 10001
2025-03-01 14:43:27,134 - SEND - System Time: 2025-03-01 14:43:27.134360, Logical Clock: 114, To: Machine on port 10001
2025-03-01 14:43:27,134 - SEND - System Time: 2025-03-01 14:43:27.134360, Logical Clock: 114, To: Machine on port 10002
2025-03-01 14:43:27,387 - INTERNAL - System Time: 2025-03-01 14:43:27.387114, Logical Clock: 115
2025-03-01 14:43:27,642 - INTERNAL - System Time: 2025-03-01 14:43:27.642514, Logical Clock: 116
2025-03-01 14:43:27,895 - SEND - System Time: 2025-03-01 14:43:27.895826, Logical Clock: 117, To: Machine on port 10001
2025-03-01 14:43:28,150 - SEND - System Time: 2025-03-01 14:43:28.150166, Logical Clock: 118, To: Machine on port 10001
2025-03-01 14:43:28,150 - SEND - System Time: 2025-03-01 14:43:28.150166, Logical Clock: 118, To: Machine on port 10002
2025-03-01 14:43:28,404 - INTERNAL - System Time: 2025-03-01 14:43:28.404031, Logical Clock: 119
2025-03-01 14:43:28,657 - INTERNAL - System Time: 2025-03-01 14:43:28.657038, Logical Clock: 120
2025-03-01 14:43:28,907 - SEND - System Time: 2025-03-01 14:43:28.907753, Logical Clock: 121, To: Machine on port 10001
2025-03-01 14:43:29,159 - INTERNAL - System Time: 2025-03-01 14:43:29.159349, Logical Clock: 122
2025-03-01 14:43:29,413 - SEND - System Time: 2025-03-01 14:43:29.413244, Logical Clock: 123, To: Machine on port 10001
2025-03-01 14:43:29,413 - SEND - System Time: 2025-03-01 14:43:29.413244, Logical Clock: 123, To: Machine on port 10002
2025-03-01 14:43:29,666 - SEND - System Time: 2025-03-01 14:43:29.666537, Logical Clock: 124, To: Machine on port 10001
2025-03-01 14:43:29,918 - INTERNAL - System Time: 2025-03-01 14:43:29.918657, Logical Clock: 125
2025-03-01 14:43:30,174 - INTERNAL - System Time: 2025-03-01 14:43:30.174033, Logical Clock: 126
2025-03-01 14:43:30,424 - SEND - System Time: 2025-03-01 14:43:30.424607, Logical Clock: 127, To: Machine on port 10001
2025-03-01 14:43:30,425 - SEND - System Time: 2025-03-01 14:43:30.424607, Logical Clock: 127, To: Machine on port 10002
2025-03-01 14:43:30,678 - SEND - System Time: 2025-03-01 14:43:30.678129, Logical Clock: 128, To: Machine on port 10001
2025-03-01 14:43:30,678 - SEND - System Time: 2025-03-01 14:43:30.678129, Logical Clock: 128, To: Machine on port 10002
2025-03-01 14:43:30,934 - INTERNAL - System Time: 2025-03-01 14:43:30.933955, Logical Clock: 129
2025-03-01 14:43:31,187 - INTERNAL - System Time: 2025-03-01 14:43:31.187199, Logical Clock: 130
2025-03-01 14:43:31,442 - INTERNAL - System Time: 2025-03-01 14:43:31.441907, Logical Clock: 131
2025-03-01 14:43:31,692 - INTERNAL - System Time: 2025-03-01 14:43:31.692534, Logical Clock: 132
2025-03-01 14:43:31,945 - SEND - System Time: 2025-03-01 14:43:31.944516, Logical Clock: 133, To: Machine on port 10001
2025-03-01 14:43:31,945 - SEND - System Time: 2025-03-01 14:43:31.944516, Logical Clock: 133, To: Machine on port 10002
2025-03-01 14:43:32,200 - SEND - System Time: 2025-03-01 14:43:32.200155, Logical Clock: 134, To: Machine on port 10001
2025-03-01 14:43:32,456 - INTERNAL - System Time: 2025-03-01 14:43:32.456026, Logical Clock: 135
2025-03-01 14:43:32,711 - INTERNAL - System Time: 2025-03-01 14:43:32.711336, Logical Clock: 136
2025-03-01 14:43:32,966 - INTERNAL - System Time: 2025-03-01 14:43:32.966250, Logical Clock: 137
2025-03-01 14:43:33,221 - INTERNAL - System Time: 2025-03-01 14:43:33.221726, Logical Clock: 138
2025-03-01 14:43:33,477 - SEND - System Time: 2025-03-01 14:43:33.477096, Logical Clock: 139, To: Machine on port 10002
2025-03-01 14:43:33,732 - INTERNAL - System Time: 2025-03-01 14:43:33.732657, Logical Clock: 140
2025-03-01 14:43:33,984 - SEND - System Time: 2025-03-01 14:43:33.984277, Logical Clock: 141, To: Machine on port 10001
2025-03-01 14:43:33,984 - SEND - System Time: 2025-03-01 14:43:33.984277, Logical Clock: 141, To: Machine on port 10002
2025-03-01 14:43:34,237 - INTERNAL - System Time: 2025-03-01 14:43:34.237169, Logical Clock: 142
2025-03-01 14:43:34,492 - INTERNAL - System Time: 2025-03-01 14:43:34.492411, Logical Clock: 143
2025-03-01 14:43:34,747 - INTERNAL - System Time: 2025-03-01 14:43:34.747709, Logical Clock: 144
2025-03-01 14:43:34,999 - INTERNAL - System Time: 2025-03-01 14:43:34.999298, Logical Clock: 145
2025-03-01 14:43:35,252 - SEND - System Time: 2025-03-01 14:43:35.252675, Logical Clock: 146, To: Machine on port 10002
2025-03-01 14:43:35,508 - SEND - System Time: 2025-03-01 14:43:35.508070, Logical Clock: 147, To: Machine on port 10002
2025-03-01 14:43:35,758 - INTERNAL - System Time: 2025-03-01 14:43:35.758778, Logical Clock: 148
2025-03-01 14:43:36,013 - INTERNAL - System Time: 2025-03-01 14:43:36.013895, Logical Clock: 149
2025-03-01 14:43:36,266 - INTERNAL - System Time: 2025-03-01 14:43:36.266166, Logical Clock: 150
2025-03-01 14:43:36,521 - INTERNAL - System Time: 2025-03-01 14:43:36.521441, Logical Clock: 151
2025-03-01 14:43:36,776 - INTERNAL - System Time: 2025-03-01 14:43:36.776824, Logical Clock: 152
2025-03-01 14:43:37,028 - INTERNAL - System Time: 2025-03-01 14:43:37.028081, Logical Clock: 153
2025-03-01 14:43:37,283 - INTERNAL - System Time: 2025-03-01 14:43:37.282865, Logical Clock: 154
2025-03-01 14:43:37,534 - INTERNAL - System Time: 2025-03-01 14:43:37.534299, Logical Clock: 155
2025-03-01 14:43:37,787 - INTERNAL - System Time: 2025-03-01 14:43:37.787227, Logical Clock: 156
2025-03-01 14:43:38,038 - INTERNAL - System Time: 2025-03-01 14:43:38.038706, Logical Clock: 157
2025-03-01 14:43:38,294 - INTERNAL - System Time: 2025-03-01 14:43:38.294072, Logical Clock: 158
2025-03-01 14:43:38,545 - SEND - System Time: 2025-03-01 14:43:38.544834, Logical Clock: 159, To: Machine on port 10001
2025-03-01 14:43:38,545 - SEND - System Time: 2025-03-01 14:43:38.544834, Logical Clock: 159, To: Machine on port 10002
2025-03-01 14:43:38,800 - INTERNAL - System Time: 2025-03-01 14:43:38.800307, Logical Clock: 160
2025-03-01 14:43:39,052 - INTERNAL - System Time: 2025-03-01 14:43:39.052497, Logical Clock: 161
2025-03-01 14:43:39,304 - SEND - System Time: 2025-03-01 14:43:39.304712, Logical Clock: 162, To: Machine on port 10001
2025-03-01 14:43:39,558 - INTERNAL - System Time: 2025-03-01 14:43:39.558002, Logical Clock: 163
2025-03-01 14:43:39,812 - INTERNAL - System Time: 2025-03-01 14:43:39.812112, Logical Clock: 164
2025-03-01 14:43:40,067 - INTERNAL - System Time: 2025-03-01 14:43:40.066837, Logical Clock: 165
2025-03-01 14:43:40,319 - INTERNAL - System Time: 2025-03-01 14:43:40.319363, Logical Clock: 166
2025-03-01 14:43:40,574 - INTERNAL - System Time: 2025-03-01 14:43:40.574743, Logical Clock: 167
2025-03-01 14:43:40,830 - INTERNAL - System Time: 2025-03-01 14:43:40.830079, Logical Clock: 168
2025-03-01 14:43:41,084 - SEND - System Time: 2025-03-01 14:43:41.084353, Logical Clock: 169, To: Machine on port 10001
2025-03-01 14:43:41,084 - SEND - System Time: 2025-03-01 14:43:41.084353, Logical Clock: 169, To: Machine on port 10002
2025-03-01 14:43:41,336 - SEND - System Time: 2025-03-01 14:43:41.336509, Logical Clock: 170, To: Machine on port 10001
2025-03-01 14:43:41,592 - SEND - System Time: 2025-03-01 14:43:41.591993, Logical Clock: 171, To: Machine on port 10001
2025-03-01 14:43:41,847 - INTERNAL - System Time: 2025-03-01 14:43:41.847342, Logical Clock: 172
2025-03-01 14:43:42,101 - INTERNAL - System Time: 2025-03-01 14:43:42.101667, Logical Clock: 173
2025-03-01 14:43:42,354 - INTERNAL - System Time: 2025-03-01 14:43:42.354484, Logical Clock: 174
2025-03-01 14:43:42,609 - INTERNAL - System Time: 2025-03-01 14:43:42.609765, Logical Clock: 175
2025-03-01 14:43:42,865 - INTERNAL - System Time: 2025-03-01 14:43:42.865094, Logical Clock: 176
2025-03-01 14:43:43,116 - INTERNAL - System Time: 2025-03-01 14:43:43.116141, Logical Clock: 177
2025-03-01 14:43:43,367 - INTERNAL - System Time: 2025-03-01 14:43:43.367801, Logical Clock: 178
2025-03-01 14:43:43,623 - INTERNAL - System Time: 2025-03-01 14:43:43.623036, Logical Clock: 179
2025-03-01 14:43:43,878 - INTERNAL - System Time: 2025-03-01 14:43:43.878007, Logical Clock: 180
2025-03-01 14:43:44,133 - INTERNAL - System Time: 2025-03-01 14:43:44.133174, Logical Clock: 181
2025-03-01 14:43:44,386 - INTERNAL - System Time: 2025-03-01 14:43:44.386697, Logical Clock: 182
2025-03-01 14:43:44,641 - INTERNAL - System Time: 2025-03-01 14:43:44.641912, Logical Clock: 183
2025-03-01 14:43:44,896 - SEND - System Time: 2025-03-01 14:43:44.895980, Logical Clock: 184, To: Machine on port 10001
2025-03-01 14:43:45,149 - SEND - System Time: 2025-03-01 14:43:45.149680, Logical Clock: 185, To: Machine on port 10001
2025-03-01 14:43:45,149 - SEND - System Time: 2025-03-01 14:43:45.149680, Logical Clock: 185, To: Machine on port 10002
2025-03-01 14:43:45,400 - INTERNAL - System Time: 2025-03-01 14:43:45.400608, Logical Clock: 186
2025-03-01 14:43:45,652 - INTERNAL - System Time: 2025-03-01 14:43:45.652154, Logical Clock: 187
2025-03-01 14:43:45,907 - INTERNAL - System Time: 2025-03-01 14:43:45.907620, Logical Clock: 188
2025-03-01 14:43:46,161 - INTERNAL - System Time: 2025-03-01 14:43:46.161068, Logical Clock: 189
2025-03-01 14:43:46,415 - SEND - System Time: 2025-03-01 14:43:46.415067, Logical Clock: 190, To: Machine on port 10001
2025-03-01 14:43:46,415 - SEND - System Time: 2025-03-01 14:43:46.415067, Logical Clock: 190, To: Machine on port 10002
2025-03-01 14:43:46,667 - INTERNAL - System Time: 2025-03-01 14:43:46.667021, Logical Clock: 191
2025-03-01 14:43:46,922 - INTERNAL - System Time: 2025-03-01 14:43:46.922339, Logical Clock: 192
2025-03-01 14:43:47,177 - SEND - System Time: 2025-03-01 14:43:47.177311, Logical Clock: 193, To: Machine on port 10002
2025-03-01 14:43:47,428 - INTERNAL - System Time: 2025-03-01 14:43:47.428074, Logical Clock: 194
2025-03-01 14:43:47,683 - INTERNAL - System Time: 2025-03-01 14:43:47.683527, Logical Clock: 195
2025-03-01 14:43:47,939 - INTERNAL - System Time: 2025-03-01 14:43:47.939022, Logical Clock: 196
2025-03-01 14:43:48,194 - INTERNAL - System Time: 2025-03-01 14:43:48.194329, Logical Clock: 197
2025-03-01 14:43:48,446 - INTERNAL - System Time: 2025-03-01 14:43:48.446623, Logical Clock: 198
2025-03-01 14:43:48,699 - SEND - System Time: 2025-03-01 14:43:48.699203, Logical Clock: 199, To: Machine on port 10001
2025-03-01 14:43:48,699 - SEND - System Time: 2025-03-01 14:43:48.699203, Logical Clock: 199, To: Machine on port 10002
2025-03-01 14:43:48,951 - INTERNAL - System Time: 2025-03-01 14:43:48.951302, Logical Clock: 200
2025-03-01 14:43:49,202 - INTERNAL - System Time: 2025-03-01 14:43:49.202245, Logical Clock: 201
2025-03-01 14:43:49,456 - INTERNAL - System Time: 2025-03-01 14:43:49.456730, Logical Clock: 202
2025-03-01 14:43:49,708 - SEND - System Time: 2025-03-01 14:43:49.708052, Logical Clock: 203, To: Machine on port 10001
2025-03-01 14:43:49,961 - INTERNAL - System Time: 2025-03-01 14:43:49.961257, Logical Clock: 204
2025-03-01 14:43:50,216 - INTERNAL - System Time: 2025-03-01 14:43:50.216762, Logical Clock: 205
2025-03-01 14:43:50,472 - INTERNAL - System Time: 2025-03-01 14:43:50.472427, Logical Clock: 206
2025-03-01 14:43:50,723 - INTERNAL - System Time: 2025-03-01 14:43:50.723235, Logical Clock: 207
2025-03-01 14:43:50,974 - SEND - System Time: 2025-03-01 14:43:50.974437, Logical Clock: 208, To: Machine on port 10002
2025-03-01 14:43:51,229 - SEND - System Time: 2025-03-01 14:43:51.228988, Logical Clock: 209, To: Machine on port 10002
2025-03-01 14:43:51,484 - SEND - System Time: 2025-03-01 14:43:51.484742, Logical Clock: 210, To: Machine on port 10001
2025-03-01 14:43:51,737 - SEND - System Time: 2025-03-01 14:43:51.737386, Logical Clock: 211, To: Machine on port 10002
2025-03-01 14:43:51,993 - SEND - System Time: 2025-03-01 14:43:51.992782, Logical Clock: 212, To: Machine on port 10001
2025-03-01 14:43:51,993 - SEND - System Time: 2025-03-01 14:43:51.992782, Logical Clock: 212, To: Machine on port 10002
2025-03-01 14:43:52,244 - SEND - System Time: 2025-03-01 14:43:52.244053, Logical Clock: 213, To: Machine on port 10001
2025-03-01 14:43:52,499 - INTERNAL - System Time: 2025-03-01 14:43:52.499108, Logical Clock: 214
2025-03-01 14:43:52,751 - INTERNAL - System Time: 2025-03-01 14:43:52.751027, Logical Clock: 215
2025-03-01 14:43:53,004 - INTERNAL - System Time: 2025-03-01 14:43:53.004229, Logical Clock: 216
2025-03-01 14:43:53,258 - SEND - System Time: 2025-03-01 14:43:53.258307, Logical Clock: 217, To: Machine on port 10001
2025-03-01 14:43:53,258 - SEND - System Time: 2025-03-01 14:43:53.258307, Logical Clock: 217, To: Machine on port 10002
2025-03-01 14:43:53,513 - SEND - System Time: 2025-03-01 14:43:53.513370, Logical Clock: 218, To: Machine on port 10002
2025-03-01 14:43:53,766 - SEND - System Time: 2025-03-01 14:43:53.766114, Logical Clock: 219, To: Machine on port 10002
2025-03-01 14:43:54,019 - INTERNAL - System Time: 2025-03-01 14:43:54.019573, Logical Clock: 220
2025-03-01 14:43:54,273 - INTERNAL - System Time: 2025-03-01 14:43:54.273323, Logical Clock: 221
2025-03-01 14:43:54,528 - INTERNAL - System Time: 2025-03-01 14:43:54.528740, Logical Clock: 222
2025-03-01 14:43:54,784 - INTERNAL - System Time: 2025-03-01 14:43:54.784045, Logical Clock: 223
2025-03-01 14:43:55,039 - SEND - System Time: 2025-03-01 14:43:55.039425, Logical Clock: 224, To: Machine on port 10001
2025-03-01 14:43:55,290 - SEND - System Time: 2025-03-01 14:43:55.290147, Logical Clock: 225, To: Machine on port 10002
2025-03-01 14:43:55,545 - INTERNAL - System Time: 2025-03-01 14:43:55.545705, Logical Clock: 226
2025-03-01 14:43:55,800 - INTERNAL - System Time: 2025-03-01 14:43:55.798849, Logical Clock: 227
2025-03-01 14:43:56,054 - SEND - System Time: 2025-03-01 14:43:56.054558, Logical Clock: 228, To: Machine on port 10001
2025-03-01 14:43:56,055 - SEND - System Time: 2025-03-01 14:43:56.054558, Logical Clock: 228, To: Machine on port 10002
2025-03-01 14:43:56,308 - INTERNAL - System Time: 2025-03-01 14:43:56.307943, Logical Clock: 229
2025-03-01 14:43:56,561 - INTERNAL - System Time: 2025-03-01 14:43:56.561617, Logical Clock: 230
2025-03-01 14:43:56,813 - INTERNAL - System Time: 2025-03-01 14:43:56.813742, Logical Clock: 231
2025-03-01 14:43:57,065 - SEND - System Time: 2025-03-01 14:43:57.064948, Logical Clock: 232, To: Machine on port 10001
2025-03-01 14:43:57,065 - SEND - System Time: 2025-03-01 14:43:57.064948, Logical Clock: 232, To: Machine on port 10002
2025-03-01 14:43:57,320 - SEND - System Time: 2025-03-01 14:43:57.320237, Logical Clock: 233, To: Machine on port 10002
2025-03-01 14:43:57,572 - INTERNAL - System Time: 2025-03-01 14:43:57.572414, Logical Clock: 234
2025-03-01 14:43:57,822 - INTERNAL - System Time: 2025-03-01 14:43:57.822600, Logical Clock: 235
2025-03-01 14:43:58,073 - INTERNAL - System Time: 2025-03-01 14:43:58.073258, Logical Clock: 236
