2025-03-01 13:39:58,311 - Virtual Machine 2 initialized
2025-03-01 13:39:58,311 - Clock Rate: 4 ticks/second
2025-03-01 13:39:58,311 - Listening on port: 10001
2025-03-01 13:39:58,311 - Peer ports: [10000, 10002]
2025-03-01 13:39:58,812 - Accepted connection from ('127.0.0.1', 49883)
2025-03-01 13:39:59,315 - Connected to peer on port 10002
2025-03-01 13:39:59,315 - Network initialization completed
2025-03-01 13:39:59,315 - Starting main event loop
2025-03-01 13:39:59,315 - Clock rate: 4 ticks/second
2025-03-01 13:39:59,315 - INTERNAL - System Time: 2025-03-01 13:39:59.315963, Logical Clock: 1
2025-03-01 13:39:59,571 - No connection to port 10000
2025-03-01 13:39:59,571 - SEND - System Time: 2025-03-01 13:39:59.571157, Logical Clock: 2, To: Machine on port 10002
2025-03-01 13:39:59,825 - INTERNAL - System Time: 2025-03-01 13:39:59.825070, Logical Clock: 3
2025-03-01 13:40:00,079 - INTERNAL - System Time: 2025-03-01 13:40:00.079240, Logical Clock: 4
2025-03-01 13:40:00,334 - SEND - System Time: 2025-03-01 13:40:00.334446, Logical Clock: 5, To: Machine on port 10002
2025-03-01 13:40:00,589 - SEND - System Time: 2025-03-01 13:40:00.589644, Logical Clock: 6, To: Machine on port 10002
2025-03-01 13:40:00,844 - INTERNAL - System Time: 2025-03-01 13:40:00.844545, Logical Clock: 7
2025-03-01 13:40:01,103 - INTERNAL - System Time: 2025-03-01 13:40:01.103551, Logical Clock: 8
2025-03-01 13:40:01,354 - SEND - System Time: 2025-03-01 13:40:01.354375, Logical Clock: 9, To: Machine on port 10002
2025-03-01 13:40:01,609 - No connection to port 10000
2025-03-01 13:40:01,609 - SEND - System Time: 2025-03-01 13:40:01.608975, Logical Clock: 10, To: Machine on port 10002
2025-03-01 13:40:01,898 - No connection to port 10000
2025-03-01 13:40:01,899 - SEND - System Time: 2025-03-01 13:40:01.898875, Logical Clock: 11, To: Machine on port 10002
2025-03-01 13:40:02,152 - RECEIVE - System Time: 2025-03-01 13:40:02.152459, Logical Clock: 12, Queue Length: 0, From: Machine 1
2025-03-01 13:40:02,405 - INTERNAL - System Time: 2025-03-01 13:40:02.405168, Logical Clock: 13
2025-03-01 13:40:02,655 - INTERNAL - System Time: 2025-03-01 13:40:02.655424, Logical Clock: 14
2025-03-01 13:40:02,910 - INTERNAL - System Time: 2025-03-01 13:40:02.910685, Logical Clock: 15
2025-03-01 13:40:03,163 - No connection to port 10000
2025-03-01 13:40:03,418 - No connection to port 10000
2025-03-01 13:40:03,672 - INTERNAL - System Time: 2025-03-01 13:40:03.672821, Logical Clock: 18
2025-03-01 13:40:03,924 - INTERNAL - System Time: 2025-03-01 13:40:03.924025, Logical Clock: 19
2025-03-01 13:40:04,179 - INTERNAL - System Time: 2025-03-01 13:40:04.179477, Logical Clock: 20
2025-03-01 13:40:04,433 - INTERNAL - System Time: 2025-03-01 13:40:04.433272, Logical Clock: 21
2025-03-01 13:40:04,688 - INTERNAL - System Time: 2025-03-01 13:40:04.688749, Logical Clock: 22
2025-03-01 13:40:04,941 - INTERNAL - System Time: 2025-03-01 13:40:04.941886, Logical Clock: 23
2025-03-01 13:40:05,193 - INTERNAL - System Time: 2025-03-01 13:40:05.192908, Logical Clock: 24
2025-03-01 13:40:05,448 - INTERNAL - System Time: 2025-03-01 13:40:05.448665, Logical Clock: 25
2025-03-01 13:40:05,702 - INTERNAL - System Time: 2025-03-01 13:40:05.702271, Logical Clock: 26
2025-03-01 13:40:05,955 - INTERNAL - System Time: 2025-03-01 13:40:05.955494, Logical Clock: 27
2025-03-01 13:40:06,207 - INTERNAL - System Time: 2025-03-01 13:40:06.207351, Logical Clock: 28
2025-03-01 13:40:06,462 - INTERNAL - System Time: 2025-03-01 13:40:06.462728, Logical Clock: 29
2025-03-01 13:40:06,718 - INTERNAL - System Time: 2025-03-01 13:40:06.717890, Logical Clock: 30
2025-03-01 13:40:06,969 - INTERNAL - System Time: 2025-03-01 13:40:06.969007, Logical Clock: 31
2025-03-01 13:40:07,225 - INTERNAL - System Time: 2025-03-01 13:40:07.225226, Logical Clock: 32
2025-03-01 13:40:07,480 - INTERNAL - System Time: 2025-03-01 13:40:07.480720, Logical Clock: 33
2025-03-01 13:40:07,736 - No connection to port 10000
2025-03-01 13:40:07,991 - No connection to port 10000
2025-03-01 13:40:07,991 - SEND - System Time: 2025-03-01 13:40:07.991004, Logical Clock: 35, To: Machine on port 10002
2025-03-01 13:40:08,241 - INTERNAL - System Time: 2025-03-01 13:40:08.241619, Logical Clock: 36
2025-03-01 13:40:08,497 - INTERNAL - System Time: 2025-03-01 13:40:08.497023, Logical Clock: 37
2025-03-01 13:40:08,749 - INTERNAL - System Time: 2025-03-01 13:40:08.749639, Logical Clock: 38
2025-03-01 13:40:09,005 - INTERNAL - System Time: 2025-03-01 13:40:09.004944, Logical Clock: 39
2025-03-01 13:40:09,257 - INTERNAL - System Time: 2025-03-01 13:40:09.257758, Logical Clock: 40
2025-03-01 13:40:09,512 - INTERNAL - System Time: 2025-03-01 13:40:09.512658, Logical Clock: 41
2025-03-01 13:40:09,767 - INTERNAL - System Time: 2025-03-01 13:40:09.767439, Logical Clock: 42
2025-03-01 13:40:10,020 - INTERNAL - System Time: 2025-03-01 13:40:10.020600, Logical Clock: 43
2025-03-01 13:40:10,275 - INTERNAL - System Time: 2025-03-01 13:40:10.274831, Logical Clock: 44
2025-03-01 13:40:10,531 - INTERNAL - System Time: 2025-03-01 13:40:10.531170, Logical Clock: 45
2025-03-01 13:40:10,786 - INTERNAL - System Time: 2025-03-01 13:40:10.786534, Logical Clock: 46
2025-03-01 13:40:11,043 - INTERNAL - System Time: 2025-03-01 13:40:11.043001, Logical Clock: 47
2025-03-01 13:40:11,300 - SEND - System Time: 2025-03-01 13:40:11.300208, Logical Clock: 48, To: Machine on port 10002
2025-03-01 13:40:11,553 - No connection to port 10000
2025-03-01 13:40:11,809 - INTERNAL - System Time: 2025-03-01 13:40:11.809522, Logical Clock: 50
2025-03-01 13:40:12,061 - INTERNAL - System Time: 2025-03-01 13:40:12.061450, Logical Clock: 51
2025-03-01 13:40:12,315 - INTERNAL - System Time: 2025-03-01 13:40:12.315165, Logical Clock: 52
2025-03-01 13:40:12,567 - INTERNAL - System Time: 2025-03-01 13:40:12.567546, Logical Clock: 53
2025-03-01 13:40:12,819 - No connection to port 10000
2025-03-01 13:40:12,819 - SEND - System Time: 2025-03-01 13:40:12.818996, Logical Clock: 54, To: Machine on port 10002
2025-03-01 13:40:13,074 - INTERNAL - System Time: 2025-03-01 13:40:13.074168, Logical Clock: 55
2025-03-01 13:40:13,325 - No connection to port 10000
2025-03-01 13:40:13,581 - INTERNAL - System Time: 2025-03-01 13:40:13.580943, Logical Clock: 57
2025-03-01 13:40:13,832 - No connection to port 10000
2025-03-01 13:40:13,832 - SEND - System Time: 2025-03-01 13:40:13.831965, Logical Clock: 58, To: Machine on port 10002
2025-03-01 13:40:14,087 - RECEIVE - System Time: 2025-03-01 13:40:14.087267, Logical Clock: 59, Queue Length: 0, From: Machine 1
2025-03-01 13:40:14,343 - INTERNAL - System Time: 2025-03-01 13:40:14.342688, Logical Clock: 60
2025-03-01 13:40:14,593 - INTERNAL - System Time: 2025-03-01 13:40:14.593497, Logical Clock: 61
2025-03-01 13:40:14,848 - INTERNAL - System Time: 2025-03-01 13:40:14.848491, Logical Clock: 62
2025-03-01 13:40:15,104 - RECEIVE - System Time: 2025-03-01 13:40:15.103833, Logical Clock: 63, Queue Length: 0, From: Machine 1
2025-03-01 13:40:15,357 - INTERNAL - System Time: 2025-03-01 13:40:15.357537, Logical Clock: 64
2025-03-01 13:40:15,609 - INTERNAL - System Time: 2025-03-01 13:40:15.609008, Logical Clock: 65
2025-03-01 13:40:15,862 - INTERNAL - System Time: 2025-03-01 13:40:15.862262, Logical Clock: 66
2025-03-01 13:40:16,117 - No connection to port 10000
2025-03-01 13:40:16,118 - SEND - System Time: 2025-03-01 13:40:16.117806, Logical Clock: 67, To: Machine on port 10002
2025-03-01 13:40:16,370 - INTERNAL - System Time: 2025-03-01 13:40:16.370359, Logical Clock: 68
2025-03-01 13:40:16,625 - INTERNAL - System Time: 2025-03-01 13:40:16.624999, Logical Clock: 69
2025-03-01 13:40:16,881 - SEND - System Time: 2025-03-01 13:40:16.881570, Logical Clock: 70, To: Machine on port 10002
2025-03-01 13:40:17,137 - RECEIVE - System Time: 2025-03-01 13:40:17.136917, Logical Clock: 71, Queue Length: 0, From: Machine 1
2025-03-01 13:40:17,391 - No connection to port 10000
2025-03-01 13:40:17,392 - SEND - System Time: 2025-03-01 13:40:17.391153, Logical Clock: 72, To: Machine on port 10002
2025-03-01 13:40:17,643 - No connection to port 10000
2025-03-01 13:40:17,896 - No connection to port 10000
2025-03-01 13:40:18,151 - INTERNAL - System Time: 2025-03-01 13:40:18.151679, Logical Clock: 75
2025-03-01 13:40:18,407 - INTERNAL - System Time: 2025-03-01 13:40:18.407231, Logical Clock: 76
2025-03-01 13:40:18,658 - INTERNAL - System Time: 2025-03-01 13:40:18.658357, Logical Clock: 77
2025-03-01 13:40:18,913 - No connection to port 10000
2025-03-01 13:40:18,913 - SEND - System Time: 2025-03-01 13:40:18.913760, Logical Clock: 78, To: Machine on port 10002
2025-03-01 13:40:19,169 - INTERNAL - System Time: 2025-03-01 13:40:19.169477, Logical Clock: 79
2025-03-01 13:40:19,424 - INTERNAL - System Time: 2025-03-01 13:40:19.424060, Logical Clock: 80
2025-03-01 13:40:19,679 - INTERNAL - System Time: 2025-03-01 13:40:19.679475, Logical Clock: 81
2025-03-01 13:40:19,934 - INTERNAL - System Time: 2025-03-01 13:40:19.934076, Logical Clock: 82
2025-03-01 13:40:20,185 - SEND - System Time: 2025-03-01 13:40:20.184801, Logical Clock: 83, To: Machine on port 10002
2025-03-01 13:40:20,440 - INTERNAL - System Time: 2025-03-01 13:40:20.440368, Logical Clock: 84
2025-03-01 13:40:20,691 - INTERNAL - System Time: 2025-03-01 13:40:20.691704, Logical Clock: 85
2025-03-01 13:40:20,947 - INTERNAL - System Time: 2025-03-01 13:40:20.947102, Logical Clock: 86
2025-03-01 13:40:21,202 - INTERNAL - System Time: 2025-03-01 13:40:21.202360, Logical Clock: 87
2025-03-01 13:40:21,458 - INTERNAL - System Time: 2025-03-01 13:40:21.457872, Logical Clock: 88
2025-03-01 13:40:21,710 - No connection to port 10000
2025-03-01 13:40:21,711 - SEND - System Time: 2025-03-01 13:40:21.710682, Logical Clock: 89, To: Machine on port 10002
2025-03-01 13:40:21,965 - INTERNAL - System Time: 2025-03-01 13:40:21.965149, Logical Clock: 90
2025-03-01 13:40:22,219 - SEND - System Time: 2025-03-01 13:40:22.219065, Logical Clock: 91, To: Machine on port 10002
2025-03-01 13:40:22,474 - No connection to port 10000
2025-03-01 13:40:22,730 - INTERNAL - System Time: 2025-03-01 13:40:22.729911, Logical Clock: 93
2025-03-01 13:40:22,981 - INTERNAL - System Time: 2025-03-01 13:40:22.981835, Logical Clock: 94
2025-03-01 13:40:23,237 - INTERNAL - System Time: 2025-03-01 13:40:23.237344, Logical Clock: 95
2025-03-01 13:40:23,490 - INTERNAL - System Time: 2025-03-01 13:40:23.490683, Logical Clock: 96
2025-03-01 13:40:23,742 - INTERNAL - System Time: 2025-03-01 13:40:23.742734, Logical Clock: 97
2025-03-01 13:40:23,998 - INTERNAL - System Time: 2025-03-01 13:40:23.998147, Logical Clock: 98
2025-03-01 13:40:24,253 - INTERNAL - System Time: 2025-03-01 13:40:24.253668, Logical Clock: 99
2025-03-01 13:40:24,508 - INTERNAL - System Time: 2025-03-01 13:40:24.508538, Logical Clock: 100
2025-03-01 13:40:24,763 - INTERNAL - System Time: 2025-03-01 13:40:24.763679, Logical Clock: 101
2025-03-01 13:40:25,019 - INTERNAL - System Time: 2025-03-01 13:40:25.018954, Logical Clock: 102
2025-03-01 13:40:25,273 - INTERNAL - System Time: 2025-03-01 13:40:25.273400, Logical Clock: 103
2025-03-01 13:40:25,528 - INTERNAL - System Time: 2025-03-01 13:40:25.528331, Logical Clock: 104
2025-03-01 13:40:25,783 - No connection to port 10000
2025-03-01 13:40:25,783 - SEND - System Time: 2025-03-01 13:40:25.783026, Logical Clock: 105, To: Machine on port 10002
2025-03-01 13:40:26,034 - INTERNAL - System Time: 2025-03-01 13:40:26.034583, Logical Clock: 106
2025-03-01 13:40:26,290 - INTERNAL - System Time: 2025-03-01 13:40:26.290053, Logical Clock: 107
2025-03-01 13:40:26,544 - INTERNAL - System Time: 2025-03-01 13:40:26.544330, Logical Clock: 108
2025-03-01 13:40:26,799 - INTERNAL - System Time: 2025-03-01 13:40:26.799638, Logical Clock: 109
2025-03-01 13:40:27,054 - SEND - System Time: 2025-03-01 13:40:27.054521, Logical Clock: 110, To: Machine on port 10002
2025-03-01 13:40:27,305 - INTERNAL - System Time: 2025-03-01 13:40:27.305669, Logical Clock: 111
2025-03-01 13:40:27,560 - No connection to port 10000
2025-03-01 13:40:27,814 - INTERNAL - System Time: 2025-03-01 13:40:27.814153, Logical Clock: 113
2025-03-01 13:40:28,064 - INTERNAL - System Time: 2025-03-01 13:40:28.064599, Logical Clock: 114
2025-03-01 13:40:28,319 - INTERNAL - System Time: 2025-03-01 13:40:28.319013, Logical Clock: 115
2025-03-01 13:40:28,574 - INTERNAL - System Time: 2025-03-01 13:40:28.573946, Logical Clock: 116
2025-03-01 13:40:28,826 - No connection to port 10000
2025-03-01 13:40:28,826 - SEND - System Time: 2025-03-01 13:40:28.826365, Logical Clock: 117, To: Machine on port 10002
2025-03-01 13:40:29,081 - RECEIVE - System Time: 2025-03-01 13:40:29.081632, Logical Clock: 118, Queue Length: 0, From: Machine 1
2025-03-01 13:40:29,336 - No connection to port 10000
2025-03-01 13:40:29,337 - SEND - System Time: 2025-03-01 13:40:29.336939, Logical Clock: 119, To: Machine on port 10002
2025-03-01 13:40:29,590 - INTERNAL - System Time: 2025-03-01 13:40:29.590689, Logical Clock: 120
2025-03-01 13:40:29,843 - INTERNAL - System Time: 2025-03-01 13:40:29.843031, Logical Clock: 121
2025-03-01 13:40:30,096 - INTERNAL - System Time: 2025-03-01 13:40:30.096152, Logical Clock: 122
2025-03-01 13:40:30,349 - No connection to port 10000
2025-03-01 13:40:30,602 - INTERNAL - System Time: 2025-03-01 13:40:30.602554, Logical Clock: 124
2025-03-01 13:40:30,857 - SEND - System Time: 2025-03-01 13:40:30.857767, Logical Clock: 125, To: Machine on port 10002
2025-03-01 13:40:31,113 - INTERNAL - System Time: 2025-03-01 13:40:31.113023, Logical Clock: 126
2025-03-01 13:40:31,364 - INTERNAL - System Time: 2025-03-01 13:40:31.364038, Logical Clock: 127
2025-03-01 13:40:31,615 - No connection to port 10000
2025-03-01 13:40:31,870 - INTERNAL - System Time: 2025-03-01 13:40:31.870416, Logical Clock: 129
2025-03-01 13:40:32,126 - No connection to port 10000
2025-03-01 13:40:32,381 - No connection to port 10000
2025-03-01 13:40:32,636 - INTERNAL - System Time: 2025-03-01 13:40:32.636612, Logical Clock: 132
2025-03-01 13:40:32,891 - INTERNAL - System Time: 2025-03-01 13:40:32.891141, Logical Clock: 133
2025-03-01 13:40:33,141 - INTERNAL - System Time: 2025-03-01 13:40:33.141655, Logical Clock: 134
2025-03-01 13:40:33,397 - INTERNAL - System Time: 2025-03-01 13:40:33.396975, Logical Clock: 135
2025-03-01 13:40:33,648 - No connection to port 10000
2025-03-01 13:40:33,903 - INTERNAL - System Time: 2025-03-01 13:40:33.903654, Logical Clock: 137
2025-03-01 13:40:34,155 - INTERNAL - System Time: 2025-03-01 13:40:34.155589, Logical Clock: 138
2025-03-01 13:40:34,410 - INTERNAL - System Time: 2025-03-01 13:40:34.410789, Logical Clock: 139
2025-03-01 13:40:34,661 - No connection to port 10000
2025-03-01 13:40:34,661 - SEND - System Time: 2025-03-01 13:40:34.661131, Logical Clock: 140, To: Machine on port 10002
2025-03-01 13:40:34,912 - INTERNAL - System Time: 2025-03-01 13:40:34.912354, Logical Clock: 141
2025-03-01 13:40:35,167 - SEND - System Time: 2025-03-01 13:40:35.167623, Logical Clock: 142, To: Machine on port 10002
2025-03-01 13:40:35,423 - INTERNAL - System Time: 2025-03-01 13:40:35.422925, Logical Clock: 143
2025-03-01 13:40:35,674 - No connection to port 10000
2025-03-01 13:40:35,674 - SEND - System Time: 2025-03-01 13:40:35.673975, Logical Clock: 144, To: Machine on port 10002
2025-03-01 13:40:35,929 - SEND - System Time: 2025-03-01 13:40:35.929440, Logical Clock: 145, To: Machine on port 10002
2025-03-01 13:40:36,182 - No connection to port 10000
2025-03-01 13:40:36,432 - INTERNAL - System Time: 2025-03-01 13:40:36.432780, Logical Clock: 147
2025-03-01 13:40:36,688 - INTERNAL - System Time: 2025-03-01 13:40:36.688262, Logical Clock: 148
2025-03-01 13:40:36,944 - INTERNAL - System Time: 2025-03-01 13:40:36.944540, Logical Clock: 149
2025-03-01 13:40:37,200 - SEND - System Time: 2025-03-01 13:40:37.200009, Logical Clock: 150, To: Machine on port 10002
2025-03-01 13:40:37,452 - INTERNAL - System Time: 2025-03-01 13:40:37.452690, Logical Clock: 151
2025-03-01 13:40:37,707 - INTERNAL - System Time: 2025-03-01 13:40:37.707757, Logical Clock: 152
2025-03-01 13:40:37,963 - INTERNAL - System Time: 2025-03-01 13:40:37.963061, Logical Clock: 153
2025-03-01 13:40:38,215 - No connection to port 10000
2025-03-01 13:40:38,471 - INTERNAL - System Time: 2025-03-01 13:40:38.471221, Logical Clock: 155
2025-03-01 13:40:38,723 - INTERNAL - System Time: 2025-03-01 13:40:38.723162, Logical Clock: 156
2025-03-01 13:40:38,974 - No connection to port 10000
2025-03-01 13:40:39,226 - INTERNAL - System Time: 2025-03-01 13:40:39.226057, Logical Clock: 158
2025-03-01 13:40:39,476 - INTERNAL - System Time: 2025-03-01 13:40:39.476541, Logical Clock: 159
2025-03-01 13:40:39,729 - SEND - System Time: 2025-03-01 13:40:39.729152, Logical Clock: 160, To: Machine on port 10002
2025-03-01 13:40:39,981 - No connection to port 10000
2025-03-01 13:40:39,981 - SEND - System Time: 2025-03-01 13:40:39.981443, Logical Clock: 161, To: Machine on port 10002
2025-03-01 13:40:40,236 - INTERNAL - System Time: 2025-03-01 13:40:40.236577, Logical Clock: 162
2025-03-01 13:40:40,491 - INTERNAL - System Time: 2025-03-01 13:40:40.490821, Logical Clock: 163
2025-03-01 13:40:40,741 - INTERNAL - System Time: 2025-03-01 13:40:40.741832, Logical Clock: 164
2025-03-01 13:40:40,993 - INTERNAL - System Time: 2025-03-01 13:40:40.993835, Logical Clock: 165
2025-03-01 13:40:41,244 - RECEIVE - System Time: 2025-03-01 13:40:41.244806, Logical Clock: 166, Queue Length: 0, From: Machine 1
2025-03-01 13:40:41,498 - INTERNAL - System Time: 2025-03-01 13:40:41.498661, Logical Clock: 167
2025-03-01 13:40:41,753 - No connection to port 10000
2025-03-01 13:40:41,754 - SEND - System Time: 2025-03-01 13:40:41.753928, Logical Clock: 168, To: Machine on port 10002
2025-03-01 13:40:42,007 - INTERNAL - System Time: 2025-03-01 13:40:42.007677, Logical Clock: 169
2025-03-01 13:40:42,260 - INTERNAL - System Time: 2025-03-01 13:40:42.260893, Logical Clock: 170
2025-03-01 13:40:42,515 - No connection to port 10000
2025-03-01 13:40:42,515 - SEND - System Time: 2025-03-01 13:40:42.515044, Logical Clock: 171, To: Machine on port 10002
2025-03-01 13:40:42,767 - INTERNAL - System Time: 2025-03-01 13:40:42.767597, Logical Clock: 172
2025-03-01 13:40:43,019 - No connection to port 10000
2025-03-01 13:40:43,273 - INTERNAL - System Time: 2025-03-01 13:40:43.273049, Logical Clock: 174
2025-03-01 13:40:43,528 - INTERNAL - System Time: 2025-03-01 13:40:43.528372, Logical Clock: 175
2025-03-01 13:40:43,783 - INTERNAL - System Time: 2025-03-01 13:40:43.783640, Logical Clock: 176
2025-03-01 13:40:44,038 - INTERNAL - System Time: 2025-03-01 13:40:44.038461, Logical Clock: 177
2025-03-01 13:40:44,291 - INTERNAL - System Time: 2025-03-01 13:40:44.291169, Logical Clock: 178
2025-03-01 13:40:44,546 - INTERNAL - System Time: 2025-03-01 13:40:44.546415, Logical Clock: 179
2025-03-01 13:40:44,798 - INTERNAL - System Time: 2025-03-01 13:40:44.798457, Logical Clock: 180
2025-03-01 13:40:45,052 - INTERNAL - System Time: 2025-03-01 13:40:45.052712, Logical Clock: 181
2025-03-01 13:40:45,308 - INTERNAL - System Time: 2025-03-01 13:40:45.308232, Logical Clock: 182
2025-03-01 13:40:45,563 - INTERNAL - System Time: 2025-03-01 13:40:45.563045, Logical Clock: 183
2025-03-01 13:40:45,818 - INTERNAL - System Time: 2025-03-01 13:40:45.818378, Logical Clock: 184
2025-03-01 13:40:46,073 - No connection to port 10000
2025-03-01 13:40:46,074 - SEND - System Time: 2025-03-01 13:40:46.073749, Logical Clock: 185, To: Machine on port 10002
2025-03-01 13:40:46,328 - RECEIVE - System Time: 2025-03-01 13:40:46.328517, Logical Clock: 186, Queue Length: 0, From: Machine 1
2025-03-01 13:40:46,583 - INTERNAL - System Time: 2025-03-01 13:40:46.583863, Logical Clock: 187
2025-03-01 13:40:46,839 - No connection to port 10000
2025-03-01 13:40:47,091 - INTERNAL - System Time: 2025-03-01 13:40:47.091721, Logical Clock: 189
2025-03-01 13:40:47,343 - RECEIVE - System Time: 2025-03-01 13:40:47.342985, Logical Clock: 190, Queue Length: 0, From: Machine 1
2025-03-01 13:40:47,596 - INTERNAL - System Time: 2025-03-01 13:40:47.596464, Logical Clock: 191
2025-03-01 13:40:47,849 - INTERNAL - System Time: 2025-03-01 13:40:47.849559, Logical Clock: 192
2025-03-01 13:40:48,103 - INTERNAL - System Time: 2025-03-01 13:40:48.103277, Logical Clock: 193
2025-03-01 13:40:48,358 - INTERNAL - System Time: 2025-03-01 13:40:48.358473, Logical Clock: 194
2025-03-01 13:40:48,611 - No connection to port 10000
2025-03-01 13:40:48,611 - SEND - System Time: 2025-03-01 13:40:48.611037, Logical Clock: 195, To: Machine on port 10002
2025-03-01 13:40:48,864 - INTERNAL - System Time: 2025-03-01 13:40:48.864208, Logical Clock: 196
2025-03-01 13:40:49,115 - INTERNAL - System Time: 2025-03-01 13:40:49.115181, Logical Clock: 197
2025-03-01 13:40:49,370 - RECEIVE - System Time: 2025-03-01 13:40:49.370549, Logical Clock: 198, Queue Length: 0, From: Machine 1
2025-03-01 13:40:49,625 - INTERNAL - System Time: 2025-03-01 13:40:49.625691, Logical Clock: 199
2025-03-01 13:40:49,876 - SEND - System Time: 2025-03-01 13:40:49.876376, Logical Clock: 200, To: Machine on port 10002
2025-03-01 13:40:50,131 - No connection to port 10000
2025-03-01 13:40:50,387 - INTERNAL - System Time: 2025-03-01 13:40:50.386963, Logical Clock: 202
2025-03-01 13:40:50,642 - INTERNAL - System Time: 2025-03-01 13:40:50.642332, Logical Clock: 203
2025-03-01 13:40:50,896 - No connection to port 10000
2025-03-01 13:40:51,151 - INTERNAL - System Time: 2025-03-01 13:40:51.151022, Logical Clock: 205
2025-03-01 13:40:51,402 - No connection to port 10000
2025-03-01 13:40:51,654 - No connection to port 10000
2025-03-01 13:40:51,907 - SEND - System Time: 2025-03-01 13:40:51.907329, Logical Clock: 208, To: Machine on port 10002
2025-03-01 13:40:52,162 - INTERNAL - System Time: 2025-03-01 13:40:52.162573, Logical Clock: 209
2025-03-01 13:40:52,413 - SEND - System Time: 2025-03-01 13:40:52.413766, Logical Clock: 210, To: Machine on port 10002
2025-03-01 13:40:52,667 - INTERNAL - System Time: 2025-03-01 13:40:52.667781, Logical Clock: 211
2025-03-01 13:40:52,919 - INTERNAL - System Time: 2025-03-01 13:40:52.919099, Logical Clock: 212
2025-03-01 13:40:53,174 - RECEIVE - System Time: 2025-03-01 13:40:53.174437, Logical Clock: 213, Queue Length: 0, From: Machine 1
2025-03-01 13:40:53,429 - INTERNAL - System Time: 2025-03-01 13:40:53.429567, Logical Clock: 214
2025-03-01 13:40:53,685 - INTERNAL - System Time: 2025-03-01 13:40:53.685011, Logical Clock: 215
2025-03-01 13:40:53,942 - INTERNAL - System Time: 2025-03-01 13:40:53.940604, Logical Clock: 216
2025-03-01 13:40:54,196 - SEND - System Time: 2025-03-01 13:40:54.196639, Logical Clock: 217, To: Machine on port 10002
2025-03-01 13:40:54,452 - INTERNAL - System Time: 2025-03-01 13:40:54.452439, Logical Clock: 218
2025-03-01 13:40:54,706 - SEND - System Time: 2025-03-01 13:40:54.706371, Logical Clock: 219, To: Machine on port 10002
2025-03-01 13:40:54,958 - INTERNAL - System Time: 2025-03-01 13:40:54.958410, Logical Clock: 220
2025-03-01 13:40:55,213 - INTERNAL - System Time: 2025-03-01 13:40:55.213767, Logical Clock: 221
2025-03-01 13:40:55,464 - INTERNAL - System Time: 2025-03-01 13:40:55.464543, Logical Clock: 222
2025-03-01 13:40:55,715 - No connection to port 10000
2025-03-01 13:40:55,715 - SEND - System Time: 2025-03-01 13:40:55.715263, Logical Clock: 223, To: Machine on port 10002
2025-03-01 13:40:55,970 - INTERNAL - System Time: 2025-03-01 13:40:55.970503, Logical Clock: 224
2025-03-01 13:40:56,223 - INTERNAL - System Time: 2025-03-01 13:40:56.223366, Logical Clock: 225
2025-03-01 13:40:56,478 - No connection to port 10000
2025-03-01 13:40:56,478 - SEND - System Time: 2025-03-01 13:40:56.478556, Logical Clock: 226, To: Machine on port 10002
2025-03-01 13:40:56,734 - INTERNAL - System Time: 2025-03-01 13:40:56.734281, Logical Clock: 227
2025-03-01 13:40:56,985 - INTERNAL - System Time: 2025-03-01 13:40:56.985725, Logical Clock: 228
2025-03-01 13:40:57,241 - INTERNAL - System Time: 2025-03-01 13:40:57.241257, Logical Clock: 229
2025-03-01 13:40:57,497 - INTERNAL - System Time: 2025-03-01 13:40:57.497223, Logical Clock: 230
2025-03-01 13:40:57,750 - INTERNAL - System Time: 2025-03-01 13:40:57.750502, Logical Clock: 231
2025-03-01 13:40:58,006 - SEND - System Time: 2025-03-01 13:40:58.006012, Logical Clock: 232, To: Machine on port 10002
2025-03-01 13:40:58,256 - RECEIVE - System Time: 2025-03-01 13:40:58.256439, Logical Clock: 233, Queue Length: 0, From: Machine 1
2025-03-01 13:40:58,511 - No connection to port 10000
2025-03-01 13:40:58,512 - SEND - System Time: 2025-03-01 13:40:58.511893, Logical Clock: 234, To: Machine on port 10002
2025-03-01 13:40:58,763 - INTERNAL - System Time: 2025-03-01 13:40:58.763123, Logical Clock: 235
2025-03-01 13:40:59,014 - INTERNAL - System Time: 2025-03-01 13:40:59.014303, Logical Clock: 236
2025-03-01 13:40:59,265 - RECEIVE - System Time: 2025-03-01 13:40:59.265512, Logical Clock: 237, Queue Length: 0, From: Machine 1
