2025-03-01 14:37:24,613 - Virtual Machine 2 initialized
2025-03-01 14:37:24,613 - Clock Rate: 3 ticks/second
2025-03-01 14:37:24,613 - Listening on port: 10001
2025-03-01 14:37:24,613 - Peer ports: [10000, 10002]
2025-03-01 14:37:25,276 - Accepted connection from ('127.0.0.1', 59582)
2025-03-01 14:37:25,623 - Connected to peer on port 10002
2025-03-01 14:37:25,623 - Network initialization completed
2025-03-01 14:37:25,623 - Starting main event loop
2025-03-01 14:37:25,623 - Clock rate: 3 ticks/second
2025-03-01 14:37:25,623 - INTERNAL - System Time: 2025-03-01 14:37:25.623749, Logical Clock: 1
2025-03-01 14:37:25,960 - INTERNAL - System Time: 2025-03-01 14:37:25.960766, Logical Clock: 2
2025-03-01 14:37:26,299 - No connection to port 10000
2025-03-01 14:37:26,637 - INTERNAL - System Time: 2025-03-01 14:37:26.636858, Logical Clock: 4
2025-03-01 14:37:26,973 - INTERNAL - System Time: 2025-03-01 14:37:26.972847, Logical Clock: 5
2025-03-01 14:37:27,307 - SEND - System Time: 2025-03-01 14:37:27.306944, Logical Clock: 6, To: Machine on port 10002
2025-03-01 14:37:27,643 - No connection to port 10000
2025-03-01 14:37:27,980 - RECEIVE - System Time: 2025-03-01 14:37:27.980055, Logical Clock: 10, Queue Length: 0, From: Machine 1
2025-03-01 14:37:28,315 - No connection to port 10000
2025-03-01 14:37:28,650 - SEND - System Time: 2025-03-01 14:37:28.650670, Logical Clock: 12, To: Machine on port 10002
2025-03-01 14:37:28,988 - No connection to port 10000
2025-03-01 14:37:29,324 - INTERNAL - System Time: 2025-03-01 14:37:29.323929, Logical Clock: 14
2025-03-01 14:37:29,660 - INTERNAL - System Time: 2025-03-01 14:37:29.660220, Logical Clock: 15
2025-03-01 14:37:29,994 - INTERNAL - System Time: 2025-03-01 14:37:29.994499, Logical Clock: 16
2025-03-01 14:37:30,329 - INTERNAL - System Time: 2025-03-01 14:37:30.329233, Logical Clock: 17
2025-03-01 14:37:30,666 - INTERNAL - System Time: 2025-03-01 14:37:30.666541, Logical Clock: 18
2025-03-01 14:37:31,003 - INTERNAL - System Time: 2025-03-01 14:37:31.003168, Logical Clock: 19
2025-03-01 14:37:31,338 - INTERNAL - System Time: 2025-03-01 14:37:31.338094, Logical Clock: 20
2025-03-01 14:37:31,673 - RECEIVE - System Time: 2025-03-01 14:37:31.672824, Logical Clock: 21, Queue Length: 0, From: Machine 1
2025-03-01 14:37:32,010 - RECEIVE - System Time: 2025-03-01 14:37:32.010493, Logical Clock: 22, Queue Length: 0, From: Machine 1
2025-03-01 14:37:32,347 - RECEIVE - System Time: 2025-03-01 14:37:32.347007, Logical Clock: 23, Queue Length: 0, From: Machine 1
2025-03-01 14:37:32,682 - RECEIVE - System Time: 2025-03-01 14:37:32.682514, Logical Clock: 24, Queue Length: 0, From: Machine 1
2025-03-01 14:37:33,020 - No connection to port 10000
2025-03-01 14:37:33,355 - SEND - System Time: 2025-03-01 14:37:33.354910, Logical Clock: 26, To: Machine on port 10002
2025-03-01 14:37:33,694 - RECEIVE - System Time: 2025-03-01 14:37:33.693926, Logical Clock: 27, Queue Length: 0, From: Machine 1
2025-03-01 14:37:34,029 - INTERNAL - System Time: 2025-03-01 14:37:34.029190, Logical Clock: 28
2025-03-01 14:37:34,368 - No connection to port 10000
2025-03-01 14:37:34,369 - SEND - System Time: 2025-03-01 14:37:34.367979, Logical Clock: 29, To: Machine on port 10002
2025-03-01 14:37:34,706 - INTERNAL - System Time: 2025-03-01 14:37:34.706329, Logical Clock: 30
2025-03-01 14:37:35,045 - SEND - System Time: 2025-03-01 14:37:35.045531, Logical Clock: 31, To: Machine on port 10002
2025-03-01 14:37:35,381 - RECEIVE - System Time: 2025-03-01 14:37:35.381185, Logical Clock: 32, Queue Length: 0, From: Machine 1
2025-03-01 14:37:35,717 - INTERNAL - System Time: 2025-03-01 14:37:35.717086, Logical Clock: 33
2025-03-01 14:37:36,053 - SEND - System Time: 2025-03-01 14:37:36.053384, Logical Clock: 34, To: Machine on port 10002
2025-03-01 14:37:36,388 - SEND - System Time: 2025-03-01 14:37:36.388506, Logical Clock: 35, To: Machine on port 10002
2025-03-01 14:37:36,733 - No connection to port 10000
2025-03-01 14:37:37,069 - INTERNAL - System Time: 2025-03-01 14:37:37.069524, Logical Clock: 37
2025-03-01 14:37:37,404 - INTERNAL - System Time: 2025-03-01 14:37:37.404797, Logical Clock: 38
2025-03-01 14:37:37,743 - RECEIVE - System Time: 2025-03-01 14:37:37.743518, Logical Clock: 39, Queue Length: 0, From: Machine 1
2025-03-01 14:37:38,080 - SEND - System Time: 2025-03-01 14:37:38.079951, Logical Clock: 40, To: Machine on port 10002
2025-03-01 14:37:38,419 - No connection to port 10000
2025-03-01 14:37:38,419 - SEND - System Time: 2025-03-01 14:37:38.419076, Logical Clock: 41, To: Machine on port 10002
2025-03-01 14:37:38,753 - INTERNAL - System Time: 2025-03-01 14:37:38.753737, Logical Clock: 42
2025-03-01 14:37:39,092 - RECEIVE - System Time: 2025-03-01 14:37:39.092491, Logical Clock: 43, Queue Length: 0, From: Machine 1
2025-03-01 14:37:39,431 - INTERNAL - System Time: 2025-03-01 14:37:39.431173, Logical Clock: 44
2025-03-01 14:37:39,769 - SEND - System Time: 2025-03-01 14:37:39.769654, Logical Clock: 45, To: Machine on port 10002
2025-03-01 14:37:40,108 - INTERNAL - System Time: 2025-03-01 14:37:40.107931, Logical Clock: 46
2025-03-01 14:37:40,443 - INTERNAL - System Time: 2025-03-01 14:37:40.443602, Logical Clock: 47
2025-03-01 14:37:40,779 - INTERNAL - System Time: 2025-03-01 14:37:40.779215, Logical Clock: 48
2025-03-01 14:37:41,113 - INTERNAL - System Time: 2025-03-01 14:37:41.113632, Logical Clock: 49
2025-03-01 14:37:41,452 - INTERNAL - System Time: 2025-03-01 14:37:41.451792, Logical Clock: 50
2025-03-01 14:37:41,788 - INTERNAL - System Time: 2025-03-01 14:37:41.788360, Logical Clock: 51
2025-03-01 14:37:42,122 - SEND - System Time: 2025-03-01 14:37:42.122600, Logical Clock: 52, To: Machine on port 10002
2025-03-01 14:37:42,460 - RECEIVE - System Time: 2025-03-01 14:37:42.460652, Logical Clock: 53, Queue Length: 0, From: Machine 1
2025-03-01 14:37:42,796 - INTERNAL - System Time: 2025-03-01 14:37:42.796607, Logical Clock: 54
2025-03-01 14:37:43,135 - INTERNAL - System Time: 2025-03-01 14:37:43.135123, Logical Clock: 55
2025-03-01 14:37:43,474 - INTERNAL - System Time: 2025-03-01 14:37:43.474090, Logical Clock: 56
2025-03-01 14:37:43,810 - INTERNAL - System Time: 2025-03-01 14:37:43.810481, Logical Clock: 57
2025-03-01 14:37:44,147 - INTERNAL - System Time: 2025-03-01 14:37:44.146937, Logical Clock: 58
2025-03-01 14:37:44,481 - INTERNAL - System Time: 2025-03-01 14:37:44.481133, Logical Clock: 59
2025-03-01 14:37:44,819 - INTERNAL - System Time: 2025-03-01 14:37:44.819842, Logical Clock: 60
2025-03-01 14:37:45,155 - INTERNAL - System Time: 2025-03-01 14:37:45.155694, Logical Clock: 61
2025-03-01 14:37:45,493 - INTERNAL - System Time: 2025-03-01 14:37:45.493392, Logical Clock: 62
2025-03-01 14:37:45,836 - RECEIVE - System Time: 2025-03-01 14:37:45.836181, Logical Clock: 63, Queue Length: 0, From: Machine 1
2025-03-01 14:37:46,174 - INTERNAL - System Time: 2025-03-01 14:37:46.174468, Logical Clock: 64
2025-03-01 14:37:46,512 - INTERNAL - System Time: 2025-03-01 14:37:46.512189, Logical Clock: 65
2025-03-01 14:37:46,847 - SEND - System Time: 2025-03-01 14:37:46.846993, Logical Clock: 66, To: Machine on port 10002
2025-03-01 14:37:47,186 - INTERNAL - System Time: 2025-03-01 14:37:47.186005, Logical Clock: 67
2025-03-01 14:37:47,523 - INTERNAL - System Time: 2025-03-01 14:37:47.523243, Logical Clock: 68
2025-03-01 14:37:47,861 - No connection to port 10000
2025-03-01 14:37:48,200 - INTERNAL - System Time: 2025-03-01 14:37:48.200026, Logical Clock: 70
2025-03-01 14:37:48,535 - RECEIVE - System Time: 2025-03-01 14:37:48.535341, Logical Clock: 71, Queue Length: 0, From: Machine 1
2025-03-01 14:37:48,871 - RECEIVE - System Time: 2025-03-01 14:37:48.871605, Logical Clock: 72, Queue Length: 0, From: Machine 1
2025-03-01 14:37:49,210 - INTERNAL - System Time: 2025-03-01 14:37:49.210008, Logical Clock: 73
2025-03-01 14:37:49,546 - INTERNAL - System Time: 2025-03-01 14:37:49.546440, Logical Clock: 74
2025-03-01 14:37:49,885 - INTERNAL - System Time: 2025-03-01 14:37:49.885311, Logical Clock: 75
2025-03-01 14:37:50,219 - INTERNAL - System Time: 2025-03-01 14:37:50.219372, Logical Clock: 76
2025-03-01 14:37:50,553 - INTERNAL - System Time: 2025-03-01 14:37:50.553595, Logical Clock: 77
2025-03-01 14:37:50,889 - RECEIVE - System Time: 2025-03-01 14:37:50.889617, Logical Clock: 78, Queue Length: 0, From: Machine 1
2025-03-01 14:37:51,224 - SEND - System Time: 2025-03-01 14:37:51.224537, Logical Clock: 79, To: Machine on port 10002
2025-03-01 14:37:51,562 - No connection to port 10000
2025-03-01 14:37:51,896 - INTERNAL - System Time: 2025-03-01 14:37:51.896776, Logical Clock: 81
2025-03-01 14:37:52,235 - INTERNAL - System Time: 2025-03-01 14:37:52.235008, Logical Clock: 82
2025-03-01 14:37:52,573 - INTERNAL - System Time: 2025-03-01 14:37:52.573756, Logical Clock: 83
2025-03-01 14:37:52,910 - No connection to port 10000
2025-03-01 14:37:52,910 - SEND - System Time: 2025-03-01 14:37:52.910100, Logical Clock: 84, To: Machine on port 10002
2025-03-01 14:37:53,245 - SEND - System Time: 2025-03-01 14:37:53.245602, Logical Clock: 85, To: Machine on port 10002
2025-03-01 14:37:53,584 - RECEIVE - System Time: 2025-03-01 14:37:53.584522, Logical Clock: 86, Queue Length: 0, From: Machine 1
2025-03-01 14:37:53,919 - No connection to port 10000
2025-03-01 14:37:54,258 - INTERNAL - System Time: 2025-03-01 14:37:54.258626, Logical Clock: 88
2025-03-01 14:37:54,595 - RECEIVE - System Time: 2025-03-01 14:37:54.595626, Logical Clock: 89, Queue Length: 0, From: Machine 1
2025-03-01 14:37:54,934 - INTERNAL - System Time: 2025-03-01 14:37:54.934477, Logical Clock: 90
2025-03-01 14:37:55,271 - INTERNAL - System Time: 2025-03-01 14:37:55.271295, Logical Clock: 91
2025-03-01 14:37:55,610 - RECEIVE - System Time: 2025-03-01 14:37:55.609979, Logical Clock: 92, Queue Length: 0, From: Machine 1
2025-03-01 14:37:55,948 - INTERNAL - System Time: 2025-03-01 14:37:55.948143, Logical Clock: 93
2025-03-01 14:37:56,286 - SEND - System Time: 2025-03-01 14:37:56.286032, Logical Clock: 94, To: Machine on port 10002
2025-03-01 14:37:56,622 - INTERNAL - System Time: 2025-03-01 14:37:56.622535, Logical Clock: 95
2025-03-01 14:37:56,961 - INTERNAL - System Time: 2025-03-01 14:37:56.961275, Logical Clock: 96
2025-03-01 14:37:57,297 - RECEIVE - System Time: 2025-03-01 14:37:57.297763, Logical Clock: 97, Queue Length: 0, From: Machine 1
2025-03-01 14:37:57,634 - INTERNAL - System Time: 2025-03-01 14:37:57.634009, Logical Clock: 98
2025-03-01 14:37:57,969 - SEND - System Time: 2025-03-01 14:37:57.969777, Logical Clock: 99, To: Machine on port 10002
2025-03-01 14:37:58,305 - INTERNAL - System Time: 2025-03-01 14:37:58.305663, Logical Clock: 100
2025-03-01 14:37:58,643 - SEND - System Time: 2025-03-01 14:37:58.643571, Logical Clock: 101, To: Machine on port 10002
2025-03-01 14:37:58,982 - RECEIVE - System Time: 2025-03-01 14:37:58.982442, Logical Clock: 102, Queue Length: 0, From: Machine 1
2025-03-01 14:37:59,319 - INTERNAL - System Time: 2025-03-01 14:37:59.319325, Logical Clock: 103
2025-03-01 14:37:59,658 - INTERNAL - System Time: 2025-03-01 14:37:59.658222, Logical Clock: 104
2025-03-01 14:37:59,996 - INTERNAL - System Time: 2025-03-01 14:37:59.996780, Logical Clock: 105
2025-03-01 14:38:00,335 - No connection to port 10000
2025-03-01 14:38:00,335 - SEND - System Time: 2025-03-01 14:38:00.335116, Logical Clock: 106, To: Machine on port 10002
2025-03-01 14:38:00,671 - No connection to port 10000
2025-03-01 14:38:00,672 - SEND - System Time: 2025-03-01 14:38:00.671771, Logical Clock: 107, To: Machine on port 10002
2025-03-01 14:38:01,010 - INTERNAL - System Time: 2025-03-01 14:38:01.010407, Logical Clock: 108
2025-03-01 14:38:01,346 - RECEIVE - System Time: 2025-03-01 14:38:01.346780, Logical Clock: 109, Queue Length: 0, From: Machine 1
2025-03-01 14:38:01,684 - RECEIVE - System Time: 2025-03-01 14:38:01.684572, Logical Clock: 110, Queue Length: 0, From: Machine 1
2025-03-01 14:38:02,021 - INTERNAL - System Time: 2025-03-01 14:38:02.020976, Logical Clock: 111
2025-03-01 14:38:02,359 - INTERNAL - System Time: 2025-03-01 14:38:02.358952, Logical Clock: 112
2025-03-01 14:38:02,696 - INTERNAL - System Time: 2025-03-01 14:38:02.696779, Logical Clock: 113
2025-03-01 14:38:03,030 - INTERNAL - System Time: 2025-03-01 14:38:03.030906, Logical Clock: 114
2025-03-01 14:38:03,368 - INTERNAL - System Time: 2025-03-01 14:38:03.368205, Logical Clock: 115
2025-03-01 14:38:03,703 - INTERNAL - System Time: 2025-03-01 14:38:03.703558, Logical Clock: 116
2025-03-01 14:38:04,039 - INTERNAL - System Time: 2025-03-01 14:38:04.039744, Logical Clock: 117
2025-03-01 14:38:04,377 - INTERNAL - System Time: 2025-03-01 14:38:04.377034, Logical Clock: 118
2025-03-01 14:38:04,712 - INTERNAL - System Time: 2025-03-01 14:38:04.712065, Logical Clock: 119
2025-03-01 14:38:05,046 - No connection to port 10000
2025-03-01 14:38:05,046 - SEND - System Time: 2025-03-01 14:38:05.046056, Logical Clock: 120, To: Machine on port 10002
2025-03-01 14:38:05,383 - RECEIVE - System Time: 2025-03-01 14:38:05.383488, Logical Clock: 121, Queue Length: 0, From: Machine 1
2025-03-01 14:38:05,719 - INTERNAL - System Time: 2025-03-01 14:38:05.719305, Logical Clock: 122
2025-03-01 14:38:06,057 - No connection to port 10000
2025-03-01 14:38:06,393 - INTERNAL - System Time: 2025-03-01 14:38:06.393685, Logical Clock: 124
2025-03-01 14:38:06,730 - RECEIVE - System Time: 2025-03-01 14:38:06.730332, Logical Clock: 125, Queue Length: 0, From: Machine 1
2025-03-01 14:38:07,069 - INTERNAL - System Time: 2025-03-01 14:38:07.068972, Logical Clock: 126
2025-03-01 14:38:07,406 - RECEIVE - System Time: 2025-03-01 14:38:07.406294, Logical Clock: 127, Queue Length: 0, From: Machine 1
2025-03-01 14:38:07,743 - INTERNAL - System Time: 2025-03-01 14:38:07.743704, Logical Clock: 128
2025-03-01 14:38:08,079 - INTERNAL - System Time: 2025-03-01 14:38:08.079062, Logical Clock: 129
2025-03-01 14:38:08,417 - INTERNAL - System Time: 2025-03-01 14:38:08.417628, Logical Clock: 130
2025-03-01 14:38:08,751 - INTERNAL - System Time: 2025-03-01 14:38:08.751731, Logical Clock: 131
2025-03-01 14:38:09,088 - INTERNAL - System Time: 2025-03-01 14:38:09.088249, Logical Clock: 132
2025-03-01 14:38:09,424 - SEND - System Time: 2025-03-01 14:38:09.424247, Logical Clock: 133, To: Machine on port 10002
2025-03-01 14:38:09,759 - INTERNAL - System Time: 2025-03-01 14:38:09.759019, Logical Clock: 134
2025-03-01 14:38:10,094 - INTERNAL - System Time: 2025-03-01 14:38:10.094138, Logical Clock: 135
2025-03-01 14:38:10,432 - INTERNAL - System Time: 2025-03-01 14:38:10.432826, Logical Clock: 136
2025-03-01 14:38:10,768 - RECEIVE - System Time: 2025-03-01 14:38:10.768656, Logical Clock: 137, Queue Length: 0, From: Machine 1
2025-03-01 14:38:11,102 - INTERNAL - System Time: 2025-03-01 14:38:11.102528, Logical Clock: 138
2025-03-01 14:38:11,440 - No connection to port 10000
2025-03-01 14:38:11,774 - No connection to port 10000
2025-03-01 14:38:11,774 - SEND - System Time: 2025-03-01 14:38:11.774475, Logical Clock: 140, To: Machine on port 10002
2025-03-01 14:38:12,109 - INTERNAL - System Time: 2025-03-01 14:38:12.108974, Logical Clock: 141
2025-03-01 14:38:12,443 - INTERNAL - System Time: 2025-03-01 14:38:12.443641, Logical Clock: 142
2025-03-01 14:38:12,779 - No connection to port 10000
2025-03-01 14:38:13,115 - INTERNAL - System Time: 2025-03-01 14:38:13.115454, Logical Clock: 144
2025-03-01 14:38:13,452 - No connection to port 10000
2025-03-01 14:38:13,786 - No connection to port 10000
2025-03-01 14:38:13,787 - SEND - System Time: 2025-03-01 14:38:13.786790, Logical Clock: 146, To: Machine on port 10002
2025-03-01 14:38:14,123 - INTERNAL - System Time: 2025-03-01 14:38:14.123762, Logical Clock: 147
2025-03-01 14:38:14,462 - INTERNAL - System Time: 2025-03-01 14:38:14.462116, Logical Clock: 148
2025-03-01 14:38:14,801 - No connection to port 10000
2025-03-01 14:38:15,139 - INTERNAL - System Time: 2025-03-01 14:38:15.138935, Logical Clock: 150
2025-03-01 14:38:15,477 - No connection to port 10000
2025-03-01 14:38:15,815 - INTERNAL - System Time: 2025-03-01 14:38:15.815559, Logical Clock: 152
2025-03-01 14:38:16,151 - RECEIVE - System Time: 2025-03-01 14:38:16.151641, Logical Clock: 153, Queue Length: 0, From: Machine 1
2025-03-01 14:38:16,487 - No connection to port 10000
2025-03-01 14:38:16,488 - SEND - System Time: 2025-03-01 14:38:16.487948, Logical Clock: 154, To: Machine on port 10002
2025-03-01 14:38:16,826 - No connection to port 10000
2025-03-01 14:38:16,826 - SEND - System Time: 2025-03-01 14:38:16.826572, Logical Clock: 155, To: Machine on port 10002
2025-03-01 14:38:17,165 - INTERNAL - System Time: 2025-03-01 14:38:17.165196, Logical Clock: 156
2025-03-01 14:38:17,502 - No connection to port 10000
2025-03-01 14:38:17,502 - SEND - System Time: 2025-03-01 14:38:17.502090, Logical Clock: 157, To: Machine on port 10002
2025-03-01 14:38:17,840 - No connection to port 10000
2025-03-01 14:38:18,178 - INTERNAL - System Time: 2025-03-01 14:38:18.177965, Logical Clock: 159
2025-03-01 14:38:18,512 - No connection to port 10000
2025-03-01 14:38:18,512 - SEND - System Time: 2025-03-01 14:38:18.512220, Logical Clock: 160, To: Machine on port 10002
2025-03-01 14:38:18,848 - INTERNAL - System Time: 2025-03-01 14:38:18.848034, Logical Clock: 161
2025-03-01 14:38:19,185 - No connection to port 10000
2025-03-01 14:38:19,185 - SEND - System Time: 2025-03-01 14:38:19.185074, Logical Clock: 162, To: Machine on port 10002
2025-03-01 14:38:19,521 - INTERNAL - System Time: 2025-03-01 14:38:19.521056, Logical Clock: 163
2025-03-01 14:38:19,859 - INTERNAL - System Time: 2025-03-01 14:38:19.859645, Logical Clock: 164
2025-03-01 14:38:20,200 - INTERNAL - System Time: 2025-03-01 14:38:20.200102, Logical Clock: 165
2025-03-01 14:38:20,534 - INTERNAL - System Time: 2025-03-01 14:38:20.534626, Logical Clock: 166
2025-03-01 14:38:20,873 - INTERNAL - System Time: 2025-03-01 14:38:20.873266, Logical Clock: 167
2025-03-01 14:38:21,209 - RECEIVE - System Time: 2025-03-01 14:38:21.209044, Logical Clock: 168, Queue Length: 0, From: Machine 1
2025-03-01 14:38:21,546 - No connection to port 10000
2025-03-01 14:38:21,886 - RECEIVE - System Time: 2025-03-01 14:38:21.885649, Logical Clock: 170, Queue Length: 0, From: Machine 1
2025-03-01 14:38:22,223 - RECEIVE - System Time: 2025-03-01 14:38:22.223271, Logical Clock: 171, Queue Length: 0, From: Machine 1
2025-03-01 14:38:22,559 - INTERNAL - System Time: 2025-03-01 14:38:22.559016, Logical Clock: 172
2025-03-01 14:38:22,893 - INTERNAL - System Time: 2025-03-01 14:38:22.893679, Logical Clock: 173
2025-03-01 14:38:23,229 - INTERNAL - System Time: 2025-03-01 14:38:23.229022, Logical Clock: 174
2025-03-01 14:38:23,566 - No connection to port 10000
2025-03-01 14:38:23,566 - SEND - System Time: 2025-03-01 14:38:23.566435, Logical Clock: 175, To: Machine on port 10002
2025-03-01 14:38:23,905 - RECEIVE - System Time: 2025-03-01 14:38:23.905285, Logical Clock: 176, Queue Length: 0, From: Machine 1
2025-03-01 14:38:24,244 - INTERNAL - System Time: 2025-03-01 14:38:24.244477, Logical Clock: 177
2025-03-01 14:38:24,583 - RECEIVE - System Time: 2025-03-01 14:38:24.582976, Logical Clock: 178, Queue Length: 0, From: Machine 1
2025-03-01 14:38:24,921 - INTERNAL - System Time: 2025-03-01 14:38:24.921483, Logical Clock: 179
