2025-03-05 14:23:58,888 - Virtual Machine 3 initialized
2025-03-05 14:23:58,888 - Clock Rate: 2 ticks/second
2025-03-05 14:23:58,888 - Listening on port: 10002
2025-03-05 14:23:58,888 - Peer ports: [10000, 10001]
2025-03-05 14:23:58,890 - Connected to peer on port 10000
2025-03-05 14:23:58,890 - Connected to peer on port 10001
2025-03-05 14:23:58,890 - Network initialization completed
2025-03-05 14:23:58,890 - Starting main event loop
2025-03-05 14:23:58,890 - Clock rate: 2 ticks/second
2025-03-05 14:23:58,890 - INTERNAL - System Time: 2025-03-05 14:23:58.890903, Logical Clock: 1
2025-03-05 14:23:59,391 - Accepted connection from ('127.0.0.1', 51243)
2025-03-05 14:23:59,396 - RECEIVE - System Time: 2025-03-05 14:23:59.396019, Logical Clock: 2, Queue Length: 0, From: Machine 2
2025-03-05 14:23:59,873 - Accepted connection from ('127.0.0.1', 51244)
2025-03-05 14:23:59,900 - RECEIVE - System Time: 2025-03-05 14:23:59.900694, Logical Clock: 4, Queue Length: 0, From: Machine 2
2025-03-05 14:24:00,406 - SEND - System Time: 2025-03-05 14:24:00.406399, Logical Clock: 5, To: Machine on port 10000
2025-03-05 14:24:00,407 - SEND - System Time: 2025-03-05 14:24:00.406399, Logical Clock: 5, To: Machine on port 10001
2025-03-05 14:24:00,909 - SEND - System Time: 2025-03-05 14:24:00.909562, Logical Clock: 6, To: Machine on port 10001
2025-03-05 14:24:01,413 - RECEIVE - System Time: 2025-03-05 14:24:01.413504, Logical Clock: 13, Queue Length: 0, From: Machine 2
2025-03-05 14:24:01,920 - RECEIVE - System Time: 2025-03-05 14:24:01.920068, Logical Clock: 14, Queue Length: 1, From: Machine 2
2025-03-05 14:24:02,422 - RECEIVE - System Time: 2025-03-05 14:24:02.422458, Logical Clock: 15, Queue Length: 0, From: Machine 2
2025-03-05 14:24:02,928 - SEND - System Time: 2025-03-05 14:24:02.927890, Logical Clock: 16, To: Machine on port 10000
2025-03-05 14:24:03,433 - INTERNAL - System Time: 2025-03-05 14:24:03.433244, Logical Clock: 17
2025-03-05 14:24:03,934 - RECEIVE - System Time: 2025-03-05 14:24:03.934074, Logical Clock: 28, Queue Length: 0, From: Machine 2
2025-03-05 14:24:04,438 - RECEIVE - System Time: 2025-03-05 14:24:04.438420, Logical Clock: 30, Queue Length: 0, From: Machine 2
2025-03-05 14:24:04,943 - RECEIVE - System Time: 2025-03-05 14:24:04.943118, Logical Clock: 33, Queue Length: 0, From: Machine 2
2025-03-05 14:24:05,448 - INTERNAL - System Time: 2025-03-05 14:24:05.448383, Logical Clock: 34
2025-03-05 14:24:05,953 - INTERNAL - System Time: 2025-03-05 14:24:05.953573, Logical Clock: 35
2025-03-05 14:24:06,458 - INTERNAL - System Time: 2025-03-05 14:24:06.457985, Logical Clock: 36
2025-03-05 14:24:06,960 - INTERNAL - System Time: 2025-03-05 14:24:06.960041, Logical Clock: 37
2025-03-05 14:24:07,465 - RECEIVE - System Time: 2025-03-05 14:24:07.465336, Logical Clock: 47, Queue Length: 0, From: Machine 2
2025-03-05 14:24:07,970 - RECEIVE - System Time: 2025-03-05 14:24:07.970698, Logical Clock: 51, Queue Length: 0, From: Machine 2
2025-03-05 14:24:08,476 - RECEIVE - System Time: 2025-03-05 14:24:08.476136, Logical Clock: 54, Queue Length: 0, From: Machine 2
2025-03-05 14:24:08,979 - INTERNAL - System Time: 2025-03-05 14:24:08.979484, Logical Clock: 55
2025-03-05 14:24:09,480 - SEND - System Time: 2025-03-05 14:24:09.480322, Logical Clock: 56, To: Machine on port 10001
2025-03-05 14:24:09,983 - RECEIVE - System Time: 2025-03-05 14:24:09.983040, Logical Clock: 64, Queue Length: 0, From: Machine 2
2025-03-05 14:24:10,484 - INTERNAL - System Time: 2025-03-05 14:24:10.484743, Logical Clock: 65
2025-03-05 14:24:10,990 - SEND - System Time: 2025-03-05 14:24:10.990120, Logical Clock: 66, To: Machine on port 10000
2025-03-05 14:24:11,495 - INTERNAL - System Time: 2025-03-05 14:24:11.495362, Logical Clock: 67
2025-03-05 14:24:12,000 - RECEIVE - System Time: 2025-03-05 14:24:12.000073, Logical Clock: 75, Queue Length: 0, From: Machine 2
2025-03-05 14:24:12,505 - INTERNAL - System Time: 2025-03-05 14:24:12.505274, Logical Clock: 76
2025-03-05 14:24:13,010 - RECEIVE - System Time: 2025-03-05 14:24:13.010118, Logical Clock: 79, Queue Length: 0, From: Machine 2
2025-03-05 14:24:13,515 - SEND - System Time: 2025-03-05 14:24:13.515365, Logical Clock: 80, To: Machine on port 10001
2025-03-05 14:24:14,020 - INTERNAL - System Time: 2025-03-05 14:24:14.020569, Logical Clock: 81
2025-03-05 14:24:14,527 - INTERNAL - System Time: 2025-03-05 14:24:14.527539, Logical Clock: 82
2025-03-05 14:24:15,033 - RECEIVE - System Time: 2025-03-05 14:24:15.032959, Logical Clock: 91, Queue Length: 0, From: Machine 2
2025-03-05 14:24:15,538 - RECEIVE - System Time: 2025-03-05 14:24:15.538129, Logical Clock: 95, Queue Length: 1, From: Machine 2
2025-03-05 14:24:16,041 - RECEIVE - System Time: 2025-03-05 14:24:16.041136, Logical Clock: 96, Queue Length: 0, From: Machine 2
2025-03-05 14:24:16,546 - RECEIVE - System Time: 2025-03-05 14:24:16.546611, Logical Clock: 102, Queue Length: 0, From: Machine 2
2025-03-05 14:24:17,048 - RECEIVE - System Time: 2025-03-05 14:24:17.047837, Logical Clock: 105, Queue Length: 0, From: Machine 2
2025-03-05 14:24:17,550 - RECEIVE - System Time: 2025-03-05 14:24:17.549971, Logical Clock: 106, Queue Length: 0, From: Machine 2
2025-03-05 14:24:18,053 - INTERNAL - System Time: 2025-03-05 14:24:18.053113, Logical Clock: 107
2025-03-05 14:24:18,558 - RECEIVE - System Time: 2025-03-05 14:24:18.558790, Logical Clock: 113, Queue Length: 0, From: Machine 2
2025-03-05 14:24:19,064 - SEND - System Time: 2025-03-05 14:24:19.064138, Logical Clock: 114, To: Machine on port 10001
2025-03-05 14:24:19,569 - SEND - System Time: 2025-03-05 14:24:19.569611, Logical Clock: 115, To: Machine on port 10001
2025-03-05 14:24:20,075 - SEND - System Time: 2025-03-05 14:24:20.075502, Logical Clock: 116, To: Machine on port 10000
2025-03-05 14:24:20,581 - RECEIVE - System Time: 2025-03-05 14:24:20.581699, Logical Clock: 126, Queue Length: 0, From: Machine 2
2025-03-05 14:24:21,085 - INTERNAL - System Time: 2025-03-05 14:24:21.085640, Logical Clock: 127
2025-03-05 14:24:21,591 - INTERNAL - System Time: 2025-03-05 14:24:21.590962, Logical Clock: 128
2025-03-05 14:24:22,095 - RECEIVE - System Time: 2025-03-05 14:24:22.094826, Logical Clock: 133, Queue Length: 1, From: Machine 2
2025-03-05 14:24:22,598 - RECEIVE - System Time: 2025-03-05 14:24:22.598200, Logical Clock: 134, Queue Length: 1, From: Machine 2
2025-03-05 14:24:23,103 - RECEIVE - System Time: 2025-03-05 14:24:23.103768, Logical Clock: 136, Queue Length: 0, From: Machine 2
2025-03-05 14:24:23,607 - RECEIVE - System Time: 2025-03-05 14:24:23.607155, Logical Clock: 141, Queue Length: 0, From: Machine 2
2025-03-05 14:24:24,108 - RECEIVE - System Time: 2025-03-05 14:24:24.108707, Logical Clock: 144, Queue Length: 1, From: Machine 2
2025-03-05 14:24:24,611 - RECEIVE - System Time: 2025-03-05 14:24:24.610813, Logical Clock: 145, Queue Length: 0, From: Machine 2
2025-03-05 14:24:25,116 - INTERNAL - System Time: 2025-03-05 14:24:25.115828, Logical Clock: 146
2025-03-05 14:24:25,623 - SEND - System Time: 2025-03-05 14:24:25.623220, Logical Clock: 147, To: Machine on port 10000
2025-03-05 14:24:25,624 - SEND - System Time: 2025-03-05 14:24:25.623220, Logical Clock: 147, To: Machine on port 10001
2025-03-05 14:24:26,124 - RECEIVE - System Time: 2025-03-05 14:24:26.124679, Logical Clock: 157, Queue Length: 0, From: Machine 2
2025-03-05 14:24:26,627 - RECEIVE - System Time: 2025-03-05 14:24:26.627195, Logical Clock: 159, Queue Length: 0, From: Machine 2
2025-03-05 14:24:27,132 - RECEIVE - System Time: 2025-03-05 14:24:27.132907, Logical Clock: 163, Queue Length: 1, From: Machine 2
2025-03-05 14:24:27,638 - RECEIVE - System Time: 2025-03-05 14:24:27.638449, Logical Clock: 164, Queue Length: 1, From: Machine 2
2025-03-05 14:24:28,140 - RECEIVE - System Time: 2025-03-05 14:24:28.139878, Logical Clock: 165, Queue Length: 0, From: Machine 2
2025-03-05 14:24:28,645 - RECEIVE - System Time: 2025-03-05 14:24:28.645378, Logical Clock: 172, Queue Length: 0, From: Machine 2
