2025-03-05 14:23:58,382 - Virtual Machine 2 initialized
2025-03-05 14:23:58,382 - Clock Rate: 6 ticks/second
2025-03-05 14:23:58,382 - Listening on port: 10001
2025-03-05 14:23:58,383 - Peer ports: [10000, 10002]
2025-03-05 14:23:58,384 - Connected to peer on port 10000
2025-03-05 14:23:58,865 - Accepted connection from ('127.0.0.1', 51238)
2025-03-05 14:23:58,890 - Accepted connection from ('127.0.0.1', 51241)
2025-03-05 14:23:59,391 - Connected to peer on port 10002
2025-03-05 14:23:59,392 - Network initialization completed
2025-03-05 14:23:59,392 - Starting main event loop
2025-03-05 14:23:59,392 - Clock rate: 6 ticks/second
2025-03-05 14:23:59,393 - SEND - System Time: 2025-03-05 14:23:59.393234, Logical Clock: 1, To: Machine on port 10000
2025-03-05 14:23:59,393 - SEND - System Time: 2025-03-05 14:23:59.393234, Logical Clock: 1, To: Machine on port 10002
2025-03-05 14:23:59,563 - INTERNAL - System Time: 2025-03-05 14:23:59.562814, Logical Clock: 2
2025-03-05 14:23:59,731 - SEND - System Time: 2025-03-05 14:23:59.731637, Logical Clock: 3, To: Machine on port 10000
2025-03-05 14:23:59,732 - SEND - System Time: 2025-03-05 14:23:59.731637, Logical Clock: 3, To: Machine on port 10002
2025-03-05 14:23:59,902 - INTERNAL - System Time: 2025-03-05 14:23:59.902833, Logical Clock: 4
2025-03-05 14:24:00,075 - INTERNAL - System Time: 2025-03-05 14:24:00.075032, Logical Clock: 5
2025-03-05 14:24:00,247 - INTERNAL - System Time: 2025-03-05 14:24:00.247203, Logical Clock: 6
2025-03-05 14:24:00,419 - RECEIVE - System Time: 2025-03-05 14:24:00.419125, Logical Clock: 7, Queue Length: 0, From: Machine 3
2025-03-05 14:24:00,589 - INTERNAL - System Time: 2025-03-05 14:24:00.589876, Logical Clock: 8
2025-03-05 14:24:00,761 - INTERNAL - System Time: 2025-03-05 14:24:00.761861, Logical Clock: 9
2025-03-05 14:24:00,934 - RECEIVE - System Time: 2025-03-05 14:24:00.933944, Logical Clock: 10, Queue Length: 0, From: Machine 3
2025-03-05 14:24:01,103 - INTERNAL - System Time: 2025-03-05 14:24:01.103008, Logical Clock: 11
2025-03-05 14:24:01,275 - SEND - System Time: 2025-03-05 14:24:01.274934, Logical Clock: 12, To: Machine on port 10000
2025-03-05 14:24:01,275 - SEND - System Time: 2025-03-05 14:24:01.274934, Logical Clock: 12, To: Machine on port 10002
2025-03-05 14:24:01,447 - SEND - System Time: 2025-03-05 14:24:01.447579, Logical Clock: 13, To: Machine on port 10002
2025-03-05 14:24:01,620 - SEND - System Time: 2025-03-05 14:24:01.619879, Logical Clock: 14, To: Machine on port 10002
2025-03-05 14:24:01,791 - INTERNAL - System Time: 2025-03-05 14:24:01.791889, Logical Clock: 15
2025-03-05 14:24:01,963 - INTERNAL - System Time: 2025-03-05 14:24:01.963841, Logical Clock: 16
2025-03-05 14:24:02,132 - INTERNAL - System Time: 2025-03-05 14:24:02.132086, Logical Clock: 17
2025-03-05 14:24:02,301 - INTERNAL - System Time: 2025-03-05 14:24:02.300864, Logical Clock: 18
2025-03-05 14:24:02,470 - INTERNAL - System Time: 2025-03-05 14:24:02.470655, Logical Clock: 19
2025-03-05 14:24:02,638 - INTERNAL - System Time: 2025-03-05 14:24:02.638437, Logical Clock: 20
2025-03-05 14:24:02,806 - INTERNAL - System Time: 2025-03-05 14:24:02.806428, Logical Clock: 21
2025-03-05 14:24:02,978 - SEND - System Time: 2025-03-05 14:24:02.978614, Logical Clock: 22, To: Machine on port 10000
2025-03-05 14:24:03,150 - INTERNAL - System Time: 2025-03-05 14:24:03.150728, Logical Clock: 23
2025-03-05 14:24:03,319 - INTERNAL - System Time: 2025-03-05 14:24:03.319695, Logical Clock: 24
2025-03-05 14:24:03,488 - INTERNAL - System Time: 2025-03-05 14:24:03.488474, Logical Clock: 25
2025-03-05 14:24:03,656 - INTERNAL - System Time: 2025-03-05 14:24:03.655970, Logical Clock: 26
2025-03-05 14:24:03,827 - SEND - System Time: 2025-03-05 14:24:03.827306, Logical Clock: 27, To: Machine on port 10002
2025-03-05 14:24:03,999 - INTERNAL - System Time: 2025-03-05 14:24:03.999177, Logical Clock: 28
2025-03-05 14:24:04,168 - SEND - System Time: 2025-03-05 14:24:04.167875, Logical Clock: 29, To: Machine on port 10000
2025-03-05 14:24:04,168 - SEND - System Time: 2025-03-05 14:24:04.167875, Logical Clock: 29, To: Machine on port 10002
2025-03-05 14:24:04,338 - INTERNAL - System Time: 2025-03-05 14:24:04.338758, Logical Clock: 30
2025-03-05 14:24:04,506 - INTERNAL - System Time: 2025-03-05 14:24:04.506794, Logical Clock: 31
2025-03-05 14:24:04,674 - SEND - System Time: 2025-03-05 14:24:04.674614, Logical Clock: 32, To: Machine on port 10000
2025-03-05 14:24:04,674 - SEND - System Time: 2025-03-05 14:24:04.674614, Logical Clock: 32, To: Machine on port 10002
2025-03-05 14:24:04,842 - INTERNAL - System Time: 2025-03-05 14:24:04.842080, Logical Clock: 33
2025-03-05 14:24:05,014 - INTERNAL - System Time: 2025-03-05 14:24:05.013945, Logical Clock: 34
2025-03-05 14:24:05,185 - INTERNAL - System Time: 2025-03-05 14:24:05.185840, Logical Clock: 35
2025-03-05 14:24:05,354 - INTERNAL - System Time: 2025-03-05 14:24:05.354158, Logical Clock: 36
2025-03-05 14:24:05,527 - INTERNAL - System Time: 2025-03-05 14:24:05.527062, Logical Clock: 37
2025-03-05 14:24:05,699 - SEND - System Time: 2025-03-05 14:24:05.699204, Logical Clock: 38, To: Machine on port 10000
2025-03-05 14:24:05,868 - SEND - System Time: 2025-03-05 14:24:05.868314, Logical Clock: 39, To: Machine on port 10000
2025-03-05 14:24:06,040 - INTERNAL - System Time: 2025-03-05 14:24:06.040215, Logical Clock: 40
2025-03-05 14:24:06,212 - INTERNAL - System Time: 2025-03-05 14:24:06.212302, Logical Clock: 41
2025-03-05 14:24:06,384 - INTERNAL - System Time: 2025-03-05 14:24:06.384610, Logical Clock: 42
2025-03-05 14:24:06,554 - INTERNAL - System Time: 2025-03-05 14:24:06.554332, Logical Clock: 43
2025-03-05 14:24:06,726 - SEND - System Time: 2025-03-05 14:24:06.726488, Logical Clock: 44, To: Machine on port 10000
2025-03-05 14:24:06,895 - INTERNAL - System Time: 2025-03-05 14:24:06.895180, Logical Clock: 45
2025-03-05 14:24:07,067 - SEND - System Time: 2025-03-05 14:24:07.067337, Logical Clock: 46, To: Machine on port 10002
2025-03-05 14:24:07,239 - INTERNAL - System Time: 2025-03-05 14:24:07.239120, Logical Clock: 47
2025-03-05 14:24:07,410 - INTERNAL - System Time: 2025-03-05 14:24:07.410932, Logical Clock: 48
2025-03-05 14:24:07,580 - INTERNAL - System Time: 2025-03-05 14:24:07.580285, Logical Clock: 49
2025-03-05 14:24:07,752 - SEND - System Time: 2025-03-05 14:24:07.752226, Logical Clock: 50, To: Machine on port 10000
2025-03-05 14:24:07,752 - SEND - System Time: 2025-03-05 14:24:07.752226, Logical Clock: 50, To: Machine on port 10002
2025-03-05 14:24:07,924 - INTERNAL - System Time: 2025-03-05 14:24:07.924338, Logical Clock: 51
2025-03-05 14:24:08,096 - INTERNAL - System Time: 2025-03-05 14:24:08.096106, Logical Clock: 52
2025-03-05 14:24:08,268 - SEND - System Time: 2025-03-05 14:24:08.268073, Logical Clock: 53, To: Machine on port 10000
2025-03-05 14:24:08,268 - SEND - System Time: 2025-03-05 14:24:08.268073, Logical Clock: 53, To: Machine on port 10002
2025-03-05 14:24:08,440 - INTERNAL - System Time: 2025-03-05 14:24:08.440208, Logical Clock: 54
2025-03-05 14:24:08,610 - INTERNAL - System Time: 2025-03-05 14:24:08.610148, Logical Clock: 55
2025-03-05 14:24:08,779 - SEND - System Time: 2025-03-05 14:24:08.779208, Logical Clock: 56, To: Machine on port 10000
2025-03-05 14:24:08,951 - INTERNAL - System Time: 2025-03-05 14:24:08.951209, Logical Clock: 57
2025-03-05 14:24:09,123 - INTERNAL - System Time: 2025-03-05 14:24:09.123172, Logical Clock: 58
2025-03-05 14:24:09,295 - SEND - System Time: 2025-03-05 14:24:09.295190, Logical Clock: 59, To: Machine on port 10000
2025-03-05 14:24:09,467 - INTERNAL - System Time: 2025-03-05 14:24:09.467030, Logical Clock: 60
2025-03-05 14:24:09,639 - RECEIVE - System Time: 2025-03-05 14:24:09.638947, Logical Clock: 61, Queue Length: 0, From: Machine 3
2025-03-05 14:24:09,810 - INTERNAL - System Time: 2025-03-05 14:24:09.810921, Logical Clock: 62
2025-03-05 14:24:09,982 - SEND - System Time: 2025-03-05 14:24:09.982797, Logical Clock: 63, To: Machine on port 10000
2025-03-05 14:24:09,982 - SEND - System Time: 2025-03-05 14:24:09.982797, Logical Clock: 63, To: Machine on port 10002
2025-03-05 14:24:10,154 - INTERNAL - System Time: 2025-03-05 14:24:10.154684, Logical Clock: 64
2025-03-05 14:24:10,326 - INTERNAL - System Time: 2025-03-05 14:24:10.326608, Logical Clock: 65
2025-03-05 14:24:10,496 - INTERNAL - System Time: 2025-03-05 14:24:10.496374, Logical Clock: 66
2025-03-05 14:24:10,668 - INTERNAL - System Time: 2025-03-05 14:24:10.668218, Logical Clock: 67
2025-03-05 14:24:10,840 - INTERNAL - System Time: 2025-03-05 14:24:10.840033, Logical Clock: 68
2025-03-05 14:24:11,012 - SEND - System Time: 2025-03-05 14:24:11.012015, Logical Clock: 69, To: Machine on port 10000
2025-03-05 14:24:11,184 - INTERNAL - System Time: 2025-03-05 14:24:11.184842, Logical Clock: 70
2025-03-05 14:24:11,356 - INTERNAL - System Time: 2025-03-05 14:24:11.356702, Logical Clock: 71
2025-03-05 14:24:11,528 - INTERNAL - System Time: 2025-03-05 14:24:11.528515, Logical Clock: 72
2025-03-05 14:24:11,700 - INTERNAL - System Time: 2025-03-05 14:24:11.700436, Logical Clock: 73
2025-03-05 14:24:11,868 - SEND - System Time: 2025-03-05 14:24:11.868365, Logical Clock: 74, To: Machine on port 10000
2025-03-05 14:24:11,868 - SEND - System Time: 2025-03-05 14:24:11.868365, Logical Clock: 74, To: Machine on port 10002
2025-03-05 14:24:12,040 - INTERNAL - System Time: 2025-03-05 14:24:12.040247, Logical Clock: 75
2025-03-05 14:24:12,212 - SEND - System Time: 2025-03-05 14:24:12.212174, Logical Clock: 76, To: Machine on port 10000
2025-03-05 14:24:12,380 - INTERNAL - System Time: 2025-03-05 14:24:12.380435, Logical Clock: 77
2025-03-05 14:24:12,552 - SEND - System Time: 2025-03-05 14:24:12.552558, Logical Clock: 78, To: Machine on port 10002
2025-03-05 14:24:12,723 - INTERNAL - System Time: 2025-03-05 14:24:12.723173, Logical Clock: 79
2025-03-05 14:24:12,891 - INTERNAL - System Time: 2025-03-05 14:24:12.891319, Logical Clock: 80
2025-03-05 14:24:13,059 - INTERNAL - System Time: 2025-03-05 14:24:13.059242, Logical Clock: 81
2025-03-05 14:24:13,231 - INTERNAL - System Time: 2025-03-05 14:24:13.231217, Logical Clock: 82
2025-03-05 14:24:13,403 - INTERNAL - System Time: 2025-03-05 14:24:13.403042, Logical Clock: 83
2025-03-05 14:24:13,573 - RECEIVE - System Time: 2025-03-05 14:24:13.573367, Logical Clock: 84, Queue Length: 0, From: Machine 3
2025-03-05 14:24:13,741 - INTERNAL - System Time: 2025-03-05 14:24:13.741180, Logical Clock: 85
2025-03-05 14:24:13,913 - INTERNAL - System Time: 2025-03-05 14:24:13.913067, Logical Clock: 86
2025-03-05 14:24:14,083 - INTERNAL - System Time: 2025-03-05 14:24:14.083322, Logical Clock: 87
2025-03-05 14:24:14,255 - INTERNAL - System Time: 2025-03-05 14:24:14.255154, Logical Clock: 88
2025-03-05 14:24:14,427 - SEND - System Time: 2025-03-05 14:24:14.427170, Logical Clock: 89, To: Machine on port 10000
2025-03-05 14:24:14,599 - SEND - System Time: 2025-03-05 14:24:14.599388, Logical Clock: 90, To: Machine on port 10000
2025-03-05 14:24:14,599 - SEND - System Time: 2025-03-05 14:24:14.599388, Logical Clock: 90, To: Machine on port 10002
2025-03-05 14:24:14,771 - SEND - System Time: 2025-03-05 14:24:14.771646, Logical Clock: 91, To: Machine on port 10000
2025-03-05 14:24:14,943 - INTERNAL - System Time: 2025-03-05 14:24:14.943620, Logical Clock: 92
2025-03-05 14:24:15,115 - INTERNAL - System Time: 2025-03-05 14:24:15.115514, Logical Clock: 93
2025-03-05 14:24:15,287 - SEND - System Time: 2025-03-05 14:24:15.287574, Logical Clock: 94, To: Machine on port 10002
2025-03-05 14:24:15,459 - SEND - System Time: 2025-03-05 14:24:15.459543, Logical Clock: 95, To: Machine on port 10000
2025-03-05 14:24:15,459 - SEND - System Time: 2025-03-05 14:24:15.459543, Logical Clock: 95, To: Machine on port 10002
2025-03-05 14:24:15,627 - INTERNAL - System Time: 2025-03-05 14:24:15.627072, Logical Clock: 96
2025-03-05 14:24:15,799 - INTERNAL - System Time: 2025-03-05 14:24:15.799120, Logical Clock: 97
2025-03-05 14:24:15,969 - INTERNAL - System Time: 2025-03-05 14:24:15.969897, Logical Clock: 98
2025-03-05 14:24:16,141 - INTERNAL - System Time: 2025-03-05 14:24:16.141722, Logical Clock: 99
2025-03-05 14:24:16,315 - INTERNAL - System Time: 2025-03-05 14:24:16.315486, Logical Clock: 100
2025-03-05 14:24:16,485 - SEND - System Time: 2025-03-05 14:24:16.484826, Logical Clock: 101, To: Machine on port 10002
2025-03-05 14:24:16,654 - INTERNAL - System Time: 2025-03-05 14:24:16.654582, Logical Clock: 102
2025-03-05 14:24:16,825 - INTERNAL - System Time: 2025-03-05 14:24:16.825013, Logical Clock: 103
2025-03-05 14:24:16,997 - SEND - System Time: 2025-03-05 14:24:16.996955, Logical Clock: 104, To: Machine on port 10002
2025-03-05 14:24:17,166 - SEND - System Time: 2025-03-05 14:24:17.166425, Logical Clock: 105, To: Machine on port 10002
2025-03-05 14:24:17,338 - INTERNAL - System Time: 2025-03-05 14:24:17.338313, Logical Clock: 106
2025-03-05 14:24:17,510 - INTERNAL - System Time: 2025-03-05 14:24:17.510435, Logical Clock: 107
2025-03-05 14:24:17,678 - INTERNAL - System Time: 2025-03-05 14:24:17.678570, Logical Clock: 108
2025-03-05 14:24:17,846 - INTERNAL - System Time: 2025-03-05 14:24:17.846093, Logical Clock: 109
2025-03-05 14:24:18,018 - INTERNAL - System Time: 2025-03-05 14:24:18.018103, Logical Clock: 110
2025-03-05 14:24:18,188 - SEND - System Time: 2025-03-05 14:24:18.187945, Logical Clock: 111, To: Machine on port 10000
2025-03-05 14:24:18,358 - SEND - System Time: 2025-03-05 14:24:18.358503, Logical Clock: 112, To: Machine on port 10002
2025-03-05 14:24:18,528 - INTERNAL - System Time: 2025-03-05 14:24:18.528317, Logical Clock: 113
2025-03-05 14:24:18,698 - INTERNAL - System Time: 2025-03-05 14:24:18.698747, Logical Clock: 114
2025-03-05 14:24:18,870 - INTERNAL - System Time: 2025-03-05 14:24:18.870587, Logical Clock: 115
2025-03-05 14:24:19,040 - INTERNAL - System Time: 2025-03-05 14:24:19.040899, Logical Clock: 116
2025-03-05 14:24:19,208 - RECEIVE - System Time: 2025-03-05 14:24:19.208079, Logical Clock: 117, Queue Length: 0, From: Machine 3
2025-03-05 14:24:19,379 - SEND - System Time: 2025-03-05 14:24:19.379479, Logical Clock: 118, To: Machine on port 10000
2025-03-05 14:24:19,551 - SEND - System Time: 2025-03-05 14:24:19.551665, Logical Clock: 119, To: Machine on port 10000
2025-03-05 14:24:19,721 - RECEIVE - System Time: 2025-03-05 14:24:19.720826, Logical Clock: 120, Queue Length: 0, From: Machine 3
2025-03-05 14:24:19,888 - INTERNAL - System Time: 2025-03-05 14:24:19.888673, Logical Clock: 121
2025-03-05 14:24:20,059 - INTERNAL - System Time: 2025-03-05 14:24:20.059392, Logical Clock: 122
2025-03-05 14:24:20,231 - SEND - System Time: 2025-03-05 14:24:20.231521, Logical Clock: 123, To: Machine on port 10000
2025-03-05 14:24:20,403 - INTERNAL - System Time: 2025-03-05 14:24:20.403142, Logical Clock: 124
2025-03-05 14:24:20,571 - SEND - System Time: 2025-03-05 14:24:20.571322, Logical Clock: 125, To: Machine on port 10000
2025-03-05 14:24:20,571 - SEND - System Time: 2025-03-05 14:24:20.571322, Logical Clock: 125, To: Machine on port 10002
2025-03-05 14:24:20,741 - INTERNAL - System Time: 2025-03-05 14:24:20.741483, Logical Clock: 126
2025-03-05 14:24:20,913 - INTERNAL - System Time: 2025-03-05 14:24:20.913558, Logical Clock: 127
2025-03-05 14:24:21,085 - INTERNAL - System Time: 2025-03-05 14:24:21.085436, Logical Clock: 128
2025-03-05 14:24:21,252 - INTERNAL - System Time: 2025-03-05 14:24:21.252356, Logical Clock: 129
2025-03-05 14:24:21,424 - SEND - System Time: 2025-03-05 14:24:21.424302, Logical Clock: 130, To: Machine on port 10000
2025-03-05 14:24:21,596 - INTERNAL - System Time: 2025-03-05 14:24:21.596331, Logical Clock: 131
2025-03-05 14:24:21,770 - SEND - System Time: 2025-03-05 14:24:21.770622, Logical Clock: 132, To: Machine on port 10002
2025-03-05 14:24:21,942 - SEND - System Time: 2025-03-05 14:24:21.942348, Logical Clock: 133, To: Machine on port 10000
2025-03-05 14:24:21,943 - SEND - System Time: 2025-03-05 14:24:21.942348, Logical Clock: 133, To: Machine on port 10002
2025-03-05 14:24:22,113 - SEND - System Time: 2025-03-05 14:24:22.112863, Logical Clock: 134, To: Machine on port 10000
2025-03-05 14:24:22,284 - SEND - System Time: 2025-03-05 14:24:22.284167, Logical Clock: 135, To: Machine on port 10002
2025-03-05 14:24:22,455 - INTERNAL - System Time: 2025-03-05 14:24:22.455582, Logical Clock: 136
2025-03-05 14:24:22,628 - INTERNAL - System Time: 2025-03-05 14:24:22.628648, Logical Clock: 137
2025-03-05 14:24:22,799 - INTERNAL - System Time: 2025-03-05 14:24:22.799451, Logical Clock: 138
2025-03-05 14:24:22,967 - INTERNAL - System Time: 2025-03-05 14:24:22.967178, Logical Clock: 139
2025-03-05 14:24:23,134 - SEND - System Time: 2025-03-05 14:24:23.134476, Logical Clock: 140, To: Machine on port 10000
2025-03-05 14:24:23,135 - SEND - System Time: 2025-03-05 14:24:23.134476, Logical Clock: 140, To: Machine on port 10002
2025-03-05 14:24:23,305 - INTERNAL - System Time: 2025-03-05 14:24:23.305829, Logical Clock: 141
2025-03-05 14:24:23,477 - INTERNAL - System Time: 2025-03-05 14:24:23.477869, Logical Clock: 142
2025-03-05 14:24:23,650 - SEND - System Time: 2025-03-05 14:24:23.650019, Logical Clock: 143, To: Machine on port 10000
2025-03-05 14:24:23,650 - SEND - System Time: 2025-03-05 14:24:23.650019, Logical Clock: 143, To: Machine on port 10002
2025-03-05 14:24:23,824 - SEND - System Time: 2025-03-05 14:24:23.824560, Logical Clock: 144, To: Machine on port 10000
2025-03-05 14:24:23,826 - SEND - System Time: 2025-03-05 14:24:23.824560, Logical Clock: 144, To: Machine on port 10002
2025-03-05 14:24:23,994 - INTERNAL - System Time: 2025-03-05 14:24:23.994213, Logical Clock: 145
2025-03-05 14:24:24,162 - INTERNAL - System Time: 2025-03-05 14:24:24.162002, Logical Clock: 146
2025-03-05 14:24:24,330 - INTERNAL - System Time: 2025-03-05 14:24:24.330226, Logical Clock: 147
2025-03-05 14:24:24,501 - INTERNAL - System Time: 2025-03-05 14:24:24.501419, Logical Clock: 148
2025-03-05 14:24:24,673 - INTERNAL - System Time: 2025-03-05 14:24:24.673508, Logical Clock: 149
2025-03-05 14:24:24,843 - INTERNAL - System Time: 2025-03-05 14:24:24.842946, Logical Clock: 150
2025-03-05 14:24:25,012 - INTERNAL - System Time: 2025-03-05 14:24:25.012173, Logical Clock: 151
2025-03-05 14:24:25,180 - INTERNAL - System Time: 2025-03-05 14:24:25.180289, Logical Clock: 152
2025-03-05 14:24:25,350 - INTERNAL - System Time: 2025-03-05 14:24:25.350797, Logical Clock: 153
2025-03-05 14:24:25,522 - INTERNAL - System Time: 2025-03-05 14:24:25.522734, Logical Clock: 154
2025-03-05 14:24:25,694 - RECEIVE - System Time: 2025-03-05 14:24:25.694699, Logical Clock: 155, Queue Length: 0, From: Machine 3
2025-03-05 14:24:25,866 - SEND - System Time: 2025-03-05 14:24:25.866121, Logical Clock: 156, To: Machine on port 10000
2025-03-05 14:24:25,866 - SEND - System Time: 2025-03-05 14:24:25.866121, Logical Clock: 156, To: Machine on port 10002
2025-03-05 14:24:26,038 - INTERNAL - System Time: 2025-03-05 14:24:26.038277, Logical Clock: 157
2025-03-05 14:24:26,207 - SEND - System Time: 2025-03-05 14:24:26.206921, Logical Clock: 158, To: Machine on port 10000
2025-03-05 14:24:26,207 - SEND - System Time: 2025-03-05 14:24:26.206921, Logical Clock: 158, To: Machine on port 10002
2025-03-05 14:24:26,379 - INTERNAL - System Time: 2025-03-05 14:24:26.379406, Logical Clock: 159
2025-03-05 14:24:26,548 - INTERNAL - System Time: 2025-03-05 14:24:26.548014, Logical Clock: 160
2025-03-05 14:24:26,719 - SEND - System Time: 2025-03-05 14:24:26.719646, Logical Clock: 161, To: Machine on port 10000
2025-03-05 14:24:26,887 - SEND - System Time: 2025-03-05 14:24:26.887392, Logical Clock: 162, To: Machine on port 10002
2025-03-05 14:24:27,060 - SEND - System Time: 2025-03-05 14:24:27.059884, Logical Clock: 163, To: Machine on port 10002
2025-03-05 14:24:27,230 - SEND - System Time: 2025-03-05 14:24:27.230059, Logical Clock: 164, To: Machine on port 10000
2025-03-05 14:24:27,231 - SEND - System Time: 2025-03-05 14:24:27.230059, Logical Clock: 164, To: Machine on port 10002
2025-03-05 14:24:27,402 - INTERNAL - System Time: 2025-03-05 14:24:27.402435, Logical Clock: 165
2025-03-05 14:24:27,570 - INTERNAL - System Time: 2025-03-05 14:24:27.570557, Logical Clock: 166
2025-03-05 14:24:27,738 - INTERNAL - System Time: 2025-03-05 14:24:27.738801, Logical Clock: 167
2025-03-05 14:24:27,906 - SEND - System Time: 2025-03-05 14:24:27.906536, Logical Clock: 168, To: Machine on port 10000
2025-03-05 14:24:28,079 - SEND - System Time: 2025-03-05 14:24:28.079628, Logical Clock: 169, To: Machine on port 10000
2025-03-05 14:24:28,250 - INTERNAL - System Time: 2025-03-05 14:24:28.250619, Logical Clock: 170
2025-03-05 14:24:28,420 - SEND - System Time: 2025-03-05 14:24:28.419844, Logical Clock: 171, To: Machine on port 10002
2025-03-05 14:24:28,590 - INTERNAL - System Time: 2025-03-05 14:24:28.590419, Logical Clock: 172
2025-03-05 14:24:28,762 - INTERNAL - System Time: 2025-03-05 14:24:28.761840, Logical Clock: 173
2025-03-05 14:24:28,939 - INTERNAL - System Time: 2025-03-05 14:24:28.932167, Logical Clock: 174
