2025-03-04 16:49:18,825 - Virtual Machine 3 initialized
2025-03-04 16:49:18,825 - Clock Rate: 4 ticks/second
2025-03-04 16:49:18,825 - Listening on port: 10002
2025-03-04 16:49:18,825 - Peer ports: [10000, 10001]
2025-03-04 16:49:18,827 - Connected to peer on port 10000
2025-03-04 16:49:18,828 - Connected to peer on port 10001
2025-03-04 16:49:18,828 - Network initialization completed
2025-03-04 16:49:18,828 - Starting main event loop
2025-03-04 16:49:18,828 - Clock rate: 4 ticks/second
2025-03-04 16:49:18,828 - SEND - System Time: 2025-03-04 16:49:18.828132, Logical Clock: 1, To: Machine on port 10001
2025-03-04 16:49:19,016 - Accepted connection from ('127.0.0.1', 61440)
2025-03-04 16:49:19,079 - RECEIVE - System Time: 2025-03-04 16:49:19.079001, Logical Clock: 2, Queue Length: 0, From: Machine 1
2025-03-04 16:49:19,329 - INTERNAL - System Time: 2025-03-04 16:49:19.329498, Logical Clock: 3
2025-03-04 16:49:19,376 - Accepted connection from ('127.0.0.1', 61441)
2025-03-04 16:49:19,585 - INTERNAL - System Time: 2025-03-04 16:49:19.584817, Logical Clock: 4
2025-03-04 16:49:19,840 - SEND - System Time: 2025-03-04 16:49:19.840066, Logical Clock: 5, To: Machine on port 10000
2025-03-04 16:49:19,841 - SEND - System Time: 2025-03-04 16:49:19.840066, Logical Clock: 5, To: Machine on port 10001
2025-03-04 16:49:20,100 - INTERNAL - System Time: 2025-03-04 16:49:20.100479, Logical Clock: 6
2025-03-04 16:49:20,356 - INTERNAL - System Time: 2025-03-04 16:49:20.356184, Logical Clock: 7
2025-03-04 16:49:20,614 - INTERNAL - System Time: 2025-03-04 16:49:20.613896, Logical Clock: 8
2025-03-04 16:49:20,869 - RECEIVE - System Time: 2025-03-04 16:49:20.869441, Logical Clock: 9, Queue Length: 0, From: Machine 1
2025-03-04 16:49:21,125 - SEND - System Time: 2025-03-04 16:49:21.125406, Logical Clock: 10, To: Machine on port 10000
2025-03-04 16:49:21,380 - SEND - System Time: 2025-03-04 16:49:21.380840, Logical Clock: 11, To: Machine on port 10000
2025-03-04 16:49:21,637 - INTERNAL - System Time: 2025-03-04 16:49:21.636788, Logical Clock: 12
2025-03-04 16:49:21,891 - INTERNAL - System Time: 2025-03-04 16:49:21.891701, Logical Clock: 13
2025-03-04 16:49:22,144 - INTERNAL - System Time: 2025-03-04 16:49:22.144072, Logical Clock: 14
2025-03-04 16:49:22,397 - INTERNAL - System Time: 2025-03-04 16:49:22.397660, Logical Clock: 15
2025-03-04 16:49:22,652 - INTERNAL - System Time: 2025-03-04 16:49:22.652669, Logical Clock: 16
2025-03-04 16:49:22,908 - INTERNAL - System Time: 2025-03-04 16:49:22.908013, Logical Clock: 17
2025-03-04 16:49:23,163 - RECEIVE - System Time: 2025-03-04 16:49:23.162970, Logical Clock: 18, Queue Length: 0, From: Machine 1
2025-03-04 16:49:23,417 - INTERNAL - System Time: 2025-03-04 16:49:23.417878, Logical Clock: 19
2025-03-04 16:49:23,673 - INTERNAL - System Time: 2025-03-04 16:49:23.673181, Logical Clock: 20
2025-03-04 16:49:23,928 - INTERNAL - System Time: 2025-03-04 16:49:23.928575, Logical Clock: 21
2025-03-04 16:49:24,179 - INTERNAL - System Time: 2025-03-04 16:49:24.179442, Logical Clock: 22
2025-03-04 16:49:24,434 - RECEIVE - System Time: 2025-03-04 16:49:24.434651, Logical Clock: 23, Queue Length: 0, From: Machine 1
2025-03-04 16:49:24,686 - INTERNAL - System Time: 2025-03-04 16:49:24.686342, Logical Clock: 24
2025-03-04 16:49:24,938 - INTERNAL - System Time: 2025-03-04 16:49:24.938597, Logical Clock: 25
2025-03-04 16:49:25,189 - RECEIVE - System Time: 2025-03-04 16:49:25.189758, Logical Clock: 26, Queue Length: 0, From: Machine 1
2025-03-04 16:49:25,444 - INTERNAL - System Time: 2025-03-04 16:49:25.444369, Logical Clock: 27
2025-03-04 16:49:25,696 - INTERNAL - System Time: 2025-03-04 16:49:25.696674, Logical Clock: 28
2025-03-04 16:49:25,952 - RECEIVE - System Time: 2025-03-04 16:49:25.952058, Logical Clock: 29, Queue Length: 0, From: Machine 2
2025-03-04 16:49:26,204 - INTERNAL - System Time: 2025-03-04 16:49:26.204302, Logical Clock: 30
2025-03-04 16:49:26,457 - INTERNAL - System Time: 2025-03-04 16:49:26.456843, Logical Clock: 31
2025-03-04 16:49:26,709 - SEND - System Time: 2025-03-04 16:49:26.709544, Logical Clock: 32, To: Machine on port 10000
2025-03-04 16:49:26,710 - SEND - System Time: 2025-03-04 16:49:26.709544, Logical Clock: 32, To: Machine on port 10001
2025-03-04 16:49:26,961 - INTERNAL - System Time: 2025-03-04 16:49:26.961587, Logical Clock: 33
2025-03-04 16:49:27,212 - RECEIVE - System Time: 2025-03-04 16:49:27.212239, Logical Clock: 34, Queue Length: 0, From: Machine 2
2025-03-04 16:49:27,463 - SEND - System Time: 2025-03-04 16:49:27.463196, Logical Clock: 35, To: Machine on port 10001
2025-03-04 16:49:27,717 - INTERNAL - System Time: 2025-03-04 16:49:27.717638, Logical Clock: 36
2025-03-04 16:49:27,973 - RECEIVE - System Time: 2025-03-04 16:49:27.973101, Logical Clock: 37, Queue Length: 0, From: Machine 1
2025-03-04 16:49:28,226 - INTERNAL - System Time: 2025-03-04 16:49:28.225939, Logical Clock: 38
2025-03-04 16:49:28,476 - RECEIVE - System Time: 2025-03-04 16:49:28.476608, Logical Clock: 39, Queue Length: 1, From: Machine 2
2025-03-04 16:49:28,732 - RECEIVE - System Time: 2025-03-04 16:49:28.732035, Logical Clock: 40, Queue Length: 0, From: Machine 1
2025-03-04 16:49:28,986 - SEND - System Time: 2025-03-04 16:49:28.986111, Logical Clock: 41, To: Machine on port 10001
2025-03-04 16:49:29,241 - SEND - System Time: 2025-03-04 16:49:29.241141, Logical Clock: 42, To: Machine on port 10000
2025-03-04 16:49:29,497 - SEND - System Time: 2025-03-04 16:49:29.496807, Logical Clock: 43, To: Machine on port 10000
2025-03-04 16:49:29,497 - SEND - System Time: 2025-03-04 16:49:29.496807, Logical Clock: 43, To: Machine on port 10001
2025-03-04 16:49:29,752 - INTERNAL - System Time: 2025-03-04 16:49:29.752572, Logical Clock: 44
2025-03-04 16:49:30,007 - RECEIVE - System Time: 2025-03-04 16:49:30.007754, Logical Clock: 45, Queue Length: 0, From: Machine 2
2025-03-04 16:49:30,262 - RECEIVE - System Time: 2025-03-04 16:49:30.262606, Logical Clock: 46, Queue Length: 0, From: Machine 1
2025-03-04 16:49:30,514 - SEND - System Time: 2025-03-04 16:49:30.514122, Logical Clock: 47, To: Machine on port 10000
2025-03-04 16:49:30,515 - SEND - System Time: 2025-03-04 16:49:30.514122, Logical Clock: 47, To: Machine on port 10001
2025-03-04 16:49:30,766 - INTERNAL - System Time: 2025-03-04 16:49:30.766434, Logical Clock: 48
2025-03-04 16:49:31,018 - INTERNAL - System Time: 2025-03-04 16:49:31.018056, Logical Clock: 49
2025-03-04 16:49:31,274 - RECEIVE - System Time: 2025-03-04 16:49:31.273465, Logical Clock: 50, Queue Length: 0, From: Machine 1
2025-03-04 16:49:31,529 - INTERNAL - System Time: 2025-03-04 16:49:31.529077, Logical Clock: 51
2025-03-04 16:49:31,780 - INTERNAL - System Time: 2025-03-04 16:49:31.780312, Logical Clock: 52
2025-03-04 16:49:32,036 - SEND - System Time: 2025-03-04 16:49:32.036025, Logical Clock: 53, To: Machine on port 10001
2025-03-04 16:49:32,288 - INTERNAL - System Time: 2025-03-04 16:49:32.288330, Logical Clock: 54
2025-03-04 16:49:32,541 - RECEIVE - System Time: 2025-03-04 16:49:32.541392, Logical Clock: 55, Queue Length: 0, From: Machine 1
2025-03-04 16:49:32,796 - INTERNAL - System Time: 2025-03-04 16:49:32.796711, Logical Clock: 56
2025-03-04 16:49:33,051 - RECEIVE - System Time: 2025-03-04 16:49:33.051018, Logical Clock: 57, Queue Length: 0, From: Machine 2
2025-03-04 16:49:33,302 - SEND - System Time: 2025-03-04 16:49:33.302519, Logical Clock: 58, To: Machine on port 10001
2025-03-04 16:49:33,556 - INTERNAL - System Time: 2025-03-04 16:49:33.555819, Logical Clock: 59
2025-03-04 16:49:33,810 - INTERNAL - System Time: 2025-03-04 16:49:33.810632, Logical Clock: 60
2025-03-04 16:49:34,066 - INTERNAL - System Time: 2025-03-04 16:49:34.066644, Logical Clock: 61
2025-03-04 16:49:34,318 - SEND - System Time: 2025-03-04 16:49:34.318556, Logical Clock: 62, To: Machine on port 10001
2025-03-04 16:49:34,573 - INTERNAL - System Time: 2025-03-04 16:49:34.573531, Logical Clock: 63
2025-03-04 16:49:34,824 - INTERNAL - System Time: 2025-03-04 16:49:34.824690, Logical Clock: 64
2025-03-04 16:49:35,081 - SEND - System Time: 2025-03-04 16:49:35.081031, Logical Clock: 65, To: Machine on port 10000
2025-03-04 16:49:35,336 - SEND - System Time: 2025-03-04 16:49:35.336718, Logical Clock: 66, To: Machine on port 10001
2025-03-04 16:49:35,591 - INTERNAL - System Time: 2025-03-04 16:49:35.591285, Logical Clock: 67
2025-03-04 16:49:35,843 - INTERNAL - System Time: 2025-03-04 16:49:35.843486, Logical Clock: 68
2025-03-04 16:49:36,095 - INTERNAL - System Time: 2025-03-04 16:49:36.095556, Logical Clock: 69
2025-03-04 16:49:36,346 - SEND - System Time: 2025-03-04 16:49:36.346059, Logical Clock: 70, To: Machine on port 10000
2025-03-04 16:49:36,346 - SEND - System Time: 2025-03-04 16:49:36.346059, Logical Clock: 70, To: Machine on port 10001
2025-03-04 16:49:36,600 - INTERNAL - System Time: 2025-03-04 16:49:36.599749, Logical Clock: 71
2025-03-04 16:49:36,853 - INTERNAL - System Time: 2025-03-04 16:49:36.853056, Logical Clock: 72
2025-03-04 16:49:37,107 - RECEIVE - System Time: 2025-03-04 16:49:37.107033, Logical Clock: 73, Queue Length: 0, From: Machine 2
2025-03-04 16:49:37,360 - INTERNAL - System Time: 2025-03-04 16:49:37.360757, Logical Clock: 74
2025-03-04 16:49:37,614 - INTERNAL - System Time: 2025-03-04 16:49:37.614719, Logical Clock: 75
2025-03-04 16:49:37,868 - INTERNAL - System Time: 2025-03-04 16:49:37.867934, Logical Clock: 76
2025-03-04 16:49:38,120 - SEND - System Time: 2025-03-04 16:49:38.120062, Logical Clock: 77, To: Machine on port 10000
2025-03-04 16:49:38,120 - SEND - System Time: 2025-03-04 16:49:38.120062, Logical Clock: 77, To: Machine on port 10001
2025-03-04 16:49:38,375 - INTERNAL - System Time: 2025-03-04 16:49:38.375360, Logical Clock: 78
2025-03-04 16:49:38,626 - INTERNAL - System Time: 2025-03-04 16:49:38.626620, Logical Clock: 79
2025-03-04 16:49:38,879 - INTERNAL - System Time: 2025-03-04 16:49:38.878852, Logical Clock: 80
2025-03-04 16:49:39,132 - INTERNAL - System Time: 2025-03-04 16:49:39.132148, Logical Clock: 81
2025-03-04 16:49:39,386 - SEND - System Time: 2025-03-04 16:49:39.386306, Logical Clock: 82, To: Machine on port 10001
2025-03-04 16:49:39,640 - INTERNAL - System Time: 2025-03-04 16:49:39.640103, Logical Clock: 83
2025-03-04 16:49:39,893 - INTERNAL - System Time: 2025-03-04 16:49:39.893227, Logical Clock: 84
2025-03-04 16:49:40,148 - SEND - System Time: 2025-03-04 16:49:40.148703, Logical Clock: 85, To: Machine on port 10001
2025-03-04 16:49:40,404 - INTERNAL - System Time: 2025-03-04 16:49:40.404439, Logical Clock: 86
2025-03-04 16:49:40,659 - RECEIVE - System Time: 2025-03-04 16:49:40.659685, Logical Clock: 87, Queue Length: 0, From: Machine 1
2025-03-04 16:49:40,911 - SEND - System Time: 2025-03-04 16:49:40.911067, Logical Clock: 88, To: Machine on port 10000
2025-03-04 16:49:41,166 - INTERNAL - System Time: 2025-03-04 16:49:41.166382, Logical Clock: 89
2025-03-04 16:49:41,420 - RECEIVE - System Time: 2025-03-04 16:49:41.420530, Logical Clock: 90, Queue Length: 0, From: Machine 1
2025-03-04 16:49:41,671 - INTERNAL - System Time: 2025-03-04 16:49:41.671368, Logical Clock: 91
2025-03-04 16:49:41,922 - INTERNAL - System Time: 2025-03-04 16:49:41.922698, Logical Clock: 92
2025-03-04 16:49:42,178 - RECEIVE - System Time: 2025-03-04 16:49:42.177928, Logical Clock: 93, Queue Length: 0, From: Machine 1
2025-03-04 16:49:42,433 - INTERNAL - System Time: 2025-03-04 16:49:42.433500, Logical Clock: 94
2025-03-04 16:49:42,688 - INTERNAL - System Time: 2025-03-04 16:49:42.687725, Logical Clock: 95
2025-03-04 16:49:42,944 - RECEIVE - System Time: 2025-03-04 16:49:42.944357, Logical Clock: 96, Queue Length: 0, From: Machine 2
2025-03-04 16:49:43,197 - INTERNAL - System Time: 2025-03-04 16:49:43.197720, Logical Clock: 97
2025-03-04 16:49:43,452 - INTERNAL - System Time: 2025-03-04 16:49:43.452388, Logical Clock: 98
2025-03-04 16:49:43,708 - SEND - System Time: 2025-03-04 16:49:43.708376, Logical Clock: 99, To: Machine on port 10000
2025-03-04 16:49:43,963 - RECEIVE - System Time: 2025-03-04 16:49:43.962605, Logical Clock: 100, Queue Length: 0, From: Machine 2
2025-03-04 16:49:44,217 - RECEIVE - System Time: 2025-03-04 16:49:44.217020, Logical Clock: 101, Queue Length: 0, From: Machine 1
2025-03-04 16:49:44,472 - RECEIVE - System Time: 2025-03-04 16:49:44.472628, Logical Clock: 102, Queue Length: 0, From: Machine 2
2025-03-04 16:49:44,725 - RECEIVE - System Time: 2025-03-04 16:49:44.725694, Logical Clock: 103, Queue Length: 0, From: Machine 1
2025-03-04 16:49:44,980 - INTERNAL - System Time: 2025-03-04 16:49:44.979946, Logical Clock: 104
2025-03-04 16:49:45,231 - RECEIVE - System Time: 2025-03-04 16:49:45.231290, Logical Clock: 105, Queue Length: 0, From: Machine 1
2025-03-04 16:49:45,486 - INTERNAL - System Time: 2025-03-04 16:49:45.486342, Logical Clock: 106
2025-03-04 16:49:45,737 - RECEIVE - System Time: 2025-03-04 16:49:45.737648, Logical Clock: 107, Queue Length: 0, From: Machine 1
2025-03-04 16:49:45,992 - SEND - System Time: 2025-03-04 16:49:45.991999, Logical Clock: 108, To: Machine on port 10000
2025-03-04 16:49:46,244 - RECEIVE - System Time: 2025-03-04 16:49:46.244149, Logical Clock: 109, Queue Length: 0, From: Machine 2
2025-03-04 16:49:46,498 - INTERNAL - System Time: 2025-03-04 16:49:46.498128, Logical Clock: 110
2025-03-04 16:49:46,754 - RECEIVE - System Time: 2025-03-04 16:49:46.754373, Logical Clock: 111, Queue Length: 0, From: Machine 1
2025-03-04 16:49:47,010 - INTERNAL - System Time: 2025-03-04 16:49:47.009944, Logical Clock: 112
2025-03-04 16:49:47,264 - INTERNAL - System Time: 2025-03-04 16:49:47.264442, Logical Clock: 113
2025-03-04 16:49:47,524 - INTERNAL - System Time: 2025-03-04 16:49:47.524400, Logical Clock: 114
2025-03-04 16:49:47,776 - INTERNAL - System Time: 2025-03-04 16:49:47.776719, Logical Clock: 115
2025-03-04 16:49:48,029 - RECEIVE - System Time: 2025-03-04 16:49:48.029459, Logical Clock: 116, Queue Length: 0, From: Machine 1
2025-03-04 16:49:48,284 - INTERNAL - System Time: 2025-03-04 16:49:48.284718, Logical Clock: 117
2025-03-04 16:49:48,537 - RECEIVE - System Time: 2025-03-04 16:49:48.537709, Logical Clock: 118, Queue Length: 0, From: Machine 1
2025-03-04 16:49:48,793 - INTERNAL - System Time: 2025-03-04 16:49:48.793121, Logical Clock: 119
2025-03-04 16:49:49,046 - INTERNAL - System Time: 2025-03-04 16:49:49.046361, Logical Clock: 120
2025-03-04 16:49:49,297 - RECEIVE - System Time: 2025-03-04 16:49:49.297418, Logical Clock: 121, Queue Length: 0, From: Machine 2
2025-03-04 16:49:49,549 - INTERNAL - System Time: 2025-03-04 16:49:49.549168, Logical Clock: 122
2025-03-04 16:49:49,802 - RECEIVE - System Time: 2025-03-04 16:49:49.802069, Logical Clock: 123, Queue Length: 0, From: Machine 2
2025-03-04 16:49:50,056 - RECEIVE - System Time: 2025-03-04 16:49:50.056705, Logical Clock: 124, Queue Length: 0, From: Machine 2
2025-03-04 16:49:50,310 - SEND - System Time: 2025-03-04 16:49:50.310512, Logical Clock: 125, To: Machine on port 10000
2025-03-04 16:49:50,311 - SEND - System Time: 2025-03-04 16:49:50.310512, Logical Clock: 125, To: Machine on port 10001
2025-03-04 16:49:50,565 - INTERNAL - System Time: 2025-03-04 16:49:50.565420, Logical Clock: 126
2025-03-04 16:49:50,820 - RECEIVE - System Time: 2025-03-04 16:49:50.820717, Logical Clock: 127, Queue Length: 0, From: Machine 2
2025-03-04 16:49:51,076 - INTERNAL - System Time: 2025-03-04 16:49:51.075942, Logical Clock: 128
2025-03-04 16:49:51,331 - INTERNAL - System Time: 2025-03-04 16:49:51.331207, Logical Clock: 129
2025-03-04 16:49:51,586 - INTERNAL - System Time: 2025-03-04 16:49:51.586605, Logical Clock: 130
2025-03-04 16:49:51,841 - INTERNAL - System Time: 2025-03-04 16:49:51.841299, Logical Clock: 131
2025-03-04 16:49:52,096 - RECEIVE - System Time: 2025-03-04 16:49:52.096488, Logical Clock: 132, Queue Length: 0, From: Machine 1
2025-03-04 16:49:52,354 - SEND - System Time: 2025-03-04 16:49:52.354441, Logical Clock: 133, To: Machine on port 10001
2025-03-04 16:49:52,609 - RECEIVE - System Time: 2025-03-04 16:49:52.609642, Logical Clock: 134, Queue Length: 0, From: Machine 1
2025-03-04 16:49:52,865 - INTERNAL - System Time: 2025-03-04 16:49:52.865495, Logical Clock: 135
2025-03-04 16:49:53,118 - INTERNAL - System Time: 2025-03-04 16:49:53.117673, Logical Clock: 136
2025-03-04 16:49:53,371 - INTERNAL - System Time: 2025-03-04 16:49:53.371449, Logical Clock: 137
2025-03-04 16:49:53,622 - RECEIVE - System Time: 2025-03-04 16:49:53.622286, Logical Clock: 138, Queue Length: 0, From: Machine 2
2025-03-04 16:49:53,877 - INTERNAL - System Time: 2025-03-04 16:49:53.877042, Logical Clock: 139
2025-03-04 16:49:54,132 - INTERNAL - System Time: 2025-03-04 16:49:54.131815, Logical Clock: 140
2025-03-04 16:49:54,387 - INTERNAL - System Time: 2025-03-04 16:49:54.387555, Logical Clock: 141
2025-03-04 16:49:54,640 - INTERNAL - System Time: 2025-03-04 16:49:54.640230, Logical Clock: 142
2025-03-04 16:49:54,895 - INTERNAL - System Time: 2025-03-04 16:49:54.895511, Logical Clock: 143
2025-03-04 16:49:55,148 - INTERNAL - System Time: 2025-03-04 16:49:55.147888, Logical Clock: 144
2025-03-04 16:49:55,399 - INTERNAL - System Time: 2025-03-04 16:49:55.399270, Logical Clock: 145
2025-03-04 16:49:55,651 - RECEIVE - System Time: 2025-03-04 16:49:55.651477, Logical Clock: 146, Queue Length: 0, From: Machine 1
2025-03-04 16:49:55,904 - SEND - System Time: 2025-03-04 16:49:55.903836, Logical Clock: 147, To: Machine on port 10000
2025-03-04 16:49:55,904 - SEND - System Time: 2025-03-04 16:49:55.903836, Logical Clock: 147, To: Machine on port 10001
2025-03-04 16:49:56,160 - INTERNAL - System Time: 2025-03-04 16:49:56.159807, Logical Clock: 148
2025-03-04 16:49:56,412 - INTERNAL - System Time: 2025-03-04 16:49:56.411820, Logical Clock: 149
2025-03-04 16:49:56,665 - RECEIVE - System Time: 2025-03-04 16:49:56.665624, Logical Clock: 150, Queue Length: 0, From: Machine 1
2025-03-04 16:49:56,921 - INTERNAL - System Time: 2025-03-04 16:49:56.920949, Logical Clock: 151
2025-03-04 16:49:57,175 - SEND - System Time: 2025-03-04 16:49:57.174990, Logical Clock: 152, To: Machine on port 10000
2025-03-04 16:49:57,428 - INTERNAL - System Time: 2025-03-04 16:49:57.428250, Logical Clock: 153
2025-03-04 16:49:57,683 - SEND - System Time: 2025-03-04 16:49:57.682912, Logical Clock: 154, To: Machine on port 10000
2025-03-04 16:49:57,936 - RECEIVE - System Time: 2025-03-04 16:49:57.935867, Logical Clock: 155, Queue Length: 0, From: Machine 1
2025-03-04 16:49:58,190 - INTERNAL - System Time: 2025-03-04 16:49:58.190266, Logical Clock: 156
2025-03-04 16:49:58,445 - SEND - System Time: 2025-03-04 16:49:58.445409, Logical Clock: 157, To: Machine on port 10000
2025-03-04 16:49:58,446 - SEND - System Time: 2025-03-04 16:49:58.445409, Logical Clock: 157, To: Machine on port 10001
2025-03-04 16:49:58,697 - RECEIVE - System Time: 2025-03-04 16:49:58.696971, Logical Clock: 158, Queue Length: 0, From: Machine 1
2025-03-04 16:49:58,950 - INTERNAL - System Time: 2025-03-04 16:49:58.950162, Logical Clock: 159
2025-03-04 16:49:59,205 - RECEIVE - System Time: 2025-03-04 16:49:59.205099, Logical Clock: 160, Queue Length: 0, From: Machine 1
2025-03-04 16:49:59,457 - INTERNAL - System Time: 2025-03-04 16:49:59.457716, Logical Clock: 161
2025-03-04 16:49:59,709 - INTERNAL - System Time: 2025-03-04 16:49:59.708968, Logical Clock: 162
2025-03-04 16:49:59,963 - INTERNAL - System Time: 2025-03-04 16:49:59.963286, Logical Clock: 163
2025-03-04 16:50:00,215 - INTERNAL - System Time: 2025-03-04 16:50:00.215705, Logical Clock: 164
2025-03-04 16:50:00,471 - SEND - System Time: 2025-03-04 16:50:00.471086, Logical Clock: 165, To: Machine on port 10000
2025-03-04 16:50:00,726 - INTERNAL - System Time: 2025-03-04 16:50:00.726280, Logical Clock: 166
2025-03-04 16:50:00,979 - RECEIVE - System Time: 2025-03-04 16:50:00.979512, Logical Clock: 167, Queue Length: 0, From: Machine 2
2025-03-04 16:50:01,234 - SEND - System Time: 2025-03-04 16:50:01.234287, Logical Clock: 168, To: Machine on port 10001
2025-03-04 16:50:01,490 - INTERNAL - System Time: 2025-03-04 16:50:01.489855, Logical Clock: 169
2025-03-04 16:50:01,742 - SEND - System Time: 2025-03-04 16:50:01.742665, Logical Clock: 170, To: Machine on port 10001
2025-03-04 16:50:01,997 - INTERNAL - System Time: 2025-03-04 16:50:01.997260, Logical Clock: 171
2025-03-04 16:50:02,252 - SEND - System Time: 2025-03-04 16:50:02.252605, Logical Clock: 172, To: Machine on port 10000
2025-03-04 16:50:02,506 - RECEIVE - System Time: 2025-03-04 16:50:02.505849, Logical Clock: 173, Queue Length: 0, From: Machine 2
2025-03-04 16:50:02,759 - INTERNAL - System Time: 2025-03-04 16:50:02.758630, Logical Clock: 174
2025-03-04 16:50:03,014 - INTERNAL - System Time: 2025-03-04 16:50:03.014466, Logical Clock: 175
2025-03-04 16:50:03,269 - RECEIVE - System Time: 2025-03-04 16:50:03.269637, Logical Clock: 176, Queue Length: 0, From: Machine 1
2025-03-04 16:50:03,521 - SEND - System Time: 2025-03-04 16:50:03.521564, Logical Clock: 177, To: Machine on port 10001
2025-03-04 16:50:03,777 - RECEIVE - System Time: 2025-03-04 16:50:03.776811, Logical Clock: 178, Queue Length: 0, From: Machine 1
2025-03-04 16:50:04,028 - RECEIVE - System Time: 2025-03-04 16:50:04.028570, Logical Clock: 179, Queue Length: 0, From: Machine 2
2025-03-04 16:50:04,284 - SEND - System Time: 2025-03-04 16:50:04.284416, Logical Clock: 180, To: Machine on port 10001
2025-03-04 16:50:04,538 - SEND - System Time: 2025-03-04 16:50:04.538271, Logical Clock: 181, To: Machine on port 10001
2025-03-04 16:50:04,790 - INTERNAL - System Time: 2025-03-04 16:50:04.790619, Logical Clock: 182
2025-03-04 16:50:05,044 - RECEIVE - System Time: 2025-03-04 16:50:05.044240, Logical Clock: 183, Queue Length: 0, From: Machine 1
2025-03-04 16:50:05,299 - INTERNAL - System Time: 2025-03-04 16:50:05.299450, Logical Clock: 184
2025-03-04 16:50:05,554 - INTERNAL - System Time: 2025-03-04 16:50:05.554102, Logical Clock: 185
2025-03-04 16:50:05,808 - INTERNAL - System Time: 2025-03-04 16:50:05.808096, Logical Clock: 186
2025-03-04 16:50:06,062 - RECEIVE - System Time: 2025-03-04 16:50:06.062398, Logical Clock: 187, Queue Length: 0, From: Machine 2
2025-03-04 16:50:06,313 - INTERNAL - System Time: 2025-03-04 16:50:06.313504, Logical Clock: 188
2025-03-04 16:50:06,566 - INTERNAL - System Time: 2025-03-04 16:50:06.566331, Logical Clock: 189
2025-03-04 16:50:06,823 - RECEIVE - System Time: 2025-03-04 16:50:06.822170, Logical Clock: 190, Queue Length: 0, From: Machine 1
2025-03-04 16:50:07,076 - RECEIVE - System Time: 2025-03-04 16:50:07.076653, Logical Clock: 191, Queue Length: 0, From: Machine 2
2025-03-04 16:50:07,332 - INTERNAL - System Time: 2025-03-04 16:50:07.332132, Logical Clock: 192
2025-03-04 16:50:07,585 - INTERNAL - System Time: 2025-03-04 16:50:07.585647, Logical Clock: 193
2025-03-04 16:50:07,837 - SEND - System Time: 2025-03-04 16:50:07.836938, Logical Clock: 194, To: Machine on port 10000
2025-03-04 16:50:08,091 - RECEIVE - System Time: 2025-03-04 16:50:08.091222, Logical Clock: 195, Queue Length: 0, From: Machine 1
2025-03-04 16:50:08,347 - SEND - System Time: 2025-03-04 16:50:08.347148, Logical Clock: 196, To: Machine on port 10001
2025-03-04 16:50:08,598 - INTERNAL - System Time: 2025-03-04 16:50:08.598323, Logical Clock: 197
2025-03-04 16:50:08,854 - SEND - System Time: 2025-03-04 16:50:08.853870, Logical Clock: 198, To: Machine on port 10000
2025-03-04 16:50:08,854 - SEND - System Time: 2025-03-04 16:50:08.853870, Logical Clock: 198, To: Machine on port 10001
2025-03-04 16:50:09,105 - INTERNAL - System Time: 2025-03-04 16:50:09.105069, Logical Clock: 199
2025-03-04 16:50:09,358 - SEND - System Time: 2025-03-04 16:50:09.358524, Logical Clock: 200, To: Machine on port 10000
2025-03-04 16:50:09,614 - SEND - System Time: 2025-03-04 16:50:09.614313, Logical Clock: 201, To: Machine on port 10000
2025-03-04 16:50:09,614 - SEND - System Time: 2025-03-04 16:50:09.614313, Logical Clock: 201, To: Machine on port 10001
2025-03-04 16:50:09,870 - SEND - System Time: 2025-03-04 16:50:09.869944, Logical Clock: 202, To: Machine on port 10000
2025-03-04 16:50:09,870 - SEND - System Time: 2025-03-04 16:50:09.869944, Logical Clock: 202, To: Machine on port 10001
2025-03-04 16:50:10,125 - INTERNAL - System Time: 2025-03-04 16:50:10.125639, Logical Clock: 203
2025-03-04 16:50:10,378 - INTERNAL - System Time: 2025-03-04 16:50:10.378657, Logical Clock: 204
2025-03-04 16:50:10,634 - INTERNAL - System Time: 2025-03-04 16:50:10.634231, Logical Clock: 205
2025-03-04 16:50:10,890 - INTERNAL - System Time: 2025-03-04 16:50:10.890016, Logical Clock: 206
2025-03-04 16:50:11,145 - RECEIVE - System Time: 2025-03-04 16:50:11.145531, Logical Clock: 207, Queue Length: 0, From: Machine 1
2025-03-04 16:50:11,397 - INTERNAL - System Time: 2025-03-04 16:50:11.397265, Logical Clock: 208
2025-03-04 16:50:11,651 - INTERNAL - System Time: 2025-03-04 16:50:11.651301, Logical Clock: 209
2025-03-04 16:50:11,905 - SEND - System Time: 2025-03-04 16:50:11.905318, Logical Clock: 210, To: Machine on port 10000
2025-03-04 16:50:11,905 - SEND - System Time: 2025-03-04 16:50:11.905318, Logical Clock: 210, To: Machine on port 10001
2025-03-04 16:50:12,156 - INTERNAL - System Time: 2025-03-04 16:50:12.156367, Logical Clock: 211
2025-03-04 16:50:12,408 - INTERNAL - System Time: 2025-03-04 16:50:12.408329, Logical Clock: 212
2025-03-04 16:50:12,659 - RECEIVE - System Time: 2025-03-04 16:50:12.659857, Logical Clock: 213, Queue Length: 0, From: Machine 2
2025-03-04 16:50:12,915 - SEND - System Time: 2025-03-04 16:50:12.915280, Logical Clock: 214, To: Machine on port 10000
2025-03-04 16:50:13,166 - RECEIVE - System Time: 2025-03-04 16:50:13.166332, Logical Clock: 215, Queue Length: 0, From: Machine 1
2025-03-04 16:50:13,420 - INTERNAL - System Time: 2025-03-04 16:50:13.420923, Logical Clock: 216
2025-03-04 16:50:13,676 - INTERNAL - System Time: 2025-03-04 16:50:13.676146, Logical Clock: 217
2025-03-04 16:50:13,932 - SEND - System Time: 2025-03-04 16:50:13.932231, Logical Clock: 218, To: Machine on port 10001
2025-03-04 16:50:14,183 - INTERNAL - System Time: 2025-03-04 16:50:14.183414, Logical Clock: 219
2025-03-04 16:50:14,436 - SEND - System Time: 2025-03-04 16:50:14.436433, Logical Clock: 220, To: Machine on port 10000
2025-03-04 16:50:14,436 - SEND - System Time: 2025-03-04 16:50:14.436433, Logical Clock: 220, To: Machine on port 10001
2025-03-04 16:50:14,690 - SEND - System Time: 2025-03-04 16:50:14.690332, Logical Clock: 221, To: Machine on port 10000
2025-03-04 16:50:14,690 - SEND - System Time: 2025-03-04 16:50:14.690332, Logical Clock: 221, To: Machine on port 10001
2025-03-04 16:50:14,941 - INTERNAL - System Time: 2025-03-04 16:50:14.941591, Logical Clock: 222
2025-03-04 16:50:15,197 - RECEIVE - System Time: 2025-03-04 16:50:15.197340, Logical Clock: 223, Queue Length: 0, From: Machine 2
2025-03-04 16:50:15,448 - INTERNAL - System Time: 2025-03-04 16:50:15.448614, Logical Clock: 224
2025-03-04 16:50:15,704 - RECEIVE - System Time: 2025-03-04 16:50:15.703948, Logical Clock: 225, Queue Length: 0, From: Machine 2
2025-03-04 16:50:15,957 - SEND - System Time: 2025-03-04 16:50:15.956909, Logical Clock: 226, To: Machine on port 10001
2025-03-04 16:50:16,212 - RECEIVE - System Time: 2025-03-04 16:50:16.212713, Logical Clock: 227, Queue Length: 0, From: Machine 1
2025-03-04 16:50:16,468 - INTERNAL - System Time: 2025-03-04 16:50:16.467752, Logical Clock: 228
2025-03-04 16:50:16,722 - INTERNAL - System Time: 2025-03-04 16:50:16.722374, Logical Clock: 229
2025-03-04 16:50:16,976 - INTERNAL - System Time: 2025-03-04 16:50:16.975899, Logical Clock: 230
2025-03-04 16:50:17,227 - SEND - System Time: 2025-03-04 16:50:17.227048, Logical Clock: 231, To: Machine on port 10000
2025-03-04 16:50:17,227 - SEND - System Time: 2025-03-04 16:50:17.227048, Logical Clock: 231, To: Machine on port 10001
2025-03-04 16:50:17,479 - SEND - System Time: 2025-03-04 16:50:17.479586, Logical Clock: 232, To: Machine on port 10001
2025-03-04 16:50:17,735 - RECEIVE - System Time: 2025-03-04 16:50:17.735225, Logical Clock: 233, Queue Length: 0, From: Machine 2
2025-03-04 16:50:17,990 - SEND - System Time: 2025-03-04 16:50:17.989978, Logical Clock: 234, To: Machine on port 10000
2025-03-04 16:50:18,244 - INTERNAL - System Time: 2025-03-04 16:50:18.244110, Logical Clock: 235
2025-03-04 16:50:18,500 - INTERNAL - System Time: 2025-03-04 16:50:18.499777, Logical Clock: 236
2025-03-04 16:50:18,751 - RECEIVE - System Time: 2025-03-04 16:50:18.751246, Logical Clock: 237, Queue Length: 0, From: Machine 1
