2025-03-04 10:14:55,166 - Virtual Machine 2 initialized
2025-03-04 10:14:55,166 - Clock Rate: 3 ticks/second
2025-03-04 10:14:55,166 - Listening on port: 10001
2025-03-04 10:14:55,166 - Peer ports: [10000, 10002]
2025-03-04 10:14:55,195 - Connected to peer on port 10000
2025-03-04 10:14:55,609 - Accepted connection from ('127.0.0.1', 59054)
2025-03-04 10:14:55,626 - Accepted connection from ('127.0.0.1', 59055)
2025-03-04 10:14:56,209 - Connected to peer on port 10002
2025-03-04 10:14:56,209 - Network initialization completed
2025-03-04 10:14:56,209 - Starting main event loop
2025-03-04 10:14:56,209 - Clock rate: 3 ticks/second
2025-03-04 10:14:56,209 - RECEIVE - System Time: 2025-03-04 10:14:56.209821, Logical Clock: 3, Queue Length: 1, From: Machine 3
2025-03-04 10:14:56,545 - RECEIVE - System Time: 2025-03-04 10:14:56.545423, Logical Clock: 4, Queue Length: 1, From: Machine 1
2025-03-04 10:14:56,885 - RECEIVE - System Time: 2025-03-04 10:14:56.885303, Logical Clock: 7, Queue Length: 0, From: Machine 3
2025-03-04 10:14:57,224 - RECEIVE - System Time: 2025-03-04 10:14:57.223984, Logical Clock: 11, Queue Length: 1, From: Machine 3
2025-03-04 10:14:57,562 - RECEIVE - System Time: 2025-03-04 10:14:57.562595, Logical Clock: 12, Queue Length: 2, From: Machine 1
2025-03-04 10:14:57,904 - RECEIVE - System Time: 2025-03-04 10:14:57.904038, Logical Clock: 13, Queue Length: 1, From: Machine 3
2025-03-04 10:14:58,246 - RECEIVE - System Time: 2025-03-04 10:14:58.245966, Logical Clock: 14, Queue Length: 0, From: Machine 3
2025-03-04 10:14:58,584 - INTERNAL - System Time: 2025-03-04 10:14:58.584659, Logical Clock: 15
2025-03-04 10:14:58,923 - RECEIVE - System Time: 2025-03-04 10:14:58.923271, Logical Clock: 21, Queue Length: 0, From: Machine 3
2025-03-04 10:14:59,261 - INTERNAL - System Time: 2025-03-04 10:14:59.261717, Logical Clock: 22
2025-03-04 10:14:59,596 - RECEIVE - System Time: 2025-03-04 10:14:59.596477, Logical Clock: 23, Queue Length: 0, From: Machine 1
2025-03-04 10:14:59,934 - RECEIVE - System Time: 2025-03-04 10:14:59.934462, Logical Clock: 27, Queue Length: 0, From: Machine 3
2025-03-04 10:15:00,272 - SEND - System Time: 2025-03-04 10:15:00.272546, Logical Clock: 28, To: Machine on port 10002
2025-03-04 10:15:00,611 - INTERNAL - System Time: 2025-03-04 10:15:00.611158, Logical Clock: 29
2025-03-04 10:15:00,949 - RECEIVE - System Time: 2025-03-04 10:15:00.949716, Logical Clock: 32, Queue Length: 1, From: Machine 3
2025-03-04 10:15:01,283 - RECEIVE - System Time: 2025-03-04 10:15:01.283590, Logical Clock: 33, Queue Length: 1, From: Machine 3
2025-03-04 10:15:01,622 - RECEIVE - System Time: 2025-03-04 10:15:01.622310, Logical Clock: 34, Queue Length: 0, From: Machine 3
2025-03-04 10:15:01,961 - RECEIVE - System Time: 2025-03-04 10:15:01.961349, Logical Clock: 38, Queue Length: 1, From: Machine 3
2025-03-04 10:15:02,300 - RECEIVE - System Time: 2025-03-04 10:15:02.300056, Logical Clock: 39, Queue Length: 0, From: Machine 3
2025-03-04 10:15:02,635 - INTERNAL - System Time: 2025-03-04 10:15:02.635336, Logical Clock: 40
2025-03-04 10:15:02,972 - INTERNAL - System Time: 2025-03-04 10:15:02.972734, Logical Clock: 41
2025-03-04 10:15:03,311 - RECEIVE - System Time: 2025-03-04 10:15:03.311321, Logical Clock: 43, Queue Length: 1, From: Machine 1
2025-03-04 10:15:03,645 - RECEIVE - System Time: 2025-03-04 10:15:03.645328, Logical Clock: 44, Queue Length: 0, From: Machine 1
2025-03-04 10:15:03,983 - INTERNAL - System Time: 2025-03-04 10:15:03.983896, Logical Clock: 45
2025-03-04 10:15:04,322 - SEND - System Time: 2025-03-04 10:15:04.322449, Logical Clock: 46, To: Machine on port 10000
2025-03-04 10:15:04,661 - RECEIVE - System Time: 2025-03-04 10:15:04.661076, Logical Clock: 54, Queue Length: 0, From: Machine 3
2025-03-04 10:15:04,999 - RECEIVE - System Time: 2025-03-04 10:15:04.999719, Logical Clock: 56, Queue Length: 0, From: Machine 3
2025-03-04 10:15:05,338 - RECEIVE - System Time: 2025-03-04 10:15:05.338400, Logical Clock: 57, Queue Length: 0, From: Machine 1
2025-03-04 10:15:05,676 - RECEIVE - System Time: 2025-03-04 10:15:05.676880, Logical Clock: 60, Queue Length: 0, From: Machine 3
2025-03-04 10:15:06,027 - SEND - System Time: 2025-03-04 10:15:06.026925, Logical Clock: 61, To: Machine on port 10002
2025-03-04 10:15:06,366 - RECEIVE - System Time: 2025-03-04 10:15:06.366561, Logical Clock: 64, Queue Length: 0, From: Machine 1
2025-03-04 10:15:06,703 - INTERNAL - System Time: 2025-03-04 10:15:06.703531, Logical Clock: 65
2025-03-04 10:15:07,042 - INTERNAL - System Time: 2025-03-04 10:15:07.042092, Logical Clock: 66
2025-03-04 10:15:07,376 - INTERNAL - System Time: 2025-03-04 10:15:07.376671, Logical Clock: 67
2025-03-04 10:15:07,711 - SEND - System Time: 2025-03-04 10:15:07.711466, Logical Clock: 68, To: Machine on port 10000
2025-03-04 10:15:07,711 - SEND - System Time: 2025-03-04 10:15:07.711466, Logical Clock: 68, To: Machine on port 10002
2025-03-04 10:15:08,050 - SEND - System Time: 2025-03-04 10:15:08.049947, Logical Clock: 69, To: Machine on port 10000
2025-03-04 10:15:08,388 - INTERNAL - System Time: 2025-03-04 10:15:08.388518, Logical Clock: 70
2025-03-04 10:15:08,727 - SEND - System Time: 2025-03-04 10:15:08.727122, Logical Clock: 71, To: Machine on port 10002
2025-03-04 10:15:09,066 - RECEIVE - System Time: 2025-03-04 10:15:09.065867, Logical Clock: 82, Queue Length: 0, From: Machine 3
2025-03-04 10:15:09,402 - RECEIVE - System Time: 2025-03-04 10:15:09.402750, Logical Clock: 83, Queue Length: 0, From: Machine 3
2025-03-04 10:15:09,741 - RECEIVE - System Time: 2025-03-04 10:15:09.741280, Logical Clock: 86, Queue Length: 1, From: Machine 1
2025-03-04 10:15:10,076 - RECEIVE - System Time: 2025-03-04 10:15:10.076166, Logical Clock: 87, Queue Length: 0, From: Machine 3
2025-03-04 10:15:10,414 - INTERNAL - System Time: 2025-03-04 10:15:10.414766, Logical Clock: 88
2025-03-04 10:15:10,753 - SEND - System Time: 2025-03-04 10:15:10.753396, Logical Clock: 89, To: Machine on port 10000
2025-03-04 10:15:11,092 - INTERNAL - System Time: 2025-03-04 10:15:11.092122, Logical Clock: 90
2025-03-04 10:15:11,430 - RECEIVE - System Time: 2025-03-04 10:15:11.430745, Logical Clock: 96, Queue Length: 0, From: Machine 3
2025-03-04 10:15:11,769 - RECEIVE - System Time: 2025-03-04 10:15:11.769370, Logical Clock: 98, Queue Length: 0, From: Machine 3
2025-03-04 10:15:12,104 - INTERNAL - System Time: 2025-03-04 10:15:12.104585, Logical Clock: 99
2025-03-04 10:15:12,443 - RECEIVE - System Time: 2025-03-04 10:15:12.443464, Logical Clock: 100, Queue Length: 0, From: Machine 1
2025-03-04 10:15:12,779 - INTERNAL - System Time: 2025-03-04 10:15:12.779484, Logical Clock: 101
2025-03-04 10:15:13,117 - RECEIVE - System Time: 2025-03-04 10:15:13.117932, Logical Clock: 105, Queue Length: 0, From: Machine 3
2025-03-04 10:15:13,452 - RECEIVE - System Time: 2025-03-04 10:15:13.452198, Logical Clock: 108, Queue Length: 0, From: Machine 3
2025-03-04 10:15:13,789 - RECEIVE - System Time: 2025-03-04 10:15:13.789835, Logical Clock: 110, Queue Length: 0, From: Machine 3
2025-03-04 10:15:14,128 - RECEIVE - System Time: 2025-03-04 10:15:14.128452, Logical Clock: 112, Queue Length: 0, From: Machine 3
2025-03-04 10:15:14,463 - INTERNAL - System Time: 2025-03-04 10:15:14.463367, Logical Clock: 113
2025-03-04 10:15:14,802 - INTERNAL - System Time: 2025-03-04 10:15:14.802030, Logical Clock: 114
2025-03-04 10:15:15,139 - RECEIVE - System Time: 2025-03-04 10:15:15.139518, Logical Clock: 118, Queue Length: 0, From: Machine 3
2025-03-04 10:15:15,478 - RECEIVE - System Time: 2025-03-04 10:15:15.478021, Logical Clock: 119, Queue Length: 0, From: Machine 3
2025-03-04 10:15:15,816 - INTERNAL - System Time: 2025-03-04 10:15:15.816519, Logical Clock: 120
2025-03-04 10:15:16,152 - INTERNAL - System Time: 2025-03-04 10:15:16.152867, Logical Clock: 121
2025-03-04 10:15:16,491 - RECEIVE - System Time: 2025-03-04 10:15:16.491571, Logical Clock: 125, Queue Length: 0, From: Machine 3
2025-03-04 10:15:16,830 - RECEIVE - System Time: 2025-03-04 10:15:16.830106, Logical Clock: 127, Queue Length: 0, From: Machine 1
2025-03-04 10:15:17,168 - RECEIVE - System Time: 2025-03-04 10:15:17.168562, Logical Clock: 129, Queue Length: 0, From: Machine 3
2025-03-04 10:15:17,505 - RECEIVE - System Time: 2025-03-04 10:15:17.505808, Logical Clock: 131, Queue Length: 0, From: Machine 3
2025-03-04 10:15:17,843 - RECEIVE - System Time: 2025-03-04 10:15:17.843353, Logical Clock: 134, Queue Length: 0, From: Machine 3
2025-03-04 10:15:18,182 - RECEIVE - System Time: 2025-03-04 10:15:18.181999, Logical Clock: 136, Queue Length: 0, From: Machine 3
2025-03-04 10:15:18,519 - RECEIVE - System Time: 2025-03-04 10:15:18.519371, Logical Clock: 138, Queue Length: 0, From: Machine 3
2025-03-04 10:15:18,857 - RECEIVE - System Time: 2025-03-04 10:15:18.857848, Logical Clock: 140, Queue Length: 0, From: Machine 1
2025-03-04 10:15:19,196 - INTERNAL - System Time: 2025-03-04 10:15:19.196381, Logical Clock: 141
2025-03-04 10:15:19,535 - INTERNAL - System Time: 2025-03-04 10:15:19.535520, Logical Clock: 142
2025-03-04 10:15:19,874 - RECEIVE - System Time: 2025-03-04 10:15:19.874055, Logical Clock: 144, Queue Length: 0, From: Machine 1
2025-03-04 10:15:20,212 - INTERNAL - System Time: 2025-03-04 10:15:20.212727, Logical Clock: 145
2025-03-04 10:15:20,551 - INTERNAL - System Time: 2025-03-04 10:15:20.551318, Logical Clock: 146
2025-03-04 10:15:20,886 - INTERNAL - System Time: 2025-03-04 10:15:20.886772, Logical Clock: 147
2025-03-04 10:15:21,224 - INTERNAL - System Time: 2025-03-04 10:15:21.224859, Logical Clock: 148
2025-03-04 10:15:21,563 - RECEIVE - System Time: 2025-03-04 10:15:21.563454, Logical Clock: 156, Queue Length: 0, From: Machine 3
2025-03-04 10:15:21,902 - RECEIVE - System Time: 2025-03-04 10:15:21.902187, Logical Clock: 158, Queue Length: 0, From: Machine 3
2025-03-04 10:15:22,239 - INTERNAL - System Time: 2025-03-04 10:15:22.239518, Logical Clock: 159
2025-03-04 10:15:22,577 - INTERNAL - System Time: 2025-03-04 10:15:22.577672, Logical Clock: 160
2025-03-04 10:15:22,914 - RECEIVE - System Time: 2025-03-04 10:15:22.914845, Logical Clock: 161, Queue Length: 0, From: Machine 1
2025-03-04 10:15:23,253 - INTERNAL - System Time: 2025-03-04 10:15:23.253429, Logical Clock: 162
2025-03-04 10:15:23,592 - RECEIVE - System Time: 2025-03-04 10:15:23.592006, Logical Clock: 163, Queue Length: 0, From: Machine 1
2025-03-04 10:15:23,930 - INTERNAL - System Time: 2025-03-04 10:15:23.930584, Logical Clock: 164
2025-03-04 10:15:24,269 - SEND - System Time: 2025-03-04 10:15:24.269186, Logical Clock: 165, To: Machine on port 10000
2025-03-04 10:15:24,269 - SEND - System Time: 2025-03-04 10:15:24.269186, Logical Clock: 165, To: Machine on port 10002
2025-03-04 10:15:24,608 - SEND - System Time: 2025-03-04 10:15:24.608518, Logical Clock: 166, To: Machine on port 10000
2025-03-04 10:15:24,946 - SEND - System Time: 2025-03-04 10:15:24.946174, Logical Clock: 167, To: Machine on port 10002
2025-03-04 10:15:25,284 - RECEIVE - System Time: 2025-03-04 10:15:25.284173, Logical Clock: 170, Queue Length: 0, From: Machine 1
2025-03-04 10:15:25,617 - RECEIVE - System Time: 2025-03-04 10:15:25.617916, Logical Clock: 171, Queue Length: 0, From: Machine 1
2025-03-04 10:15:25,956 - SEND - System Time: 2025-03-04 10:15:25.956534, Logical Clock: 172, To: Machine on port 10000
2025-03-04 10:15:26,293 - RECEIVE - System Time: 2025-03-04 10:15:26.292980, Logical Clock: 184, Queue Length: 0, From: Machine 3
2025-03-04 10:15:26,627 - RECEIVE - System Time: 2025-03-04 10:15:26.627038, Logical Clock: 186, Queue Length: 0, From: Machine 3
2025-03-04 10:15:26,963 - RECEIVE - System Time: 2025-03-04 10:15:26.963177, Logical Clock: 188, Queue Length: 0, From: Machine 3
2025-03-04 10:15:27,297 - INTERNAL - System Time: 2025-03-04 10:15:27.297522, Logical Clock: 189
2025-03-04 10:15:27,638 - RECEIVE - System Time: 2025-03-04 10:15:27.637904, Logical Clock: 191, Queue Length: 1, From: Machine 3
2025-03-04 10:15:27,975 - RECEIVE - System Time: 2025-03-04 10:15:27.974829, Logical Clock: 192, Queue Length: 1, From: Machine 3
2025-03-04 10:15:28,310 - RECEIVE - System Time: 2025-03-04 10:15:28.310789, Logical Clock: 193, Queue Length: 0, From: Machine 1
2025-03-04 10:15:28,645 - INTERNAL - System Time: 2025-03-04 10:15:28.645558, Logical Clock: 194
2025-03-04 10:15:28,983 - INTERNAL - System Time: 2025-03-04 10:15:28.983340, Logical Clock: 195
2025-03-04 10:15:29,318 - SEND - System Time: 2025-03-04 10:15:29.318764, Logical Clock: 196, To: Machine on port 10000
2025-03-04 10:15:29,319 - SEND - System Time: 2025-03-04 10:15:29.318764, Logical Clock: 196, To: Machine on port 10002
2025-03-04 10:15:29,654 - INTERNAL - System Time: 2025-03-04 10:15:29.654059, Logical Clock: 197
2025-03-04 10:15:29,988 - RECEIVE - System Time: 2025-03-04 10:15:29.988770, Logical Clock: 203, Queue Length: 1, From: Machine 1
2025-03-04 10:15:30,324 - RECEIVE - System Time: 2025-03-04 10:15:30.324136, Logical Clock: 206, Queue Length: 0, From: Machine 3
2025-03-04 10:15:30,662 - RECEIVE - System Time: 2025-03-04 10:15:30.662710, Logical Clock: 210, Queue Length: 0, From: Machine 3
2025-03-04 10:15:31,001 - RECEIVE - System Time: 2025-03-04 10:15:31.001555, Logical Clock: 211, Queue Length: 0, From: Machine 1
2025-03-04 10:15:31,339 - SEND - System Time: 2025-03-04 10:15:31.338801, Logical Clock: 212, To: Machine on port 10000
2025-03-04 10:15:31,339 - SEND - System Time: 2025-03-04 10:15:31.338801, Logical Clock: 212, To: Machine on port 10002
2025-03-04 10:15:31,674 - SEND - System Time: 2025-03-04 10:15:31.674415, Logical Clock: 213, To: Machine on port 10000
2025-03-04 10:15:32,010 - INTERNAL - System Time: 2025-03-04 10:15:32.009898, Logical Clock: 214
2025-03-04 10:15:32,348 - INTERNAL - System Time: 2025-03-04 10:15:32.348432, Logical Clock: 215
2025-03-04 10:15:32,685 - SEND - System Time: 2025-03-04 10:15:32.685207, Logical Clock: 216, To: Machine on port 10002
2025-03-04 10:15:33,022 - INTERNAL - System Time: 2025-03-04 10:15:33.022449, Logical Clock: 217
2025-03-04 10:15:33,362 - RECEIVE - System Time: 2025-03-04 10:15:33.362649, Logical Clock: 224, Queue Length: 0, From: Machine 3
2025-03-04 10:15:33,697 - RECEIVE - System Time: 2025-03-04 10:15:33.697149, Logical Clock: 226, Queue Length: 0, From: Machine 1
2025-03-04 10:15:34,036 - RECEIVE - System Time: 2025-03-04 10:15:34.036719, Logical Clock: 229, Queue Length: 0, From: Machine 3
2025-03-04 10:15:34,371 - RECEIVE - System Time: 2025-03-04 10:15:34.371183, Logical Clock: 231, Queue Length: 0, From: Machine 3
2025-03-04 10:15:34,706 - INTERNAL - System Time: 2025-03-04 10:15:34.706421, Logical Clock: 232
2025-03-04 10:15:35,043 - RECEIVE - System Time: 2025-03-04 10:15:35.042852, Logical Clock: 234, Queue Length: 0, From: Machine 1
2025-03-04 10:15:35,381 - RECEIVE - System Time: 2025-03-04 10:15:35.381259, Logical Clock: 237, Queue Length: 0, From: Machine 3
2025-03-04 10:15:35,720 - RECEIVE - System Time: 2025-03-04 10:15:35.719922, Logical Clock: 239, Queue Length: 0, From: Machine 1
2025-03-04 10:15:36,060 - RECEIVE - System Time: 2025-03-04 10:15:36.058889, Logical Clock: 241, Queue Length: 1, From: Machine 3
2025-03-04 10:15:36,395 - RECEIVE - System Time: 2025-03-04 10:15:36.395454, Logical Clock: 242, Queue Length: 0, From: Machine 1
2025-03-04 10:15:36,730 - SEND - System Time: 2025-03-04 10:15:36.730367, Logical Clock: 243, To: Machine on port 10000
2025-03-04 10:15:37,067 - INTERNAL - System Time: 2025-03-04 10:15:37.067130, Logical Clock: 244
2025-03-04 10:15:37,402 - SEND - System Time: 2025-03-04 10:15:37.402559, Logical Clock: 245, To: Machine on port 10000
2025-03-04 10:15:37,403 - SEND - System Time: 2025-03-04 10:15:37.402559, Logical Clock: 245, To: Machine on port 10002
2025-03-04 10:15:37,740 - INTERNAL - System Time: 2025-03-04 10:15:37.740846, Logical Clock: 246
2025-03-04 10:15:38,080 - RECEIVE - System Time: 2025-03-04 10:15:38.079518, Logical Clock: 251, Queue Length: 1, From: Machine 1
2025-03-04 10:15:38,419 - RECEIVE - System Time: 2025-03-04 10:15:38.419068, Logical Clock: 252, Queue Length: 0, From: Machine 1
2025-03-04 10:15:38,758 - SEND - System Time: 2025-03-04 10:15:38.758133, Logical Clock: 253, To: Machine on port 10002
2025-03-04 10:15:39,096 - SEND - System Time: 2025-03-04 10:15:39.096345, Logical Clock: 254, To: Machine on port 10002
2025-03-04 10:15:39,436 - SEND - System Time: 2025-03-04 10:15:39.435698, Logical Clock: 255, To: Machine on port 10002
2025-03-04 10:15:39,773 - RECEIVE - System Time: 2025-03-04 10:15:39.773674, Logical Clock: 264, Queue Length: 0, From: Machine 3
2025-03-04 10:15:40,107 - INTERNAL - System Time: 2025-03-04 10:15:40.107451, Logical Clock: 265
2025-03-04 10:15:40,443 - RECEIVE - System Time: 2025-03-04 10:15:40.443106, Logical Clock: 266, Queue Length: 0, From: Machine 1
2025-03-04 10:15:40,782 - INTERNAL - System Time: 2025-03-04 10:15:40.781959, Logical Clock: 267
2025-03-04 10:15:41,117 - INTERNAL - System Time: 2025-03-04 10:15:41.117208, Logical Clock: 268
2025-03-04 10:15:41,451 - SEND - System Time: 2025-03-04 10:15:41.451559, Logical Clock: 269, To: Machine on port 10002
2025-03-04 10:15:41,786 - SEND - System Time: 2025-03-04 10:15:41.785893, Logical Clock: 270, To: Machine on port 10000
2025-03-04 10:15:42,123 - INTERNAL - System Time: 2025-03-04 10:15:42.122946, Logical Clock: 271
2025-03-04 10:15:42,463 - RECEIVE - System Time: 2025-03-04 10:15:42.463311, Logical Clock: 274, Queue Length: 0, From: Machine 1
2025-03-04 10:15:42,797 - INTERNAL - System Time: 2025-03-04 10:15:42.797584, Logical Clock: 275
2025-03-04 10:15:43,136 - INTERNAL - System Time: 2025-03-04 10:15:43.136082, Logical Clock: 276
2025-03-04 10:15:43,475 - SEND - System Time: 2025-03-04 10:15:43.475018, Logical Clock: 277, To: Machine on port 10000
2025-03-04 10:15:43,813 - RECEIVE - System Time: 2025-03-04 10:15:43.813161, Logical Clock: 288, Queue Length: 0, From: Machine 3
2025-03-04 10:15:44,151 - RECEIVE - System Time: 2025-03-04 10:15:44.151048, Logical Clock: 289, Queue Length: 0, From: Machine 1
2025-03-04 10:15:44,490 - SEND - System Time: 2025-03-04 10:15:44.489822, Logical Clock: 290, To: Machine on port 10000
2025-03-04 10:15:44,826 - INTERNAL - System Time: 2025-03-04 10:15:44.826214, Logical Clock: 291
2025-03-04 10:15:45,164 - INTERNAL - System Time: 2025-03-04 10:15:45.164034, Logical Clock: 292
2025-03-04 10:15:45,504 - SEND - System Time: 2025-03-04 10:15:45.503820, Logical Clock: 293, To: Machine on port 10000
2025-03-04 10:15:45,845 - INTERNAL - System Time: 2025-03-04 10:15:45.845252, Logical Clock: 294
2025-03-04 10:15:46,183 - RECEIVE - System Time: 2025-03-04 10:15:46.183772, Logical Clock: 297, Queue Length: 1, From: Machine 1
2025-03-04 10:15:46,524 - RECEIVE - System Time: 2025-03-04 10:15:46.524406, Logical Clock: 302, Queue Length: 0, From: Machine 3
2025-03-04 10:15:46,863 - RECEIVE - System Time: 2025-03-04 10:15:46.862919, Logical Clock: 305, Queue Length: 0, From: Machine 1
2025-03-04 10:15:47,201 - INTERNAL - System Time: 2025-03-04 10:15:47.201428, Logical Clock: 306
2025-03-04 10:15:47,535 - INTERNAL - System Time: 2025-03-04 10:15:47.535493, Logical Clock: 307
2025-03-04 10:15:47,874 - SEND - System Time: 2025-03-04 10:15:47.873682, Logical Clock: 308, To: Machine on port 10000
2025-03-04 10:15:47,874 - SEND - System Time: 2025-03-04 10:15:47.873682, Logical Clock: 308, To: Machine on port 10002
2025-03-04 10:15:48,210 - INTERNAL - System Time: 2025-03-04 10:15:48.210453, Logical Clock: 309
2025-03-04 10:15:48,549 - RECEIVE - System Time: 2025-03-04 10:15:48.549037, Logical Clock: 311, Queue Length: 1, From: Machine 1
2025-03-04 10:15:48,885 - RECEIVE - System Time: 2025-03-04 10:15:48.885626, Logical Clock: 312, Queue Length: 1, From: Machine 1
2025-03-04 10:15:49,224 - RECEIVE - System Time: 2025-03-04 10:15:49.224245, Logical Clock: 318, Queue Length: 0, From: Machine 3
2025-03-04 10:15:49,563 - RECEIVE - System Time: 2025-03-04 10:15:49.562923, Logical Clock: 319, Queue Length: 0, From: Machine 1
2025-03-04 10:15:49,901 - RECEIVE - System Time: 2025-03-04 10:15:49.900848, Logical Clock: 323, Queue Length: 0, From: Machine 3
2025-03-04 10:15:50,235 - INTERNAL - System Time: 2025-03-04 10:15:50.235067, Logical Clock: 324
2025-03-04 10:15:50,572 - SEND - System Time: 2025-03-04 10:15:50.572605, Logical Clock: 325, To: Machine on port 10000
2025-03-04 10:15:50,910 - INTERNAL - System Time: 2025-03-04 10:15:50.909603, Logical Clock: 326
2025-03-04 10:15:51,245 - RECEIVE - System Time: 2025-03-04 10:15:51.245438, Logical Clock: 330, Queue Length: 0, From: Machine 3
2025-03-04 10:15:51,582 - RECEIVE - System Time: 2025-03-04 10:15:51.582234, Logical Clock: 331, Queue Length: 0, From: Machine 1
2025-03-04 10:15:51,920 - INTERNAL - System Time: 2025-03-04 10:15:51.920409, Logical Clock: 332
2025-03-04 10:15:52,264 - SEND - System Time: 2025-03-04 10:15:52.264012, Logical Clock: 333, To: Machine on port 10000
2025-03-04 10:15:52,599 - INTERNAL - System Time: 2025-03-04 10:15:52.599724, Logical Clock: 334
2025-03-04 10:15:52,936 - INTERNAL - System Time: 2025-03-04 10:15:52.935832, Logical Clock: 335
2025-03-04 10:15:53,273 - SEND - System Time: 2025-03-04 10:15:53.272930, Logical Clock: 336, To: Machine on port 10000
2025-03-04 10:15:53,273 - SEND - System Time: 2025-03-04 10:15:53.272930, Logical Clock: 336, To: Machine on port 10002
2025-03-04 10:15:53,609 - INTERNAL - System Time: 2025-03-04 10:15:53.609198, Logical Clock: 337
2025-03-04 10:15:53,948 - RECEIVE - System Time: 2025-03-04 10:15:53.948004, Logical Clock: 345, Queue Length: 0, From: Machine 1
2025-03-04 10:15:54,283 - RECEIVE - System Time: 2025-03-04 10:15:54.283027, Logical Clock: 348, Queue Length: 0, From: Machine 3
2025-03-04 10:15:54,620 - RECEIVE - System Time: 2025-03-04 10:15:54.620298, Logical Clock: 349, Queue Length: 0, From: Machine 1
2025-03-04 10:15:54,958 - INTERNAL - System Time: 2025-03-04 10:15:54.957733, Logical Clock: 350
2025-03-04 10:15:55,293 - RECEIVE - System Time: 2025-03-04 10:15:55.293071, Logical Clock: 351, Queue Length: 1, From: Machine 1
