2025-03-02 07:40:51,951 - Virtual Machine 1 initialized
2025-03-02 07:40:51,951 - Clock Rate: 2 ticks/second
2025-03-02 07:40:51,952 - Listening on port: 10000
2025-03-02 07:40:51,952 - Peer ports: [10001, 10002]
2025-03-02 07:40:52,964 - Connected to peer on port 10001
2025-03-02 07:40:53,972 - Connected to peer on port 10002
2025-03-02 07:40:53,972 - Network initialization completed
2025-03-02 07:40:53,972 - Starting main event loop
2025-03-02 07:40:53,972 - Clock rate: 2 ticks/second
2025-03-02 07:40:53,973 - SEND - System Time: 2025-03-02 07:40:53.973196, Logical Clock: 1, To: Machine on port 10001
2025-03-02 07:40:53,973 - SEND - System Time: 2025-03-02 07:40:53.973196, Logical Clock: 1, To: Machine on port 10002
2025-03-02 07:40:54,477 - SEND - System Time: 2025-03-02 07:40:54.477001, Logical Clock: 2, To: Machine on port 10002
2025-03-02 07:40:54,978 - INTERNAL - System Time: 2025-03-02 07:40:54.977926, Logical Clock: 3
2025-03-02 07:40:55,483 - INTERNAL - System Time: 2025-03-02 07:40:55.483343, Logical Clock: 4
2025-03-02 07:40:55,989 - SEND - System Time: 2025-03-02 07:40:55.988884, Logical Clock: 5, To: Machine on port 10001
2025-03-02 07:40:55,989 - SEND - System Time: 2025-03-02 07:40:55.988884, Logical Clock: 5, To: Machine on port 10002
2025-03-02 07:40:56,493 - SEND - System Time: 2025-03-02 07:40:56.493340, Logical Clock: 6, To: Machine on port 10001
2025-03-02 07:40:56,494 - SEND - System Time: 2025-03-02 07:40:56.493340, Logical Clock: 6, To: Machine on port 10002
2025-03-02 07:40:56,995 - INTERNAL - System Time: 2025-03-02 07:40:56.995438, Logical Clock: 7
2025-03-02 07:40:57,501 - INTERNAL - System Time: 2025-03-02 07:40:57.501079, Logical Clock: 8
2025-03-02 07:40:58,006 - INTERNAL - System Time: 2025-03-02 07:40:58.006483, Logical Clock: 9
2025-03-02 07:40:58,510 - INTERNAL - System Time: 2025-03-02 07:40:58.509928, Logical Clock: 10
2025-03-02 07:40:59,016 - SEND - System Time: 2025-03-02 07:40:59.016776, Logical Clock: 11, To: Machine on port 10001
2025-03-02 07:40:59,517 - INTERNAL - System Time: 2025-03-02 07:40:59.517781, Logical Clock: 12
2025-03-02 07:41:00,023 - SEND - System Time: 2025-03-02 07:41:00.023055, Logical Clock: 13, To: Machine on port 10002
2025-03-02 07:41:00,528 - SEND - System Time: 2025-03-02 07:41:00.528643, Logical Clock: 14, To: Machine on port 10001
2025-03-02 07:41:01,031 - SEND - System Time: 2025-03-02 07:41:01.031421, Logical Clock: 15, To: Machine on port 10001
2025-03-02 07:41:01,032 - SEND - System Time: 2025-03-02 07:41:01.031421, Logical Clock: 15, To: Machine on port 10002
2025-03-02 07:41:01,536 - INTERNAL - System Time: 2025-03-02 07:41:01.536096, Logical Clock: 16
2025-03-02 07:41:02,042 - INTERNAL - System Time: 2025-03-02 07:41:02.041819, Logical Clock: 17
2025-03-02 07:41:02,545 - SEND - System Time: 2025-03-02 07:41:02.544801, Logical Clock: 18, To: Machine on port 10001
2025-03-02 07:41:03,049 - SEND - System Time: 2025-03-02 07:41:03.049116, Logical Clock: 19, To: Machine on port 10001
2025-03-02 07:41:03,049 - SEND - System Time: 2025-03-02 07:41:03.049116, Logical Clock: 19, To: Machine on port 10002
2025-03-02 07:41:03,552 - SEND - System Time: 2025-03-02 07:41:03.551779, Logical Clock: 20, To: Machine on port 10001
2025-03-02 07:41:03,552 - SEND - System Time: 2025-03-02 07:41:03.551779, Logical Clock: 20, To: Machine on port 10002
2025-03-02 07:41:04,057 - INTERNAL - System Time: 2025-03-02 07:41:04.057552, Logical Clock: 21
2025-03-02 07:41:04,561 - INTERNAL - System Time: 2025-03-02 07:41:04.561192, Logical Clock: 22
2025-03-02 07:41:05,062 - SEND - System Time: 2025-03-02 07:41:05.062525, Logical Clock: 23, To: Machine on port 10001
2025-03-02 07:41:05,063 - SEND - System Time: 2025-03-02 07:41:05.062525, Logical Clock: 23, To: Machine on port 10002
2025-03-02 07:41:05,567 - SEND - System Time: 2025-03-02 07:41:05.567487, Logical Clock: 24, To: Machine on port 10002
2025-03-02 07:41:06,070 - INTERNAL - System Time: 2025-03-02 07:41:06.069863, Logical Clock: 25
2025-03-02 07:41:06,574 - SEND - System Time: 2025-03-02 07:41:06.574425, Logical Clock: 26, To: Machine on port 10001
2025-03-02 07:41:07,078 - SEND - System Time: 2025-03-02 07:41:07.078235, Logical Clock: 27, To: Machine on port 10001
2025-03-02 07:41:07,079 - SEND - System Time: 2025-03-02 07:41:07.078235, Logical Clock: 27, To: Machine on port 10002
2025-03-02 07:41:07,580 - INTERNAL - System Time: 2025-03-02 07:41:07.580409, Logical Clock: 28
2025-03-02 07:41:08,086 - SEND - System Time: 2025-03-02 07:41:08.086203, Logical Clock: 29, To: Machine on port 10002
2025-03-02 07:41:08,592 - INTERNAL - System Time: 2025-03-02 07:41:08.592482, Logical Clock: 30
2025-03-02 07:41:09,095 - INTERNAL - System Time: 2025-03-02 07:41:09.095379, Logical Clock: 31
2025-03-02 07:41:09,599 - SEND - System Time: 2025-03-02 07:41:09.599273, Logical Clock: 32, To: Machine on port 10002
2025-03-02 07:41:10,101 - SEND - System Time: 2025-03-02 07:41:10.101620, Logical Clock: 33, To: Machine on port 10001
2025-03-02 07:41:10,607 - INTERNAL - System Time: 2025-03-02 07:41:10.607004, Logical Clock: 34
2025-03-02 07:41:11,110 - INTERNAL - System Time: 2025-03-02 07:41:11.110526, Logical Clock: 35
2025-03-02 07:41:11,615 - INTERNAL - System Time: 2025-03-02 07:41:11.615380, Logical Clock: 36
2025-03-02 07:41:12,119 - INTERNAL - System Time: 2025-03-02 07:41:12.119553, Logical Clock: 37
2025-03-02 07:41:12,625 - INTERNAL - System Time: 2025-03-02 07:41:12.625009, Logical Clock: 38
2025-03-02 07:41:13,129 - INTERNAL - System Time: 2025-03-02 07:41:13.129117, Logical Clock: 39
2025-03-02 07:41:13,634 - INTERNAL - System Time: 2025-03-02 07:41:13.634410, Logical Clock: 40
2025-03-02 07:41:14,136 - SEND - System Time: 2025-03-02 07:41:14.136346, Logical Clock: 41, To: Machine on port 10001
2025-03-02 07:41:14,136 - SEND - System Time: 2025-03-02 07:41:14.136346, Logical Clock: 41, To: Machine on port 10002
2025-03-02 07:41:14,641 - INTERNAL - System Time: 2025-03-02 07:41:14.641747, Logical Clock: 42
2025-03-02 07:41:15,144 - SEND - System Time: 2025-03-02 07:41:15.144062, Logical Clock: 43, To: Machine on port 10001
2025-03-02 07:41:15,645 - SEND - System Time: 2025-03-02 07:41:15.645389, Logical Clock: 44, To: Machine on port 10001
2025-03-02 07:41:16,151 - SEND - System Time: 2025-03-02 07:41:16.150993, Logical Clock: 45, To: Machine on port 10002
2025-03-02 07:41:16,656 - INTERNAL - System Time: 2025-03-02 07:41:16.656324, Logical Clock: 46
2025-03-02 07:41:17,161 - SEND - System Time: 2025-03-02 07:41:17.160878, Logical Clock: 47, To: Machine on port 10001
2025-03-02 07:41:17,161 - SEND - System Time: 2025-03-02 07:41:17.160878, Logical Clock: 47, To: Machine on port 10002
2025-03-02 07:41:17,666 - INTERNAL - System Time: 2025-03-02 07:41:17.666233, Logical Clock: 48
2025-03-02 07:41:18,172 - INTERNAL - System Time: 2025-03-02 07:41:18.172001, Logical Clock: 49
2025-03-02 07:41:18,677 - SEND - System Time: 2025-03-02 07:41:18.676774, Logical Clock: 50, To: Machine on port 10001
2025-03-02 07:41:19,183 - INTERNAL - System Time: 2025-03-02 07:41:19.182925, Logical Clock: 51
2025-03-02 07:41:19,684 - INTERNAL - System Time: 2025-03-02 07:41:19.684172, Logical Clock: 52
2025-03-02 07:41:20,185 - INTERNAL - System Time: 2025-03-02 07:41:20.185475, Logical Clock: 53
2025-03-02 07:41:20,688 - INTERNAL - System Time: 2025-03-02 07:41:20.688387, Logical Clock: 54
2025-03-02 07:41:21,194 - INTERNAL - System Time: 2025-03-02 07:41:21.194386, Logical Clock: 55
2025-03-02 07:41:21,696 - SEND - System Time: 2025-03-02 07:41:21.696278, Logical Clock: 56, To: Machine on port 10001
2025-03-02 07:41:21,697 - SEND - System Time: 2025-03-02 07:41:21.696278, Logical Clock: 56, To: Machine on port 10002
2025-03-02 07:41:22,202 - INTERNAL - System Time: 2025-03-02 07:41:22.202073, Logical Clock: 57
2025-03-02 07:41:22,705 - INTERNAL - System Time: 2025-03-02 07:41:22.704973, Logical Clock: 58
2025-03-02 07:41:23,209 - INTERNAL - System Time: 2025-03-02 07:41:23.209381, Logical Clock: 59
2025-03-02 07:41:23,711 - SEND - System Time: 2025-03-02 07:41:23.710991, Logical Clock: 60, To: Machine on port 10002
2025-03-02 07:41:24,213 - INTERNAL - System Time: 2025-03-02 07:41:24.212877, Logical Clock: 61
2025-03-02 07:41:24,717 - INTERNAL - System Time: 2025-03-02 07:41:24.717562, Logical Clock: 62
2025-03-02 07:41:25,218 - INTERNAL - System Time: 2025-03-02 07:41:25.218757, Logical Clock: 63
2025-03-02 07:41:25,720 - INTERNAL - System Time: 2025-03-02 07:41:25.720511, Logical Clock: 64
2025-03-02 07:41:26,225 - SEND - System Time: 2025-03-02 07:41:26.224702, Logical Clock: 65, To: Machine on port 10001
2025-03-02 07:41:26,726 - SEND - System Time: 2025-03-02 07:41:26.726134, Logical Clock: 66, To: Machine on port 10001
2025-03-02 07:41:26,726 - SEND - System Time: 2025-03-02 07:41:26.726134, Logical Clock: 66, To: Machine on port 10002
2025-03-02 07:41:27,232 - SEND - System Time: 2025-03-02 07:41:27.231938, Logical Clock: 67, To: Machine on port 10001
2025-03-02 07:41:27,736 - INTERNAL - System Time: 2025-03-02 07:41:27.736017, Logical Clock: 68
2025-03-02 07:41:28,242 - INTERNAL - System Time: 2025-03-02 07:41:28.241927, Logical Clock: 69
2025-03-02 07:41:28,745 - SEND - System Time: 2025-03-02 07:41:28.745057, Logical Clock: 70, To: Machine on port 10001
2025-03-02 07:41:28,745 - SEND - System Time: 2025-03-02 07:41:28.745057, Logical Clock: 70, To: Machine on port 10002
2025-03-02 07:41:29,251 - INTERNAL - System Time: 2025-03-02 07:41:29.250996, Logical Clock: 71
2025-03-02 07:41:29,753 - INTERNAL - System Time: 2025-03-02 07:41:29.753533, Logical Clock: 72
2025-03-02 07:41:30,255 - INTERNAL - System Time: 2025-03-02 07:41:30.254847, Logical Clock: 73
2025-03-02 07:41:30,758 - INTERNAL - System Time: 2025-03-02 07:41:30.758494, Logical Clock: 74
2025-03-02 07:41:31,264 - SEND - System Time: 2025-03-02 07:41:31.263839, Logical Clock: 75, To: Machine on port 10001
2025-03-02 07:41:31,264 - SEND - System Time: 2025-03-02 07:41:31.263839, Logical Clock: 75, To: Machine on port 10002
2025-03-02 07:41:31,769 - SEND - System Time: 2025-03-02 07:41:31.769258, Logical Clock: 76, To: Machine on port 10001
2025-03-02 07:41:31,769 - SEND - System Time: 2025-03-02 07:41:31.769258, Logical Clock: 76, To: Machine on port 10002
2025-03-02 07:41:32,274 - INTERNAL - System Time: 2025-03-02 07:41:32.274311, Logical Clock: 77
2025-03-02 07:41:32,776 - SEND - System Time: 2025-03-02 07:41:32.776531, Logical Clock: 78, To: Machine on port 10001
2025-03-02 07:41:33,281 - INTERNAL - System Time: 2025-03-02 07:41:33.281734, Logical Clock: 79
2025-03-02 07:41:33,785 - INTERNAL - System Time: 2025-03-02 07:41:33.785703, Logical Clock: 80
2025-03-02 07:41:34,286 - INTERNAL - System Time: 2025-03-02 07:41:34.286683, Logical Clock: 81
2025-03-02 07:41:34,789 - SEND - System Time: 2025-03-02 07:41:34.789426, Logical Clock: 82, To: Machine on port 10001
2025-03-02 07:41:35,295 - INTERNAL - System Time: 2025-03-02 07:41:35.295098, Logical Clock: 83
2025-03-02 07:41:35,798 - SEND - System Time: 2025-03-02 07:41:35.798224, Logical Clock: 84, To: Machine on port 10001
2025-03-02 07:41:35,798 - SEND - System Time: 2025-03-02 07:41:35.798224, Logical Clock: 84, To: Machine on port 10002
2025-03-02 07:41:36,301 - INTERNAL - System Time: 2025-03-02 07:41:36.301316, Logical Clock: 85
2025-03-02 07:41:36,803 - INTERNAL - System Time: 2025-03-02 07:41:36.803693, Logical Clock: 86
2025-03-02 07:41:37,307 - SEND - System Time: 2025-03-02 07:41:37.307415, Logical Clock: 87, To: Machine on port 10002
2025-03-02 07:41:37,811 - INTERNAL - System Time: 2025-03-02 07:41:37.811171, Logical Clock: 88
2025-03-02 07:41:38,313 - INTERNAL - System Time: 2025-03-02 07:41:38.313448, Logical Clock: 89
2025-03-02 07:41:38,817 - INTERNAL - System Time: 2025-03-02 07:41:38.817628, Logical Clock: 90
2025-03-02 07:41:39,318 - INTERNAL - System Time: 2025-03-02 07:41:39.318470, Logical Clock: 91
2025-03-02 07:41:39,819 - INTERNAL - System Time: 2025-03-02 07:41:39.819539, Logical Clock: 92
2025-03-02 07:41:40,323 - SEND - System Time: 2025-03-02 07:41:40.322820, Logical Clock: 93, To: Machine on port 10001
2025-03-02 07:41:40,323 - SEND - System Time: 2025-03-02 07:41:40.322820, Logical Clock: 93, To: Machine on port 10002
2025-03-02 07:41:40,827 - INTERNAL - System Time: 2025-03-02 07:41:40.826689, Logical Clock: 94
2025-03-02 07:41:41,329 - INTERNAL - System Time: 2025-03-02 07:41:41.329770, Logical Clock: 95
2025-03-02 07:41:41,834 - INTERNAL - System Time: 2025-03-02 07:41:41.834437, Logical Clock: 96
2025-03-02 07:41:42,337 - INTERNAL - System Time: 2025-03-02 07:41:42.336879, Logical Clock: 97
2025-03-02 07:41:42,838 - INTERNAL - System Time: 2025-03-02 07:41:42.838572, Logical Clock: 98
2025-03-02 07:41:43,340 - INTERNAL - System Time: 2025-03-02 07:41:43.340004, Logical Clock: 99
2025-03-02 07:41:43,844 - INTERNAL - System Time: 2025-03-02 07:41:43.843843, Logical Clock: 100
2025-03-02 07:41:44,347 - INTERNAL - System Time: 2025-03-02 07:41:44.347740, Logical Clock: 101
2025-03-02 07:41:44,851 - INTERNAL - System Time: 2025-03-02 07:41:44.851635, Logical Clock: 102
2025-03-02 07:41:45,356 - SEND - System Time: 2025-03-02 07:41:45.355905, Logical Clock: 103, To: Machine on port 10002
2025-03-02 07:41:45,861 - INTERNAL - System Time: 2025-03-02 07:41:45.861212, Logical Clock: 104
2025-03-02 07:41:46,365 - INTERNAL - System Time: 2025-03-02 07:41:46.364933, Logical Clock: 105
2025-03-02 07:41:46,866 - INTERNAL - System Time: 2025-03-02 07:41:46.866757, Logical Clock: 106
2025-03-02 07:41:47,372 - INTERNAL - System Time: 2025-03-02 07:41:47.372507, Logical Clock: 107
2025-03-02 07:41:47,878 - INTERNAL - System Time: 2025-03-02 07:41:47.877849, Logical Clock: 108
2025-03-02 07:41:48,383 - INTERNAL - System Time: 2025-03-02 07:41:48.383506, Logical Clock: 109
2025-03-02 07:41:48,885 - INTERNAL - System Time: 2025-03-02 07:41:48.885537, Logical Clock: 110
2025-03-02 07:41:49,389 - INTERNAL - System Time: 2025-03-02 07:41:49.389585, Logical Clock: 111
2025-03-02 07:41:49,899 - SEND - System Time: 2025-03-02 07:41:49.898890, Logical Clock: 112, To: Machine on port 10002
2025-03-02 07:41:50,404 - INTERNAL - System Time: 2025-03-02 07:41:50.404252, Logical Clock: 113
2025-03-02 07:41:50,910 - INTERNAL - System Time: 2025-03-02 07:41:50.910672, Logical Clock: 114
2025-03-02 07:41:51,413 - SEND - System Time: 2025-03-02 07:41:51.412964, Logical Clock: 115, To: Machine on port 10002
2025-03-02 07:41:51,918 - SEND - System Time: 2025-03-02 07:41:51.918545, Logical Clock: 116, To: Machine on port 10002
2025-03-02 07:41:52,419 - INTERNAL - System Time: 2025-03-02 07:41:52.419523, Logical Clock: 117
2025-03-02 07:41:52,921 - INTERNAL - System Time: 2025-03-02 07:41:52.921286, Logical Clock: 118
