2025-03-02 07:40:52,468 - Virtual Machine 2 initialized
2025-03-02 07:40:52,468 - Clock Rate: 4 ticks/second
2025-03-02 07:40:52,468 - Listening on port: 10001
2025-03-02 07:40:52,468 - Peer ports: [10000, 10002]
2025-03-02 07:40:52,965 - Accepted connection from ('127.0.0.1', 65427)
2025-03-02 07:40:53,476 - Connected to peer on port 10002
2025-03-02 07:40:53,476 - Network initialization completed
2025-03-02 07:40:53,477 - Starting main event loop
2025-03-02 07:40:53,477 - Clock rate: 4 ticks/second
2025-03-02 07:40:53,477 - INTERNAL - System Time: 2025-03-02 07:40:53.477187, Logical Clock: 1
2025-03-02 07:40:53,729 - SEND - System Time: 2025-03-02 07:40:53.728972, Logical Clock: 2, To: Machine on port 10002
2025-03-02 07:40:53,984 - RECEIVE - System Time: 2025-03-02 07:40:53.984336, Logical Clock: 3, Queue Length: 0, From: Machine 1
2025-03-02 07:40:54,240 - No connection to port 10000
2025-03-02 07:40:54,493 - INTERNAL - System Time: 2025-03-02 07:40:54.493609, Logical Clock: 5
2025-03-02 07:40:54,746 - INTERNAL - System Time: 2025-03-02 07:40:54.746750, Logical Clock: 6
2025-03-02 07:40:55,002 - SEND - System Time: 2025-03-02 07:40:55.002451, Logical Clock: 7, To: Machine on port 10002
2025-03-02 07:40:55,258 - No connection to port 10000
2025-03-02 07:40:55,512 - SEND - System Time: 2025-03-02 07:40:55.512117, Logical Clock: 9, To: Machine on port 10002
2025-03-02 07:40:55,767 - INTERNAL - System Time: 2025-03-02 07:40:55.767449, Logical Clock: 10
2025-03-02 07:40:56,020 - RECEIVE - System Time: 2025-03-02 07:40:56.020309, Logical Clock: 11, Queue Length: 0, From: Machine 1
2025-03-02 07:40:56,271 - No connection to port 10000
2025-03-02 07:40:56,522 - RECEIVE - System Time: 2025-03-02 07:40:56.522734, Logical Clock: 13, Queue Length: 0, From: Machine 1
2025-03-02 07:40:56,776 - INTERNAL - System Time: 2025-03-02 07:40:56.775933, Logical Clock: 14
2025-03-02 07:40:57,030 - INTERNAL - System Time: 2025-03-02 07:40:57.030901, Logical Clock: 15
2025-03-02 07:40:57,284 - INTERNAL - System Time: 2025-03-02 07:40:57.284347, Logical Clock: 16
2025-03-02 07:40:57,538 - INTERNAL - System Time: 2025-03-02 07:40:57.538173, Logical Clock: 17
2025-03-02 07:40:57,793 - INTERNAL - System Time: 2025-03-02 07:40:57.793395, Logical Clock: 18
2025-03-02 07:40:58,045 - SEND - System Time: 2025-03-02 07:40:58.044838, Logical Clock: 19, To: Machine on port 10002
2025-03-02 07:40:58,299 - INTERNAL - System Time: 2025-03-02 07:40:58.299294, Logical Clock: 20
2025-03-02 07:40:58,553 - SEND - System Time: 2025-03-02 07:40:58.552933, Logical Clock: 21, To: Machine on port 10002
2025-03-02 07:40:58,808 - INTERNAL - System Time: 2025-03-02 07:40:58.808628, Logical Clock: 22
2025-03-02 07:40:59,060 - RECEIVE - System Time: 2025-03-02 07:40:59.060731, Logical Clock: 23, Queue Length: 0, From: Machine 1
2025-03-02 07:40:59,316 - No connection to port 10000
2025-03-02 07:40:59,316 - SEND - System Time: 2025-03-02 07:40:59.316485, Logical Clock: 24, To: Machine on port 10002
2025-03-02 07:40:59,571 - INTERNAL - System Time: 2025-03-02 07:40:59.571719, Logical Clock: 25
2025-03-02 07:40:59,827 - INTERNAL - System Time: 2025-03-02 07:40:59.827034, Logical Clock: 26
2025-03-02 07:41:00,081 - No connection to port 10000
2025-03-02 07:41:00,082 - SEND - System Time: 2025-03-02 07:41:00.081578, Logical Clock: 27, To: Machine on port 10002
2025-03-02 07:41:00,335 - INTERNAL - System Time: 2025-03-02 07:41:00.335068, Logical Clock: 28
2025-03-02 07:41:00,586 - RECEIVE - System Time: 2025-03-02 07:41:00.586057, Logical Clock: 29, Queue Length: 0, From: Machine 1
2025-03-02 07:41:00,839 - No connection to port 10000
2025-03-02 07:41:00,840 - SEND - System Time: 2025-03-02 07:41:00.839577, Logical Clock: 30, To: Machine on port 10002
2025-03-02 07:41:01,093 - RECEIVE - System Time: 2025-03-02 07:41:01.093870, Logical Clock: 31, Queue Length: 0, From: Machine 1
2025-03-02 07:41:01,349 - INTERNAL - System Time: 2025-03-02 07:41:01.349413, Logical Clock: 32
2025-03-02 07:41:01,602 - INTERNAL - System Time: 2025-03-02 07:41:01.602192, Logical Clock: 33
2025-03-02 07:41:01,856 - INTERNAL - System Time: 2025-03-02 07:41:01.856372, Logical Clock: 34
2025-03-02 07:41:02,112 - No connection to port 10000
2025-03-02 07:41:02,112 - SEND - System Time: 2025-03-02 07:41:02.111818, Logical Clock: 35, To: Machine on port 10002
2025-03-02 07:41:02,365 - INTERNAL - System Time: 2025-03-02 07:41:02.365648, Logical Clock: 36
2025-03-02 07:41:02,619 - RECEIVE - System Time: 2025-03-02 07:41:02.618819, Logical Clock: 37, Queue Length: 0, From: Machine 1
2025-03-02 07:41:02,874 - INTERNAL - System Time: 2025-03-02 07:41:02.874504, Logical Clock: 38
2025-03-02 07:41:03,129 - RECEIVE - System Time: 2025-03-02 07:41:03.129283, Logical Clock: 39, Queue Length: 0, From: Machine 1
2025-03-02 07:41:03,384 - INTERNAL - System Time: 2025-03-02 07:41:03.384708, Logical Clock: 40
2025-03-02 07:41:03,636 - RECEIVE - System Time: 2025-03-02 07:41:03.636706, Logical Clock: 41, Queue Length: 0, From: Machine 1
2025-03-02 07:41:03,892 - SEND - System Time: 2025-03-02 07:41:03.892319, Logical Clock: 42, To: Machine on port 10002
2025-03-02 07:41:04,144 - INTERNAL - System Time: 2025-03-02 07:41:04.143933, Logical Clock: 43
2025-03-02 07:41:04,400 - INTERNAL - System Time: 2025-03-02 07:41:04.399794, Logical Clock: 44
2025-03-02 07:41:04,652 - No connection to port 10000
2025-03-02 07:41:04,653 - SEND - System Time: 2025-03-02 07:41:04.652518, Logical Clock: 45, To: Machine on port 10002
2025-03-02 07:41:04,906 - INTERNAL - System Time: 2025-03-02 07:41:04.906777, Logical Clock: 46
2025-03-02 07:41:05,162 - RECEIVE - System Time: 2025-03-02 07:41:05.162105, Logical Clock: 47, Queue Length: 0, From: Machine 1
2025-03-02 07:41:05,414 - INTERNAL - System Time: 2025-03-02 07:41:05.414121, Logical Clock: 48
2025-03-02 07:41:05,665 - INTERNAL - System Time: 2025-03-02 07:41:05.665522, Logical Clock: 49
2025-03-02 07:41:05,918 - INTERNAL - System Time: 2025-03-02 07:41:05.918392, Logical Clock: 50
2025-03-02 07:41:06,174 - INTERNAL - System Time: 2025-03-02 07:41:06.173786, Logical Clock: 51
2025-03-02 07:41:06,427 - No connection to port 10000
2025-03-02 07:41:06,681 - RECEIVE - System Time: 2025-03-02 07:41:06.681531, Logical Clock: 53, Queue Length: 0, From: Machine 1
2025-03-02 07:41:06,936 - SEND - System Time: 2025-03-02 07:41:06.935841, Logical Clock: 54, To: Machine on port 10002
2025-03-02 07:41:07,189 - RECEIVE - System Time: 2025-03-02 07:41:07.188921, Logical Clock: 55, Queue Length: 0, From: Machine 1
2025-03-02 07:41:07,444 - INTERNAL - System Time: 2025-03-02 07:41:07.444157, Logical Clock: 56
2025-03-02 07:41:07,696 - INTERNAL - System Time: 2025-03-02 07:41:07.696728, Logical Clock: 57
2025-03-02 07:41:07,950 - SEND - System Time: 2025-03-02 07:41:07.950725, Logical Clock: 58, To: Machine on port 10002
2025-03-02 07:41:08,206 - INTERNAL - System Time: 2025-03-02 07:41:08.205988, Logical Clock: 59
2025-03-02 07:41:08,461 - INTERNAL - System Time: 2025-03-02 07:41:08.461377, Logical Clock: 60
2025-03-02 07:41:08,714 - No connection to port 10000
2025-03-02 07:41:08,967 - INTERNAL - System Time: 2025-03-02 07:41:08.967118, Logical Clock: 62
2025-03-02 07:41:09,220 - No connection to port 10000
2025-03-02 07:41:09,220 - SEND - System Time: 2025-03-02 07:41:09.220409, Logical Clock: 63, To: Machine on port 10002
2025-03-02 07:41:09,479 - SEND - System Time: 2025-03-02 07:41:09.478703, Logical Clock: 64, To: Machine on port 10002
2025-03-02 07:41:09,731 - SEND - System Time: 2025-03-02 07:41:09.731548, Logical Clock: 65, To: Machine on port 10002
2025-03-02 07:41:09,983 - INTERNAL - System Time: 2025-03-02 07:41:09.983732, Logical Clock: 66
2025-03-02 07:41:10,239 - RECEIVE - System Time: 2025-03-02 07:41:10.239082, Logical Clock: 67, Queue Length: 0, From: Machine 1
2025-03-02 07:41:10,491 - SEND - System Time: 2025-03-02 07:41:10.491225, Logical Clock: 68, To: Machine on port 10002
2025-03-02 07:41:10,744 - INTERNAL - System Time: 2025-03-02 07:41:10.744710, Logical Clock: 69
2025-03-02 07:41:11,001 - INTERNAL - System Time: 2025-03-02 07:41:11.000763, Logical Clock: 70
2025-03-02 07:41:11,254 - INTERNAL - System Time: 2025-03-02 07:41:11.253989, Logical Clock: 71
2025-03-02 07:41:11,514 - INTERNAL - System Time: 2025-03-02 07:41:11.510384, Logical Clock: 72
2025-03-02 07:41:11,770 - No connection to port 10000
2025-03-02 07:41:12,026 - No connection to port 10000
2025-03-02 07:41:12,280 - INTERNAL - System Time: 2025-03-02 07:41:12.280328, Logical Clock: 75
2025-03-02 07:41:12,536 - No connection to port 10000
2025-03-02 07:41:12,536 - SEND - System Time: 2025-03-02 07:41:12.536028, Logical Clock: 76, To: Machine on port 10002
2025-03-02 07:41:12,792 - INTERNAL - System Time: 2025-03-02 07:41:12.792721, Logical Clock: 77
2025-03-02 07:41:13,048 - INTERNAL - System Time: 2025-03-02 07:41:13.048347, Logical Clock: 78
2025-03-02 07:41:13,303 - INTERNAL - System Time: 2025-03-02 07:41:13.303719, Logical Clock: 79
2025-03-02 07:41:13,558 - INTERNAL - System Time: 2025-03-02 07:41:13.558530, Logical Clock: 80
2025-03-02 07:41:13,810 - INTERNAL - System Time: 2025-03-02 07:41:13.810594, Logical Clock: 81
2025-03-02 07:41:14,065 - INTERNAL - System Time: 2025-03-02 07:41:14.065868, Logical Clock: 82
2025-03-02 07:41:14,321 - RECEIVE - System Time: 2025-03-02 07:41:14.321223, Logical Clock: 83, Queue Length: 0, From: Machine 1
2025-03-02 07:41:14,573 - INTERNAL - System Time: 2025-03-02 07:41:14.573562, Logical Clock: 84
2025-03-02 07:41:14,827 - INTERNAL - System Time: 2025-03-02 07:41:14.827548, Logical Clock: 85
2025-03-02 07:41:15,079 - INTERNAL - System Time: 2025-03-02 07:41:15.078948, Logical Clock: 86
2025-03-02 07:41:15,330 - RECEIVE - System Time: 2025-03-02 07:41:15.330500, Logical Clock: 87, Queue Length: 0, From: Machine 1
2025-03-02 07:41:15,582 - No connection to port 10000
2025-03-02 07:41:15,583 - SEND - System Time: 2025-03-02 07:41:15.582278, Logical Clock: 88, To: Machine on port 10002
2025-03-02 07:41:15,835 - RECEIVE - System Time: 2025-03-02 07:41:15.835534, Logical Clock: 89, Queue Length: 0, From: Machine 1
2025-03-02 07:41:16,087 - INTERNAL - System Time: 2025-03-02 07:41:16.087494, Logical Clock: 90
2025-03-02 07:41:16,343 - INTERNAL - System Time: 2025-03-02 07:41:16.343326, Logical Clock: 91
2025-03-02 07:41:16,594 - No connection to port 10000
2025-03-02 07:41:16,595 - SEND - System Time: 2025-03-02 07:41:16.594587, Logical Clock: 92, To: Machine on port 10002
2025-03-02 07:41:16,850 - No connection to port 10000
2025-03-02 07:41:17,103 - INTERNAL - System Time: 2025-03-02 07:41:17.103648, Logical Clock: 94
2025-03-02 07:41:17,356 - RECEIVE - System Time: 2025-03-02 07:41:17.356588, Logical Clock: 95, Queue Length: 0, From: Machine 1
2025-03-02 07:41:17,611 - SEND - System Time: 2025-03-02 07:41:17.611328, Logical Clock: 96, To: Machine on port 10002
2025-03-02 07:41:17,866 - INTERNAL - System Time: 2025-03-02 07:41:17.866076, Logical Clock: 97
2025-03-02 07:41:18,119 - INTERNAL - System Time: 2025-03-02 07:41:18.118795, Logical Clock: 98
2025-03-02 07:41:18,369 - INTERNAL - System Time: 2025-03-02 07:41:18.369874, Logical Clock: 99
2025-03-02 07:41:18,625 - INTERNAL - System Time: 2025-03-02 07:41:18.625220, Logical Clock: 100
2025-03-02 07:41:18,876 - RECEIVE - System Time: 2025-03-02 07:41:18.876331, Logical Clock: 101, Queue Length: 0, From: Machine 1
2025-03-02 07:41:19,131 - INTERNAL - System Time: 2025-03-02 07:41:19.131641, Logical Clock: 102
2025-03-02 07:41:19,385 - INTERNAL - System Time: 2025-03-02 07:41:19.385693, Logical Clock: 103
2025-03-02 07:41:19,640 - SEND - System Time: 2025-03-02 07:41:19.640596, Logical Clock: 104, To: Machine on port 10002
2025-03-02 07:41:19,894 - INTERNAL - System Time: 2025-03-02 07:41:19.894373, Logical Clock: 105
2025-03-02 07:41:20,147 - No connection to port 10000
2025-03-02 07:41:20,148 - SEND - System Time: 2025-03-02 07:41:20.147330, Logical Clock: 106, To: Machine on port 10002
2025-03-02 07:41:20,402 - INTERNAL - System Time: 2025-03-02 07:41:20.402289, Logical Clock: 107
2025-03-02 07:41:20,658 - INTERNAL - System Time: 2025-03-02 07:41:20.658062, Logical Clock: 108
2025-03-02 07:41:20,913 - INTERNAL - System Time: 2025-03-02 07:41:20.913215, Logical Clock: 109
2025-03-02 07:41:21,166 - INTERNAL - System Time: 2025-03-02 07:41:21.165770, Logical Clock: 110
2025-03-02 07:41:21,421 - INTERNAL - System Time: 2025-03-02 07:41:21.421530, Logical Clock: 111
2025-03-02 07:41:21,673 - INTERNAL - System Time: 2025-03-02 07:41:21.673394, Logical Clock: 112
2025-03-02 07:41:21,924 - RECEIVE - System Time: 2025-03-02 07:41:21.924499, Logical Clock: 113, Queue Length: 0, From: Machine 1
2025-03-02 07:41:22,176 - No connection to port 10000
2025-03-02 07:41:22,428 - SEND - System Time: 2025-03-02 07:41:22.428540, Logical Clock: 115, To: Machine on port 10002
2025-03-02 07:41:22,684 - INTERNAL - System Time: 2025-03-02 07:41:22.683865, Logical Clock: 116
2025-03-02 07:41:22,936 - No connection to port 10000
2025-03-02 07:41:22,937 - SEND - System Time: 2025-03-02 07:41:22.936880, Logical Clock: 117, To: Machine on port 10002
2025-03-02 07:41:23,188 - No connection to port 10000
2025-03-02 07:41:23,439 - INTERNAL - System Time: 2025-03-02 07:41:23.438954, Logical Clock: 119
2025-03-02 07:41:23,693 - No connection to port 10000
2025-03-02 07:41:23,693 - SEND - System Time: 2025-03-02 07:41:23.693302, Logical Clock: 120, To: Machine on port 10002
2025-03-02 07:41:23,948 - INTERNAL - System Time: 2025-03-02 07:41:23.948304, Logical Clock: 121
2025-03-02 07:41:24,203 - No connection to port 10000
2025-03-02 07:41:24,204 - SEND - System Time: 2025-03-02 07:41:24.203610, Logical Clock: 122, To: Machine on port 10002
2025-03-02 07:41:24,455 - INTERNAL - System Time: 2025-03-02 07:41:24.455454, Logical Clock: 123
2025-03-02 07:41:24,711 - INTERNAL - System Time: 2025-03-02 07:41:24.710845, Logical Clock: 124
2025-03-02 07:41:24,964 - INTERNAL - System Time: 2025-03-02 07:41:24.964428, Logical Clock: 125
2025-03-02 07:41:25,218 - INTERNAL - System Time: 2025-03-02 07:41:25.218645, Logical Clock: 126
2025-03-02 07:41:25,473 - INTERNAL - System Time: 2025-03-02 07:41:25.473649, Logical Clock: 127
2025-03-02 07:41:25,729 - INTERNAL - System Time: 2025-03-02 07:41:25.729238, Logical Clock: 128
2025-03-02 07:41:25,984 - INTERNAL - System Time: 2025-03-02 07:41:25.984285, Logical Clock: 129
2025-03-02 07:41:26,235 - RECEIVE - System Time: 2025-03-02 07:41:26.235636, Logical Clock: 130, Queue Length: 0, From: Machine 1
2025-03-02 07:41:26,487 - INTERNAL - System Time: 2025-03-02 07:41:26.487140, Logical Clock: 131
2025-03-02 07:41:26,738 - RECEIVE - System Time: 2025-03-02 07:41:26.738643, Logical Clock: 132, Queue Length: 0, From: Machine 1
2025-03-02 07:41:26,993 - INTERNAL - System Time: 2025-03-02 07:41:26.993458, Logical Clock: 133
2025-03-02 07:41:27,248 - RECEIVE - System Time: 2025-03-02 07:41:27.248138, Logical Clock: 134, Queue Length: 0, From: Machine 1
2025-03-02 07:41:27,499 - No connection to port 10000
2025-03-02 07:41:27,500 - SEND - System Time: 2025-03-02 07:41:27.499048, Logical Clock: 135, To: Machine on port 10002
2025-03-02 07:41:27,751 - INTERNAL - System Time: 2025-03-02 07:41:27.750866, Logical Clock: 136
2025-03-02 07:41:28,005 - INTERNAL - System Time: 2025-03-02 07:41:28.004904, Logical Clock: 137
2025-03-02 07:41:28,261 - No connection to port 10000
2025-03-02 07:41:28,515 - INTERNAL - System Time: 2025-03-02 07:41:28.514849, Logical Clock: 139
2025-03-02 07:41:28,769 - RECEIVE - System Time: 2025-03-02 07:41:28.769098, Logical Clock: 140, Queue Length: 0, From: Machine 1
2025-03-02 07:41:29,024 - INTERNAL - System Time: 2025-03-02 07:41:29.024435, Logical Clock: 141
2025-03-02 07:41:29,278 - INTERNAL - System Time: 2025-03-02 07:41:29.278054, Logical Clock: 142
2025-03-02 07:41:29,533 - INTERNAL - System Time: 2025-03-02 07:41:29.532768, Logical Clock: 143
2025-03-02 07:41:29,784 - No connection to port 10000
2025-03-02 07:41:29,784 - SEND - System Time: 2025-03-02 07:41:29.784200, Logical Clock: 144, To: Machine on port 10002
2025-03-02 07:41:30,036 - INTERNAL - System Time: 2025-03-02 07:41:30.036336, Logical Clock: 145
2025-03-02 07:41:30,290 - INTERNAL - System Time: 2025-03-02 07:41:30.289890, Logical Clock: 146
2025-03-02 07:41:30,541 - INTERNAL - System Time: 2025-03-02 07:41:30.541573, Logical Clock: 147
2025-03-02 07:41:30,796 - INTERNAL - System Time: 2025-03-02 07:41:30.796397, Logical Clock: 148
2025-03-02 07:41:31,051 - INTERNAL - System Time: 2025-03-02 07:41:31.051622, Logical Clock: 149
2025-03-02 07:41:31,306 - RECEIVE - System Time: 2025-03-02 07:41:31.306319, Logical Clock: 150, Queue Length: 0, From: Machine 1
2025-03-02 07:41:31,561 - INTERNAL - System Time: 2025-03-02 07:41:31.561197, Logical Clock: 151
2025-03-02 07:41:31,814 - RECEIVE - System Time: 2025-03-02 07:41:31.814553, Logical Clock: 152, Queue Length: 0, From: Machine 1
2025-03-02 07:41:32,069 - INTERNAL - System Time: 2025-03-02 07:41:32.069246, Logical Clock: 153
2025-03-02 07:41:32,324 - INTERNAL - System Time: 2025-03-02 07:41:32.324108, Logical Clock: 154
2025-03-02 07:41:32,579 - No connection to port 10000
2025-03-02 07:41:32,831 - RECEIVE - System Time: 2025-03-02 07:41:32.831025, Logical Clock: 156, Queue Length: 0, From: Machine 1
2025-03-02 07:41:33,082 - SEND - System Time: 2025-03-02 07:41:33.081734, Logical Clock: 157, To: Machine on port 10002
2025-03-02 07:41:33,336 - INTERNAL - System Time: 2025-03-02 07:41:33.336068, Logical Clock: 158
2025-03-02 07:41:33,591 - INTERNAL - System Time: 2025-03-02 07:41:33.591332, Logical Clock: 159
2025-03-02 07:41:33,843 - INTERNAL - System Time: 2025-03-02 07:41:33.843155, Logical Clock: 160
2025-03-02 07:41:34,097 - INTERNAL - System Time: 2025-03-02 07:41:34.097006, Logical Clock: 161
2025-03-02 07:41:34,349 - INTERNAL - System Time: 2025-03-02 07:41:34.349739, Logical Clock: 162
2025-03-02 07:41:34,604 - INTERNAL - System Time: 2025-03-02 07:41:34.604097, Logical Clock: 163
2025-03-02 07:41:34,859 - RECEIVE - System Time: 2025-03-02 07:41:34.859660, Logical Clock: 164, Queue Length: 0, From: Machine 1
2025-03-02 07:41:35,115 - No connection to port 10000
2025-03-02 07:41:35,368 - No connection to port 10000
2025-03-02 07:41:35,369 - SEND - System Time: 2025-03-02 07:41:35.368108, Logical Clock: 166, To: Machine on port 10002
2025-03-02 07:41:35,622 - INTERNAL - System Time: 2025-03-02 07:41:35.622615, Logical Clock: 167
2025-03-02 07:41:35,876 - RECEIVE - System Time: 2025-03-02 07:41:35.876593, Logical Clock: 168, Queue Length: 0, From: Machine 1
2025-03-02 07:41:36,132 - No connection to port 10000
2025-03-02 07:41:36,133 - SEND - System Time: 2025-03-02 07:41:36.132657, Logical Clock: 169, To: Machine on port 10002
2025-03-02 07:41:36,384 - INTERNAL - System Time: 2025-03-02 07:41:36.384381, Logical Clock: 170
2025-03-02 07:41:36,636 - INTERNAL - System Time: 2025-03-02 07:41:36.636596, Logical Clock: 171
2025-03-02 07:41:36,891 - INTERNAL - System Time: 2025-03-02 07:41:36.890943, Logical Clock: 172
2025-03-02 07:41:37,145 - No connection to port 10000
2025-03-02 07:41:37,399 - INTERNAL - System Time: 2025-03-02 07:41:37.398999, Logical Clock: 174
2025-03-02 07:41:37,652 - INTERNAL - System Time: 2025-03-02 07:41:37.651877, Logical Clock: 175
2025-03-02 07:41:37,905 - INTERNAL - System Time: 2025-03-02 07:41:37.905576, Logical Clock: 176
2025-03-02 07:41:38,159 - No connection to port 10000
2025-03-02 07:41:38,411 - INTERNAL - System Time: 2025-03-02 07:41:38.410963, Logical Clock: 178
2025-03-02 07:41:38,664 - INTERNAL - System Time: 2025-03-02 07:41:38.664382, Logical Clock: 179
2025-03-02 07:41:38,915 - INTERNAL - System Time: 2025-03-02 07:41:38.915786, Logical Clock: 180
2025-03-02 07:41:39,167 - INTERNAL - System Time: 2025-03-02 07:41:39.167017, Logical Clock: 181
2025-03-02 07:41:39,422 - INTERNAL - System Time: 2025-03-02 07:41:39.422416, Logical Clock: 182
2025-03-02 07:41:39,678 - INTERNAL - System Time: 2025-03-02 07:41:39.678715, Logical Clock: 183
2025-03-02 07:41:39,930 - No connection to port 10000
2025-03-02 07:41:39,931 - SEND - System Time: 2025-03-02 07:41:39.930640, Logical Clock: 184, To: Machine on port 10002
2025-03-02 07:41:40,186 - INTERNAL - System Time: 2025-03-02 07:41:40.185834, Logical Clock: 185
2025-03-02 07:41:40,439 - RECEIVE - System Time: 2025-03-02 07:41:40.439196, Logical Clock: 186, Queue Length: 0, From: Machine 1
2025-03-02 07:41:40,695 - SEND - System Time: 2025-03-02 07:41:40.695465, Logical Clock: 187, To: Machine on port 10002
2025-03-02 07:41:40,951 - INTERNAL - System Time: 2025-03-02 07:41:40.951572, Logical Clock: 188
2025-03-02 07:41:41,207 - INTERNAL - System Time: 2025-03-02 07:41:41.207421, Logical Clock: 189
2025-03-02 07:41:41,463 - INTERNAL - System Time: 2025-03-02 07:41:41.462801, Logical Clock: 190
2025-03-02 07:41:41,717 - INTERNAL - System Time: 2025-03-02 07:41:41.717676, Logical Clock: 191
2025-03-02 07:41:41,972 - SEND - System Time: 2025-03-02 07:41:41.971989, Logical Clock: 192, To: Machine on port 10002
2025-03-02 07:41:42,227 - SEND - System Time: 2025-03-02 07:41:42.227641, Logical Clock: 193, To: Machine on port 10002
2025-03-02 07:41:42,478 - INTERNAL - System Time: 2025-03-02 07:41:42.478730, Logical Clock: 194
2025-03-02 07:41:42,734 - INTERNAL - System Time: 2025-03-02 07:41:42.734210, Logical Clock: 195
2025-03-02 07:41:42,987 - No connection to port 10000
2025-03-02 07:41:42,987 - SEND - System Time: 2025-03-02 07:41:42.987105, Logical Clock: 196, To: Machine on port 10002
2025-03-02 07:41:43,241 - No connection to port 10000
2025-03-02 07:41:43,497 - INTERNAL - System Time: 2025-03-02 07:41:43.496971, Logical Clock: 198
2025-03-02 07:41:43,748 - INTERNAL - System Time: 2025-03-02 07:41:43.748696, Logical Clock: 199
2025-03-02 07:41:44,004 - INTERNAL - System Time: 2025-03-02 07:41:44.003828, Logical Clock: 200
2025-03-02 07:41:44,256 - INTERNAL - System Time: 2025-03-02 07:41:44.255916, Logical Clock: 201
2025-03-02 07:41:44,510 - INTERNAL - System Time: 2025-03-02 07:41:44.510007, Logical Clock: 202
2025-03-02 07:41:44,765 - INTERNAL - System Time: 2025-03-02 07:41:44.765178, Logical Clock: 203
2025-03-02 07:41:45,020 - INTERNAL - System Time: 2025-03-02 07:41:45.020706, Logical Clock: 204
2025-03-02 07:41:45,271 - INTERNAL - System Time: 2025-03-02 07:41:45.271610, Logical Clock: 205
2025-03-02 07:41:45,527 - No connection to port 10000
2025-03-02 07:41:45,528 - SEND - System Time: 2025-03-02 07:41:45.527088, Logical Clock: 206, To: Machine on port 10002
2025-03-02 07:41:45,780 - No connection to port 10000
2025-03-02 07:41:46,032 - INTERNAL - System Time: 2025-03-02 07:41:46.032044, Logical Clock: 208
2025-03-02 07:41:46,283 - No connection to port 10000
2025-03-02 07:41:46,284 - SEND - System Time: 2025-03-02 07:41:46.283382, Logical Clock: 209, To: Machine on port 10002
2025-03-02 07:41:46,537 - No connection to port 10000
2025-03-02 07:41:46,538 - SEND - System Time: 2025-03-02 07:41:46.537519, Logical Clock: 210, To: Machine on port 10002
2025-03-02 07:41:46,793 - INTERNAL - System Time: 2025-03-02 07:41:46.793336, Logical Clock: 211
2025-03-02 07:41:47,045 - INTERNAL - System Time: 2025-03-02 07:41:47.045179, Logical Clock: 212
2025-03-02 07:41:47,297 - INTERNAL - System Time: 2025-03-02 07:41:47.297037, Logical Clock: 213
2025-03-02 07:41:47,552 - INTERNAL - System Time: 2025-03-02 07:41:47.552313, Logical Clock: 214
2025-03-02 07:41:47,807 - INTERNAL - System Time: 2025-03-02 07:41:47.807541, Logical Clock: 215
2025-03-02 07:41:48,061 - INTERNAL - System Time: 2025-03-02 07:41:48.060818, Logical Clock: 216
2025-03-02 07:41:48,314 - INTERNAL - System Time: 2025-03-02 07:41:48.314376, Logical Clock: 217
2025-03-02 07:41:48,568 - INTERNAL - System Time: 2025-03-02 07:41:48.568468, Logical Clock: 218
2025-03-02 07:41:48,822 - INTERNAL - System Time: 2025-03-02 07:41:48.822511, Logical Clock: 219
2025-03-02 07:41:49,078 - INTERNAL - System Time: 2025-03-02 07:41:49.078022, Logical Clock: 220
2025-03-02 07:41:49,332 - No connection to port 10000
2025-03-02 07:41:49,587 - INTERNAL - System Time: 2025-03-02 07:41:49.587500, Logical Clock: 222
2025-03-02 07:41:49,843 - INTERNAL - System Time: 2025-03-02 07:41:49.843370, Logical Clock: 223
2025-03-02 07:41:50,096 - INTERNAL - System Time: 2025-03-02 07:41:50.096302, Logical Clock: 224
2025-03-02 07:41:50,350 - INTERNAL - System Time: 2025-03-02 07:41:50.350277, Logical Clock: 225
2025-03-02 07:41:50,604 - INTERNAL - System Time: 2025-03-02 07:41:50.603986, Logical Clock: 226
2025-03-02 07:41:50,855 - No connection to port 10000
2025-03-02 07:41:50,856 - SEND - System Time: 2025-03-02 07:41:50.855737, Logical Clock: 227, To: Machine on port 10002
2025-03-02 07:41:51,111 - SEND - System Time: 2025-03-02 07:41:51.110896, Logical Clock: 228, To: Machine on port 10002
2025-03-02 07:41:51,366 - No connection to port 10000
2025-03-02 07:41:51,367 - SEND - System Time: 2025-03-02 07:41:51.366616, Logical Clock: 229, To: Machine on port 10002
2025-03-02 07:41:51,618 - INTERNAL - System Time: 2025-03-02 07:41:51.618596, Logical Clock: 230
2025-03-02 07:41:51,874 - INTERNAL - System Time: 2025-03-02 07:41:51.874003, Logical Clock: 231
2025-03-02 07:41:52,127 - INTERNAL - System Time: 2025-03-02 07:41:52.126977, Logical Clock: 232
2025-03-02 07:41:52,382 - No connection to port 10000
2025-03-02 07:41:52,635 - No connection to port 10000
2025-03-02 07:41:52,887 - INTERNAL - System Time: 2025-03-02 07:41:52.887536, Logical Clock: 235
