2025-03-04 11:01:03,020 - Virtual Machine 1 initialized
2025-03-04 11:01:03,020 - Clock Rate: 3 ticks/second
2025-03-04 11:01:03,020 - Listening on port: 10000
2025-03-04 11:01:03,020 - Peer ports: [10001, 10002]
2025-03-04 11:01:03,332 - Accepted connection from ('127.0.0.1', 51332)
2025-03-04 11:01:03,892 - Accepted connection from ('127.0.0.1', 51334)
2025-03-04 11:01:04,037 - Connected to peer on port 10001
2025-03-04 11:01:04,038 - Connected to peer on port 10002
2025-03-04 11:01:04,039 - Network initialization completed
2025-03-04 11:01:04,039 - Starting main event loop
2025-03-04 11:01:04,039 - Clock rate: 3 ticks/second
2025-03-04 11:01:04,039 - INTERNAL - System Time: 2025-03-04 11:01:04.039186, Logical Clock: 1
2025-03-04 11:01:04,377 - RECEIVE - System Time: 2025-03-04 11:01:04.377736, Logical Clock: 2, Queue Length: 0, From: Machine 2
2025-03-04 11:01:04,716 - RECEIVE - System Time: 2025-03-04 11:01:04.716276, Logical Clock: 3, Queue Length: 0, From: Machine 2
2025-03-04 11:01:05,056 - INTERNAL - System Time: 2025-03-04 11:01:05.056204, Logical Clock: 4
2025-03-04 11:01:05,397 - RECEIVE - System Time: 2025-03-04 11:01:05.396922, Logical Clock: 6, Queue Length: 0, From: Machine 2
2025-03-04 11:01:05,736 - RECEIVE - System Time: 2025-03-04 11:01:05.735832, Logical Clock: 8, Queue Length: 0, From: Machine 3
2025-03-04 11:01:06,074 - INTERNAL - System Time: 2025-03-04 11:01:06.074711, Logical Clock: 9
2025-03-04 11:01:06,413 - SEND - System Time: 2025-03-04 11:01:06.412836, Logical Clock: 10, To: Machine on port 10001
2025-03-04 11:01:06,751 - SEND - System Time: 2025-03-04 11:01:06.751590, Logical Clock: 11, To: Machine on port 10001
2025-03-04 11:01:07,090 - INTERNAL - System Time: 2025-03-04 11:01:07.090348, Logical Clock: 12
2025-03-04 11:01:07,428 - SEND - System Time: 2025-03-04 11:01:07.428424, Logical Clock: 13, To: Machine on port 10001
2025-03-04 11:01:07,767 - INTERNAL - System Time: 2025-03-04 11:01:07.767774, Logical Clock: 14
2025-03-04 11:01:08,103 - SEND - System Time: 2025-03-04 11:01:08.103106, Logical Clock: 15, To: Machine on port 10002
2025-03-04 11:01:08,442 - INTERNAL - System Time: 2025-03-04 11:01:08.442368, Logical Clock: 16
2025-03-04 11:01:08,780 - INTERNAL - System Time: 2025-03-04 11:01:08.780150, Logical Clock: 17
2025-03-04 11:01:09,116 - SEND - System Time: 2025-03-04 11:01:09.116097, Logical Clock: 18, To: Machine on port 10001
2025-03-04 11:01:09,455 - SEND - System Time: 2025-03-04 11:01:09.454900, Logical Clock: 19, To: Machine on port 10001
2025-03-04 11:01:09,792 - SEND - System Time: 2025-03-04 11:01:09.792694, Logical Clock: 20, To: Machine on port 10002
2025-03-04 11:01:10,127 - INTERNAL - System Time: 2025-03-04 11:01:10.127790, Logical Clock: 21
2025-03-04 11:01:10,465 - INTERNAL - System Time: 2025-03-04 11:01:10.465458, Logical Clock: 22
2025-03-04 11:01:10,803 - INTERNAL - System Time: 2025-03-04 11:01:10.802884, Logical Clock: 23
2025-03-04 11:01:11,137 - INTERNAL - System Time: 2025-03-04 11:01:11.137263, Logical Clock: 24
2025-03-04 11:01:11,473 - INTERNAL - System Time: 2025-03-04 11:01:11.472913, Logical Clock: 25
2025-03-04 11:01:11,807 - RECEIVE - System Time: 2025-03-04 11:01:11.807514, Logical Clock: 34, Queue Length: 0, From: Machine 3
2025-03-04 11:01:12,143 - INTERNAL - System Time: 2025-03-04 11:01:12.143402, Logical Clock: 35
2025-03-04 11:01:12,482 - INTERNAL - System Time: 2025-03-04 11:01:12.481842, Logical Clock: 36
2025-03-04 11:01:12,817 - SEND - System Time: 2025-03-04 11:01:12.817184, Logical Clock: 37, To: Machine on port 10001
2025-03-04 11:01:13,155 - INTERNAL - System Time: 2025-03-04 11:01:13.155610, Logical Clock: 38
2025-03-04 11:01:13,494 - INTERNAL - System Time: 2025-03-04 11:01:13.494283, Logical Clock: 39
2025-03-04 11:01:13,829 - INTERNAL - System Time: 2025-03-04 11:01:13.829110, Logical Clock: 40
2025-03-04 11:01:14,164 - INTERNAL - System Time: 2025-03-04 11:01:14.164387, Logical Clock: 41
2025-03-04 11:01:14,501 - INTERNAL - System Time: 2025-03-04 11:01:14.501694, Logical Clock: 42
2025-03-04 11:01:14,838 - INTERNAL - System Time: 2025-03-04 11:01:14.838460, Logical Clock: 43
2025-03-04 11:01:15,173 - RECEIVE - System Time: 2025-03-04 11:01:15.173418, Logical Clock: 47, Queue Length: 0, From: Machine 3
2025-03-04 11:01:15,512 - INTERNAL - System Time: 2025-03-04 11:01:15.512143, Logical Clock: 48
2025-03-04 11:01:15,850 - RECEIVE - System Time: 2025-03-04 11:01:15.850510, Logical Clock: 50, Queue Length: 0, From: Machine 2
2025-03-04 11:01:16,188 - INTERNAL - System Time: 2025-03-04 11:01:16.188860, Logical Clock: 51
2025-03-04 11:01:16,527 - INTERNAL - System Time: 2025-03-04 11:01:16.527549, Logical Clock: 52
2025-03-04 11:01:16,866 - INTERNAL - System Time: 2025-03-04 11:01:16.866710, Logical Clock: 53
2025-03-04 11:01:17,202 - RECEIVE - System Time: 2025-03-04 11:01:17.202417, Logical Clock: 55, Queue Length: 1, From: Machine 3
2025-03-04 11:01:17,541 - RECEIVE - System Time: 2025-03-04 11:01:17.541212, Logical Clock: 56, Queue Length: 0, From: Machine 3
2025-03-04 11:01:17,877 - RECEIVE - System Time: 2025-03-04 11:01:17.877396, Logical Clock: 58, Queue Length: 0, From: Machine 2
2025-03-04 11:01:18,214 - RECEIVE - System Time: 2025-03-04 11:01:18.214211, Logical Clock: 59, Queue Length: 0, From: Machine 3
2025-03-04 11:01:18,553 - SEND - System Time: 2025-03-04 11:01:18.553161, Logical Clock: 60, To: Machine on port 10002
2025-03-04 11:01:18,890 - INTERNAL - System Time: 2025-03-04 11:01:18.890502, Logical Clock: 61
2025-03-04 11:01:19,226 - INTERNAL - System Time: 2025-03-04 11:01:19.225903, Logical Clock: 62
2025-03-04 11:01:19,564 - INTERNAL - System Time: 2025-03-04 11:01:19.564703, Logical Clock: 63
2025-03-04 11:01:19,902 - INTERNAL - System Time: 2025-03-04 11:01:19.902360, Logical Clock: 64
2025-03-04 11:01:20,241 - INTERNAL - System Time: 2025-03-04 11:01:20.241477, Logical Clock: 65
2025-03-04 11:01:20,580 - INTERNAL - System Time: 2025-03-04 11:01:20.580265, Logical Clock: 66
2025-03-04 11:01:20,917 - INTERNAL - System Time: 2025-03-04 11:01:20.917041, Logical Clock: 67
2025-03-04 11:01:21,256 - INTERNAL - System Time: 2025-03-04 11:01:21.256096, Logical Clock: 68
2025-03-04 11:01:21,593 - INTERNAL - System Time: 2025-03-04 11:01:21.593643, Logical Clock: 69
2025-03-04 11:01:21,928 - INTERNAL - System Time: 2025-03-04 11:01:21.928275, Logical Clock: 70
2025-03-04 11:01:22,263 - SEND - System Time: 2025-03-04 11:01:22.262997, Logical Clock: 71, To: Machine on port 10002
2025-03-04 11:01:22,602 - INTERNAL - System Time: 2025-03-04 11:01:22.602159, Logical Clock: 72
2025-03-04 11:01:22,938 - RECEIVE - System Time: 2025-03-04 11:01:22.938633, Logical Clock: 78, Queue Length: 1, From: Machine 2
2025-03-04 11:01:23,278 - RECEIVE - System Time: 2025-03-04 11:01:23.277786, Logical Clock: 79, Queue Length: 0, From: Machine 3
2025-03-04 11:01:23,615 - RECEIVE - System Time: 2025-03-04 11:01:23.615076, Logical Clock: 81, Queue Length: 1, From: Machine 2
2025-03-04 11:01:23,953 - RECEIVE - System Time: 2025-03-04 11:01:23.953773, Logical Clock: 82, Queue Length: 0, From: Machine 3
2025-03-04 11:01:24,291 - INTERNAL - System Time: 2025-03-04 11:01:24.291740, Logical Clock: 83
2025-03-04 11:01:24,627 - INTERNAL - System Time: 2025-03-04 11:01:24.626884, Logical Clock: 84
2025-03-04 11:01:24,962 - INTERNAL - System Time: 2025-03-04 11:01:24.962599, Logical Clock: 85
2025-03-04 11:01:25,297 - INTERNAL - System Time: 2025-03-04 11:01:25.297502, Logical Clock: 86
2025-03-04 11:01:25,632 - SEND - System Time: 2025-03-04 11:01:25.632161, Logical Clock: 87, To: Machine on port 10001
2025-03-04 11:01:25,971 - INTERNAL - System Time: 2025-03-04 11:01:25.971005, Logical Clock: 88
2025-03-04 11:01:26,306 - INTERNAL - System Time: 2025-03-04 11:01:26.305872, Logical Clock: 89
2025-03-04 11:01:26,644 - INTERNAL - System Time: 2025-03-04 11:01:26.644756, Logical Clock: 90
2025-03-04 11:01:26,983 - INTERNAL - System Time: 2025-03-04 11:01:26.983016, Logical Clock: 91
2025-03-04 11:01:27,319 - RECEIVE - System Time: 2025-03-04 11:01:27.319253, Logical Clock: 96, Queue Length: 1, From: Machine 2
2025-03-04 11:01:27,658 - RECEIVE - System Time: 2025-03-04 11:01:27.658418, Logical Clock: 97, Queue Length: 0, From: Machine 3
2025-03-04 11:01:27,997 - INTERNAL - System Time: 2025-03-04 11:01:27.997157, Logical Clock: 98
2025-03-04 11:01:28,334 - RECEIVE - System Time: 2025-03-04 11:01:28.334047, Logical Clock: 100, Queue Length: 0, From: Machine 3
2025-03-04 11:01:28,672 - INTERNAL - System Time: 2025-03-04 11:01:28.672723, Logical Clock: 101
2025-03-04 11:01:29,010 - INTERNAL - System Time: 2025-03-04 11:01:29.010711, Logical Clock: 102
2025-03-04 11:01:29,345 - INTERNAL - System Time: 2025-03-04 11:01:29.345212, Logical Clock: 103
2025-03-04 11:01:29,682 - INTERNAL - System Time: 2025-03-04 11:01:29.682351, Logical Clock: 104
2025-03-04 11:01:30,021 - INTERNAL - System Time: 2025-03-04 11:01:30.021089, Logical Clock: 105
2025-03-04 11:01:30,358 - INTERNAL - System Time: 2025-03-04 11:01:30.358137, Logical Clock: 106
2025-03-04 11:01:30,697 - INTERNAL - System Time: 2025-03-04 11:01:30.697004, Logical Clock: 107
2025-03-04 11:01:31,035 - INTERNAL - System Time: 2025-03-04 11:01:31.035718, Logical Clock: 108
2025-03-04 11:01:31,373 - INTERNAL - System Time: 2025-03-04 11:01:31.373113, Logical Clock: 109
2025-03-04 11:01:31,708 - INTERNAL - System Time: 2025-03-04 11:01:31.708658, Logical Clock: 110
2025-03-04 11:01:32,047 - RECEIVE - System Time: 2025-03-04 11:01:32.047492, Logical Clock: 115, Queue Length: 0, From: Machine 2
2025-03-04 11:01:32,383 - INTERNAL - System Time: 2025-03-04 11:01:32.383233, Logical Clock: 116
2025-03-04 11:01:32,718 - INTERNAL - System Time: 2025-03-04 11:01:32.718433, Logical Clock: 117
2025-03-04 11:01:33,057 - SEND - System Time: 2025-03-04 11:01:33.057407, Logical Clock: 118, To: Machine on port 10002
2025-03-04 11:01:33,393 - INTERNAL - System Time: 2025-03-04 11:01:33.393093, Logical Clock: 119
2025-03-04 11:01:33,728 - SEND - System Time: 2025-03-04 11:01:33.728309, Logical Clock: 120, To: Machine on port 10001
2025-03-04 11:01:34,067 - INTERNAL - System Time: 2025-03-04 11:01:34.067167, Logical Clock: 121
2025-03-04 11:01:34,406 - SEND - System Time: 2025-03-04 11:01:34.406222, Logical Clock: 122, To: Machine on port 10002
2025-03-04 11:01:34,744 - SEND - System Time: 2025-03-04 11:01:34.744337, Logical Clock: 123, To: Machine on port 10001
2025-03-04 11:01:35,083 - INTERNAL - System Time: 2025-03-04 11:01:35.083147, Logical Clock: 124
2025-03-04 11:01:35,417 - INTERNAL - System Time: 2025-03-04 11:01:35.417552, Logical Clock: 125
2025-03-04 11:01:35,756 - INTERNAL - System Time: 2025-03-04 11:01:35.756678, Logical Clock: 126
2025-03-04 11:01:36,093 - INTERNAL - System Time: 2025-03-04 11:01:36.093817, Logical Clock: 127
2025-03-04 11:01:36,432 - RECEIVE - System Time: 2025-03-04 11:01:36.432542, Logical Clock: 135, Queue Length: 0, From: Machine 2
2025-03-04 11:01:36,771 - INTERNAL - System Time: 2025-03-04 11:01:36.771212, Logical Clock: 136
2025-03-04 11:01:37,105 - INTERNAL - System Time: 2025-03-04 11:01:37.105495, Logical Clock: 137
2025-03-04 11:01:37,443 - INTERNAL - System Time: 2025-03-04 11:01:37.443031, Logical Clock: 138
2025-03-04 11:01:37,781 - RECEIVE - System Time: 2025-03-04 11:01:37.781643, Logical Clock: 140, Queue Length: 0, From: Machine 3
2025-03-04 11:01:38,117 - INTERNAL - System Time: 2025-03-04 11:01:38.117456, Logical Clock: 141
2025-03-04 11:01:38,456 - SEND - System Time: 2025-03-04 11:01:38.456366, Logical Clock: 142, To: Machine on port 10001
2025-03-04 11:01:38,794 - INTERNAL - System Time: 2025-03-04 11:01:38.794708, Logical Clock: 143
2025-03-04 11:01:39,133 - INTERNAL - System Time: 2025-03-04 11:01:39.133657, Logical Clock: 144
2025-03-04 11:01:39,469 - INTERNAL - System Time: 2025-03-04 11:01:39.469538, Logical Clock: 145
2025-03-04 11:01:39,804 - INTERNAL - System Time: 2025-03-04 11:01:39.804420, Logical Clock: 146
2025-03-04 11:01:40,143 - INTERNAL - System Time: 2025-03-04 11:01:40.143402, Logical Clock: 147
2025-03-04 11:01:40,482 - INTERNAL - System Time: 2025-03-04 11:01:40.482017, Logical Clock: 148
2025-03-04 11:01:40,820 - INTERNAL - System Time: 2025-03-04 11:01:40.819971, Logical Clock: 149
2025-03-04 11:01:41,159 - RECEIVE - System Time: 2025-03-04 11:01:41.158840, Logical Clock: 154, Queue Length: 0, From: Machine 3
2025-03-04 11:01:41,497 - INTERNAL - System Time: 2025-03-04 11:01:41.497804, Logical Clock: 155
2025-03-04 11:01:41,836 - INTERNAL - System Time: 2025-03-04 11:01:41.836437, Logical Clock: 156
2025-03-04 11:01:42,170 - INTERNAL - System Time: 2025-03-04 11:01:42.170210, Logical Clock: 157
2025-03-04 11:01:42,509 - INTERNAL - System Time: 2025-03-04 11:01:42.508886, Logical Clock: 158
2025-03-04 11:01:42,847 - INTERNAL - System Time: 2025-03-04 11:01:42.846807, Logical Clock: 159
2025-03-04 11:01:43,182 - RECEIVE - System Time: 2025-03-04 11:01:43.182672, Logical Clock: 162, Queue Length: 0, From: Machine 3
2025-03-04 11:01:43,519 - SEND - System Time: 2025-03-04 11:01:43.518724, Logical Clock: 163, To: Machine on port 10001
2025-03-04 11:01:43,856 - INTERNAL - System Time: 2025-03-04 11:01:43.856427, Logical Clock: 164
2025-03-04 11:01:44,191 - RECEIVE - System Time: 2025-03-04 11:01:44.191186, Logical Clock: 166, Queue Length: 0, From: Machine 2
2025-03-04 11:01:44,529 - INTERNAL - System Time: 2025-03-04 11:01:44.529770, Logical Clock: 167
2025-03-04 11:01:44,868 - INTERNAL - System Time: 2025-03-04 11:01:44.868008, Logical Clock: 168
2025-03-04 11:01:45,205 - INTERNAL - System Time: 2025-03-04 11:01:45.205162, Logical Clock: 169
2025-03-04 11:01:45,544 - SEND - System Time: 2025-03-04 11:01:45.544014, Logical Clock: 170, To: Machine on port 10002
2025-03-04 11:01:45,879 - INTERNAL - System Time: 2025-03-04 11:01:45.878967, Logical Clock: 171
2025-03-04 11:01:46,216 - SEND - System Time: 2025-03-04 11:01:46.216778, Logical Clock: 172, To: Machine on port 10001
2025-03-04 11:01:46,555 - INTERNAL - System Time: 2025-03-04 11:01:46.555537, Logical Clock: 173
2025-03-04 11:01:46,891 - INTERNAL - System Time: 2025-03-04 11:01:46.891457, Logical Clock: 174
2025-03-04 11:01:47,227 - INTERNAL - System Time: 2025-03-04 11:01:47.227294, Logical Clock: 175
2025-03-04 11:01:47,562 - RECEIVE - System Time: 2025-03-04 11:01:47.561862, Logical Clock: 180, Queue Length: 0, From: Machine 2
2025-03-04 11:01:47,898 - INTERNAL - System Time: 2025-03-04 11:01:47.898737, Logical Clock: 181
2025-03-04 11:01:48,238 - INTERNAL - System Time: 2025-03-04 11:01:48.237136, Logical Clock: 182
2025-03-04 11:01:48,578 - RECEIVE - System Time: 2025-03-04 11:01:48.578111, Logical Clock: 184, Queue Length: 0, From: Machine 3
2025-03-04 11:01:48,916 - INTERNAL - System Time: 2025-03-04 11:01:48.916657, Logical Clock: 185
2025-03-04 11:01:49,252 - SEND - System Time: 2025-03-04 11:01:49.251772, Logical Clock: 186, To: Machine on port 10002
2025-03-04 11:01:49,586 - INTERNAL - System Time: 2025-03-04 11:01:49.586151, Logical Clock: 187
2025-03-04 11:01:49,924 - RECEIVE - System Time: 2025-03-04 11:01:49.924265, Logical Clock: 190, Queue Length: 0, From: Machine 2
2025-03-04 11:01:50,260 - RECEIVE - System Time: 2025-03-04 11:01:50.259899, Logical Clock: 191, Queue Length: 0, From: Machine 2
2025-03-04 11:01:50,597 - INTERNAL - System Time: 2025-03-04 11:01:50.597821, Logical Clock: 192
2025-03-04 11:01:50,936 - INTERNAL - System Time: 2025-03-04 11:01:50.936498, Logical Clock: 193
2025-03-04 11:01:51,271 - INTERNAL - System Time: 2025-03-04 11:01:51.271429, Logical Clock: 194
2025-03-04 11:01:51,607 - INTERNAL - System Time: 2025-03-04 11:01:51.607502, Logical Clock: 195
2025-03-04 11:01:51,942 - RECEIVE - System Time: 2025-03-04 11:01:51.942513, Logical Clock: 198, Queue Length: 0, From: Machine 2
2025-03-04 11:01:52,278 - INTERNAL - System Time: 2025-03-04 11:01:52.278625, Logical Clock: 199
2025-03-04 11:01:52,617 - INTERNAL - System Time: 2025-03-04 11:01:52.617506, Logical Clock: 200
2025-03-04 11:01:52,956 - SEND - System Time: 2025-03-04 11:01:52.956372, Logical Clock: 201, To: Machine on port 10002
2025-03-04 11:01:53,295 - INTERNAL - System Time: 2025-03-04 11:01:53.295515, Logical Clock: 202
2025-03-04 11:01:53,634 - RECEIVE - System Time: 2025-03-04 11:01:53.634469, Logical Clock: 206, Queue Length: 0, From: Machine 3
2025-03-04 11:01:53,973 - SEND - System Time: 2025-03-04 11:01:53.973363, Logical Clock: 207, To: Machine on port 10002
2025-03-04 11:01:54,307 - INTERNAL - System Time: 2025-03-04 11:01:54.307582, Logical Clock: 208
2025-03-04 11:01:54,646 - INTERNAL - System Time: 2025-03-04 11:01:54.646693, Logical Clock: 209
2025-03-04 11:01:54,980 - RECEIVE - System Time: 2025-03-04 11:01:54.980528, Logical Clock: 212, Queue Length: 0, From: Machine 2
2025-03-04 11:01:55,318 - INTERNAL - System Time: 2025-03-04 11:01:55.317903, Logical Clock: 213
2025-03-04 11:01:55,653 - RECEIVE - System Time: 2025-03-04 11:01:55.652990, Logical Clock: 214, Queue Length: 0, From: Machine 2
2025-03-04 11:01:55,988 - INTERNAL - System Time: 2025-03-04 11:01:55.988078, Logical Clock: 215
2025-03-04 11:01:56,322 - SEND - System Time: 2025-03-04 11:01:56.322482, Logical Clock: 216, To: Machine on port 10001
2025-03-04 11:01:56,659 - INTERNAL - System Time: 2025-03-04 11:01:56.659231, Logical Clock: 217
2025-03-04 11:01:57,000 - INTERNAL - System Time: 2025-03-04 11:01:57.000599, Logical Clock: 218
2025-03-04 11:01:57,339 - RECEIVE - System Time: 2025-03-04 11:01:57.338824, Logical Clock: 222, Queue Length: 0, From: Machine 3
2025-03-04 11:01:57,677 - RECEIVE - System Time: 2025-03-04 11:01:57.677278, Logical Clock: 223, Queue Length: 0, From: Machine 2
2025-03-04 11:01:58,014 - RECEIVE - System Time: 2025-03-04 11:01:58.014023, Logical Clock: 224, Queue Length: 0, From: Machine 2
2025-03-04 11:01:58,351 - INTERNAL - System Time: 2025-03-04 11:01:58.351058, Logical Clock: 225
2025-03-04 11:01:58,685 - SEND - System Time: 2025-03-04 11:01:58.685765, Logical Clock: 226, To: Machine on port 10002
2025-03-04 11:01:59,024 - INTERNAL - System Time: 2025-03-04 11:01:59.024591, Logical Clock: 227
2025-03-04 11:01:59,361 - INTERNAL - System Time: 2025-03-04 11:01:59.360983, Logical Clock: 228
2025-03-04 11:01:59,695 - INTERNAL - System Time: 2025-03-04 11:01:59.695615, Logical Clock: 229
2025-03-04 11:02:00,030 - SEND - System Time: 2025-03-04 11:02:00.030922, Logical Clock: 230, To: Machine on port 10002
2025-03-04 11:02:00,370 - INTERNAL - System Time: 2025-03-04 11:02:00.370011, Logical Clock: 231
2025-03-04 11:02:00,707 - INTERNAL - System Time: 2025-03-04 11:02:00.707865, Logical Clock: 232
2025-03-04 11:02:01,046 - INTERNAL - System Time: 2025-03-04 11:02:01.046642, Logical Clock: 233
2025-03-04 11:02:01,381 - INTERNAL - System Time: 2025-03-04 11:02:01.381449, Logical Clock: 234
2025-03-04 11:02:01,718 - INTERNAL - System Time: 2025-03-04 11:02:01.718616, Logical Clock: 235
2025-03-04 11:02:02,057 - INTERNAL - System Time: 2025-03-04 11:02:02.056859, Logical Clock: 236
2025-03-04 11:02:02,394 - INTERNAL - System Time: 2025-03-04 11:02:02.394404, Logical Clock: 237
2025-03-04 11:02:02,730 - INTERNAL - System Time: 2025-03-04 11:02:02.729814, Logical Clock: 238
2025-03-04 11:02:03,068 - INTERNAL - System Time: 2025-03-04 11:02:03.068155, Logical Clock: 239
2025-03-04 11:02:03,404 - INTERNAL - System Time: 2025-03-04 11:02:03.404389, Logical Clock: 240
2025-03-04 11:02:03,740 - INTERNAL - System Time: 2025-03-04 11:02:03.740194, Logical Clock: 241
