2025-03-04 11:01:03,890 - Virtual Machine 3 initialized
2025-03-04 11:01:03,890 - Clock Rate: 4 ticks/second
2025-03-04 11:01:03,890 - Listening on port: 10002
2025-03-04 11:01:03,890 - Peer ports: [10000, 10001]
2025-03-04 11:01:03,891 - Connected to peer on port 10000
2025-03-04 11:01:03,892 - Connected to peer on port 10001
2025-03-04 11:01:03,892 - Network initialization completed
2025-03-04 11:01:03,892 - Starting main event loop
2025-03-04 11:01:03,892 - Clock rate: 4 ticks/second
2025-03-04 11:01:03,892 - INTERNAL - System Time: 2025-03-04 11:01:03.892394, Logical Clock: 1
2025-03-04 11:01:04,039 - Accepted connection from ('127.0.0.1', 51337)
2025-03-04 11:01:04,148 - INTERNAL - System Time: 2025-03-04 11:01:04.147700, Logical Clock: 2
2025-03-04 11:01:04,340 - Accepted connection from ('127.0.0.1', 51341)
2025-03-04 11:01:04,401 - INTERNAL - System Time: 2025-03-04 11:01:04.401829, Logical Clock: 3
2025-03-04 11:01:04,659 - INTERNAL - System Time: 2025-03-04 11:01:04.657600, Logical Clock: 4
2025-03-04 11:01:04,912 - INTERNAL - System Time: 2025-03-04 11:01:04.912794, Logical Clock: 5
2025-03-04 11:01:05,166 - INTERNAL - System Time: 2025-03-04 11:01:05.165842, Logical Clock: 6
2025-03-04 11:01:05,419 - SEND - System Time: 2025-03-04 11:01:05.419229, Logical Clock: 7, To: Machine on port 10000
2025-03-04 11:01:05,675 - INTERNAL - System Time: 2025-03-04 11:01:05.675258, Logical Clock: 8
2025-03-04 11:01:05,931 - INTERNAL - System Time: 2025-03-04 11:01:05.931058, Logical Clock: 9
2025-03-04 11:01:06,187 - INTERNAL - System Time: 2025-03-04 11:01:06.186896, Logical Clock: 10
2025-03-04 11:01:06,441 - INTERNAL - System Time: 2025-03-04 11:01:06.441282, Logical Clock: 11
2025-03-04 11:01:06,696 - INTERNAL - System Time: 2025-03-04 11:01:06.696791, Logical Clock: 12
2025-03-04 11:01:06,952 - INTERNAL - System Time: 2025-03-04 11:01:06.952197, Logical Clock: 13
2025-03-04 11:01:07,207 - RECEIVE - System Time: 2025-03-04 11:01:07.207438, Logical Clock: 14, Queue Length: 0, From: Machine 2
2025-03-04 11:01:07,462 - INTERNAL - System Time: 2025-03-04 11:01:07.462804, Logical Clock: 15
2025-03-04 11:01:07,717 - INTERNAL - System Time: 2025-03-04 11:01:07.717677, Logical Clock: 16
2025-03-04 11:01:07,973 - INTERNAL - System Time: 2025-03-04 11:01:07.973066, Logical Clock: 17
2025-03-04 11:01:08,228 - RECEIVE - System Time: 2025-03-04 11:01:08.228323, Logical Clock: 18, Queue Length: 0, From: Machine 1
2025-03-04 11:01:08,482 - INTERNAL - System Time: 2025-03-04 11:01:08.482023, Logical Clock: 19
2025-03-04 11:01:08,738 - INTERNAL - System Time: 2025-03-04 11:01:08.737921, Logical Clock: 20
2025-03-04 11:01:08,991 - RECEIVE - System Time: 2025-03-04 11:01:08.991056, Logical Clock: 21, Queue Length: 0, From: Machine 2
2025-03-04 11:01:09,245 - SEND - System Time: 2025-03-04 11:01:09.245410, Logical Clock: 22, To: Machine on port 10001
2025-03-04 11:01:09,500 - INTERNAL - System Time: 2025-03-04 11:01:09.500802, Logical Clock: 23
2025-03-04 11:01:09,757 - INTERNAL - System Time: 2025-03-04 11:01:09.756957, Logical Clock: 24
2025-03-04 11:01:10,009 - RECEIVE - System Time: 2025-03-04 11:01:10.009244, Logical Clock: 25, Queue Length: 0, From: Machine 1
2025-03-04 11:01:10,262 - INTERNAL - System Time: 2025-03-04 11:01:10.262203, Logical Clock: 26
2025-03-04 11:01:10,516 - RECEIVE - System Time: 2025-03-04 11:01:10.516247, Logical Clock: 28, Queue Length: 0, From: Machine 2
2025-03-04 11:01:10,771 - INTERNAL - System Time: 2025-03-04 11:01:10.771330, Logical Clock: 29
2025-03-04 11:01:11,023 - SEND - System Time: 2025-03-04 11:01:11.023731, Logical Clock: 30, To: Machine on port 10001
2025-03-04 11:01:11,279 - INTERNAL - System Time: 2025-03-04 11:01:11.279000, Logical Clock: 31
2025-03-04 11:01:11,530 - INTERNAL - System Time: 2025-03-04 11:01:11.530282, Logical Clock: 32
2025-03-04 11:01:11,783 - SEND - System Time: 2025-03-04 11:01:11.782855, Logical Clock: 33, To: Machine on port 10000
2025-03-04 11:01:12,048 - SEND - System Time: 2025-03-04 11:01:12.048468, Logical Clock: 34, To: Machine on port 10001
2025-03-04 11:01:12,304 - SEND - System Time: 2025-03-04 11:01:12.304249, Logical Clock: 35, To: Machine on port 10001
2025-03-04 11:01:12,556 - INTERNAL - System Time: 2025-03-04 11:01:12.556726, Logical Clock: 36
2025-03-04 11:01:12,812 - INTERNAL - System Time: 2025-03-04 11:01:12.812499, Logical Clock: 37
2025-03-04 11:01:13,065 - INTERNAL - System Time: 2025-03-04 11:01:13.065091, Logical Clock: 38
2025-03-04 11:01:13,320 - INTERNAL - System Time: 2025-03-04 11:01:13.320522, Logical Clock: 39
2025-03-04 11:01:13,574 - INTERNAL - System Time: 2025-03-04 11:01:13.574925, Logical Clock: 40
2025-03-04 11:01:13,830 - INTERNAL - System Time: 2025-03-04 11:01:13.830233, Logical Clock: 41
2025-03-04 11:01:14,084 - INTERNAL - System Time: 2025-03-04 11:01:14.084576, Logical Clock: 42
2025-03-04 11:01:14,338 - INTERNAL - System Time: 2025-03-04 11:01:14.338646, Logical Clock: 43
2025-03-04 11:01:14,593 - INTERNAL - System Time: 2025-03-04 11:01:14.593240, Logical Clock: 44
2025-03-04 11:01:14,845 - INTERNAL - System Time: 2025-03-04 11:01:14.845079, Logical Clock: 45
2025-03-04 11:01:15,100 - SEND - System Time: 2025-03-04 11:01:15.099942, Logical Clock: 46, To: Machine on port 10000
2025-03-04 11:01:15,352 - INTERNAL - System Time: 2025-03-04 11:01:15.352104, Logical Clock: 47
2025-03-04 11:01:15,607 - INTERNAL - System Time: 2025-03-04 11:01:15.607400, Logical Clock: 48
2025-03-04 11:01:15,859 - SEND - System Time: 2025-03-04 11:01:15.859263, Logical Clock: 49, To: Machine on port 10001
2025-03-04 11:01:16,110 - INTERNAL - System Time: 2025-03-04 11:01:16.110743, Logical Clock: 50
2025-03-04 11:01:16,366 - RECEIVE - System Time: 2025-03-04 11:01:16.366111, Logical Clock: 52, Queue Length: 0, From: Machine 2
2025-03-04 11:01:16,617 - INTERNAL - System Time: 2025-03-04 11:01:16.617519, Logical Clock: 53
2025-03-04 11:01:16,870 - SEND - System Time: 2025-03-04 11:01:16.870460, Logical Clock: 54, To: Machine on port 10000
2025-03-04 11:01:17,122 - SEND - System Time: 2025-03-04 11:01:17.122688, Logical Clock: 55, To: Machine on port 10000
2025-03-04 11:01:17,377 - INTERNAL - System Time: 2025-03-04 11:01:17.376972, Logical Clock: 56
2025-03-04 11:01:17,632 - INTERNAL - System Time: 2025-03-04 11:01:17.632051, Logical Clock: 57
2025-03-04 11:01:17,887 - SEND - System Time: 2025-03-04 11:01:17.886920, Logical Clock: 58, To: Machine on port 10000
2025-03-04 11:01:18,142 - RECEIVE - System Time: 2025-03-04 11:01:18.142489, Logical Clock: 59, Queue Length: 0, From: Machine 2
2025-03-04 11:01:18,397 - INTERNAL - System Time: 2025-03-04 11:01:18.396868, Logical Clock: 60
2025-03-04 11:01:18,653 - RECEIVE - System Time: 2025-03-04 11:01:18.652931, Logical Clock: 61, Queue Length: 0, From: Machine 1
2025-03-04 11:01:18,904 - SEND - System Time: 2025-03-04 11:01:18.904246, Logical Clock: 62, To: Machine on port 10001
2025-03-04 11:01:19,157 - INTERNAL - System Time: 2025-03-04 11:01:19.157053, Logical Clock: 63
2025-03-04 11:01:19,408 - INTERNAL - System Time: 2025-03-04 11:01:19.408877, Logical Clock: 64
2025-03-04 11:01:19,664 - SEND - System Time: 2025-03-04 11:01:19.664274, Logical Clock: 65, To: Machine on port 10001
2025-03-04 11:01:19,918 - INTERNAL - System Time: 2025-03-04 11:01:19.918650, Logical Clock: 66
2025-03-04 11:01:20,170 - INTERNAL - System Time: 2025-03-04 11:01:20.170370, Logical Clock: 67
2025-03-04 11:01:20,425 - INTERNAL - System Time: 2025-03-04 11:01:20.425757, Logical Clock: 68
2025-03-04 11:01:20,680 - INTERNAL - System Time: 2025-03-04 11:01:20.680248, Logical Clock: 69
2025-03-04 11:01:20,932 - INTERNAL - System Time: 2025-03-04 11:01:20.932319, Logical Clock: 70
2025-03-04 11:01:21,185 - INTERNAL - System Time: 2025-03-04 11:01:21.185139, Logical Clock: 71
2025-03-04 11:01:21,439 - INTERNAL - System Time: 2025-03-04 11:01:21.439611, Logical Clock: 72
2025-03-04 11:01:21,694 - INTERNAL - System Time: 2025-03-04 11:01:21.694834, Logical Clock: 73
2025-03-04 11:01:21,950 - INTERNAL - System Time: 2025-03-04 11:01:21.950092, Logical Clock: 74
2025-03-04 11:01:22,201 - SEND - System Time: 2025-03-04 11:01:22.201313, Logical Clock: 75, To: Machine on port 10001
2025-03-04 11:01:22,456 - RECEIVE - System Time: 2025-03-04 11:01:22.456758, Logical Clock: 76, Queue Length: 0, From: Machine 1
2025-03-04 11:01:22,709 - SEND - System Time: 2025-03-04 11:01:22.709385, Logical Clock: 77, To: Machine on port 10000
2025-03-04 11:01:22,960 - INTERNAL - System Time: 2025-03-04 11:01:22.960414, Logical Clock: 78
2025-03-04 11:01:23,216 - INTERNAL - System Time: 2025-03-04 11:01:23.215950, Logical Clock: 79
2025-03-04 11:01:23,466 - SEND - System Time: 2025-03-04 11:01:23.466412, Logical Clock: 80, To: Machine on port 10000
2025-03-04 11:01:23,721 - INTERNAL - System Time: 2025-03-04 11:01:23.721624, Logical Clock: 81
2025-03-04 11:01:23,977 - INTERNAL - System Time: 2025-03-04 11:01:23.977082, Logical Clock: 82
2025-03-04 11:01:24,232 - SEND - System Time: 2025-03-04 11:01:24.232643, Logical Clock: 83, To: Machine on port 10001
2025-03-04 11:01:24,486 - INTERNAL - System Time: 2025-03-04 11:01:24.486665, Logical Clock: 84
2025-03-04 11:01:24,741 - INTERNAL - System Time: 2025-03-04 11:01:24.741156, Logical Clock: 85
2025-03-04 11:01:24,997 - INTERNAL - System Time: 2025-03-04 11:01:24.997609, Logical Clock: 86
2025-03-04 11:01:25,251 - INTERNAL - System Time: 2025-03-04 11:01:25.251765, Logical Clock: 87
2025-03-04 11:01:25,507 - INTERNAL - System Time: 2025-03-04 11:01:25.507117, Logical Clock: 88
2025-03-04 11:01:25,762 - INTERNAL - System Time: 2025-03-04 11:01:25.762495, Logical Clock: 89
2025-03-04 11:01:26,017 - RECEIVE - System Time: 2025-03-04 11:01:26.017122, Logical Clock: 91, Queue Length: 0, From: Machine 2
2025-03-04 11:01:26,272 - INTERNAL - System Time: 2025-03-04 11:01:26.272668, Logical Clock: 92
2025-03-04 11:01:26,528 - INTERNAL - System Time: 2025-03-04 11:01:26.528287, Logical Clock: 93
2025-03-04 11:01:26,782 - INTERNAL - System Time: 2025-03-04 11:01:26.782258, Logical Clock: 94
2025-03-04 11:01:27,037 - INTERNAL - System Time: 2025-03-04 11:01:27.037709, Logical Clock: 95
2025-03-04 11:01:27,290 - SEND - System Time: 2025-03-04 11:01:27.289983, Logical Clock: 96, To: Machine on port 10000
2025-03-04 11:01:27,541 - INTERNAL - System Time: 2025-03-04 11:01:27.540965, Logical Clock: 97
2025-03-04 11:01:27,792 - INTERNAL - System Time: 2025-03-04 11:01:27.792072, Logical Clock: 98
2025-03-04 11:01:28,047 - SEND - System Time: 2025-03-04 11:01:28.047531, Logical Clock: 99, To: Machine on port 10000
2025-03-04 11:01:28,302 - SEND - System Time: 2025-03-04 11:01:28.301889, Logical Clock: 100, To: Machine on port 10001
2025-03-04 11:01:28,557 - INTERNAL - System Time: 2025-03-04 11:01:28.557146, Logical Clock: 101
2025-03-04 11:01:28,811 - INTERNAL - System Time: 2025-03-04 11:01:28.810881, Logical Clock: 102
2025-03-04 11:01:29,064 - RECEIVE - System Time: 2025-03-04 11:01:29.064173, Logical Clock: 104, Queue Length: 0, From: Machine 2
2025-03-04 11:01:29,316 - INTERNAL - System Time: 2025-03-04 11:01:29.316671, Logical Clock: 105
2025-03-04 11:01:29,571 - INTERNAL - System Time: 2025-03-04 11:01:29.571767, Logical Clock: 106
2025-03-04 11:01:29,826 - INTERNAL - System Time: 2025-03-04 11:01:29.826352, Logical Clock: 107
2025-03-04 11:01:30,081 - INTERNAL - System Time: 2025-03-04 11:01:30.081614, Logical Clock: 108
2025-03-04 11:01:30,337 - INTERNAL - System Time: 2025-03-04 11:01:30.337270, Logical Clock: 109
2025-03-04 11:01:30,590 - INTERNAL - System Time: 2025-03-04 11:01:30.589969, Logical Clock: 110
2025-03-04 11:01:30,844 - INTERNAL - System Time: 2025-03-04 11:01:30.844620, Logical Clock: 111
2025-03-04 11:01:31,097 - INTERNAL - System Time: 2025-03-04 11:01:31.097098, Logical Clock: 112
2025-03-04 11:01:31,350 - INTERNAL - System Time: 2025-03-04 11:01:31.350513, Logical Clock: 113
2025-03-04 11:01:31,604 - INTERNAL - System Time: 2025-03-04 11:01:31.604163, Logical Clock: 114
2025-03-04 11:01:31,858 - INTERNAL - System Time: 2025-03-04 11:01:31.858427, Logical Clock: 115
2025-03-04 11:01:32,113 - INTERNAL - System Time: 2025-03-04 11:01:32.113666, Logical Clock: 116
2025-03-04 11:01:32,369 - INTERNAL - System Time: 2025-03-04 11:01:32.369034, Logical Clock: 117
2025-03-04 11:01:32,622 - INTERNAL - System Time: 2025-03-04 11:01:32.622186, Logical Clock: 118
2025-03-04 11:01:32,877 - INTERNAL - System Time: 2025-03-04 11:01:32.877406, Logical Clock: 119
2025-03-04 11:01:33,130 - RECEIVE - System Time: 2025-03-04 11:01:33.130514, Logical Clock: 120, Queue Length: 0, From: Machine 1
2025-03-04 11:01:33,384 - SEND - System Time: 2025-03-04 11:01:33.384350, Logical Clock: 121, To: Machine on port 10001
2025-03-04 11:01:33,640 - INTERNAL - System Time: 2025-03-04 11:01:33.639988, Logical Clock: 122
2025-03-04 11:01:33,893 - INTERNAL - System Time: 2025-03-04 11:01:33.893327, Logical Clock: 123
2025-03-04 11:01:34,148 - RECEIVE - System Time: 2025-03-04 11:01:34.148671, Logical Clock: 125, Queue Length: 0, From: Machine 2
2025-03-04 11:01:34,402 - INTERNAL - System Time: 2025-03-04 11:01:34.401808, Logical Clock: 126
2025-03-04 11:01:34,656 - RECEIVE - System Time: 2025-03-04 11:01:34.656000, Logical Clock: 127, Queue Length: 0, From: Machine 1
2025-03-04 11:01:34,907 - INTERNAL - System Time: 2025-03-04 11:01:34.907167, Logical Clock: 128
2025-03-04 11:01:35,159 - SEND - System Time: 2025-03-04 11:01:35.159521, Logical Clock: 129, To: Machine on port 10001
2025-03-04 11:01:35,415 - SEND - System Time: 2025-03-04 11:01:35.414731, Logical Clock: 130, To: Machine on port 10001
2025-03-04 11:01:35,670 - INTERNAL - System Time: 2025-03-04 11:01:35.670118, Logical Clock: 131
2025-03-04 11:01:35,922 - SEND - System Time: 2025-03-04 11:01:35.922415, Logical Clock: 132, To: Machine on port 10001
2025-03-04 11:01:36,177 - INTERNAL - System Time: 2025-03-04 11:01:36.177570, Logical Clock: 133
2025-03-04 11:01:36,432 - INTERNAL - System Time: 2025-03-04 11:01:36.432758, Logical Clock: 134
2025-03-04 11:01:36,692 - INTERNAL - System Time: 2025-03-04 11:01:36.692849, Logical Clock: 135
2025-03-04 11:01:36,948 - INTERNAL - System Time: 2025-03-04 11:01:36.948271, Logical Clock: 136
2025-03-04 11:01:37,202 - RECEIVE - System Time: 2025-03-04 11:01:37.202309, Logical Clock: 138, Queue Length: 0, From: Machine 2
2025-03-04 11:01:37,458 - SEND - System Time: 2025-03-04 11:01:37.457927, Logical Clock: 139, To: Machine on port 10000
2025-03-04 11:01:37,710 - INTERNAL - System Time: 2025-03-04 11:01:37.710395, Logical Clock: 140
2025-03-04 11:01:37,960 - RECEIVE - System Time: 2025-03-04 11:01:37.960713, Logical Clock: 141, Queue Length: 0, From: Machine 2
2025-03-04 11:01:38,216 - INTERNAL - System Time: 2025-03-04 11:01:38.215960, Logical Clock: 142
2025-03-04 11:01:38,471 - RECEIVE - System Time: 2025-03-04 11:01:38.471378, Logical Clock: 143, Queue Length: 0, From: Machine 2
2025-03-04 11:01:38,726 - INTERNAL - System Time: 2025-03-04 11:01:38.726233, Logical Clock: 144
2025-03-04 11:01:38,981 - INTERNAL - System Time: 2025-03-04 11:01:38.981303, Logical Clock: 145
2025-03-04 11:01:39,232 - INTERNAL - System Time: 2025-03-04 11:01:39.232771, Logical Clock: 146
2025-03-04 11:01:39,489 - INTERNAL - System Time: 2025-03-04 11:01:39.488027, Logical Clock: 147
2025-03-04 11:01:39,743 - RECEIVE - System Time: 2025-03-04 11:01:39.742991, Logical Clock: 148, Queue Length: 0, From: Machine 2
2025-03-04 11:01:39,998 - INTERNAL - System Time: 2025-03-04 11:01:39.998363, Logical Clock: 149
2025-03-04 11:01:40,253 - INTERNAL - System Time: 2025-03-04 11:01:40.253697, Logical Clock: 150
2025-03-04 11:01:40,508 - INTERNAL - System Time: 2025-03-04 11:01:40.507955, Logical Clock: 151
2025-03-04 11:01:40,762 - INTERNAL - System Time: 2025-03-04 11:01:40.762257, Logical Clock: 152
2025-03-04 11:01:41,017 - SEND - System Time: 2025-03-04 11:01:41.017019, Logical Clock: 153, To: Machine on port 10000
2025-03-04 11:01:41,271 - INTERNAL - System Time: 2025-03-04 11:01:41.270775, Logical Clock: 154
2025-03-04 11:01:41,521 - SEND - System Time: 2025-03-04 11:01:41.521797, Logical Clock: 155, To: Machine on port 10001
2025-03-04 11:01:41,777 - SEND - System Time: 2025-03-04 11:01:41.777101, Logical Clock: 156, To: Machine on port 10001
2025-03-04 11:01:42,030 - INTERNAL - System Time: 2025-03-04 11:01:42.030395, Logical Clock: 157
2025-03-04 11:01:42,286 - INTERNAL - System Time: 2025-03-04 11:01:42.286337, Logical Clock: 158
2025-03-04 11:01:42,542 - INTERNAL - System Time: 2025-03-04 11:01:42.542663, Logical Clock: 159
2025-03-04 11:01:42,796 - INTERNAL - System Time: 2025-03-04 11:01:42.795944, Logical Clock: 160
2025-03-04 11:01:43,051 - SEND - System Time: 2025-03-04 11:01:43.050758, Logical Clock: 161, To: Machine on port 10000
2025-03-04 11:01:43,303 - SEND - System Time: 2025-03-04 11:01:43.302878, Logical Clock: 162, To: Machine on port 10001
2025-03-04 11:01:43,558 - INTERNAL - System Time: 2025-03-04 11:01:43.558558, Logical Clock: 163
2025-03-04 11:01:43,814 - INTERNAL - System Time: 2025-03-04 11:01:43.814491, Logical Clock: 164
2025-03-04 11:01:44,069 - INTERNAL - System Time: 2025-03-04 11:01:44.069133, Logical Clock: 165
2025-03-04 11:01:44,322 - INTERNAL - System Time: 2025-03-04 11:01:44.322588, Logical Clock: 166
2025-03-04 11:01:44,578 - RECEIVE - System Time: 2025-03-04 11:01:44.577863, Logical Clock: 168, Queue Length: 0, From: Machine 2
2025-03-04 11:01:44,832 - INTERNAL - System Time: 2025-03-04 11:01:44.832257, Logical Clock: 169
2025-03-04 11:01:45,084 - INTERNAL - System Time: 2025-03-04 11:01:45.084333, Logical Clock: 170
2025-03-04 11:01:45,336 - INTERNAL - System Time: 2025-03-04 11:01:45.336676, Logical Clock: 171
2025-03-04 11:01:45,588 - RECEIVE - System Time: 2025-03-04 11:01:45.588788, Logical Clock: 172, Queue Length: 0, From: Machine 1
2025-03-04 11:01:45,844 - INTERNAL - System Time: 2025-03-04 11:01:45.844431, Logical Clock: 173
2025-03-04 11:01:46,097 - SEND - System Time: 2025-03-04 11:01:46.097190, Logical Clock: 174, To: Machine on port 10001
2025-03-04 11:01:46,351 - INTERNAL - System Time: 2025-03-04 11:01:46.350932, Logical Clock: 175
2025-03-04 11:01:46,606 - INTERNAL - System Time: 2025-03-04 11:01:46.606253, Logical Clock: 176
2025-03-04 11:01:46,862 - INTERNAL - System Time: 2025-03-04 11:01:46.862185, Logical Clock: 177
2025-03-04 11:01:47,117 - INTERNAL - System Time: 2025-03-04 11:01:47.117469, Logical Clock: 178
2025-03-04 11:01:47,369 - INTERNAL - System Time: 2025-03-04 11:01:47.369153, Logical Clock: 179
2025-03-04 11:01:47,620 - INTERNAL - System Time: 2025-03-04 11:01:47.620352, Logical Clock: 180
2025-03-04 11:01:47,872 - INTERNAL - System Time: 2025-03-04 11:01:47.872319, Logical Clock: 181
2025-03-04 11:01:48,126 - SEND - System Time: 2025-03-04 11:01:48.125914, Logical Clock: 182, To: Machine on port 10001
2025-03-04 11:01:48,380 - SEND - System Time: 2025-03-04 11:01:48.379920, Logical Clock: 183, To: Machine on port 10000
2025-03-04 11:01:48,635 - INTERNAL - System Time: 2025-03-04 11:01:48.635260, Logical Clock: 184
2025-03-04 11:01:48,887 - INTERNAL - System Time: 2025-03-04 11:01:48.887318, Logical Clock: 185
2025-03-04 11:01:49,138 - RECEIVE - System Time: 2025-03-04 11:01:49.138443, Logical Clock: 187, Queue Length: 0, From: Machine 2
2025-03-04 11:01:49,393 - RECEIVE - System Time: 2025-03-04 11:01:49.392956, Logical Clock: 188, Queue Length: 0, From: Machine 1
2025-03-04 11:01:49,646 - INTERNAL - System Time: 2025-03-04 11:01:49.645945, Logical Clock: 189
2025-03-04 11:01:49,901 - INTERNAL - System Time: 2025-03-04 11:01:49.901313, Logical Clock: 190
2025-03-04 11:01:50,156 - INTERNAL - System Time: 2025-03-04 11:01:50.156102, Logical Clock: 191
2025-03-04 11:01:50,409 - SEND - System Time: 2025-03-04 11:01:50.409760, Logical Clock: 192, To: Machine on port 10001
2025-03-04 11:01:50,665 - INTERNAL - System Time: 2025-03-04 11:01:50.665184, Logical Clock: 193
2025-03-04 11:01:50,921 - INTERNAL - System Time: 2025-03-04 11:01:50.921038, Logical Clock: 194
2025-03-04 11:01:51,174 - INTERNAL - System Time: 2025-03-04 11:01:51.174042, Logical Clock: 195
2025-03-04 11:01:51,429 - INTERNAL - System Time: 2025-03-04 11:01:51.429581, Logical Clock: 196
2025-03-04 11:01:51,680 - INTERNAL - System Time: 2025-03-04 11:01:51.680623, Logical Clock: 197
2025-03-04 11:01:51,934 - RECEIVE - System Time: 2025-03-04 11:01:51.934336, Logical Clock: 199, Queue Length: 0, From: Machine 2
2025-03-04 11:01:52,190 - INTERNAL - System Time: 2025-03-04 11:01:52.189858, Logical Clock: 200
2025-03-04 11:01:52,445 - INTERNAL - System Time: 2025-03-04 11:01:52.445214, Logical Clock: 201
2025-03-04 11:01:52,699 - SEND - System Time: 2025-03-04 11:01:52.698952, Logical Clock: 202, To: Machine on port 10001
2025-03-04 11:01:52,954 - INTERNAL - System Time: 2025-03-04 11:01:52.954442, Logical Clock: 203
2025-03-04 11:01:53,207 - RECEIVE - System Time: 2025-03-04 11:01:53.207852, Logical Clock: 204, Queue Length: 0, From: Machine 1
2025-03-04 11:01:53,464 - SEND - System Time: 2025-03-04 11:01:53.463490, Logical Clock: 205, To: Machine on port 10000
2025-03-04 11:01:53,719 - INTERNAL - System Time: 2025-03-04 11:01:53.718858, Logical Clock: 206
2025-03-04 11:01:53,971 - INTERNAL - System Time: 2025-03-04 11:01:53.971444, Logical Clock: 207
2025-03-04 11:01:54,226 - RECEIVE - System Time: 2025-03-04 11:01:54.226589, Logical Clock: 208, Queue Length: 0, From: Machine 1
2025-03-04 11:01:54,479 - INTERNAL - System Time: 2025-03-04 11:01:54.479639, Logical Clock: 209
2025-03-04 11:01:54,732 - INTERNAL - System Time: 2025-03-04 11:01:54.731979, Logical Clock: 210
2025-03-04 11:01:54,987 - INTERNAL - System Time: 2025-03-04 11:01:54.987330, Logical Clock: 211
2025-03-04 11:01:55,239 - INTERNAL - System Time: 2025-03-04 11:01:55.239200, Logical Clock: 212
2025-03-04 11:01:55,494 - INTERNAL - System Time: 2025-03-04 11:01:55.494634, Logical Clock: 213
2025-03-04 11:01:55,750 - INTERNAL - System Time: 2025-03-04 11:01:55.749730, Logical Clock: 214
2025-03-04 11:01:56,002 - INTERNAL - System Time: 2025-03-04 11:01:56.002571, Logical Clock: 215
2025-03-04 11:01:56,258 - RECEIVE - System Time: 2025-03-04 11:01:56.258243, Logical Clock: 217, Queue Length: 0, From: Machine 2
2025-03-04 11:01:56,513 - INTERNAL - System Time: 2025-03-04 11:01:56.513642, Logical Clock: 218
2025-03-04 11:01:56,766 - INTERNAL - System Time: 2025-03-04 11:01:56.766541, Logical Clock: 219
2025-03-04 11:01:57,021 - INTERNAL - System Time: 2025-03-04 11:01:57.021768, Logical Clock: 220
2025-03-04 11:01:57,273 - SEND - System Time: 2025-03-04 11:01:57.273400, Logical Clock: 221, To: Machine on port 10000
2025-03-04 11:01:57,529 - INTERNAL - System Time: 2025-03-04 11:01:57.528982, Logical Clock: 222
2025-03-04 11:01:57,784 - INTERNAL - System Time: 2025-03-04 11:01:57.783809, Logical Clock: 223
2025-03-04 11:01:58,039 - INTERNAL - System Time: 2025-03-04 11:01:58.038817, Logical Clock: 224
2025-03-04 11:01:58,294 - INTERNAL - System Time: 2025-03-04 11:01:58.294025, Logical Clock: 225
2025-03-04 11:01:58,545 - RECEIVE - System Time: 2025-03-04 11:01:58.545328, Logical Clock: 226, Queue Length: 0, From: Machine 2
2025-03-04 11:01:58,799 - RECEIVE - System Time: 2025-03-04 11:01:58.799175, Logical Clock: 227, Queue Length: 0, From: Machine 1
2025-03-04 11:01:59,054 - RECEIVE - System Time: 2025-03-04 11:01:59.054508, Logical Clock: 228, Queue Length: 0, From: Machine 2
2025-03-04 11:01:59,310 - SEND - System Time: 2025-03-04 11:01:59.310028, Logical Clock: 229, To: Machine on port 10001
2025-03-04 11:01:59,562 - INTERNAL - System Time: 2025-03-04 11:01:59.562248, Logical Clock: 230
2025-03-04 11:01:59,817 - RECEIVE - System Time: 2025-03-04 11:01:59.817471, Logical Clock: 232, Queue Length: 0, From: Machine 2
2025-03-04 11:02:00,072 - RECEIVE - System Time: 2025-03-04 11:02:00.072130, Logical Clock: 233, Queue Length: 0, From: Machine 1
2025-03-04 11:02:00,327 - INTERNAL - System Time: 2025-03-04 11:02:00.327425, Logical Clock: 234
2025-03-04 11:02:00,581 - INTERNAL - System Time: 2025-03-04 11:02:00.581542, Logical Clock: 235
2025-03-04 11:02:00,832 - SEND - System Time: 2025-03-04 11:02:00.832257, Logical Clock: 236, To: Machine on port 10001
2025-03-04 11:02:01,088 - SEND - System Time: 2025-03-04 11:02:01.087739, Logical Clock: 237, To: Machine on port 10001
2025-03-04 11:02:01,339 - INTERNAL - System Time: 2025-03-04 11:02:01.339758, Logical Clock: 238
2025-03-04 11:02:01,593 - INTERNAL - System Time: 2025-03-04 11:02:01.592988, Logical Clock: 239
2025-03-04 11:02:01,848 - RECEIVE - System Time: 2025-03-04 11:02:01.848568, Logical Clock: 241, Queue Length: 0, From: Machine 2
2025-03-04 11:02:02,103 - INTERNAL - System Time: 2025-03-04 11:02:02.102908, Logical Clock: 242
2025-03-04 11:02:02,358 - INTERNAL - System Time: 2025-03-04 11:02:02.358228, Logical Clock: 243
2025-03-04 11:02:02,611 - SEND - System Time: 2025-03-04 11:02:02.610990, Logical Clock: 244, To: Machine on port 10001
2025-03-04 11:02:02,861 - INTERNAL - System Time: 2025-03-04 11:02:02.861862, Logical Clock: 245
2025-03-04 11:02:03,117 - INTERNAL - System Time: 2025-03-04 11:02:03.117157, Logical Clock: 246
2025-03-04 11:02:03,372 - INTERNAL - System Time: 2025-03-04 11:02:03.372294, Logical Clock: 247
2025-03-04 11:02:03,627 - INTERNAL - System Time: 2025-03-04 11:02:03.627424, Logical Clock: 248
2025-03-04 11:02:03,882 - INTERNAL - System Time: 2025-03-04 11:02:03.882128, Logical Clock: 249
