2025-03-04 07:00:15,289 - Virtual Machine 1 initialized
2025-03-04 07:00:15,289 - Clock Rate: 5 ticks/second
2025-03-04 07:00:15,289 - Listening on port: 10000
2025-03-04 07:00:15,289 - Peer ports: [10001, 10002]
2025-03-04 07:00:15,623 - Accepted connection from ('127.0.0.1', 50036)
2025-03-04 07:00:15,906 - Accepted connection from ('127.0.0.1', 50039)
2025-03-04 07:00:16,293 - Connected to peer on port 10001
2025-03-04 07:00:16,294 - Connected to peer on port 10002
2025-03-04 07:00:16,294 - Network initialization completed
2025-03-04 07:00:16,294 - Starting main event loop
2025-03-04 07:00:16,294 - Clock rate: 5 ticks/second
2025-03-04 07:00:16,294 - RECEIVE - System Time: 2025-03-04 07:00:16.294897, Logical Clock: 3, Queue Length: 1, From: Machine 3
2025-03-04 07:00:16,499 - RECEIVE - System Time: 2025-03-04 07:00:16.499305, Logical Clock: 4, Queue Length: 0, From: Machine 3
2025-03-04 07:00:16,702 - SEND - System Time: 2025-03-04 07:00:16.702585, Logical Clock: 5, To: Machine on port 10001
2025-03-04 07:00:16,907 - SEND - System Time: 2025-03-04 07:00:16.907141, Logical Clock: 6, To: Machine on port 10002
2025-03-04 07:00:17,112 - RECEIVE - System Time: 2025-03-04 07:00:17.112569, Logical Clock: 8, Queue Length: 0, From: Machine 2
2025-03-04 07:00:17,315 - SEND - System Time: 2025-03-04 07:00:17.315083, Logical Clock: 9, To: Machine on port 10001
2025-03-04 07:00:17,521 - SEND - System Time: 2025-03-04 07:00:17.520651, Logical Clock: 10, To: Machine on port 10002
2025-03-04 07:00:17,731 - INTERNAL - System Time: 2025-03-04 07:00:17.731773, Logical Clock: 11
2025-03-04 07:00:17,937 - INTERNAL - System Time: 2025-03-04 07:00:17.937080, Logical Clock: 12
2025-03-04 07:00:18,138 - SEND - System Time: 2025-03-04 07:00:18.138641, Logical Clock: 13, To: Machine on port 10001
2025-03-04 07:00:18,138 - SEND - System Time: 2025-03-04 07:00:18.138641, Logical Clock: 13, To: Machine on port 10002
2025-03-04 07:00:18,346 - SEND - System Time: 2025-03-04 07:00:18.346751, Logical Clock: 14, To: Machine on port 10001
2025-03-04 07:00:18,552 - INTERNAL - System Time: 2025-03-04 07:00:18.552099, Logical Clock: 15
2025-03-04 07:00:18,758 - SEND - System Time: 2025-03-04 07:00:18.758125, Logical Clock: 16, To: Machine on port 10001
2025-03-04 07:00:18,758 - SEND - System Time: 2025-03-04 07:00:18.758125, Logical Clock: 16, To: Machine on port 10002
2025-03-04 07:00:18,963 - INTERNAL - System Time: 2025-03-04 07:00:18.963033, Logical Clock: 17
2025-03-04 07:00:19,168 - INTERNAL - System Time: 2025-03-04 07:00:19.168197, Logical Clock: 18
2025-03-04 07:00:19,369 - RECEIVE - System Time: 2025-03-04 07:00:19.369712, Logical Clock: 22, Queue Length: 0, From: Machine 3
2025-03-04 07:00:19,575 - RECEIVE - System Time: 2025-03-04 07:00:19.575184, Logical Clock: 23, Queue Length: 0, From: Machine 2
2025-03-04 07:00:19,778 - SEND - System Time: 2025-03-04 07:00:19.777999, Logical Clock: 24, To: Machine on port 10002
2025-03-04 07:00:19,983 - RECEIVE - System Time: 2025-03-04 07:00:19.983188, Logical Clock: 25, Queue Length: 0, From: Machine 2
2025-03-04 07:00:20,186 - INTERNAL - System Time: 2025-03-04 07:00:20.186189, Logical Clock: 26
2025-03-04 07:00:20,391 - SEND - System Time: 2025-03-04 07:00:20.391452, Logical Clock: 27, To: Machine on port 10002
2025-03-04 07:00:20,594 - SEND - System Time: 2025-03-04 07:00:20.593957, Logical Clock: 28, To: Machine on port 10001
2025-03-04 07:00:20,799 - INTERNAL - System Time: 2025-03-04 07:00:20.799156, Logical Clock: 29
2025-03-04 07:00:21,000 - INTERNAL - System Time: 2025-03-04 07:00:21.000024, Logical Clock: 30
2025-03-04 07:00:21,206 - RECEIVE - System Time: 2025-03-04 07:00:21.205879, Logical Clock: 33, Queue Length: 0, From: Machine 3
2025-03-04 07:00:21,411 - INTERNAL - System Time: 2025-03-04 07:00:21.410858, Logical Clock: 34
2025-03-04 07:00:21,612 - INTERNAL - System Time: 2025-03-04 07:00:21.612428, Logical Clock: 35
2025-03-04 07:00:21,818 - INTERNAL - System Time: 2025-03-04 07:00:21.818125, Logical Clock: 36
2025-03-04 07:00:22,022 - RECEIVE - System Time: 2025-03-04 07:00:22.022779, Logical Clock: 38, Queue Length: 0, From: Machine 3
2025-03-04 07:00:22,227 - INTERNAL - System Time: 2025-03-04 07:00:22.227518, Logical Clock: 39
2025-03-04 07:00:22,432 - INTERNAL - System Time: 2025-03-04 07:00:22.432784, Logical Clock: 40
2025-03-04 07:00:22,635 - INTERNAL - System Time: 2025-03-04 07:00:22.635292, Logical Clock: 41
2025-03-04 07:00:22,837 - RECEIVE - System Time: 2025-03-04 07:00:22.836808, Logical Clock: 43, Queue Length: 0, From: Machine 2
2025-03-04 07:00:23,038 - RECEIVE - System Time: 2025-03-04 07:00:23.038209, Logical Clock: 44, Queue Length: 0, From: Machine 2
2025-03-04 07:00:23,243 - INTERNAL - System Time: 2025-03-04 07:00:23.243712, Logical Clock: 45
2025-03-04 07:00:23,448 - RECEIVE - System Time: 2025-03-04 07:00:23.448395, Logical Clock: 47, Queue Length: 0, From: Machine 3
2025-03-04 07:00:23,651 - INTERNAL - System Time: 2025-03-04 07:00:23.651644, Logical Clock: 48
2025-03-04 07:00:23,857 - RECEIVE - System Time: 2025-03-04 07:00:23.857670, Logical Clock: 50, Queue Length: 0, From: Machine 3
2025-03-04 07:00:24,060 - RECEIVE - System Time: 2025-03-04 07:00:24.060252, Logical Clock: 51, Queue Length: 0, From: Machine 3
2025-03-04 07:00:24,265 - INTERNAL - System Time: 2025-03-04 07:00:24.265590, Logical Clock: 52
2025-03-04 07:00:24,470 - RECEIVE - System Time: 2025-03-04 07:00:24.470768, Logical Clock: 53, Queue Length: 0, From: Machine 3
2025-03-04 07:00:24,676 - INTERNAL - System Time: 2025-03-04 07:00:24.676066, Logical Clock: 54
2025-03-04 07:00:24,879 - RECEIVE - System Time: 2025-03-04 07:00:24.879871, Logical Clock: 56, Queue Length: 0, From: Machine 2
2025-03-04 07:00:25,083 - SEND - System Time: 2025-03-04 07:00:25.083344, Logical Clock: 57, To: Machine on port 10002
2025-03-04 07:00:25,286 - SEND - System Time: 2025-03-04 07:00:25.286706, Logical Clock: 58, To: Machine on port 10002
2025-03-04 07:00:25,491 - RECEIVE - System Time: 2025-03-04 07:00:25.491811, Logical Clock: 61, Queue Length: 0, From: Machine 2
2025-03-04 07:00:25,696 - RECEIVE - System Time: 2025-03-04 07:00:25.695794, Logical Clock: 63, Queue Length: 0, From: Machine 3
2025-03-04 07:00:25,900 - RECEIVE - System Time: 2025-03-04 07:00:25.900639, Logical Clock: 64, Queue Length: 0, From: Machine 2
2025-03-04 07:00:26,104 - RECEIVE - System Time: 2025-03-04 07:00:26.103974, Logical Clock: 65, Queue Length: 0, From: Machine 3
2025-03-04 07:00:26,305 - RECEIVE - System Time: 2025-03-04 07:00:26.305376, Logical Clock: 66, Queue Length: 0, From: Machine 2
2025-03-04 07:00:26,510 - INTERNAL - System Time: 2025-03-04 07:00:26.510538, Logical Clock: 67
2025-03-04 07:00:26,712 - RECEIVE - System Time: 2025-03-04 07:00:26.712375, Logical Clock: 69, Queue Length: 0, From: Machine 3
2025-03-04 07:00:26,917 - RECEIVE - System Time: 2025-03-04 07:00:26.916939, Logical Clock: 70, Queue Length: 0, From: Machine 2
2025-03-04 07:00:27,122 - INTERNAL - System Time: 2025-03-04 07:00:27.122130, Logical Clock: 71
2025-03-04 07:00:27,329 - INTERNAL - System Time: 2025-03-04 07:00:27.329065, Logical Clock: 72
2025-03-04 07:00:27,532 - INTERNAL - System Time: 2025-03-04 07:00:27.532626, Logical Clock: 73
2025-03-04 07:00:27,735 - RECEIVE - System Time: 2025-03-04 07:00:27.735350, Logical Clock: 74, Queue Length: 0, From: Machine 2
2025-03-04 07:00:27,937 - SEND - System Time: 2025-03-04 07:00:27.937905, Logical Clock: 75, To: Machine on port 10001
2025-03-04 07:00:28,144 - INTERNAL - System Time: 2025-03-04 07:00:28.144610, Logical Clock: 76
2025-03-04 07:00:28,348 - RECEIVE - System Time: 2025-03-04 07:00:28.348860, Logical Clock: 78, Queue Length: 0, From: Machine 3
2025-03-04 07:00:28,554 - RECEIVE - System Time: 2025-03-04 07:00:28.554032, Logical Clock: 79, Queue Length: 0, From: Machine 3
2025-03-04 07:00:28,757 - SEND - System Time: 2025-03-04 07:00:28.757730, Logical Clock: 80, To: Machine on port 10002
2025-03-04 07:00:28,963 - INTERNAL - System Time: 2025-03-04 07:00:28.963335, Logical Clock: 81
2025-03-04 07:00:29,168 - RECEIVE - System Time: 2025-03-04 07:00:29.168603, Logical Clock: 83, Queue Length: 0, From: Machine 2
2025-03-04 07:00:29,370 - SEND - System Time: 2025-03-04 07:00:29.370095, Logical Clock: 84, To: Machine on port 10002
2025-03-04 07:00:29,575 - INTERNAL - System Time: 2025-03-04 07:00:29.575598, Logical Clock: 85
2025-03-04 07:00:29,780 - RECEIVE - System Time: 2025-03-04 07:00:29.780129, Logical Clock: 86, Queue Length: 0, From: Machine 2
2025-03-04 07:00:29,985 - RECEIVE - System Time: 2025-03-04 07:00:29.985325, Logical Clock: 89, Queue Length: 0, From: Machine 3
2025-03-04 07:00:30,187 - SEND - System Time: 2025-03-04 07:00:30.186653, Logical Clock: 90, To: Machine on port 10001
2025-03-04 07:00:30,187 - SEND - System Time: 2025-03-04 07:00:30.186653, Logical Clock: 90, To: Machine on port 10002
2025-03-04 07:00:30,392 - INTERNAL - System Time: 2025-03-04 07:00:30.392338, Logical Clock: 91
2025-03-04 07:00:30,596 - INTERNAL - System Time: 2025-03-04 07:00:30.596774, Logical Clock: 92
2025-03-04 07:00:30,798 - INTERNAL - System Time: 2025-03-04 07:00:30.798248, Logical Clock: 93
2025-03-04 07:00:31,003 - RECEIVE - System Time: 2025-03-04 07:00:31.002910, Logical Clock: 96, Queue Length: 0, From: Machine 3
2025-03-04 07:00:31,206 - RECEIVE - System Time: 2025-03-04 07:00:31.206560, Logical Clock: 97, Queue Length: 0, From: Machine 3
2025-03-04 07:00:31,410 - SEND - System Time: 2025-03-04 07:00:31.410569, Logical Clock: 98, To: Machine on port 10001
2025-03-04 07:00:31,410 - SEND - System Time: 2025-03-04 07:00:31.410569, Logical Clock: 98, To: Machine on port 10002
2025-03-04 07:00:31,612 - SEND - System Time: 2025-03-04 07:00:31.611878, Logical Clock: 99, To: Machine on port 10001
2025-03-04 07:00:31,612 - SEND - System Time: 2025-03-04 07:00:31.611878, Logical Clock: 99, To: Machine on port 10002
2025-03-04 07:00:31,817 - INTERNAL - System Time: 2025-03-04 07:00:31.817392, Logical Clock: 100
2025-03-04 07:00:32,022 - INTERNAL - System Time: 2025-03-04 07:00:32.022079, Logical Clock: 101
2025-03-04 07:00:32,226 - SEND - System Time: 2025-03-04 07:00:32.226677, Logical Clock: 102, To: Machine on port 10001
2025-03-04 07:00:32,227 - SEND - System Time: 2025-03-04 07:00:32.226677, Logical Clock: 102, To: Machine on port 10002
2025-03-04 07:00:32,428 - INTERNAL - System Time: 2025-03-04 07:00:32.428561, Logical Clock: 103
2025-03-04 07:00:32,634 - RECEIVE - System Time: 2025-03-04 07:00:32.633733, Logical Clock: 106, Queue Length: 0, From: Machine 3
2025-03-04 07:00:32,839 - RECEIVE - System Time: 2025-03-04 07:00:32.838985, Logical Clock: 107, Queue Length: 0, From: Machine 3
2025-03-04 07:00:33,046 - INTERNAL - System Time: 2025-03-04 07:00:33.046042, Logical Clock: 108
2025-03-04 07:00:33,251 - INTERNAL - System Time: 2025-03-04 07:00:33.251075, Logical Clock: 109
2025-03-04 07:00:33,452 - RECEIVE - System Time: 2025-03-04 07:00:33.452708, Logical Clock: 110, Queue Length: 0, From: Machine 2
2025-03-04 07:00:33,655 - INTERNAL - System Time: 2025-03-04 07:00:33.655675, Logical Clock: 111
2025-03-04 07:00:33,860 - RECEIVE - System Time: 2025-03-04 07:00:33.860725, Logical Clock: 113, Queue Length: 0, From: Machine 3
2025-03-04 07:00:34,065 - INTERNAL - System Time: 2025-03-04 07:00:34.065837, Logical Clock: 114
2025-03-04 07:00:34,268 - INTERNAL - System Time: 2025-03-04 07:00:34.268187, Logical Clock: 115
2025-03-04 07:00:34,470 - SEND - System Time: 2025-03-04 07:00:34.470223, Logical Clock: 116, To: Machine on port 10001
2025-03-04 07:00:34,470 - SEND - System Time: 2025-03-04 07:00:34.470223, Logical Clock: 116, To: Machine on port 10002
2025-03-04 07:00:34,675 - SEND - System Time: 2025-03-04 07:00:34.675507, Logical Clock: 117, To: Machine on port 10002
2025-03-04 07:00:34,880 - INTERNAL - System Time: 2025-03-04 07:00:34.880739, Logical Clock: 118
2025-03-04 07:00:35,085 - INTERNAL - System Time: 2025-03-04 07:00:35.085148, Logical Clock: 119
2025-03-04 07:00:35,289 - INTERNAL - System Time: 2025-03-04 07:00:35.289522, Logical Clock: 120
2025-03-04 07:00:35,494 - INTERNAL - System Time: 2025-03-04 07:00:35.494126, Logical Clock: 121
2025-03-04 07:00:35,698 - INTERNAL - System Time: 2025-03-04 07:00:35.697872, Logical Clock: 122
2025-03-04 07:00:35,905 - SEND - System Time: 2025-03-04 07:00:35.903865, Logical Clock: 123, To: Machine on port 10002
2025-03-04 07:00:36,113 - SEND - System Time: 2025-03-04 07:00:36.112474, Logical Clock: 124, To: Machine on port 10001
2025-03-04 07:00:36,317 - INTERNAL - System Time: 2025-03-04 07:00:36.316835, Logical Clock: 125
2025-03-04 07:00:36,522 - INTERNAL - System Time: 2025-03-04 07:00:36.522328, Logical Clock: 126
2025-03-04 07:00:36,726 - INTERNAL - System Time: 2025-03-04 07:00:36.726648, Logical Clock: 127
2025-03-04 07:00:36,932 - INTERNAL - System Time: 2025-03-04 07:00:36.931904, Logical Clock: 128
2025-03-04 07:00:37,135 - RECEIVE - System Time: 2025-03-04 07:00:37.135286, Logical Clock: 134, Queue Length: 0, From: Machine 3
2025-03-04 07:00:37,338 - INTERNAL - System Time: 2025-03-04 07:00:37.337901, Logical Clock: 135
2025-03-04 07:00:37,544 - INTERNAL - System Time: 2025-03-04 07:00:37.543796, Logical Clock: 136
2025-03-04 07:00:37,745 - RECEIVE - System Time: 2025-03-04 07:00:37.745129, Logical Clock: 137, Queue Length: 0, From: Machine 3
2025-03-04 07:00:37,947 - INTERNAL - System Time: 2025-03-04 07:00:37.947133, Logical Clock: 138
2025-03-04 07:00:38,152 - RECEIVE - System Time: 2025-03-04 07:00:38.152042, Logical Clock: 139, Queue Length: 0, From: Machine 3
2025-03-04 07:00:38,353 - RECEIVE - System Time: 2025-03-04 07:00:38.353170, Logical Clock: 140, Queue Length: 0, From: Machine 2
2025-03-04 07:00:38,557 - INTERNAL - System Time: 2025-03-04 07:00:38.557557, Logical Clock: 141
2025-03-04 07:00:38,763 - INTERNAL - System Time: 2025-03-04 07:00:38.763734, Logical Clock: 142
2025-03-04 07:00:38,969 - INTERNAL - System Time: 2025-03-04 07:00:38.969149, Logical Clock: 143
2025-03-04 07:00:39,172 - RECEIVE - System Time: 2025-03-04 07:00:39.172060, Logical Clock: 145, Queue Length: 1, From: Machine 3
2025-03-04 07:00:39,379 - RECEIVE - System Time: 2025-03-04 07:00:39.379148, Logical Clock: 146, Queue Length: 0, From: Machine 3
2025-03-04 07:00:39,584 - RECEIVE - System Time: 2025-03-04 07:00:39.583967, Logical Clock: 148, Queue Length: 0, From: Machine 2
2025-03-04 07:00:39,785 - INTERNAL - System Time: 2025-03-04 07:00:39.785561, Logical Clock: 149
2025-03-04 07:00:39,987 - INTERNAL - System Time: 2025-03-04 07:00:39.987697, Logical Clock: 150
2025-03-04 07:00:40,193 - RECEIVE - System Time: 2025-03-04 07:00:40.193479, Logical Clock: 151, Queue Length: 0, From: Machine 2
2025-03-04 07:00:40,399 - INTERNAL - System Time: 2025-03-04 07:00:40.398975, Logical Clock: 152
2025-03-04 07:00:40,602 - INTERNAL - System Time: 2025-03-04 07:00:40.602017, Logical Clock: 153
2025-03-04 07:00:40,804 - SEND - System Time: 2025-03-04 07:00:40.804463, Logical Clock: 154, To: Machine on port 10001
2025-03-04 07:00:41,009 - INTERNAL - System Time: 2025-03-04 07:00:41.009642, Logical Clock: 155
2025-03-04 07:00:41,214 - RECEIVE - System Time: 2025-03-04 07:00:41.214812, Logical Clock: 157, Queue Length: 0, From: Machine 2
2025-03-04 07:00:41,420 - INTERNAL - System Time: 2025-03-04 07:00:41.419977, Logical Clock: 158
2025-03-04 07:00:41,625 - INTERNAL - System Time: 2025-03-04 07:00:41.625144, Logical Clock: 159
2025-03-04 07:00:41,828 - SEND - System Time: 2025-03-04 07:00:41.828261, Logical Clock: 160, To: Machine on port 10002
2025-03-04 07:00:42,033 - INTERNAL - System Time: 2025-03-04 07:00:42.033630, Logical Clock: 161
2025-03-04 07:00:42,235 - INTERNAL - System Time: 2025-03-04 07:00:42.235094, Logical Clock: 162
2025-03-04 07:00:42,439 - INTERNAL - System Time: 2025-03-04 07:00:42.439470, Logical Clock: 163
2025-03-04 07:00:42,640 - INTERNAL - System Time: 2025-03-04 07:00:42.640572, Logical Clock: 164
2025-03-04 07:00:42,843 - RECEIVE - System Time: 2025-03-04 07:00:42.842972, Logical Clock: 167, Queue Length: 0, From: Machine 2
2025-03-04 07:00:43,044 - RECEIVE - System Time: 2025-03-04 07:00:43.044226, Logical Clock: 169, Queue Length: 0, From: Machine 3
2025-03-04 07:00:43,247 - RECEIVE - System Time: 2025-03-04 07:00:43.247308, Logical Clock: 170, Queue Length: 0, From: Machine 3
2025-03-04 07:00:43,452 - RECEIVE - System Time: 2025-03-04 07:00:43.452585, Logical Clock: 171, Queue Length: 0, From: Machine 3
2025-03-04 07:00:43,658 - INTERNAL - System Time: 2025-03-04 07:00:43.657878, Logical Clock: 172
2025-03-04 07:00:43,863 - RECEIVE - System Time: 2025-03-04 07:00:43.862888, Logical Clock: 173, Queue Length: 0, From: Machine 2
2025-03-04 07:00:44,065 - SEND - System Time: 2025-03-04 07:00:44.065556, Logical Clock: 174, To: Machine on port 10002
2025-03-04 07:00:44,269 - RECEIVE - System Time: 2025-03-04 07:00:44.269796, Logical Clock: 175, Queue Length: 0, From: Machine 2
2025-03-04 07:00:44,472 - INTERNAL - System Time: 2025-03-04 07:00:44.472250, Logical Clock: 176
2025-03-04 07:00:44,676 - RECEIVE - System Time: 2025-03-04 07:00:44.676538, Logical Clock: 179, Queue Length: 0, From: Machine 3
2025-03-04 07:00:44,880 - RECEIVE - System Time: 2025-03-04 07:00:44.879837, Logical Clock: 181, Queue Length: 0, From: Machine 2
2025-03-04 07:00:45,085 - SEND - System Time: 2025-03-04 07:00:45.085620, Logical Clock: 182, To: Machine on port 10001
2025-03-04 07:00:45,291 - INTERNAL - System Time: 2025-03-04 07:00:45.291122, Logical Clock: 183
2025-03-04 07:00:45,495 - INTERNAL - System Time: 2025-03-04 07:00:45.495065, Logical Clock: 184
2025-03-04 07:00:45,700 - INTERNAL - System Time: 2025-03-04 07:00:45.700324, Logical Clock: 185
2025-03-04 07:00:45,901 - INTERNAL - System Time: 2025-03-04 07:00:45.901507, Logical Clock: 186
2025-03-04 07:00:46,107 - RECEIVE - System Time: 2025-03-04 07:00:46.107102, Logical Clock: 188, Queue Length: 1, From: Machine 3
2025-03-04 07:00:46,309 - RECEIVE - System Time: 2025-03-04 07:00:46.308799, Logical Clock: 189, Queue Length: 0, From: Machine 2
2025-03-04 07:00:46,511 - RECEIVE - System Time: 2025-03-04 07:00:46.511073, Logical Clock: 191, Queue Length: 1, From: Machine 3
2025-03-04 07:00:46,714 - RECEIVE - System Time: 2025-03-04 07:00:46.713927, Logical Clock: 192, Queue Length: 0, From: Machine 3
2025-03-04 07:00:46,919 - RECEIVE - System Time: 2025-03-04 07:00:46.918944, Logical Clock: 194, Queue Length: 0, From: Machine 3
2025-03-04 07:00:47,123 - INTERNAL - System Time: 2025-03-04 07:00:47.123169, Logical Clock: 195
2025-03-04 07:00:47,327 - SEND - System Time: 2025-03-04 07:00:47.327179, Logical Clock: 196, To: Machine on port 10002
2025-03-04 07:00:47,527 - RECEIVE - System Time: 2025-03-04 07:00:47.527864, Logical Clock: 198, Queue Length: 0, From: Machine 2
2025-03-04 07:00:47,733 - RECEIVE - System Time: 2025-03-04 07:00:47.733066, Logical Clock: 200, Queue Length: 0, From: Machine 3
2025-03-04 07:00:47,938 - INTERNAL - System Time: 2025-03-04 07:00:47.938382, Logical Clock: 201
2025-03-04 07:00:48,145 - SEND - System Time: 2025-03-04 07:00:48.144348, Logical Clock: 202, To: Machine on port 10001
2025-03-04 07:00:48,350 - INTERNAL - System Time: 2025-03-04 07:00:48.349894, Logical Clock: 203
2025-03-04 07:00:48,551 - RECEIVE - System Time: 2025-03-04 07:00:48.551787, Logical Clock: 205, Queue Length: 0, From: Machine 3
2025-03-04 07:00:48,755 - INTERNAL - System Time: 2025-03-04 07:00:48.754952, Logical Clock: 206
2025-03-04 07:00:48,961 - INTERNAL - System Time: 2025-03-04 07:00:48.960670, Logical Clock: 207
2025-03-04 07:00:49,164 - INTERNAL - System Time: 2025-03-04 07:00:49.164318, Logical Clock: 208
2025-03-04 07:00:49,369 - RECEIVE - System Time: 2025-03-04 07:00:49.368974, Logical Clock: 209, Queue Length: 0, From: Machine 3
2025-03-04 07:00:49,574 - INTERNAL - System Time: 2025-03-04 07:00:49.574269, Logical Clock: 210
2025-03-04 07:00:49,779 - RECEIVE - System Time: 2025-03-04 07:00:49.779798, Logical Clock: 211, Queue Length: 0, From: Machine 3
2025-03-04 07:00:49,985 - INTERNAL - System Time: 2025-03-04 07:00:49.985062, Logical Clock: 212
2025-03-04 07:00:50,191 - SEND - System Time: 2025-03-04 07:00:50.190931, Logical Clock: 213, To: Machine on port 10002
2025-03-04 07:00:50,395 - INTERNAL - System Time: 2025-03-04 07:00:50.395409, Logical Clock: 214
2025-03-04 07:00:50,597 - INTERNAL - System Time: 2025-03-04 07:00:50.596962, Logical Clock: 215
2025-03-04 07:00:50,800 - INTERNAL - System Time: 2025-03-04 07:00:50.800600, Logical Clock: 216
2025-03-04 07:00:51,005 - INTERNAL - System Time: 2025-03-04 07:00:51.005489, Logical Clock: 217
2025-03-04 07:00:51,210 - INTERNAL - System Time: 2025-03-04 07:00:51.210142, Logical Clock: 218
2025-03-04 07:00:51,412 - RECEIVE - System Time: 2025-03-04 07:00:51.412389, Logical Clock: 221, Queue Length: 0, From: Machine 2
2025-03-04 07:00:51,617 - INTERNAL - System Time: 2025-03-04 07:00:51.617446, Logical Clock: 222
2025-03-04 07:00:51,822 - INTERNAL - System Time: 2025-03-04 07:00:51.822312, Logical Clock: 223
2025-03-04 07:00:52,025 - SEND - System Time: 2025-03-04 07:00:52.025424, Logical Clock: 224, To: Machine on port 10001
2025-03-04 07:00:52,227 - INTERNAL - System Time: 2025-03-04 07:00:52.227347, Logical Clock: 225
2025-03-04 07:00:52,433 - INTERNAL - System Time: 2025-03-04 07:00:52.433037, Logical Clock: 226
2025-03-04 07:00:52,638 - SEND - System Time: 2025-03-04 07:00:52.637924, Logical Clock: 227, To: Machine on port 10001
2025-03-04 07:00:52,843 - INTERNAL - System Time: 2025-03-04 07:00:52.843123, Logical Clock: 228
2025-03-04 07:00:53,045 - INTERNAL - System Time: 2025-03-04 07:00:53.045648, Logical Clock: 229
2025-03-04 07:00:53,250 - RECEIVE - System Time: 2025-03-04 07:00:53.250278, Logical Clock: 232, Queue Length: 0, From: Machine 3
2025-03-04 07:00:53,453 - INTERNAL - System Time: 2025-03-04 07:00:53.452961, Logical Clock: 233
2025-03-04 07:00:53,658 - SEND - System Time: 2025-03-04 07:00:53.658095, Logical Clock: 234, To: Machine on port 10002
2025-03-04 07:00:53,861 - RECEIVE - System Time: 2025-03-04 07:00:53.861157, Logical Clock: 236, Queue Length: 0, From: Machine 2
2025-03-04 07:00:54,064 - SEND - System Time: 2025-03-04 07:00:54.063264, Logical Clock: 237, To: Machine on port 10001
2025-03-04 07:00:54,064 - SEND - System Time: 2025-03-04 07:00:54.063264, Logical Clock: 237, To: Machine on port 10002
2025-03-04 07:00:54,269 - INTERNAL - System Time: 2025-03-04 07:00:54.269250, Logical Clock: 238
2025-03-04 07:00:54,474 - INTERNAL - System Time: 2025-03-04 07:00:54.474420, Logical Clock: 239
2025-03-04 07:00:54,678 - RECEIVE - System Time: 2025-03-04 07:00:54.678546, Logical Clock: 242, Queue Length: 0, From: Machine 2
2025-03-04 07:00:54,884 - SEND - System Time: 2025-03-04 07:00:54.883820, Logical Clock: 243, To: Machine on port 10001
2025-03-04 07:00:55,086 - INTERNAL - System Time: 2025-03-04 07:00:55.085811, Logical Clock: 244
2025-03-04 07:00:55,287 - SEND - System Time: 2025-03-04 07:00:55.287573, Logical Clock: 245, To: Machine on port 10002
2025-03-04 07:00:55,491 - INTERNAL - System Time: 2025-03-04 07:00:55.491323, Logical Clock: 246
2025-03-04 07:00:55,695 - SEND - System Time: 2025-03-04 07:00:55.694973, Logical Clock: 247, To: Machine on port 10002
2025-03-04 07:00:55,900 - SEND - System Time: 2025-03-04 07:00:55.900257, Logical Clock: 248, To: Machine on port 10001
2025-03-04 07:00:56,105 - INTERNAL - System Time: 2025-03-04 07:00:56.105493, Logical Clock: 249
2025-03-04 07:00:56,310 - INTERNAL - System Time: 2025-03-04 07:00:56.310271, Logical Clock: 250
2025-03-04 07:00:56,512 - SEND - System Time: 2025-03-04 07:00:56.512310, Logical Clock: 251, To: Machine on port 10001
2025-03-04 07:00:56,513 - SEND - System Time: 2025-03-04 07:00:56.512310, Logical Clock: 251, To: Machine on port 10002
2025-03-04 07:00:56,718 - INTERNAL - System Time: 2025-03-04 07:00:56.718523, Logical Clock: 252
2025-03-04 07:00:56,920 - INTERNAL - System Time: 2025-03-04 07:00:56.920498, Logical Clock: 253
2025-03-04 07:00:57,129 - SEND - System Time: 2025-03-04 07:00:57.129655, Logical Clock: 254, To: Machine on port 10002
2025-03-04 07:00:57,334 - SEND - System Time: 2025-03-04 07:00:57.333832, Logical Clock: 255, To: Machine on port 10002
2025-03-04 07:00:57,535 - INTERNAL - System Time: 2025-03-04 07:00:57.535441, Logical Clock: 256
2025-03-04 07:00:57,737 - INTERNAL - System Time: 2025-03-04 07:00:57.737406, Logical Clock: 257
2025-03-04 07:00:57,941 - INTERNAL - System Time: 2025-03-04 07:00:57.941913, Logical Clock: 258
2025-03-04 07:00:58,147 - INTERNAL - System Time: 2025-03-04 07:00:58.147196, Logical Clock: 259
2025-03-04 07:00:58,353 - RECEIVE - System Time: 2025-03-04 07:00:58.353031, Logical Clock: 265, Queue Length: 0, From: Machine 3
2025-03-04 07:00:58,555 - INTERNAL - System Time: 2025-03-04 07:00:58.555450, Logical Clock: 266
2025-03-04 07:00:58,761 - INTERNAL - System Time: 2025-03-04 07:00:58.761514, Logical Clock: 267
2025-03-04 07:00:58,968 - SEND - System Time: 2025-03-04 07:00:58.967252, Logical Clock: 268, To: Machine on port 10002
2025-03-04 07:00:59,172 - INTERNAL - System Time: 2025-03-04 07:00:59.172706, Logical Clock: 269
2025-03-04 07:00:59,377 - INTERNAL - System Time: 2025-03-04 07:00:59.377583, Logical Clock: 270
2025-03-04 07:00:59,582 - SEND - System Time: 2025-03-04 07:00:59.582258, Logical Clock: 271, To: Machine on port 10002
2025-03-04 07:00:59,788 - SEND - System Time: 2025-03-04 07:00:59.788012, Logical Clock: 272, To: Machine on port 10002
2025-03-04 07:00:59,994 - INTERNAL - System Time: 2025-03-04 07:00:59.994174, Logical Clock: 273
2025-03-04 07:01:00,199 - RECEIVE - System Time: 2025-03-04 07:01:00.199398, Logical Clock: 276, Queue Length: 0, From: Machine 3
2025-03-04 07:01:00,404 - INTERNAL - System Time: 2025-03-04 07:01:00.404728, Logical Clock: 277
2025-03-04 07:01:00,610 - INTERNAL - System Time: 2025-03-04 07:01:00.610428, Logical Clock: 278
2025-03-04 07:01:00,816 - RECEIVE - System Time: 2025-03-04 07:01:00.816246, Logical Clock: 279, Queue Length: 0, From: Machine 2
2025-03-04 07:01:01,022 - SEND - System Time: 2025-03-04 07:01:01.022433, Logical Clock: 280, To: Machine on port 10001
2025-03-04 07:01:01,022 - SEND - System Time: 2025-03-04 07:01:01.022433, Logical Clock: 280, To: Machine on port 10002
2025-03-04 07:01:01,243 - SEND - System Time: 2025-03-04 07:01:01.243396, Logical Clock: 281, To: Machine on port 10002
2025-03-04 07:01:01,448 - RECEIVE - System Time: 2025-03-04 07:01:01.448629, Logical Clock: 283, Queue Length: 0, From: Machine 2
2025-03-04 07:01:01,654 - INTERNAL - System Time: 2025-03-04 07:01:01.653883, Logical Clock: 284
2025-03-04 07:01:01,858 - INTERNAL - System Time: 2025-03-04 07:01:01.858023, Logical Clock: 285
2025-03-04 07:01:02,063 - RECEIVE - System Time: 2025-03-04 07:01:02.063260, Logical Clock: 287, Queue Length: 1, From: Machine 3
2025-03-04 07:01:02,269 - RECEIVE - System Time: 2025-03-04 07:01:02.269487, Logical Clock: 288, Queue Length: 0, From: Machine 3
2025-03-04 07:01:02,474 - INTERNAL - System Time: 2025-03-04 07:01:02.474700, Logical Clock: 289
2025-03-04 07:01:02,676 - INTERNAL - System Time: 2025-03-04 07:01:02.676841, Logical Clock: 290
2025-03-04 07:01:02,879 - INTERNAL - System Time: 2025-03-04 07:01:02.879047, Logical Clock: 291
2025-03-04 07:01:03,084 - INTERNAL - System Time: 2025-03-04 07:01:03.084271, Logical Clock: 292
2025-03-04 07:01:03,287 - SEND - System Time: 2025-03-04 07:01:03.287752, Logical Clock: 293, To: Machine on port 10002
2025-03-04 07:01:03,488 - SEND - System Time: 2025-03-04 07:01:03.488857, Logical Clock: 294, To: Machine on port 10001
2025-03-04 07:01:03,489 - SEND - System Time: 2025-03-04 07:01:03.488857, Logical Clock: 294, To: Machine on port 10002
2025-03-04 07:01:03,690 - INTERNAL - System Time: 2025-03-04 07:01:03.690535, Logical Clock: 295
2025-03-04 07:01:03,895 - INTERNAL - System Time: 2025-03-04 07:01:03.894955, Logical Clock: 296
2025-03-04 07:01:04,100 - INTERNAL - System Time: 2025-03-04 07:01:04.100418, Logical Clock: 297
2025-03-04 07:01:04,303 - SEND - System Time: 2025-03-04 07:01:04.302944, Logical Clock: 298, To: Machine on port 10002
2025-03-04 07:01:04,508 - INTERNAL - System Time: 2025-03-04 07:01:04.508302, Logical Clock: 299
2025-03-04 07:01:04,712 - INTERNAL - System Time: 2025-03-04 07:01:04.712351, Logical Clock: 300
2025-03-04 07:01:04,915 - INTERNAL - System Time: 2025-03-04 07:01:04.915672, Logical Clock: 301
2025-03-04 07:01:05,119 - SEND - System Time: 2025-03-04 07:01:05.119498, Logical Clock: 302, To: Machine on port 10002
2025-03-04 07:01:05,321 - INTERNAL - System Time: 2025-03-04 07:01:05.321833, Logical Clock: 303
2025-03-04 07:01:05,527 - RECEIVE - System Time: 2025-03-04 07:01:05.527083, Logical Clock: 309, Queue Length: 0, From: Machine 3
2025-03-04 07:01:05,732 - INTERNAL - System Time: 2025-03-04 07:01:05.732169, Logical Clock: 310
2025-03-04 07:01:05,937 - INTERNAL - System Time: 2025-03-04 07:01:05.937439, Logical Clock: 311
2025-03-04 07:01:06,142 - RECEIVE - System Time: 2025-03-04 07:01:06.142744, Logical Clock: 313, Queue Length: 0, From: Machine 2
2025-03-04 07:01:06,347 - INTERNAL - System Time: 2025-03-04 07:01:06.347214, Logical Clock: 314
2025-03-04 07:01:06,553 - RECEIVE - System Time: 2025-03-04 07:01:06.553653, Logical Clock: 316, Queue Length: 0, From: Machine 3
2025-03-04 07:01:06,755 - INTERNAL - System Time: 2025-03-04 07:01:06.755135, Logical Clock: 317
2025-03-04 07:01:06,960 - SEND - System Time: 2025-03-04 07:01:06.960286, Logical Clock: 318, To: Machine on port 10001
2025-03-04 07:01:07,165 - SEND - System Time: 2025-03-04 07:01:07.165655, Logical Clock: 319, To: Machine on port 10002
2025-03-04 07:01:07,369 - INTERNAL - System Time: 2025-03-04 07:01:07.369482, Logical Clock: 320
2025-03-04 07:01:07,574 - RECEIVE - System Time: 2025-03-04 07:01:07.574364, Logical Clock: 322, Queue Length: 0, From: Machine 2
2025-03-04 07:01:07,777 - RECEIVE - System Time: 2025-03-04 07:01:07.777520, Logical Clock: 324, Queue Length: 0, From: Machine 3
2025-03-04 07:01:07,983 - RECEIVE - System Time: 2025-03-04 07:01:07.982919, Logical Clock: 325, Queue Length: 0, From: Machine 3
2025-03-04 07:01:08,186 - INTERNAL - System Time: 2025-03-04 07:01:08.186861, Logical Clock: 326
2025-03-04 07:01:08,388 - INTERNAL - System Time: 2025-03-04 07:01:08.388139, Logical Clock: 327
2025-03-04 07:01:08,593 - INTERNAL - System Time: 2025-03-04 07:01:08.593031, Logical Clock: 328
2025-03-04 07:01:08,797 - RECEIVE - System Time: 2025-03-04 07:01:08.797565, Logical Clock: 330, Queue Length: 0, From: Machine 2
2025-03-04 07:01:09,002 - INTERNAL - System Time: 2025-03-04 07:01:09.002725, Logical Clock: 331
2025-03-04 07:01:09,207 - RECEIVE - System Time: 2025-03-04 07:01:09.207286, Logical Clock: 332, Queue Length: 1, From: Machine 3
2025-03-04 07:01:09,410 - RECEIVE - System Time: 2025-03-04 07:01:09.410167, Logical Clock: 333, Queue Length: 1, From: Machine 2
2025-03-04 07:01:09,613 - RECEIVE - System Time: 2025-03-04 07:01:09.613130, Logical Clock: 334, Queue Length: 1, From: Machine 3
2025-03-04 07:01:09,817 - RECEIVE - System Time: 2025-03-04 07:01:09.817674, Logical Clock: 335, Queue Length: 1, From: Machine 2
2025-03-04 07:01:10,023 - RECEIVE - System Time: 2025-03-04 07:01:10.023325, Logical Clock: 337, Queue Length: 1, From: Machine 3
2025-03-04 07:01:10,227 - RECEIVE - System Time: 2025-03-04 07:01:10.227535, Logical Clock: 338, Queue Length: 0, From: Machine 2
2025-03-04 07:01:10,429 - RECEIVE - System Time: 2025-03-04 07:01:10.429532, Logical Clock: 341, Queue Length: 0, From: Machine 3
2025-03-04 07:01:10,635 - INTERNAL - System Time: 2025-03-04 07:01:10.635037, Logical Clock: 342
2025-03-04 07:01:10,841 - RECEIVE - System Time: 2025-03-04 07:01:10.841626, Logical Clock: 343, Queue Length: 0, From: Machine 3
2025-03-04 07:01:11,046 - INTERNAL - System Time: 2025-03-04 07:01:11.046433, Logical Clock: 344
2025-03-04 07:01:11,251 - INTERNAL - System Time: 2025-03-04 07:01:11.251136, Logical Clock: 345
2025-03-04 07:01:11,452 - RECEIVE - System Time: 2025-03-04 07:01:11.452770, Logical Clock: 346, Queue Length: 1, From: Machine 3
2025-03-04 07:01:11,653 - RECEIVE - System Time: 2025-03-04 07:01:11.653426, Logical Clock: 347, Queue Length: 0, From: Machine 2
2025-03-04 07:01:11,856 - INTERNAL - System Time: 2025-03-04 07:01:11.856782, Logical Clock: 348
2025-03-04 07:01:12,060 - SEND - System Time: 2025-03-04 07:01:12.059760, Logical Clock: 349, To: Machine on port 10001
2025-03-04 07:01:12,262 - SEND - System Time: 2025-03-04 07:01:12.261976, Logical Clock: 350, To: Machine on port 10002
2025-03-04 07:01:12,463 - SEND - System Time: 2025-03-04 07:01:12.463863, Logical Clock: 351, To: Machine on port 10001
2025-03-04 07:01:12,464 - SEND - System Time: 2025-03-04 07:01:12.463863, Logical Clock: 351, To: Machine on port 10002
2025-03-04 07:01:12,669 - SEND - System Time: 2025-03-04 07:01:12.669294, Logical Clock: 352, To: Machine on port 10001
2025-03-04 07:01:12,670 - SEND - System Time: 2025-03-04 07:01:12.669294, Logical Clock: 352, To: Machine on port 10002
2025-03-04 07:01:12,874 - INTERNAL - System Time: 2025-03-04 07:01:12.874521, Logical Clock: 353
2025-03-04 07:01:13,078 - SEND - System Time: 2025-03-04 07:01:13.077783, Logical Clock: 354, To: Machine on port 10001
2025-03-04 07:01:13,281 - INTERNAL - System Time: 2025-03-04 07:01:13.281805, Logical Clock: 355
2025-03-04 07:01:13,486 - INTERNAL - System Time: 2025-03-04 07:01:13.486743, Logical Clock: 356
2025-03-04 07:01:13,691 - RECEIVE - System Time: 2025-03-04 07:01:13.691534, Logical Clock: 360, Queue Length: 0, From: Machine 3
2025-03-04 07:01:13,895 - SEND - System Time: 2025-03-04 07:01:13.895745, Logical Clock: 361, To: Machine on port 10001
2025-03-04 07:01:14,099 - INTERNAL - System Time: 2025-03-04 07:01:14.099390, Logical Clock: 362
2025-03-04 07:01:14,303 - SEND - System Time: 2025-03-04 07:01:14.303038, Logical Clock: 363, To: Machine on port 10002
2025-03-04 07:01:14,507 - SEND - System Time: 2025-03-04 07:01:14.507427, Logical Clock: 364, To: Machine on port 10001
2025-03-04 07:01:14,713 - INTERNAL - System Time: 2025-03-04 07:01:14.712837, Logical Clock: 365
2025-03-04 07:01:14,914 - RECEIVE - System Time: 2025-03-04 07:01:14.914136, Logical Clock: 368, Queue Length: 0, From: Machine 3
2025-03-04 07:01:15,119 - INTERNAL - System Time: 2025-03-04 07:01:15.119603, Logical Clock: 369
2025-03-04 07:01:15,323 - INTERNAL - System Time: 2025-03-04 07:01:15.323896, Logical Clock: 370
2025-03-04 07:01:15,528 - INTERNAL - System Time: 2025-03-04 07:01:15.528086, Logical Clock: 371
2025-03-04 07:01:15,729 - INTERNAL - System Time: 2025-03-04 07:01:15.728949, Logical Clock: 372
