2025-03-01 14:39:51,995 - Virtual Machine 3 initialized
2025-03-01 14:39:51,995 - Clock Rate: 6 ticks/second
2025-03-01 14:39:51,995 - Listening on port: 10002
2025-03-01 14:39:51,995 - Peer ports: [10000, 10001]
2025-03-01 14:39:51,997 - Network initialization completed
2025-03-01 14:39:51,997 - Starting main event loop
2025-03-01 14:39:51,998 - Clock rate: 6 ticks/second
2025-03-01 14:39:51,998 - INTERNAL - System Time: 2025-03-01 14:39:51.998032, Logical Clock: 1
2025-03-01 14:39:52,018 - Accepted connection from ('127.0.0.1', 59924)
2025-03-01 14:39:52,169 - INTERNAL - System Time: 2025-03-01 14:39:52.169850, Logical Clock: 2
2025-03-01 14:39:52,341 - INTERNAL - System Time: 2025-03-01 14:39:52.341768, Logical Clock: 3
2025-03-01 14:39:52,503 - Accepted connection from ('127.0.0.1', 59925)
2025-03-01 14:39:52,513 - INTERNAL - System Time: 2025-03-01 14:39:52.513585, Logical Clock: 4
2025-03-01 14:39:52,685 - INTERNAL - System Time: 2025-03-01 14:39:52.685400, Logical Clock: 5
2025-03-01 14:39:52,857 - No connection to port 10001
2025-03-01 14:39:53,026 - INTERNAL - System Time: 2025-03-01 14:39:53.026671, Logical Clock: 7
2025-03-01 14:39:53,196 - No connection to port 10000
2025-03-01 14:39:53,196 - No connection to port 10001
2025-03-01 14:39:53,368 - No connection to port 10000
2025-03-01 14:39:53,540 - INTERNAL - System Time: 2025-03-01 14:39:53.540323, Logical Clock: 10
2025-03-01 14:39:53,712 - INTERNAL - System Time: 2025-03-01 14:39:53.712188, Logical Clock: 11
2025-03-01 14:39:53,881 - INTERNAL - System Time: 2025-03-01 14:39:53.881027, Logical Clock: 12
2025-03-01 14:39:54,051 - No connection to port 10000
2025-03-01 14:39:54,052 - No connection to port 10001
2025-03-01 14:39:54,223 - INTERNAL - System Time: 2025-03-01 14:39:54.223520, Logical Clock: 14
2025-03-01 14:39:54,397 - INTERNAL - System Time: 2025-03-01 14:39:54.397846, Logical Clock: 15
2025-03-01 14:39:54,568 - INTERNAL - System Time: 2025-03-01 14:39:54.568300, Logical Clock: 16
2025-03-01 14:39:54,740 - RECEIVE - System Time: 2025-03-01 14:39:54.740569, Logical Clock: 17, Queue Length: 0, From: Machine 1
2025-03-01 14:39:54,912 - RECEIVE - System Time: 2025-03-01 14:39:54.911804, Logical Clock: 18, Queue Length: 0, From: Machine 1
2025-03-01 14:39:55,084 - No connection to port 10000
2025-03-01 14:39:55,253 - RECEIVE - System Time: 2025-03-01 14:39:55.253173, Logical Clock: 20, Queue Length: 0, From: Machine 2
2025-03-01 14:39:55,425 - INTERNAL - System Time: 2025-03-01 14:39:55.425118, Logical Clock: 21
2025-03-01 14:39:55,594 - INTERNAL - System Time: 2025-03-01 14:39:55.594732, Logical Clock: 22
2025-03-01 14:39:55,765 - No connection to port 10001
2025-03-01 14:39:55,938 - RECEIVE - System Time: 2025-03-01 14:39:55.938277, Logical Clock: 24, Queue Length: 0, From: Machine 1
2025-03-01 14:39:56,110 - No connection to port 10001
2025-03-01 14:39:56,282 - RECEIVE - System Time: 2025-03-01 14:39:56.282610, Logical Clock: 27, Queue Length: 0, From: Machine 1
2025-03-01 14:39:56,451 - INTERNAL - System Time: 2025-03-01 14:39:56.451672, Logical Clock: 28
2025-03-01 14:39:56,621 - RECEIVE - System Time: 2025-03-01 14:39:56.620668, Logical Clock: 29, Queue Length: 0, From: Machine 1
2025-03-01 14:39:56,792 - INTERNAL - System Time: 2025-03-01 14:39:56.792706, Logical Clock: 30
2025-03-01 14:39:56,964 - INTERNAL - System Time: 2025-03-01 14:39:56.964747, Logical Clock: 31
2025-03-01 14:39:57,135 - INTERNAL - System Time: 2025-03-01 14:39:57.134972, Logical Clock: 32
2025-03-01 14:39:57,307 - INTERNAL - System Time: 2025-03-01 14:39:57.307011, Logical Clock: 33
2025-03-01 14:39:57,479 - INTERNAL - System Time: 2025-03-01 14:39:57.478899, Logical Clock: 34
2025-03-01 14:39:57,646 - No connection to port 10000
2025-03-01 14:39:57,647 - No connection to port 10001
2025-03-01 14:39:57,818 - RECEIVE - System Time: 2025-03-01 14:39:57.818870, Logical Clock: 36, Queue Length: 0, From: Machine 2
2025-03-01 14:39:57,987 - No connection to port 10000
2025-03-01 14:39:58,155 - RECEIVE - System Time: 2025-03-01 14:39:58.155147, Logical Clock: 38, Queue Length: 0, From: Machine 1
2025-03-01 14:39:58,322 - INTERNAL - System Time: 2025-03-01 14:39:58.322823, Logical Clock: 39
2025-03-01 14:39:58,493 - INTERNAL - System Time: 2025-03-01 14:39:58.493067, Logical Clock: 40
2025-03-01 14:39:58,661 - No connection to port 10000
2025-03-01 14:39:58,661 - No connection to port 10001
2025-03-01 14:39:58,828 - No connection to port 10000
2025-03-01 14:39:58,999 - INTERNAL - System Time: 2025-03-01 14:39:58.999848, Logical Clock: 43
2025-03-01 14:39:59,169 - INTERNAL - System Time: 2025-03-01 14:39:59.169410, Logical Clock: 44
2025-03-01 14:39:59,341 - INTERNAL - System Time: 2025-03-01 14:39:59.341272, Logical Clock: 45
2025-03-01 14:39:59,511 - No connection to port 10001
2025-03-01 14:39:59,683 - RECEIVE - System Time: 2025-03-01 14:39:59.683664, Logical Clock: 47, Queue Length: 0, From: Machine 1
2025-03-01 14:39:59,852 - INTERNAL - System Time: 2025-03-01 14:39:59.852383, Logical Clock: 48
2025-03-01 14:40:00,022 - RECEIVE - System Time: 2025-03-01 14:40:00.022589, Logical Clock: 49, Queue Length: 0, From: Machine 1
2025-03-01 14:40:00,193 - INTERNAL - System Time: 2025-03-01 14:40:00.193115, Logical Clock: 50
2025-03-01 14:40:00,363 - INTERNAL - System Time: 2025-03-01 14:40:00.363053, Logical Clock: 51
2025-03-01 14:40:00,534 - No connection to port 10001
2025-03-01 14:40:00,706 - INTERNAL - System Time: 2025-03-01 14:40:00.706814, Logical Clock: 53
2025-03-01 14:40:00,873 - RECEIVE - System Time: 2025-03-01 14:40:00.873887, Logical Clock: 54, Queue Length: 0, From: Machine 1
2025-03-01 14:40:01,045 - INTERNAL - System Time: 2025-03-01 14:40:01.045759, Logical Clock: 55
2025-03-01 14:40:01,217 - INTERNAL - System Time: 2025-03-01 14:40:01.217711, Logical Clock: 56
2025-03-01 14:40:01,389 - INTERNAL - System Time: 2025-03-01 14:40:01.389639, Logical Clock: 57
2025-03-01 14:40:01,558 - No connection to port 10000
2025-03-01 14:40:01,558 - No connection to port 10001
2025-03-01 14:40:01,728 - INTERNAL - System Time: 2025-03-01 14:40:01.728722, Logical Clock: 59
2025-03-01 14:40:01,900 - INTERNAL - System Time: 2025-03-01 14:40:01.900350, Logical Clock: 60
2025-03-01 14:40:02,068 - INTERNAL - System Time: 2025-03-01 14:40:02.068202, Logical Clock: 61
2025-03-01 14:40:02,239 - INTERNAL - System Time: 2025-03-01 14:40:02.239883, Logical Clock: 62
2025-03-01 14:40:02,412 - INTERNAL - System Time: 2025-03-01 14:40:02.411933, Logical Clock: 63
2025-03-01 14:40:02,584 - No connection to port 10000
2025-03-01 14:40:02,751 - INTERNAL - System Time: 2025-03-01 14:40:02.751530, Logical Clock: 65
2025-03-01 14:40:02,922 - INTERNAL - System Time: 2025-03-01 14:40:02.922158, Logical Clock: 66
2025-03-01 14:40:03,094 - RECEIVE - System Time: 2025-03-01 14:40:03.094060, Logical Clock: 67, Queue Length: 0, From: Machine 2
2025-03-01 14:40:03,263 - INTERNAL - System Time: 2025-03-01 14:40:03.263336, Logical Clock: 68
2025-03-01 14:40:03,434 - INTERNAL - System Time: 2025-03-01 14:40:03.434721, Logical Clock: 69
2025-03-01 14:40:03,604 - RECEIVE - System Time: 2025-03-01 14:40:03.604653, Logical Clock: 70, Queue Length: 1, From: Machine 2
2025-03-01 14:40:03,773 - RECEIVE - System Time: 2025-03-01 14:40:03.773364, Logical Clock: 71, Queue Length: 0, From: Machine 1
2025-03-01 14:40:03,943 - INTERNAL - System Time: 2025-03-01 14:40:03.943075, Logical Clock: 72
2025-03-01 14:40:04,112 - No connection to port 10001
2025-03-01 14:40:04,283 - No connection to port 10000
2025-03-01 14:40:04,284 - No connection to port 10001
2025-03-01 14:40:04,452 - RECEIVE - System Time: 2025-03-01 14:40:04.452414, Logical Clock: 75, Queue Length: 0, From: Machine 1
2025-03-01 14:40:04,623 - No connection to port 10000
2025-03-01 14:40:04,794 - RECEIVE - System Time: 2025-03-01 14:40:04.794279, Logical Clock: 77, Queue Length: 0, From: Machine 2
2025-03-01 14:40:04,966 - INTERNAL - System Time: 2025-03-01 14:40:04.966443, Logical Clock: 78
2025-03-01 14:40:05,134 - INTERNAL - System Time: 2025-03-01 14:40:05.134856, Logical Clock: 79
2025-03-01 14:40:05,306 - No connection to port 10001
2025-03-01 14:40:05,475 - RECEIVE - System Time: 2025-03-01 14:40:05.475036, Logical Clock: 81, Queue Length: 0, From: Machine 1
2025-03-01 14:40:05,646 - INTERNAL - System Time: 2025-03-01 14:40:05.646437, Logical Clock: 82
2025-03-01 14:40:05,818 - RECEIVE - System Time: 2025-03-01 14:40:05.818599, Logical Clock: 83, Queue Length: 0, From: Machine 1
2025-03-01 14:40:05,988 - INTERNAL - System Time: 2025-03-01 14:40:05.988763, Logical Clock: 84
2025-03-01 14:40:06,160 - INTERNAL - System Time: 2025-03-01 14:40:06.160406, Logical Clock: 85
2025-03-01 14:40:06,332 - INTERNAL - System Time: 2025-03-01 14:40:06.332473, Logical Clock: 86
2025-03-01 14:40:06,502 - INTERNAL - System Time: 2025-03-01 14:40:06.502720, Logical Clock: 87
2025-03-01 14:40:06,675 - INTERNAL - System Time: 2025-03-01 14:40:06.675067, Logical Clock: 88
2025-03-01 14:40:06,843 - RECEIVE - System Time: 2025-03-01 14:40:06.843176, Logical Clock: 89, Queue Length: 0, From: Machine 1
2025-03-01 14:40:07,012 - RECEIVE - System Time: 2025-03-01 14:40:07.012170, Logical Clock: 90, Queue Length: 0, From: Machine 2
2025-03-01 14:40:07,179 - No connection to port 10000
2025-03-01 14:40:07,350 - RECEIVE - System Time: 2025-03-01 14:40:07.349876, Logical Clock: 92, Queue Length: 0, From: Machine 2
2025-03-01 14:40:07,518 - RECEIVE - System Time: 2025-03-01 14:40:07.518194, Logical Clock: 93, Queue Length: 0, From: Machine 1
2025-03-01 14:40:07,688 - No connection to port 10001
2025-03-01 14:40:07,855 - No connection to port 10000
2025-03-01 14:40:08,023 - INTERNAL - System Time: 2025-03-01 14:40:08.023527, Logical Clock: 96
2025-03-01 14:40:08,193 - INTERNAL - System Time: 2025-03-01 14:40:08.193052, Logical Clock: 97
2025-03-01 14:40:08,365 - RECEIVE - System Time: 2025-03-01 14:40:08.364941, Logical Clock: 98, Queue Length: 0, From: Machine 2
2025-03-01 14:40:08,535 - INTERNAL - System Time: 2025-03-01 14:40:08.535745, Logical Clock: 99
2025-03-01 14:40:08,706 - RECEIVE - System Time: 2025-03-01 14:40:08.706218, Logical Clock: 100, Queue Length: 0, From: Machine 1
2025-03-01 14:40:08,878 - INTERNAL - System Time: 2025-03-01 14:40:08.878113, Logical Clock: 101
2025-03-01 14:40:09,045 - RECEIVE - System Time: 2025-03-01 14:40:09.045690, Logical Clock: 102, Queue Length: 0, From: Machine 1
2025-03-01 14:40:09,217 - RECEIVE - System Time: 2025-03-01 14:40:09.217206, Logical Clock: 103, Queue Length: 0, From: Machine 2
2025-03-01 14:40:09,387 - RECEIVE - System Time: 2025-03-01 14:40:09.387801, Logical Clock: 104, Queue Length: 0, From: Machine 2
2025-03-01 14:40:09,555 - INTERNAL - System Time: 2025-03-01 14:40:09.555216, Logical Clock: 105
2025-03-01 14:40:09,725 - INTERNAL - System Time: 2025-03-01 14:40:09.725100, Logical Clock: 106
2025-03-01 14:40:09,895 - RECEIVE - System Time: 2025-03-01 14:40:09.895009, Logical Clock: 107, Queue Length: 0, From: Machine 1
2025-03-01 14:40:10,066 - INTERNAL - System Time: 2025-03-01 14:40:10.066880, Logical Clock: 108
2025-03-01 14:40:10,234 - No connection to port 10000
2025-03-01 14:40:10,234 - No connection to port 10001
2025-03-01 14:40:10,406 - INTERNAL - System Time: 2025-03-01 14:40:10.406760, Logical Clock: 110
2025-03-01 14:40:10,578 - RECEIVE - System Time: 2025-03-01 14:40:10.578738, Logical Clock: 111, Queue Length: 0, From: Machine 1
2025-03-01 14:40:10,746 - RECEIVE - System Time: 2025-03-01 14:40:10.746393, Logical Clock: 112, Queue Length: 0, From: Machine 2
2025-03-01 14:40:10,918 - RECEIVE - System Time: 2025-03-01 14:40:10.918609, Logical Clock: 113, Queue Length: 0, From: Machine 2
2025-03-01 14:40:11,088 - No connection to port 10000
2025-03-01 14:40:11,258 - INTERNAL - System Time: 2025-03-01 14:40:11.258722, Logical Clock: 115
2025-03-01 14:40:11,427 - INTERNAL - System Time: 2025-03-01 14:40:11.427575, Logical Clock: 116
2025-03-01 14:40:11,596 - INTERNAL - System Time: 2025-03-01 14:40:11.596442, Logical Clock: 117
2025-03-01 14:40:11,768 - INTERNAL - System Time: 2025-03-01 14:40:11.768109, Logical Clock: 118
2025-03-01 14:40:11,938 - No connection to port 10000
2025-03-01 14:40:11,938 - No connection to port 10001
2025-03-01 14:40:12,108 - RECEIVE - System Time: 2025-03-01 14:40:12.108634, Logical Clock: 120, Queue Length: 0, From: Machine 1
2025-03-01 14:40:12,280 - INTERNAL - System Time: 2025-03-01 14:40:12.279796, Logical Clock: 121
2025-03-01 14:40:12,451 - INTERNAL - System Time: 2025-03-01 14:40:12.451404, Logical Clock: 122
2025-03-01 14:40:12,623 - No connection to port 10000
2025-03-01 14:40:12,793 - No connection to port 10000
2025-03-01 14:40:12,965 - RECEIVE - System Time: 2025-03-01 14:40:12.965228, Logical Clock: 125, Queue Length: 0, From: Machine 1
2025-03-01 14:40:13,134 - No connection to port 10001
2025-03-01 14:40:13,306 - No connection to port 10000
2025-03-01 14:40:13,475 - No connection to port 10001
2025-03-01 14:40:13,643 - INTERNAL - System Time: 2025-03-01 14:40:13.643069, Logical Clock: 129
2025-03-01 14:40:13,815 - No connection to port 10000
2025-03-01 14:40:13,986 - No connection to port 10000
2025-03-01 14:40:14,154 - INTERNAL - System Time: 2025-03-01 14:40:14.153855, Logical Clock: 132
2025-03-01 14:40:14,323 - INTERNAL - System Time: 2025-03-01 14:40:14.322859, Logical Clock: 133
2025-03-01 14:40:14,495 - INTERNAL - System Time: 2025-03-01 14:40:14.495103, Logical Clock: 134
2025-03-01 14:40:14,662 - No connection to port 10001
2025-03-01 14:40:14,835 - RECEIVE - System Time: 2025-03-01 14:40:14.834881, Logical Clock: 136, Queue Length: 0, From: Machine 2
2025-03-01 14:40:15,002 - INTERNAL - System Time: 2025-03-01 14:40:15.002433, Logical Clock: 137
2025-03-01 14:40:15,174 - No connection to port 10001
2025-03-01 14:40:15,342 - RECEIVE - System Time: 2025-03-01 14:40:15.342122, Logical Clock: 139, Queue Length: 0, From: Machine 1
2025-03-01 14:40:15,511 - INTERNAL - System Time: 2025-03-01 14:40:15.511687, Logical Clock: 140
2025-03-01 14:40:15,684 - INTERNAL - System Time: 2025-03-01 14:40:15.683992, Logical Clock: 141
2025-03-01 14:40:15,856 - INTERNAL - System Time: 2025-03-01 14:40:15.856361, Logical Clock: 142
2025-03-01 14:40:16,028 - INTERNAL - System Time: 2025-03-01 14:40:16.028064, Logical Clock: 143
2025-03-01 14:40:16,197 - INTERNAL - System Time: 2025-03-01 14:40:16.197366, Logical Clock: 144
2025-03-01 14:40:16,365 - RECEIVE - System Time: 2025-03-01 14:40:16.365523, Logical Clock: 145, Queue Length: 0, From: Machine 1
2025-03-01 14:40:16,536 - RECEIVE - System Time: 2025-03-01 14:40:16.536013, Logical Clock: 146, Queue Length: 0, From: Machine 2
2025-03-01 14:40:16,703 - INTERNAL - System Time: 2025-03-01 14:40:16.703127, Logical Clock: 147
2025-03-01 14:40:16,873 - RECEIVE - System Time: 2025-03-01 14:40:16.873361, Logical Clock: 148, Queue Length: 0, From: Machine 1
2025-03-01 14:40:17,045 - INTERNAL - System Time: 2025-03-01 14:40:17.045118, Logical Clock: 149
2025-03-01 14:40:17,217 - INTERNAL - System Time: 2025-03-01 14:40:17.217058, Logical Clock: 150
2025-03-01 14:40:17,387 - INTERNAL - System Time: 2025-03-01 14:40:17.387818, Logical Clock: 151
2025-03-01 14:40:17,559 - INTERNAL - System Time: 2025-03-01 14:40:17.559804, Logical Clock: 152
2025-03-01 14:40:17,728 - INTERNAL - System Time: 2025-03-01 14:40:17.728691, Logical Clock: 153
2025-03-01 14:40:17,900 - RECEIVE - System Time: 2025-03-01 14:40:17.899886, Logical Clock: 154, Queue Length: 1, From: Machine 2
2025-03-01 14:40:18,068 - RECEIVE - System Time: 2025-03-01 14:40:18.068524, Logical Clock: 155, Queue Length: 0, From: Machine 1
2025-03-01 14:40:18,237 - RECEIVE - System Time: 2025-03-01 14:40:18.237801, Logical Clock: 156, Queue Length: 0, From: Machine 2
2025-03-01 14:40:18,405 - INTERNAL - System Time: 2025-03-01 14:40:18.405134, Logical Clock: 157
2025-03-01 14:40:18,579 - RECEIVE - System Time: 2025-03-01 14:40:18.573957, Logical Clock: 158, Queue Length: 0, From: Machine 1
2025-03-01 14:40:18,750 - INTERNAL - System Time: 2025-03-01 14:40:18.750869, Logical Clock: 159
2025-03-01 14:40:18,918 - RECEIVE - System Time: 2025-03-01 14:40:18.918024, Logical Clock: 160, Queue Length: 0, From: Machine 1
2025-03-01 14:40:19,089 - No connection to port 10000
2025-03-01 14:40:19,089 - No connection to port 10001
2025-03-01 14:40:19,261 - INTERNAL - System Time: 2025-03-01 14:40:19.261035, Logical Clock: 162
2025-03-01 14:40:19,432 - INTERNAL - System Time: 2025-03-01 14:40:19.432928, Logical Clock: 163
2025-03-01 14:40:19,601 - RECEIVE - System Time: 2025-03-01 14:40:19.601290, Logical Clock: 164, Queue Length: 0, From: Machine 2
2025-03-01 14:40:19,773 - INTERNAL - System Time: 2025-03-01 14:40:19.773171, Logical Clock: 165
2025-03-01 14:40:19,942 - INTERNAL - System Time: 2025-03-01 14:40:19.942142, Logical Clock: 166
2025-03-01 14:40:20,111 - INTERNAL - System Time: 2025-03-01 14:40:20.111716, Logical Clock: 167
2025-03-01 14:40:20,284 - RECEIVE - System Time: 2025-03-01 14:40:20.283937, Logical Clock: 168, Queue Length: 0, From: Machine 1
2025-03-01 14:40:20,451 - INTERNAL - System Time: 2025-03-01 14:40:20.451310, Logical Clock: 169
2025-03-01 14:40:20,621 - No connection to port 10000
2025-03-01 14:40:20,793 - RECEIVE - System Time: 2025-03-01 14:40:20.792949, Logical Clock: 171, Queue Length: 0, From: Machine 1
2025-03-01 14:40:20,961 - INTERNAL - System Time: 2025-03-01 14:40:20.961641, Logical Clock: 172
2025-03-01 14:40:21,130 - No connection to port 10001
2025-03-01 14:40:21,297 - INTERNAL - System Time: 2025-03-01 14:40:21.297310, Logical Clock: 174
2025-03-01 14:40:21,469 - No connection to port 10000
2025-03-01 14:40:21,469 - No connection to port 10001
2025-03-01 14:40:21,637 - RECEIVE - System Time: 2025-03-01 14:40:21.637791, Logical Clock: 176, Queue Length: 0, From: Machine 2
2025-03-01 14:40:21,805 - INTERNAL - System Time: 2025-03-01 14:40:21.805063, Logical Clock: 177
2025-03-01 14:40:21,977 - No connection to port 10000
2025-03-01 14:40:21,977 - No connection to port 10001
2025-03-01 14:40:22,147 - No connection to port 10001
2025-03-01 14:40:22,318 - INTERNAL - System Time: 2025-03-01 14:40:22.318045, Logical Clock: 180
2025-03-01 14:40:22,485 - RECEIVE - System Time: 2025-03-01 14:40:22.485730, Logical Clock: 181, Queue Length: 0, From: Machine 1
2025-03-01 14:40:22,655 - INTERNAL - System Time: 2025-03-01 14:40:22.655315, Logical Clock: 182
2025-03-01 14:40:22,826 - RECEIVE - System Time: 2025-03-01 14:40:22.825937, Logical Clock: 183, Queue Length: 0, From: Machine 1
2025-03-01 14:40:22,997 - No connection to port 10000
2025-03-01 14:40:23,165 - RECEIVE - System Time: 2025-03-01 14:40:23.164958, Logical Clock: 185, Queue Length: 1, From: Machine 2
2025-03-01 14:40:23,334 - RECEIVE - System Time: 2025-03-01 14:40:23.334709, Logical Clock: 186, Queue Length: 1, From: Machine 1
2025-03-01 14:40:23,503 - RECEIVE - System Time: 2025-03-01 14:40:23.503437, Logical Clock: 187, Queue Length: 1, From: Machine 1
2025-03-01 14:40:23,671 - RECEIVE - System Time: 2025-03-01 14:40:23.671244, Logical Clock: 188, Queue Length: 0, From: Machine 1
2025-03-01 14:40:23,843 - INTERNAL - System Time: 2025-03-01 14:40:23.843415, Logical Clock: 189
2025-03-01 14:40:24,014 - INTERNAL - System Time: 2025-03-01 14:40:24.014521, Logical Clock: 190
2025-03-01 14:40:24,185 - INTERNAL - System Time: 2025-03-01 14:40:24.185099, Logical Clock: 191
2025-03-01 14:40:24,353 - RECEIVE - System Time: 2025-03-01 14:40:24.352914, Logical Clock: 192, Queue Length: 0, From: Machine 2
2025-03-01 14:40:24,523 - RECEIVE - System Time: 2025-03-01 14:40:24.522981, Logical Clock: 193, Queue Length: 1, From: Machine 1
2025-03-01 14:40:24,695 - RECEIVE - System Time: 2025-03-01 14:40:24.695397, Logical Clock: 194, Queue Length: 0, From: Machine 2
2025-03-01 14:40:24,864 - INTERNAL - System Time: 2025-03-01 14:40:24.864176, Logical Clock: 195
2025-03-01 14:40:25,033 - RECEIVE - System Time: 2025-03-01 14:40:25.033689, Logical Clock: 196, Queue Length: 0, From: Machine 1
2025-03-01 14:40:25,201 - No connection to port 10001
2025-03-01 14:40:25,373 - INTERNAL - System Time: 2025-03-01 14:40:25.372990, Logical Clock: 198
2025-03-01 14:40:25,545 - INTERNAL - System Time: 2025-03-01 14:40:25.545310, Logical Clock: 199
2025-03-01 14:40:25,717 - INTERNAL - System Time: 2025-03-01 14:40:25.716950, Logical Clock: 200
2025-03-01 14:40:25,885 - INTERNAL - System Time: 2025-03-01 14:40:25.884902, Logical Clock: 201
2025-03-01 14:40:26,053 - No connection to port 10000
2025-03-01 14:40:26,225 - No connection to port 10000
2025-03-01 14:40:26,396 - RECEIVE - System Time: 2025-03-01 14:40:26.396538, Logical Clock: 204, Queue Length: 0, From: Machine 2
2025-03-01 14:40:26,568 - No connection to port 10000
2025-03-01 14:40:26,568 - No connection to port 10001
2025-03-01 14:40:26,740 - INTERNAL - System Time: 2025-03-01 14:40:26.740399, Logical Clock: 206
2025-03-01 14:40:26,908 - RECEIVE - System Time: 2025-03-01 14:40:26.908717, Logical Clock: 207, Queue Length: 0, From: Machine 2
2025-03-01 14:40:27,081 - No connection to port 10001
2025-03-01 14:40:27,252 - INTERNAL - System Time: 2025-03-01 14:40:27.252308, Logical Clock: 209
2025-03-01 14:40:27,424 - INTERNAL - System Time: 2025-03-01 14:40:27.424104, Logical Clock: 210
2025-03-01 14:40:27,596 - RECEIVE - System Time: 2025-03-01 14:40:27.596360, Logical Clock: 211, Queue Length: 0, From: Machine 1
2025-03-01 14:40:27,768 - INTERNAL - System Time: 2025-03-01 14:40:27.768654, Logical Clock: 212
2025-03-01 14:40:27,939 - No connection to port 10000
2025-03-01 14:40:28,110 - No connection to port 10001
2025-03-01 14:40:28,278 - INTERNAL - System Time: 2025-03-01 14:40:28.278018, Logical Clock: 215
2025-03-01 14:40:28,446 - INTERNAL - System Time: 2025-03-01 14:40:28.446304, Logical Clock: 216
2025-03-01 14:40:28,618 - INTERNAL - System Time: 2025-03-01 14:40:28.618239, Logical Clock: 217
2025-03-01 14:40:28,787 - INTERNAL - System Time: 2025-03-01 14:40:28.787765, Logical Clock: 218
2025-03-01 14:40:28,955 - RECEIVE - System Time: 2025-03-01 14:40:28.955088, Logical Clock: 219, Queue Length: 0, From: Machine 2
2025-03-01 14:40:29,127 - INTERNAL - System Time: 2025-03-01 14:40:29.127011, Logical Clock: 220
2025-03-01 14:40:29,296 - INTERNAL - System Time: 2025-03-01 14:40:29.295935, Logical Clock: 221
2025-03-01 14:40:29,468 - INTERNAL - System Time: 2025-03-01 14:40:29.468209, Logical Clock: 222
2025-03-01 14:40:29,637 - RECEIVE - System Time: 2025-03-01 14:40:29.637783, Logical Clock: 223, Queue Length: 0, From: Machine 2
2025-03-01 14:40:29,807 - INTERNAL - System Time: 2025-03-01 14:40:29.806907, Logical Clock: 224
2025-03-01 14:40:29,974 - RECEIVE - System Time: 2025-03-01 14:40:29.973958, Logical Clock: 225, Queue Length: 1, From: Machine 1
2025-03-01 14:40:30,143 - RECEIVE - System Time: 2025-03-01 14:40:30.143067, Logical Clock: 226, Queue Length: 0, From: Machine 2
2025-03-01 14:40:30,315 - No connection to port 10001
2025-03-01 14:40:30,484 - RECEIVE - System Time: 2025-03-01 14:40:30.484718, Logical Clock: 228, Queue Length: 0, From: Machine 1
2025-03-01 14:40:30,657 - No connection to port 10000
2025-03-01 14:40:30,824 - No connection to port 10000
2025-03-01 14:40:30,825 - No connection to port 10001
2025-03-01 14:40:30,993 - INTERNAL - System Time: 2025-03-01 14:40:30.993410, Logical Clock: 231
2025-03-01 14:40:31,161 - INTERNAL - System Time: 2025-03-01 14:40:31.161693, Logical Clock: 232
2025-03-01 14:40:31,333 - RECEIVE - System Time: 2025-03-01 14:40:31.333603, Logical Clock: 233, Queue Length: 0, From: Machine 1
2025-03-01 14:40:31,505 - INTERNAL - System Time: 2025-03-01 14:40:31.505117, Logical Clock: 234
2025-03-01 14:40:31,673 - INTERNAL - System Time: 2025-03-01 14:40:31.673152, Logical Clock: 235
2025-03-01 14:40:31,845 - No connection to port 10001
2025-03-01 14:40:32,022 - RECEIVE - System Time: 2025-03-01 14:40:32.022915, Logical Clock: 237, Queue Length: 0, From: Machine 1
2025-03-01 14:40:32,192 - RECEIVE - System Time: 2025-03-01 14:40:32.192390, Logical Clock: 238, Queue Length: 0, From: Machine 2
2025-03-01 14:40:32,361 - RECEIVE - System Time: 2025-03-01 14:40:32.361720, Logical Clock: 239, Queue Length: 0, From: Machine 1
2025-03-01 14:40:32,532 - RECEIVE - System Time: 2025-03-01 14:40:32.532591, Logical Clock: 240, Queue Length: 0, From: Machine 2
2025-03-01 14:40:32,705 - INTERNAL - System Time: 2025-03-01 14:40:32.704888, Logical Clock: 241
2025-03-01 14:40:32,877 - RECEIVE - System Time: 2025-03-01 14:40:32.876905, Logical Clock: 242, Queue Length: 0, From: Machine 2
2025-03-01 14:40:33,047 - INTERNAL - System Time: 2025-03-01 14:40:33.047299, Logical Clock: 243
2025-03-01 14:40:33,219 - RECEIVE - System Time: 2025-03-01 14:40:33.218929, Logical Clock: 244, Queue Length: 0, From: Machine 1
2025-03-01 14:40:33,388 - INTERNAL - System Time: 2025-03-01 14:40:33.388652, Logical Clock: 245
2025-03-01 14:40:33,558 - No connection to port 10000
2025-03-01 14:40:33,559 - No connection to port 10001
2025-03-01 14:40:33,727 - INTERNAL - System Time: 2025-03-01 14:40:33.727680, Logical Clock: 247
2025-03-01 14:40:33,895 - RECEIVE - System Time: 2025-03-01 14:40:33.895476, Logical Clock: 248, Queue Length: 0, From: Machine 1
2025-03-01 14:40:34,063 - INTERNAL - System Time: 2025-03-01 14:40:34.062986, Logical Clock: 249
2025-03-01 14:40:34,234 - INTERNAL - System Time: 2025-03-01 14:40:34.234782, Logical Clock: 250
2025-03-01 14:40:34,405 - INTERNAL - System Time: 2025-03-01 14:40:34.405162, Logical Clock: 251
2025-03-01 14:40:34,574 - RECEIVE - System Time: 2025-03-01 14:40:34.574051, Logical Clock: 252, Queue Length: 0, From: Machine 1
2025-03-01 14:40:34,743 - RECEIVE - System Time: 2025-03-01 14:40:34.743061, Logical Clock: 253, Queue Length: 0, From: Machine 2
2025-03-01 14:40:34,911 - INTERNAL - System Time: 2025-03-01 14:40:34.911667, Logical Clock: 254
2025-03-01 14:40:35,083 - INTERNAL - System Time: 2025-03-01 14:40:35.083494, Logical Clock: 255
2025-03-01 14:40:35,251 - No connection to port 10001
2025-03-01 14:40:35,419 - INTERNAL - System Time: 2025-03-01 14:40:35.419057, Logical Clock: 257
2025-03-01 14:40:35,591 - No connection to port 10000
2025-03-01 14:40:35,761 - INTERNAL - System Time: 2025-03-01 14:40:35.761625, Logical Clock: 259
2025-03-01 14:40:35,934 - No connection to port 10000
2025-03-01 14:40:35,934 - No connection to port 10001
2025-03-01 14:40:36,105 - INTERNAL - System Time: 2025-03-01 14:40:36.105854, Logical Clock: 261
2025-03-01 14:40:36,275 - RECEIVE - System Time: 2025-03-01 14:40:36.275742, Logical Clock: 262, Queue Length: 0, From: Machine 2
2025-03-01 14:40:36,447 - INTERNAL - System Time: 2025-03-01 14:40:36.447279, Logical Clock: 263
2025-03-01 14:40:36,619 - INTERNAL - System Time: 2025-03-01 14:40:36.618998, Logical Clock: 264
2025-03-01 14:40:36,788 - RECEIVE - System Time: 2025-03-01 14:40:36.788544, Logical Clock: 265, Queue Length: 1, From: Machine 2
2025-03-01 14:40:36,958 - RECEIVE - System Time: 2025-03-01 14:40:36.958527, Logical Clock: 266, Queue Length: 0, From: Machine 1
2025-03-01 14:40:37,128 - No connection to port 10000
2025-03-01 14:40:37,129 - No connection to port 10001
2025-03-01 14:40:37,301 - No connection to port 10001
2025-03-01 14:40:37,474 - RECEIVE - System Time: 2025-03-01 14:40:37.474224, Logical Clock: 269, Queue Length: 0, From: Machine 1
2025-03-01 14:40:37,643 - INTERNAL - System Time: 2025-03-01 14:40:37.643015, Logical Clock: 270
2025-03-01 14:40:37,815 - INTERNAL - System Time: 2025-03-01 14:40:37.814823, Logical Clock: 271
2025-03-01 14:40:37,984 - RECEIVE - System Time: 2025-03-01 14:40:37.984718, Logical Clock: 272, Queue Length: 1, From: Machine 1
2025-03-01 14:40:38,153 - RECEIVE - System Time: 2025-03-01 14:40:38.153132, Logical Clock: 273, Queue Length: 0, From: Machine 2
2025-03-01 14:40:38,324 - No connection to port 10000
2025-03-01 14:40:38,325 - No connection to port 10001
2025-03-01 14:40:38,496 - RECEIVE - System Time: 2025-03-01 14:40:38.496827, Logical Clock: 275, Queue Length: 0, From: Machine 2
2025-03-01 14:40:38,668 - No connection to port 10001
2025-03-01 14:40:38,836 - RECEIVE - System Time: 2025-03-01 14:40:38.836612, Logical Clock: 277, Queue Length: 0, From: Machine 2
2025-03-01 14:40:39,008 - INTERNAL - System Time: 2025-03-01 14:40:39.008393, Logical Clock: 278
2025-03-01 14:40:39,180 - INTERNAL - System Time: 2025-03-01 14:40:39.180660, Logical Clock: 279
2025-03-01 14:40:39,351 - No connection to port 10000
2025-03-01 14:40:39,351 - No connection to port 10001
2025-03-01 14:40:39,521 - INTERNAL - System Time: 2025-03-01 14:40:39.521755, Logical Clock: 281
2025-03-01 14:40:39,694 - No connection to port 10000
2025-03-01 14:40:39,865 - RECEIVE - System Time: 2025-03-01 14:40:39.865476, Logical Clock: 283, Queue Length: 1, From: Machine 2
2025-03-01 14:40:40,037 - RECEIVE - System Time: 2025-03-01 14:40:40.037779, Logical Clock: 284, Queue Length: 0, From: Machine 1
2025-03-01 14:40:40,210 - RECEIVE - System Time: 2025-03-01 14:40:40.210508, Logical Clock: 285, Queue Length: 1, From: Machine 1
2025-03-01 14:40:40,378 - RECEIVE - System Time: 2025-03-01 14:40:40.378750, Logical Clock: 286, Queue Length: 0, From: Machine 2
2025-03-01 14:40:40,550 - RECEIVE - System Time: 2025-03-01 14:40:40.550159, Logical Clock: 287, Queue Length: 0, From: Machine 2
2025-03-01 14:40:40,718 - INTERNAL - System Time: 2025-03-01 14:40:40.717939, Logical Clock: 288
2025-03-01 14:40:40,890 - INTERNAL - System Time: 2025-03-01 14:40:40.890179, Logical Clock: 289
2025-03-01 14:40:41,058 - RECEIVE - System Time: 2025-03-01 14:40:41.058642, Logical Clock: 290, Queue Length: 0, From: Machine 1
2025-03-01 14:40:41,228 - No connection to port 10000
2025-03-01 14:40:41,397 - INTERNAL - System Time: 2025-03-01 14:40:41.397316, Logical Clock: 292
2025-03-01 14:40:41,566 - INTERNAL - System Time: 2025-03-01 14:40:41.566823, Logical Clock: 293
2025-03-01 14:40:41,734 - RECEIVE - System Time: 2025-03-01 14:40:41.734764, Logical Clock: 294, Queue Length: 0, From: Machine 1
2025-03-01 14:40:41,903 - INTERNAL - System Time: 2025-03-01 14:40:41.903104, Logical Clock: 295
2025-03-01 14:40:42,075 - INTERNAL - System Time: 2025-03-01 14:40:42.075341, Logical Clock: 296
2025-03-01 14:40:42,246 - RECEIVE - System Time: 2025-03-01 14:40:42.246376, Logical Clock: 297, Queue Length: 0, From: Machine 1
2025-03-01 14:40:42,418 - INTERNAL - System Time: 2025-03-01 14:40:42.417976, Logical Clock: 298
2025-03-01 14:40:42,587 - INTERNAL - System Time: 2025-03-01 14:40:42.587699, Logical Clock: 299
2025-03-01 14:40:42,759 - INTERNAL - System Time: 2025-03-01 14:40:42.759691, Logical Clock: 300
2025-03-01 14:40:42,929 - RECEIVE - System Time: 2025-03-01 14:40:42.928889, Logical Clock: 301, Queue Length: 0, From: Machine 2
2025-03-01 14:40:43,113 - INTERNAL - System Time: 2025-03-01 14:40:43.113385, Logical Clock: 302
2025-03-01 14:40:43,284 - No connection to port 10000
2025-03-01 14:40:43,285 - No connection to port 10001
2025-03-01 14:40:43,455 - No connection to port 10001
2025-03-01 14:40:43,626 - INTERNAL - System Time: 2025-03-01 14:40:43.625902, Logical Clock: 305
2025-03-01 14:40:43,793 - No connection to port 10001
2025-03-01 14:40:43,965 - INTERNAL - System Time: 2025-03-01 14:40:43.965319, Logical Clock: 307
2025-03-01 14:40:44,133 - INTERNAL - System Time: 2025-03-01 14:40:44.133424, Logical Clock: 308
2025-03-01 14:40:44,305 - No connection to port 10001
2025-03-01 14:40:44,476 - RECEIVE - System Time: 2025-03-01 14:40:44.476643, Logical Clock: 310, Queue Length: 0, From: Machine 1
2025-03-01 14:40:44,644 - No connection to port 10000
2025-03-01 14:40:44,816 - INTERNAL - System Time: 2025-03-01 14:40:44.816341, Logical Clock: 312
2025-03-01 14:40:44,988 - INTERNAL - System Time: 2025-03-01 14:40:44.988362, Logical Clock: 313
2025-03-01 14:40:45,158 - RECEIVE - System Time: 2025-03-01 14:40:45.158525, Logical Clock: 314, Queue Length: 0, From: Machine 2
2025-03-01 14:40:45,331 - No connection to port 10000
2025-03-01 14:40:45,331 - No connection to port 10001
2025-03-01 14:40:45,503 - No connection to port 10001
2025-03-01 14:40:45,674 - INTERNAL - System Time: 2025-03-01 14:40:45.673865, Logical Clock: 317
2025-03-01 14:40:45,843 - INTERNAL - System Time: 2025-03-01 14:40:45.842973, Logical Clock: 318
2025-03-01 14:40:46,012 - INTERNAL - System Time: 2025-03-01 14:40:46.012791, Logical Clock: 319
2025-03-01 14:40:46,185 - RECEIVE - System Time: 2025-03-01 14:40:46.185086, Logical Clock: 320, Queue Length: 0, From: Machine 2
2025-03-01 14:40:46,353 - RECEIVE - System Time: 2025-03-01 14:40:46.353275, Logical Clock: 321, Queue Length: 0, From: Machine 1
2025-03-01 14:40:46,525 - INTERNAL - System Time: 2025-03-01 14:40:46.525021, Logical Clock: 322
2025-03-01 14:40:46,693 - No connection to port 10001
2025-03-01 14:40:46,861 - INTERNAL - System Time: 2025-03-01 14:40:46.861726, Logical Clock: 324
2025-03-01 14:40:47,034 - INTERNAL - System Time: 2025-03-01 14:40:47.033808, Logical Clock: 325
2025-03-01 14:40:47,203 - INTERNAL - System Time: 2025-03-01 14:40:47.203087, Logical Clock: 326
2025-03-01 14:40:47,373 - RECEIVE - System Time: 2025-03-01 14:40:47.373438, Logical Clock: 327, Queue Length: 0, From: Machine 2
2025-03-01 14:40:47,545 - INTERNAL - System Time: 2025-03-01 14:40:47.545059, Logical Clock: 328
2025-03-01 14:40:47,717 - INTERNAL - System Time: 2025-03-01 14:40:47.716771, Logical Clock: 329
2025-03-01 14:40:47,889 - INTERNAL - System Time: 2025-03-01 14:40:47.889051, Logical Clock: 330
2025-03-01 14:40:48,058 - INTERNAL - System Time: 2025-03-01 14:40:48.058318, Logical Clock: 331
2025-03-01 14:40:48,230 - INTERNAL - System Time: 2025-03-01 14:40:48.230312, Logical Clock: 332
2025-03-01 14:40:48,397 - RECEIVE - System Time: 2025-03-01 14:40:48.397612, Logical Clock: 333, Queue Length: 0, From: Machine 1
2025-03-01 14:40:48,568 - INTERNAL - System Time: 2025-03-01 14:40:48.567761, Logical Clock: 334
2025-03-01 14:40:48,737 - INTERNAL - System Time: 2025-03-01 14:40:48.736896, Logical Clock: 335
2025-03-01 14:40:48,908 - INTERNAL - System Time: 2025-03-01 14:40:48.908402, Logical Clock: 336
2025-03-01 14:40:49,078 - No connection to port 10001
2025-03-01 14:40:49,250 - INTERNAL - System Time: 2025-03-01 14:40:49.250138, Logical Clock: 338
2025-03-01 14:40:49,417 - RECEIVE - System Time: 2025-03-01 14:40:49.417767, Logical Clock: 339, Queue Length: 0, From: Machine 1
2025-03-01 14:40:49,585 - No connection to port 10000
2025-03-01 14:40:49,753 - RECEIVE - System Time: 2025-03-01 14:40:49.753086, Logical Clock: 341, Queue Length: 0, From: Machine 1
2025-03-01 14:40:49,923 - RECEIVE - System Time: 2025-03-01 14:40:49.923079, Logical Clock: 342, Queue Length: 0, From: Machine 2
2025-03-01 14:40:50,092 - No connection to port 10001
2025-03-01 14:40:50,260 - RECEIVE - System Time: 2025-03-01 14:40:50.260551, Logical Clock: 344, Queue Length: 0, From: Machine 1
2025-03-01 14:40:50,428 - INTERNAL - System Time: 2025-03-01 14:40:50.428648, Logical Clock: 345
2025-03-01 14:40:50,597 - INTERNAL - System Time: 2025-03-01 14:40:50.597329, Logical Clock: 346
2025-03-01 14:40:50,769 - INTERNAL - System Time: 2025-03-01 14:40:50.769604, Logical Clock: 347
2025-03-01 14:40:50,937 - No connection to port 10000
2025-03-01 14:40:50,938 - No connection to port 10001
2025-03-01 14:40:51,108 - RECEIVE - System Time: 2025-03-01 14:40:51.108313, Logical Clock: 349, Queue Length: 0, From: Machine 2
2025-03-01 14:40:51,279 - INTERNAL - System Time: 2025-03-01 14:40:51.279791, Logical Clock: 350
2025-03-01 14:40:51,447 - RECEIVE - System Time: 2025-03-01 14:40:51.447259, Logical Clock: 351, Queue Length: 0, From: Machine 1
2025-03-01 14:40:51,617 - RECEIVE - System Time: 2025-03-01 14:40:51.617722, Logical Clock: 352, Queue Length: 0, From: Machine 1
2025-03-01 14:40:51,787 - INTERNAL - System Time: 2025-03-01 14:40:51.787175, Logical Clock: 353
2025-03-01 14:40:51,959 - No connection to port 10000
