2025-03-01 14:39:50,997 - Virtual Machine 1 initialized
2025-03-01 14:39:50,997 - Clock Rate: 6 ticks/second
2025-03-01 14:39:50,997 - Listening on port: 10000
2025-03-01 14:39:50,997 - Peer ports: [10001, 10002]
2025-03-01 14:39:52,016 - Connected to peer on port 10001
2025-03-01 14:39:52,017 - Connected to peer on port 10002
2025-03-01 14:39:52,018 - Network initialization completed
2025-03-01 14:39:52,018 - Starting main event loop
2025-03-01 14:39:52,018 - Clock rate: 6 ticks/second
2025-03-01 14:39:52,018 - INTERNAL - System Time: 2025-03-01 14:39:52.018110, Logical Clock: 1
2025-03-01 14:39:52,187 - INTERNAL - System Time: 2025-03-01 14:39:52.187860, Logical Clock: 2
2025-03-01 14:39:52,359 - INTERNAL - System Time: 2025-03-01 14:39:52.359811, Logical Clock: 3
2025-03-01 14:39:52,531 - INTERNAL - System Time: 2025-03-01 14:39:52.531757, Logical Clock: 4
2025-03-01 14:39:52,700 - SEND - System Time: 2025-03-01 14:39:52.699932, Logical Clock: 5, To: Machine on port 10001
2025-03-01 14:39:52,868 - INTERNAL - System Time: 2025-03-01 14:39:52.868234, Logical Clock: 6
2025-03-01 14:39:53,037 - INTERNAL - System Time: 2025-03-01 14:39:53.037914, Logical Clock: 7
2025-03-01 14:39:53,205 - INTERNAL - System Time: 2025-03-01 14:39:53.205175, Logical Clock: 8
2025-03-01 14:39:53,372 - INTERNAL - System Time: 2025-03-01 14:39:53.372924, Logical Clock: 9
2025-03-01 14:39:53,543 - INTERNAL - System Time: 2025-03-01 14:39:53.543086, Logical Clock: 10
2025-03-01 14:39:53,712 - INTERNAL - System Time: 2025-03-01 14:39:53.712188, Logical Clock: 11
2025-03-01 14:39:53,881 - INTERNAL - System Time: 2025-03-01 14:39:53.881027, Logical Clock: 12
2025-03-01 14:39:54,053 - INTERNAL - System Time: 2025-03-01 14:39:54.052968, Logical Clock: 13
2025-03-01 14:39:54,223 - INTERNAL - System Time: 2025-03-01 14:39:54.223514, Logical Clock: 14
2025-03-01 14:39:54,397 - INTERNAL - System Time: 2025-03-01 14:39:54.397844, Logical Clock: 15
2025-03-01 14:39:54,569 - SEND - System Time: 2025-03-01 14:39:54.569667, Logical Clock: 16, To: Machine on port 10001
2025-03-01 14:39:54,570 - SEND - System Time: 2025-03-01 14:39:54.569667, Logical Clock: 16, To: Machine on port 10002
2025-03-01 14:39:54,741 - SEND - System Time: 2025-03-01 14:39:54.740737, Logical Clock: 17, To: Machine on port 10002
2025-03-01 14:39:54,913 - INTERNAL - System Time: 2025-03-01 14:39:54.912950, Logical Clock: 18
2025-03-01 14:39:55,085 - INTERNAL - System Time: 2025-03-01 14:39:55.084908, Logical Clock: 19
2025-03-01 14:39:55,252 - INTERNAL - System Time: 2025-03-01 14:39:55.252035, Logical Clock: 20
2025-03-01 14:39:55,423 - INTERNAL - System Time: 2025-03-01 14:39:55.423378, Logical Clock: 21
2025-03-01 14:39:55,593 - INTERNAL - System Time: 2025-03-01 14:39:55.593798, Logical Clock: 22
2025-03-01 14:39:55,765 - SEND - System Time: 2025-03-01 14:39:55.765782, Logical Clock: 23, To: Machine on port 10002
2025-03-01 14:39:55,936 - INTERNAL - System Time: 2025-03-01 14:39:55.936583, Logical Clock: 24
2025-03-01 14:39:56,104 - INTERNAL - System Time: 2025-03-01 14:39:56.104621, Logical Clock: 25
2025-03-01 14:39:56,277 - SEND - System Time: 2025-03-01 14:39:56.276796, Logical Clock: 26, To: Machine on port 10002
2025-03-01 14:39:56,446 - SEND - System Time: 2025-03-01 14:39:56.446635, Logical Clock: 27, To: Machine on port 10001
2025-03-01 14:39:56,618 - SEND - System Time: 2025-03-01 14:39:56.618149, Logical Clock: 28, To: Machine on port 10002
2025-03-01 14:39:56,790 - INTERNAL - System Time: 2025-03-01 14:39:56.790410, Logical Clock: 29
2025-03-01 14:39:56,961 - INTERNAL - System Time: 2025-03-01 14:39:56.961598, Logical Clock: 30
2025-03-01 14:39:57,133 - INTERNAL - System Time: 2025-03-01 14:39:57.133615, Logical Clock: 31
2025-03-01 14:39:57,305 - INTERNAL - System Time: 2025-03-01 14:39:57.305516, Logical Clock: 32
2025-03-01 14:39:57,477 - INTERNAL - System Time: 2025-03-01 14:39:57.477684, Logical Clock: 33
2025-03-01 14:39:57,646 - INTERNAL - System Time: 2025-03-01 14:39:57.646540, Logical Clock: 34
2025-03-01 14:39:57,818 - INTERNAL - System Time: 2025-03-01 14:39:57.818258, Logical Clock: 35
2025-03-01 14:39:57,989 - SEND - System Time: 2025-03-01 14:39:57.989267, Logical Clock: 36, To: Machine on port 10001
2025-03-01 14:39:57,989 - SEND - System Time: 2025-03-01 14:39:57.989267, Logical Clock: 36, To: Machine on port 10002
2025-03-01 14:39:58,158 - INTERNAL - System Time: 2025-03-01 14:39:58.158573, Logical Clock: 37
2025-03-01 14:39:58,330 - INTERNAL - System Time: 2025-03-01 14:39:58.330382, Logical Clock: 38
2025-03-01 14:39:58,502 - SEND - System Time: 2025-03-01 14:39:58.502222, Logical Clock: 39, To: Machine on port 10001
2025-03-01 14:39:58,674 - INTERNAL - System Time: 2025-03-01 14:39:58.674091, Logical Clock: 40
2025-03-01 14:39:58,842 - INTERNAL - System Time: 2025-03-01 14:39:58.842691, Logical Clock: 41
2025-03-01 14:39:59,011 - INTERNAL - System Time: 2025-03-01 14:39:59.011750, Logical Clock: 42
2025-03-01 14:39:59,178 - INTERNAL - System Time: 2025-03-01 14:39:59.178710, Logical Clock: 43
2025-03-01 14:39:59,350 - INTERNAL - System Time: 2025-03-01 14:39:59.349917, Logical Clock: 44
2025-03-01 14:39:59,518 - SEND - System Time: 2025-03-01 14:39:59.518256, Logical Clock: 45, To: Machine on port 10001
2025-03-01 14:39:59,518 - SEND - System Time: 2025-03-01 14:39:59.518256, Logical Clock: 45, To: Machine on port 10002
2025-03-01 14:39:59,689 - INTERNAL - System Time: 2025-03-01 14:39:59.689008, Logical Clock: 46
2025-03-01 14:39:59,860 - SEND - System Time: 2025-03-01 14:39:59.860770, Logical Clock: 47, To: Machine on port 10002
2025-03-01 14:40:00,030 - INTERNAL - System Time: 2025-03-01 14:40:00.030021, Logical Clock: 48
2025-03-01 14:40:00,203 - INTERNAL - System Time: 2025-03-01 14:40:00.203464, Logical Clock: 49
2025-03-01 14:40:00,371 - INTERNAL - System Time: 2025-03-01 14:40:00.371291, Logical Clock: 50
2025-03-01 14:40:00,543 - INTERNAL - System Time: 2025-03-01 14:40:00.543308, Logical Clock: 51
2025-03-01 14:40:00,711 - SEND - System Time: 2025-03-01 14:40:00.711770, Logical Clock: 52, To: Machine on port 10001
2025-03-01 14:40:00,711 - SEND - System Time: 2025-03-01 14:40:00.711770, Logical Clock: 52, To: Machine on port 10002
2025-03-01 14:40:00,883 - INTERNAL - System Time: 2025-03-01 14:40:00.883788, Logical Clock: 53
2025-03-01 14:40:01,051 - INTERNAL - System Time: 2025-03-01 14:40:01.051338, Logical Clock: 54
2025-03-01 14:40:01,220 - SEND - System Time: 2025-03-01 14:40:01.220793, Logical Clock: 55, To: Machine on port 10001
2025-03-01 14:40:01,389 - INTERNAL - System Time: 2025-03-01 14:40:01.389646, Logical Clock: 56
2025-03-01 14:40:01,558 - INTERNAL - System Time: 2025-03-01 14:40:01.558577, Logical Clock: 57
2025-03-01 14:40:01,728 - INTERNAL - System Time: 2025-03-01 14:40:01.728770, Logical Clock: 58
2025-03-01 14:40:01,896 - INTERNAL - System Time: 2025-03-01 14:40:01.896407, Logical Clock: 59
2025-03-01 14:40:02,068 - INTERNAL - System Time: 2025-03-01 14:40:02.068296, Logical Clock: 60
2025-03-01 14:40:02,239 - INTERNAL - System Time: 2025-03-01 14:40:02.239329, Logical Clock: 61
2025-03-01 14:40:02,408 - INTERNAL - System Time: 2025-03-01 14:40:02.408718, Logical Clock: 62
2025-03-01 14:40:02,579 - INTERNAL - System Time: 2025-03-01 14:40:02.578835, Logical Clock: 63
2025-03-01 14:40:02,746 - INTERNAL - System Time: 2025-03-01 14:40:02.746208, Logical Clock: 64
2025-03-01 14:40:02,915 - INTERNAL - System Time: 2025-03-01 14:40:02.915030, Logical Clock: 65
2025-03-01 14:40:03,087 - INTERNAL - System Time: 2025-03-01 14:40:03.086987, Logical Clock: 66
2025-03-01 14:40:03,258 - INTERNAL - System Time: 2025-03-01 14:40:03.258721, Logical Clock: 67
2025-03-01 14:40:03,428 - INTERNAL - System Time: 2025-03-01 14:40:03.428759, Logical Clock: 68
2025-03-01 14:40:03,596 - SEND - System Time: 2025-03-01 14:40:03.596361, Logical Clock: 69, To: Machine on port 10002
2025-03-01 14:40:03,768 - INTERNAL - System Time: 2025-03-01 14:40:03.768214, Logical Clock: 70
2025-03-01 14:40:03,940 - INTERNAL - System Time: 2025-03-01 14:40:03.940658, Logical Clock: 71
2025-03-01 14:40:04,109 - INTERNAL - System Time: 2025-03-01 14:40:04.109324, Logical Clock: 72
2025-03-01 14:40:04,281 - INTERNAL - System Time: 2025-03-01 14:40:04.281497, Logical Clock: 73
2025-03-01 14:40:04,450 - SEND - System Time: 2025-03-01 14:40:04.450080, Logical Clock: 74, To: Machine on port 10001
2025-03-01 14:40:04,450 - SEND - System Time: 2025-03-01 14:40:04.450080, Logical Clock: 74, To: Machine on port 10002
2025-03-01 14:40:04,618 - INTERNAL - System Time: 2025-03-01 14:40:04.618396, Logical Clock: 75
2025-03-01 14:40:04,789 - INTERNAL - System Time: 2025-03-01 14:40:04.789200, Logical Clock: 76
2025-03-01 14:40:04,959 - INTERNAL - System Time: 2025-03-01 14:40:04.959350, Logical Clock: 77
2025-03-01 14:40:05,131 - INTERNAL - System Time: 2025-03-01 14:40:05.131646, Logical Clock: 78
2025-03-01 14:40:05,300 - INTERNAL - System Time: 2025-03-01 14:40:05.300682, Logical Clock: 79
2025-03-01 14:40:05,473 - SEND - System Time: 2025-03-01 14:40:05.473196, Logical Clock: 80, To: Machine on port 10002
2025-03-01 14:40:05,643 - INTERNAL - System Time: 2025-03-01 14:40:05.643164, Logical Clock: 81
2025-03-01 14:40:05,812 - SEND - System Time: 2025-03-01 14:40:05.811868, Logical Clock: 82, To: Machine on port 10002
2025-03-01 14:40:05,984 - INTERNAL - System Time: 2025-03-01 14:40:05.983836, Logical Clock: 83
2025-03-01 14:40:06,151 - INTERNAL - System Time: 2025-03-01 14:40:06.151405, Logical Clock: 84
2025-03-01 14:40:06,323 - INTERNAL - System Time: 2025-03-01 14:40:06.323436, Logical Clock: 85
2025-03-01 14:40:06,495 - INTERNAL - System Time: 2025-03-01 14:40:06.495143, Logical Clock: 86
2025-03-01 14:40:06,664 - INTERNAL - System Time: 2025-03-01 14:40:06.664840, Logical Clock: 87
2025-03-01 14:40:06,834 - SEND - System Time: 2025-03-01 14:40:06.834028, Logical Clock: 88, To: Machine on port 10002
2025-03-01 14:40:07,006 - INTERNAL - System Time: 2025-03-01 14:40:07.006397, Logical Clock: 89
2025-03-01 14:40:07,177 - INTERNAL - System Time: 2025-03-01 14:40:07.177895, Logical Clock: 90
2025-03-01 14:40:07,350 - SEND - System Time: 2025-03-01 14:40:07.349963, Logical Clock: 91, To: Machine on port 10002
2025-03-01 14:40:07,522 - INTERNAL - System Time: 2025-03-01 14:40:07.522042, Logical Clock: 92
2025-03-01 14:40:07,692 - INTERNAL - System Time: 2025-03-01 14:40:07.692831, Logical Clock: 93
2025-03-01 14:40:07,861 - INTERNAL - System Time: 2025-03-01 14:40:07.861670, Logical Clock: 94
2025-03-01 14:40:08,029 - SEND - System Time: 2025-03-01 14:40:08.029391, Logical Clock: 95, To: Machine on port 10001
2025-03-01 14:40:08,197 - INTERNAL - System Time: 2025-03-01 14:40:08.197204, Logical Clock: 96
2025-03-01 14:40:08,368 - INTERNAL - System Time: 2025-03-01 14:40:08.368085, Logical Clock: 97
2025-03-01 14:40:08,540 - SEND - System Time: 2025-03-01 14:40:08.540282, Logical Clock: 98, To: Machine on port 10002
2025-03-01 14:40:08,712 - INTERNAL - System Time: 2025-03-01 14:40:08.712175, Logical Clock: 99
2025-03-01 14:40:08,884 - SEND - System Time: 2025-03-01 14:40:08.884099, Logical Clock: 100, To: Machine on port 10001
2025-03-01 14:40:08,884 - SEND - System Time: 2025-03-01 14:40:08.884099, Logical Clock: 100, To: Machine on port 10002
2025-03-01 14:40:09,055 - INTERNAL - System Time: 2025-03-01 14:40:09.055290, Logical Clock: 101
2025-03-01 14:40:09,224 - INTERNAL - System Time: 2025-03-01 14:40:09.224063, Logical Clock: 102
2025-03-01 14:40:09,397 - INTERNAL - System Time: 2025-03-01 14:40:09.396238, Logical Clock: 103
2025-03-01 14:40:09,568 - SEND - System Time: 2025-03-01 14:40:09.568284, Logical Clock: 104, To: Machine on port 10001
2025-03-01 14:40:09,740 - SEND - System Time: 2025-03-01 14:40:09.740487, Logical Clock: 105, To: Machine on port 10001
2025-03-01 14:40:09,741 - SEND - System Time: 2025-03-01 14:40:09.740487, Logical Clock: 105, To: Machine on port 10002
2025-03-01 14:40:09,912 - INTERNAL - System Time: 2025-03-01 14:40:09.912849, Logical Clock: 106
2025-03-01 14:40:10,084 - INTERNAL - System Time: 2025-03-01 14:40:10.084728, Logical Clock: 107
2025-03-01 14:40:10,253 - INTERNAL - System Time: 2025-03-01 14:40:10.253027, Logical Clock: 108
2025-03-01 14:40:10,425 - SEND - System Time: 2025-03-01 14:40:10.425011, Logical Clock: 109, To: Machine on port 10002
2025-03-01 14:40:10,592 - INTERNAL - System Time: 2025-03-01 14:40:10.592714, Logical Clock: 110
2025-03-01 14:40:10,762 - INTERNAL - System Time: 2025-03-01 14:40:10.761971, Logical Clock: 111
2025-03-01 14:40:10,934 - INTERNAL - System Time: 2025-03-01 14:40:10.934122, Logical Clock: 112
2025-03-01 14:40:11,103 - INTERNAL - System Time: 2025-03-01 14:40:11.103313, Logical Clock: 113
2025-03-01 14:40:11,275 - INTERNAL - System Time: 2025-03-01 14:40:11.275385, Logical Clock: 114
2025-03-01 14:40:11,447 - INTERNAL - System Time: 2025-03-01 14:40:11.447237, Logical Clock: 115
2025-03-01 14:40:11,618 - INTERNAL - System Time: 2025-03-01 14:40:11.618137, Logical Clock: 116
2025-03-01 14:40:11,788 - INTERNAL - System Time: 2025-03-01 14:40:11.788595, Logical Clock: 117
2025-03-01 14:40:11,959 - SEND - System Time: 2025-03-01 14:40:11.959376, Logical Clock: 118, To: Machine on port 10002
2025-03-01 14:40:12,128 - INTERNAL - System Time: 2025-03-01 14:40:12.128771, Logical Clock: 119
2025-03-01 14:40:12,296 - INTERNAL - System Time: 2025-03-01 14:40:12.296328, Logical Clock: 120
2025-03-01 14:40:12,468 - INTERNAL - System Time: 2025-03-01 14:40:12.468202, Logical Clock: 121
2025-03-01 14:40:12,639 - INTERNAL - System Time: 2025-03-01 14:40:12.639296, Logical Clock: 122
2025-03-01 14:40:12,809 - SEND - System Time: 2025-03-01 14:40:12.808850, Logical Clock: 123, To: Machine on port 10001
2025-03-01 14:40:12,809 - SEND - System Time: 2025-03-01 14:40:12.808850, Logical Clock: 123, To: Machine on port 10002
2025-03-01 14:40:12,981 - SEND - System Time: 2025-03-01 14:40:12.981435, Logical Clock: 124, To: Machine on port 10001
2025-03-01 14:40:13,152 - INTERNAL - System Time: 2025-03-01 14:40:13.152658, Logical Clock: 125
2025-03-01 14:40:13,322 - INTERNAL - System Time: 2025-03-01 14:40:13.321943, Logical Clock: 126
2025-03-01 14:40:13,494 - INTERNAL - System Time: 2025-03-01 14:40:13.494187, Logical Clock: 127
2025-03-01 14:40:13,663 - INTERNAL - System Time: 2025-03-01 14:40:13.663276, Logical Clock: 128
2025-03-01 14:40:13,834 - INTERNAL - System Time: 2025-03-01 14:40:13.834520, Logical Clock: 129
2025-03-01 14:40:14,006 - INTERNAL - System Time: 2025-03-01 14:40:14.006064, Logical Clock: 130
2025-03-01 14:40:14,173 - INTERNAL - System Time: 2025-03-01 14:40:14.173409, Logical Clock: 131
2025-03-01 14:40:14,342 - SEND - System Time: 2025-03-01 14:40:14.342723, Logical Clock: 132, To: Machine on port 10001
2025-03-01 14:40:14,511 - INTERNAL - System Time: 2025-03-01 14:40:14.511776, Logical Clock: 133
2025-03-01 14:40:14,683 - INTERNAL - System Time: 2025-03-01 14:40:14.683792, Logical Clock: 134
2025-03-01 14:40:14,852 - INTERNAL - System Time: 2025-03-01 14:40:14.851926, Logical Clock: 135
2025-03-01 14:40:15,019 - SEND - System Time: 2025-03-01 14:40:15.019389, Logical Clock: 136, To: Machine on port 10001
2025-03-01 14:40:15,191 - SEND - System Time: 2025-03-01 14:40:15.191552, Logical Clock: 137, To: Machine on port 10001
2025-03-01 14:40:15,192 - SEND - System Time: 2025-03-01 14:40:15.191552, Logical Clock: 137, To: Machine on port 10002
2025-03-01 14:40:15,361 - INTERNAL - System Time: 2025-03-01 14:40:15.361760, Logical Clock: 138
2025-03-01 14:40:15,532 - INTERNAL - System Time: 2025-03-01 14:40:15.531867, Logical Clock: 139
2025-03-01 14:40:15,700 - INTERNAL - System Time: 2025-03-01 14:40:15.699880, Logical Clock: 140
2025-03-01 14:40:15,868 - SEND - System Time: 2025-03-01 14:40:15.868206, Logical Clock: 141, To: Machine on port 10001
2025-03-01 14:40:16,036 - INTERNAL - System Time: 2025-03-01 14:40:16.036026, Logical Clock: 142
2025-03-01 14:40:16,208 - SEND - System Time: 2025-03-01 14:40:16.207951, Logical Clock: 143, To: Machine on port 10002
2025-03-01 14:40:16,375 - INTERNAL - System Time: 2025-03-01 14:40:16.374977, Logical Clock: 144
2025-03-01 14:40:16,546 - INTERNAL - System Time: 2025-03-01 14:40:16.546340, Logical Clock: 145
2025-03-01 14:40:16,718 - SEND - System Time: 2025-03-01 14:40:16.718238, Logical Clock: 146, To: Machine on port 10002
2025-03-01 14:40:16,890 - INTERNAL - System Time: 2025-03-01 14:40:16.890219, Logical Clock: 147
2025-03-01 14:40:17,062 - INTERNAL - System Time: 2025-03-01 14:40:17.062060, Logical Clock: 148
2025-03-01 14:40:17,234 - INTERNAL - System Time: 2025-03-01 14:40:17.233941, Logical Clock: 149
2025-03-01 14:40:17,406 - INTERNAL - System Time: 2025-03-01 14:40:17.405870, Logical Clock: 150
2025-03-01 14:40:17,578 - INTERNAL - System Time: 2025-03-01 14:40:17.577956, Logical Clock: 151
2025-03-01 14:40:17,746 - SEND - System Time: 2025-03-01 14:40:17.746430, Logical Clock: 152, To: Machine on port 10001
2025-03-01 14:40:17,746 - SEND - System Time: 2025-03-01 14:40:17.746430, Logical Clock: 152, To: Machine on port 10002
2025-03-01 14:40:17,918 - INTERNAL - System Time: 2025-03-01 14:40:17.918051, Logical Clock: 153
2025-03-01 14:40:18,090 - INTERNAL - System Time: 2025-03-01 14:40:18.090183, Logical Clock: 154
2025-03-01 14:40:18,258 - INTERNAL - System Time: 2025-03-01 14:40:18.258611, Logical Clock: 155
2025-03-01 14:40:18,430 - SEND - System Time: 2025-03-01 14:40:18.430602, Logical Clock: 156, To: Machine on port 10001
2025-03-01 14:40:18,430 - SEND - System Time: 2025-03-01 14:40:18.430602, Logical Clock: 156, To: Machine on port 10002
2025-03-01 14:40:18,601 - INTERNAL - System Time: 2025-03-01 14:40:18.601331, Logical Clock: 157
2025-03-01 14:40:18,773 - SEND - System Time: 2025-03-01 14:40:18.773410, Logical Clock: 158, To: Machine on port 10002
2025-03-01 14:40:18,943 - INTERNAL - System Time: 2025-03-01 14:40:18.943004, Logical Clock: 159
2025-03-01 14:40:19,111 - INTERNAL - System Time: 2025-03-01 14:40:19.111656, Logical Clock: 160
2025-03-01 14:40:19,283 - INTERNAL - System Time: 2025-03-01 14:40:19.283477, Logical Clock: 161
2025-03-01 14:40:19,453 - INTERNAL - System Time: 2025-03-01 14:40:19.453807, Logical Clock: 162
2025-03-01 14:40:19,624 - INTERNAL - System Time: 2025-03-01 14:40:19.624154, Logical Clock: 163
2025-03-01 14:40:19,792 - INTERNAL - System Time: 2025-03-01 14:40:19.792782, Logical Clock: 164
2025-03-01 14:40:19,963 - INTERNAL - System Time: 2025-03-01 14:40:19.963673, Logical Clock: 165
2025-03-01 14:40:20,135 - SEND - System Time: 2025-03-01 14:40:20.134755, Logical Clock: 166, To: Machine on port 10002
2025-03-01 14:40:20,307 - SEND - System Time: 2025-03-01 14:40:20.307622, Logical Clock: 167, To: Machine on port 10001
2025-03-01 14:40:20,475 - INTERNAL - System Time: 2025-03-01 14:40:20.474957, Logical Clock: 168
2025-03-01 14:40:20,646 - SEND - System Time: 2025-03-01 14:40:20.646810, Logical Clock: 169, To: Machine on port 10002
2025-03-01 14:40:20,818 - INTERNAL - System Time: 2025-03-01 14:40:20.818691, Logical Clock: 170
2025-03-01 14:40:20,988 - INTERNAL - System Time: 2025-03-01 14:40:20.988063, Logical Clock: 171
2025-03-01 14:40:21,160 - INTERNAL - System Time: 2025-03-01 14:40:21.159936, Logical Clock: 172
2025-03-01 14:40:21,328 - INTERNAL - System Time: 2025-03-01 14:40:21.328763, Logical Clock: 173
2025-03-01 14:40:21,500 - INTERNAL - System Time: 2025-03-01 14:40:21.500742, Logical Clock: 174
2025-03-01 14:40:21,668 - INTERNAL - System Time: 2025-03-01 14:40:21.667958, Logical Clock: 175
2025-03-01 14:40:21,837 - INTERNAL - System Time: 2025-03-01 14:40:21.837724, Logical Clock: 176
2025-03-01 14:40:22,009 - INTERNAL - System Time: 2025-03-01 14:40:22.009719, Logical Clock: 177
2025-03-01 14:40:22,179 - INTERNAL - System Time: 2025-03-01 14:40:22.179450, Logical Clock: 178
2025-03-01 14:40:22,351 - SEND - System Time: 2025-03-01 14:40:22.351581, Logical Clock: 179, To: Machine on port 10001
2025-03-01 14:40:22,352 - SEND - System Time: 2025-03-01 14:40:22.351581, Logical Clock: 179, To: Machine on port 10002
2025-03-01 14:40:22,523 - INTERNAL - System Time: 2025-03-01 14:40:22.523390, Logical Clock: 180
2025-03-01 14:40:22,695 - SEND - System Time: 2025-03-01 14:40:22.694871, Logical Clock: 181, To: Machine on port 10002
2025-03-01 14:40:22,867 - INTERNAL - System Time: 2025-03-01 14:40:22.866969, Logical Clock: 182
2025-03-01 14:40:23,036 - SEND - System Time: 2025-03-01 14:40:23.035777, Logical Clock: 183, To: Machine on port 10001
2025-03-01 14:40:23,036 - SEND - System Time: 2025-03-01 14:40:23.035777, Logical Clock: 183, To: Machine on port 10002
2025-03-01 14:40:23,203 - SEND - System Time: 2025-03-01 14:40:23.203198, Logical Clock: 184, To: Machine on port 10002
2025-03-01 14:40:23,373 - SEND - System Time: 2025-03-01 14:40:23.373499, Logical Clock: 185, To: Machine on port 10001
2025-03-01 14:40:23,374 - SEND - System Time: 2025-03-01 14:40:23.373499, Logical Clock: 185, To: Machine on port 10002
2025-03-01 14:40:23,543 - INTERNAL - System Time: 2025-03-01 14:40:23.543044, Logical Clock: 186
2025-03-01 14:40:23,712 - SEND - System Time: 2025-03-01 14:40:23.712343, Logical Clock: 187, To: Machine on port 10001
2025-03-01 14:40:23,884 - INTERNAL - System Time: 2025-03-01 14:40:23.884671, Logical Clock: 188
2025-03-01 14:40:24,055 - INTERNAL - System Time: 2025-03-01 14:40:24.055166, Logical Clock: 189
2025-03-01 14:40:24,226 - INTERNAL - System Time: 2025-03-01 14:40:24.225830, Logical Clock: 190
2025-03-01 14:40:24,395 - SEND - System Time: 2025-03-01 14:40:24.394724, Logical Clock: 191, To: Machine on port 10002
2025-03-01 14:40:24,564 - INTERNAL - System Time: 2025-03-01 14:40:24.564619, Logical Clock: 192
2025-03-01 14:40:24,735 - INTERNAL - System Time: 2025-03-01 14:40:24.734880, Logical Clock: 193
2025-03-01 14:40:24,907 - SEND - System Time: 2025-03-01 14:40:24.907395, Logical Clock: 194, To: Machine on port 10002
2025-03-01 14:40:25,077 - INTERNAL - System Time: 2025-03-01 14:40:25.076898, Logical Clock: 195
2025-03-01 14:40:25,246 - SEND - System Time: 2025-03-01 14:40:25.246536, Logical Clock: 196, To: Machine on port 10001
2025-03-01 14:40:25,418 - INTERNAL - System Time: 2025-03-01 14:40:25.417968, Logical Clock: 197
2025-03-01 14:40:25,589 - INTERNAL - System Time: 2025-03-01 14:40:25.588974, Logical Clock: 198
2025-03-01 14:40:25,760 - SEND - System Time: 2025-03-01 14:40:25.759925, Logical Clock: 199, To: Machine on port 10001
2025-03-01 14:40:25,932 - INTERNAL - System Time: 2025-03-01 14:40:25.932278, Logical Clock: 200
2025-03-01 14:40:26,101 - INTERNAL - System Time: 2025-03-01 14:40:26.101330, Logical Clock: 201
2025-03-01 14:40:26,273 - INTERNAL - System Time: 2025-03-01 14:40:26.272954, Logical Clock: 202
2025-03-01 14:40:26,443 - INTERNAL - System Time: 2025-03-01 14:40:26.443164, Logical Clock: 203
2025-03-01 14:40:26,612 - INTERNAL - System Time: 2025-03-01 14:40:26.612483, Logical Clock: 204
2025-03-01 14:40:26,783 - INTERNAL - System Time: 2025-03-01 14:40:26.783599, Logical Clock: 205
2025-03-01 14:40:26,953 - INTERNAL - System Time: 2025-03-01 14:40:26.953147, Logical Clock: 206
2025-03-01 14:40:27,124 - INTERNAL - System Time: 2025-03-01 14:40:27.124608, Logical Clock: 207
2025-03-01 14:40:27,294 - INTERNAL - System Time: 2025-03-01 14:40:27.294385, Logical Clock: 208
2025-03-01 14:40:27,462 - SEND - System Time: 2025-03-01 14:40:27.461881, Logical Clock: 209, To: Machine on port 10002
2025-03-01 14:40:27,633 - INTERNAL - System Time: 2025-03-01 14:40:27.633597, Logical Clock: 210
2025-03-01 14:40:27,803 - INTERNAL - System Time: 2025-03-01 14:40:27.803004, Logical Clock: 211
2025-03-01 14:40:27,973 - INTERNAL - System Time: 2025-03-01 14:40:27.973344, Logical Clock: 212
2025-03-01 14:40:28,145 - INTERNAL - System Time: 2025-03-01 14:40:28.145483, Logical Clock: 213
2025-03-01 14:40:28,317 - INTERNAL - System Time: 2025-03-01 14:40:28.317293, Logical Clock: 214
2025-03-01 14:40:28,484 - INTERNAL - System Time: 2025-03-01 14:40:28.484220, Logical Clock: 215
2025-03-01 14:40:28,651 - INTERNAL - System Time: 2025-03-01 14:40:28.651198, Logical Clock: 216
2025-03-01 14:40:28,819 - INTERNAL - System Time: 2025-03-01 14:40:28.819726, Logical Clock: 217
2025-03-01 14:40:28,991 - INTERNAL - System Time: 2025-03-01 14:40:28.991539, Logical Clock: 218
2025-03-01 14:40:29,163 - INTERNAL - System Time: 2025-03-01 14:40:29.163373, Logical Clock: 219
2025-03-01 14:40:29,334 - INTERNAL - System Time: 2025-03-01 14:40:29.334615, Logical Clock: 220
2025-03-01 14:40:29,503 - INTERNAL - System Time: 2025-03-01 14:40:29.503167, Logical Clock: 221
2025-03-01 14:40:29,672 - INTERNAL - System Time: 2025-03-01 14:40:29.672416, Logical Clock: 222
2025-03-01 14:40:29,843 - SEND - System Time: 2025-03-01 14:40:29.843161, Logical Clock: 223, To: Machine on port 10002
2025-03-01 14:40:30,014 - INTERNAL - System Time: 2025-03-01 14:40:30.014556, Logical Clock: 224
2025-03-01 14:40:30,185 - INTERNAL - System Time: 2025-03-01 14:40:30.184855, Logical Clock: 225
2025-03-01 14:40:30,357 - SEND - System Time: 2025-03-01 14:40:30.357198, Logical Clock: 226, To: Machine on port 10002
2025-03-01 14:40:30,525 - INTERNAL - System Time: 2025-03-01 14:40:30.525011, Logical Clock: 227
2025-03-01 14:40:30,693 - INTERNAL - System Time: 2025-03-01 14:40:30.693081, Logical Clock: 228
2025-03-01 14:40:30,865 - INTERNAL - System Time: 2025-03-01 14:40:30.865362, Logical Clock: 229
2025-03-01 14:40:31,033 - INTERNAL - System Time: 2025-03-01 14:40:31.033563, Logical Clock: 230
2025-03-01 14:40:31,201 - SEND - System Time: 2025-03-01 14:40:31.200946, Logical Clock: 231, To: Machine on port 10001
2025-03-01 14:40:31,201 - SEND - System Time: 2025-03-01 14:40:31.200946, Logical Clock: 231, To: Machine on port 10002
2025-03-01 14:40:31,373 - INTERNAL - System Time: 2025-03-01 14:40:31.372944, Logical Clock: 232
2025-03-01 14:40:31,543 - INTERNAL - System Time: 2025-03-01 14:40:31.543018, Logical Clock: 233
2025-03-01 14:40:31,711 - INTERNAL - System Time: 2025-03-01 14:40:31.711672, Logical Clock: 234
2025-03-01 14:40:31,882 - SEND - System Time: 2025-03-01 14:40:31.882309, Logical Clock: 235, To: Machine on port 10001
2025-03-01 14:40:31,882 - SEND - System Time: 2025-03-01 14:40:31.882309, Logical Clock: 235, To: Machine on port 10002
2025-03-01 14:40:32,053 - INTERNAL - System Time: 2025-03-01 14:40:32.052958, Logical Clock: 236
2025-03-01 14:40:32,223 - SEND - System Time: 2025-03-01 14:40:32.223344, Logical Clock: 237, To: Machine on port 10002
2025-03-01 14:40:32,395 - INTERNAL - System Time: 2025-03-01 14:40:32.394982, Logical Clock: 238
2025-03-01 14:40:32,563 - INTERNAL - System Time: 2025-03-01 14:40:32.562869, Logical Clock: 239
2025-03-01 14:40:32,734 - INTERNAL - System Time: 2025-03-01 14:40:32.734569, Logical Clock: 240
2025-03-01 14:40:32,903 - INTERNAL - System Time: 2025-03-01 14:40:32.903077, Logical Clock: 241
2025-03-01 14:40:33,074 - SEND - System Time: 2025-03-01 14:40:33.073929, Logical Clock: 242, To: Machine on port 10002
2025-03-01 14:40:33,246 - INTERNAL - System Time: 2025-03-01 14:40:33.246256, Logical Clock: 243
2025-03-01 14:40:33,418 - INTERNAL - System Time: 2025-03-01 14:40:33.418457, Logical Clock: 244
2025-03-01 14:40:33,587 - INTERNAL - System Time: 2025-03-01 14:40:33.587745, Logical Clock: 245
2025-03-01 14:40:33,759 - SEND - System Time: 2025-03-01 14:40:33.759491, Logical Clock: 246, To: Machine on port 10001
2025-03-01 14:40:33,760 - SEND - System Time: 2025-03-01 14:40:33.759491, Logical Clock: 246, To: Machine on port 10002
2025-03-01 14:40:33,928 - INTERNAL - System Time: 2025-03-01 14:40:33.928690, Logical Clock: 247
2025-03-01 14:40:34,097 - SEND - System Time: 2025-03-01 14:40:34.097650, Logical Clock: 248, To: Machine on port 10001
2025-03-01 14:40:34,270 - INTERNAL - System Time: 2025-03-01 14:40:34.270107, Logical Clock: 249
2025-03-01 14:40:34,442 - SEND - System Time: 2025-03-01 14:40:34.442044, Logical Clock: 250, To: Machine on port 10002
2025-03-01 14:40:34,611 - INTERNAL - System Time: 2025-03-01 14:40:34.611711, Logical Clock: 251
2025-03-01 14:40:34,783 - SEND - System Time: 2025-03-01 14:40:34.783706, Logical Clock: 252, To: Machine on port 10001
2025-03-01 14:40:34,955 - INTERNAL - System Time: 2025-03-01 14:40:34.955019, Logical Clock: 253
2025-03-01 14:40:35,125 - INTERNAL - System Time: 2025-03-01 14:40:35.125666, Logical Clock: 254
2025-03-01 14:40:35,295 - INTERNAL - System Time: 2025-03-01 14:40:35.295210, Logical Clock: 255
2025-03-01 14:40:35,467 - INTERNAL - System Time: 2025-03-01 14:40:35.466837, Logical Clock: 256
2025-03-01 14:40:35,635 - SEND - System Time: 2025-03-01 14:40:35.634875, Logical Clock: 257, To: Machine on port 10001
2025-03-01 14:40:35,807 - INTERNAL - System Time: 2025-03-01 14:40:35.807192, Logical Clock: 258
2025-03-01 14:40:35,975 - INTERNAL - System Time: 2025-03-01 14:40:35.975685, Logical Clock: 259
2025-03-01 14:40:36,143 - INTERNAL - System Time: 2025-03-01 14:40:36.143023, Logical Clock: 260
2025-03-01 14:40:36,315 - INTERNAL - System Time: 2025-03-01 14:40:36.315000, Logical Clock: 261
2025-03-01 14:40:36,486 - INTERNAL - System Time: 2025-03-01 14:40:36.486027, Logical Clock: 262
2025-03-01 14:40:36,655 - SEND - System Time: 2025-03-01 14:40:36.655251, Logical Clock: 263, To: Machine on port 10002
2025-03-01 14:40:36,825 - INTERNAL - System Time: 2025-03-01 14:40:36.825663, Logical Clock: 264
2025-03-01 14:40:36,993 - INTERNAL - System Time: 2025-03-01 14:40:36.993000, Logical Clock: 265
2025-03-01 14:40:37,162 - INTERNAL - System Time: 2025-03-01 14:40:37.161911, Logical Clock: 266
2025-03-01 14:40:37,330 - SEND - System Time: 2025-03-01 14:40:37.330670, Logical Clock: 267, To: Machine on port 10001
2025-03-01 14:40:37,331 - SEND - System Time: 2025-03-01 14:40:37.330670, Logical Clock: 267, To: Machine on port 10002
2025-03-01 14:40:37,503 - INTERNAL - System Time: 2025-03-01 14:40:37.503066, Logical Clock: 268
2025-03-01 14:40:37,673 - INTERNAL - System Time: 2025-03-01 14:40:37.673414, Logical Clock: 269
2025-03-01 14:40:37,843 - SEND - System Time: 2025-03-01 14:40:37.843155, Logical Clock: 270, To: Machine on port 10002
2025-03-01 14:40:38,011 - INTERNAL - System Time: 2025-03-01 14:40:38.011634, Logical Clock: 271
2025-03-01 14:40:38,183 - SEND - System Time: 2025-03-01 14:40:38.183605, Logical Clock: 272, To: Machine on port 10001
2025-03-01 14:40:38,351 - INTERNAL - System Time: 2025-03-01 14:40:38.351254, Logical Clock: 273
2025-03-01 14:40:38,521 - INTERNAL - System Time: 2025-03-01 14:40:38.521258, Logical Clock: 274
2025-03-01 14:40:38,691 - INTERNAL - System Time: 2025-03-01 14:40:38.691668, Logical Clock: 275
2025-03-01 14:40:38,862 - SEND - System Time: 2025-03-01 14:40:38.862063, Logical Clock: 276, To: Machine on port 10001
2025-03-01 14:40:39,032 - SEND - System Time: 2025-03-01 14:40:39.032614, Logical Clock: 277, To: Machine on port 10001
2025-03-01 14:40:39,204 - INTERNAL - System Time: 2025-03-01 14:40:39.204240, Logical Clock: 278
2025-03-01 14:40:39,375 - INTERNAL - System Time: 2025-03-01 14:40:39.375121, Logical Clock: 279
2025-03-01 14:40:39,546 - INTERNAL - System Time: 2025-03-01 14:40:39.546286, Logical Clock: 280
2025-03-01 14:40:39,718 - SEND - System Time: 2025-03-01 14:40:39.718008, Logical Clock: 281, To: Machine on port 10001
2025-03-01 14:40:39,718 - SEND - System Time: 2025-03-01 14:40:39.718008, Logical Clock: 281, To: Machine on port 10002
2025-03-01 14:40:39,890 - INTERNAL - System Time: 2025-03-01 14:40:39.890305, Logical Clock: 282
2025-03-01 14:40:40,062 - SEND - System Time: 2025-03-01 14:40:40.062672, Logical Clock: 283, To: Machine on port 10002
2025-03-01 14:40:40,234 - INTERNAL - System Time: 2025-03-01 14:40:40.234744, Logical Clock: 284
2025-03-01 14:40:40,403 - INTERNAL - System Time: 2025-03-01 14:40:40.403027, Logical Clock: 285
2025-03-01 14:40:40,575 - SEND - System Time: 2025-03-01 14:40:40.575335, Logical Clock: 286, To: Machine on port 10001
2025-03-01 14:40:40,744 - INTERNAL - System Time: 2025-03-01 14:40:40.743931, Logical Clock: 287
2025-03-01 14:40:40,911 - SEND - System Time: 2025-03-01 14:40:40.911760, Logical Clock: 288, To: Machine on port 10001
2025-03-01 14:40:40,912 - SEND - System Time: 2025-03-01 14:40:40.911760, Logical Clock: 288, To: Machine on port 10002
2025-03-01 14:40:41,084 - INTERNAL - System Time: 2025-03-01 14:40:41.084092, Logical Clock: 289
2025-03-01 14:40:41,252 - INTERNAL - System Time: 2025-03-01 14:40:41.252261, Logical Clock: 290
2025-03-01 14:40:41,421 - INTERNAL - System Time: 2025-03-01 14:40:41.421569, Logical Clock: 291
2025-03-01 14:40:41,592 - SEND - System Time: 2025-03-01 14:40:41.592587, Logical Clock: 292, To: Machine on port 10002
2025-03-01 14:40:41,760 - INTERNAL - System Time: 2025-03-01 14:40:41.760529, Logical Clock: 293
2025-03-01 14:40:41,932 - INTERNAL - System Time: 2025-03-01 14:40:41.932638, Logical Clock: 294
2025-03-01 14:40:42,101 - SEND - System Time: 2025-03-01 14:40:42.101359, Logical Clock: 295, To: Machine on port 10001
2025-03-01 14:40:42,102 - SEND - System Time: 2025-03-01 14:40:42.101359, Logical Clock: 295, To: Machine on port 10002
2025-03-01 14:40:42,272 - INTERNAL - System Time: 2025-03-01 14:40:42.272577, Logical Clock: 296
2025-03-01 14:40:42,469 - INTERNAL - System Time: 2025-03-01 14:40:42.469249, Logical Clock: 297
2025-03-01 14:40:42,638 - INTERNAL - System Time: 2025-03-01 14:40:42.638188, Logical Clock: 298
2025-03-01 14:40:42,809 - INTERNAL - System Time: 2025-03-01 14:40:42.809680, Logical Clock: 299
2025-03-01 14:40:42,978 - INTERNAL - System Time: 2025-03-01 14:40:42.978162, Logical Clock: 300
2025-03-01 14:40:43,150 - INTERNAL - System Time: 2025-03-01 14:40:43.150139, Logical Clock: 301
2025-03-01 14:40:43,319 - INTERNAL - System Time: 2025-03-01 14:40:43.319732, Logical Clock: 302
2025-03-01 14:40:43,488 - INTERNAL - System Time: 2025-03-01 14:40:43.488369, Logical Clock: 303
2025-03-01 14:40:43,658 - SEND - System Time: 2025-03-01 14:40:43.658741, Logical Clock: 304, To: Machine on port 10001
2025-03-01 14:40:43,828 - INTERNAL - System Time: 2025-03-01 14:40:43.828535, Logical Clock: 305
2025-03-01 14:40:44,000 - INTERNAL - System Time: 2025-03-01 14:40:44.000686, Logical Clock: 306
2025-03-01 14:40:44,170 - INTERNAL - System Time: 2025-03-01 14:40:44.169941, Logical Clock: 307
2025-03-01 14:40:44,337 - SEND - System Time: 2025-03-01 14:40:44.337739, Logical Clock: 308, To: Machine on port 10001
2025-03-01 14:40:44,338 - SEND - System Time: 2025-03-01 14:40:44.337739, Logical Clock: 308, To: Machine on port 10002
2025-03-01 14:40:44,509 - INTERNAL - System Time: 2025-03-01 14:40:44.509616, Logical Clock: 309
2025-03-01 14:40:44,681 - INTERNAL - System Time: 2025-03-01 14:40:44.681674, Logical Clock: 310
2025-03-01 14:40:44,849 - INTERNAL - System Time: 2025-03-01 14:40:44.849741, Logical Clock: 311
2025-03-01 14:40:45,016 - INTERNAL - System Time: 2025-03-01 14:40:45.016857, Logical Clock: 312
2025-03-01 14:40:45,184 - INTERNAL - System Time: 2025-03-01 14:40:45.184729, Logical Clock: 313
2025-03-01 14:40:45,357 - INTERNAL - System Time: 2025-03-01 14:40:45.356900, Logical Clock: 314
2025-03-01 14:40:45,525 - INTERNAL - System Time: 2025-03-01 14:40:45.524903, Logical Clock: 315
2025-03-01 14:40:45,696 - INTERNAL - System Time: 2025-03-01 14:40:45.696669, Logical Clock: 316
2025-03-01 14:40:45,868 - INTERNAL - System Time: 2025-03-01 14:40:45.868776, Logical Clock: 317
2025-03-01 14:40:46,040 - INTERNAL - System Time: 2025-03-01 14:40:46.040828, Logical Clock: 318
2025-03-01 14:40:46,209 - SEND - System Time: 2025-03-01 14:40:46.208975, Logical Clock: 319, To: Machine on port 10002
2025-03-01 14:40:46,379 - INTERNAL - System Time: 2025-03-01 14:40:46.378893, Logical Clock: 320
2025-03-01 14:40:46,550 - SEND - System Time: 2025-03-01 14:40:46.550364, Logical Clock: 321, To: Machine on port 10001
2025-03-01 14:40:46,718 - INTERNAL - System Time: 2025-03-01 14:40:46.718657, Logical Clock: 322
2025-03-01 14:40:46,887 - SEND - System Time: 2025-03-01 14:40:46.887573, Logical Clock: 323, To: Machine on port 10001
2025-03-01 14:40:47,058 - INTERNAL - System Time: 2025-03-01 14:40:47.058333, Logical Clock: 324
2025-03-01 14:40:47,226 - INTERNAL - System Time: 2025-03-01 14:40:47.225965, Logical Clock: 325
2025-03-01 14:40:47,396 - SEND - System Time: 2025-03-01 14:40:47.396276, Logical Clock: 326, To: Machine on port 10001
2025-03-01 14:40:47,567 - INTERNAL - System Time: 2025-03-01 14:40:47.567757, Logical Clock: 327
2025-03-01 14:40:47,737 - INTERNAL - System Time: 2025-03-01 14:40:47.737453, Logical Clock: 328
2025-03-01 14:40:47,908 - SEND - System Time: 2025-03-01 14:40:47.908459, Logical Clock: 329, To: Machine on port 10001
2025-03-01 14:40:48,078 - INTERNAL - System Time: 2025-03-01 14:40:48.078916, Logical Clock: 330
2025-03-01 14:40:48,250 - SEND - System Time: 2025-03-01 14:40:48.250153, Logical Clock: 331, To: Machine on port 10002
2025-03-01 14:40:48,422 - INTERNAL - System Time: 2025-03-01 14:40:48.422221, Logical Clock: 332
2025-03-01 14:40:48,591 - INTERNAL - System Time: 2025-03-01 14:40:48.591688, Logical Clock: 333
2025-03-01 14:40:48,764 - SEND - System Time: 2025-03-01 14:40:48.763994, Logical Clock: 334, To: Machine on port 10001
2025-03-01 14:40:48,934 - INTERNAL - System Time: 2025-03-01 14:40:48.934823, Logical Clock: 335
2025-03-01 14:40:49,102 - INTERNAL - System Time: 2025-03-01 14:40:49.102176, Logical Clock: 336
2025-03-01 14:40:49,273 - SEND - System Time: 2025-03-01 14:40:49.272841, Logical Clock: 337, To: Machine on port 10001
2025-03-01 14:40:49,273 - SEND - System Time: 2025-03-01 14:40:49.272841, Logical Clock: 337, To: Machine on port 10002
2025-03-01 14:40:49,443 - INTERNAL - System Time: 2025-03-01 14:40:49.442934, Logical Clock: 338
2025-03-01 14:40:49,611 - SEND - System Time: 2025-03-01 14:40:49.611687, Logical Clock: 339, To: Machine on port 10001
2025-03-01 14:40:49,612 - SEND - System Time: 2025-03-01 14:40:49.611687, Logical Clock: 339, To: Machine on port 10002
2025-03-01 14:40:49,783 - INTERNAL - System Time: 2025-03-01 14:40:49.783341, Logical Clock: 340
2025-03-01 14:40:49,951 - INTERNAL - System Time: 2025-03-01 14:40:49.951181, Logical Clock: 341
2025-03-01 14:40:50,123 - SEND - System Time: 2025-03-01 14:40:50.123470, Logical Clock: 342, To: Machine on port 10001
2025-03-01 14:40:50,124 - SEND - System Time: 2025-03-01 14:40:50.123470, Logical Clock: 342, To: Machine on port 10002
2025-03-01 14:40:50,295 - INTERNAL - System Time: 2025-03-01 14:40:50.294940, Logical Clock: 343
2025-03-01 14:40:50,467 - SEND - System Time: 2025-03-01 14:40:50.466799, Logical Clock: 344, To: Machine on port 10001
2025-03-01 14:40:50,639 - INTERNAL - System Time: 2025-03-01 14:40:50.639057, Logical Clock: 345
2025-03-01 14:40:50,808 - SEND - System Time: 2025-03-01 14:40:50.808600, Logical Clock: 346, To: Machine on port 10001
2025-03-01 14:40:50,978 - INTERNAL - System Time: 2025-03-01 14:40:50.978614, Logical Clock: 347
2025-03-01 14:40:51,151 - INTERNAL - System Time: 2025-03-01 14:40:51.150879, Logical Clock: 348
2025-03-01 14:40:51,323 - SEND - System Time: 2025-03-01 14:40:51.323232, Logical Clock: 349, To: Machine on port 10002
2025-03-01 14:40:51,491 - SEND - System Time: 2025-03-01 14:40:51.491279, Logical Clock: 350, To: Machine on port 10001
2025-03-01 14:40:51,491 - SEND - System Time: 2025-03-01 14:40:51.491279, Logical Clock: 350, To: Machine on port 10002
2025-03-01 14:40:51,663 - SEND - System Time: 2025-03-01 14:40:51.663373, Logical Clock: 351, To: Machine on port 10001
2025-03-01 14:40:51,833 - SEND - System Time: 2025-03-01 14:40:51.833358, Logical Clock: 352, To: Machine on port 10001
