2025-03-01 13:37:54,217 - Virtual Machine 2 initialized
2025-03-01 13:37:54,217 - Clock Rate: 5 ticks/second
2025-03-01 13:37:54,217 - Listening on port: 10001
2025-03-01 13:37:54,217 - Peer ports: [10000, 10002]
2025-03-01 13:37:54,719 - Accepted connection from ('127.0.0.1', 49418)
2025-03-01 13:37:55,223 - Connected to peer on port 10002
2025-03-01 13:37:55,223 - Network initialization completed
2025-03-01 13:37:55,223 - Starting main event loop
2025-03-01 13:37:55,223 - Clock rate: 5 ticks/second
2025-03-01 13:37:55,223 - INTERNAL - System Time: 2025-03-01 13:37:55.223917, Logical Clock: 1
2025-03-01 13:37:55,425 - No connection to port 10000
2025-03-01 13:37:55,631 - INTERNAL - System Time: 2025-03-01 13:37:55.631038, Logical Clock: 3
2025-03-01 13:37:55,835 - INTERNAL - System Time: 2025-03-01 13:37:55.835086, Logical Clock: 4
2025-03-01 13:37:56,040 - INTERNAL - System Time: 2025-03-01 13:37:56.039996, Logical Clock: 5
2025-03-01 13:37:56,240 - INTERNAL - System Time: 2025-03-01 13:37:56.240589, Logical Clock: 6
2025-03-01 13:37:56,443 - INTERNAL - System Time: 2025-03-01 13:37:56.443667, Logical Clock: 7
2025-03-01 13:37:56,649 - SEND - System Time: 2025-03-01 13:37:56.649284, Logical Clock: 8, To: Machine on port 10002
2025-03-01 13:37:56,854 - INTERNAL - System Time: 2025-03-01 13:37:56.854737, Logical Clock: 9
2025-03-01 13:37:57,056 - No connection to port 10000
2025-03-01 13:37:57,056 - SEND - System Time: 2025-03-01 13:37:57.055997, Logical Clock: 10, To: Machine on port 10002
2025-03-01 13:37:57,261 - INTERNAL - System Time: 2025-03-01 13:37:57.261397, Logical Clock: 11
2025-03-01 13:37:57,467 - No connection to port 10000
2025-03-01 13:37:57,468 - SEND - System Time: 2025-03-01 13:37:57.467495, Logical Clock: 12, To: Machine on port 10002
2025-03-01 13:37:57,673 - INTERNAL - System Time: 2025-03-01 13:37:57.673593, Logical Clock: 13
2025-03-01 13:37:57,875 - INTERNAL - System Time: 2025-03-01 13:37:57.875663, Logical Clock: 14
2025-03-01 13:37:58,076 - SEND - System Time: 2025-03-01 13:37:58.076737, Logical Clock: 15, To: Machine on port 10002
2025-03-01 13:37:58,282 - INTERNAL - System Time: 2025-03-01 13:37:58.282383, Logical Clock: 16
2025-03-01 13:37:58,487 - INTERNAL - System Time: 2025-03-01 13:37:58.487614, Logical Clock: 17
2025-03-01 13:37:58,690 - INTERNAL - System Time: 2025-03-01 13:37:58.690544, Logical Clock: 18
2025-03-01 13:37:58,891 - RECEIVE - System Time: 2025-03-01 13:37:58.891012, Logical Clock: 19, Queue Length: 0, From: Machine 1
2025-03-01 13:37:59,092 - INTERNAL - System Time: 2025-03-01 13:37:59.092181, Logical Clock: 20
2025-03-01 13:37:59,297 - INTERNAL - System Time: 2025-03-01 13:37:59.297452, Logical Clock: 21
2025-03-01 13:37:59,502 - INTERNAL - System Time: 2025-03-01 13:37:59.502010, Logical Clock: 22
2025-03-01 13:37:59,704 - No connection to port 10000
2025-03-01 13:37:59,704 - SEND - System Time: 2025-03-01 13:37:59.704372, Logical Clock: 23, To: Machine on port 10002
2025-03-01 13:37:59,909 - INTERNAL - System Time: 2025-03-01 13:37:59.909699, Logical Clock: 24
2025-03-01 13:38:00,110 - INTERNAL - System Time: 2025-03-01 13:38:00.110278, Logical Clock: 25
2025-03-01 13:38:00,315 - INTERNAL - System Time: 2025-03-01 13:38:00.315540, Logical Clock: 26
2025-03-01 13:38:00,517 - INTERNAL - System Time: 2025-03-01 13:38:00.516945, Logical Clock: 27
2025-03-01 13:38:00,719 - No connection to port 10000
2025-03-01 13:38:00,920 - INTERNAL - System Time: 2025-03-01 13:38:00.920054, Logical Clock: 29
2025-03-01 13:38:01,120 - No connection to port 10000
2025-03-01 13:38:01,325 - INTERNAL - System Time: 2025-03-01 13:38:01.325483, Logical Clock: 31
2025-03-01 13:38:01,526 - INTERNAL - System Time: 2025-03-01 13:38:01.525987, Logical Clock: 32
2025-03-01 13:38:01,727 - INTERNAL - System Time: 2025-03-01 13:38:01.727611, Logical Clock: 33
2025-03-01 13:38:01,931 - INTERNAL - System Time: 2025-03-01 13:38:01.931592, Logical Clock: 34
2025-03-01 13:38:02,135 - SEND - System Time: 2025-03-01 13:38:02.135907, Logical Clock: 35, To: Machine on port 10002
2025-03-01 13:38:02,341 - INTERNAL - System Time: 2025-03-01 13:38:02.341065, Logical Clock: 36
2025-03-01 13:38:02,542 - No connection to port 10000
2025-03-01 13:38:02,744 - INTERNAL - System Time: 2025-03-01 13:38:02.744333, Logical Clock: 38
2025-03-01 13:38:02,944 - INTERNAL - System Time: 2025-03-01 13:38:02.944824, Logical Clock: 39
2025-03-01 13:38:03,145 - SEND - System Time: 2025-03-01 13:38:03.145590, Logical Clock: 40, To: Machine on port 10002
2025-03-01 13:38:03,345 - INTERNAL - System Time: 2025-03-01 13:38:03.345828, Logical Clock: 41
2025-03-01 13:38:03,547 - INTERNAL - System Time: 2025-03-01 13:38:03.547330, Logical Clock: 42
2025-03-01 13:38:03,752 - RECEIVE - System Time: 2025-03-01 13:38:03.752494, Logical Clock: 43, Queue Length: 0, From: Machine 1
2025-03-01 13:38:03,957 - No connection to port 10000
2025-03-01 13:38:03,957 - SEND - System Time: 2025-03-01 13:38:03.957700, Logical Clock: 44, To: Machine on port 10002
2025-03-01 13:38:04,160 - INTERNAL - System Time: 2025-03-01 13:38:04.160224, Logical Clock: 45
2025-03-01 13:38:04,364 - INTERNAL - System Time: 2025-03-01 13:38:04.364837, Logical Clock: 46
2025-03-01 13:38:04,566 - INTERNAL - System Time: 2025-03-01 13:38:04.566900, Logical Clock: 47
2025-03-01 13:38:04,772 - RECEIVE - System Time: 2025-03-01 13:38:04.772089, Logical Clock: 48, Queue Length: 0, From: Machine 1
2025-03-01 13:38:04,975 - INTERNAL - System Time: 2025-03-01 13:38:04.975604, Logical Clock: 49
2025-03-01 13:38:05,180 - INTERNAL - System Time: 2025-03-01 13:38:05.180717, Logical Clock: 50
2025-03-01 13:38:05,386 - INTERNAL - System Time: 2025-03-01 13:38:05.386061, Logical Clock: 51
2025-03-01 13:38:05,591 - INTERNAL - System Time: 2025-03-01 13:38:05.591620, Logical Clock: 52
2025-03-01 13:38:05,797 - No connection to port 10000
2025-03-01 13:38:05,797 - SEND - System Time: 2025-03-01 13:38:05.797010, Logical Clock: 53, To: Machine on port 10002
2025-03-01 13:38:06,001 - INTERNAL - System Time: 2025-03-01 13:38:06.001026, Logical Clock: 54
2025-03-01 13:38:06,202 - INTERNAL - System Time: 2025-03-01 13:38:06.202062, Logical Clock: 55
2025-03-01 13:38:06,405 - INTERNAL - System Time: 2025-03-01 13:38:06.405497, Logical Clock: 56
2025-03-01 13:38:06,609 - INTERNAL - System Time: 2025-03-01 13:38:06.609066, Logical Clock: 57
2025-03-01 13:38:06,809 - INTERNAL - System Time: 2025-03-01 13:38:06.809800, Logical Clock: 58
2025-03-01 13:38:07,013 - INTERNAL - System Time: 2025-03-01 13:38:07.013524, Logical Clock: 59
2025-03-01 13:38:07,219 - SEND - System Time: 2025-03-01 13:38:07.218912, Logical Clock: 60, To: Machine on port 10002
2025-03-01 13:38:07,424 - INTERNAL - System Time: 2025-03-01 13:38:07.424493, Logical Clock: 61
2025-03-01 13:38:07,630 - No connection to port 10000
2025-03-01 13:38:07,630 - SEND - System Time: 2025-03-01 13:38:07.630111, Logical Clock: 62, To: Machine on port 10002
2025-03-01 13:38:07,832 - INTERNAL - System Time: 2025-03-01 13:38:07.832073, Logical Clock: 63
2025-03-01 13:38:08,037 - No connection to port 10000
2025-03-01 13:38:08,037 - SEND - System Time: 2025-03-01 13:38:08.037606, Logical Clock: 64, To: Machine on port 10002
2025-03-01 13:38:08,240 - No connection to port 10000
2025-03-01 13:38:08,441 - No connection to port 10000
2025-03-01 13:38:08,441 - SEND - System Time: 2025-03-01 13:38:08.441398, Logical Clock: 66, To: Machine on port 10002
2025-03-01 13:38:08,646 - SEND - System Time: 2025-03-01 13:38:08.645894, Logical Clock: 67, To: Machine on port 10002
2025-03-01 13:38:08,851 - No connection to port 10000
2025-03-01 13:38:09,056 - INTERNAL - System Time: 2025-03-01 13:38:09.056426, Logical Clock: 69
2025-03-01 13:38:09,261 - No connection to port 10000
2025-03-01 13:38:09,463 - INTERNAL - System Time: 2025-03-01 13:38:09.463407, Logical Clock: 71
2025-03-01 13:38:09,668 - INTERNAL - System Time: 2025-03-01 13:38:09.668658, Logical Clock: 72
2025-03-01 13:38:09,872 - INTERNAL - System Time: 2025-03-01 13:38:09.872472, Logical Clock: 73
2025-03-01 13:38:10,077 - No connection to port 10000
2025-03-01 13:38:10,077 - SEND - System Time: 2025-03-01 13:38:10.077581, Logical Clock: 74, To: Machine on port 10002
2025-03-01 13:38:10,278 - No connection to port 10000
2025-03-01 13:38:10,484 - SEND - System Time: 2025-03-01 13:38:10.484275, Logical Clock: 76, To: Machine on port 10002
2025-03-01 13:38:10,685 - No connection to port 10000
2025-03-01 13:38:10,886 - No connection to port 10000
2025-03-01 13:38:10,886 - SEND - System Time: 2025-03-01 13:38:10.886096, Logical Clock: 78, To: Machine on port 10002
2025-03-01 13:38:11,091 - INTERNAL - System Time: 2025-03-01 13:38:11.091475, Logical Clock: 79
2025-03-01 13:38:11,297 - INTERNAL - System Time: 2025-03-01 13:38:11.297171, Logical Clock: 80
2025-03-01 13:38:11,501 - SEND - System Time: 2025-03-01 13:38:11.500971, Logical Clock: 81, To: Machine on port 10002
2025-03-01 13:38:11,706 - INTERNAL - System Time: 2025-03-01 13:38:11.706379, Logical Clock: 82
2025-03-01 13:38:11,912 - SEND - System Time: 2025-03-01 13:38:11.911756, Logical Clock: 83, To: Machine on port 10002
2025-03-01 13:38:12,117 - INTERNAL - System Time: 2025-03-01 13:38:12.117381, Logical Clock: 84
2025-03-01 13:38:12,318 - No connection to port 10000
2025-03-01 13:38:12,319 - SEND - System Time: 2025-03-01 13:38:12.318660, Logical Clock: 85, To: Machine on port 10002
2025-03-01 13:38:12,520 - INTERNAL - System Time: 2025-03-01 13:38:12.520360, Logical Clock: 86
2025-03-01 13:38:12,725 - No connection to port 10000
2025-03-01 13:38:12,929 - RECEIVE - System Time: 2025-03-01 13:38:12.928959, Logical Clock: 88, Queue Length: 0, From: Machine 1
2025-03-01 13:38:13,134 - SEND - System Time: 2025-03-01 13:38:13.134100, Logical Clock: 89, To: Machine on port 10002
2025-03-01 13:38:13,339 - INTERNAL - System Time: 2025-03-01 13:38:13.339173, Logical Clock: 90
2025-03-01 13:38:13,540 - No connection to port 10000
2025-03-01 13:38:13,741 - INTERNAL - System Time: 2025-03-01 13:38:13.741171, Logical Clock: 92
2025-03-01 13:38:13,943 - INTERNAL - System Time: 2025-03-01 13:38:13.943439, Logical Clock: 93
2025-03-01 13:38:14,149 - INTERNAL - System Time: 2025-03-01 13:38:14.148873, Logical Clock: 94
2025-03-01 13:38:14,352 - INTERNAL - System Time: 2025-03-01 13:38:14.352476, Logical Clock: 95
2025-03-01 13:38:14,557 - INTERNAL - System Time: 2025-03-01 13:38:14.557786, Logical Clock: 96
2025-03-01 13:38:14,760 - No connection to port 10000
2025-03-01 13:38:14,963 - INTERNAL - System Time: 2025-03-01 13:38:14.963430, Logical Clock: 98
2025-03-01 13:38:15,165 - No connection to port 10000
2025-03-01 13:38:15,369 - INTERNAL - System Time: 2025-03-01 13:38:15.369379, Logical Clock: 100
2025-03-01 13:38:15,574 - INTERNAL - System Time: 2025-03-01 13:38:15.574238, Logical Clock: 101
2025-03-01 13:38:15,778 - INTERNAL - System Time: 2025-03-01 13:38:15.778868, Logical Clock: 102
2025-03-01 13:38:15,984 - RECEIVE - System Time: 2025-03-01 13:38:15.984227, Logical Clock: 103, Queue Length: 0, From: Machine 1
2025-03-01 13:38:16,189 - INTERNAL - System Time: 2025-03-01 13:38:16.189645, Logical Clock: 104
2025-03-01 13:38:16,392 - INTERNAL - System Time: 2025-03-01 13:38:16.392357, Logical Clock: 105
2025-03-01 13:38:16,596 - SEND - System Time: 2025-03-01 13:38:16.596246, Logical Clock: 106, To: Machine on port 10002
2025-03-01 13:38:16,801 - INTERNAL - System Time: 2025-03-01 13:38:16.801574, Logical Clock: 107
2025-03-01 13:38:17,005 - No connection to port 10000
2025-03-01 13:38:17,005 - SEND - System Time: 2025-03-01 13:38:17.005033, Logical Clock: 108, To: Machine on port 10002
2025-03-01 13:38:17,210 - INTERNAL - System Time: 2025-03-01 13:38:17.210480, Logical Clock: 109
2025-03-01 13:38:17,413 - No connection to port 10000
2025-03-01 13:38:17,616 - INTERNAL - System Time: 2025-03-01 13:38:17.616738, Logical Clock: 111
2025-03-01 13:38:17,817 - RECEIVE - System Time: 2025-03-01 13:38:17.817496, Logical Clock: 112, Queue Length: 0, From: Machine 1
2025-03-01 13:38:18,023 - INTERNAL - System Time: 2025-03-01 13:38:18.023101, Logical Clock: 113
2025-03-01 13:38:18,228 - INTERNAL - System Time: 2025-03-01 13:38:18.228710, Logical Clock: 114
2025-03-01 13:38:18,430 - INTERNAL - System Time: 2025-03-01 13:38:18.430325, Logical Clock: 115
2025-03-01 13:38:18,631 - INTERNAL - System Time: 2025-03-01 13:38:18.631773, Logical Clock: 116
2025-03-01 13:38:18,837 - INTERNAL - System Time: 2025-03-01 13:38:18.837012, Logical Clock: 117
2025-03-01 13:38:19,041 - INTERNAL - System Time: 2025-03-01 13:38:19.040894, Logical Clock: 118
2025-03-01 13:38:19,243 - No connection to port 10000
2025-03-01 13:38:19,446 - INTERNAL - System Time: 2025-03-01 13:38:19.445853, Logical Clock: 120
2025-03-01 13:38:19,646 - INTERNAL - System Time: 2025-03-01 13:38:19.646423, Logical Clock: 121
2025-03-01 13:38:19,848 - RECEIVE - System Time: 2025-03-01 13:38:19.848699, Logical Clock: 122, Queue Length: 0, From: Machine 1
2025-03-01 13:38:20,054 - No connection to port 10000
2025-03-01 13:38:20,054 - SEND - System Time: 2025-03-01 13:38:20.054018, Logical Clock: 123, To: Machine on port 10002
2025-03-01 13:38:20,257 - INTERNAL - System Time: 2025-03-01 13:38:20.257639, Logical Clock: 124
2025-03-01 13:38:20,459 - INTERNAL - System Time: 2025-03-01 13:38:20.459768, Logical Clock: 125
2025-03-01 13:38:20,663 - No connection to port 10000
2025-03-01 13:38:20,663 - SEND - System Time: 2025-03-01 13:38:20.663680, Logical Clock: 126, To: Machine on port 10002
2025-03-01 13:38:20,865 - INTERNAL - System Time: 2025-03-01 13:38:20.865375, Logical Clock: 127
2025-03-01 13:38:21,069 - No connection to port 10000
2025-03-01 13:38:21,069 - SEND - System Time: 2025-03-01 13:38:21.069143, Logical Clock: 128, To: Machine on port 10002
2025-03-01 13:38:21,274 - No connection to port 10000
2025-03-01 13:38:21,275 - SEND - System Time: 2025-03-01 13:38:21.274727, Logical Clock: 129, To: Machine on port 10002
2025-03-01 13:38:21,479 - No connection to port 10000
2025-03-01 13:38:21,685 - No connection to port 10000
2025-03-01 13:38:21,685 - SEND - System Time: 2025-03-01 13:38:21.685446, Logical Clock: 131, To: Machine on port 10002
2025-03-01 13:38:21,886 - INTERNAL - System Time: 2025-03-01 13:38:21.886680, Logical Clock: 132
2025-03-01 13:38:22,090 - INTERNAL - System Time: 2025-03-01 13:38:22.090576, Logical Clock: 133
2025-03-01 13:38:22,291 - INTERNAL - System Time: 2025-03-01 13:38:22.291161, Logical Clock: 134
2025-03-01 13:38:22,492 - INTERNAL - System Time: 2025-03-01 13:38:22.492204, Logical Clock: 135
2025-03-01 13:38:22,696 - INTERNAL - System Time: 2025-03-01 13:38:22.695966, Logical Clock: 136
2025-03-01 13:38:22,901 - INTERNAL - System Time: 2025-03-01 13:38:22.901399, Logical Clock: 137
2025-03-01 13:38:23,104 - INTERNAL - System Time: 2025-03-01 13:38:23.104264, Logical Clock: 138
2025-03-01 13:38:23,307 - INTERNAL - System Time: 2025-03-01 13:38:23.307525, Logical Clock: 139
2025-03-01 13:38:23,523 - INTERNAL - System Time: 2025-03-01 13:38:23.523657, Logical Clock: 140
2025-03-01 13:38:23,728 - No connection to port 10000
2025-03-01 13:38:24,020 - INTERNAL - System Time: 2025-03-01 13:38:24.020128, Logical Clock: 142
2025-03-01 13:38:24,226 - INTERNAL - System Time: 2025-03-01 13:38:24.226196, Logical Clock: 143
2025-03-01 13:38:24,444 - INTERNAL - System Time: 2025-03-01 13:38:24.444196, Logical Clock: 144
2025-03-01 13:38:24,645 - No connection to port 10000
2025-03-01 13:38:24,646 - SEND - System Time: 2025-03-01 13:38:24.645904, Logical Clock: 145, To: Machine on port 10002
2025-03-01 13:38:24,848 - INTERNAL - System Time: 2025-03-01 13:38:24.848727, Logical Clock: 146
2025-03-01 13:38:25,052 - INTERNAL - System Time: 2025-03-01 13:38:25.052128, Logical Clock: 147
2025-03-01 13:38:25,255 - INTERNAL - System Time: 2025-03-01 13:38:25.254991, Logical Clock: 148
2025-03-01 13:38:25,457 - INTERNAL - System Time: 2025-03-01 13:38:25.457156, Logical Clock: 149
2025-03-01 13:38:25,662 - INTERNAL - System Time: 2025-03-01 13:38:25.662579, Logical Clock: 150
2025-03-01 13:38:25,865 - INTERNAL - System Time: 2025-03-01 13:38:25.865755, Logical Clock: 151
2025-03-01 13:38:26,075 - INTERNAL - System Time: 2025-03-01 13:38:26.071120, Logical Clock: 152
2025-03-01 13:38:26,276 - No connection to port 10000
2025-03-01 13:38:26,277 - SEND - System Time: 2025-03-01 13:38:26.276790, Logical Clock: 153, To: Machine on port 10002
2025-03-01 13:38:26,481 - INTERNAL - System Time: 2025-03-01 13:38:26.480950, Logical Clock: 154
2025-03-01 13:38:26,684 - INTERNAL - System Time: 2025-03-01 13:38:26.684310, Logical Clock: 155
2025-03-01 13:38:26,888 - INTERNAL - System Time: 2025-03-01 13:38:26.888129, Logical Clock: 156
2025-03-01 13:38:27,090 - No connection to port 10000
2025-03-01 13:38:27,294 - INTERNAL - System Time: 2025-03-01 13:38:27.293450, Logical Clock: 158
2025-03-01 13:38:27,498 - No connection to port 10000
2025-03-01 13:38:27,499 - SEND - System Time: 2025-03-01 13:38:27.498772, Logical Clock: 159, To: Machine on port 10002
2025-03-01 13:38:27,704 - INTERNAL - System Time: 2025-03-01 13:38:27.704220, Logical Clock: 160
2025-03-01 13:38:27,909 - No connection to port 10000
2025-03-01 13:38:27,910 - SEND - System Time: 2025-03-01 13:38:27.909539, Logical Clock: 161, To: Machine on port 10002
2025-03-01 13:38:28,115 - INTERNAL - System Time: 2025-03-01 13:38:28.115865, Logical Clock: 162
2025-03-01 13:38:28,320 - INTERNAL - System Time: 2025-03-01 13:38:28.320376, Logical Clock: 163
2025-03-01 13:38:28,525 - INTERNAL - System Time: 2025-03-01 13:38:28.525182, Logical Clock: 164
2025-03-01 13:38:28,726 - INTERNAL - System Time: 2025-03-01 13:38:28.725916, Logical Clock: 165
2025-03-01 13:38:28,931 - No connection to port 10000
2025-03-01 13:38:29,137 - INTERNAL - System Time: 2025-03-01 13:38:29.136981, Logical Clock: 167
2025-03-01 13:38:29,339 - SEND - System Time: 2025-03-01 13:38:29.339242, Logical Clock: 168, To: Machine on port 10002
2025-03-01 13:38:29,540 - No connection to port 10000
2025-03-01 13:38:29,741 - SEND - System Time: 2025-03-01 13:38:29.741237, Logical Clock: 170, To: Machine on port 10002
2025-03-01 13:38:29,946 - INTERNAL - System Time: 2025-03-01 13:38:29.946617, Logical Clock: 171
2025-03-01 13:38:30,149 - INTERNAL - System Time: 2025-03-01 13:38:30.149893, Logical Clock: 172
2025-03-01 13:38:30,355 - INTERNAL - System Time: 2025-03-01 13:38:30.355141, Logical Clock: 173
2025-03-01 13:38:30,556 - INTERNAL - System Time: 2025-03-01 13:38:30.556604, Logical Clock: 174
2025-03-01 13:38:30,761 - INTERNAL - System Time: 2025-03-01 13:38:30.761876, Logical Clock: 175
2025-03-01 13:38:30,963 - INTERNAL - System Time: 2025-03-01 13:38:30.963576, Logical Clock: 176
2025-03-01 13:38:31,164 - INTERNAL - System Time: 2025-03-01 13:38:31.164605, Logical Clock: 177
2025-03-01 13:38:31,365 - No connection to port 10000
2025-03-01 13:38:31,570 - INTERNAL - System Time: 2025-03-01 13:38:31.570536, Logical Clock: 179
2025-03-01 13:38:31,776 - INTERNAL - System Time: 2025-03-01 13:38:31.776684, Logical Clock: 180
2025-03-01 13:38:31,982 - INTERNAL - System Time: 2025-03-01 13:38:31.982011, Logical Clock: 181
2025-03-01 13:38:32,184 - No connection to port 10000
2025-03-01 13:38:32,388 - INTERNAL - System Time: 2025-03-01 13:38:32.388762, Logical Clock: 183
2025-03-01 13:38:32,591 - SEND - System Time: 2025-03-01 13:38:32.591397, Logical Clock: 184, To: Machine on port 10002
2025-03-01 13:38:32,796 - INTERNAL - System Time: 2025-03-01 13:38:32.796125, Logical Clock: 185
2025-03-01 13:38:32,998 - INTERNAL - System Time: 2025-03-01 13:38:32.998453, Logical Clock: 186
2025-03-01 13:38:33,203 - INTERNAL - System Time: 2025-03-01 13:38:33.203683, Logical Clock: 187
2025-03-01 13:38:33,405 - SEND - System Time: 2025-03-01 13:38:33.405179, Logical Clock: 188, To: Machine on port 10002
2025-03-01 13:38:33,610 - INTERNAL - System Time: 2025-03-01 13:38:33.610500, Logical Clock: 189
2025-03-01 13:38:33,814 - INTERNAL - System Time: 2025-03-01 13:38:33.814612, Logical Clock: 190
2025-03-01 13:38:34,015 - SEND - System Time: 2025-03-01 13:38:34.015458, Logical Clock: 191, To: Machine on port 10002
2025-03-01 13:38:34,217 - INTERNAL - System Time: 2025-03-01 13:38:34.217040, Logical Clock: 192
2025-03-01 13:38:34,422 - No connection to port 10000
2025-03-01 13:38:34,627 - No connection to port 10000
2025-03-01 13:38:34,627 - SEND - System Time: 2025-03-01 13:38:34.627473, Logical Clock: 194, To: Machine on port 10002
2025-03-01 13:38:34,835 - INTERNAL - System Time: 2025-03-01 13:38:34.835234, Logical Clock: 195
2025-03-01 13:38:35,040 - RECEIVE - System Time: 2025-03-01 13:38:35.039962, Logical Clock: 196, Queue Length: 0, From: Machine 1
2025-03-01 13:38:35,245 - No connection to port 10000
2025-03-01 13:38:35,245 - SEND - System Time: 2025-03-01 13:38:35.245547, Logical Clock: 197, To: Machine on port 10002
2025-03-01 13:38:35,450 - No connection to port 10000
2025-03-01 13:38:35,656 - INTERNAL - System Time: 2025-03-01 13:38:35.656177, Logical Clock: 199
2025-03-01 13:38:35,860 - No connection to port 10000
2025-03-01 13:38:35,860 - SEND - System Time: 2025-03-01 13:38:35.860383, Logical Clock: 200, To: Machine on port 10002
2025-03-01 13:38:36,062 - SEND - System Time: 2025-03-01 13:38:36.062300, Logical Clock: 201, To: Machine on port 10002
2025-03-01 13:38:36,267 - SEND - System Time: 2025-03-01 13:38:36.267758, Logical Clock: 202, To: Machine on port 10002
2025-03-01 13:38:36,470 - INTERNAL - System Time: 2025-03-01 13:38:36.470377, Logical Clock: 203
2025-03-01 13:38:36,673 - INTERNAL - System Time: 2025-03-01 13:38:36.673252, Logical Clock: 204
2025-03-01 13:38:36,875 - INTERNAL - System Time: 2025-03-01 13:38:36.875878, Logical Clock: 205
2025-03-01 13:38:37,081 - INTERNAL - System Time: 2025-03-01 13:38:37.081279, Logical Clock: 206
2025-03-01 13:38:37,286 - INTERNAL - System Time: 2025-03-01 13:38:37.286438, Logical Clock: 207
2025-03-01 13:38:37,491 - SEND - System Time: 2025-03-01 13:38:37.490961, Logical Clock: 208, To: Machine on port 10002
2025-03-01 13:38:37,696 - No connection to port 10000
2025-03-01 13:38:37,696 - SEND - System Time: 2025-03-01 13:38:37.695983, Logical Clock: 209, To: Machine on port 10002
2025-03-01 13:38:37,901 - SEND - System Time: 2025-03-01 13:38:37.901019, Logical Clock: 210, To: Machine on port 10002
2025-03-01 13:38:38,102 - INTERNAL - System Time: 2025-03-01 13:38:38.102163, Logical Clock: 211
2025-03-01 13:38:38,307 - INTERNAL - System Time: 2025-03-01 13:38:38.307359, Logical Clock: 212
2025-03-01 13:38:38,512 - INTERNAL - System Time: 2025-03-01 13:38:38.512873, Logical Clock: 213
2025-03-01 13:38:38,718 - INTERNAL - System Time: 2025-03-01 13:38:38.718232, Logical Clock: 214
2025-03-01 13:38:38,923 - RECEIVE - System Time: 2025-03-01 13:38:38.923451, Logical Clock: 215, Queue Length: 0, From: Machine 1
2025-03-01 13:38:39,126 - INTERNAL - System Time: 2025-03-01 13:38:39.126366, Logical Clock: 216
2025-03-01 13:38:39,329 - INTERNAL - System Time: 2025-03-01 13:38:39.328950, Logical Clock: 217
2025-03-01 13:38:39,532 - No connection to port 10000
2025-03-01 13:38:39,738 - No connection to port 10000
2025-03-01 13:38:39,942 - INTERNAL - System Time: 2025-03-01 13:38:39.942755, Logical Clock: 220
2025-03-01 13:38:40,148 - INTERNAL - System Time: 2025-03-01 13:38:40.148172, Logical Clock: 221
2025-03-01 13:38:40,349 - INTERNAL - System Time: 2025-03-01 13:38:40.349651, Logical Clock: 222
2025-03-01 13:38:40,555 - SEND - System Time: 2025-03-01 13:38:40.554982, Logical Clock: 223, To: Machine on port 10002
2025-03-01 13:38:40,760 - INTERNAL - System Time: 2025-03-01 13:38:40.760336, Logical Clock: 224
2025-03-01 13:38:40,965 - INTERNAL - System Time: 2025-03-01 13:38:40.965690, Logical Clock: 225
2025-03-01 13:38:41,167 - INTERNAL - System Time: 2025-03-01 13:38:41.167088, Logical Clock: 226
2025-03-01 13:38:41,372 - INTERNAL - System Time: 2025-03-01 13:38:41.372427, Logical Clock: 227
2025-03-01 13:38:41,575 - No connection to port 10000
2025-03-01 13:38:41,779 - SEND - System Time: 2025-03-01 13:38:41.779028, Logical Clock: 229, To: Machine on port 10002
2025-03-01 13:38:41,982 - INTERNAL - System Time: 2025-03-01 13:38:41.982094, Logical Clock: 230
2025-03-01 13:38:42,185 - INTERNAL - System Time: 2025-03-01 13:38:42.185342, Logical Clock: 231
2025-03-01 13:38:42,390 - SEND - System Time: 2025-03-01 13:38:42.390014, Logical Clock: 232, To: Machine on port 10002
2025-03-01 13:38:42,594 - SEND - System Time: 2025-03-01 13:38:42.593977, Logical Clock: 233, To: Machine on port 10002
2025-03-01 13:38:42,799 - INTERNAL - System Time: 2025-03-01 13:38:42.799341, Logical Clock: 234
2025-03-01 13:38:43,002 - INTERNAL - System Time: 2025-03-01 13:38:43.002210, Logical Clock: 235
2025-03-01 13:38:43,205 - INTERNAL - System Time: 2025-03-01 13:38:43.205124, Logical Clock: 236
2025-03-01 13:38:43,410 - No connection to port 10000
2025-03-01 13:38:43,611 - INTERNAL - System Time: 2025-03-01 13:38:43.611719, Logical Clock: 238
2025-03-01 13:38:43,817 - INTERNAL - System Time: 2025-03-01 13:38:43.817223, Logical Clock: 239
2025-03-01 13:38:44,019 - INTERNAL - System Time: 2025-03-01 13:38:44.019781, Logical Clock: 240
2025-03-01 13:38:44,221 - No connection to port 10000
2025-03-01 13:38:44,426 - INTERNAL - System Time: 2025-03-01 13:38:44.426538, Logical Clock: 242
2025-03-01 13:38:44,630 - INTERNAL - System Time: 2025-03-01 13:38:44.630089, Logical Clock: 243
2025-03-01 13:38:44,832 - INTERNAL - System Time: 2025-03-01 13:38:44.832210, Logical Clock: 244
2025-03-01 13:38:45,033 - INTERNAL - System Time: 2025-03-01 13:38:45.033334, Logical Clock: 245
2025-03-01 13:38:45,238 - No connection to port 10000
2025-03-01 13:38:45,444 - No connection to port 10000
2025-03-01 13:38:45,648 - INTERNAL - System Time: 2025-03-01 13:38:45.648672, Logical Clock: 248
2025-03-01 13:38:45,852 - No connection to port 10000
2025-03-01 13:38:46,057 - RECEIVE - System Time: 2025-03-01 13:38:46.057671, Logical Clock: 250, Queue Length: 0, From: Machine 1
2025-03-01 13:38:46,260 - INTERNAL - System Time: 2025-03-01 13:38:46.260377, Logical Clock: 251
2025-03-01 13:38:46,465 - INTERNAL - System Time: 2025-03-01 13:38:46.465521, Logical Clock: 252
2025-03-01 13:38:46,667 - INTERNAL - System Time: 2025-03-01 13:38:46.667147, Logical Clock: 253
2025-03-01 13:38:46,871 - INTERNAL - System Time: 2025-03-01 13:38:46.871156, Logical Clock: 254
2025-03-01 13:38:47,073 - RECEIVE - System Time: 2025-03-01 13:38:47.073548, Logical Clock: 255, Queue Length: 0, From: Machine 1
2025-03-01 13:38:47,278 - INTERNAL - System Time: 2025-03-01 13:38:47.278881, Logical Clock: 256
2025-03-01 13:38:47,480 - INTERNAL - System Time: 2025-03-01 13:38:47.480465, Logical Clock: 257
2025-03-01 13:38:47,681 - INTERNAL - System Time: 2025-03-01 13:38:47.681677, Logical Clock: 258
2025-03-01 13:38:47,883 - No connection to port 10000
2025-03-01 13:38:48,088 - RECEIVE - System Time: 2025-03-01 13:38:48.088524, Logical Clock: 260, Queue Length: 0, From: Machine 1
2025-03-01 13:38:48,291 - INTERNAL - System Time: 2025-03-01 13:38:48.290870, Logical Clock: 261
2025-03-01 13:38:48,496 - INTERNAL - System Time: 2025-03-01 13:38:48.496619, Logical Clock: 262
2025-03-01 13:38:48,698 - INTERNAL - System Time: 2025-03-01 13:38:48.698679, Logical Clock: 263
2025-03-01 13:38:48,902 - INTERNAL - System Time: 2025-03-01 13:38:48.901961, Logical Clock: 264
2025-03-01 13:38:49,107 - RECEIVE - System Time: 2025-03-01 13:38:49.107267, Logical Clock: 265, Queue Length: 0, From: Machine 1
2025-03-01 13:38:49,310 - No connection to port 10000
2025-03-01 13:38:49,310 - SEND - System Time: 2025-03-01 13:38:49.310081, Logical Clock: 266, To: Machine on port 10002
2025-03-01 13:38:49,513 - No connection to port 10000
2025-03-01 13:38:49,714 - INTERNAL - System Time: 2025-03-01 13:38:49.714698, Logical Clock: 268
2025-03-01 13:38:49,918 - INTERNAL - System Time: 2025-03-01 13:38:49.918505, Logical Clock: 269
2025-03-01 13:38:50,122 - INTERNAL - System Time: 2025-03-01 13:38:50.122583, Logical Clock: 270
2025-03-01 13:38:50,323 - INTERNAL - System Time: 2025-03-01 13:38:50.323292, Logical Clock: 271
2025-03-01 13:38:50,528 - INTERNAL - System Time: 2025-03-01 13:38:50.528822, Logical Clock: 272
2025-03-01 13:38:50,734 - INTERNAL - System Time: 2025-03-01 13:38:50.734125, Logical Clock: 273
2025-03-01 13:38:50,938 - INTERNAL - System Time: 2025-03-01 13:38:50.938682, Logical Clock: 274
2025-03-01 13:38:51,144 - INTERNAL - System Time: 2025-03-01 13:38:51.143947, Logical Clock: 275
2025-03-01 13:38:51,348 - INTERNAL - System Time: 2025-03-01 13:38:51.348694, Logical Clock: 276
2025-03-01 13:38:51,554 - No connection to port 10000
2025-03-01 13:38:51,757 - INTERNAL - System Time: 2025-03-01 13:38:51.757300, Logical Clock: 278
2025-03-01 13:38:51,960 - INTERNAL - System Time: 2025-03-01 13:38:51.960545, Logical Clock: 279
2025-03-01 13:38:52,166 - No connection to port 10000
2025-03-01 13:38:52,166 - SEND - System Time: 2025-03-01 13:38:52.166061, Logical Clock: 280, To: Machine on port 10002
2025-03-01 13:38:52,371 - INTERNAL - System Time: 2025-03-01 13:38:52.371570, Logical Clock: 281
2025-03-01 13:38:52,577 - SEND - System Time: 2025-03-01 13:38:52.576260, Logical Clock: 282, To: Machine on port 10002
2025-03-01 13:38:52,782 - No connection to port 10000
2025-03-01 13:38:52,782 - SEND - System Time: 2025-03-01 13:38:52.782560, Logical Clock: 283, To: Machine on port 10002
2025-03-01 13:38:52,987 - RECEIVE - System Time: 2025-03-01 13:38:52.987289, Logical Clock: 284, Queue Length: 0, From: Machine 1
2025-03-01 13:38:53,190 - SEND - System Time: 2025-03-01 13:38:53.190125, Logical Clock: 285, To: Machine on port 10002
2025-03-01 13:38:53,391 - INTERNAL - System Time: 2025-03-01 13:38:53.390933, Logical Clock: 286
2025-03-01 13:38:53,597 - INTERNAL - System Time: 2025-03-01 13:38:53.597614, Logical Clock: 287
2025-03-01 13:38:53,803 - INTERNAL - System Time: 2025-03-01 13:38:53.802876, Logical Clock: 288
2025-03-01 13:38:54,011 - INTERNAL - System Time: 2025-03-01 13:38:54.010983, Logical Clock: 289
2025-03-01 13:38:54,216 - No connection to port 10000
2025-03-01 13:38:54,422 - INTERNAL - System Time: 2025-03-01 13:38:54.422156, Logical Clock: 291
2025-03-01 13:38:54,627 - INTERNAL - System Time: 2025-03-01 13:38:54.627195, Logical Clock: 292
2025-03-01 13:38:54,832 - No connection to port 10000
2025-03-01 13:38:55,037 - INTERNAL - System Time: 2025-03-01 13:38:55.037798, Logical Clock: 294
