2025-03-04 10:31:14,224 - Virtual Machine 2 initialized
2025-03-04 10:31:14,224 - Clock Rate: 3 ticks/second
2025-03-04 10:31:14,224 - Listening on port: 10001
2025-03-04 10:31:14,224 - Peer ports: [10000, 10002]
2025-03-04 10:31:14,232 - Connected to peer on port 10000
2025-03-04 10:31:14,618 - Accepted connection from ('127.0.0.1', 62110)
2025-03-04 10:31:14,943 - Accepted connection from ('127.0.0.1', 62113)
2025-03-04 10:31:15,246 - Connected to peer on port 10002
2025-03-04 10:31:15,247 - Network initialization completed
2025-03-04 10:31:15,247 - Starting main event loop
2025-03-04 10:31:15,247 - Clock rate: 3 ticks/second
2025-03-04 10:31:15,247 - INTERNAL - System Time: 2025-03-04 10:31:15.247164, Logical Clock: 1
2025-03-04 10:31:15,582 - SEND - System Time: 2025-03-04 10:31:15.582472, Logical Clock: 2, To: Machine on port 10000
2025-03-04 10:31:15,921 - INTERNAL - System Time: 2025-03-04 10:31:15.920986, Logical Clock: 3
2025-03-04 10:31:16,259 - INTERNAL - System Time: 2025-03-04 10:31:16.259537, Logical Clock: 4
2025-03-04 10:31:16,598 - RECEIVE - System Time: 2025-03-04 10:31:16.598230, Logical Clock: 11, Queue Length: 0, From: Machine 1
2025-03-04 10:31:16,934 - INTERNAL - System Time: 2025-03-04 10:31:16.934768, Logical Clock: 12
2025-03-04 10:31:17,273 - INTERNAL - System Time: 2025-03-04 10:31:17.273260, Logical Clock: 13
2025-03-04 10:31:17,608 - INTERNAL - System Time: 2025-03-04 10:31:17.608118, Logical Clock: 14
2025-03-04 10:31:17,944 - INTERNAL - System Time: 2025-03-04 10:31:17.944127, Logical Clock: 15
2025-03-04 10:31:18,282 - RECEIVE - System Time: 2025-03-04 10:31:18.282724, Logical Clock: 18, Queue Length: 1, From: Machine 1
2025-03-04 10:31:18,621 - RECEIVE - System Time: 2025-03-04 10:31:18.621361, Logical Clock: 19, Queue Length: 0, From: Machine 1
2025-03-04 10:31:18,960 - RECEIVE - System Time: 2025-03-04 10:31:18.960025, Logical Clock: 21, Queue Length: 0, From: Machine 1
2025-03-04 10:31:19,297 - SEND - System Time: 2025-03-04 10:31:19.297065, Logical Clock: 22, To: Machine on port 10000
2025-03-04 10:31:19,297 - SEND - System Time: 2025-03-04 10:31:19.297065, Logical Clock: 22, To: Machine on port 10002
2025-03-04 10:31:19,632 - INTERNAL - System Time: 2025-03-04 10:31:19.632562, Logical Clock: 23
2025-03-04 10:31:19,967 - INTERNAL - System Time: 2025-03-04 10:31:19.967815, Logical Clock: 24
2025-03-04 10:31:20,305 - SEND - System Time: 2025-03-04 10:31:20.304647, Logical Clock: 25, To: Machine on port 10000
2025-03-04 10:31:20,643 - INTERNAL - System Time: 2025-03-04 10:31:20.643229, Logical Clock: 26
2025-03-04 10:31:20,982 - INTERNAL - System Time: 2025-03-04 10:31:20.981946, Logical Clock: 27
2025-03-04 10:31:21,320 - RECEIVE - System Time: 2025-03-04 10:31:21.320180, Logical Clock: 30, Queue Length: 0, From: Machine 3
2025-03-04 10:31:21,658 - RECEIVE - System Time: 2025-03-04 10:31:21.658346, Logical Clock: 35, Queue Length: 0, From: Machine 1
2025-03-04 10:31:21,997 - INTERNAL - System Time: 2025-03-04 10:31:21.997045, Logical Clock: 36
2025-03-04 10:31:22,335 - INTERNAL - System Time: 2025-03-04 10:31:22.335769, Logical Clock: 37
2025-03-04 10:31:22,674 - INTERNAL - System Time: 2025-03-04 10:31:22.674393, Logical Clock: 38
2025-03-04 10:31:23,011 - RECEIVE - System Time: 2025-03-04 10:31:23.011295, Logical Clock: 42, Queue Length: 0, From: Machine 1
2025-03-04 10:31:23,347 - SEND - System Time: 2025-03-04 10:31:23.347506, Logical Clock: 43, To: Machine on port 10000
2025-03-04 10:31:23,689 - SEND - System Time: 2025-03-04 10:31:23.689413, Logical Clock: 44, To: Machine on port 10000
2025-03-04 10:31:24,028 - RECEIVE - System Time: 2025-03-04 10:31:24.028030, Logical Clock: 47, Queue Length: 0, From: Machine 1
2025-03-04 10:31:24,370 - INTERNAL - System Time: 2025-03-04 10:31:24.370225, Logical Clock: 48
2025-03-04 10:31:24,708 - INTERNAL - System Time: 2025-03-04 10:31:24.707709, Logical Clock: 49
2025-03-04 10:31:25,044 - INTERNAL - System Time: 2025-03-04 10:31:25.044687, Logical Clock: 50
2025-03-04 10:31:25,378 - RECEIVE - System Time: 2025-03-04 10:31:25.378872, Logical Clock: 53, Queue Length: 0, From: Machine 1
2025-03-04 10:31:25,717 - INTERNAL - System Time: 2025-03-04 10:31:25.717567, Logical Clock: 54
2025-03-04 10:31:26,056 - RECEIVE - System Time: 2025-03-04 10:31:26.056260, Logical Clock: 56, Queue Length: 0, From: Machine 1
2025-03-04 10:31:26,394 - INTERNAL - System Time: 2025-03-04 10:31:26.393860, Logical Clock: 57
2025-03-04 10:31:26,732 - SEND - System Time: 2025-03-04 10:31:26.732691, Logical Clock: 58, To: Machine on port 10000
2025-03-04 10:31:26,733 - SEND - System Time: 2025-03-04 10:31:26.732691, Logical Clock: 58, To: Machine on port 10002
2025-03-04 10:31:27,068 - INTERNAL - System Time: 2025-03-04 10:31:27.068099, Logical Clock: 59
2025-03-04 10:31:27,407 - INTERNAL - System Time: 2025-03-04 10:31:27.407038, Logical Clock: 60
2025-03-04 10:31:27,745 - INTERNAL - System Time: 2025-03-04 10:31:27.745658, Logical Clock: 61
2025-03-04 10:31:28,083 - RECEIVE - System Time: 2025-03-04 10:31:28.083726, Logical Clock: 66, Queue Length: 1, From: Machine 1
2025-03-04 10:31:28,420 - RECEIVE - System Time: 2025-03-04 10:31:28.419874, Logical Clock: 67, Queue Length: 0, From: Machine 1
2025-03-04 10:31:28,757 - RECEIVE - System Time: 2025-03-04 10:31:28.757400, Logical Clock: 70, Queue Length: 0, From: Machine 1
2025-03-04 10:31:29,096 - INTERNAL - System Time: 2025-03-04 10:31:29.096094, Logical Clock: 71
2025-03-04 10:31:29,432 - RECEIVE - System Time: 2025-03-04 10:31:29.432792, Logical Clock: 73, Queue Length: 0, From: Machine 1
2025-03-04 10:31:29,767 - INTERNAL - System Time: 2025-03-04 10:31:29.767253, Logical Clock: 74
2025-03-04 10:31:30,105 - RECEIVE - System Time: 2025-03-04 10:31:30.105754, Logical Clock: 76, Queue Length: 0, From: Machine 1
2025-03-04 10:31:30,444 - INTERNAL - System Time: 2025-03-04 10:31:30.444257, Logical Clock: 77
2025-03-04 10:31:30,782 - SEND - System Time: 2025-03-04 10:31:30.782849, Logical Clock: 78, To: Machine on port 10000
2025-03-04 10:31:30,783 - SEND - System Time: 2025-03-04 10:31:30.782849, Logical Clock: 78, To: Machine on port 10002
2025-03-04 10:31:31,121 - INTERNAL - System Time: 2025-03-04 10:31:31.121494, Logical Clock: 79
2025-03-04 10:31:31,460 - RECEIVE - System Time: 2025-03-04 10:31:31.460006, Logical Clock: 83, Queue Length: 0, From: Machine 1
2025-03-04 10:31:31,798 - RECEIVE - System Time: 2025-03-04 10:31:31.798518, Logical Clock: 85, Queue Length: 0, From: Machine 1
2025-03-04 10:31:32,137 - RECEIVE - System Time: 2025-03-04 10:31:32.137212, Logical Clock: 86, Queue Length: 0, From: Machine 1
2025-03-04 10:31:32,473 - INTERNAL - System Time: 2025-03-04 10:31:32.473171, Logical Clock: 87
2025-03-04 10:31:32,809 - SEND - System Time: 2025-03-04 10:31:32.809646, Logical Clock: 88, To: Machine on port 10002
2025-03-04 10:31:33,148 - INTERNAL - System Time: 2025-03-04 10:31:33.148166, Logical Clock: 89
2025-03-04 10:31:33,482 - INTERNAL - System Time: 2025-03-04 10:31:33.482264, Logical Clock: 90
2025-03-04 10:31:33,820 - INTERNAL - System Time: 2025-03-04 10:31:33.820790, Logical Clock: 91
2025-03-04 10:31:34,159 - RECEIVE - System Time: 2025-03-04 10:31:34.159332, Logical Clock: 97, Queue Length: 0, From: Machine 1
2025-03-04 10:31:34,497 - INTERNAL - System Time: 2025-03-04 10:31:34.497845, Logical Clock: 98
2025-03-04 10:31:34,836 - INTERNAL - System Time: 2025-03-04 10:31:34.836544, Logical Clock: 99
2025-03-04 10:31:35,170 - INTERNAL - System Time: 2025-03-04 10:31:35.170206, Logical Clock: 100
2025-03-04 10:31:35,504 - RECEIVE - System Time: 2025-03-04 10:31:35.504213, Logical Clock: 103, Queue Length: 0, From: Machine 1
2025-03-04 10:31:35,842 - RECEIVE - System Time: 2025-03-04 10:31:35.842842, Logical Clock: 104, Queue Length: 1, From: Machine 1
2025-03-04 10:31:36,181 - RECEIVE - System Time: 2025-03-04 10:31:36.181478, Logical Clock: 105, Queue Length: 0, From: Machine 1
2025-03-04 10:31:36,520 - INTERNAL - System Time: 2025-03-04 10:31:36.520123, Logical Clock: 106
2025-03-04 10:31:36,854 - INTERNAL - System Time: 2025-03-04 10:31:36.854669, Logical Clock: 107
2025-03-04 10:31:37,193 - INTERNAL - System Time: 2025-03-04 10:31:37.193340, Logical Clock: 108
2025-03-04 10:31:37,532 - INTERNAL - System Time: 2025-03-04 10:31:37.531929, Logical Clock: 109
2025-03-04 10:31:37,869 - INTERNAL - System Time: 2025-03-04 10:31:37.869737, Logical Clock: 110
2025-03-04 10:31:38,207 - INTERNAL - System Time: 2025-03-04 10:31:38.207757, Logical Clock: 111
2025-03-04 10:31:38,546 - RECEIVE - System Time: 2025-03-04 10:31:38.546122, Logical Clock: 116, Queue Length: 0, From: Machine 3
2025-03-04 10:31:38,884 - RECEIVE - System Time: 2025-03-04 10:31:38.884725, Logical Clock: 117, Queue Length: 0, From: Machine 3
2025-03-04 10:31:39,221 - SEND - System Time: 2025-03-04 10:31:39.221058, Logical Clock: 118, To: Machine on port 10002
2025-03-04 10:31:39,555 - INTERNAL - System Time: 2025-03-04 10:31:39.555087, Logical Clock: 119
2025-03-04 10:31:39,893 - RECEIVE - System Time: 2025-03-04 10:31:39.892851, Logical Clock: 125, Queue Length: 0, From: Machine 1
2025-03-04 10:31:40,232 - SEND - System Time: 2025-03-04 10:31:40.231773, Logical Clock: 126, To: Machine on port 10002
2025-03-04 10:31:40,568 - RECEIVE - System Time: 2025-03-04 10:31:40.568405, Logical Clock: 127, Queue Length: 1, From: Machine 1
2025-03-04 10:31:40,907 - RECEIVE - System Time: 2025-03-04 10:31:40.906896, Logical Clock: 128, Queue Length: 0, From: Machine 1
2025-03-04 10:31:41,245 - SEND - System Time: 2025-03-04 10:31:41.244969, Logical Clock: 129, To: Machine on port 10000
2025-03-04 10:31:41,246 - SEND - System Time: 2025-03-04 10:31:41.244969, Logical Clock: 129, To: Machine on port 10002
2025-03-04 10:31:41,581 - INTERNAL - System Time: 2025-03-04 10:31:41.581582, Logical Clock: 130
2025-03-04 10:31:41,919 - INTERNAL - System Time: 2025-03-04 10:31:41.919555, Logical Clock: 131
2025-03-04 10:31:42,258 - INTERNAL - System Time: 2025-03-04 10:31:42.258205, Logical Clock: 132
2025-03-04 10:31:42,592 - INTERNAL - System Time: 2025-03-04 10:31:42.592492, Logical Clock: 133
2025-03-04 10:31:42,930 - INTERNAL - System Time: 2025-03-04 10:31:42.930139, Logical Clock: 134
2025-03-04 10:31:43,268 - INTERNAL - System Time: 2025-03-04 10:31:43.268611, Logical Clock: 135
2025-03-04 10:31:43,607 - RECEIVE - System Time: 2025-03-04 10:31:43.607133, Logical Clock: 143, Queue Length: 0, From: Machine 1
2025-03-04 10:31:43,943 - INTERNAL - System Time: 2025-03-04 10:31:43.942961, Logical Clock: 144
2025-03-04 10:31:44,282 - RECEIVE - System Time: 2025-03-04 10:31:44.282286, Logical Clock: 146, Queue Length: 0, From: Machine 1
2025-03-04 10:31:44,617 - INTERNAL - System Time: 2025-03-04 10:31:44.616870, Logical Clock: 147
2025-03-04 10:31:44,956 - RECEIVE - System Time: 2025-03-04 10:31:44.955956, Logical Clock: 148, Queue Length: 0, From: Machine 3
2025-03-04 10:31:45,290 - RECEIVE - System Time: 2025-03-04 10:31:45.290672, Logical Clock: 151, Queue Length: 0, From: Machine 1
2025-03-04 10:31:45,629 - SEND - System Time: 2025-03-04 10:31:45.629540, Logical Clock: 152, To: Machine on port 10000
2025-03-04 10:31:45,968 - INTERNAL - System Time: 2025-03-04 10:31:45.968206, Logical Clock: 153
2025-03-04 10:31:46,307 - INTERNAL - System Time: 2025-03-04 10:31:46.306974, Logical Clock: 154
2025-03-04 10:31:46,641 - RECEIVE - System Time: 2025-03-04 10:31:46.641464, Logical Clock: 155, Queue Length: 1, From: Machine 3
2025-03-04 10:31:46,979 - RECEIVE - System Time: 2025-03-04 10:31:46.979126, Logical Clock: 158, Queue Length: 0, From: Machine 1
2025-03-04 10:31:47,317 - INTERNAL - System Time: 2025-03-04 10:31:47.316837, Logical Clock: 159
2025-03-04 10:31:47,651 - INTERNAL - System Time: 2025-03-04 10:31:47.651513, Logical Clock: 160
2025-03-04 10:31:47,989 - INTERNAL - System Time: 2025-03-04 10:31:47.989605, Logical Clock: 161
2025-03-04 10:31:48,327 - INTERNAL - System Time: 2025-03-04 10:31:48.326931, Logical Clock: 162
2025-03-04 10:31:48,666 - INTERNAL - System Time: 2025-03-04 10:31:48.666196, Logical Clock: 163
2025-03-04 10:31:49,001 - INTERNAL - System Time: 2025-03-04 10:31:49.001651, Logical Clock: 164
2025-03-04 10:31:49,338 - SEND - System Time: 2025-03-04 10:31:49.338820, Logical Clock: 165, To: Machine on port 10000
2025-03-04 10:31:49,339 - SEND - System Time: 2025-03-04 10:31:49.338820, Logical Clock: 165, To: Machine on port 10002
2025-03-04 10:31:49,674 - INTERNAL - System Time: 2025-03-04 10:31:49.674639, Logical Clock: 166
2025-03-04 10:31:50,014 - INTERNAL - System Time: 2025-03-04 10:31:50.014683, Logical Clock: 167
2025-03-04 10:31:50,350 - INTERNAL - System Time: 2025-03-04 10:31:50.350048, Logical Clock: 168
2025-03-04 10:31:50,688 - SEND - System Time: 2025-03-04 10:31:50.688506, Logical Clock: 169, To: Machine on port 10000
2025-03-04 10:31:51,027 - INTERNAL - System Time: 2025-03-04 10:31:51.026928, Logical Clock: 170
2025-03-04 10:31:51,363 - SEND - System Time: 2025-03-04 10:31:51.363203, Logical Clock: 171, To: Machine on port 10000
2025-03-04 10:31:51,363 - SEND - System Time: 2025-03-04 10:31:51.363203, Logical Clock: 171, To: Machine on port 10002
2025-03-04 10:31:51,701 - SEND - System Time: 2025-03-04 10:31:51.700832, Logical Clock: 172, To: Machine on port 10002
2025-03-04 10:31:52,037 - RECEIVE - System Time: 2025-03-04 10:31:52.037032, Logical Clock: 183, Queue Length: 0, From: Machine 1
2025-03-04 10:31:52,377 - INTERNAL - System Time: 2025-03-04 10:31:52.377275, Logical Clock: 184
2025-03-04 10:31:52,716 - RECEIVE - System Time: 2025-03-04 10:31:52.716402, Logical Clock: 187, Queue Length: 0, From: Machine 1
2025-03-04 10:31:53,050 - SEND - System Time: 2025-03-04 10:31:53.050821, Logical Clock: 188, To: Machine on port 10002
2025-03-04 10:31:53,389 - INTERNAL - System Time: 2025-03-04 10:31:53.389573, Logical Clock: 189
2025-03-04 10:31:53,727 - RECEIVE - System Time: 2025-03-04 10:31:53.727696, Logical Clock: 192, Queue Length: 0, From: Machine 1
2025-03-04 10:31:54,064 - INTERNAL - System Time: 2025-03-04 10:31:54.064315, Logical Clock: 193
2025-03-04 10:31:54,402 - SEND - System Time: 2025-03-04 10:31:54.402864, Logical Clock: 194, To: Machine on port 10000
2025-03-04 10:31:54,403 - SEND - System Time: 2025-03-04 10:31:54.402864, Logical Clock: 194, To: Machine on port 10002
2025-03-04 10:31:54,741 - INTERNAL - System Time: 2025-03-04 10:31:54.741612, Logical Clock: 195
2025-03-04 10:31:55,077 - INTERNAL - System Time: 2025-03-04 10:31:55.076651, Logical Clock: 196
2025-03-04 10:31:55,413 - INTERNAL - System Time: 2025-03-04 10:31:55.413573, Logical Clock: 197
2025-03-04 10:31:55,749 - INTERNAL - System Time: 2025-03-04 10:31:55.749576, Logical Clock: 198
2025-03-04 10:31:56,087 - SEND - System Time: 2025-03-04 10:31:56.087722, Logical Clock: 199, To: Machine on port 10000
2025-03-04 10:31:56,423 - SEND - System Time: 2025-03-04 10:31:56.423763, Logical Clock: 200, To: Machine on port 10000
2025-03-04 10:31:56,762 - RECEIVE - System Time: 2025-03-04 10:31:56.762452, Logical Clock: 201, Queue Length: 0, From: Machine 3
2025-03-04 10:31:57,102 - SEND - System Time: 2025-03-04 10:31:57.102154, Logical Clock: 202, To: Machine on port 10000
2025-03-04 10:31:57,438 - RECEIVE - System Time: 2025-03-04 10:31:57.437838, Logical Clock: 211, Queue Length: 0, From: Machine 1
2025-03-04 10:31:57,773 - INTERNAL - System Time: 2025-03-04 10:31:57.773715, Logical Clock: 212
2025-03-04 10:31:58,108 - INTERNAL - System Time: 2025-03-04 10:31:58.108106, Logical Clock: 213
2025-03-04 10:31:58,448 - RECEIVE - System Time: 2025-03-04 10:31:58.448648, Logical Clock: 216, Queue Length: 0, From: Machine 1
2025-03-04 10:31:58,787 - RECEIVE - System Time: 2025-03-04 10:31:58.787264, Logical Clock: 217, Queue Length: 0, From: Machine 1
2025-03-04 10:31:59,124 - RECEIVE - System Time: 2025-03-04 10:31:59.124281, Logical Clock: 218, Queue Length: 0, From: Machine 1
2025-03-04 10:31:59,461 - INTERNAL - System Time: 2025-03-04 10:31:59.461135, Logical Clock: 219
2025-03-04 10:31:59,797 - INTERNAL - System Time: 2025-03-04 10:31:59.797564, Logical Clock: 220
2025-03-04 10:32:00,132 - INTERNAL - System Time: 2025-03-04 10:32:00.132338, Logical Clock: 221
2025-03-04 10:32:00,467 - INTERNAL - System Time: 2025-03-04 10:32:00.467203, Logical Clock: 222
2025-03-04 10:32:00,806 - RECEIVE - System Time: 2025-03-04 10:32:00.806352, Logical Clock: 226, Queue Length: 0, From: Machine 1
2025-03-04 10:32:01,141 - INTERNAL - System Time: 2025-03-04 10:32:01.141224, Logical Clock: 227
2025-03-04 10:32:01,479 - INTERNAL - System Time: 2025-03-04 10:32:01.479607, Logical Clock: 228
2025-03-04 10:32:01,818 - INTERNAL - System Time: 2025-03-04 10:32:01.818545, Logical Clock: 229
2025-03-04 10:32:02,157 - INTERNAL - System Time: 2025-03-04 10:32:02.157103, Logical Clock: 230
2025-03-04 10:32:02,494 - INTERNAL - System Time: 2025-03-04 10:32:02.493924, Logical Clock: 231
2025-03-04 10:32:02,832 - RECEIVE - System Time: 2025-03-04 10:32:02.832712, Logical Clock: 232, Queue Length: 1, From: Machine 3
2025-03-04 10:32:03,168 - RECEIVE - System Time: 2025-03-04 10:32:03.168403, Logical Clock: 237, Queue Length: 0, From: Machine 1
2025-03-04 10:32:03,507 - INTERNAL - System Time: 2025-03-04 10:32:03.506686, Logical Clock: 238
2025-03-04 10:32:03,845 - SEND - System Time: 2025-03-04 10:32:03.844736, Logical Clock: 239, To: Machine on port 10000
2025-03-04 10:32:04,181 - INTERNAL - System Time: 2025-03-04 10:32:04.181281, Logical Clock: 240
2025-03-04 10:32:04,518 - INTERNAL - System Time: 2025-03-04 10:32:04.518574, Logical Clock: 241
2025-03-04 10:32:04,853 - RECEIVE - System Time: 2025-03-04 10:32:04.853370, Logical Clock: 246, Queue Length: 1, From: Machine 1
2025-03-04 10:32:05,191 - RECEIVE - System Time: 2025-03-04 10:32:05.191270, Logical Clock: 247, Queue Length: 2, From: Machine 1
2025-03-04 10:32:05,528 - RECEIVE - System Time: 2025-03-04 10:32:05.528007, Logical Clock: 248, Queue Length: 1, From: Machine 1
2025-03-04 10:32:05,867 - RECEIVE - System Time: 2025-03-04 10:32:05.867182, Logical Clock: 249, Queue Length: 0, From: Machine 1
2025-03-04 10:32:06,202 - INTERNAL - System Time: 2025-03-04 10:32:06.202790, Logical Clock: 250
2025-03-04 10:32:06,540 - SEND - System Time: 2025-03-04 10:32:06.540137, Logical Clock: 251, To: Machine on port 10000
2025-03-04 10:32:06,875 - SEND - System Time: 2025-03-04 10:32:06.875727, Logical Clock: 252, To: Machine on port 10000
2025-03-04 10:32:06,876 - SEND - System Time: 2025-03-04 10:32:06.875727, Logical Clock: 252, To: Machine on port 10002
2025-03-04 10:32:07,214 - INTERNAL - System Time: 2025-03-04 10:32:07.214593, Logical Clock: 253
2025-03-04 10:32:07,553 - INTERNAL - System Time: 2025-03-04 10:32:07.553277, Logical Clock: 254
2025-03-04 10:32:07,889 - RECEIVE - System Time: 2025-03-04 10:32:07.889545, Logical Clock: 261, Queue Length: 0, From: Machine 1
2025-03-04 10:32:08,226 - INTERNAL - System Time: 2025-03-04 10:32:08.226880, Logical Clock: 262
2025-03-04 10:32:08,564 - INTERNAL - System Time: 2025-03-04 10:32:08.564046, Logical Clock: 263
2025-03-04 10:32:08,902 - RECEIVE - System Time: 2025-03-04 10:32:08.902323, Logical Clock: 267, Queue Length: 0, From: Machine 1
2025-03-04 10:32:09,236 - RECEIVE - System Time: 2025-03-04 10:32:09.236249, Logical Clock: 268, Queue Length: 0, From: Machine 1
2025-03-04 10:32:09,573 - INTERNAL - System Time: 2025-03-04 10:32:09.573681, Logical Clock: 269
2025-03-04 10:32:09,912 - INTERNAL - System Time: 2025-03-04 10:32:09.912467, Logical Clock: 270
2025-03-04 10:32:10,248 - INTERNAL - System Time: 2025-03-04 10:32:10.248392, Logical Clock: 271
2025-03-04 10:32:10,586 - INTERNAL - System Time: 2025-03-04 10:32:10.586521, Logical Clock: 272
2025-03-04 10:32:10,924 - RECEIVE - System Time: 2025-03-04 10:32:10.924921, Logical Clock: 277, Queue Length: 0, From: Machine 1
2025-03-04 10:32:11,263 - RECEIVE - System Time: 2025-03-04 10:32:11.263568, Logical Clock: 278, Queue Length: 0, From: Machine 1
2025-03-04 10:32:11,600 - INTERNAL - System Time: 2025-03-04 10:32:11.600802, Logical Clock: 279
2025-03-04 10:32:11,936 - SEND - System Time: 2025-03-04 10:32:11.936705, Logical Clock: 280, To: Machine on port 10000
2025-03-04 10:32:11,936 - SEND - System Time: 2025-03-04 10:32:11.936705, Logical Clock: 280, To: Machine on port 10002
2025-03-04 10:32:12,275 - INTERNAL - System Time: 2025-03-04 10:32:12.275501, Logical Clock: 281
2025-03-04 10:32:12,613 - SEND - System Time: 2025-03-04 10:32:12.613546, Logical Clock: 282, To: Machine on port 10000
2025-03-04 10:32:12,952 - INTERNAL - System Time: 2025-03-04 10:32:12.952795, Logical Clock: 283
2025-03-04 10:32:13,291 - INTERNAL - System Time: 2025-03-04 10:32:13.291478, Logical Clock: 284
2025-03-04 10:32:13,626 - INTERNAL - System Time: 2025-03-04 10:32:13.626329, Logical Clock: 285
2025-03-04 10:32:13,963 - SEND - System Time: 2025-03-04 10:32:13.963341, Logical Clock: 286, To: Machine on port 10002
2025-03-04 10:32:14,300 - INTERNAL - System Time: 2025-03-04 10:32:14.300432, Logical Clock: 287
