2025-03-04 10:31:14,613 - Virtual Machine 3 initialized
2025-03-04 10:31:14,614 - Clock Rate: 2 ticks/second
2025-03-04 10:31:14,614 - Listening on port: 10002
2025-03-04 10:31:14,614 - Peer ports: [10000, 10001]
2025-03-04 10:31:14,618 - Connected to peer on port 10000
2025-03-04 10:31:14,618 - Connected to peer on port 10001
2025-03-04 10:31:14,618 - Network initialization completed
2025-03-04 10:31:14,618 - Starting main event loop
2025-03-04 10:31:14,618 - Clock rate: 2 ticks/second
2025-03-04 10:31:14,619 - SEND - System Time: 2025-03-04 10:31:14.619003, Logical Clock: 1, To: Machine on port 10000
2025-03-04 10:31:14,944 - Accepted connection from ('127.0.0.1', 62114)
2025-03-04 10:31:15,124 - INTERNAL - System Time: 2025-03-04 10:31:15.124085, Logical Clock: 2
2025-03-04 10:31:15,247 - Accepted connection from ('127.0.0.1', 62115)
2025-03-04 10:31:15,628 - INTERNAL - System Time: 2025-03-04 10:31:15.628115, Logical Clock: 3
2025-03-04 10:31:16,133 - INTERNAL - System Time: 2025-03-04 10:31:16.133338, Logical Clock: 4
2025-03-04 10:31:16,638 - RECEIVE - System Time: 2025-03-04 10:31:16.638688, Logical Clock: 11, Queue Length: 0, From: Machine 1
2025-03-04 10:31:17,140 - INTERNAL - System Time: 2025-03-04 10:31:17.140124, Logical Clock: 12
2025-03-04 10:31:17,645 - INTERNAL - System Time: 2025-03-04 10:31:17.645328, Logical Clock: 13
2025-03-04 10:31:18,150 - RECEIVE - System Time: 2025-03-04 10:31:18.150577, Logical Clock: 17, Queue Length: 0, From: Machine 1
2025-03-04 10:31:18,655 - RECEIVE - System Time: 2025-03-04 10:31:18.655745, Logical Clock: 19, Queue Length: 1, From: Machine 1
2025-03-04 10:31:19,157 - RECEIVE - System Time: 2025-03-04 10:31:19.157636, Logical Clock: 21, Queue Length: 1, From: Machine 1
2025-03-04 10:31:19,663 - RECEIVE - System Time: 2025-03-04 10:31:19.662899, Logical Clock: 22, Queue Length: 1, From: Machine 1
2025-03-04 10:31:20,168 - RECEIVE - System Time: 2025-03-04 10:31:20.168579, Logical Clock: 23, Queue Length: 1, From: Machine 2
2025-03-04 10:31:20,673 - RECEIVE - System Time: 2025-03-04 10:31:20.673827, Logical Clock: 28, Queue Length: 0, From: Machine 1
2025-03-04 10:31:21,179 - SEND - System Time: 2025-03-04 10:31:21.179133, Logical Clock: 29, To: Machine on port 10001
2025-03-04 10:31:21,684 - RECEIVE - System Time: 2025-03-04 10:31:21.684417, Logical Clock: 35, Queue Length: 0, From: Machine 1
2025-03-04 10:31:22,189 - RECEIVE - System Time: 2025-03-04 10:31:22.189643, Logical Clock: 38, Queue Length: 0, From: Machine 1
2025-03-04 10:31:22,695 - RECEIVE - System Time: 2025-03-04 10:31:22.694982, Logical Clock: 39, Queue Length: 0, From: Machine 1
2025-03-04 10:31:23,199 - RECEIVE - System Time: 2025-03-04 10:31:23.199759, Logical Clock: 42, Queue Length: 0, From: Machine 1
2025-03-04 10:31:23,707 - INTERNAL - System Time: 2025-03-04 10:31:23.705016, Logical Clock: 43
2025-03-04 10:31:24,209 - RECEIVE - System Time: 2025-03-04 10:31:24.209670, Logical Clock: 47, Queue Length: 0, From: Machine 1
2025-03-04 10:31:24,715 - SEND - System Time: 2025-03-04 10:31:24.715132, Logical Clock: 48, To: Machine on port 10000
2025-03-04 10:31:25,217 - RECEIVE - System Time: 2025-03-04 10:31:25.217162, Logical Clock: 52, Queue Length: 1, From: Machine 1
2025-03-04 10:31:25,722 - RECEIVE - System Time: 2025-03-04 10:31:25.722586, Logical Clock: 53, Queue Length: 2, From: Machine 1
2025-03-04 10:31:26,228 - RECEIVE - System Time: 2025-03-04 10:31:26.228086, Logical Clock: 54, Queue Length: 1, From: Machine 1
2025-03-04 10:31:26,733 - RECEIVE - System Time: 2025-03-04 10:31:26.733450, Logical Clock: 55, Queue Length: 1, From: Machine 1
2025-03-04 10:31:27,235 - RECEIVE - System Time: 2025-03-04 10:31:27.234830, Logical Clock: 59, Queue Length: 1, From: Machine 1
2025-03-04 10:31:27,738 - RECEIVE - System Time: 2025-03-04 10:31:27.738099, Logical Clock: 60, Queue Length: 0, From: Machine 2
2025-03-04 10:31:28,243 - RECEIVE - System Time: 2025-03-04 10:31:28.243480, Logical Clock: 68, Queue Length: 0, From: Machine 1
2025-03-04 10:31:28,748 - RECEIVE - System Time: 2025-03-04 10:31:28.747583, Logical Clock: 70, Queue Length: 0, From: Machine 1
2025-03-04 10:31:29,249 - INTERNAL - System Time: 2025-03-04 10:31:29.249277, Logical Clock: 71
2025-03-04 10:31:29,754 - INTERNAL - System Time: 2025-03-04 10:31:29.754905, Logical Clock: 72
2025-03-04 10:31:30,260 - RECEIVE - System Time: 2025-03-04 10:31:30.260221, Logical Clock: 76, Queue Length: 0, From: Machine 1
2025-03-04 10:31:30,761 - INTERNAL - System Time: 2025-03-04 10:31:30.760994, Logical Clock: 77
2025-03-04 10:31:31,263 - RECEIVE - System Time: 2025-03-04 10:31:31.262958, Logical Clock: 79, Queue Length: 0, From: Machine 2
2025-03-04 10:31:31,768 - RECEIVE - System Time: 2025-03-04 10:31:31.768222, Logical Clock: 85, Queue Length: 0, From: Machine 1
2025-03-04 10:31:32,273 - INTERNAL - System Time: 2025-03-04 10:31:32.273439, Logical Clock: 86
2025-03-04 10:31:32,778 - RECEIVE - System Time: 2025-03-04 10:31:32.778638, Logical Clock: 89, Queue Length: 0, From: Machine 1
2025-03-04 10:31:33,283 - RECEIVE - System Time: 2025-03-04 10:31:33.283782, Logical Clock: 90, Queue Length: 0, From: Machine 2
2025-03-04 10:31:33,788 - INTERNAL - System Time: 2025-03-04 10:31:33.788241, Logical Clock: 91
2025-03-04 10:31:34,293 - RECEIVE - System Time: 2025-03-04 10:31:34.293511, Logical Clock: 96, Queue Length: 0, From: Machine 1
2025-03-04 10:31:34,798 - INTERNAL - System Time: 2025-03-04 10:31:34.798416, Logical Clock: 97
2025-03-04 10:31:35,303 - RECEIVE - System Time: 2025-03-04 10:31:35.303563, Logical Clock: 102, Queue Length: 0, From: Machine 1
2025-03-04 10:31:35,808 - RECEIVE - System Time: 2025-03-04 10:31:35.808742, Logical Clock: 103, Queue Length: 1, From: Machine 1
2025-03-04 10:31:36,309 - RECEIVE - System Time: 2025-03-04 10:31:36.309173, Logical Clock: 104, Queue Length: 0, From: Machine 1
2025-03-04 10:31:36,814 - INTERNAL - System Time: 2025-03-04 10:31:36.814395, Logical Clock: 105
2025-03-04 10:31:37,319 - RECEIVE - System Time: 2025-03-04 10:31:37.319742, Logical Clock: 112, Queue Length: 0, From: Machine 1
2025-03-04 10:31:37,821 - RECEIVE - System Time: 2025-03-04 10:31:37.821917, Logical Clock: 114, Queue Length: 0, From: Machine 1
2025-03-04 10:31:38,327 - SEND - System Time: 2025-03-04 10:31:38.326911, Logical Clock: 115, To: Machine on port 10001
2025-03-04 10:31:38,832 - SEND - System Time: 2025-03-04 10:31:38.832516, Logical Clock: 116, To: Machine on port 10000
2025-03-04 10:31:38,833 - SEND - System Time: 2025-03-04 10:31:38.832516, Logical Clock: 116, To: Machine on port 10001
2025-03-04 10:31:39,335 - RECEIVE - System Time: 2025-03-04 10:31:39.335534, Logical Clock: 121, Queue Length: 1, From: Machine 1
2025-03-04 10:31:39,836 - RECEIVE - System Time: 2025-03-04 10:31:39.836419, Logical Clock: 122, Queue Length: 0, From: Machine 2
2025-03-04 10:31:40,342 - RECEIVE - System Time: 2025-03-04 10:31:40.341861, Logical Clock: 127, Queue Length: 0, From: Machine 2
2025-03-04 10:31:40,847 - INTERNAL - System Time: 2025-03-04 10:31:40.847279, Logical Clock: 128
2025-03-04 10:31:41,351 - RECEIVE - System Time: 2025-03-04 10:31:41.351521, Logical Clock: 130, Queue Length: 0, From: Machine 2
2025-03-04 10:31:41,856 - INTERNAL - System Time: 2025-03-04 10:31:41.856844, Logical Clock: 131
2025-03-04 10:31:42,362 - RECEIVE - System Time: 2025-03-04 10:31:42.362208, Logical Clock: 135, Queue Length: 0, From: Machine 1
2025-03-04 10:31:42,867 - INTERNAL - System Time: 2025-03-04 10:31:42.866839, Logical Clock: 136
2025-03-04 10:31:43,368 - INTERNAL - System Time: 2025-03-04 10:31:43.368229, Logical Clock: 137
2025-03-04 10:31:43,869 - INTERNAL - System Time: 2025-03-04 10:31:43.869924, Logical Clock: 138
2025-03-04 10:31:44,374 - INTERNAL - System Time: 2025-03-04 10:31:44.374074, Logical Clock: 139
2025-03-04 10:31:44,881 - SEND - System Time: 2025-03-04 10:31:44.880977, Logical Clock: 140, To: Machine on port 10001
2025-03-04 10:31:45,382 - INTERNAL - System Time: 2025-03-04 10:31:45.381973, Logical Clock: 141
2025-03-04 10:31:45,887 - INTERNAL - System Time: 2025-03-04 10:31:45.887613, Logical Clock: 142
2025-03-04 10:31:46,393 - SEND - System Time: 2025-03-04 10:31:46.393018, Logical Clock: 143, To: Machine on port 10000
2025-03-04 10:31:46,393 - SEND - System Time: 2025-03-04 10:31:46.393018, Logical Clock: 143, To: Machine on port 10001
2025-03-04 10:31:46,896 - RECEIVE - System Time: 2025-03-04 10:31:46.896141, Logical Clock: 159, Queue Length: 0, From: Machine 1
2025-03-04 10:31:47,401 - SEND - System Time: 2025-03-04 10:31:47.401420, Logical Clock: 160, To: Machine on port 10000
2025-03-04 10:31:47,906 - SEND - System Time: 2025-03-04 10:31:47.905222, Logical Clock: 161, To: Machine on port 10000
2025-03-04 10:31:48,408 - INTERNAL - System Time: 2025-03-04 10:31:48.408533, Logical Clock: 162
2025-03-04 10:31:48,914 - INTERNAL - System Time: 2025-03-04 10:31:48.914511, Logical Clock: 163
2025-03-04 10:31:49,415 - RECEIVE - System Time: 2025-03-04 10:31:49.415717, Logical Clock: 166, Queue Length: 0, From: Machine 2
2025-03-04 10:31:49,921 - INTERNAL - System Time: 2025-03-04 10:31:49.921440, Logical Clock: 167
2025-03-04 10:31:50,427 - RECEIVE - System Time: 2025-03-04 10:31:50.426770, Logical Clock: 175, Queue Length: 0, From: Machine 1
2025-03-04 10:31:50,929 - INTERNAL - System Time: 2025-03-04 10:31:50.928916, Logical Clock: 176
2025-03-04 10:31:51,430 - RECEIVE - System Time: 2025-03-04 10:31:51.430408, Logical Clock: 177, Queue Length: 0, From: Machine 2
2025-03-04 10:31:51,935 - RECEIVE - System Time: 2025-03-04 10:31:51.935760, Logical Clock: 178, Queue Length: 0, From: Machine 2
2025-03-04 10:31:52,437 - RECEIVE - System Time: 2025-03-04 10:31:52.437587, Logical Clock: 185, Queue Length: 0, From: Machine 1
2025-03-04 10:31:52,939 - RECEIVE - System Time: 2025-03-04 10:31:52.939197, Logical Clock: 187, Queue Length: 0, From: Machine 1
2025-03-04 10:31:53,443 - RECEIVE - System Time: 2025-03-04 10:31:53.443422, Logical Clock: 189, Queue Length: 0, From: Machine 2
2025-03-04 10:31:53,947 - RECEIVE - System Time: 2025-03-04 10:31:53.947320, Logical Clock: 192, Queue Length: 0, From: Machine 1
2025-03-04 10:31:54,452 - RECEIVE - System Time: 2025-03-04 10:31:54.452732, Logical Clock: 195, Queue Length: 0, From: Machine 2
2025-03-04 10:31:54,959 - INTERNAL - System Time: 2025-03-04 10:31:54.957472, Logical Clock: 196
2025-03-04 10:31:55,461 - INTERNAL - System Time: 2025-03-04 10:31:55.461690, Logical Clock: 197
2025-03-04 10:31:55,965 - INTERNAL - System Time: 2025-03-04 10:31:55.965643, Logical Clock: 198
2025-03-04 10:31:56,470 - SEND - System Time: 2025-03-04 10:31:56.469854, Logical Clock: 199, To: Machine on port 10001
2025-03-04 10:31:56,975 - INTERNAL - System Time: 2025-03-04 10:31:56.975339, Logical Clock: 200
2025-03-04 10:31:57,477 - RECEIVE - System Time: 2025-03-04 10:31:57.477444, Logical Clock: 211, Queue Length: 0, From: Machine 1
2025-03-04 10:31:57,981 - INTERNAL - System Time: 2025-03-04 10:31:57.981081, Logical Clock: 212
2025-03-04 10:31:58,486 - RECEIVE - System Time: 2025-03-04 10:31:58.486154, Logical Clock: 214, Queue Length: 1, From: Machine 1
2025-03-04 10:31:58,991 - RECEIVE - System Time: 2025-03-04 10:31:58.991551, Logical Clock: 216, Queue Length: 0, From: Machine 1
2025-03-04 10:31:59,497 - RECEIVE - System Time: 2025-03-04 10:31:59.497433, Logical Clock: 220, Queue Length: 0, From: Machine 1
2025-03-04 10:32:00,012 - RECEIVE - System Time: 2025-03-04 10:32:00.012456, Logical Clock: 222, Queue Length: 0, From: Machine 1
2025-03-04 10:32:00,515 - RECEIVE - System Time: 2025-03-04 10:32:00.515791, Logical Clock: 225, Queue Length: 1, From: Machine 1
2025-03-04 10:32:01,021 - RECEIVE - System Time: 2025-03-04 10:32:01.021061, Logical Clock: 226, Queue Length: 0, From: Machine 1
2025-03-04 10:32:01,523 - SEND - System Time: 2025-03-04 10:32:01.522759, Logical Clock: 227, To: Machine on port 10000
2025-03-04 10:32:02,027 - INTERNAL - System Time: 2025-03-04 10:32:02.026791, Logical Clock: 228
2025-03-04 10:32:02,529 - SEND - System Time: 2025-03-04 10:32:02.529160, Logical Clock: 229, To: Machine on port 10001
2025-03-04 10:32:03,034 - RECEIVE - System Time: 2025-03-04 10:32:03.034575, Logical Clock: 237, Queue Length: 0, From: Machine 1
2025-03-04 10:32:03,539 - RECEIVE - System Time: 2025-03-04 10:32:03.539819, Logical Clock: 240, Queue Length: 0, From: Machine 1
2025-03-04 10:32:04,042 - INTERNAL - System Time: 2025-03-04 10:32:04.042493, Logical Clock: 241
2025-03-04 10:32:04,546 - INTERNAL - System Time: 2025-03-04 10:32:04.546835, Logical Clock: 242
2025-03-04 10:32:05,047 - RECEIVE - System Time: 2025-03-04 10:32:05.047433, Logical Clock: 246, Queue Length: 1, From: Machine 1
2025-03-04 10:32:05,550 - RECEIVE - System Time: 2025-03-04 10:32:05.550213, Logical Clock: 247, Queue Length: 1, From: Machine 1
2025-03-04 10:32:06,055 - RECEIVE - System Time: 2025-03-04 10:32:06.055683, Logical Clock: 250, Queue Length: 1, From: Machine 1
2025-03-04 10:32:06,556 - RECEIVE - System Time: 2025-03-04 10:32:06.556756, Logical Clock: 251, Queue Length: 1, From: Machine 1
2025-03-04 10:32:07,062 - RECEIVE - System Time: 2025-03-04 10:32:07.061994, Logical Clock: 255, Queue Length: 1, From: Machine 1
2025-03-04 10:32:07,567 - RECEIVE - System Time: 2025-03-04 10:32:07.567416, Logical Clock: 256, Queue Length: 2, From: Machine 2
2025-03-04 10:32:08,069 - RECEIVE - System Time: 2025-03-04 10:32:08.069388, Logical Clock: 259, Queue Length: 1, From: Machine 1
2025-03-04 10:32:08,573 - RECEIVE - System Time: 2025-03-04 10:32:08.572914, Logical Clock: 260, Queue Length: 0, From: Machine 1
2025-03-04 10:32:09,074 - RECEIVE - System Time: 2025-03-04 10:32:09.074370, Logical Clock: 268, Queue Length: 0, From: Machine 1
2025-03-04 10:32:09,579 - RECEIVE - System Time: 2025-03-04 10:32:09.579615, Logical Clock: 270, Queue Length: 0, From: Machine 1
2025-03-04 10:32:10,085 - RECEIVE - System Time: 2025-03-04 10:32:10.084942, Logical Clock: 272, Queue Length: 0, From: Machine 1
2025-03-04 10:32:10,587 - INTERNAL - System Time: 2025-03-04 10:32:10.586878, Logical Clock: 273
2025-03-04 10:32:11,092 - RECEIVE - System Time: 2025-03-04 10:32:11.092159, Logical Clock: 277, Queue Length: 1, From: Machine 1
2025-03-04 10:32:11,597 - RECEIVE - System Time: 2025-03-04 10:32:11.597540, Logical Clock: 278, Queue Length: 1, From: Machine 1
2025-03-04 10:32:12,100 - RECEIVE - System Time: 2025-03-04 10:32:12.100746, Logical Clock: 279, Queue Length: 1, From: Machine 1
2025-03-04 10:32:12,606 - RECEIVE - System Time: 2025-03-04 10:32:12.606343, Logical Clock: 281, Queue Length: 0, From: Machine 2
2025-03-04 10:32:13,107 - INTERNAL - System Time: 2025-03-04 10:32:13.107241, Logical Clock: 282
2025-03-04 10:32:13,609 - SEND - System Time: 2025-03-04 10:32:13.608885, Logical Clock: 283, To: Machine on port 10000
2025-03-04 10:32:14,111 - RECEIVE - System Time: 2025-03-04 10:32:14.110947, Logical Clock: 287, Queue Length: 0, From: Machine 2
