2025-03-02 07:36:26,501 - Virtual Machine 3 initialized
2025-03-02 07:36:26,501 - Clock Rate: 5 ticks/second
2025-03-02 07:36:26,501 - Listening on port: 10002
2025-03-02 07:36:26,501 - Peer ports: [10000, 10001]
2025-03-02 07:36:26,502 - Network initialization completed
2025-03-02 07:36:26,502 - Starting main event loop
2025-03-02 07:36:26,502 - Clock rate: 5 ticks/second
2025-03-02 07:36:26,502 - No connection to port 10000
2025-03-02 07:36:26,502 - No connection to port 10001
2025-03-02 07:36:26,547 - Accepted connection from ('127.0.0.1', 64632)
2025-03-02 07:36:26,705 - No connection to port 10000
2025-03-02 07:36:26,705 - No connection to port 10001
2025-03-02 07:36:26,910 - INTERNAL - System Time: 2025-03-02 07:36:26.910423, Logical Clock: 3
2025-03-02 07:36:27,114 - RECEIVE - System Time: 2025-03-02 07:36:27.114246, Logical Clock: 4, Queue Length: 0, From: Machine 1
2025-03-02 07:36:27,114 - Accepted connection from ('127.0.0.1', 64633)
2025-03-02 07:36:27,319 - INTERNAL - System Time: 2025-03-02 07:36:27.319457, Logical Clock: 5
2025-03-02 07:36:27,522 - No connection to port 10000
2025-03-02 07:36:27,727 - No connection to port 10001
2025-03-02 07:36:27,931 - RECEIVE - System Time: 2025-03-02 07:36:27.931710, Logical Clock: 8, Queue Length: 0, From: Machine 1
2025-03-02 07:36:28,136 - No connection to port 10000
2025-03-02 07:36:28,342 - INTERNAL - System Time: 2025-03-02 07:36:28.342016, Logical Clock: 10
2025-03-02 07:36:28,547 - No connection to port 10001
2025-03-02 07:36:28,752 - INTERNAL - System Time: 2025-03-02 07:36:28.752277, Logical Clock: 12
2025-03-02 07:36:28,957 - No connection to port 10001
2025-03-02 07:36:29,162 - RECEIVE - System Time: 2025-03-02 07:36:29.162503, Logical Clock: 14, Queue Length: 0, From: Machine 1
2025-03-02 07:36:29,367 - No connection to port 10000
2025-03-02 07:36:29,572 - No connection to port 10001
2025-03-02 07:36:29,777 - INTERNAL - System Time: 2025-03-02 07:36:29.777808, Logical Clock: 17
2025-03-02 07:36:29,978 - No connection to port 10000
2025-03-02 07:36:30,183 - INTERNAL - System Time: 2025-03-02 07:36:30.183792, Logical Clock: 19
2025-03-02 07:36:30,388 - No connection to port 10000
2025-03-02 07:36:30,593 - INTERNAL - System Time: 2025-03-02 07:36:30.593645, Logical Clock: 21
2025-03-02 07:36:30,798 - INTERNAL - System Time: 2025-03-02 07:36:30.798766, Logical Clock: 22
2025-03-02 07:36:31,003 - INTERNAL - System Time: 2025-03-02 07:36:31.003880, Logical Clock: 23
2025-03-02 07:36:31,209 - INTERNAL - System Time: 2025-03-02 07:36:31.208998, Logical Clock: 24
2025-03-02 07:36:31,414 - INTERNAL - System Time: 2025-03-02 07:36:31.414126, Logical Clock: 25
2025-03-02 07:36:31,619 - INTERNAL - System Time: 2025-03-02 07:36:31.619274, Logical Clock: 26
2025-03-02 07:36:31,819 - RECEIVE - System Time: 2025-03-02 07:36:31.819813, Logical Clock: 27, Queue Length: 0, From: Machine 1
2025-03-02 07:36:32,021 - INTERNAL - System Time: 2025-03-02 07:36:32.021700, Logical Clock: 28
2025-03-02 07:36:32,226 - RECEIVE - System Time: 2025-03-02 07:36:32.226836, Logical Clock: 29, Queue Length: 0, From: Machine 1
2025-03-02 07:36:32,429 - No connection to port 10000
2025-03-02 07:36:32,429 - No connection to port 10001
2025-03-02 07:36:32,634 - INTERNAL - System Time: 2025-03-02 07:36:32.634764, Logical Clock: 31
2025-03-02 07:36:32,839 - INTERNAL - System Time: 2025-03-02 07:36:32.839899, Logical Clock: 32
2025-03-02 07:36:33,045 - INTERNAL - System Time: 2025-03-02 07:36:33.045029, Logical Clock: 33
2025-03-02 07:36:33,250 - INTERNAL - System Time: 2025-03-02 07:36:33.250135, Logical Clock: 34
2025-03-02 07:36:33,455 - RECEIVE - System Time: 2025-03-02 07:36:33.455242, Logical Clock: 35, Queue Length: 0, From: Machine 1
2025-03-02 07:36:33,660 - INTERNAL - System Time: 2025-03-02 07:36:33.660330, Logical Clock: 36
2025-03-02 07:36:33,865 - No connection to port 10000
2025-03-02 07:36:34,070 - INTERNAL - System Time: 2025-03-02 07:36:34.070559, Logical Clock: 38
2025-03-02 07:36:34,275 - No connection to port 10000
2025-03-02 07:36:34,275 - No connection to port 10001
2025-03-02 07:36:34,480 - INTERNAL - System Time: 2025-03-02 07:36:34.480762, Logical Clock: 40
2025-03-02 07:36:34,685 - INTERNAL - System Time: 2025-03-02 07:36:34.685907, Logical Clock: 41
2025-03-02 07:36:34,891 - INTERNAL - System Time: 2025-03-02 07:36:34.891087, Logical Clock: 42
2025-03-02 07:36:35,096 - No connection to port 10000
2025-03-02 07:36:35,301 - INTERNAL - System Time: 2025-03-02 07:36:35.301329, Logical Clock: 44
2025-03-02 07:36:35,506 - INTERNAL - System Time: 2025-03-02 07:36:35.506424, Logical Clock: 45
2025-03-02 07:36:35,709 - No connection to port 10001
2025-03-02 07:36:35,914 - RECEIVE - System Time: 2025-03-02 07:36:35.914481, Logical Clock: 47, Queue Length: 0, From: Machine 1
2025-03-02 07:36:36,116 - No connection to port 10000
2025-03-02 07:36:36,116 - No connection to port 10001
2025-03-02 07:36:36,321 - RECEIVE - System Time: 2025-03-02 07:36:36.321867, Logical Clock: 49, Queue Length: 0, From: Machine 1
2025-03-02 07:36:36,522 - No connection to port 10001
2025-03-02 07:36:36,727 - INTERNAL - System Time: 2025-03-02 07:36:36.727757, Logical Clock: 51
2025-03-02 07:36:36,932 - INTERNAL - System Time: 2025-03-02 07:36:36.932888, Logical Clock: 52
2025-03-02 07:36:37,138 - INTERNAL - System Time: 2025-03-02 07:36:37.138021, Logical Clock: 53
2025-03-02 07:36:37,339 - No connection to port 10000
2025-03-02 07:36:37,539 - No connection to port 10001
2025-03-02 07:36:37,744 - No connection to port 10000
2025-03-02 07:36:37,745 - No connection to port 10001
2025-03-02 07:36:37,950 - INTERNAL - System Time: 2025-03-02 07:36:37.950054, Logical Clock: 57
2025-03-02 07:36:38,155 - INTERNAL - System Time: 2025-03-02 07:36:38.155164, Logical Clock: 58
2025-03-02 07:36:38,357 - RECEIVE - System Time: 2025-03-02 07:36:38.357943, Logical Clock: 59, Queue Length: 1, From: Machine 2
2025-03-02 07:36:38,563 - RECEIVE - System Time: 2025-03-02 07:36:38.563088, Logical Clock: 60, Queue Length: 0, From: Machine 1
2025-03-02 07:36:38,768 - No connection to port 10001
2025-03-02 07:36:38,973 - No connection to port 10000
2025-03-02 07:36:39,178 - RECEIVE - System Time: 2025-03-02 07:36:39.178620, Logical Clock: 63, Queue Length: 0, From: Machine 2
2025-03-02 07:36:39,383 - No connection to port 10001
2025-03-02 07:36:39,584 - RECEIVE - System Time: 2025-03-02 07:36:39.584303, Logical Clock: 65, Queue Length: 0, From: Machine 1
2025-03-02 07:36:39,785 - INTERNAL - System Time: 2025-03-02 07:36:39.785146, Logical Clock: 66
2025-03-02 07:36:39,990 - INTERNAL - System Time: 2025-03-02 07:36:39.990242, Logical Clock: 67
2025-03-02 07:36:40,195 - INTERNAL - System Time: 2025-03-02 07:36:40.195351, Logical Clock: 68
2025-03-02 07:36:40,400 - INTERNAL - System Time: 2025-03-02 07:36:40.400431, Logical Clock: 69
2025-03-02 07:36:40,605 - INTERNAL - System Time: 2025-03-02 07:36:40.605536, Logical Clock: 70
2025-03-02 07:36:40,809 - INTERNAL - System Time: 2025-03-02 07:36:40.809715, Logical Clock: 71
2025-03-02 07:36:41,010 - INTERNAL - System Time: 2025-03-02 07:36:41.010625, Logical Clock: 72
2025-03-02 07:36:41,215 - INTERNAL - System Time: 2025-03-02 07:36:41.215745, Logical Clock: 73
2025-03-02 07:36:41,420 - INTERNAL - System Time: 2025-03-02 07:36:41.420838, Logical Clock: 74
2025-03-02 07:36:41,625 - INTERNAL - System Time: 2025-03-02 07:36:41.625680, Logical Clock: 75
2025-03-02 07:36:41,830 - No connection to port 10000
2025-03-02 07:36:42,035 - INTERNAL - System Time: 2025-03-02 07:36:42.035824, Logical Clock: 77
2025-03-02 07:36:42,237 - INTERNAL - System Time: 2025-03-02 07:36:42.237796, Logical Clock: 78
2025-03-02 07:36:42,442 - No connection to port 10000
2025-03-02 07:36:42,644 - RECEIVE - System Time: 2025-03-02 07:36:42.644226, Logical Clock: 80, Queue Length: 0, From: Machine 1
2025-03-02 07:36:42,845 - INTERNAL - System Time: 2025-03-02 07:36:42.844955, Logical Clock: 81
2025-03-02 07:36:43,050 - INTERNAL - System Time: 2025-03-02 07:36:43.050203, Logical Clock: 82
2025-03-02 07:36:43,255 - INTERNAL - System Time: 2025-03-02 07:36:43.255525, Logical Clock: 83
2025-03-02 07:36:43,456 - INTERNAL - System Time: 2025-03-02 07:36:43.456161, Logical Clock: 84
2025-03-02 07:36:43,656 - RECEIVE - System Time: 2025-03-02 07:36:43.656852, Logical Clock: 85, Queue Length: 0, From: Machine 1
2025-03-02 07:36:43,862 - INTERNAL - System Time: 2025-03-02 07:36:43.861987, Logical Clock: 86
2025-03-02 07:36:44,067 - No connection to port 10000
2025-03-02 07:36:44,067 - No connection to port 10001
2025-03-02 07:36:44,270 - INTERNAL - System Time: 2025-03-02 07:36:44.270822, Logical Clock: 88
2025-03-02 07:36:44,475 - INTERNAL - System Time: 2025-03-02 07:36:44.475921, Logical Clock: 89
2025-03-02 07:36:44,678 - No connection to port 10001
2025-03-02 07:36:44,883 - INTERNAL - System Time: 2025-03-02 07:36:44.883616, Logical Clock: 91
2025-03-02 07:36:45,087 - INTERNAL - System Time: 2025-03-02 07:36:45.087846, Logical Clock: 92
2025-03-02 07:36:45,293 - INTERNAL - System Time: 2025-03-02 07:36:45.292993, Logical Clock: 93
2025-03-02 07:36:45,498 - INTERNAL - System Time: 2025-03-02 07:36:45.498102, Logical Clock: 94
2025-03-02 07:36:45,703 - INTERNAL - System Time: 2025-03-02 07:36:45.703200, Logical Clock: 95
2025-03-02 07:36:45,906 - INTERNAL - System Time: 2025-03-02 07:36:45.906200, Logical Clock: 96
2025-03-02 07:36:46,108 - INTERNAL - System Time: 2025-03-02 07:36:46.107985, Logical Clock: 97
2025-03-02 07:36:46,313 - No connection to port 10001
2025-03-02 07:36:46,517 - INTERNAL - System Time: 2025-03-02 07:36:46.517089, Logical Clock: 99
2025-03-02 07:36:46,722 - No connection to port 10000
2025-03-02 07:36:46,927 - No connection to port 10001
2025-03-02 07:36:47,132 - No connection to port 10001
2025-03-02 07:36:47,337 - RECEIVE - System Time: 2025-03-02 07:36:47.337421, Logical Clock: 103, Queue Length: 0, From: Machine 1
2025-03-02 07:36:47,542 - No connection to port 10001
2025-03-02 07:36:47,747 - RECEIVE - System Time: 2025-03-02 07:36:47.747666, Logical Clock: 105, Queue Length: 0, From: Machine 1
2025-03-02 07:36:47,948 - INTERNAL - System Time: 2025-03-02 07:36:47.948321, Logical Clock: 106
2025-03-02 07:36:48,153 - INTERNAL - System Time: 2025-03-02 07:36:48.153484, Logical Clock: 107
2025-03-02 07:36:48,358 - INTERNAL - System Time: 2025-03-02 07:36:48.358139, Logical Clock: 108
2025-03-02 07:36:48,563 - RECEIVE - System Time: 2025-03-02 07:36:48.563183, Logical Clock: 109, Queue Length: 0, From: Machine 1
2025-03-02 07:36:48,768 - No connection to port 10001
2025-03-02 07:36:48,973 - INTERNAL - System Time: 2025-03-02 07:36:48.973466, Logical Clock: 111
2025-03-02 07:36:49,178 - No connection to port 10000
2025-03-02 07:36:49,384 - INTERNAL - System Time: 2025-03-02 07:36:49.383801, Logical Clock: 113
2025-03-02 07:36:49,585 - INTERNAL - System Time: 2025-03-02 07:36:49.585394, Logical Clock: 114
2025-03-02 07:36:49,787 - RECEIVE - System Time: 2025-03-02 07:36:49.787703, Logical Clock: 115, Queue Length: 0, From: Machine 1
2025-03-02 07:36:49,990 - RECEIVE - System Time: 2025-03-02 07:36:49.990851, Logical Clock: 116, Queue Length: 0, From: Machine 1
2025-03-02 07:36:50,196 - INTERNAL - System Time: 2025-03-02 07:36:50.196269, Logical Clock: 117
2025-03-02 07:36:50,400 - INTERNAL - System Time: 2025-03-02 07:36:50.400168, Logical Clock: 118
2025-03-02 07:36:50,605 - INTERNAL - System Time: 2025-03-02 07:36:50.605550, Logical Clock: 119
2025-03-02 07:36:50,809 - RECEIVE - System Time: 2025-03-02 07:36:50.809524, Logical Clock: 120, Queue Length: 0, From: Machine 1
2025-03-02 07:36:51,015 - No connection to port 10000
2025-03-02 07:36:51,015 - No connection to port 10001
2025-03-02 07:36:51,218 - No connection to port 10000
2025-03-02 07:36:51,219 - No connection to port 10001
2025-03-02 07:36:51,424 - INTERNAL - System Time: 2025-03-02 07:36:51.424116, Logical Clock: 123
2025-03-02 07:36:51,627 - INTERNAL - System Time: 2025-03-02 07:36:51.627119, Logical Clock: 124
2025-03-02 07:36:51,831 - INTERNAL - System Time: 2025-03-02 07:36:51.831332, Logical Clock: 125
2025-03-02 07:36:52,034 - INTERNAL - System Time: 2025-03-02 07:36:52.034823, Logical Clock: 126
2025-03-02 07:36:52,240 - No connection to port 10001
2025-03-02 07:36:52,445 - INTERNAL - System Time: 2025-03-02 07:36:52.445200, Logical Clock: 128
2025-03-02 07:36:52,650 - INTERNAL - System Time: 2025-03-02 07:36:52.650622, Logical Clock: 129
2025-03-02 07:36:52,852 - No connection to port 10000
2025-03-02 07:36:53,054 - INTERNAL - System Time: 2025-03-02 07:36:53.054109, Logical Clock: 131
2025-03-02 07:36:53,255 - INTERNAL - System Time: 2025-03-02 07:36:53.255425, Logical Clock: 132
2025-03-02 07:36:53,461 - No connection to port 10000
2025-03-02 07:36:53,663 - INTERNAL - System Time: 2025-03-02 07:36:53.663787, Logical Clock: 134
2025-03-02 07:36:53,868 - No connection to port 10000
2025-03-02 07:36:54,069 - RECEIVE - System Time: 2025-03-02 07:36:54.069662, Logical Clock: 136, Queue Length: 0, From: Machine 1
2025-03-02 07:36:54,272 - RECEIVE - System Time: 2025-03-02 07:36:54.272407, Logical Clock: 137, Queue Length: 0, From: Machine 1
2025-03-02 07:36:54,476 - INTERNAL - System Time: 2025-03-02 07:36:54.475796, Logical Clock: 138
2025-03-02 07:36:54,681 - INTERNAL - System Time: 2025-03-02 07:36:54.680886, Logical Clock: 139
2025-03-02 07:36:54,882 - No connection to port 10001
2025-03-02 07:36:55,088 - INTERNAL - System Time: 2025-03-02 07:36:55.088177, Logical Clock: 141
2025-03-02 07:36:55,291 - No connection to port 10001
2025-03-02 07:36:55,497 - No connection to port 10001
2025-03-02 07:36:55,701 - No connection to port 10000
2025-03-02 07:36:55,702 - No connection to port 10001
2025-03-02 07:36:55,904 - INTERNAL - System Time: 2025-03-02 07:36:55.904330, Logical Clock: 145
2025-03-02 07:36:56,105 - No connection to port 10000
2025-03-02 07:36:56,309 - No connection to port 10000
2025-03-02 07:36:56,309 - No connection to port 10001
