2025-03-04 10:56:55,352 - Virtual Machine 3 initialized
2025-03-04 10:56:55,352 - Clock Rate: 6 ticks/second
2025-03-04 10:56:55,352 - Listening on port: 10002
2025-03-04 10:56:55,352 - Peer ports: [10000, 10001]
2025-03-04 10:56:55,354 - Connected to peer on port 10000
2025-03-04 10:56:55,354 - Connected to peer on port 10001
2025-03-04 10:56:55,354 - Network initialization completed
2025-03-04 10:56:55,354 - Starting main event loop
2025-03-04 10:56:55,354 - Clock rate: 6 ticks/second
2025-03-04 10:56:55,354 - INTERNAL - System Time: 2025-03-04 10:56:55.354590, Logical Clock: 1
2025-03-04 10:56:55,526 - SEND - System Time: 2025-03-04 10:56:55.526501, Logical Clock: 2, To: Machine on port 10001
2025-03-04 10:56:55,698 - INTERNAL - System Time: 2025-03-04 10:56:55.698439, Logical Clock: 3
2025-03-04 10:56:55,870 - SEND - System Time: 2025-03-04 10:56:55.870480, Logical Clock: 4, To: Machine on port 10000
2025-03-04 10:56:55,909 - Accepted connection from ('127.0.0.1', 50677)
2025-03-04 10:56:56,039 - INTERNAL - System Time: 2025-03-04 10:56:56.039525, Logical Clock: 5
2025-03-04 10:56:56,211 - INTERNAL - System Time: 2025-03-04 10:56:56.211498, Logical Clock: 6
2025-03-04 10:56:56,330 - Accepted connection from ('127.0.0.1', 50681)
2025-03-04 10:56:56,380 - INTERNAL - System Time: 2025-03-04 10:56:56.380044, Logical Clock: 7
2025-03-04 10:56:56,549 - INTERNAL - System Time: 2025-03-04 10:56:56.549685, Logical Clock: 8
2025-03-04 10:56:56,720 - INTERNAL - System Time: 2025-03-04 10:56:56.720063, Logical Clock: 9
2025-03-04 10:56:56,895 - INTERNAL - System Time: 2025-03-04 10:56:56.894664, Logical Clock: 10
2025-03-04 10:56:57,063 - INTERNAL - System Time: 2025-03-04 10:56:57.063251, Logical Clock: 11
2025-03-04 10:56:57,236 - INTERNAL - System Time: 2025-03-04 10:56:57.235605, Logical Clock: 12
2025-03-04 10:56:57,412 - INTERNAL - System Time: 2025-03-04 10:56:57.411891, Logical Clock: 13
2025-03-04 10:56:57,584 - INTERNAL - System Time: 2025-03-04 10:56:57.584033, Logical Clock: 14
2025-03-04 10:56:57,754 - INTERNAL - System Time: 2025-03-04 10:56:57.753758, Logical Clock: 15
2025-03-04 10:56:57,926 - RECEIVE - System Time: 2025-03-04 10:56:57.925947, Logical Clock: 16, Queue Length: 0, From: Machine 1
2025-03-04 10:56:58,093 - INTERNAL - System Time: 2025-03-04 10:56:58.093484, Logical Clock: 17
2025-03-04 10:56:58,265 - INTERNAL - System Time: 2025-03-04 10:56:58.265489, Logical Clock: 18
2025-03-04 10:56:58,436 - SEND - System Time: 2025-03-04 10:56:58.436329, Logical Clock: 19, To: Machine on port 10000
2025-03-04 10:56:58,606 - INTERNAL - System Time: 2025-03-04 10:56:58.606002, Logical Clock: 20
2025-03-04 10:56:58,775 - INTERNAL - System Time: 2025-03-04 10:56:58.774923, Logical Clock: 21
2025-03-04 10:56:58,942 - INTERNAL - System Time: 2025-03-04 10:56:58.942535, Logical Clock: 22
2025-03-04 10:56:59,112 - INTERNAL - System Time: 2025-03-04 10:56:59.112263, Logical Clock: 23
2025-03-04 10:56:59,279 - INTERNAL - System Time: 2025-03-04 10:56:59.279437, Logical Clock: 24
2025-03-04 10:56:59,451 - SEND - System Time: 2025-03-04 10:56:59.451464, Logical Clock: 25, To: Machine on port 10001
2025-03-04 10:56:59,623 - INTERNAL - System Time: 2025-03-04 10:56:59.623432, Logical Clock: 26
2025-03-04 10:56:59,793 - INTERNAL - System Time: 2025-03-04 10:56:59.793287, Logical Clock: 27
2025-03-04 10:56:59,963 - INTERNAL - System Time: 2025-03-04 10:56:59.963870, Logical Clock: 28
2025-03-04 10:57:00,134 - INTERNAL - System Time: 2025-03-04 10:57:00.134554, Logical Clock: 29
2025-03-04 10:57:00,304 - SEND - System Time: 2025-03-04 10:57:00.304461, Logical Clock: 30, To: Machine on port 10001
2025-03-04 10:57:00,476 - INTERNAL - System Time: 2025-03-04 10:57:00.476466, Logical Clock: 31
2025-03-04 10:57:00,648 - SEND - System Time: 2025-03-04 10:57:00.648377, Logical Clock: 32, To: Machine on port 10001
2025-03-04 10:57:00,818 - SEND - System Time: 2025-03-04 10:57:00.818523, Logical Clock: 33, To: Machine on port 10000
2025-03-04 10:57:00,988 - INTERNAL - System Time: 2025-03-04 10:57:00.988770, Logical Clock: 34
2025-03-04 10:57:01,156 - INTERNAL - System Time: 2025-03-04 10:57:01.156351, Logical Clock: 35
2025-03-04 10:57:01,324 - INTERNAL - System Time: 2025-03-04 10:57:01.324096, Logical Clock: 36
2025-03-04 10:57:01,493 - INTERNAL - System Time: 2025-03-04 10:57:01.493779, Logical Clock: 37
2025-03-04 10:57:01,665 - INTERNAL - System Time: 2025-03-04 10:57:01.665836, Logical Clock: 38
2025-03-04 10:57:01,835 - INTERNAL - System Time: 2025-03-04 10:57:01.835396, Logical Clock: 39
2025-03-04 10:57:02,006 - INTERNAL - System Time: 2025-03-04 10:57:02.006514, Logical Clock: 40
2025-03-04 10:57:02,179 - INTERNAL - System Time: 2025-03-04 10:57:02.179085, Logical Clock: 41
2025-03-04 10:57:02,351 - SEND - System Time: 2025-03-04 10:57:02.351090, Logical Clock: 42, To: Machine on port 10000
2025-03-04 10:57:02,523 - INTERNAL - System Time: 2025-03-04 10:57:02.523136, Logical Clock: 43
2025-03-04 10:57:02,694 - INTERNAL - System Time: 2025-03-04 10:57:02.694465, Logical Clock: 44
2025-03-04 10:57:02,867 - INTERNAL - System Time: 2025-03-04 10:57:02.866807, Logical Clock: 45
2025-03-04 10:57:03,034 - INTERNAL - System Time: 2025-03-04 10:57:03.034459, Logical Clock: 46
2025-03-04 10:57:03,205 - RECEIVE - System Time: 2025-03-04 10:57:03.205119, Logical Clock: 47, Queue Length: 0, From: Machine 1
2025-03-04 10:57:03,377 - INTERNAL - System Time: 2025-03-04 10:57:03.377315, Logical Clock: 48
2025-03-04 10:57:03,547 - INTERNAL - System Time: 2025-03-04 10:57:03.546779, Logical Clock: 49
2025-03-04 10:57:03,716 - INTERNAL - System Time: 2025-03-04 10:57:03.716428, Logical Clock: 50
2025-03-04 10:57:03,888 - INTERNAL - System Time: 2025-03-04 10:57:03.888495, Logical Clock: 51
2025-03-04 10:57:04,060 - INTERNAL - System Time: 2025-03-04 10:57:04.060686, Logical Clock: 52
2025-03-04 10:57:04,231 - INTERNAL - System Time: 2025-03-04 10:57:04.231797, Logical Clock: 53
2025-03-04 10:57:04,402 - INTERNAL - System Time: 2025-03-04 10:57:04.402466, Logical Clock: 54
2025-03-04 10:57:04,574 - INTERNAL - System Time: 2025-03-04 10:57:04.574502, Logical Clock: 55
2025-03-04 10:57:04,744 - INTERNAL - System Time: 2025-03-04 10:57:04.744239, Logical Clock: 56
2025-03-04 10:57:04,915 - INTERNAL - System Time: 2025-03-04 10:57:04.914944, Logical Clock: 57
2025-03-04 10:57:05,082 - SEND - System Time: 2025-03-04 10:57:05.082557, Logical Clock: 58, To: Machine on port 10001
2025-03-04 10:57:05,255 - INTERNAL - System Time: 2025-03-04 10:57:05.255644, Logical Clock: 59
2025-03-04 10:57:05,423 - INTERNAL - System Time: 2025-03-04 10:57:05.423495, Logical Clock: 60
2025-03-04 10:57:05,594 - INTERNAL - System Time: 2025-03-04 10:57:05.593720, Logical Clock: 61
2025-03-04 10:57:05,762 - INTERNAL - System Time: 2025-03-04 10:57:05.761976, Logical Clock: 62
2025-03-04 10:57:05,933 - INTERNAL - System Time: 2025-03-04 10:57:05.932965, Logical Clock: 63
2025-03-04 10:57:06,104 - INTERNAL - System Time: 2025-03-04 10:57:06.104391, Logical Clock: 64
2025-03-04 10:57:06,275 - INTERNAL - System Time: 2025-03-04 10:57:06.275821, Logical Clock: 65
2025-03-04 10:57:06,444 - INTERNAL - System Time: 2025-03-04 10:57:06.444007, Logical Clock: 66
2025-03-04 10:57:06,616 - INTERNAL - System Time: 2025-03-04 10:57:06.615914, Logical Clock: 67
2025-03-04 10:57:06,786 - SEND - System Time: 2025-03-04 10:57:06.786289, Logical Clock: 68, To: Machine on port 10001
2025-03-04 10:57:06,958 - INTERNAL - System Time: 2025-03-04 10:57:06.958723, Logical Clock: 69
2025-03-04 10:57:07,129 - SEND - System Time: 2025-03-04 10:57:07.129623, Logical Clock: 70, To: Machine on port 10000
2025-03-04 10:57:07,298 - SEND - System Time: 2025-03-04 10:57:07.298046, Logical Clock: 71, To: Machine on port 10001
2025-03-04 10:57:07,467 - INTERNAL - System Time: 2025-03-04 10:57:07.467707, Logical Clock: 72
2025-03-04 10:57:07,638 - INTERNAL - System Time: 2025-03-04 10:57:07.638658, Logical Clock: 73
2025-03-04 10:57:07,809 - INTERNAL - System Time: 2025-03-04 10:57:07.809169, Logical Clock: 74
2025-03-04 10:57:07,980 - INTERNAL - System Time: 2025-03-04 10:57:07.980060, Logical Clock: 75
2025-03-04 10:57:08,148 - SEND - System Time: 2025-03-04 10:57:08.147916, Logical Clock: 76, To: Machine on port 10000
2025-03-04 10:57:08,316 - SEND - System Time: 2025-03-04 10:57:08.316565, Logical Clock: 77, To: Machine on port 10000
2025-03-04 10:57:08,487 - INTERNAL - System Time: 2025-03-04 10:57:08.487417, Logical Clock: 78
2025-03-04 10:57:08,655 - INTERNAL - System Time: 2025-03-04 10:57:08.655657, Logical Clock: 79
2025-03-04 10:57:08,826 - INTERNAL - System Time: 2025-03-04 10:57:08.826770, Logical Clock: 80
2025-03-04 10:57:08,994 - INTERNAL - System Time: 2025-03-04 10:57:08.994141, Logical Clock: 81
2025-03-04 10:57:09,162 - INTERNAL - System Time: 2025-03-04 10:57:09.161947, Logical Clock: 82
2025-03-04 10:57:09,333 - INTERNAL - System Time: 2025-03-04 10:57:09.332919, Logical Clock: 83
2025-03-04 10:57:09,504 - INTERNAL - System Time: 2025-03-04 10:57:09.504148, Logical Clock: 84
2025-03-04 10:57:09,674 - INTERNAL - System Time: 2025-03-04 10:57:09.674301, Logical Clock: 85
2025-03-04 10:57:09,841 - INTERNAL - System Time: 2025-03-04 10:57:09.841792, Logical Clock: 86
2025-03-04 10:57:10,014 - INTERNAL - System Time: 2025-03-04 10:57:10.013921, Logical Clock: 87
2025-03-04 10:57:10,184 - INTERNAL - System Time: 2025-03-04 10:57:10.184582, Logical Clock: 88
2025-03-04 10:57:10,354 - INTERNAL - System Time: 2025-03-04 10:57:10.354303, Logical Clock: 89
2025-03-04 10:57:10,524 - SEND - System Time: 2025-03-04 10:57:10.524813, Logical Clock: 90, To: Machine on port 10000
2025-03-04 10:57:10,696 - INTERNAL - System Time: 2025-03-04 10:57:10.696681, Logical Clock: 91
2025-03-04 10:57:10,869 - INTERNAL - System Time: 2025-03-04 10:57:10.868964, Logical Clock: 92
2025-03-04 10:57:11,038 - SEND - System Time: 2025-03-04 10:57:11.038119, Logical Clock: 93, To: Machine on port 10001
2025-03-04 10:57:11,206 - INTERNAL - System Time: 2025-03-04 10:57:11.206356, Logical Clock: 94
2025-03-04 10:57:11,375 - INTERNAL - System Time: 2025-03-04 10:57:11.374865, Logical Clock: 95
2025-03-04 10:57:11,544 - INTERNAL - System Time: 2025-03-04 10:57:11.544042, Logical Clock: 96
2025-03-04 10:57:11,713 - INTERNAL - System Time: 2025-03-04 10:57:11.713102, Logical Clock: 97
2025-03-04 10:57:11,880 - INTERNAL - System Time: 2025-03-04 10:57:11.880545, Logical Clock: 98
2025-03-04 10:57:12,052 - INTERNAL - System Time: 2025-03-04 10:57:12.052628, Logical Clock: 99
2025-03-04 10:57:12,224 - INTERNAL - System Time: 2025-03-04 10:57:12.223799, Logical Clock: 100
2025-03-04 10:57:12,396 - INTERNAL - System Time: 2025-03-04 10:57:12.395808, Logical Clock: 101
2025-03-04 10:57:12,564 - INTERNAL - System Time: 2025-03-04 10:57:12.564655, Logical Clock: 102
2025-03-04 10:57:12,736 - SEND - System Time: 2025-03-04 10:57:12.736735, Logical Clock: 103, To: Machine on port 10000
2025-03-04 10:57:12,906 - INTERNAL - System Time: 2025-03-04 10:57:12.906014, Logical Clock: 104
2025-03-04 10:57:13,075 - INTERNAL - System Time: 2025-03-04 10:57:13.075207, Logical Clock: 105
2025-03-04 10:57:13,247 - SEND - System Time: 2025-03-04 10:57:13.247397, Logical Clock: 106, To: Machine on port 10000
2025-03-04 10:57:13,415 - INTERNAL - System Time: 2025-03-04 10:57:13.415039, Logical Clock: 107
2025-03-04 10:57:13,584 - INTERNAL - System Time: 2025-03-04 10:57:13.583991, Logical Clock: 108
2025-03-04 10:57:13,755 - SEND - System Time: 2025-03-04 10:57:13.755225, Logical Clock: 109, To: Machine on port 10001
2025-03-04 10:57:13,925 - INTERNAL - System Time: 2025-03-04 10:57:13.924972, Logical Clock: 110
2025-03-04 10:57:14,093 - SEND - System Time: 2025-03-04 10:57:14.092902, Logical Clock: 111, To: Machine on port 10001
2025-03-04 10:57:14,264 - INTERNAL - System Time: 2025-03-04 10:57:14.264778, Logical Clock: 112
2025-03-04 10:57:14,435 - SEND - System Time: 2025-03-04 10:57:14.435663, Logical Clock: 113, To: Machine on port 10000
2025-03-04 10:57:14,607 - INTERNAL - System Time: 2025-03-04 10:57:14.607713, Logical Clock: 114
2025-03-04 10:57:14,776 - SEND - System Time: 2025-03-04 10:57:14.776632, Logical Clock: 115, To: Machine on port 10000
2025-03-04 10:57:14,948 - INTERNAL - System Time: 2025-03-04 10:57:14.948670, Logical Clock: 116
2025-03-04 10:57:15,121 - INTERNAL - System Time: 2025-03-04 10:57:15.121050, Logical Clock: 117
2025-03-04 10:57:15,293 - INTERNAL - System Time: 2025-03-04 10:57:15.293197, Logical Clock: 118
2025-03-04 10:57:15,462 - RECEIVE - System Time: 2025-03-04 10:57:15.462324, Logical Clock: 119, Queue Length: 0, From: Machine 1
2025-03-04 10:57:15,632 - INTERNAL - System Time: 2025-03-04 10:57:15.632884, Logical Clock: 120
2025-03-04 10:57:15,804 - INTERNAL - System Time: 2025-03-04 10:57:15.803911, Logical Clock: 121
2025-03-04 10:57:15,972 - INTERNAL - System Time: 2025-03-04 10:57:15.972688, Logical Clock: 122
2025-03-04 10:57:16,143 - INTERNAL - System Time: 2025-03-04 10:57:16.143710, Logical Clock: 123
2025-03-04 10:57:16,314 - INTERNAL - System Time: 2025-03-04 10:57:16.314527, Logical Clock: 124
2025-03-04 10:57:16,488 - SEND - System Time: 2025-03-04 10:57:16.487741, Logical Clock: 125, To: Machine on port 10000
2025-03-04 10:57:16,658 - INTERNAL - System Time: 2025-03-04 10:57:16.658521, Logical Clock: 126
2025-03-04 10:57:16,829 - INTERNAL - System Time: 2025-03-04 10:57:16.829068, Logical Clock: 127
2025-03-04 10:57:17,001 - INTERNAL - System Time: 2025-03-04 10:57:17.001617, Logical Clock: 128
2025-03-04 10:57:17,173 - INTERNAL - System Time: 2025-03-04 10:57:17.173606, Logical Clock: 129
2025-03-04 10:57:17,343 - INTERNAL - System Time: 2025-03-04 10:57:17.342369, Logical Clock: 130
2025-03-04 10:57:17,514 - INTERNAL - System Time: 2025-03-04 10:57:17.514163, Logical Clock: 131
2025-03-04 10:57:17,681 - INTERNAL - System Time: 2025-03-04 10:57:17.681558, Logical Clock: 132
2025-03-04 10:57:17,853 - INTERNAL - System Time: 2025-03-04 10:57:17.853238, Logical Clock: 133
2025-03-04 10:57:18,022 - INTERNAL - System Time: 2025-03-04 10:57:18.022479, Logical Clock: 134
2025-03-04 10:57:18,193 - INTERNAL - System Time: 2025-03-04 10:57:18.193185, Logical Clock: 135
2025-03-04 10:57:18,361 - INTERNAL - System Time: 2025-03-04 10:57:18.361872, Logical Clock: 136
2025-03-04 10:57:18,534 - RECEIVE - System Time: 2025-03-04 10:57:18.533934, Logical Clock: 137, Queue Length: 0, From: Machine 1
2025-03-04 10:57:18,701 - RECEIVE - System Time: 2025-03-04 10:57:18.701771, Logical Clock: 138, Queue Length: 0, From: Machine 1
2025-03-04 10:57:18,873 - INTERNAL - System Time: 2025-03-04 10:57:18.873160, Logical Clock: 139
2025-03-04 10:57:19,045 - INTERNAL - System Time: 2025-03-04 10:57:19.045181, Logical Clock: 140
2025-03-04 10:57:19,214 - INTERNAL - System Time: 2025-03-04 10:57:19.214792, Logical Clock: 141
2025-03-04 10:57:19,386 - INTERNAL - System Time: 2025-03-04 10:57:19.386147, Logical Clock: 142
2025-03-04 10:57:19,554 - RECEIVE - System Time: 2025-03-04 10:57:19.554528, Logical Clock: 143, Queue Length: 0, From: Machine 1
2025-03-04 10:57:19,722 - SEND - System Time: 2025-03-04 10:57:19.722307, Logical Clock: 144, To: Machine on port 10001
2025-03-04 10:57:19,894 - INTERNAL - System Time: 2025-03-04 10:57:19.894712, Logical Clock: 145
2025-03-04 10:57:20,064 - INTERNAL - System Time: 2025-03-04 10:57:20.064833, Logical Clock: 146
2025-03-04 10:57:20,234 - INTERNAL - System Time: 2025-03-04 10:57:20.234653, Logical Clock: 147
2025-03-04 10:57:20,402 - INTERNAL - System Time: 2025-03-04 10:57:20.402705, Logical Clock: 148
2025-03-04 10:57:20,574 - RECEIVE - System Time: 2025-03-04 10:57:20.574662, Logical Clock: 149, Queue Length: 0, From: Machine 1
2025-03-04 10:57:20,746 - INTERNAL - System Time: 2025-03-04 10:57:20.746290, Logical Clock: 150
2025-03-04 10:57:20,914 - SEND - System Time: 2025-03-04 10:57:20.914000, Logical Clock: 151, To: Machine on port 10001
2025-03-04 10:57:21,086 - SEND - System Time: 2025-03-04 10:57:21.086210, Logical Clock: 152, To: Machine on port 10001
2025-03-04 10:57:21,254 - INTERNAL - System Time: 2025-03-04 10:57:21.254703, Logical Clock: 153
2025-03-04 10:57:21,424 - INTERNAL - System Time: 2025-03-04 10:57:21.424187, Logical Clock: 154
2025-03-04 10:57:21,593 - SEND - System Time: 2025-03-04 10:57:21.592941, Logical Clock: 155, To: Machine on port 10001
2025-03-04 10:57:21,761 - INTERNAL - System Time: 2025-03-04 10:57:21.761528, Logical Clock: 156
2025-03-04 10:57:21,933 - INTERNAL - System Time: 2025-03-04 10:57:21.933413, Logical Clock: 157
2025-03-04 10:57:22,103 - INTERNAL - System Time: 2025-03-04 10:57:22.103249, Logical Clock: 158
2025-03-04 10:57:22,274 - INTERNAL - System Time: 2025-03-04 10:57:22.274410, Logical Clock: 159
2025-03-04 10:57:22,442 - SEND - System Time: 2025-03-04 10:57:22.442676, Logical Clock: 160, To: Machine on port 10000
2025-03-04 10:57:22,613 - INTERNAL - System Time: 2025-03-04 10:57:22.612987, Logical Clock: 161
2025-03-04 10:57:22,783 - INTERNAL - System Time: 2025-03-04 10:57:22.783529, Logical Clock: 162
2025-03-04 10:57:22,953 - INTERNAL - System Time: 2025-03-04 10:57:22.953005, Logical Clock: 163
2025-03-04 10:57:23,124 - INTERNAL - System Time: 2025-03-04 10:57:23.124874, Logical Clock: 164
2025-03-04 10:57:23,296 - INTERNAL - System Time: 2025-03-04 10:57:23.296795, Logical Clock: 165
2025-03-04 10:57:23,468 - SEND - System Time: 2025-03-04 10:57:23.467860, Logical Clock: 166, To: Machine on port 10001
2025-03-04 10:57:23,637 - RECEIVE - System Time: 2025-03-04 10:57:23.637237, Logical Clock: 167, Queue Length: 0, From: Machine 1
2025-03-04 10:57:23,807 - INTERNAL - System Time: 2025-03-04 10:57:23.806822, Logical Clock: 168
2025-03-04 10:57:23,977 - INTERNAL - System Time: 2025-03-04 10:57:23.977249, Logical Clock: 169
2025-03-04 10:57:24,149 - INTERNAL - System Time: 2025-03-04 10:57:24.149103, Logical Clock: 170
2025-03-04 10:57:24,319 - INTERNAL - System Time: 2025-03-04 10:57:24.319852, Logical Clock: 171
2025-03-04 10:57:24,489 - INTERNAL - System Time: 2025-03-04 10:57:24.489065, Logical Clock: 172
2025-03-04 10:57:24,658 - INTERNAL - System Time: 2025-03-04 10:57:24.658339, Logical Clock: 173
2025-03-04 10:57:24,827 - INTERNAL - System Time: 2025-03-04 10:57:24.827775, Logical Clock: 174
2025-03-04 10:57:24,997 - INTERNAL - System Time: 2025-03-04 10:57:24.997793, Logical Clock: 175
2025-03-04 10:57:25,169 - INTERNAL - System Time: 2025-03-04 10:57:25.169801, Logical Clock: 176
2025-03-04 10:57:25,341 - RECEIVE - System Time: 2025-03-04 10:57:25.341727, Logical Clock: 177, Queue Length: 0, From: Machine 1
2025-03-04 10:57:25,513 - INTERNAL - System Time: 2025-03-04 10:57:25.513746, Logical Clock: 178
2025-03-04 10:57:25,684 - INTERNAL - System Time: 2025-03-04 10:57:25.684240, Logical Clock: 179
2025-03-04 10:57:25,856 - INTERNAL - System Time: 2025-03-04 10:57:25.856481, Logical Clock: 180
2025-03-04 10:57:26,026 - SEND - System Time: 2025-03-04 10:57:26.025998, Logical Clock: 181, To: Machine on port 10001
2025-03-04 10:57:26,195 - INTERNAL - System Time: 2025-03-04 10:57:26.195505, Logical Clock: 182
2025-03-04 10:57:26,365 - INTERNAL - System Time: 2025-03-04 10:57:26.365499, Logical Clock: 183
2025-03-04 10:57:26,533 - INTERNAL - System Time: 2025-03-04 10:57:26.533209, Logical Clock: 184
2025-03-04 10:57:26,701 - INTERNAL - System Time: 2025-03-04 10:57:26.701377, Logical Clock: 185
2025-03-04 10:57:26,871 - INTERNAL - System Time: 2025-03-04 10:57:26.871662, Logical Clock: 186
2025-03-04 10:57:27,042 - INTERNAL - System Time: 2025-03-04 10:57:27.042624, Logical Clock: 187
2025-03-04 10:57:27,214 - INTERNAL - System Time: 2025-03-04 10:57:27.214493, Logical Clock: 188
2025-03-04 10:57:27,386 - INTERNAL - System Time: 2025-03-04 10:57:27.386420, Logical Clock: 189
2025-03-04 10:57:27,554 - INTERNAL - System Time: 2025-03-04 10:57:27.554459, Logical Clock: 190
2025-03-04 10:57:27,722 - SEND - System Time: 2025-03-04 10:57:27.722540, Logical Clock: 191, To: Machine on port 10000
2025-03-04 10:57:27,894 - INTERNAL - System Time: 2025-03-04 10:57:27.894312, Logical Clock: 192
2025-03-04 10:57:28,062 - INTERNAL - System Time: 2025-03-04 10:57:28.062329, Logical Clock: 193
2025-03-04 10:57:28,234 - INTERNAL - System Time: 2025-03-04 10:57:28.233997, Logical Clock: 194
2025-03-04 10:57:28,407 - SEND - System Time: 2025-03-04 10:57:28.406715, Logical Clock: 195, To: Machine on port 10001
2025-03-04 10:57:28,575 - SEND - System Time: 2025-03-04 10:57:28.575036, Logical Clock: 196, To: Machine on port 10000
2025-03-04 10:57:28,743 - INTERNAL - System Time: 2025-03-04 10:57:28.743110, Logical Clock: 197
2025-03-04 10:57:28,914 - SEND - System Time: 2025-03-04 10:57:28.914582, Logical Clock: 198, To: Machine on port 10000
2025-03-04 10:57:29,087 - SEND - System Time: 2025-03-04 10:57:29.087229, Logical Clock: 199, To: Machine on port 10001
2025-03-04 10:57:29,259 - INTERNAL - System Time: 2025-03-04 10:57:29.259727, Logical Clock: 200
2025-03-04 10:57:29,431 - INTERNAL - System Time: 2025-03-04 10:57:29.431704, Logical Clock: 201
2025-03-04 10:57:29,602 - INTERNAL - System Time: 2025-03-04 10:57:29.602265, Logical Clock: 202
2025-03-04 10:57:29,772 - INTERNAL - System Time: 2025-03-04 10:57:29.771878, Logical Clock: 203
2025-03-04 10:57:29,939 - INTERNAL - System Time: 2025-03-04 10:57:29.939305, Logical Clock: 204
2025-03-04 10:57:30,106 - INTERNAL - System Time: 2025-03-04 10:57:30.106657, Logical Clock: 205
2025-03-04 10:57:30,277 - INTERNAL - System Time: 2025-03-04 10:57:30.277237, Logical Clock: 206
2025-03-04 10:57:30,448 - SEND - System Time: 2025-03-04 10:57:30.447898, Logical Clock: 207, To: Machine on port 10001
2025-03-04 10:57:30,617 - INTERNAL - System Time: 2025-03-04 10:57:30.617073, Logical Clock: 208
2025-03-04 10:57:30,785 - INTERNAL - System Time: 2025-03-04 10:57:30.785805, Logical Clock: 209
2025-03-04 10:57:30,954 - INTERNAL - System Time: 2025-03-04 10:57:30.954155, Logical Clock: 210
2025-03-04 10:57:31,124 - INTERNAL - System Time: 2025-03-04 10:57:31.123900, Logical Clock: 211
2025-03-04 10:57:31,295 - INTERNAL - System Time: 2025-03-04 10:57:31.294959, Logical Clock: 212
2025-03-04 10:57:31,467 - INTERNAL - System Time: 2025-03-04 10:57:31.466991, Logical Clock: 213
2025-03-04 10:57:31,638 - INTERNAL - System Time: 2025-03-04 10:57:31.638184, Logical Clock: 214
2025-03-04 10:57:31,810 - RECEIVE - System Time: 2025-03-04 10:57:31.810480, Logical Clock: 215, Queue Length: 0, From: Machine 2
2025-03-04 10:57:31,979 - INTERNAL - System Time: 2025-03-04 10:57:31.979459, Logical Clock: 216
2025-03-04 10:57:32,152 - INTERNAL - System Time: 2025-03-04 10:57:32.152074, Logical Clock: 217
2025-03-04 10:57:32,319 - INTERNAL - System Time: 2025-03-04 10:57:32.319568, Logical Clock: 218
2025-03-04 10:57:32,491 - RECEIVE - System Time: 2025-03-04 10:57:32.491092, Logical Clock: 219, Queue Length: 0, From: Machine 1
2025-03-04 10:57:32,660 - SEND - System Time: 2025-03-04 10:57:32.660600, Logical Clock: 220, To: Machine on port 10000
2025-03-04 10:57:32,830 - INTERNAL - System Time: 2025-03-04 10:57:32.830296, Logical Clock: 221
2025-03-04 10:57:32,999 - INTERNAL - System Time: 2025-03-04 10:57:32.999303, Logical Clock: 222
2025-03-04 10:57:33,167 - INTERNAL - System Time: 2025-03-04 10:57:33.167216, Logical Clock: 223
2025-03-04 10:57:33,335 - INTERNAL - System Time: 2025-03-04 10:57:33.335817, Logical Clock: 224
2025-03-04 10:57:33,504 - INTERNAL - System Time: 2025-03-04 10:57:33.504878, Logical Clock: 225
2025-03-04 10:57:33,677 - INTERNAL - System Time: 2025-03-04 10:57:33.676898, Logical Clock: 226
2025-03-04 10:57:33,849 - INTERNAL - System Time: 2025-03-04 10:57:33.849233, Logical Clock: 227
2025-03-04 10:57:34,021 - INTERNAL - System Time: 2025-03-04 10:57:34.021523, Logical Clock: 228
2025-03-04 10:57:34,192 - RECEIVE - System Time: 2025-03-04 10:57:34.192828, Logical Clock: 229, Queue Length: 0, From: Machine 2
2025-03-04 10:57:34,369 - INTERNAL - System Time: 2025-03-04 10:57:34.369018, Logical Clock: 230
2025-03-04 10:57:34,538 - INTERNAL - System Time: 2025-03-04 10:57:34.538620, Logical Clock: 231
2025-03-04 10:57:34,711 - SEND - System Time: 2025-03-04 10:57:34.710812, Logical Clock: 232, To: Machine on port 10000
2025-03-04 10:57:34,879 - INTERNAL - System Time: 2025-03-04 10:57:34.879779, Logical Clock: 233
2025-03-04 10:57:35,050 - SEND - System Time: 2025-03-04 10:57:35.049946, Logical Clock: 234, To: Machine on port 10001
2025-03-04 10:57:35,219 - INTERNAL - System Time: 2025-03-04 10:57:35.219074, Logical Clock: 235
2025-03-04 10:57:35,389 - RECEIVE - System Time: 2025-03-04 10:57:35.389581, Logical Clock: 236, Queue Length: 0, From: Machine 1
2025-03-04 10:57:35,561 - SEND - System Time: 2025-03-04 10:57:35.561545, Logical Clock: 237, To: Machine on port 10000
2025-03-04 10:57:35,733 - INTERNAL - System Time: 2025-03-04 10:57:35.733698, Logical Clock: 238
2025-03-04 10:57:35,901 - INTERNAL - System Time: 2025-03-04 10:57:35.901232, Logical Clock: 239
2025-03-04 10:57:36,072 - INTERNAL - System Time: 2025-03-04 10:57:36.072654, Logical Clock: 240
2025-03-04 10:57:36,243 - INTERNAL - System Time: 2025-03-04 10:57:36.243475, Logical Clock: 241
2025-03-04 10:57:36,415 - INTERNAL - System Time: 2025-03-04 10:57:36.415300, Logical Clock: 242
2025-03-04 10:57:36,584 - SEND - System Time: 2025-03-04 10:57:36.584013, Logical Clock: 243, To: Machine on port 10000
2025-03-04 10:57:36,753 - INTERNAL - System Time: 2025-03-04 10:57:36.753157, Logical Clock: 244
2025-03-04 10:57:36,921 - SEND - System Time: 2025-03-04 10:57:36.921265, Logical Clock: 245, To: Machine on port 10000
2025-03-04 10:57:37,094 - INTERNAL - System Time: 2025-03-04 10:57:37.093334, Logical Clock: 246
2025-03-04 10:57:37,262 - RECEIVE - System Time: 2025-03-04 10:57:37.262094, Logical Clock: 247, Queue Length: 0, From: Machine 2
2025-03-04 10:57:37,432 - INTERNAL - System Time: 2025-03-04 10:57:37.432852, Logical Clock: 248
2025-03-04 10:57:37,604 - INTERNAL - System Time: 2025-03-04 10:57:37.604767, Logical Clock: 249
2025-03-04 10:57:37,776 - INTERNAL - System Time: 2025-03-04 10:57:37.776793, Logical Clock: 250
2025-03-04 10:57:37,946 - INTERNAL - System Time: 2025-03-04 10:57:37.946783, Logical Clock: 251
2025-03-04 10:57:38,116 - INTERNAL - System Time: 2025-03-04 10:57:38.116445, Logical Clock: 252
2025-03-04 10:57:38,284 - INTERNAL - System Time: 2025-03-04 10:57:38.284864, Logical Clock: 253
2025-03-04 10:57:38,455 - INTERNAL - System Time: 2025-03-04 10:57:38.455289, Logical Clock: 254
2025-03-04 10:57:38,627 - INTERNAL - System Time: 2025-03-04 10:57:38.627411, Logical Clock: 255
2025-03-04 10:57:38,796 - INTERNAL - System Time: 2025-03-04 10:57:38.796703, Logical Clock: 256
2025-03-04 10:57:38,967 - INTERNAL - System Time: 2025-03-04 10:57:38.967668, Logical Clock: 257
2025-03-04 10:57:39,135 - INTERNAL - System Time: 2025-03-04 10:57:39.135539, Logical Clock: 258
2025-03-04 10:57:39,305 - SEND - System Time: 2025-03-04 10:57:39.304953, Logical Clock: 259, To: Machine on port 10001
2025-03-04 10:57:39,476 - SEND - System Time: 2025-03-04 10:57:39.476051, Logical Clock: 260, To: Machine on port 10000
2025-03-04 10:57:39,644 - INTERNAL - System Time: 2025-03-04 10:57:39.644837, Logical Clock: 261
2025-03-04 10:57:39,813 - INTERNAL - System Time: 2025-03-04 10:57:39.813783, Logical Clock: 262
2025-03-04 10:57:39,982 - RECEIVE - System Time: 2025-03-04 10:57:39.982416, Logical Clock: 263, Queue Length: 0, From: Machine 1
2025-03-04 10:57:40,153 - INTERNAL - System Time: 2025-03-04 10:57:40.153148, Logical Clock: 264
2025-03-04 10:57:40,325 - SEND - System Time: 2025-03-04 10:57:40.324716, Logical Clock: 265, To: Machine on port 10000
2025-03-04 10:57:40,494 - INTERNAL - System Time: 2025-03-04 10:57:40.494227, Logical Clock: 266
2025-03-04 10:57:40,662 - INTERNAL - System Time: 2025-03-04 10:57:40.662870, Logical Clock: 267
2025-03-04 10:57:40,834 - INTERNAL - System Time: 2025-03-04 10:57:40.834797, Logical Clock: 268
2025-03-04 10:57:41,007 - INTERNAL - System Time: 2025-03-04 10:57:41.007181, Logical Clock: 269
2025-03-04 10:57:41,178 - SEND - System Time: 2025-03-04 10:57:41.178466, Logical Clock: 270, To: Machine on port 10000
2025-03-04 10:57:41,349 - INTERNAL - System Time: 2025-03-04 10:57:41.349164, Logical Clock: 271
2025-03-04 10:57:41,518 - SEND - System Time: 2025-03-04 10:57:41.517856, Logical Clock: 272, To: Machine on port 10001
2025-03-04 10:57:41,686 - INTERNAL - System Time: 2025-03-04 10:57:41.686037, Logical Clock: 273
2025-03-04 10:57:41,858 - RECEIVE - System Time: 2025-03-04 10:57:41.858106, Logical Clock: 274, Queue Length: 0, From: Machine 1
2025-03-04 10:57:42,028 - RECEIVE - System Time: 2025-03-04 10:57:42.028073, Logical Clock: 275, Queue Length: 0, From: Machine 1
2025-03-04 10:57:42,201 - INTERNAL - System Time: 2025-03-04 10:57:42.201055, Logical Clock: 276
2025-03-04 10:57:42,374 - SEND - System Time: 2025-03-04 10:57:42.374293, Logical Clock: 277, To: Machine on port 10001
2025-03-04 10:57:42,542 - INTERNAL - System Time: 2025-03-04 10:57:42.542009, Logical Clock: 278
2025-03-04 10:57:42,712 - INTERNAL - System Time: 2025-03-04 10:57:42.712756, Logical Clock: 279
2025-03-04 10:57:42,885 - INTERNAL - System Time: 2025-03-04 10:57:42.885022, Logical Clock: 280
2025-03-04 10:57:43,057 - SEND - System Time: 2025-03-04 10:57:43.057622, Logical Clock: 281, To: Machine on port 10000
2025-03-04 10:57:43,229 - INTERNAL - System Time: 2025-03-04 10:57:43.229145, Logical Clock: 282
2025-03-04 10:57:43,397 - INTERNAL - System Time: 2025-03-04 10:57:43.397369, Logical Clock: 283
2025-03-04 10:57:43,566 - INTERNAL - System Time: 2025-03-04 10:57:43.566322, Logical Clock: 284
2025-03-04 10:57:43,734 - INTERNAL - System Time: 2025-03-04 10:57:43.734532, Logical Clock: 285
2025-03-04 10:57:43,906 - INTERNAL - System Time: 2025-03-04 10:57:43.906428, Logical Clock: 286
2025-03-04 10:57:44,078 - SEND - System Time: 2025-03-04 10:57:44.078443, Logical Clock: 287, To: Machine on port 10001
2025-03-04 10:57:44,250 - SEND - System Time: 2025-03-04 10:57:44.249893, Logical Clock: 288, To: Machine on port 10001
2025-03-04 10:57:44,419 - INTERNAL - System Time: 2025-03-04 10:57:44.418970, Logical Clock: 289
2025-03-04 10:57:44,589 - INTERNAL - System Time: 2025-03-04 10:57:44.589192, Logical Clock: 290
2025-03-04 10:57:44,758 - INTERNAL - System Time: 2025-03-04 10:57:44.757863, Logical Clock: 291
2025-03-04 10:57:44,929 - INTERNAL - System Time: 2025-03-04 10:57:44.929608, Logical Clock: 292
2025-03-04 10:57:45,097 - INTERNAL - System Time: 2025-03-04 10:57:45.096944, Logical Clock: 293
2025-03-04 10:57:45,269 - RECEIVE - System Time: 2025-03-04 10:57:45.269166, Logical Clock: 294, Queue Length: 0, From: Machine 1
2025-03-04 10:57:45,441 - INTERNAL - System Time: 2025-03-04 10:57:45.441151, Logical Clock: 295
2025-03-04 10:57:45,612 - INTERNAL - System Time: 2025-03-04 10:57:45.612490, Logical Clock: 296
2025-03-04 10:57:45,783 - RECEIVE - System Time: 2025-03-04 10:57:45.783317, Logical Clock: 297, Queue Length: 0, From: Machine 2
2025-03-04 10:57:45,955 - INTERNAL - System Time: 2025-03-04 10:57:45.955296, Logical Clock: 298
2025-03-04 10:57:46,125 - SEND - System Time: 2025-03-04 10:57:46.124777, Logical Clock: 299, To: Machine on port 10000
2025-03-04 10:57:46,293 - INTERNAL - System Time: 2025-03-04 10:57:46.293695, Logical Clock: 300
2025-03-04 10:57:46,461 - INTERNAL - System Time: 2025-03-04 10:57:46.461716, Logical Clock: 301
2025-03-04 10:57:46,633 - INTERNAL - System Time: 2025-03-04 10:57:46.633687, Logical Clock: 302
2025-03-04 10:57:46,804 - INTERNAL - System Time: 2025-03-04 10:57:46.804546, Logical Clock: 303
2025-03-04 10:57:46,975 - INTERNAL - System Time: 2025-03-04 10:57:46.975422, Logical Clock: 304
2025-03-04 10:57:47,144 - SEND - System Time: 2025-03-04 10:57:47.144033, Logical Clock: 305, To: Machine on port 10001
2025-03-04 10:57:47,314 - INTERNAL - System Time: 2025-03-04 10:57:47.314008, Logical Clock: 306
2025-03-04 10:57:47,488 - INTERNAL - System Time: 2025-03-04 10:57:47.488419, Logical Clock: 307
2025-03-04 10:57:47,658 - INTERNAL - System Time: 2025-03-04 10:57:47.658659, Logical Clock: 308
2025-03-04 10:57:47,829 - INTERNAL - System Time: 2025-03-04 10:57:47.829827, Logical Clock: 309
2025-03-04 10:57:48,001 - INTERNAL - System Time: 2025-03-04 10:57:48.001813, Logical Clock: 310
2025-03-04 10:57:48,174 - INTERNAL - System Time: 2025-03-04 10:57:48.173884, Logical Clock: 311
2025-03-04 10:57:48,346 - INTERNAL - System Time: 2025-03-04 10:57:48.346079, Logical Clock: 312
2025-03-04 10:57:48,516 - SEND - System Time: 2025-03-04 10:57:48.515794, Logical Clock: 313, To: Machine on port 10001
2025-03-04 10:57:48,684 - INTERNAL - System Time: 2025-03-04 10:57:48.684078, Logical Clock: 314
2025-03-04 10:57:48,854 - INTERNAL - System Time: 2025-03-04 10:57:48.854633, Logical Clock: 315
2025-03-04 10:57:49,024 - INTERNAL - System Time: 2025-03-04 10:57:49.024201, Logical Clock: 316
2025-03-04 10:57:49,196 - INTERNAL - System Time: 2025-03-04 10:57:49.196232, Logical Clock: 317
2025-03-04 10:57:49,366 - RECEIVE - System Time: 2025-03-04 10:57:49.366555, Logical Clock: 318, Queue Length: 0, From: Machine 1
2025-03-04 10:57:49,536 - SEND - System Time: 2025-03-04 10:57:49.535913, Logical Clock: 319, To: Machine on port 10001
2025-03-04 10:57:49,705 - SEND - System Time: 2025-03-04 10:57:49.705117, Logical Clock: 320, To: Machine on port 10000
2025-03-04 10:57:49,876 - INTERNAL - System Time: 2025-03-04 10:57:49.876719, Logical Clock: 321
2025-03-04 10:57:50,044 - INTERNAL - System Time: 2025-03-04 10:57:50.044754, Logical Clock: 322
2025-03-04 10:57:50,217 - SEND - System Time: 2025-03-04 10:57:50.216909, Logical Clock: 323, To: Machine on port 10000
2025-03-04 10:57:50,385 - SEND - System Time: 2025-03-04 10:57:50.385610, Logical Clock: 324, To: Machine on port 10000
2025-03-04 10:57:50,554 - INTERNAL - System Time: 2025-03-04 10:57:50.554257, Logical Clock: 325
2025-03-04 10:57:50,723 - INTERNAL - System Time: 2025-03-04 10:57:50.723370, Logical Clock: 326
2025-03-04 10:57:50,895 - INTERNAL - System Time: 2025-03-04 10:57:50.895701, Logical Clock: 327
2025-03-04 10:57:51,063 - SEND - System Time: 2025-03-04 10:57:51.063022, Logical Clock: 328, To: Machine on port 10000
2025-03-04 10:57:51,240 - INTERNAL - System Time: 2025-03-04 10:57:51.240074, Logical Clock: 329
2025-03-04 10:57:51,415 - SEND - System Time: 2025-03-04 10:57:51.414819, Logical Clock: 330, To: Machine on port 10000
2025-03-04 10:57:51,583 - INTERNAL - System Time: 2025-03-04 10:57:51.583665, Logical Clock: 331
2025-03-04 10:57:51,755 - SEND - System Time: 2025-03-04 10:57:51.755766, Logical Clock: 332, To: Machine on port 10001
2025-03-04 10:57:51,923 - INTERNAL - System Time: 2025-03-04 10:57:51.923801, Logical Clock: 333
2025-03-04 10:57:52,093 - INTERNAL - System Time: 2025-03-04 10:57:52.093583, Logical Clock: 334
2025-03-04 10:57:52,265 - SEND - System Time: 2025-03-04 10:57:52.265579, Logical Clock: 335, To: Machine on port 10001
2025-03-04 10:57:52,438 - SEND - System Time: 2025-03-04 10:57:52.437885, Logical Clock: 336, To: Machine on port 10001
2025-03-04 10:57:52,608 - INTERNAL - System Time: 2025-03-04 10:57:52.608434, Logical Clock: 337
2025-03-04 10:57:52,780 - INTERNAL - System Time: 2025-03-04 10:57:52.780605, Logical Clock: 338
2025-03-04 10:57:52,949 - INTERNAL - System Time: 2025-03-04 10:57:52.948413, Logical Clock: 339
2025-03-04 10:57:53,117 - INTERNAL - System Time: 2025-03-04 10:57:53.116947, Logical Clock: 340
2025-03-04 10:57:53,288 - INTERNAL - System Time: 2025-03-04 10:57:53.287899, Logical Clock: 341
2025-03-04 10:57:53,460 - INTERNAL - System Time: 2025-03-04 10:57:53.459855, Logical Clock: 342
2025-03-04 10:57:53,628 - INTERNAL - System Time: 2025-03-04 10:57:53.628094, Logical Clock: 343
2025-03-04 10:57:53,796 - INTERNAL - System Time: 2025-03-04 10:57:53.796487, Logical Clock: 344
2025-03-04 10:57:53,965 - INTERNAL - System Time: 2025-03-04 10:57:53.965325, Logical Clock: 345
2025-03-04 10:57:54,139 - INTERNAL - System Time: 2025-03-04 10:57:54.138995, Logical Clock: 346
2025-03-04 10:57:54,311 - INTERNAL - System Time: 2025-03-04 10:57:54.310916, Logical Clock: 347
2025-03-04 10:57:54,480 - INTERNAL - System Time: 2025-03-04 10:57:54.480009, Logical Clock: 348
2025-03-04 10:57:54,649 - INTERNAL - System Time: 2025-03-04 10:57:54.649794, Logical Clock: 349
2025-03-04 10:57:54,820 - INTERNAL - System Time: 2025-03-04 10:57:54.820092, Logical Clock: 350
2025-03-04 10:57:54,992 - INTERNAL - System Time: 2025-03-04 10:57:54.992341, Logical Clock: 351
2025-03-04 10:57:55,161 - INTERNAL - System Time: 2025-03-04 10:57:55.160895, Logical Clock: 352
2025-03-04 10:57:55,331 - INTERNAL - System Time: 2025-03-04 10:57:55.331166, Logical Clock: 353
