2025-03-01 14:36:22,633 - Virtual Machine 2 initialized
2025-03-01 14:36:22,634 - Clock Rate: 6 ticks/second
2025-03-01 14:36:22,634 - Listening on port: 10001
2025-03-01 14:36:22,634 - Peer ports: [10000, 10002]
2025-03-01 14:36:23,310 - Accepted connection from ('127.0.0.1', 59174)
2025-03-01 14:36:23,644 - Connected to peer on port 10002
2025-03-01 14:36:23,644 - Network initialization completed
2025-03-01 14:36:23,645 - Starting main event loop
2025-03-01 14:36:23,645 - Clock rate: 6 ticks/second
2025-03-01 14:36:23,645 - RECEIVE - System Time: 2025-03-01 14:36:23.645193, Logical Clock: 3, Queue Length: 0, From: Machine 1
2025-03-01 14:36:23,817 - INTERNAL - System Time: 2025-03-01 14:36:23.817005, Logical Clock: 4
2025-03-01 14:36:23,985 - INTERNAL - System Time: 2025-03-01 14:36:23.985543, Logical Clock: 5
2025-03-01 14:36:24,157 - No connection to port 10000
2025-03-01 14:36:24,326 - INTERNAL - System Time: 2025-03-01 14:36:24.326471, Logical Clock: 7
2025-03-01 14:36:24,494 - INTERNAL - System Time: 2025-03-01 14:36:24.493927, Logical Clock: 8
2025-03-01 14:36:24,662 - INTERNAL - System Time: 2025-03-01 14:36:24.662857, Logical Clock: 9
2025-03-01 14:36:24,834 - INTERNAL - System Time: 2025-03-01 14:36:24.834789, Logical Clock: 10
2025-03-01 14:36:25,003 - RECEIVE - System Time: 2025-03-01 14:36:25.002802, Logical Clock: 11, Queue Length: 0, From: Machine 1
2025-03-01 14:36:25,173 - INTERNAL - System Time: 2025-03-01 14:36:25.173389, Logical Clock: 12
2025-03-01 14:36:25,345 - INTERNAL - System Time: 2025-03-01 14:36:25.345423, Logical Clock: 13
2025-03-01 14:36:25,515 - No connection to port 10000
2025-03-01 14:36:25,515 - SEND - System Time: 2025-03-01 14:36:25.515175, Logical Clock: 14, To: Machine on port 10002
2025-03-01 14:36:25,686 - INTERNAL - System Time: 2025-03-01 14:36:25.686816, Logical Clock: 15
2025-03-01 14:36:25,868 - INTERNAL - System Time: 2025-03-01 14:36:25.868367, Logical Clock: 16
2025-03-01 14:36:26,040 - INTERNAL - System Time: 2025-03-01 14:36:26.040237, Logical Clock: 17
2025-03-01 14:36:26,212 - INTERNAL - System Time: 2025-03-01 14:36:26.212127, Logical Clock: 18
2025-03-01 14:36:26,384 - INTERNAL - System Time: 2025-03-01 14:36:26.383949, Logical Clock: 19
2025-03-01 14:36:26,555 - INTERNAL - System Time: 2025-03-01 14:36:26.555778, Logical Clock: 20
2025-03-01 14:36:26,724 - RECEIVE - System Time: 2025-03-01 14:36:26.724201, Logical Clock: 22, Queue Length: 0, From: Machine 1
2025-03-01 14:36:26,896 - INTERNAL - System Time: 2025-03-01 14:36:26.896143, Logical Clock: 23
2025-03-01 14:36:27,068 - INTERNAL - System Time: 2025-03-01 14:36:27.067916, Logical Clock: 24
2025-03-01 14:36:27,237 - INTERNAL - System Time: 2025-03-01 14:36:27.237217, Logical Clock: 25
2025-03-01 14:36:27,407 - INTERNAL - System Time: 2025-03-01 14:36:27.407278, Logical Clock: 26
2025-03-01 14:36:27,575 - INTERNAL - System Time: 2025-03-01 14:36:27.575796, Logical Clock: 27
2025-03-01 14:36:27,748 - INTERNAL - System Time: 2025-03-01 14:36:27.747998, Logical Clock: 28
2025-03-01 14:36:27,918 - INTERNAL - System Time: 2025-03-01 14:36:27.918137, Logical Clock: 29
2025-03-01 14:36:28,087 - INTERNAL - System Time: 2025-03-01 14:36:28.086961, Logical Clock: 30
2025-03-01 14:36:28,256 - RECEIVE - System Time: 2025-03-01 14:36:28.255882, Logical Clock: 31, Queue Length: 0, From: Machine 1
2025-03-01 14:36:28,427 - No connection to port 10000
2025-03-01 14:36:28,599 - INTERNAL - System Time: 2025-03-01 14:36:28.599741, Logical Clock: 33
2025-03-01 14:36:28,771 - INTERNAL - System Time: 2025-03-01 14:36:28.771792, Logical Clock: 34
2025-03-01 14:36:28,943 - INTERNAL - System Time: 2025-03-01 14:36:28.943746, Logical Clock: 35
2025-03-01 14:36:29,115 - INTERNAL - System Time: 2025-03-01 14:36:29.115750, Logical Clock: 36
2025-03-01 14:36:29,287 - INTERNAL - System Time: 2025-03-01 14:36:29.287434, Logical Clock: 37
2025-03-01 14:36:29,456 - INTERNAL - System Time: 2025-03-01 14:36:29.455937, Logical Clock: 38
2025-03-01 14:36:29,625 - INTERNAL - System Time: 2025-03-01 14:36:29.625734, Logical Clock: 39
2025-03-01 14:36:29,797 - SEND - System Time: 2025-03-01 14:36:29.797160, Logical Clock: 40, To: Machine on port 10002
2025-03-01 14:36:29,969 - INTERNAL - System Time: 2025-03-01 14:36:29.969216, Logical Clock: 41
2025-03-01 14:36:30,139 - INTERNAL - System Time: 2025-03-01 14:36:30.139556, Logical Clock: 42
2025-03-01 14:36:30,309 - INTERNAL - System Time: 2025-03-01 14:36:30.309309, Logical Clock: 43
2025-03-01 14:36:30,481 - RECEIVE - System Time: 2025-03-01 14:36:30.481411, Logical Clock: 44, Queue Length: 0, From: Machine 1
2025-03-01 14:36:30,653 - INTERNAL - System Time: 2025-03-01 14:36:30.653454, Logical Clock: 45
2025-03-01 14:36:30,823 - INTERNAL - System Time: 2025-03-01 14:36:30.823105, Logical Clock: 46
2025-03-01 14:36:30,994 - INTERNAL - System Time: 2025-03-01 14:36:30.994586, Logical Clock: 47
2025-03-01 14:36:31,165 - INTERNAL - System Time: 2025-03-01 14:36:31.164990, Logical Clock: 48
2025-03-01 14:36:31,335 - INTERNAL - System Time: 2025-03-01 14:36:31.335832, Logical Clock: 49
2025-03-01 14:36:31,504 - RECEIVE - System Time: 2025-03-01 14:36:31.503869, Logical Clock: 50, Queue Length: 0, From: Machine 1
2025-03-01 14:36:31,673 - INTERNAL - System Time: 2025-03-01 14:36:31.673688, Logical Clock: 51
2025-03-01 14:36:31,845 - INTERNAL - System Time: 2025-03-01 14:36:31.845231, Logical Clock: 52
2025-03-01 14:36:32,012 - INTERNAL - System Time: 2025-03-01 14:36:32.012419, Logical Clock: 53
2025-03-01 14:36:32,179 - INTERNAL - System Time: 2025-03-01 14:36:32.179460, Logical Clock: 54
2025-03-01 14:36:32,349 - INTERNAL - System Time: 2025-03-01 14:36:32.349454, Logical Clock: 55
2025-03-01 14:36:32,521 - INTERNAL - System Time: 2025-03-01 14:36:32.521144, Logical Clock: 56
2025-03-01 14:36:32,688 - INTERNAL - System Time: 2025-03-01 14:36:32.688598, Logical Clock: 57
2025-03-01 14:36:32,856 - RECEIVE - System Time: 2025-03-01 14:36:32.855914, Logical Clock: 58, Queue Length: 0, From: Machine 1
2025-03-01 14:36:33,027 - INTERNAL - System Time: 2025-03-01 14:36:33.027528, Logical Clock: 59
2025-03-01 14:36:33,197 - INTERNAL - System Time: 2025-03-01 14:36:33.197072, Logical Clock: 60
2025-03-01 14:36:33,369 - INTERNAL - System Time: 2025-03-01 14:36:33.369190, Logical Clock: 61
2025-03-01 14:36:33,538 - INTERNAL - System Time: 2025-03-01 14:36:33.538534, Logical Clock: 62
2025-03-01 14:36:33,709 - INTERNAL - System Time: 2025-03-01 14:36:33.709301, Logical Clock: 63
2025-03-01 14:36:33,879 - SEND - System Time: 2025-03-01 14:36:33.879574, Logical Clock: 64, To: Machine on port 10002
2025-03-01 14:36:34,050 - INTERNAL - System Time: 2025-03-01 14:36:34.050323, Logical Clock: 65
2025-03-01 14:36:34,220 - INTERNAL - System Time: 2025-03-01 14:36:34.220804, Logical Clock: 66
2025-03-01 14:36:34,389 - INTERNAL - System Time: 2025-03-01 14:36:34.389468, Logical Clock: 67
2025-03-01 14:36:34,560 - No connection to port 10000
2025-03-01 14:36:34,730 - INTERNAL - System Time: 2025-03-01 14:36:34.730650, Logical Clock: 69
2025-03-01 14:36:34,898 - RECEIVE - System Time: 2025-03-01 14:36:34.898066, Logical Clock: 70, Queue Length: 0, From: Machine 1
2025-03-01 14:36:35,070 - No connection to port 10000
2025-03-01 14:36:35,070 - SEND - System Time: 2025-03-01 14:36:35.070226, Logical Clock: 71, To: Machine on port 10002
2025-03-01 14:36:35,238 - RECEIVE - System Time: 2025-03-01 14:36:35.238602, Logical Clock: 72, Queue Length: 0, From: Machine 1
2025-03-01 14:36:35,411 - INTERNAL - System Time: 2025-03-01 14:36:35.410866, Logical Clock: 73
2025-03-01 14:36:35,579 - INTERNAL - System Time: 2025-03-01 14:36:35.579421, Logical Clock: 74
2025-03-01 14:36:35,747 - INTERNAL - System Time: 2025-03-01 14:36:35.747193, Logical Clock: 75
2025-03-01 14:36:35,919 - No connection to port 10000
2025-03-01 14:36:36,087 - SEND - System Time: 2025-03-01 14:36:36.087054, Logical Clock: 77, To: Machine on port 10002
2025-03-01 14:36:36,256 - INTERNAL - System Time: 2025-03-01 14:36:36.255897, Logical Clock: 78
2025-03-01 14:36:36,424 - RECEIVE - System Time: 2025-03-01 14:36:36.424605, Logical Clock: 79, Queue Length: 0, From: Machine 1
2025-03-01 14:36:36,594 - INTERNAL - System Time: 2025-03-01 14:36:36.594489, Logical Clock: 80
2025-03-01 14:36:36,762 - INTERNAL - System Time: 2025-03-01 14:36:36.762461, Logical Clock: 81
2025-03-01 14:36:36,931 - No connection to port 10000
2025-03-01 14:36:36,931 - SEND - System Time: 2025-03-01 14:36:36.931170, Logical Clock: 82, To: Machine on port 10002
2025-03-01 14:36:37,103 - INTERNAL - System Time: 2025-03-01 14:36:37.102955, Logical Clock: 83
2025-03-01 14:36:37,272 - INTERNAL - System Time: 2025-03-01 14:36:37.272581, Logical Clock: 84
2025-03-01 14:36:37,444 - INTERNAL - System Time: 2025-03-01 14:36:37.444169, Logical Clock: 85
2025-03-01 14:36:37,612 - INTERNAL - System Time: 2025-03-01 14:36:37.612407, Logical Clock: 86
2025-03-01 14:36:37,785 - SEND - System Time: 2025-03-01 14:36:37.784964, Logical Clock: 87, To: Machine on port 10002
2025-03-01 14:36:37,953 - RECEIVE - System Time: 2025-03-01 14:36:37.953388, Logical Clock: 88, Queue Length: 0, From: Machine 1
2025-03-01 14:36:38,125 - INTERNAL - System Time: 2025-03-01 14:36:38.125361, Logical Clock: 89
2025-03-01 14:36:38,295 - INTERNAL - System Time: 2025-03-01 14:36:38.295387, Logical Clock: 90
2025-03-01 14:36:38,467 - INTERNAL - System Time: 2025-03-01 14:36:38.467608, Logical Clock: 91
2025-03-01 14:36:38,635 - INTERNAL - System Time: 2025-03-01 14:36:38.635583, Logical Clock: 92
2025-03-01 14:36:38,806 - SEND - System Time: 2025-03-01 14:36:38.806390, Logical Clock: 93, To: Machine on port 10002
2025-03-01 14:36:38,977 - INTERNAL - System Time: 2025-03-01 14:36:38.977564, Logical Clock: 94
2025-03-01 14:36:39,147 - No connection to port 10000
2025-03-01 14:36:39,147 - SEND - System Time: 2025-03-01 14:36:39.147668, Logical Clock: 95, To: Machine on port 10002
2025-03-01 14:36:39,317 - INTERNAL - System Time: 2025-03-01 14:36:39.317310, Logical Clock: 96
2025-03-01 14:36:39,489 - INTERNAL - System Time: 2025-03-01 14:36:39.489460, Logical Clock: 97
2025-03-01 14:36:39,661 - INTERNAL - System Time: 2025-03-01 14:36:39.661093, Logical Clock: 98
2025-03-01 14:36:39,830 - RECEIVE - System Time: 2025-03-01 14:36:39.829947, Logical Clock: 99, Queue Length: 0, From: Machine 1
2025-03-01 14:36:40,002 - No connection to port 10000
2025-03-01 14:36:40,002 - SEND - System Time: 2025-03-01 14:36:40.002075, Logical Clock: 100, To: Machine on port 10002
2025-03-01 14:36:40,174 - RECEIVE - System Time: 2025-03-01 14:36:40.174250, Logical Clock: 101, Queue Length: 0, From: Machine 1
2025-03-01 14:36:40,344 - No connection to port 10000
2025-03-01 14:36:40,345 - SEND - System Time: 2025-03-01 14:36:40.344632, Logical Clock: 102, To: Machine on port 10002
2025-03-01 14:36:40,514 - INTERNAL - System Time: 2025-03-01 14:36:40.514469, Logical Clock: 103
2025-03-01 14:36:40,686 - No connection to port 10000
2025-03-01 14:36:40,854 - RECEIVE - System Time: 2025-03-01 14:36:40.854529, Logical Clock: 105, Queue Length: 0, From: Machine 1
2025-03-01 14:36:41,024 - INTERNAL - System Time: 2025-03-01 14:36:41.024524, Logical Clock: 106
2025-03-01 14:36:41,194 - RECEIVE - System Time: 2025-03-01 14:36:41.194566, Logical Clock: 107, Queue Length: 0, From: Machine 1
2025-03-01 14:36:41,362 - INTERNAL - System Time: 2025-03-01 14:36:41.362760, Logical Clock: 108
2025-03-01 14:36:41,531 - INTERNAL - System Time: 2025-03-01 14:36:41.531066, Logical Clock: 109
2025-03-01 14:36:41,700 - No connection to port 10000
2025-03-01 14:36:41,871 - No connection to port 10000
2025-03-01 14:36:42,043 - INTERNAL - System Time: 2025-03-01 14:36:42.043659, Logical Clock: 112
2025-03-01 14:36:42,212 - SEND - System Time: 2025-03-01 14:36:42.212439, Logical Clock: 113, To: Machine on port 10002
2025-03-01 14:36:42,382 - No connection to port 10000
2025-03-01 14:36:42,382 - SEND - System Time: 2025-03-01 14:36:42.382227, Logical Clock: 114, To: Machine on port 10002
2025-03-01 14:36:42,553 - INTERNAL - System Time: 2025-03-01 14:36:42.553383, Logical Clock: 115
2025-03-01 14:36:42,724 - No connection to port 10000
2025-03-01 14:36:42,892 - INTERNAL - System Time: 2025-03-01 14:36:42.892283, Logical Clock: 117
2025-03-01 14:36:43,062 - SEND - System Time: 2025-03-01 14:36:43.062520, Logical Clock: 118, To: Machine on port 10002
2025-03-01 14:36:43,232 - INTERNAL - System Time: 2025-03-01 14:36:43.231965, Logical Clock: 119
2025-03-01 14:36:43,400 - RECEIVE - System Time: 2025-03-01 14:36:43.400518, Logical Clock: 120, Queue Length: 0, From: Machine 1
2025-03-01 14:36:43,572 - INTERNAL - System Time: 2025-03-01 14:36:43.571871, Logical Clock: 121
2025-03-01 14:36:43,743 - INTERNAL - System Time: 2025-03-01 14:36:43.743735, Logical Clock: 122
2025-03-01 14:36:43,915 - SEND - System Time: 2025-03-01 14:36:43.915196, Logical Clock: 123, To: Machine on port 10002
2025-03-01 14:36:44,086 - INTERNAL - System Time: 2025-03-01 14:36:44.086708, Logical Clock: 124
2025-03-01 14:36:44,259 - INTERNAL - System Time: 2025-03-01 14:36:44.259479, Logical Clock: 125
2025-03-01 14:36:44,429 - RECEIVE - System Time: 2025-03-01 14:36:44.429405, Logical Clock: 126, Queue Length: 0, From: Machine 1
2025-03-01 14:36:44,600 - RECEIVE - System Time: 2025-03-01 14:36:44.599951, Logical Clock: 127, Queue Length: 0, From: Machine 1
2025-03-01 14:36:44,771 - INTERNAL - System Time: 2025-03-01 14:36:44.771340, Logical Clock: 128
2025-03-01 14:36:44,943 - INTERNAL - System Time: 2025-03-01 14:36:44.943284, Logical Clock: 129
2025-03-01 14:36:45,112 - INTERNAL - System Time: 2025-03-01 14:36:45.112484, Logical Clock: 130
2025-03-01 14:36:45,280 - RECEIVE - System Time: 2025-03-01 14:36:45.279996, Logical Clock: 131, Queue Length: 0, From: Machine 1
2025-03-01 14:36:45,452 - No connection to port 10000
2025-03-01 14:36:45,623 - RECEIVE - System Time: 2025-03-01 14:36:45.622806, Logical Clock: 133, Queue Length: 0, From: Machine 1
2025-03-01 14:36:45,790 - SEND - System Time: 2025-03-01 14:36:45.790491, Logical Clock: 134, To: Machine on port 10002
2025-03-01 14:36:45,959 - INTERNAL - System Time: 2025-03-01 14:36:45.959269, Logical Clock: 135
2025-03-01 14:36:46,128 - INTERNAL - System Time: 2025-03-01 14:36:46.127830, Logical Clock: 136
2025-03-01 14:36:46,298 - No connection to port 10000
2025-03-01 14:36:46,298 - SEND - System Time: 2025-03-01 14:36:46.298211, Logical Clock: 137, To: Machine on port 10002
2025-03-01 14:36:46,469 - RECEIVE - System Time: 2025-03-01 14:36:46.469391, Logical Clock: 138, Queue Length: 0, From: Machine 1
2025-03-01 14:36:46,641 - INTERNAL - System Time: 2025-03-01 14:36:46.641476, Logical Clock: 139
2025-03-01 14:36:46,813 - INTERNAL - System Time: 2025-03-01 14:36:46.812914, Logical Clock: 140
2025-03-01 14:36:46,985 - RECEIVE - System Time: 2025-03-01 14:36:46.985098, Logical Clock: 141, Queue Length: 0, From: Machine 1
2025-03-01 14:36:47,157 - No connection to port 10000
2025-03-01 14:36:47,329 - RECEIVE - System Time: 2025-03-01 14:36:47.329281, Logical Clock: 143, Queue Length: 0, From: Machine 1
2025-03-01 14:36:47,498 - No connection to port 10000
2025-03-01 14:36:47,499 - SEND - System Time: 2025-03-01 14:36:47.498723, Logical Clock: 144, To: Machine on port 10002
2025-03-01 14:36:47,666 - RECEIVE - System Time: 2025-03-01 14:36:47.666351, Logical Clock: 145, Queue Length: 0, From: Machine 1
2025-03-01 14:36:47,837 - INTERNAL - System Time: 2025-03-01 14:36:47.837555, Logical Clock: 146
2025-03-01 14:36:48,008 - INTERNAL - System Time: 2025-03-01 14:36:48.007963, Logical Clock: 147
2025-03-01 14:36:48,180 - INTERNAL - System Time: 2025-03-01 14:36:48.180240, Logical Clock: 148
2025-03-01 14:36:48,348 - INTERNAL - System Time: 2025-03-01 14:36:48.347987, Logical Clock: 149
2025-03-01 14:36:48,519 - INTERNAL - System Time: 2025-03-01 14:36:48.519065, Logical Clock: 150
2025-03-01 14:36:48,688 - INTERNAL - System Time: 2025-03-01 14:36:48.688369, Logical Clock: 151
2025-03-01 14:36:48,857 - SEND - System Time: 2025-03-01 14:36:48.857541, Logical Clock: 152, To: Machine on port 10002
2025-03-01 14:36:49,029 - RECEIVE - System Time: 2025-03-01 14:36:49.029436, Logical Clock: 153, Queue Length: 0, From: Machine 1
2025-03-01 14:36:49,197 - RECEIVE - System Time: 2025-03-01 14:36:49.197006, Logical Clock: 154, Queue Length: 0, From: Machine 1
2025-03-01 14:36:49,369 - INTERNAL - System Time: 2025-03-01 14:36:49.369141, Logical Clock: 155
2025-03-01 14:36:49,537 - SEND - System Time: 2025-03-01 14:36:49.536822, Logical Clock: 156, To: Machine on port 10002
2025-03-01 14:36:49,706 - RECEIVE - System Time: 2025-03-01 14:36:49.706640, Logical Clock: 157, Queue Length: 0, From: Machine 1
2025-03-01 14:36:49,877 - INTERNAL - System Time: 2025-03-01 14:36:49.877373, Logical Clock: 158
2025-03-01 14:36:50,045 - INTERNAL - System Time: 2025-03-01 14:36:50.044877, Logical Clock: 159
2025-03-01 14:36:50,212 - INTERNAL - System Time: 2025-03-01 14:36:50.212359, Logical Clock: 160
2025-03-01 14:36:50,384 - INTERNAL - System Time: 2025-03-01 14:36:50.384727, Logical Clock: 161
2025-03-01 14:36:50,554 - SEND - System Time: 2025-03-01 14:36:50.553948, Logical Clock: 162, To: Machine on port 10002
2025-03-01 14:36:50,722 - SEND - System Time: 2025-03-01 14:36:50.722130, Logical Clock: 163, To: Machine on port 10002
2025-03-01 14:36:50,894 - INTERNAL - System Time: 2025-03-01 14:36:50.894100, Logical Clock: 164
2025-03-01 14:36:51,066 - SEND - System Time: 2025-03-01 14:36:51.066272, Logical Clock: 165, To: Machine on port 10002
2025-03-01 14:36:51,236 - INTERNAL - System Time: 2025-03-01 14:36:51.236579, Logical Clock: 166
2025-03-01 14:36:51,407 - RECEIVE - System Time: 2025-03-01 14:36:51.407708, Logical Clock: 167, Queue Length: 0, From: Machine 1
2025-03-01 14:36:51,579 - INTERNAL - System Time: 2025-03-01 14:36:51.579647, Logical Clock: 168
2025-03-01 14:36:51,751 - RECEIVE - System Time: 2025-03-01 14:36:51.751733, Logical Clock: 169, Queue Length: 0, From: Machine 1
2025-03-01 14:36:51,921 - INTERNAL - System Time: 2025-03-01 14:36:51.919894, Logical Clock: 170
2025-03-01 14:36:52,096 - INTERNAL - System Time: 2025-03-01 14:36:52.096327, Logical Clock: 171
2025-03-01 14:36:52,268 - INTERNAL - System Time: 2025-03-01 14:36:52.268225, Logical Clock: 172
2025-03-01 14:36:52,437 - No connection to port 10000
2025-03-01 14:36:52,437 - SEND - System Time: 2025-03-01 14:36:52.437470, Logical Clock: 173, To: Machine on port 10002
2025-03-01 14:36:52,605 - INTERNAL - System Time: 2025-03-01 14:36:52.605726, Logical Clock: 174
2025-03-01 14:36:52,774 - No connection to port 10000
2025-03-01 14:36:52,774 - SEND - System Time: 2025-03-01 14:36:52.774012, Logical Clock: 175, To: Machine on port 10002
2025-03-01 14:36:52,946 - INTERNAL - System Time: 2025-03-01 14:36:52.946021, Logical Clock: 176
2025-03-01 14:36:53,114 - INTERNAL - System Time: 2025-03-01 14:36:53.114484, Logical Clock: 177
2025-03-01 14:36:53,286 - No connection to port 10000
2025-03-01 14:36:53,287 - SEND - System Time: 2025-03-01 14:36:53.286782, Logical Clock: 178, To: Machine on port 10002
2025-03-01 14:36:53,455 - INTERNAL - System Time: 2025-03-01 14:36:53.455739, Logical Clock: 179
2025-03-01 14:36:53,623 - INTERNAL - System Time: 2025-03-01 14:36:53.622994, Logical Clock: 180
2025-03-01 14:36:53,795 - INTERNAL - System Time: 2025-03-01 14:36:53.794957, Logical Clock: 181
2025-03-01 14:36:53,967 - INTERNAL - System Time: 2025-03-01 14:36:53.966945, Logical Clock: 182
2025-03-01 14:36:54,138 - INTERNAL - System Time: 2025-03-01 14:36:54.137661, Logical Clock: 183
2025-03-01 14:36:54,306 - INTERNAL - System Time: 2025-03-01 14:36:54.306498, Logical Clock: 184
2025-03-01 14:36:54,477 - INTERNAL - System Time: 2025-03-01 14:36:54.477397, Logical Clock: 185
2025-03-01 14:36:54,647 - No connection to port 10000
2025-03-01 14:36:54,815 - INTERNAL - System Time: 2025-03-01 14:36:54.814852, Logical Clock: 187
2025-03-01 14:36:54,985 - RECEIVE - System Time: 2025-03-01 14:36:54.985562, Logical Clock: 188, Queue Length: 0, From: Machine 1
2025-03-01 14:36:55,153 - RECEIVE - System Time: 2025-03-01 14:36:55.153175, Logical Clock: 189, Queue Length: 0, From: Machine 1
2025-03-01 14:36:55,321 - RECEIVE - System Time: 2025-03-01 14:36:55.321071, Logical Clock: 190, Queue Length: 0, From: Machine 1
2025-03-01 14:36:55,488 - INTERNAL - System Time: 2025-03-01 14:36:55.488375, Logical Clock: 191
2025-03-01 14:36:55,660 - No connection to port 10000
2025-03-01 14:36:55,831 - INTERNAL - System Time: 2025-03-01 14:36:55.831126, Logical Clock: 193
2025-03-01 14:36:56,001 - INTERNAL - System Time: 2025-03-01 14:36:56.000944, Logical Clock: 194
2025-03-01 14:36:56,173 - No connection to port 10000
2025-03-01 14:36:56,344 - SEND - System Time: 2025-03-01 14:36:56.344408, Logical Clock: 196, To: Machine on port 10002
2025-03-01 14:36:56,512 - No connection to port 10000
2025-03-01 14:36:56,512 - SEND - System Time: 2025-03-01 14:36:56.512320, Logical Clock: 197, To: Machine on port 10002
2025-03-01 14:36:56,684 - INTERNAL - System Time: 2025-03-01 14:36:56.684190, Logical Clock: 198
2025-03-01 14:36:56,853 - INTERNAL - System Time: 2025-03-01 14:36:56.853298, Logical Clock: 199
2025-03-01 14:36:57,024 - No connection to port 10000
2025-03-01 14:36:57,196 - INTERNAL - System Time: 2025-03-01 14:36:57.195405, Logical Clock: 201
2025-03-01 14:36:57,368 - INTERNAL - System Time: 2025-03-01 14:36:57.368874, Logical Clock: 202
2025-03-01 14:36:57,538 - INTERNAL - System Time: 2025-03-01 14:36:57.538402, Logical Clock: 203
2025-03-01 14:36:57,705 - INTERNAL - System Time: 2025-03-01 14:36:57.705749, Logical Clock: 204
2025-03-01 14:36:57,874 - SEND - System Time: 2025-03-01 14:36:57.873989, Logical Clock: 205, To: Machine on port 10002
2025-03-01 14:36:58,045 - INTERNAL - System Time: 2025-03-01 14:36:58.045863, Logical Clock: 206
2025-03-01 14:36:58,217 - RECEIVE - System Time: 2025-03-01 14:36:58.217770, Logical Clock: 207, Queue Length: 0, From: Machine 1
2025-03-01 14:36:58,389 - INTERNAL - System Time: 2025-03-01 14:36:58.389125, Logical Clock: 208
2025-03-01 14:36:58,559 - INTERNAL - System Time: 2025-03-01 14:36:58.559171, Logical Clock: 209
2025-03-01 14:36:58,731 - SEND - System Time: 2025-03-01 14:36:58.731137, Logical Clock: 210, To: Machine on port 10002
2025-03-01 14:36:58,903 - RECEIVE - System Time: 2025-03-01 14:36:58.902966, Logical Clock: 211, Queue Length: 0, From: Machine 1
2025-03-01 14:36:59,072 - INTERNAL - System Time: 2025-03-01 14:36:59.072170, Logical Clock: 212
2025-03-01 14:36:59,243 - No connection to port 10000
2025-03-01 14:36:59,244 - SEND - System Time: 2025-03-01 14:36:59.243963, Logical Clock: 213, To: Machine on port 10002
2025-03-01 14:36:59,416 - No connection to port 10000
2025-03-01 14:36:59,586 - RECEIVE - System Time: 2025-03-01 14:36:59.585825, Logical Clock: 215, Queue Length: 0, From: Machine 1
2025-03-01 14:36:59,754 - No connection to port 10000
2025-03-01 14:36:59,754 - SEND - System Time: 2025-03-01 14:36:59.753961, Logical Clock: 216, To: Machine on port 10002
2025-03-01 14:36:59,924 - INTERNAL - System Time: 2025-03-01 14:36:59.924493, Logical Clock: 217
2025-03-01 14:37:00,096 - INTERNAL - System Time: 2025-03-01 14:37:00.095927, Logical Clock: 218
2025-03-01 14:37:00,268 - INTERNAL - System Time: 2025-03-01 14:37:00.268150, Logical Clock: 219
2025-03-01 14:37:00,438 - INTERNAL - System Time: 2025-03-01 14:37:00.438417, Logical Clock: 220
2025-03-01 14:37:00,607 - RECEIVE - System Time: 2025-03-01 14:37:00.607043, Logical Clock: 221, Queue Length: 0, From: Machine 1
2025-03-01 14:37:00,777 - No connection to port 10000
2025-03-01 14:37:00,947 - INTERNAL - System Time: 2025-03-01 14:37:00.947868, Logical Clock: 223
2025-03-01 14:37:01,119 - INTERNAL - System Time: 2025-03-01 14:37:01.118947, Logical Clock: 224
2025-03-01 14:37:01,288 - INTERNAL - System Time: 2025-03-01 14:37:01.288253, Logical Clock: 225
2025-03-01 14:37:01,459 - No connection to port 10000
2025-03-01 14:37:01,459 - SEND - System Time: 2025-03-01 14:37:01.459317, Logical Clock: 226, To: Machine on port 10002
2025-03-01 14:37:01,627 - INTERNAL - System Time: 2025-03-01 14:37:01.627027, Logical Clock: 227
2025-03-01 14:37:01,797 - INTERNAL - System Time: 2025-03-01 14:37:01.796938, Logical Clock: 228
2025-03-01 14:37:01,966 - RECEIVE - System Time: 2025-03-01 14:37:01.966223, Logical Clock: 229, Queue Length: 0, From: Machine 1
2025-03-01 14:37:02,139 - INTERNAL - System Time: 2025-03-01 14:37:02.138945, Logical Clock: 230
2025-03-01 14:37:02,308 - SEND - System Time: 2025-03-01 14:37:02.308497, Logical Clock: 231, To: Machine on port 10002
2025-03-01 14:37:02,479 - INTERNAL - System Time: 2025-03-01 14:37:02.479308, Logical Clock: 232
2025-03-01 14:37:02,647 - No connection to port 10000
2025-03-01 14:37:02,647 - SEND - System Time: 2025-03-01 14:37:02.647182, Logical Clock: 233, To: Machine on port 10002
2025-03-01 14:37:02,817 - RECEIVE - System Time: 2025-03-01 14:37:02.817502, Logical Clock: 234, Queue Length: 0, From: Machine 1
2025-03-01 14:37:02,988 - INTERNAL - System Time: 2025-03-01 14:37:02.988545, Logical Clock: 235
2025-03-01 14:37:03,160 - INTERNAL - System Time: 2025-03-01 14:37:03.160634, Logical Clock: 236
2025-03-01 14:37:03,329 - INTERNAL - System Time: 2025-03-01 14:37:03.329349, Logical Clock: 237
2025-03-01 14:37:03,500 - INTERNAL - System Time: 2025-03-01 14:37:03.500456, Logical Clock: 238
2025-03-01 14:37:03,670 - INTERNAL - System Time: 2025-03-01 14:37:03.669847, Logical Clock: 239
2025-03-01 14:37:03,840 - INTERNAL - System Time: 2025-03-01 14:37:03.839944, Logical Clock: 240
2025-03-01 14:37:04,009 - INTERNAL - System Time: 2025-03-01 14:37:04.009253, Logical Clock: 241
2025-03-01 14:37:04,181 - INTERNAL - System Time: 2025-03-01 14:37:04.181564, Logical Clock: 242
2025-03-01 14:37:04,353 - No connection to port 10000
2025-03-01 14:37:04,524 - INTERNAL - System Time: 2025-03-01 14:37:04.524086, Logical Clock: 244
2025-03-01 14:37:04,692 - RECEIVE - System Time: 2025-03-01 14:37:04.692517, Logical Clock: 245, Queue Length: 0, From: Machine 1
2025-03-01 14:37:04,864 - SEND - System Time: 2025-03-01 14:37:04.863949, Logical Clock: 246, To: Machine on port 10002
2025-03-01 14:37:05,035 - INTERNAL - System Time: 2025-03-01 14:37:05.035663, Logical Clock: 247
2025-03-01 14:37:05,206 - No connection to port 10000
2025-03-01 14:37:05,207 - SEND - System Time: 2025-03-01 14:37:05.206720, Logical Clock: 248, To: Machine on port 10002
2025-03-01 14:37:05,376 - INTERNAL - System Time: 2025-03-01 14:37:05.375922, Logical Clock: 249
2025-03-01 14:37:05,546 - INTERNAL - System Time: 2025-03-01 14:37:05.546572, Logical Clock: 250
2025-03-01 14:37:05,719 - RECEIVE - System Time: 2025-03-01 14:37:05.719046, Logical Clock: 251, Queue Length: 0, From: Machine 1
2025-03-01 14:37:05,889 - RECEIVE - System Time: 2025-03-01 14:37:05.889789, Logical Clock: 252, Queue Length: 0, From: Machine 1
2025-03-01 14:37:06,059 - INTERNAL - System Time: 2025-03-01 14:37:06.059181, Logical Clock: 253
2025-03-01 14:37:06,228 - INTERNAL - System Time: 2025-03-01 14:37:06.228262, Logical Clock: 254
2025-03-01 14:37:06,400 - No connection to port 10000
2025-03-01 14:37:06,400 - SEND - System Time: 2025-03-01 14:37:06.400587, Logical Clock: 255, To: Machine on port 10002
2025-03-01 14:37:06,570 - INTERNAL - System Time: 2025-03-01 14:37:06.569858, Logical Clock: 256
2025-03-01 14:37:06,741 - INTERNAL - System Time: 2025-03-01 14:37:06.741227, Logical Clock: 257
2025-03-01 14:37:06,912 - INTERNAL - System Time: 2025-03-01 14:37:06.912286, Logical Clock: 258
2025-03-01 14:37:07,082 - No connection to port 10000
2025-03-01 14:37:07,083 - SEND - System Time: 2025-03-01 14:37:07.082651, Logical Clock: 259, To: Machine on port 10002
2025-03-01 14:37:07,253 - No connection to port 10000
2025-03-01 14:37:07,423 - No connection to port 10000
2025-03-01 14:37:07,423 - SEND - System Time: 2025-03-01 14:37:07.423217, Logical Clock: 261, To: Machine on port 10002
2025-03-01 14:37:07,594 - INTERNAL - System Time: 2025-03-01 14:37:07.594568, Logical Clock: 262
2025-03-01 14:37:07,762 - No connection to port 10000
2025-03-01 14:37:07,762 - SEND - System Time: 2025-03-01 14:37:07.762341, Logical Clock: 263, To: Machine on port 10002
2025-03-01 14:37:07,934 - INTERNAL - System Time: 2025-03-01 14:37:07.934681, Logical Clock: 264
2025-03-01 14:37:08,105 - RECEIVE - System Time: 2025-03-01 14:37:08.105125, Logical Clock: 265, Queue Length: 0, From: Machine 1
2025-03-01 14:37:08,277 - INTERNAL - System Time: 2025-03-01 14:37:08.277175, Logical Clock: 266
2025-03-01 14:37:08,447 - INTERNAL - System Time: 2025-03-01 14:37:08.446994, Logical Clock: 267
2025-03-01 14:37:08,619 - SEND - System Time: 2025-03-01 14:37:08.619516, Logical Clock: 268, To: Machine on port 10002
2025-03-01 14:37:08,790 - INTERNAL - System Time: 2025-03-01 14:37:08.790025, Logical Clock: 269
2025-03-01 14:37:08,960 - INTERNAL - System Time: 2025-03-01 14:37:08.959802, Logical Clock: 270
2025-03-01 14:37:09,131 - RECEIVE - System Time: 2025-03-01 14:37:09.131103, Logical Clock: 271, Queue Length: 0, From: Machine 1
2025-03-01 14:37:09,303 - INTERNAL - System Time: 2025-03-01 14:37:09.303081, Logical Clock: 272
2025-03-01 14:37:09,474 - RECEIVE - System Time: 2025-03-01 14:37:09.474610, Logical Clock: 273, Queue Length: 0, From: Machine 1
2025-03-01 14:37:09,643 - SEND - System Time: 2025-03-01 14:37:09.643499, Logical Clock: 274, To: Machine on port 10002
2025-03-01 14:37:09,813 - INTERNAL - System Time: 2025-03-01 14:37:09.813226, Logical Clock: 275
2025-03-01 14:37:09,985 - RECEIVE - System Time: 2025-03-01 14:37:09.985432, Logical Clock: 276, Queue Length: 0, From: Machine 1
2025-03-01 14:37:10,155 - INTERNAL - System Time: 2025-03-01 14:37:10.155732, Logical Clock: 277
2025-03-01 14:37:10,324 - INTERNAL - System Time: 2025-03-01 14:37:10.323993, Logical Clock: 278
2025-03-01 14:37:10,496 - INTERNAL - System Time: 2025-03-01 14:37:10.496166, Logical Clock: 279
2025-03-01 14:37:10,667 - RECEIVE - System Time: 2025-03-01 14:37:10.666971, Logical Clock: 280, Queue Length: 0, From: Machine 1
2025-03-01 14:37:10,835 - SEND - System Time: 2025-03-01 14:37:10.835597, Logical Clock: 281, To: Machine on port 10002
2025-03-01 14:37:11,005 - No connection to port 10000
2025-03-01 14:37:11,175 - INTERNAL - System Time: 2025-03-01 14:37:11.175640, Logical Clock: 283
2025-03-01 14:37:11,348 - No connection to port 10000
2025-03-01 14:37:11,348 - SEND - System Time: 2025-03-01 14:37:11.348003, Logical Clock: 284, To: Machine on port 10002
2025-03-01 14:37:11,519 - INTERNAL - System Time: 2025-03-01 14:37:11.519802, Logical Clock: 285
2025-03-01 14:37:11,688 - INTERNAL - System Time: 2025-03-01 14:37:11.688412, Logical Clock: 286
2025-03-01 14:37:11,855 - RECEIVE - System Time: 2025-03-01 14:37:11.855761, Logical Clock: 287, Queue Length: 0, From: Machine 1
2025-03-01 14:37:12,028 - No connection to port 10000
2025-03-01 14:37:12,197 - SEND - System Time: 2025-03-01 14:37:12.197109, Logical Clock: 289, To: Machine on port 10002
2025-03-01 14:37:12,369 - RECEIVE - System Time: 2025-03-01 14:37:12.369347, Logical Clock: 290, Queue Length: 0, From: Machine 1
2025-03-01 14:37:12,541 - RECEIVE - System Time: 2025-03-01 14:37:12.541218, Logical Clock: 291, Queue Length: 0, From: Machine 1
2025-03-01 14:37:12,709 - INTERNAL - System Time: 2025-03-01 14:37:12.709143, Logical Clock: 292
2025-03-01 14:37:12,879 - INTERNAL - System Time: 2025-03-01 14:37:12.879361, Logical Clock: 293
2025-03-01 14:37:13,050 - INTERNAL - System Time: 2025-03-01 14:37:13.050311, Logical Clock: 294
2025-03-01 14:37:13,219 - No connection to port 10000
2025-03-01 14:37:13,219 - SEND - System Time: 2025-03-01 14:37:13.219010, Logical Clock: 295, To: Machine on port 10002
2025-03-01 14:37:13,391 - RECEIVE - System Time: 2025-03-01 14:37:13.391224, Logical Clock: 296, Queue Length: 0, From: Machine 1
2025-03-01 14:37:13,559 - INTERNAL - System Time: 2025-03-01 14:37:13.559164, Logical Clock: 297
2025-03-01 14:37:13,731 - INTERNAL - System Time: 2025-03-01 14:37:13.731487, Logical Clock: 298
2025-03-01 14:37:13,900 - INTERNAL - System Time: 2025-03-01 14:37:13.900413, Logical Clock: 299
2025-03-01 14:37:14,069 - INTERNAL - System Time: 2025-03-01 14:37:14.069749, Logical Clock: 300
2025-03-01 14:37:14,237 - INTERNAL - System Time: 2025-03-01 14:37:14.237580, Logical Clock: 301
2025-03-01 14:37:14,406 - No connection to port 10000
2025-03-01 14:37:14,406 - SEND - System Time: 2025-03-01 14:37:14.405960, Logical Clock: 302, To: Machine on port 10002
2025-03-01 14:37:14,574 - INTERNAL - System Time: 2025-03-01 14:37:14.574047, Logical Clock: 303
2025-03-01 14:37:14,743 - RECEIVE - System Time: 2025-03-01 14:37:14.743052, Logical Clock: 304, Queue Length: 0, From: Machine 1
2025-03-01 14:37:14,915 - INTERNAL - System Time: 2025-03-01 14:37:14.915241, Logical Clock: 305
2025-03-01 14:37:15,085 - RECEIVE - System Time: 2025-03-01 14:37:15.085484, Logical Clock: 306, Queue Length: 0, From: Machine 1
2025-03-01 14:37:15,256 - RECEIVE - System Time: 2025-03-01 14:37:15.256092, Logical Clock: 307, Queue Length: 0, From: Machine 1
2025-03-01 14:37:15,424 - RECEIVE - System Time: 2025-03-01 14:37:15.424082, Logical Clock: 308, Queue Length: 0, From: Machine 1
2025-03-01 14:37:15,593 - INTERNAL - System Time: 2025-03-01 14:37:15.593628, Logical Clock: 309
2025-03-01 14:37:15,762 - No connection to port 10000
2025-03-01 14:37:15,934 - INTERNAL - System Time: 2025-03-01 14:37:15.934549, Logical Clock: 311
2025-03-01 14:37:16,106 - INTERNAL - System Time: 2025-03-01 14:37:16.106569, Logical Clock: 312
2025-03-01 14:37:16,278 - INTERNAL - System Time: 2025-03-01 14:37:16.278634, Logical Clock: 313
2025-03-01 14:37:16,448 - INTERNAL - System Time: 2025-03-01 14:37:16.447990, Logical Clock: 314
2025-03-01 14:37:16,620 - SEND - System Time: 2025-03-01 14:37:16.620371, Logical Clock: 315, To: Machine on port 10002
2025-03-01 14:37:16,790 - INTERNAL - System Time: 2025-03-01 14:37:16.790819, Logical Clock: 316
2025-03-01 14:37:16,959 - INTERNAL - System Time: 2025-03-01 14:37:16.959259, Logical Clock: 317
2025-03-01 14:37:17,127 - INTERNAL - System Time: 2025-03-01 14:37:17.127114, Logical Clock: 318
2025-03-01 14:37:17,297 - RECEIVE - System Time: 2025-03-01 14:37:17.296993, Logical Clock: 319, Queue Length: 0, From: Machine 1
2025-03-01 14:37:17,465 - INTERNAL - System Time: 2025-03-01 14:37:17.465316, Logical Clock: 320
2025-03-01 14:37:17,635 - INTERNAL - System Time: 2025-03-01 14:37:17.635377, Logical Clock: 321
2025-03-01 14:37:17,803 - INTERNAL - System Time: 2025-03-01 14:37:17.803652, Logical Clock: 322
2025-03-01 14:37:17,973 - INTERNAL - System Time: 2025-03-01 14:37:17.973595, Logical Clock: 323
2025-03-01 14:37:18,146 - INTERNAL - System Time: 2025-03-01 14:37:18.145779, Logical Clock: 324
2025-03-01 14:37:18,318 - INTERNAL - System Time: 2025-03-01 14:37:18.318101, Logical Clock: 325
2025-03-01 14:37:18,490 - RECEIVE - System Time: 2025-03-01 14:37:18.490381, Logical Clock: 326, Queue Length: 0, From: Machine 1
2025-03-01 14:37:18,661 - No connection to port 10000
2025-03-01 14:37:18,661 - SEND - System Time: 2025-03-01 14:37:18.660997, Logical Clock: 327, To: Machine on port 10002
2025-03-01 14:37:18,831 - INTERNAL - System Time: 2025-03-01 14:37:18.831245, Logical Clock: 328
2025-03-01 14:37:19,003 - INTERNAL - System Time: 2025-03-01 14:37:19.003005, Logical Clock: 329
2025-03-01 14:37:19,171 - RECEIVE - System Time: 2025-03-01 14:37:19.171433, Logical Clock: 330, Queue Length: 0, From: Machine 1
2025-03-01 14:37:19,340 - SEND - System Time: 2025-03-01 14:37:19.339935, Logical Clock: 331, To: Machine on port 10002
2025-03-01 14:37:19,509 - INTERNAL - System Time: 2025-03-01 14:37:19.509235, Logical Clock: 332
2025-03-01 14:37:19,681 - INTERNAL - System Time: 2025-03-01 14:37:19.681633, Logical Clock: 333
2025-03-01 14:37:19,853 - INTERNAL - System Time: 2025-03-01 14:37:19.853637, Logical Clock: 334
2025-03-01 14:37:20,024 - INTERNAL - System Time: 2025-03-01 14:37:20.023969, Logical Clock: 335
2025-03-01 14:37:20,192 - SEND - System Time: 2025-03-01 14:37:20.191906, Logical Clock: 336, To: Machine on port 10002
2025-03-01 14:37:20,362 - INTERNAL - System Time: 2025-03-01 14:37:20.362518, Logical Clock: 337
2025-03-01 14:37:20,530 - INTERNAL - System Time: 2025-03-01 14:37:20.529968, Logical Clock: 338
2025-03-01 14:37:20,698 - INTERNAL - System Time: 2025-03-01 14:37:20.697963, Logical Clock: 339
2025-03-01 14:37:20,870 - INTERNAL - System Time: 2025-03-01 14:37:20.870169, Logical Clock: 340
2025-03-01 14:37:21,042 - No connection to port 10000
2025-03-01 14:37:21,212 - No connection to port 10000
2025-03-01 14:37:21,212 - SEND - System Time: 2025-03-01 14:37:21.212326, Logical Clock: 342, To: Machine on port 10002
2025-03-01 14:37:21,385 - RECEIVE - System Time: 2025-03-01 14:37:21.384891, Logical Clock: 343, Queue Length: 0, From: Machine 1
2025-03-01 14:37:21,553 - INTERNAL - System Time: 2025-03-01 14:37:21.552978, Logical Clock: 344
2025-03-01 14:37:21,723 - INTERNAL - System Time: 2025-03-01 14:37:21.723311, Logical Clock: 345
2025-03-01 14:37:21,894 - INTERNAL - System Time: 2025-03-01 14:37:21.894573, Logical Clock: 346
2025-03-01 14:37:22,063 - INTERNAL - System Time: 2025-03-01 14:37:22.063892, Logical Clock: 347
2025-03-01 14:37:22,231 - INTERNAL - System Time: 2025-03-01 14:37:22.231150, Logical Clock: 348
2025-03-01 14:37:22,400 - RECEIVE - System Time: 2025-03-01 14:37:22.400302, Logical Clock: 349, Queue Length: 0, From: Machine 1
2025-03-01 14:37:22,572 - INTERNAL - System Time: 2025-03-01 14:37:22.572171, Logical Clock: 350
2025-03-01 14:37:22,743 - INTERNAL - System Time: 2025-03-01 14:37:22.743566, Logical Clock: 351
2025-03-01 14:37:22,911 - RECEIVE - System Time: 2025-03-01 14:37:22.911072, Logical Clock: 352, Queue Length: 0, From: Machine 1
2025-03-01 14:37:23,079 - RECEIVE - System Time: 2025-03-01 14:37:23.079305, Logical Clock: 353, Queue Length: 0, From: Machine 1
