2025-03-04 16:50:20,177 - Virtual Machine 1 initialized
2025-03-04 16:50:20,177 - Clock Rate: 2 ticks/second
2025-03-04 16:50:20,177 - Listening on port: 10000
2025-03-04 16:50:20,177 - Peer ports: [10001, 10002]
2025-03-04 16:50:20,500 - Accepted connection from ('127.0.0.1', 61600)
2025-03-04 16:50:20,884 - Accepted connection from ('127.0.0.1', 61604)
2025-03-04 16:50:21,186 - Connected to peer on port 10001
2025-03-04 16:50:21,188 - Connected to peer on port 10002
2025-03-04 16:50:21,189 - Network initialization completed
2025-03-04 16:50:21,189 - Starting main event loop
2025-03-04 16:50:21,189 - Clock rate: 2 ticks/second
2025-03-04 16:50:21,189 - SEND - System Time: 2025-03-04 16:50:21.189676, Logical Clock: 1, To: Machine on port 10001
2025-03-04 16:50:21,693 - INTERNAL - System Time: 2025-03-04 16:50:21.693407, Logical Clock: 2
2025-03-04 16:50:22,199 - INTERNAL - System Time: 2025-03-04 16:50:22.199802, Logical Clock: 3
2025-03-04 16:50:22,705 - SEND - System Time: 2025-03-04 16:50:22.705526, Logical Clock: 4, To: Machine on port 10002
2025-03-04 16:50:23,207 - INTERNAL - System Time: 2025-03-04 16:50:23.207443, Logical Clock: 5
2025-03-04 16:50:23,713 - INTERNAL - System Time: 2025-03-04 16:50:23.712896, Logical Clock: 6
2025-03-04 16:50:24,217 - INTERNAL - System Time: 2025-03-04 16:50:24.217429, Logical Clock: 7
2025-03-04 16:50:24,723 - INTERNAL - System Time: 2025-03-04 16:50:24.723265, Logical Clock: 8
2025-03-04 16:50:25,224 - INTERNAL - System Time: 2025-03-04 16:50:25.224534, Logical Clock: 9
2025-03-04 16:50:25,726 - INTERNAL - System Time: 2025-03-04 16:50:25.726717, Logical Clock: 10
2025-03-04 16:50:26,230 - INTERNAL - System Time: 2025-03-04 16:50:26.229881, Logical Clock: 11
2025-03-04 16:50:26,733 - INTERNAL - System Time: 2025-03-04 16:50:26.733271, Logical Clock: 12
2025-03-04 16:50:27,236 - INTERNAL - System Time: 2025-03-04 16:50:27.236523, Logical Clock: 13
2025-03-04 16:50:27,738 - INTERNAL - System Time: 2025-03-04 16:50:27.738582, Logical Clock: 14
2025-03-04 16:50:28,244 - SEND - System Time: 2025-03-04 16:50:28.244405, Logical Clock: 15, To: Machine on port 10001
2025-03-04 16:50:28,746 - SEND - System Time: 2025-03-04 16:50:28.746093, Logical Clock: 16, To: Machine on port 10002
2025-03-04 16:50:29,248 - INTERNAL - System Time: 2025-03-04 16:50:29.248068, Logical Clock: 17
2025-03-04 16:50:29,750 - SEND - System Time: 2025-03-04 16:50:29.749999, Logical Clock: 18, To: Machine on port 10001
2025-03-04 16:50:30,252 - INTERNAL - System Time: 2025-03-04 16:50:30.252811, Logical Clock: 19
2025-03-04 16:50:30,757 - INTERNAL - System Time: 2025-03-04 16:50:30.757309, Logical Clock: 20
2025-03-04 16:50:31,262 - INTERNAL - System Time: 2025-03-04 16:50:31.262433, Logical Clock: 21
2025-03-04 16:50:31,768 - SEND - System Time: 2025-03-04 16:50:31.768071, Logical Clock: 22, To: Machine on port 10002
2025-03-04 16:50:32,273 - SEND - System Time: 2025-03-04 16:50:32.273646, Logical Clock: 23, To: Machine on port 10002
2025-03-04 16:50:32,776 - SEND - System Time: 2025-03-04 16:50:32.776734, Logical Clock: 24, To: Machine on port 10001
2025-03-04 16:50:32,777 - SEND - System Time: 2025-03-04 16:50:32.776734, Logical Clock: 24, To: Machine on port 10002
2025-03-04 16:50:33,279 - INTERNAL - System Time: 2025-03-04 16:50:33.279126, Logical Clock: 25
2025-03-04 16:50:33,784 - INTERNAL - System Time: 2025-03-04 16:50:33.784287, Logical Clock: 26
2025-03-04 16:50:34,286 - INTERNAL - System Time: 2025-03-04 16:50:34.286684, Logical Clock: 27
2025-03-04 16:50:34,788 - SEND - System Time: 2025-03-04 16:50:34.788586, Logical Clock: 28, To: Machine on port 10001
2025-03-04 16:50:34,788 - SEND - System Time: 2025-03-04 16:50:34.788586, Logical Clock: 28, To: Machine on port 10002
2025-03-04 16:50:35,290 - INTERNAL - System Time: 2025-03-04 16:50:35.290842, Logical Clock: 29
2025-03-04 16:50:35,795 - INTERNAL - System Time: 2025-03-04 16:50:35.795536, Logical Clock: 30
2025-03-04 16:50:36,296 - INTERNAL - System Time: 2025-03-04 16:50:36.296630, Logical Clock: 31
2025-03-04 16:50:36,802 - INTERNAL - System Time: 2025-03-04 16:50:36.801944, Logical Clock: 32
2025-03-04 16:50:37,307 - SEND - System Time: 2025-03-04 16:50:37.307732, Logical Clock: 33, To: Machine on port 10002
2025-03-04 16:50:37,813 - INTERNAL - System Time: 2025-03-04 16:50:37.813193, Logical Clock: 34
2025-03-04 16:50:38,316 - INTERNAL - System Time: 2025-03-04 16:50:38.316421, Logical Clock: 35
2025-03-04 16:50:38,822 - INTERNAL - System Time: 2025-03-04 16:50:38.821888, Logical Clock: 36
2025-03-04 16:50:39,327 - INTERNAL - System Time: 2025-03-04 16:50:39.327064, Logical Clock: 37
2025-03-04 16:50:39,832 - INTERNAL - System Time: 2025-03-04 16:50:39.832548, Logical Clock: 38
2025-03-04 16:50:40,333 - INTERNAL - System Time: 2025-03-04 16:50:40.333351, Logical Clock: 39
2025-03-04 16:50:40,838 - SEND - System Time: 2025-03-04 16:50:40.838777, Logical Clock: 40, To: Machine on port 10001
2025-03-04 16:50:41,347 - INTERNAL - System Time: 2025-03-04 16:50:41.347511, Logical Clock: 41
2025-03-04 16:50:41,850 - SEND - System Time: 2025-03-04 16:50:41.849620, Logical Clock: 42, To: Machine on port 10001
2025-03-04 16:50:42,355 - INTERNAL - System Time: 2025-03-04 16:50:42.355556, Logical Clock: 43
2025-03-04 16:50:42,857 - INTERNAL - System Time: 2025-03-04 16:50:42.856979, Logical Clock: 44
2025-03-04 16:50:43,359 - INTERNAL - System Time: 2025-03-04 16:50:43.359066, Logical Clock: 45
2025-03-04 16:50:43,861 - SEND - System Time: 2025-03-04 16:50:43.861156, Logical Clock: 46, To: Machine on port 10001
2025-03-04 16:50:43,861 - SEND - System Time: 2025-03-04 16:50:43.861156, Logical Clock: 46, To: Machine on port 10002
2025-03-04 16:50:44,363 - INTERNAL - System Time: 2025-03-04 16:50:44.363679, Logical Clock: 47
2025-03-04 16:50:44,870 - INTERNAL - System Time: 2025-03-04 16:50:44.869809, Logical Clock: 48
2025-03-04 16:50:45,374 - INTERNAL - System Time: 2025-03-04 16:50:45.373773, Logical Clock: 49
2025-03-04 16:50:45,877 - SEND - System Time: 2025-03-04 16:50:45.877112, Logical Clock: 50, To: Machine on port 10001
2025-03-04 16:50:46,379 - INTERNAL - System Time: 2025-03-04 16:50:46.379709, Logical Clock: 51
2025-03-04 16:50:46,885 - INTERNAL - System Time: 2025-03-04 16:50:46.884731, Logical Clock: 52
2025-03-04 16:50:47,390 - INTERNAL - System Time: 2025-03-04 16:50:47.390658, Logical Clock: 53
2025-03-04 16:50:47,896 - SEND - System Time: 2025-03-04 16:50:47.895990, Logical Clock: 54, To: Machine on port 10002
2025-03-04 16:50:48,401 - INTERNAL - System Time: 2025-03-04 16:50:48.401540, Logical Clock: 55
2025-03-04 16:50:48,905 - INTERNAL - System Time: 2025-03-04 16:50:48.905830, Logical Clock: 56
2025-03-04 16:50:49,409 - SEND - System Time: 2025-03-04 16:50:49.408921, Logical Clock: 57, To: Machine on port 10001
2025-03-04 16:50:49,409 - SEND - System Time: 2025-03-04 16:50:49.408921, Logical Clock: 57, To: Machine on port 10002
2025-03-04 16:50:49,910 - INTERNAL - System Time: 2025-03-04 16:50:49.910594, Logical Clock: 58
2025-03-04 16:50:50,415 - INTERNAL - System Time: 2025-03-04 16:50:50.415573, Logical Clock: 59
2025-03-04 16:50:50,917 - INTERNAL - System Time: 2025-03-04 16:50:50.917119, Logical Clock: 60
2025-03-04 16:50:51,420 - INTERNAL - System Time: 2025-03-04 16:50:51.420751, Logical Clock: 61
2025-03-04 16:50:51,925 - SEND - System Time: 2025-03-04 16:50:51.924926, Logical Clock: 62, To: Machine on port 10001
2025-03-04 16:50:52,428 - SEND - System Time: 2025-03-04 16:50:52.428339, Logical Clock: 63, To: Machine on port 10002
2025-03-04 16:50:52,930 - SEND - System Time: 2025-03-04 16:50:52.930032, Logical Clock: 64, To: Machine on port 10001
2025-03-04 16:50:52,930 - SEND - System Time: 2025-03-04 16:50:52.930032, Logical Clock: 64, To: Machine on port 10002
2025-03-04 16:50:53,435 - INTERNAL - System Time: 2025-03-04 16:50:53.435583, Logical Clock: 65
2025-03-04 16:50:53,940 - SEND - System Time: 2025-03-04 16:50:53.940108, Logical Clock: 66, To: Machine on port 10001
2025-03-04 16:50:53,940 - SEND - System Time: 2025-03-04 16:50:53.940108, Logical Clock: 66, To: Machine on port 10002
2025-03-04 16:50:54,446 - SEND - System Time: 2025-03-04 16:50:54.445510, Logical Clock: 67, To: Machine on port 10002
2025-03-04 16:50:54,948 - SEND - System Time: 2025-03-04 16:50:54.948836, Logical Clock: 68, To: Machine on port 10001
2025-03-04 16:50:54,949 - SEND - System Time: 2025-03-04 16:50:54.948836, Logical Clock: 68, To: Machine on port 10002
2025-03-04 16:50:55,454 - INTERNAL - System Time: 2025-03-04 16:50:55.454164, Logical Clock: 69
2025-03-04 16:50:55,957 - INTERNAL - System Time: 2025-03-04 16:50:55.956980, Logical Clock: 70
2025-03-04 16:50:56,458 - INTERNAL - System Time: 2025-03-04 16:50:56.458112, Logical Clock: 71
2025-03-04 16:50:56,961 - INTERNAL - System Time: 2025-03-04 16:50:56.961017, Logical Clock: 72
2025-03-04 16:50:57,467 - SEND - System Time: 2025-03-04 16:50:57.467061, Logical Clock: 73, To: Machine on port 10002
2025-03-04 16:50:57,972 - INTERNAL - System Time: 2025-03-04 16:50:57.972268, Logical Clock: 74
2025-03-04 16:50:58,476 - INTERNAL - System Time: 2025-03-04 16:50:58.476558, Logical Clock: 75
2025-03-04 16:50:58,979 - INTERNAL - System Time: 2025-03-04 16:50:58.979531, Logical Clock: 76
2025-03-04 16:50:59,483 - INTERNAL - System Time: 2025-03-04 16:50:59.482968, Logical Clock: 77
2025-03-04 16:50:59,988 - SEND - System Time: 2025-03-04 16:50:59.988569, Logical Clock: 78, To: Machine on port 10001
2025-03-04 16:51:00,491 - INTERNAL - System Time: 2025-03-04 16:51:00.491637, Logical Clock: 79
2025-03-04 16:51:00,997 - INTERNAL - System Time: 2025-03-04 16:51:00.996899, Logical Clock: 80
2025-03-04 16:51:01,499 - INTERNAL - System Time: 2025-03-04 16:51:01.498929, Logical Clock: 81
2025-03-04 16:51:01,999 - SEND - System Time: 2025-03-04 16:51:01.999744, Logical Clock: 82, To: Machine on port 10001
2025-03-04 16:51:02,502 - INTERNAL - System Time: 2025-03-04 16:51:02.501967, Logical Clock: 83
2025-03-04 16:51:03,006 - SEND - System Time: 2025-03-04 16:51:03.006115, Logical Clock: 84, To: Machine on port 10002
2025-03-04 16:51:03,511 - INTERNAL - System Time: 2025-03-04 16:51:03.511413, Logical Clock: 85
2025-03-04 16:51:04,016 - INTERNAL - System Time: 2025-03-04 16:51:04.016627, Logical Clock: 86
2025-03-04 16:51:04,522 - SEND - System Time: 2025-03-04 16:51:04.522282, Logical Clock: 87, To: Machine on port 10001
2025-03-04 16:51:05,027 - INTERNAL - System Time: 2025-03-04 16:51:05.027391, Logical Clock: 88
2025-03-04 16:51:05,533 - INTERNAL - System Time: 2025-03-04 16:51:05.532827, Logical Clock: 89
2025-03-04 16:51:06,038 - SEND - System Time: 2025-03-04 16:51:06.038800, Logical Clock: 90, To: Machine on port 10002
2025-03-04 16:51:06,544 - INTERNAL - System Time: 2025-03-04 16:51:06.544078, Logical Clock: 91
2025-03-04 16:51:07,049 - INTERNAL - System Time: 2025-03-04 16:51:07.049806, Logical Clock: 92
2025-03-04 16:51:07,555 - SEND - System Time: 2025-03-04 16:51:07.555570, Logical Clock: 93, To: Machine on port 10001
2025-03-04 16:51:07,555 - SEND - System Time: 2025-03-04 16:51:07.555570, Logical Clock: 93, To: Machine on port 10002
2025-03-04 16:51:08,056 - SEND - System Time: 2025-03-04 16:51:08.056722, Logical Clock: 94, To: Machine on port 10001
2025-03-04 16:51:08,562 - INTERNAL - System Time: 2025-03-04 16:51:08.562361, Logical Clock: 95
2025-03-04 16:51:09,067 - SEND - System Time: 2025-03-04 16:51:09.067759, Logical Clock: 96, To: Machine on port 10002
2025-03-04 16:51:09,573 - INTERNAL - System Time: 2025-03-04 16:51:09.573118, Logical Clock: 97
2025-03-04 16:51:10,074 - INTERNAL - System Time: 2025-03-04 16:51:10.074393, Logical Clock: 98
2025-03-04 16:51:10,577 - INTERNAL - System Time: 2025-03-04 16:51:10.576685, Logical Clock: 99
2025-03-04 16:51:11,080 - INTERNAL - System Time: 2025-03-04 16:51:11.079863, Logical Clock: 100
2025-03-04 16:51:11,581 - INTERNAL - System Time: 2025-03-04 16:51:11.580907, Logical Clock: 101
2025-03-04 16:51:12,087 - INTERNAL - System Time: 2025-03-04 16:51:12.086997, Logical Clock: 102
2025-03-04 16:51:12,592 - SEND - System Time: 2025-03-04 16:51:12.591613, Logical Clock: 103, To: Machine on port 10001
2025-03-04 16:51:13,097 - SEND - System Time: 2025-03-04 16:51:13.097628, Logical Clock: 104, To: Machine on port 10001
2025-03-04 16:51:13,603 - INTERNAL - System Time: 2025-03-04 16:51:13.602954, Logical Clock: 105
2025-03-04 16:51:14,108 - INTERNAL - System Time: 2025-03-04 16:51:14.108527, Logical Clock: 106
2025-03-04 16:51:14,612 - INTERNAL - System Time: 2025-03-04 16:51:14.612320, Logical Clock: 107
2025-03-04 16:51:15,117 - INTERNAL - System Time: 2025-03-04 16:51:15.116847, Logical Clock: 108
2025-03-04 16:51:15,617 - SEND - System Time: 2025-03-04 16:51:15.617790, Logical Clock: 109, To: Machine on port 10002
2025-03-04 16:51:16,123 - INTERNAL - System Time: 2025-03-04 16:51:16.123055, Logical Clock: 110
2025-03-04 16:51:16,628 - INTERNAL - System Time: 2025-03-04 16:51:16.628073, Logical Clock: 111
2025-03-04 16:51:17,129 - SEND - System Time: 2025-03-04 16:51:17.129845, Logical Clock: 112, To: Machine on port 10001
2025-03-04 16:51:17,635 - INTERNAL - System Time: 2025-03-04 16:51:17.635070, Logical Clock: 113
2025-03-04 16:51:18,140 - INTERNAL - System Time: 2025-03-04 16:51:18.140310, Logical Clock: 114
2025-03-04 16:51:18,645 - SEND - System Time: 2025-03-04 16:51:18.645780, Logical Clock: 115, To: Machine on port 10001
2025-03-04 16:51:19,151 - INTERNAL - System Time: 2025-03-04 16:51:19.151032, Logical Clock: 116
2025-03-04 16:51:19,656 - INTERNAL - System Time: 2025-03-04 16:51:19.656707, Logical Clock: 117
2025-03-04 16:51:20,162 - INTERNAL - System Time: 2025-03-04 16:51:20.162106, Logical Clock: 118
2025-03-04 16:51:20,666 - INTERNAL - System Time: 2025-03-04 16:51:20.666589, Logical Clock: 119
