2025-03-04 17:29:23,566 - Virtual Machine 2 initialized
2025-03-04 17:29:23,566 - Clock Rate: 6 ticks/second
2025-03-04 17:29:23,566 - Listening on port: 10001
2025-03-04 17:29:23,566 - Peer ports: [10000, 10002]
2025-03-04 17:29:23,567 - Connected to peer on port 10000
2025-03-04 17:29:24,028 - Accepted connection from ('127.0.0.1', 52226)
2025-03-04 17:29:24,055 - Accepted connection from ('127.0.0.1', 52229)
2025-03-04 17:29:24,571 - Connected to peer on port 10002
2025-03-04 17:29:24,571 - Network initialization completed
2025-03-04 17:29:24,571 - Starting main event loop
2025-03-04 17:29:24,571 - Clock rate: 6 ticks/second
2025-03-04 17:29:24,571 - RECEIVE - System Time: 2025-03-04 17:29:24.571412, Logical Clock: 2, Queue Length: 0, From: Machine 3
2025-03-04 17:29:24,742 - INTERNAL - System Time: 2025-03-04 17:29:24.742091, Logical Clock: 3
2025-03-04 17:29:24,913 - INTERNAL - System Time: 2025-03-04 17:29:24.913946, Logical Clock: 4
2025-03-04 17:29:25,087 - INTERNAL - System Time: 2025-03-04 17:29:25.087069, Logical Clock: 5
2025-03-04 17:29:25,255 - RECEIVE - System Time: 2025-03-04 17:29:25.254836, Logical Clock: 6, Queue Length: 0, From: Machine 1
2025-03-04 17:29:25,426 - INTERNAL - System Time: 2025-03-04 17:29:25.426611, Logical Clock: 7
2025-03-04 17:29:25,598 - INTERNAL - System Time: 2025-03-04 17:29:25.598502, Logical Clock: 8
2025-03-04 17:29:25,770 - INTERNAL - System Time: 2025-03-04 17:29:25.770497, Logical Clock: 9
2025-03-04 17:29:25,942 - INTERNAL - System Time: 2025-03-04 17:29:25.942534, Logical Clock: 10
2025-03-04 17:29:26,111 - SEND - System Time: 2025-03-04 17:29:26.111210, Logical Clock: 11, To: Machine on port 10000
2025-03-04 17:29:26,111 - SEND - System Time: 2025-03-04 17:29:26.111210, Logical Clock: 11, To: Machine on port 10002
2025-03-04 17:29:26,283 - RECEIVE - System Time: 2025-03-04 17:29:26.283201, Logical Clock: 12, Queue Length: 0, From: Machine 1
2025-03-04 17:29:26,451 - SEND - System Time: 2025-03-04 17:29:26.451014, Logical Clock: 13, To: Machine on port 10002
2025-03-04 17:29:26,621 - SEND - System Time: 2025-03-04 17:29:26.621127, Logical Clock: 14, To: Machine on port 10002
2025-03-04 17:29:26,793 - INTERNAL - System Time: 2025-03-04 17:29:26.793284, Logical Clock: 15
2025-03-04 17:29:26,962 - INTERNAL - System Time: 2025-03-04 17:29:26.962770, Logical Clock: 16
2025-03-04 17:29:27,132 - RECEIVE - System Time: 2025-03-04 17:29:27.132001, Logical Clock: 17, Queue Length: 0, From: Machine 1
2025-03-04 17:29:27,300 - SEND - System Time: 2025-03-04 17:29:27.299839, Logical Clock: 18, To: Machine on port 10000
2025-03-04 17:29:27,471 - INTERNAL - System Time: 2025-03-04 17:29:27.470910, Logical Clock: 19
2025-03-04 17:29:27,643 - INTERNAL - System Time: 2025-03-04 17:29:27.642946, Logical Clock: 20
2025-03-04 17:29:27,811 - INTERNAL - System Time: 2025-03-04 17:29:27.811006, Logical Clock: 21
2025-03-04 17:29:27,979 - RECEIVE - System Time: 2025-03-04 17:29:27.978879, Logical Clock: 22, Queue Length: 0, From: Machine 1
2025-03-04 17:29:28,146 - SEND - System Time: 2025-03-04 17:29:28.146485, Logical Clock: 23, To: Machine on port 10002
2025-03-04 17:29:28,318 - SEND - System Time: 2025-03-04 17:29:28.318509, Logical Clock: 24, To: Machine on port 10002
2025-03-04 17:29:28,486 - INTERNAL - System Time: 2025-03-04 17:29:28.486393, Logical Clock: 25
2025-03-04 17:29:28,657 - RECEIVE - System Time: 2025-03-04 17:29:28.656970, Logical Clock: 26, Queue Length: 0, From: Machine 1
2025-03-04 17:29:28,825 - INTERNAL - System Time: 2025-03-04 17:29:28.825659, Logical Clock: 27
2025-03-04 17:29:28,997 - INTERNAL - System Time: 2025-03-04 17:29:28.997704, Logical Clock: 28
2025-03-04 17:29:29,169 - INTERNAL - System Time: 2025-03-04 17:29:29.169577, Logical Clock: 29
2025-03-04 17:29:29,341 - INTERNAL - System Time: 2025-03-04 17:29:29.341414, Logical Clock: 30
2025-03-04 17:29:29,513 - INTERNAL - System Time: 2025-03-04 17:29:29.513287, Logical Clock: 31
2025-03-04 17:29:29,684 - INTERNAL - System Time: 2025-03-04 17:29:29.684703, Logical Clock: 32
2025-03-04 17:29:29,852 - RECEIVE - System Time: 2025-03-04 17:29:29.852103, Logical Clock: 33, Queue Length: 0, From: Machine 1
2025-03-04 17:29:30,022 - RECEIVE - System Time: 2025-03-04 17:29:30.022615, Logical Clock: 34, Queue Length: 0, From: Machine 1
2025-03-04 17:29:30,190 - RECEIVE - System Time: 2025-03-04 17:29:30.190417, Logical Clock: 35, Queue Length: 0, From: Machine 1
2025-03-04 17:29:30,360 - INTERNAL - System Time: 2025-03-04 17:29:30.360166, Logical Clock: 36
2025-03-04 17:29:30,527 - INTERNAL - System Time: 2025-03-04 17:29:30.527019, Logical Clock: 37
2025-03-04 17:29:30,698 - SEND - System Time: 2025-03-04 17:29:30.698900, Logical Clock: 38, To: Machine on port 10000
2025-03-04 17:29:30,699 - SEND - System Time: 2025-03-04 17:29:30.698900, Logical Clock: 38, To: Machine on port 10002
2025-03-04 17:29:30,865 - INTERNAL - System Time: 2025-03-04 17:29:30.865839, Logical Clock: 39
2025-03-04 17:29:31,037 - INTERNAL - System Time: 2025-03-04 17:29:31.037729, Logical Clock: 40
2025-03-04 17:29:31,210 - RECEIVE - System Time: 2025-03-04 17:29:31.210377, Logical Clock: 41, Queue Length: 0, From: Machine 1
2025-03-04 17:29:31,382 - INTERNAL - System Time: 2025-03-04 17:29:31.382472, Logical Clock: 42
2025-03-04 17:29:31,554 - INTERNAL - System Time: 2025-03-04 17:29:31.554309, Logical Clock: 43
2025-03-04 17:29:31,726 - INTERNAL - System Time: 2025-03-04 17:29:31.726306, Logical Clock: 44
2025-03-04 17:29:31,896 - SEND - System Time: 2025-03-04 17:29:31.896467, Logical Clock: 45, To: Machine on port 10000
2025-03-04 17:29:31,897 - SEND - System Time: 2025-03-04 17:29:31.896467, Logical Clock: 45, To: Machine on port 10002
2025-03-04 17:29:32,068 - RECEIVE - System Time: 2025-03-04 17:29:32.068883, Logical Clock: 46, Queue Length: 0, From: Machine 1
2025-03-04 17:29:32,236 - SEND - System Time: 2025-03-04 17:29:32.236613, Logical Clock: 47, To: Machine on port 10000
2025-03-04 17:29:32,236 - SEND - System Time: 2025-03-04 17:29:32.236613, Logical Clock: 47, To: Machine on port 10002
2025-03-04 17:29:32,405 - SEND - System Time: 2025-03-04 17:29:32.405468, Logical Clock: 48, To: Machine on port 10000
2025-03-04 17:29:32,577 - SEND - System Time: 2025-03-04 17:29:32.577437, Logical Clock: 49, To: Machine on port 10002
2025-03-04 17:29:32,752 - INTERNAL - System Time: 2025-03-04 17:29:32.752294, Logical Clock: 50
2025-03-04 17:29:32,924 - INTERNAL - System Time: 2025-03-04 17:29:32.924500, Logical Clock: 51
2025-03-04 17:29:33,092 - INTERNAL - System Time: 2025-03-04 17:29:33.092643, Logical Clock: 52
2025-03-04 17:29:33,264 - SEND - System Time: 2025-03-04 17:29:33.264818, Logical Clock: 53, To: Machine on port 10002
2025-03-04 17:29:33,432 - INTERNAL - System Time: 2025-03-04 17:29:33.432914, Logical Clock: 54
2025-03-04 17:29:33,604 - SEND - System Time: 2025-03-04 17:29:33.604804, Logical Clock: 55, To: Machine on port 10000
2025-03-04 17:29:33,776 - SEND - System Time: 2025-03-04 17:29:33.775998, Logical Clock: 56, To: Machine on port 10000
2025-03-04 17:29:33,776 - SEND - System Time: 2025-03-04 17:29:33.775998, Logical Clock: 56, To: Machine on port 10002
2025-03-04 17:29:33,946 - INTERNAL - System Time: 2025-03-04 17:29:33.946664, Logical Clock: 57
2025-03-04 17:29:34,114 - INTERNAL - System Time: 2025-03-04 17:29:34.114331, Logical Clock: 58
2025-03-04 17:29:34,284 - RECEIVE - System Time: 2025-03-04 17:29:34.284411, Logical Clock: 59, Queue Length: 0, From: Machine 1
2025-03-04 17:29:34,456 - INTERNAL - System Time: 2025-03-04 17:29:34.456176, Logical Clock: 60
2025-03-04 17:29:34,625 - SEND - System Time: 2025-03-04 17:29:34.625194, Logical Clock: 61, To: Machine on port 10000
2025-03-04 17:29:34,798 - INTERNAL - System Time: 2025-03-04 17:29:34.797797, Logical Clock: 62
2025-03-04 17:29:34,971 - SEND - System Time: 2025-03-04 17:29:34.971712, Logical Clock: 63, To: Machine on port 10002
2025-03-04 17:29:35,138 - SEND - System Time: 2025-03-04 17:29:35.138678, Logical Clock: 64, To: Machine on port 10002
2025-03-04 17:29:35,310 - INTERNAL - System Time: 2025-03-04 17:29:35.310514, Logical Clock: 65
2025-03-04 17:29:35,482 - INTERNAL - System Time: 2025-03-04 17:29:35.482323, Logical Clock: 66
2025-03-04 17:29:35,654 - SEND - System Time: 2025-03-04 17:29:35.654302, Logical Clock: 67, To: Machine on port 10000
2025-03-04 17:29:35,825 - SEND - System Time: 2025-03-04 17:29:35.825869, Logical Clock: 68, To: Machine on port 10002
2025-03-04 17:29:35,993 - INTERNAL - System Time: 2025-03-04 17:29:35.993579, Logical Clock: 69
2025-03-04 17:29:36,165 - INTERNAL - System Time: 2025-03-04 17:29:36.165651, Logical Clock: 70
2025-03-04 17:29:36,336 - INTERNAL - System Time: 2025-03-04 17:29:36.336642, Logical Clock: 71
2025-03-04 17:29:36,508 - INTERNAL - System Time: 2025-03-04 17:29:36.508482, Logical Clock: 72
2025-03-04 17:29:36,680 - INTERNAL - System Time: 2025-03-04 17:29:36.680315, Logical Clock: 73
2025-03-04 17:29:36,850 - INTERNAL - System Time: 2025-03-04 17:29:36.850099, Logical Clock: 74
2025-03-04 17:29:37,022 - SEND - System Time: 2025-03-04 17:29:37.022154, Logical Clock: 75, To: Machine on port 10000
2025-03-04 17:29:37,022 - SEND - System Time: 2025-03-04 17:29:37.022154, Logical Clock: 75, To: Machine on port 10002
2025-03-04 17:29:37,194 - SEND - System Time: 2025-03-04 17:29:37.194329, Logical Clock: 76, To: Machine on port 10002
2025-03-04 17:29:37,365 - RECEIVE - System Time: 2025-03-04 17:29:37.365017, Logical Clock: 77, Queue Length: 0, From: Machine 1
2025-03-04 17:29:37,536 - INTERNAL - System Time: 2025-03-04 17:29:37.536027, Logical Clock: 78
2025-03-04 17:29:37,705 - INTERNAL - System Time: 2025-03-04 17:29:37.705689, Logical Clock: 79
2025-03-04 17:29:37,877 - INTERNAL - System Time: 2025-03-04 17:29:37.877576, Logical Clock: 80
2025-03-04 17:29:38,049 - INTERNAL - System Time: 2025-03-04 17:29:38.049509, Logical Clock: 81
2025-03-04 17:29:38,221 - SEND - System Time: 2025-03-04 17:29:38.221091, Logical Clock: 82, To: Machine on port 10002
2025-03-04 17:29:38,389 - RECEIVE - System Time: 2025-03-04 17:29:38.389191, Logical Clock: 83, Queue Length: 0, From: Machine 1
2025-03-04 17:29:38,561 - INTERNAL - System Time: 2025-03-04 17:29:38.561208, Logical Clock: 84
2025-03-04 17:29:38,733 - INTERNAL - System Time: 2025-03-04 17:29:38.733125, Logical Clock: 85
2025-03-04 17:29:38,905 - INTERNAL - System Time: 2025-03-04 17:29:38.905295, Logical Clock: 86
2025-03-04 17:29:39,077 - SEND - System Time: 2025-03-04 17:29:39.077280, Logical Clock: 87, To: Machine on port 10002
2025-03-04 17:29:39,249 - INTERNAL - System Time: 2025-03-04 17:29:39.249271, Logical Clock: 88
2025-03-04 17:29:39,420 - RECEIVE - System Time: 2025-03-04 17:29:39.420576, Logical Clock: 89, Queue Length: 0, From: Machine 1
2025-03-04 17:29:39,592 - SEND - System Time: 2025-03-04 17:29:39.592651, Logical Clock: 90, To: Machine on port 10000
2025-03-04 17:29:39,592 - SEND - System Time: 2025-03-04 17:29:39.592651, Logical Clock: 90, To: Machine on port 10002
2025-03-04 17:29:39,762 - INTERNAL - System Time: 2025-03-04 17:29:39.762820, Logical Clock: 91
2025-03-04 17:29:39,934 - INTERNAL - System Time: 2025-03-04 17:29:39.934721, Logical Clock: 92
2025-03-04 17:29:40,102 - SEND - System Time: 2025-03-04 17:29:40.102064, Logical Clock: 93, To: Machine on port 10000
2025-03-04 17:29:40,273 - SEND - System Time: 2025-03-04 17:29:40.273949, Logical Clock: 94, To: Machine on port 10000
2025-03-04 17:29:40,444 - RECEIVE - System Time: 2025-03-04 17:29:40.444882, Logical Clock: 95, Queue Length: 0, From: Machine 1
2025-03-04 17:29:40,616 - RECEIVE - System Time: 2025-03-04 17:29:40.616699, Logical Clock: 96, Queue Length: 0, From: Machine 1
2025-03-04 17:29:40,785 - INTERNAL - System Time: 2025-03-04 17:29:40.785655, Logical Clock: 97
2025-03-04 17:29:40,953 - INTERNAL - System Time: 2025-03-04 17:29:40.952966, Logical Clock: 98
2025-03-04 17:29:41,124 - INTERNAL - System Time: 2025-03-04 17:29:41.124851, Logical Clock: 99
2025-03-04 17:29:41,296 - SEND - System Time: 2025-03-04 17:29:41.296764, Logical Clock: 100, To: Machine on port 10000
2025-03-04 17:29:41,296 - SEND - System Time: 2025-03-04 17:29:41.296764, Logical Clock: 100, To: Machine on port 10002
2025-03-04 17:29:41,466 - INTERNAL - System Time: 2025-03-04 17:29:41.466792, Logical Clock: 101
2025-03-04 17:29:41,638 - INTERNAL - System Time: 2025-03-04 17:29:41.638685, Logical Clock: 102
2025-03-04 17:29:41,810 - INTERNAL - System Time: 2025-03-04 17:29:41.810619, Logical Clock: 103
2025-03-04 17:29:41,982 - INTERNAL - System Time: 2025-03-04 17:29:41.982564, Logical Clock: 104
2025-03-04 17:29:42,152 - INTERNAL - System Time: 2025-03-04 17:29:42.151981, Logical Clock: 105
2025-03-04 17:29:42,321 - INTERNAL - System Time: 2025-03-04 17:29:42.321015, Logical Clock: 106
2025-03-04 17:29:42,488 - RECEIVE - System Time: 2025-03-04 17:29:42.488508, Logical Clock: 107, Queue Length: 0, From: Machine 1
2025-03-04 17:29:42,660 - INTERNAL - System Time: 2025-03-04 17:29:42.660336, Logical Clock: 108
2025-03-04 17:29:42,832 - SEND - System Time: 2025-03-04 17:29:42.832204, Logical Clock: 109, To: Machine on port 10000
2025-03-04 17:29:43,004 - INTERNAL - System Time: 2025-03-04 17:29:43.004170, Logical Clock: 110
2025-03-04 17:29:43,175 - INTERNAL - System Time: 2025-03-04 17:29:43.175697, Logical Clock: 111
2025-03-04 17:29:43,347 - RECEIVE - System Time: 2025-03-04 17:29:43.347653, Logical Clock: 112, Queue Length: 0, From: Machine 1
2025-03-04 17:29:43,519 - INTERNAL - System Time: 2025-03-04 17:29:43.519703, Logical Clock: 113
2025-03-04 17:29:43,687 - INTERNAL - System Time: 2025-03-04 17:29:43.687640, Logical Clock: 114
2025-03-04 17:29:43,857 - SEND - System Time: 2025-03-04 17:29:43.856904, Logical Clock: 115, To: Machine on port 10002
2025-03-04 17:29:44,026 - RECEIVE - System Time: 2025-03-04 17:29:44.026003, Logical Clock: 116, Queue Length: 0, From: Machine 1
2025-03-04 17:29:44,194 - INTERNAL - System Time: 2025-03-04 17:29:44.194509, Logical Clock: 117
2025-03-04 17:29:44,362 - INTERNAL - System Time: 2025-03-04 17:29:44.361966, Logical Clock: 118
2025-03-04 17:29:44,530 - INTERNAL - System Time: 2025-03-04 17:29:44.530630, Logical Clock: 119
2025-03-04 17:29:44,702 - INTERNAL - System Time: 2025-03-04 17:29:44.702567, Logical Clock: 120
2025-03-04 17:29:44,874 - SEND - System Time: 2025-03-04 17:29:44.874512, Logical Clock: 121, To: Machine on port 10000
2025-03-04 17:29:44,874 - SEND - System Time: 2025-03-04 17:29:44.874512, Logical Clock: 121, To: Machine on port 10002
2025-03-04 17:29:45,045 - SEND - System Time: 2025-03-04 17:29:45.045585, Logical Clock: 122, To: Machine on port 10002
2025-03-04 17:29:45,221 - INTERNAL - System Time: 2025-03-04 17:29:45.221681, Logical Clock: 123
2025-03-04 17:29:45,393 - INTERNAL - System Time: 2025-03-04 17:29:45.393519, Logical Clock: 124
2025-03-04 17:29:45,565 - INTERNAL - System Time: 2025-03-04 17:29:45.565408, Logical Clock: 125
2025-03-04 17:29:45,737 - INTERNAL - System Time: 2025-03-04 17:29:45.737312, Logical Clock: 126
2025-03-04 17:29:45,905 - SEND - System Time: 2025-03-04 17:29:45.905582, Logical Clock: 127, To: Machine on port 10000
2025-03-04 17:29:46,077 - INTERNAL - System Time: 2025-03-04 17:29:46.077464, Logical Clock: 128
2025-03-04 17:29:46,246 - SEND - System Time: 2025-03-04 17:29:46.246909, Logical Clock: 129, To: Machine on port 10000
2025-03-04 17:29:46,247 - SEND - System Time: 2025-03-04 17:29:46.246909, Logical Clock: 129, To: Machine on port 10002
2025-03-04 17:29:46,418 - SEND - System Time: 2025-03-04 17:29:46.418846, Logical Clock: 130, To: Machine on port 10000
2025-03-04 17:29:46,419 - SEND - System Time: 2025-03-04 17:29:46.418846, Logical Clock: 130, To: Machine on port 10002
2025-03-04 17:29:46,590 - INTERNAL - System Time: 2025-03-04 17:29:46.590775, Logical Clock: 131
2025-03-04 17:29:46,762 - INTERNAL - System Time: 2025-03-04 17:29:46.762118, Logical Clock: 132
2025-03-04 17:29:46,930 - INTERNAL - System Time: 2025-03-04 17:29:46.930671, Logical Clock: 133
2025-03-04 17:29:47,102 - INTERNAL - System Time: 2025-03-04 17:29:47.102562, Logical Clock: 134
2025-03-04 17:29:47,273 - SEND - System Time: 2025-03-04 17:29:47.272910, Logical Clock: 135, To: Machine on port 10000
2025-03-04 17:29:47,445 - RECEIVE - System Time: 2025-03-04 17:29:47.445131, Logical Clock: 136, Queue Length: 0, From: Machine 1
2025-03-04 17:29:47,617 - INTERNAL - System Time: 2025-03-04 17:29:47.617056, Logical Clock: 137
2025-03-04 17:29:47,788 - INTERNAL - System Time: 2025-03-04 17:29:47.788929, Logical Clock: 138
2025-03-04 17:29:47,960 - INTERNAL - System Time: 2025-03-04 17:29:47.960770, Logical Clock: 139
2025-03-04 17:29:48,132 - INTERNAL - System Time: 2025-03-04 17:29:48.132675, Logical Clock: 140
2025-03-04 17:29:48,303 - SEND - System Time: 2025-03-04 17:29:48.303404, Logical Clock: 141, To: Machine on port 10000
2025-03-04 17:29:48,303 - SEND - System Time: 2025-03-04 17:29:48.303404, Logical Clock: 141, To: Machine on port 10002
2025-03-04 17:29:48,472 - SEND - System Time: 2025-03-04 17:29:48.472581, Logical Clock: 142, To: Machine on port 10000
2025-03-04 17:29:48,472 - SEND - System Time: 2025-03-04 17:29:48.472581, Logical Clock: 142, To: Machine on port 10002
2025-03-04 17:29:48,644 - SEND - System Time: 2025-03-04 17:29:48.644197, Logical Clock: 143, To: Machine on port 10000
2025-03-04 17:29:48,644 - SEND - System Time: 2025-03-04 17:29:48.644197, Logical Clock: 143, To: Machine on port 10002
2025-03-04 17:29:48,813 - RECEIVE - System Time: 2025-03-04 17:29:48.813678, Logical Clock: 144, Queue Length: 0, From: Machine 1
2025-03-04 17:29:48,985 - INTERNAL - System Time: 2025-03-04 17:29:48.985483, Logical Clock: 145
2025-03-04 17:29:49,157 - INTERNAL - System Time: 2025-03-04 17:29:49.157274, Logical Clock: 146
2025-03-04 17:29:49,326 - SEND - System Time: 2025-03-04 17:29:49.326883, Logical Clock: 147, To: Machine on port 10000
2025-03-04 17:29:49,497 - RECEIVE - System Time: 2025-03-04 17:29:49.497545, Logical Clock: 148, Queue Length: 0, From: Machine 1
2025-03-04 17:29:49,669 - INTERNAL - System Time: 2025-03-04 17:29:49.669445, Logical Clock: 149
2025-03-04 17:29:49,841 - INTERNAL - System Time: 2025-03-04 17:29:49.841396, Logical Clock: 150
2025-03-04 17:29:50,009 - INTERNAL - System Time: 2025-03-04 17:29:50.009158, Logical Clock: 151
2025-03-04 17:29:50,177 - INTERNAL - System Time: 2025-03-04 17:29:50.177071, Logical Clock: 152
2025-03-04 17:29:50,345 - INTERNAL - System Time: 2025-03-04 17:29:50.345431, Logical Clock: 153
2025-03-04 17:29:50,517 - SEND - System Time: 2025-03-04 17:29:50.517306, Logical Clock: 154, To: Machine on port 10000
2025-03-04 17:29:50,517 - SEND - System Time: 2025-03-04 17:29:50.517306, Logical Clock: 154, To: Machine on port 10002
2025-03-04 17:29:50,687 - SEND - System Time: 2025-03-04 17:29:50.687512, Logical Clock: 155, To: Machine on port 10000
2025-03-04 17:29:50,687 - SEND - System Time: 2025-03-04 17:29:50.687512, Logical Clock: 155, To: Machine on port 10002
2025-03-04 17:29:50,859 - INTERNAL - System Time: 2025-03-04 17:29:50.859417, Logical Clock: 156
2025-03-04 17:29:51,026 - INTERNAL - System Time: 2025-03-04 17:29:51.026573, Logical Clock: 157
2025-03-04 17:29:51,199 - SEND - System Time: 2025-03-04 17:29:51.199375, Logical Clock: 158, To: Machine on port 10002
2025-03-04 17:29:51,370 - SEND - System Time: 2025-03-04 17:29:51.370836, Logical Clock: 159, To: Machine on port 10000
2025-03-04 17:29:51,370 - SEND - System Time: 2025-03-04 17:29:51.370836, Logical Clock: 159, To: Machine on port 10002
2025-03-04 17:29:51,542 - SEND - System Time: 2025-03-04 17:29:51.542743, Logical Clock: 160, To: Machine on port 10000
2025-03-04 17:29:51,712 - SEND - System Time: 2025-03-04 17:29:51.712002, Logical Clock: 161, To: Machine on port 10000
2025-03-04 17:29:51,884 - INTERNAL - System Time: 2025-03-04 17:29:51.883977, Logical Clock: 162
2025-03-04 17:29:52,055 - SEND - System Time: 2025-03-04 17:29:52.055842, Logical Clock: 163, To: Machine on port 10000
2025-03-04 17:29:52,227 - SEND - System Time: 2025-03-04 17:29:52.226940, Logical Clock: 164, To: Machine on port 10000
2025-03-04 17:29:52,227 - SEND - System Time: 2025-03-04 17:29:52.226940, Logical Clock: 164, To: Machine on port 10002
2025-03-04 17:29:52,399 - RECEIVE - System Time: 2025-03-04 17:29:52.398993, Logical Clock: 165, Queue Length: 0, From: Machine 1
2025-03-04 17:29:52,571 - RECEIVE - System Time: 2025-03-04 17:29:52.571069, Logical Clock: 166, Queue Length: 0, From: Machine 1
2025-03-04 17:29:52,743 - RECEIVE - System Time: 2025-03-04 17:29:52.743114, Logical Clock: 167, Queue Length: 0, From: Machine 1
2025-03-04 17:29:52,912 - INTERNAL - System Time: 2025-03-04 17:29:52.912518, Logical Clock: 168
2025-03-04 17:29:53,084 - RECEIVE - System Time: 2025-03-04 17:29:53.084419, Logical Clock: 169, Queue Length: 0, From: Machine 1
2025-03-04 17:29:53,254 - INTERNAL - System Time: 2025-03-04 17:29:53.253926, Logical Clock: 170
2025-03-04 17:29:53,426 - SEND - System Time: 2025-03-04 17:29:53.425948, Logical Clock: 171, To: Machine on port 10002
2025-03-04 17:29:53,598 - RECEIVE - System Time: 2025-03-04 17:29:53.597963, Logical Clock: 172, Queue Length: 0, From: Machine 1
2025-03-04 17:29:53,769 - RECEIVE - System Time: 2025-03-04 17:29:53.769789, Logical Clock: 173, Queue Length: 0, From: Machine 1
2025-03-04 17:29:53,939 - INTERNAL - System Time: 2025-03-04 17:29:53.939935, Logical Clock: 174
