2025-03-01 14:34:18,033 - Virtual Machine 1 initialized
2025-03-01 14:34:18,033 - Clock Rate: 2 ticks/second
2025-03-01 14:34:18,033 - Listening on port: 10000
2025-03-01 14:34:18,033 - Peer ports: [10001, 10002]
2025-03-01 14:34:19,045 - Connected to peer on port 10001
2025-03-01 14:34:19,046 - Connected to peer on port 10002
2025-03-01 14:34:19,046 - Network initialization completed
2025-03-01 14:34:19,046 - Starting main event loop
2025-03-01 14:34:19,046 - Clock rate: 2 ticks/second
2025-03-01 14:34:19,046 - SEND - System Time: 2025-03-01 14:34:19.046491, Logical Clock: 1, To: Machine on port 10001
2025-03-01 14:34:19,551 - SEND - System Time: 2025-03-01 14:34:19.551800, Logical Clock: 2, To: Machine on port 10001
2025-03-01 14:34:19,552 - SEND - System Time: 2025-03-01 14:34:19.551800, Logical Clock: 2, To: Machine on port 10002
2025-03-01 14:34:20,053 - INTERNAL - System Time: 2025-03-01 14:34:20.053629, Logical Clock: 3
2025-03-01 14:34:20,558 - INTERNAL - System Time: 2025-03-01 14:34:20.557933, Logical Clock: 4
2025-03-01 14:34:21,064 - SEND - System Time: 2025-03-01 14:34:21.064004, Logical Clock: 5, To: Machine on port 10001
2025-03-01 14:34:21,568 - SEND - System Time: 2025-03-01 14:34:21.568561, Logical Clock: 6, To: Machine on port 10001
2025-03-01 14:34:21,569 - SEND - System Time: 2025-03-01 14:34:21.568561, Logical Clock: 6, To: Machine on port 10002
2025-03-01 14:34:22,069 - SEND - System Time: 2025-03-01 14:34:22.069779, Logical Clock: 7, To: Machine on port 10001
2025-03-01 14:34:22,070 - SEND - System Time: 2025-03-01 14:34:22.069779, Logical Clock: 7, To: Machine on port 10002
2025-03-01 14:34:22,574 - INTERNAL - System Time: 2025-03-01 14:34:22.574532, Logical Clock: 8
2025-03-01 14:34:23,075 - INTERNAL - System Time: 2025-03-01 14:34:23.075067, Logical Clock: 9
2025-03-01 14:34:23,580 - INTERNAL - System Time: 2025-03-01 14:34:23.580673, Logical Clock: 10
2025-03-01 14:34:24,085 - INTERNAL - System Time: 2025-03-01 14:34:24.085719, Logical Clock: 11
2025-03-01 14:34:24,591 - INTERNAL - System Time: 2025-03-01 14:34:24.591089, Logical Clock: 12
2025-03-01 14:34:25,095 - INTERNAL - System Time: 2025-03-01 14:34:25.095235, Logical Clock: 13
2025-03-01 14:34:25,600 - SEND - System Time: 2025-03-01 14:34:25.600666, Logical Clock: 14, To: Machine on port 10002
2025-03-01 14:34:26,104 - SEND - System Time: 2025-03-01 14:34:26.104469, Logical Clock: 15, To: Machine on port 10001
2025-03-01 14:34:26,104 - SEND - System Time: 2025-03-01 14:34:26.104469, Logical Clock: 15, To: Machine on port 10002
2025-03-01 14:34:26,610 - INTERNAL - System Time: 2025-03-01 14:34:26.610092, Logical Clock: 16
2025-03-01 14:34:27,115 - INTERNAL - System Time: 2025-03-01 14:34:27.115408, Logical Clock: 17
2025-03-01 14:34:27,620 - SEND - System Time: 2025-03-01 14:34:27.620332, Logical Clock: 18, To: Machine on port 10002
2025-03-01 14:34:28,124 - SEND - System Time: 2025-03-01 14:34:28.124611, Logical Clock: 19, To: Machine on port 10001
2025-03-01 14:34:28,630 - SEND - System Time: 2025-03-01 14:34:28.629856, Logical Clock: 20, To: Machine on port 10001
2025-03-01 14:34:28,630 - SEND - System Time: 2025-03-01 14:34:28.629856, Logical Clock: 20, To: Machine on port 10002
2025-03-01 14:34:29,131 - SEND - System Time: 2025-03-01 14:34:29.130991, Logical Clock: 21, To: Machine on port 10001
2025-03-01 14:34:29,131 - SEND - System Time: 2025-03-01 14:34:29.130991, Logical Clock: 21, To: Machine on port 10002
2025-03-01 14:34:29,636 - INTERNAL - System Time: 2025-03-01 14:34:29.636319, Logical Clock: 22
2025-03-01 14:34:30,139 - INTERNAL - System Time: 2025-03-01 14:34:30.138940, Logical Clock: 23
2025-03-01 14:34:30,644 - INTERNAL - System Time: 2025-03-01 14:34:30.644491, Logical Clock: 24
2025-03-01 14:34:31,147 - INTERNAL - System Time: 2025-03-01 14:34:31.147053, Logical Clock: 25
2025-03-01 14:34:31,648 - INTERNAL - System Time: 2025-03-01 14:34:31.648460, Logical Clock: 26
2025-03-01 14:34:32,151 - SEND - System Time: 2025-03-01 14:34:32.151513, Logical Clock: 27, To: Machine on port 10001
2025-03-01 14:34:32,655 - INTERNAL - System Time: 2025-03-01 14:34:32.655049, Logical Clock: 28
2025-03-01 14:34:33,160 - INTERNAL - System Time: 2025-03-01 14:34:33.160306, Logical Clock: 29
2025-03-01 14:34:33,661 - INTERNAL - System Time: 2025-03-01 14:34:33.661595, Logical Clock: 30
2025-03-01 14:34:34,163 - SEND - System Time: 2025-03-01 14:34:34.162857, Logical Clock: 31, To: Machine on port 10001
2025-03-01 14:34:34,667 - INTERNAL - System Time: 2025-03-01 14:34:34.667686, Logical Clock: 32
2025-03-01 14:34:35,168 - INTERNAL - System Time: 2025-03-01 14:34:35.168679, Logical Clock: 33
2025-03-01 14:34:35,671 - INTERNAL - System Time: 2025-03-01 14:34:35.671200, Logical Clock: 34
2025-03-01 14:34:36,174 - INTERNAL - System Time: 2025-03-01 14:34:36.174518, Logical Clock: 35
2025-03-01 14:34:36,674 - INTERNAL - System Time: 2025-03-01 14:34:36.674897, Logical Clock: 36
2025-03-01 14:34:37,180 - INTERNAL - System Time: 2025-03-01 14:34:37.180350, Logical Clock: 37
2025-03-01 14:34:37,685 - INTERNAL - System Time: 2025-03-01 14:34:37.685711, Logical Clock: 38
2025-03-01 14:34:38,188 - INTERNAL - System Time: 2025-03-01 14:34:38.188408, Logical Clock: 39
2025-03-01 14:34:38,689 - INTERNAL - System Time: 2025-03-01 14:34:38.688913, Logical Clock: 40
2025-03-01 14:34:39,192 - SEND - System Time: 2025-03-01 14:34:39.191962, Logical Clock: 41, To: Machine on port 10001
2025-03-01 14:34:39,694 - INTERNAL - System Time: 2025-03-01 14:34:39.694183, Logical Clock: 42
2025-03-01 14:34:40,198 - SEND - System Time: 2025-03-01 14:34:40.198531, Logical Clock: 43, To: Machine on port 10001
2025-03-01 14:34:40,199 - SEND - System Time: 2025-03-01 14:34:40.198531, Logical Clock: 43, To: Machine on port 10002
2025-03-01 14:34:40,702 - SEND - System Time: 2025-03-01 14:34:40.702365, Logical Clock: 44, To: Machine on port 10002
2025-03-01 14:34:41,204 - INTERNAL - System Time: 2025-03-01 14:34:41.204280, Logical Clock: 45
2025-03-01 14:34:41,705 - INTERNAL - System Time: 2025-03-01 14:34:41.705363, Logical Clock: 46
2025-03-01 14:34:42,209 - INTERNAL - System Time: 2025-03-01 14:34:42.209393, Logical Clock: 47
2025-03-01 14:34:42,713 - SEND - System Time: 2025-03-01 14:34:42.713162, Logical Clock: 48, To: Machine on port 10001
2025-03-01 14:34:42,713 - SEND - System Time: 2025-03-01 14:34:42.713162, Logical Clock: 48, To: Machine on port 10002
2025-03-01 14:34:43,218 - INTERNAL - System Time: 2025-03-01 14:34:43.218741, Logical Clock: 49
2025-03-01 14:34:43,721 - INTERNAL - System Time: 2025-03-01 14:34:43.721659, Logical Clock: 50
2025-03-01 14:34:44,224 - INTERNAL - System Time: 2025-03-01 14:34:44.224421, Logical Clock: 51
2025-03-01 14:34:44,726 - INTERNAL - System Time: 2025-03-01 14:34:44.726102, Logical Clock: 52
2025-03-01 14:34:45,227 - INTERNAL - System Time: 2025-03-01 14:34:45.227098, Logical Clock: 53
2025-03-01 14:34:45,730 - INTERNAL - System Time: 2025-03-01 14:34:45.730251, Logical Clock: 54
2025-03-01 14:34:46,235 - INTERNAL - System Time: 2025-03-01 14:34:46.235647, Logical Clock: 55
2025-03-01 14:34:46,745 - INTERNAL - System Time: 2025-03-01 14:34:46.744963, Logical Clock: 56
2025-03-01 14:34:47,255 - INTERNAL - System Time: 2025-03-01 14:34:47.255228, Logical Clock: 57
2025-03-01 14:34:47,759 - INTERNAL - System Time: 2025-03-01 14:34:47.759576, Logical Clock: 58
2025-03-01 14:34:48,264 - INTERNAL - System Time: 2025-03-01 14:34:48.264774, Logical Clock: 59
2025-03-01 14:34:48,770 - INTERNAL - System Time: 2025-03-01 14:34:48.770123, Logical Clock: 60
2025-03-01 14:34:49,275 - INTERNAL - System Time: 2025-03-01 14:34:49.275025, Logical Clock: 61
2025-03-01 14:34:49,780 - INTERNAL - System Time: 2025-03-01 14:34:49.780297, Logical Clock: 62
2025-03-01 14:34:50,282 - SEND - System Time: 2025-03-01 14:34:50.282303, Logical Clock: 63, To: Machine on port 10002
2025-03-01 14:34:50,786 - INTERNAL - System Time: 2025-03-01 14:34:50.785899, Logical Clock: 64
2025-03-01 14:34:51,289 - INTERNAL - System Time: 2025-03-01 14:34:51.289178, Logical Clock: 65
2025-03-01 14:34:51,790 - SEND - System Time: 2025-03-01 14:34:51.790210, Logical Clock: 66, To: Machine on port 10002
2025-03-01 14:34:52,294 - SEND - System Time: 2025-03-01 14:34:52.294200, Logical Clock: 67, To: Machine on port 10002
2025-03-01 14:34:52,797 - INTERNAL - System Time: 2025-03-01 14:34:52.797364, Logical Clock: 68
2025-03-01 14:34:53,301 - INTERNAL - System Time: 2025-03-01 14:34:53.301112, Logical Clock: 69
2025-03-01 14:34:53,806 - INTERNAL - System Time: 2025-03-01 14:34:53.806147, Logical Clock: 70
2025-03-01 14:34:54,309 - INTERNAL - System Time: 2025-03-01 14:34:54.309621, Logical Clock: 71
2025-03-01 14:34:54,812 - INTERNAL - System Time: 2025-03-01 14:34:54.812357, Logical Clock: 72
2025-03-01 14:34:55,312 - INTERNAL - System Time: 2025-03-01 14:34:55.312740, Logical Clock: 73
2025-03-01 14:34:55,818 - INTERNAL - System Time: 2025-03-01 14:34:55.818292, Logical Clock: 74
2025-03-01 14:34:56,323 - SEND - System Time: 2025-03-01 14:34:56.323739, Logical Clock: 75, To: Machine on port 10001
2025-03-01 14:34:56,324 - SEND - System Time: 2025-03-01 14:34:56.323739, Logical Clock: 75, To: Machine on port 10002
2025-03-01 14:34:56,825 - INTERNAL - System Time: 2025-03-01 14:34:56.824916, Logical Clock: 76
2025-03-01 14:34:57,326 - SEND - System Time: 2025-03-01 14:34:57.326112, Logical Clock: 77, To: Machine on port 10001
2025-03-01 14:34:57,829 - INTERNAL - System Time: 2025-03-01 14:34:57.829024, Logical Clock: 78
2025-03-01 14:34:58,330 - SEND - System Time: 2025-03-01 14:34:58.329844, Logical Clock: 79, To: Machine on port 10001
2025-03-01 14:34:58,832 - SEND - System Time: 2025-03-01 14:34:58.832402, Logical Clock: 80, To: Machine on port 10002
2025-03-01 14:34:59,337 - INTERNAL - System Time: 2025-03-01 14:34:59.337640, Logical Clock: 81
2025-03-01 14:34:59,842 - INTERNAL - System Time: 2025-03-01 14:34:59.842034, Logical Clock: 82
2025-03-01 14:35:00,347 - INTERNAL - System Time: 2025-03-01 14:35:00.347228, Logical Clock: 83
2025-03-01 14:35:00,847 - INTERNAL - System Time: 2025-03-01 14:35:00.847459, Logical Clock: 84
2025-03-01 14:35:01,352 - INTERNAL - System Time: 2025-03-01 14:35:01.352799, Logical Clock: 85
2025-03-01 14:35:01,857 - INTERNAL - System Time: 2025-03-01 14:35:01.857037, Logical Clock: 86
2025-03-01 14:35:02,362 - INTERNAL - System Time: 2025-03-01 14:35:02.362833, Logical Clock: 87
2025-03-01 14:35:02,868 - INTERNAL - System Time: 2025-03-01 14:35:02.868173, Logical Clock: 88
2025-03-01 14:35:03,371 - SEND - System Time: 2025-03-01 14:35:03.371105, Logical Clock: 89, To: Machine on port 10002
2025-03-01 14:35:03,874 - INTERNAL - System Time: 2025-03-01 14:35:03.874421, Logical Clock: 90
2025-03-01 14:35:04,374 - INTERNAL - System Time: 2025-03-01 14:35:04.374878, Logical Clock: 91
2025-03-01 14:35:04,878 - SEND - System Time: 2025-03-01 14:35:04.878766, Logical Clock: 92, To: Machine on port 10002
2025-03-01 14:35:05,384 - INTERNAL - System Time: 2025-03-01 14:35:05.384053, Logical Clock: 93
2025-03-01 14:35:05,885 - INTERNAL - System Time: 2025-03-01 14:35:05.885561, Logical Clock: 94
2025-03-01 14:35:06,392 - INTERNAL - System Time: 2025-03-01 14:35:06.392819, Logical Clock: 95
2025-03-01 14:35:06,900 - INTERNAL - System Time: 2025-03-01 14:35:06.900773, Logical Clock: 96
2025-03-01 14:35:07,404 - SEND - System Time: 2025-03-01 14:35:07.404346, Logical Clock: 97, To: Machine on port 10001
2025-03-01 14:35:07,906 - INTERNAL - System Time: 2025-03-01 14:35:07.905912, Logical Clock: 98
2025-03-01 14:35:08,409 - INTERNAL - System Time: 2025-03-01 14:35:08.408787, Logical Clock: 99
2025-03-01 14:35:08,911 - INTERNAL - System Time: 2025-03-01 14:35:08.911170, Logical Clock: 100
2025-03-01 14:35:09,413 - SEND - System Time: 2025-03-01 14:35:09.412831, Logical Clock: 101, To: Machine on port 10001
2025-03-01 14:35:09,918 - INTERNAL - System Time: 2025-03-01 14:35:09.918486, Logical Clock: 102
2025-03-01 14:35:10,422 - INTERNAL - System Time: 2025-03-01 14:35:10.421438, Logical Clock: 103
2025-03-01 14:35:10,924 - INTERNAL - System Time: 2025-03-01 14:35:10.923993, Logical Clock: 104
2025-03-01 14:35:11,429 - INTERNAL - System Time: 2025-03-01 14:35:11.428834, Logical Clock: 105
2025-03-01 14:35:11,934 - SEND - System Time: 2025-03-01 14:35:11.933988, Logical Clock: 106, To: Machine on port 10001
2025-03-01 14:35:12,440 - SEND - System Time: 2025-03-01 14:35:12.439888, Logical Clock: 107, To: Machine on port 10001
2025-03-01 14:35:12,440 - SEND - System Time: 2025-03-01 14:35:12.439888, Logical Clock: 107, To: Machine on port 10002
2025-03-01 14:35:12,941 - INTERNAL - System Time: 2025-03-01 14:35:12.941363, Logical Clock: 108
2025-03-01 14:35:13,444 - INTERNAL - System Time: 2025-03-01 14:35:13.444056, Logical Clock: 109
2025-03-01 14:35:13,949 - INTERNAL - System Time: 2025-03-01 14:35:13.949392, Logical Clock: 110
2025-03-01 14:35:14,452 - SEND - System Time: 2025-03-01 14:35:14.452384, Logical Clock: 111, To: Machine on port 10001
2025-03-01 14:35:14,452 - SEND - System Time: 2025-03-01 14:35:14.452384, Logical Clock: 111, To: Machine on port 10002
2025-03-01 14:35:14,953 - INTERNAL - System Time: 2025-03-01 14:35:14.953899, Logical Clock: 112
2025-03-01 14:35:15,456 - INTERNAL - System Time: 2025-03-01 14:35:15.456230, Logical Clock: 113
2025-03-01 14:35:15,959 - INTERNAL - System Time: 2025-03-01 14:35:15.959615, Logical Clock: 114
2025-03-01 14:35:16,467 - INTERNAL - System Time: 2025-03-01 14:35:16.467020, Logical Clock: 115
2025-03-01 14:35:16,971 - SEND - System Time: 2025-03-01 14:35:16.970908, Logical Clock: 116, To: Machine on port 10001
2025-03-01 14:35:16,971 - SEND - System Time: 2025-03-01 14:35:16.970908, Logical Clock: 116, To: Machine on port 10002
2025-03-01 14:35:17,474 - INTERNAL - System Time: 2025-03-01 14:35:17.473921, Logical Clock: 117
2025-03-01 14:35:17,974 - INTERNAL - System Time: 2025-03-01 14:35:17.974350, Logical Clock: 118
2025-03-01 14:35:18,474 - INTERNAL - System Time: 2025-03-01 14:35:18.474882, Logical Clock: 119
2025-03-01 14:35:18,975 - INTERNAL - System Time: 2025-03-01 14:35:18.975494, Logical Clock: 120
