2025-03-01 14:34:18,538 - Virtual Machine 2 initialized
2025-03-01 14:34:18,538 - Clock Rate: 4 ticks/second
2025-03-01 14:34:18,538 - Listening on port: 10001
2025-03-01 14:34:18,538 - Peer ports: [10000, 10002]
2025-03-01 14:34:19,046 - Accepted connection from ('127.0.0.1', 58883)
2025-03-01 14:34:19,544 - Connected to peer on port 10002
2025-03-01 14:34:19,545 - Network initialization completed
2025-03-01 14:34:19,545 - Starting main event loop
2025-03-01 14:34:19,545 - Clock rate: 4 ticks/second
2025-03-01 14:34:19,545 - RECEIVE - System Time: 2025-03-01 14:34:19.545697, Logical Clock: 2, Queue Length: 0, From: Machine 1
2025-03-01 14:34:19,800 - RECEIVE - System Time: 2025-03-01 14:34:19.800673, Logical Clock: 3, Queue Length: 0, From: Machine 1
2025-03-01 14:34:20,056 - No connection to port 10000
2025-03-01 14:34:20,056 - SEND - System Time: 2025-03-01 14:34:20.056006, Logical Clock: 4, To: Machine on port 10002
2025-03-01 14:34:20,308 - INTERNAL - System Time: 2025-03-01 14:34:20.308150, Logical Clock: 5
2025-03-01 14:34:20,563 - INTERNAL - System Time: 2025-03-01 14:34:20.563371, Logical Clock: 6
2025-03-01 14:34:20,818 - SEND - System Time: 2025-03-01 14:34:20.818567, Logical Clock: 7, To: Machine on port 10002
2025-03-01 14:34:21,075 - RECEIVE - System Time: 2025-03-01 14:34:21.075377, Logical Clock: 8, Queue Length: 0, From: Machine 1
2025-03-01 14:34:21,329 - INTERNAL - System Time: 2025-03-01 14:34:21.329176, Logical Clock: 9
2025-03-01 14:34:21,584 - RECEIVE - System Time: 2025-03-01 14:34:21.584593, Logical Clock: 10, Queue Length: 0, From: Machine 1
2025-03-01 14:34:21,836 - INTERNAL - System Time: 2025-03-01 14:34:21.836034, Logical Clock: 11
2025-03-01 14:34:22,090 - RECEIVE - System Time: 2025-03-01 14:34:22.090661, Logical Clock: 12, Queue Length: 0, From: Machine 1
2025-03-01 14:34:22,346 - No connection to port 10000
2025-03-01 14:34:22,346 - SEND - System Time: 2025-03-01 14:34:22.346104, Logical Clock: 13, To: Machine on port 10002
2025-03-01 14:34:22,600 - INTERNAL - System Time: 2025-03-01 14:34:22.600106, Logical Clock: 14
2025-03-01 14:34:22,854 - No connection to port 10000
2025-03-01 14:34:23,106 - INTERNAL - System Time: 2025-03-01 14:34:23.106279, Logical Clock: 16
2025-03-01 14:34:23,361 - SEND - System Time: 2025-03-01 14:34:23.361673, Logical Clock: 17, To: Machine on port 10002
2025-03-01 14:34:23,617 - INTERNAL - System Time: 2025-03-01 14:34:23.616960, Logical Clock: 18
2025-03-01 14:34:23,872 - INTERNAL - System Time: 2025-03-01 14:34:23.872382, Logical Clock: 19
2025-03-01 14:34:24,124 - INTERNAL - System Time: 2025-03-01 14:34:24.124540, Logical Clock: 20
2025-03-01 14:34:24,375 - INTERNAL - System Time: 2025-03-01 14:34:24.375203, Logical Clock: 21
2025-03-01 14:34:24,629 - No connection to port 10000
2025-03-01 14:34:24,885 - INTERNAL - System Time: 2025-03-01 14:34:24.885333, Logical Clock: 23
2025-03-01 14:34:25,137 - INTERNAL - System Time: 2025-03-01 14:34:25.137495, Logical Clock: 24
2025-03-01 14:34:25,389 - SEND - System Time: 2025-03-01 14:34:25.389459, Logical Clock: 25, To: Machine on port 10002
2025-03-01 14:34:25,644 - INTERNAL - System Time: 2025-03-01 14:34:25.644235, Logical Clock: 26
2025-03-01 14:34:25,899 - No connection to port 10000
2025-03-01 14:34:26,154 - RECEIVE - System Time: 2025-03-01 14:34:26.154276, Logical Clock: 28, Queue Length: 0, From: Machine 1
2025-03-01 14:34:26,406 - INTERNAL - System Time: 2025-03-01 14:34:26.406117, Logical Clock: 29
2025-03-01 14:34:26,661 - No connection to port 10000
2025-03-01 14:34:26,662 - SEND - System Time: 2025-03-01 14:34:26.661868, Logical Clock: 30, To: Machine on port 10002
2025-03-01 14:34:26,913 - No connection to port 10000
2025-03-01 14:34:27,168 - INTERNAL - System Time: 2025-03-01 14:34:27.168457, Logical Clock: 32
2025-03-01 14:34:27,420 - No connection to port 10000
2025-03-01 14:34:27,674 - INTERNAL - System Time: 2025-03-01 14:34:27.674345, Logical Clock: 34
2025-03-01 14:34:27,929 - INTERNAL - System Time: 2025-03-01 14:34:27.929730, Logical Clock: 35
2025-03-01 14:34:28,183 - RECEIVE - System Time: 2025-03-01 14:34:28.183517, Logical Clock: 36, Queue Length: 0, From: Machine 1
2025-03-01 14:34:28,438 - INTERNAL - System Time: 2025-03-01 14:34:28.438650, Logical Clock: 37
2025-03-01 14:34:28,694 - RECEIVE - System Time: 2025-03-01 14:34:28.694182, Logical Clock: 38, Queue Length: 0, From: Machine 1
2025-03-01 14:34:28,949 - INTERNAL - System Time: 2025-03-01 14:34:28.949751, Logical Clock: 39
2025-03-01 14:34:29,204 - RECEIVE - System Time: 2025-03-01 14:34:29.204598, Logical Clock: 40, Queue Length: 0, From: Machine 1
2025-03-01 14:34:29,456 - No connection to port 10000
2025-03-01 14:34:29,712 - INTERNAL - System Time: 2025-03-01 14:34:29.711981, Logical Clock: 42
2025-03-01 14:34:29,967 - No connection to port 10000
2025-03-01 14:34:29,968 - SEND - System Time: 2025-03-01 14:34:29.967709, Logical Clock: 43, To: Machine on port 10002
2025-03-01 14:34:30,221 - No connection to port 10000
2025-03-01 14:34:30,221 - SEND - System Time: 2025-03-01 14:34:30.221385, Logical Clock: 44, To: Machine on port 10002
2025-03-01 14:34:30,475 - INTERNAL - System Time: 2025-03-01 14:34:30.475744, Logical Clock: 45
2025-03-01 14:34:30,728 - INTERNAL - System Time: 2025-03-01 14:34:30.727986, Logical Clock: 46
2025-03-01 14:34:30,983 - INTERNAL - System Time: 2025-03-01 14:34:30.983611, Logical Clock: 47
2025-03-01 14:34:31,239 - INTERNAL - System Time: 2025-03-01 14:34:31.238937, Logical Clock: 48
2025-03-01 14:34:31,489 - INTERNAL - System Time: 2025-03-01 14:34:31.489687, Logical Clock: 49
2025-03-01 14:34:31,741 - INTERNAL - System Time: 2025-03-01 14:34:31.741820, Logical Clock: 50
2025-03-01 14:34:31,994 - No connection to port 10000
2025-03-01 14:34:31,994 - SEND - System Time: 2025-03-01 14:34:31.994288, Logical Clock: 51, To: Machine on port 10002
2025-03-01 14:34:32,249 - RECEIVE - System Time: 2025-03-01 14:34:32.248850, Logical Clock: 52, Queue Length: 0, From: Machine 1
2025-03-01 14:34:32,504 - No connection to port 10000
2025-03-01 14:34:32,756 - INTERNAL - System Time: 2025-03-01 14:34:32.756255, Logical Clock: 54
2025-03-01 14:34:33,012 - INTERNAL - System Time: 2025-03-01 14:34:33.011802, Logical Clock: 55
2025-03-01 14:34:33,263 - SEND - System Time: 2025-03-01 14:34:33.263023, Logical Clock: 56, To: Machine on port 10002
2025-03-01 14:34:33,515 - INTERNAL - System Time: 2025-03-01 14:34:33.515053, Logical Clock: 57
2025-03-01 14:34:33,768 - INTERNAL - System Time: 2025-03-01 14:34:33.768043, Logical Clock: 58
2025-03-01 14:34:34,023 - No connection to port 10000
2025-03-01 14:34:34,024 - SEND - System Time: 2025-03-01 14:34:34.023836, Logical Clock: 59, To: Machine on port 10002
2025-03-01 14:34:34,274 - RECEIVE - System Time: 2025-03-01 14:34:34.274521, Logical Clock: 60, Queue Length: 0, From: Machine 1
2025-03-01 14:34:34,529 - INTERNAL - System Time: 2025-03-01 14:34:34.529785, Logical Clock: 61
2025-03-01 14:34:34,786 - No connection to port 10000
2025-03-01 14:34:35,041 - INTERNAL - System Time: 2025-03-01 14:34:35.041081, Logical Clock: 63
2025-03-01 14:34:35,296 - INTERNAL - System Time: 2025-03-01 14:34:35.296563, Logical Clock: 64
2025-03-01 14:34:35,551 - SEND - System Time: 2025-03-01 14:34:35.550911, Logical Clock: 65, To: Machine on port 10002
2025-03-01 14:34:35,806 - INTERNAL - System Time: 2025-03-01 14:34:35.806231, Logical Clock: 66
2025-03-01 14:34:36,060 - INTERNAL - System Time: 2025-03-01 14:34:36.060260, Logical Clock: 67
2025-03-01 14:34:36,312 - INTERNAL - System Time: 2025-03-01 14:34:36.312504, Logical Clock: 68
2025-03-01 14:34:36,565 - INTERNAL - System Time: 2025-03-01 14:34:36.565362, Logical Clock: 69
2025-03-01 14:34:36,820 - INTERNAL - System Time: 2025-03-01 14:34:36.820626, Logical Clock: 70
2025-03-01 14:34:37,071 - INTERNAL - System Time: 2025-03-01 14:34:37.071503, Logical Clock: 71
2025-03-01 14:34:37,323 - INTERNAL - System Time: 2025-03-01 14:34:37.323062, Logical Clock: 72
2025-03-01 14:34:37,574 - INTERNAL - System Time: 2025-03-01 14:34:37.574810, Logical Clock: 73
2025-03-01 14:34:37,826 - No connection to port 10000
2025-03-01 14:34:37,826 - SEND - System Time: 2025-03-01 14:34:37.826184, Logical Clock: 74, To: Machine on port 10002
2025-03-01 14:34:38,079 - INTERNAL - System Time: 2025-03-01 14:34:38.079796, Logical Clock: 75
2025-03-01 14:34:38,335 - INTERNAL - System Time: 2025-03-01 14:34:38.335482, Logical Clock: 76
2025-03-01 14:34:38,588 - INTERNAL - System Time: 2025-03-01 14:34:38.587912, Logical Clock: 77
2025-03-01 14:34:38,839 - INTERNAL - System Time: 2025-03-01 14:34:38.839658, Logical Clock: 78
2025-03-01 14:34:39,095 - SEND - System Time: 2025-03-01 14:34:39.095001, Logical Clock: 79, To: Machine on port 10002
2025-03-01 14:34:39,350 - RECEIVE - System Time: 2025-03-01 14:34:39.350641, Logical Clock: 80, Queue Length: 0, From: Machine 1
2025-03-01 14:34:39,606 - INTERNAL - System Time: 2025-03-01 14:34:39.606065, Logical Clock: 81
2025-03-01 14:34:39,860 - INTERNAL - System Time: 2025-03-01 14:34:39.860121, Logical Clock: 82
2025-03-01 14:34:40,116 - INTERNAL - System Time: 2025-03-01 14:34:40.115770, Logical Clock: 83
2025-03-01 14:34:40,371 - RECEIVE - System Time: 2025-03-01 14:34:40.371264, Logical Clock: 84, Queue Length: 0, From: Machine 1
2025-03-01 14:34:40,623 - INTERNAL - System Time: 2025-03-01 14:34:40.622899, Logical Clock: 85
2025-03-01 14:34:40,878 - INTERNAL - System Time: 2025-03-01 14:34:40.878430, Logical Clock: 86
2025-03-01 14:34:41,129 - INTERNAL - System Time: 2025-03-01 14:34:41.129725, Logical Clock: 87
2025-03-01 14:34:41,385 - INTERNAL - System Time: 2025-03-01 14:34:41.385060, Logical Clock: 88
2025-03-01 14:34:41,639 - INTERNAL - System Time: 2025-03-01 14:34:41.639762, Logical Clock: 89
2025-03-01 14:34:41,895 - INTERNAL - System Time: 2025-03-01 14:34:41.895353, Logical Clock: 90
2025-03-01 14:34:42,151 - INTERNAL - System Time: 2025-03-01 14:34:42.151062, Logical Clock: 91
2025-03-01 14:34:42,405 - INTERNAL - System Time: 2025-03-01 14:34:42.405793, Logical Clock: 92
2025-03-01 14:34:42,659 - INTERNAL - System Time: 2025-03-01 14:34:42.659637, Logical Clock: 93
2025-03-01 14:34:42,913 - RECEIVE - System Time: 2025-03-01 14:34:42.913164, Logical Clock: 94, Queue Length: 0, From: Machine 1
2025-03-01 14:34:43,168 - INTERNAL - System Time: 2025-03-01 14:34:43.168714, Logical Clock: 95
2025-03-01 14:34:43,421 - INTERNAL - System Time: 2025-03-01 14:34:43.420965, Logical Clock: 96
2025-03-01 14:34:43,674 - No connection to port 10000
2025-03-01 14:34:43,926 - INTERNAL - System Time: 2025-03-01 14:34:43.926219, Logical Clock: 98
2025-03-01 14:34:44,181 - INTERNAL - System Time: 2025-03-01 14:34:44.181659, Logical Clock: 99
2025-03-01 14:34:44,434 - INTERNAL - System Time: 2025-03-01 14:34:44.434022, Logical Clock: 100
2025-03-01 14:34:44,689 - INTERNAL - System Time: 2025-03-01 14:34:44.688855, Logical Clock: 101
2025-03-01 14:34:44,942 - INTERNAL - System Time: 2025-03-01 14:34:44.942428, Logical Clock: 102
2025-03-01 14:34:45,193 - INTERNAL - System Time: 2025-03-01 14:34:45.193068, Logical Clock: 103
2025-03-01 14:34:45,445 - No connection to port 10000
2025-03-01 14:34:45,446 - SEND - System Time: 2025-03-01 14:34:45.445679, Logical Clock: 104, To: Machine on port 10002
2025-03-01 14:34:45,700 - No connection to port 10000
2025-03-01 14:34:45,950 - INTERNAL - System Time: 2025-03-01 14:34:45.950783, Logical Clock: 106
2025-03-01 14:34:46,206 - INTERNAL - System Time: 2025-03-01 14:34:46.206176, Logical Clock: 107
2025-03-01 14:34:46,459 - INTERNAL - System Time: 2025-03-01 14:34:46.459660, Logical Clock: 108
2025-03-01 14:34:46,716 - INTERNAL - System Time: 2025-03-01 14:34:46.716513, Logical Clock: 109
2025-03-01 14:34:46,971 - No connection to port 10000
2025-03-01 14:34:46,971 - SEND - System Time: 2025-03-01 14:34:46.971041, Logical Clock: 110, To: Machine on port 10002
2025-03-01 14:34:47,222 - INTERNAL - System Time: 2025-03-01 14:34:47.222196, Logical Clock: 111
2025-03-01 14:34:47,474 - INTERNAL - System Time: 2025-03-01 14:34:47.474860, Logical Clock: 112
2025-03-01 14:34:47,729 - INTERNAL - System Time: 2025-03-01 14:34:47.729813, Logical Clock: 113
2025-03-01 14:34:47,985 - INTERNAL - System Time: 2025-03-01 14:34:47.985039, Logical Clock: 114
2025-03-01 14:34:48,235 - No connection to port 10000
2025-03-01 14:34:48,491 - INTERNAL - System Time: 2025-03-01 14:34:48.490974, Logical Clock: 116
2025-03-01 14:34:48,746 - No connection to port 10000
2025-03-01 14:34:48,746 - SEND - System Time: 2025-03-01 14:34:48.746115, Logical Clock: 117, To: Machine on port 10002
2025-03-01 14:34:49,000 - No connection to port 10000
2025-03-01 14:34:49,001 - SEND - System Time: 2025-03-01 14:34:49.000820, Logical Clock: 118, To: Machine on port 10002
2025-03-01 14:34:49,253 - No connection to port 10000
2025-03-01 14:34:49,253 - SEND - System Time: 2025-03-01 14:34:49.253603, Logical Clock: 119, To: Machine on port 10002
2025-03-01 14:34:49,504 - INTERNAL - System Time: 2025-03-01 14:34:49.504176, Logical Clock: 120
2025-03-01 14:34:49,755 - INTERNAL - System Time: 2025-03-01 14:34:49.755460, Logical Clock: 121
2025-03-01 14:34:50,010 - INTERNAL - System Time: 2025-03-01 14:34:50.010019, Logical Clock: 122
2025-03-01 14:34:50,263 - No connection to port 10000
2025-03-01 14:34:50,264 - SEND - System Time: 2025-03-01 14:34:50.263617, Logical Clock: 123, To: Machine on port 10002
2025-03-01 14:34:50,519 - SEND - System Time: 2025-03-01 14:34:50.519472, Logical Clock: 124, To: Machine on port 10002
2025-03-01 14:34:50,774 - INTERNAL - System Time: 2025-03-01 14:34:50.774441, Logical Clock: 125
2025-03-01 14:34:51,029 - INTERNAL - System Time: 2025-03-01 14:34:51.029611, Logical Clock: 126
2025-03-01 14:34:51,285 - INTERNAL - System Time: 2025-03-01 14:34:51.284912, Logical Clock: 127
2025-03-01 14:34:51,540 - INTERNAL - System Time: 2025-03-01 14:34:51.540309, Logical Clock: 128
2025-03-01 14:34:51,791 - INTERNAL - System Time: 2025-03-01 14:34:51.791212, Logical Clock: 129
2025-03-01 14:34:52,046 - INTERNAL - System Time: 2025-03-01 14:34:52.046127, Logical Clock: 130
2025-03-01 14:34:52,300 - INTERNAL - System Time: 2025-03-01 14:34:52.300832, Logical Clock: 131
2025-03-01 14:34:52,552 - INTERNAL - System Time: 2025-03-01 14:34:52.552187, Logical Clock: 132
2025-03-01 14:34:52,804 - INTERNAL - System Time: 2025-03-01 14:34:52.804139, Logical Clock: 133
2025-03-01 14:34:53,058 - INTERNAL - System Time: 2025-03-01 14:34:53.058143, Logical Clock: 134
2025-03-01 14:34:53,312 - INTERNAL - System Time: 2025-03-01 14:34:53.312691, Logical Clock: 135
2025-03-01 14:34:53,568 - INTERNAL - System Time: 2025-03-01 14:34:53.568169, Logical Clock: 136
2025-03-01 14:34:53,819 - INTERNAL - System Time: 2025-03-01 14:34:53.819895, Logical Clock: 137
2025-03-01 14:34:54,073 - INTERNAL - System Time: 2025-03-01 14:34:54.073601, Logical Clock: 138
2025-03-01 14:34:54,324 - No connection to port 10000
2025-03-01 14:34:54,324 - SEND - System Time: 2025-03-01 14:34:54.324312, Logical Clock: 139, To: Machine on port 10002
2025-03-01 14:34:54,580 - INTERNAL - System Time: 2025-03-01 14:34:54.580038, Logical Clock: 140
2025-03-01 14:34:54,835 - INTERNAL - System Time: 2025-03-01 14:34:54.835302, Logical Clock: 141
2025-03-01 14:34:55,089 - INTERNAL - System Time: 2025-03-01 14:34:55.088952, Logical Clock: 142
2025-03-01 14:34:55,340 - INTERNAL - System Time: 2025-03-01 14:34:55.340808, Logical Clock: 143
2025-03-01 14:34:55,595 - SEND - System Time: 2025-03-01 14:34:55.595157, Logical Clock: 144, To: Machine on port 10002
2025-03-01 14:34:55,847 - INTERNAL - System Time: 2025-03-01 14:34:55.847485, Logical Clock: 145
2025-03-01 14:34:56,098 - INTERNAL - System Time: 2025-03-01 14:34:56.098437, Logical Clock: 146
2025-03-01 14:34:56,354 - RECEIVE - System Time: 2025-03-01 14:34:56.353989, Logical Clock: 147, Queue Length: 0, From: Machine 1
2025-03-01 14:34:56,605 - INTERNAL - System Time: 2025-03-01 14:34:56.605825, Logical Clock: 148
2025-03-01 14:34:56,861 - INTERNAL - System Time: 2025-03-01 14:34:56.861036, Logical Clock: 149
2025-03-01 14:34:57,112 - INTERNAL - System Time: 2025-03-01 14:34:57.112698, Logical Clock: 150
2025-03-01 14:34:57,368 - RECEIVE - System Time: 2025-03-01 14:34:57.368105, Logical Clock: 151, Queue Length: 0, From: Machine 1
2025-03-01 14:34:57,623 - INTERNAL - System Time: 2025-03-01 14:34:57.623373, Logical Clock: 152
2025-03-01 14:34:57,879 - No connection to port 10000
2025-03-01 14:34:57,879 - SEND - System Time: 2025-03-01 14:34:57.879075, Logical Clock: 153, To: Machine on port 10002
2025-03-01 14:34:58,135 - INTERNAL - System Time: 2025-03-01 14:34:58.134856, Logical Clock: 154
2025-03-01 14:34:58,390 - RECEIVE - System Time: 2025-03-01 14:34:58.389830, Logical Clock: 155, Queue Length: 0, From: Machine 1
2025-03-01 14:34:58,645 - INTERNAL - System Time: 2025-03-01 14:34:58.645494, Logical Clock: 156
2025-03-01 14:34:58,897 - SEND - System Time: 2025-03-01 14:34:58.897546, Logical Clock: 157, To: Machine on port 10002
2025-03-01 14:34:59,151 - INTERNAL - System Time: 2025-03-01 14:34:59.150814, Logical Clock: 158
2025-03-01 14:34:59,404 - No connection to port 10000
2025-03-01 14:34:59,659 - No connection to port 10000
2025-03-01 14:34:59,911 - SEND - System Time: 2025-03-01 14:34:59.911634, Logical Clock: 161, To: Machine on port 10002
2025-03-01 14:35:00,167 - INTERNAL - System Time: 2025-03-01 14:35:00.167255, Logical Clock: 162
2025-03-01 14:35:00,421 - INTERNAL - System Time: 2025-03-01 14:35:00.420918, Logical Clock: 163
2025-03-01 14:35:00,674 - SEND - System Time: 2025-03-01 14:35:00.674388, Logical Clock: 164, To: Machine on port 10002
2025-03-01 14:35:00,926 - INTERNAL - System Time: 2025-03-01 14:35:00.926056, Logical Clock: 165
2025-03-01 14:35:01,181 - SEND - System Time: 2025-03-01 14:35:01.181192, Logical Clock: 166, To: Machine on port 10002
2025-03-01 14:35:01,432 - INTERNAL - System Time: 2025-03-01 14:35:01.432752, Logical Clock: 167
2025-03-01 14:35:01,684 - No connection to port 10000
2025-03-01 14:35:01,935 - INTERNAL - System Time: 2025-03-01 14:35:01.935590, Logical Clock: 169
2025-03-01 14:35:02,188 - INTERNAL - System Time: 2025-03-01 14:35:02.188787, Logical Clock: 170
2025-03-01 14:35:02,441 - INTERNAL - System Time: 2025-03-01 14:35:02.441515, Logical Clock: 171
2025-03-01 14:35:02,694 - INTERNAL - System Time: 2025-03-01 14:35:02.694138, Logical Clock: 172
2025-03-01 14:35:02,947 - No connection to port 10000
2025-03-01 14:35:02,947 - SEND - System Time: 2025-03-01 14:35:02.947428, Logical Clock: 173, To: Machine on port 10002
2025-03-01 14:35:03,198 - No connection to port 10000
2025-03-01 14:35:03,198 - SEND - System Time: 2025-03-01 14:35:03.198481, Logical Clock: 174, To: Machine on port 10002
2025-03-01 14:35:03,451 - INTERNAL - System Time: 2025-03-01 14:35:03.451083, Logical Clock: 175
2025-03-01 14:35:03,706 - INTERNAL - System Time: 2025-03-01 14:35:03.706475, Logical Clock: 176
2025-03-01 14:35:03,959 - INTERNAL - System Time: 2025-03-01 14:35:03.959680, Logical Clock: 177
2025-03-01 14:35:04,215 - No connection to port 10000
2025-03-01 14:35:04,469 - No connection to port 10000
2025-03-01 14:35:04,720 - INTERNAL - System Time: 2025-03-01 14:35:04.720318, Logical Clock: 180
2025-03-01 14:35:04,974 - SEND - System Time: 2025-03-01 14:35:04.974430, Logical Clock: 181, To: Machine on port 10002
2025-03-01 14:35:05,229 - INTERNAL - System Time: 2025-03-01 14:35:05.229755, Logical Clock: 182
2025-03-01 14:35:05,484 - INTERNAL - System Time: 2025-03-01 14:35:05.483793, Logical Clock: 183
2025-03-01 14:35:05,739 - INTERNAL - System Time: 2025-03-01 14:35:05.738912, Logical Clock: 184
2025-03-01 14:35:05,993 - INTERNAL - System Time: 2025-03-01 14:35:05.993656, Logical Clock: 185
2025-03-01 14:35:06,245 - INTERNAL - System Time: 2025-03-01 14:35:06.244838, Logical Clock: 186
2025-03-01 14:35:06,496 - INTERNAL - System Time: 2025-03-01 14:35:06.496277, Logical Clock: 187
2025-03-01 14:35:06,752 - INTERNAL - System Time: 2025-03-01 14:35:06.751965, Logical Clock: 188
2025-03-01 14:35:07,003 - INTERNAL - System Time: 2025-03-01 14:35:07.003119, Logical Clock: 189
2025-03-01 14:35:07,258 - INTERNAL - System Time: 2025-03-01 14:35:07.258463, Logical Clock: 190
2025-03-01 14:35:07,512 - RECEIVE - System Time: 2025-03-01 14:35:07.512693, Logical Clock: 191, Queue Length: 0, From: Machine 1
2025-03-01 14:35:07,768 - No connection to port 10000
2025-03-01 14:35:08,068 - No connection to port 10000
2025-03-01 14:35:08,323 - INTERNAL - System Time: 2025-03-01 14:35:08.323411, Logical Clock: 194
2025-03-01 14:35:08,574 - INTERNAL - System Time: 2025-03-01 14:35:08.574374, Logical Clock: 195
2025-03-01 14:35:08,826 - INTERNAL - System Time: 2025-03-01 14:35:08.826059, Logical Clock: 196
2025-03-01 14:35:09,086 - INTERNAL - System Time: 2025-03-01 14:35:09.085990, Logical Clock: 197
2025-03-01 14:35:09,340 - INTERNAL - System Time: 2025-03-01 14:35:09.340255, Logical Clock: 198
2025-03-01 14:35:09,592 - RECEIVE - System Time: 2025-03-01 14:35:09.592021, Logical Clock: 199, Queue Length: 0, From: Machine 1
2025-03-01 14:35:09,845 - INTERNAL - System Time: 2025-03-01 14:35:09.845257, Logical Clock: 200
2025-03-01 14:35:10,099 - SEND - System Time: 2025-03-01 14:35:10.099160, Logical Clock: 201, To: Machine on port 10002
2025-03-01 14:35:10,354 - INTERNAL - System Time: 2025-03-01 14:35:10.354153, Logical Clock: 202
2025-03-01 14:35:10,609 - No connection to port 10000
2025-03-01 14:35:10,609 - SEND - System Time: 2025-03-01 14:35:10.609308, Logical Clock: 203, To: Machine on port 10002
2025-03-01 14:35:10,863 - INTERNAL - System Time: 2025-03-01 14:35:10.863058, Logical Clock: 204
2025-03-01 14:35:11,115 - INTERNAL - System Time: 2025-03-01 14:35:11.115185, Logical Clock: 205
2025-03-01 14:35:11,366 - No connection to port 10000
2025-03-01 14:35:11,367 - SEND - System Time: 2025-03-01 14:35:11.366915, Logical Clock: 206, To: Machine on port 10002
2025-03-01 14:35:11,621 - INTERNAL - System Time: 2025-03-01 14:35:11.621071, Logical Clock: 207
2025-03-01 14:35:11,872 - INTERNAL - System Time: 2025-03-01 14:35:11.872118, Logical Clock: 208
2025-03-01 14:35:12,124 - RECEIVE - System Time: 2025-03-01 14:35:12.124003, Logical Clock: 209, Queue Length: 0, From: Machine 1
2025-03-01 14:35:12,375 - No connection to port 10000
2025-03-01 14:35:12,629 - RECEIVE - System Time: 2025-03-01 14:35:12.629785, Logical Clock: 211, Queue Length: 0, From: Machine 1
2025-03-01 14:35:12,885 - INTERNAL - System Time: 2025-03-01 14:35:12.885423, Logical Clock: 212
2025-03-01 14:35:13,139 - SEND - System Time: 2025-03-01 14:35:13.139539, Logical Clock: 213, To: Machine on port 10002
2025-03-01 14:35:13,393 - INTERNAL - System Time: 2025-03-01 14:35:13.393457, Logical Clock: 214
2025-03-01 14:35:13,645 - INTERNAL - System Time: 2025-03-01 14:35:13.645314, Logical Clock: 215
2025-03-01 14:35:13,896 - INTERNAL - System Time: 2025-03-01 14:35:13.896234, Logical Clock: 216
2025-03-01 14:35:14,147 - INTERNAL - System Time: 2025-03-01 14:35:14.147202, Logical Clock: 217
2025-03-01 14:35:14,402 - No connection to port 10000
2025-03-01 14:35:14,402 - SEND - System Time: 2025-03-01 14:35:14.401677, Logical Clock: 218, To: Machine on port 10002
2025-03-01 14:35:14,657 - RECEIVE - System Time: 2025-03-01 14:35:14.657599, Logical Clock: 219, Queue Length: 0, From: Machine 1
2025-03-01 14:35:14,911 - INTERNAL - System Time: 2025-03-01 14:35:14.911879, Logical Clock: 220
2025-03-01 14:35:15,167 - INTERNAL - System Time: 2025-03-01 14:35:15.167218, Logical Clock: 221
2025-03-01 14:35:15,421 - INTERNAL - System Time: 2025-03-01 14:35:15.421517, Logical Clock: 222
2025-03-01 14:35:15,673 - INTERNAL - System Time: 2025-03-01 14:35:15.672868, Logical Clock: 223
2025-03-01 14:35:15,927 - SEND - System Time: 2025-03-01 14:35:15.927623, Logical Clock: 224, To: Machine on port 10002
2025-03-01 14:35:16,181 - No connection to port 10000
2025-03-01 14:35:16,182 - SEND - System Time: 2025-03-01 14:35:16.181632, Logical Clock: 225, To: Machine on port 10002
2025-03-01 14:35:16,436 - No connection to port 10000
2025-03-01 14:35:16,436 - SEND - System Time: 2025-03-01 14:35:16.436422, Logical Clock: 226, To: Machine on port 10002
2025-03-01 14:35:16,688 - INTERNAL - System Time: 2025-03-01 14:35:16.688747, Logical Clock: 227
2025-03-01 14:35:16,943 - INTERNAL - System Time: 2025-03-01 14:35:16.943436, Logical Clock: 228
2025-03-01 14:35:17,194 - RECEIVE - System Time: 2025-03-01 14:35:17.194038, Logical Clock: 229, Queue Length: 0, From: Machine 1
2025-03-01 14:35:17,446 - INTERNAL - System Time: 2025-03-01 14:35:17.446463, Logical Clock: 230
2025-03-01 14:35:17,697 - SEND - System Time: 2025-03-01 14:35:17.697181, Logical Clock: 231, To: Machine on port 10002
2025-03-01 14:35:17,950 - INTERNAL - System Time: 2025-03-01 14:35:17.950088, Logical Clock: 232
2025-03-01 14:35:18,202 - No connection to port 10000
2025-03-01 14:35:18,202 - SEND - System Time: 2025-03-01 14:35:18.202230, Logical Clock: 233, To: Machine on port 10002
2025-03-01 14:35:18,455 - INTERNAL - System Time: 2025-03-01 14:35:18.455663, Logical Clock: 234
2025-03-01 14:35:18,711 - INTERNAL - System Time: 2025-03-01 14:35:18.710917, Logical Clock: 235
2025-03-01 14:35:18,966 - INTERNAL - System Time: 2025-03-01 14:35:18.966285, Logical Clock: 236
