2025-03-01 14:35:20,334 - Virtual Machine 1 initialized
2025-03-01 14:35:20,334 - Clock Rate: 4 ticks/second
2025-03-01 14:35:20,334 - Listening on port: 10000
2025-03-01 14:35:20,334 - Peer ports: [10001, 10002]
2025-03-01 14:35:21,343 - Connected to peer on port 10001
2025-03-01 14:35:21,344 - Connected to peer on port 10002
2025-03-01 14:35:21,344 - Network initialization completed
2025-03-01 14:35:21,344 - Starting main event loop
2025-03-01 14:35:21,344 - Clock rate: 4 ticks/second
2025-03-01 14:35:21,344 - INTERNAL - System Time: 2025-03-01 14:35:21.344715, Logical Clock: 1
2025-03-01 14:35:21,604 - INTERNAL - System Time: 2025-03-01 14:35:21.604867, Logical Clock: 2
2025-03-01 14:35:21,855 - INTERNAL - System Time: 2025-03-01 14:35:21.855500, Logical Clock: 3
2025-03-01 14:35:22,111 - INTERNAL - System Time: 2025-03-01 14:35:22.110867, Logical Clock: 4
2025-03-01 14:35:22,362 - INTERNAL - System Time: 2025-03-01 14:35:22.362288, Logical Clock: 5
2025-03-01 14:35:22,620 - INTERNAL - System Time: 2025-03-01 14:35:22.620758, Logical Clock: 6
2025-03-01 14:35:22,875 - INTERNAL - System Time: 2025-03-01 14:35:22.875032, Logical Clock: 7
2025-03-01 14:35:23,129 - INTERNAL - System Time: 2025-03-01 14:35:23.129643, Logical Clock: 8
2025-03-01 14:35:23,384 - INTERNAL - System Time: 2025-03-01 14:35:23.384127, Logical Clock: 9
2025-03-01 14:35:23,635 - INTERNAL - System Time: 2025-03-01 14:35:23.635761, Logical Clock: 10
2025-03-01 14:35:23,887 - INTERNAL - System Time: 2025-03-01 14:35:23.887414, Logical Clock: 11
2025-03-01 14:35:24,142 - INTERNAL - System Time: 2025-03-01 14:35:24.142670, Logical Clock: 12
2025-03-01 14:35:24,395 - INTERNAL - System Time: 2025-03-01 14:35:24.394912, Logical Clock: 13
2025-03-01 14:35:24,648 - INTERNAL - System Time: 2025-03-01 14:35:24.647899, Logical Clock: 14
2025-03-01 14:35:24,901 - INTERNAL - System Time: 2025-03-01 14:35:24.901445, Logical Clock: 15
2025-03-01 14:35:25,158 - SEND - System Time: 2025-03-01 14:35:25.158350, Logical Clock: 16, To: Machine on port 10001
2025-03-01 14:35:25,414 - INTERNAL - System Time: 2025-03-01 14:35:25.414006, Logical Clock: 17
2025-03-01 14:35:25,664 - INTERNAL - System Time: 2025-03-01 14:35:25.664916, Logical Clock: 18
2025-03-01 14:35:25,920 - INTERNAL - System Time: 2025-03-01 14:35:25.920197, Logical Clock: 19
2025-03-01 14:35:26,172 - SEND - System Time: 2025-03-01 14:35:26.172468, Logical Clock: 20, To: Machine on port 10001
2025-03-01 14:35:26,424 - INTERNAL - System Time: 2025-03-01 14:35:26.424289, Logical Clock: 21
2025-03-01 14:35:26,677 - INTERNAL - System Time: 2025-03-01 14:35:26.677517, Logical Clock: 22
2025-03-01 14:35:26,929 - INTERNAL - System Time: 2025-03-01 14:35:26.929723, Logical Clock: 23
2025-03-01 14:35:27,183 - SEND - System Time: 2025-03-01 14:35:27.183048, Logical Clock: 24, To: Machine on port 10002
2025-03-01 14:35:27,435 - SEND - System Time: 2025-03-01 14:35:27.435078, Logical Clock: 25, To: Machine on port 10001
2025-03-01 14:35:27,687 - INTERNAL - System Time: 2025-03-01 14:35:27.687750, Logical Clock: 26
2025-03-01 14:35:27,942 - INTERNAL - System Time: 2025-03-01 14:35:27.942657, Logical Clock: 27
2025-03-01 14:35:28,194 - INTERNAL - System Time: 2025-03-01 14:35:28.193965, Logical Clock: 28
2025-03-01 14:35:28,449 - INTERNAL - System Time: 2025-03-01 14:35:28.449594, Logical Clock: 29
2025-03-01 14:35:28,701 - SEND - System Time: 2025-03-01 14:35:28.700931, Logical Clock: 30, To: Machine on port 10002
2025-03-01 14:35:28,954 - SEND - System Time: 2025-03-01 14:35:28.954249, Logical Clock: 31, To: Machine on port 10001
2025-03-01 14:35:28,955 - SEND - System Time: 2025-03-01 14:35:28.954249, Logical Clock: 31, To: Machine on port 10002
2025-03-01 14:35:29,206 - INTERNAL - System Time: 2025-03-01 14:35:29.206497, Logical Clock: 32
2025-03-01 14:35:29,459 - INTERNAL - System Time: 2025-03-01 14:35:29.459500, Logical Clock: 33
2025-03-01 14:35:29,712 - SEND - System Time: 2025-03-01 14:35:29.712728, Logical Clock: 34, To: Machine on port 10001
2025-03-01 14:35:29,968 - SEND - System Time: 2025-03-01 14:35:29.968440, Logical Clock: 35, To: Machine on port 10001
2025-03-01 14:35:29,969 - SEND - System Time: 2025-03-01 14:35:29.968440, Logical Clock: 35, To: Machine on port 10002
2025-03-01 14:35:30,224 - SEND - System Time: 2025-03-01 14:35:30.224670, Logical Clock: 36, To: Machine on port 10002
2025-03-01 14:35:30,476 - INTERNAL - System Time: 2025-03-01 14:35:30.475947, Logical Clock: 37
2025-03-01 14:35:30,729 - INTERNAL - System Time: 2025-03-01 14:35:30.729649, Logical Clock: 38
2025-03-01 14:35:30,983 - SEND - System Time: 2025-03-01 14:35:30.983715, Logical Clock: 39, To: Machine on port 10002
2025-03-01 14:35:31,237 - INTERNAL - System Time: 2025-03-01 14:35:31.237372, Logical Clock: 40
2025-03-01 14:35:31,490 - INTERNAL - System Time: 2025-03-01 14:35:31.489957, Logical Clock: 41
2025-03-01 14:35:31,741 - INTERNAL - System Time: 2025-03-01 14:35:31.741662, Logical Clock: 42
2025-03-01 14:35:31,997 - INTERNAL - System Time: 2025-03-01 14:35:31.997247, Logical Clock: 43
2025-03-01 14:35:32,251 - SEND - System Time: 2025-03-01 14:35:32.250864, Logical Clock: 44, To: Machine on port 10001
2025-03-01 14:35:32,251 - SEND - System Time: 2025-03-01 14:35:32.250864, Logical Clock: 44, To: Machine on port 10002
2025-03-01 14:35:32,506 - INTERNAL - System Time: 2025-03-01 14:35:32.506030, Logical Clock: 45
2025-03-01 14:35:32,759 - INTERNAL - System Time: 2025-03-01 14:35:32.759450, Logical Clock: 46
2025-03-01 14:35:33,013 - INTERNAL - System Time: 2025-03-01 14:35:33.013540, Logical Clock: 47
2025-03-01 14:35:33,269 - INTERNAL - System Time: 2025-03-01 14:35:33.269166, Logical Clock: 48
2025-03-01 14:35:33,520 - INTERNAL - System Time: 2025-03-01 14:35:33.520668, Logical Clock: 49
2025-03-01 14:35:33,776 - SEND - System Time: 2025-03-01 14:35:33.776015, Logical Clock: 50, To: Machine on port 10001
2025-03-01 14:35:34,028 - SEND - System Time: 2025-03-01 14:35:34.028552, Logical Clock: 51, To: Machine on port 10001
2025-03-01 14:35:34,028 - SEND - System Time: 2025-03-01 14:35:34.028552, Logical Clock: 51, To: Machine on port 10002
2025-03-01 14:35:34,282 - INTERNAL - System Time: 2025-03-01 14:35:34.281908, Logical Clock: 52
2025-03-01 14:35:34,537 - INTERNAL - System Time: 2025-03-01 14:35:34.537277, Logical Clock: 53
2025-03-01 14:35:34,788 - INTERNAL - System Time: 2025-03-01 14:35:34.788516, Logical Clock: 54
2025-03-01 14:35:35,043 - INTERNAL - System Time: 2025-03-01 14:35:35.043734, Logical Clock: 55
2025-03-01 14:35:35,298 - INTERNAL - System Time: 2025-03-01 14:35:35.297974, Logical Clock: 56
2025-03-01 14:35:35,553 - INTERNAL - System Time: 2025-03-01 14:35:35.552971, Logical Clock: 57
2025-03-01 14:35:35,804 - INTERNAL - System Time: 2025-03-01 14:35:35.804123, Logical Clock: 58
2025-03-01 14:35:36,056 - INTERNAL - System Time: 2025-03-01 14:35:36.056064, Logical Clock: 59
2025-03-01 14:35:36,309 - INTERNAL - System Time: 2025-03-01 14:35:36.309523, Logical Clock: 60
2025-03-01 14:35:36,565 - INTERNAL - System Time: 2025-03-01 14:35:36.565022, Logical Clock: 61
2025-03-01 14:35:36,820 - SEND - System Time: 2025-03-01 14:35:36.820705, Logical Clock: 62, To: Machine on port 10001
2025-03-01 14:35:37,074 - INTERNAL - System Time: 2025-03-01 14:35:37.074802, Logical Clock: 63
2025-03-01 14:35:37,330 - INTERNAL - System Time: 2025-03-01 14:35:37.329888, Logical Clock: 64
2025-03-01 14:35:37,580 - INTERNAL - System Time: 2025-03-01 14:35:37.580714, Logical Clock: 65
2025-03-01 14:35:37,836 - INTERNAL - System Time: 2025-03-01 14:35:37.835980, Logical Clock: 66
2025-03-01 14:35:38,091 - INTERNAL - System Time: 2025-03-01 14:35:38.091270, Logical Clock: 67
2025-03-01 14:35:38,346 - INTERNAL - System Time: 2025-03-01 14:35:38.346006, Logical Clock: 68
2025-03-01 14:35:38,601 - SEND - System Time: 2025-03-01 14:35:38.601531, Logical Clock: 69, To: Machine on port 10001
2025-03-01 14:35:38,854 - INTERNAL - System Time: 2025-03-01 14:35:38.854055, Logical Clock: 70
2025-03-01 14:35:39,109 - INTERNAL - System Time: 2025-03-01 14:35:39.109528, Logical Clock: 71
2025-03-01 14:35:39,362 - INTERNAL - System Time: 2025-03-01 14:35:39.362631, Logical Clock: 72
2025-03-01 14:35:39,616 - INTERNAL - System Time: 2025-03-01 14:35:39.615917, Logical Clock: 73
2025-03-01 14:35:39,870 - INTERNAL - System Time: 2025-03-01 14:35:39.870761, Logical Clock: 74
2025-03-01 14:35:40,126 - SEND - System Time: 2025-03-01 14:35:40.126454, Logical Clock: 75, To: Machine on port 10001
2025-03-01 14:35:40,382 - SEND - System Time: 2025-03-01 14:35:40.382060, Logical Clock: 76, To: Machine on port 10002
2025-03-01 14:35:40,637 - SEND - System Time: 2025-03-01 14:35:40.637471, Logical Clock: 77, To: Machine on port 10001
2025-03-01 14:35:40,888 - INTERNAL - System Time: 2025-03-01 14:35:40.888675, Logical Clock: 78
2025-03-01 14:35:41,143 - INTERNAL - System Time: 2025-03-01 14:35:41.143531, Logical Clock: 79
2025-03-01 14:35:41,399 - INTERNAL - System Time: 2025-03-01 14:35:41.399134, Logical Clock: 80
2025-03-01 14:35:41,654 - INTERNAL - System Time: 2025-03-01 14:35:41.653917, Logical Clock: 81
2025-03-01 14:35:41,909 - SEND - System Time: 2025-03-01 14:35:41.909514, Logical Clock: 82, To: Machine on port 10001
2025-03-01 14:35:41,910 - SEND - System Time: 2025-03-01 14:35:41.909514, Logical Clock: 82, To: Machine on port 10002
2025-03-01 14:35:42,165 - INTERNAL - System Time: 2025-03-01 14:35:42.165442, Logical Clock: 83
2025-03-01 14:35:42,420 - INTERNAL - System Time: 2025-03-01 14:35:42.420574, Logical Clock: 84
2025-03-01 14:35:42,674 - SEND - System Time: 2025-03-01 14:35:42.674223, Logical Clock: 85, To: Machine on port 10001
2025-03-01 14:35:42,928 - SEND - System Time: 2025-03-01 14:35:42.928100, Logical Clock: 86, To: Machine on port 10001
2025-03-01 14:35:43,179 - INTERNAL - System Time: 2025-03-01 14:35:43.179576, Logical Clock: 87
2025-03-01 14:35:43,435 - INTERNAL - System Time: 2025-03-01 14:35:43.435179, Logical Clock: 88
2025-03-01 14:35:43,687 - INTERNAL - System Time: 2025-03-01 14:35:43.687394, Logical Clock: 89
2025-03-01 14:35:43,939 - SEND - System Time: 2025-03-01 14:35:43.938828, Logical Clock: 90, To: Machine on port 10002
2025-03-01 14:35:44,194 - SEND - System Time: 2025-03-01 14:35:44.194170, Logical Clock: 91, To: Machine on port 10001
2025-03-01 14:35:44,450 - INTERNAL - System Time: 2025-03-01 14:35:44.450188, Logical Clock: 92
2025-03-01 14:35:44,704 - INTERNAL - System Time: 2025-03-01 14:35:44.704459, Logical Clock: 93
2025-03-01 14:35:44,959 - INTERNAL - System Time: 2025-03-01 14:35:44.959498, Logical Clock: 94
2025-03-01 14:35:45,212 - INTERNAL - System Time: 2025-03-01 14:35:45.212544, Logical Clock: 95
2025-03-01 14:35:45,467 - SEND - System Time: 2025-03-01 14:35:45.467037, Logical Clock: 96, To: Machine on port 10001
2025-03-01 14:35:45,467 - SEND - System Time: 2025-03-01 14:35:45.467037, Logical Clock: 96, To: Machine on port 10002
2025-03-01 14:35:45,722 - INTERNAL - System Time: 2025-03-01 14:35:45.722239, Logical Clock: 97
2025-03-01 14:35:45,973 - INTERNAL - System Time: 2025-03-01 14:35:45.973551, Logical Clock: 98
2025-03-01 14:35:46,225 - INTERNAL - System Time: 2025-03-01 14:35:46.224893, Logical Clock: 99
2025-03-01 14:35:46,478 - INTERNAL - System Time: 2025-03-01 14:35:46.477885, Logical Clock: 100
2025-03-01 14:35:46,733 - INTERNAL - System Time: 2025-03-01 14:35:46.733493, Logical Clock: 101
2025-03-01 14:35:46,987 - INTERNAL - System Time: 2025-03-01 14:35:46.987345, Logical Clock: 102
2025-03-01 14:35:47,243 - SEND - System Time: 2025-03-01 14:35:47.243122, Logical Clock: 103, To: Machine on port 10002
2025-03-01 14:35:47,498 - INTERNAL - System Time: 2025-03-01 14:35:47.498716, Logical Clock: 104
2025-03-01 14:35:47,754 - INTERNAL - System Time: 2025-03-01 14:35:47.754038, Logical Clock: 105
2025-03-01 14:35:48,008 - INTERNAL - System Time: 2025-03-01 14:35:48.008310, Logical Clock: 106
2025-03-01 14:35:48,259 - INTERNAL - System Time: 2025-03-01 14:35:48.259449, Logical Clock: 107
2025-03-01 14:35:48,512 - INTERNAL - System Time: 2025-03-01 14:35:48.512524, Logical Clock: 108
2025-03-01 14:35:48,763 - SEND - System Time: 2025-03-01 14:35:48.763180, Logical Clock: 109, To: Machine on port 10001
2025-03-01 14:35:49,018 - INTERNAL - System Time: 2025-03-01 14:35:49.018596, Logical Clock: 110
2025-03-01 14:35:49,269 - SEND - System Time: 2025-03-01 14:35:49.269668, Logical Clock: 111, To: Machine on port 10002
2025-03-01 14:35:49,525 - INTERNAL - System Time: 2025-03-01 14:35:49.525125, Logical Clock: 112
2025-03-01 14:35:49,780 - SEND - System Time: 2025-03-01 14:35:49.780769, Logical Clock: 113, To: Machine on port 10001
2025-03-01 14:35:49,781 - SEND - System Time: 2025-03-01 14:35:49.780769, Logical Clock: 113, To: Machine on port 10002
2025-03-01 14:35:50,033 - INTERNAL - System Time: 2025-03-01 14:35:50.032795, Logical Clock: 114
2025-03-01 14:35:50,286 - SEND - System Time: 2025-03-01 14:35:50.286312, Logical Clock: 115, To: Machine on port 10001
2025-03-01 14:35:50,537 - SEND - System Time: 2025-03-01 14:35:50.537261, Logical Clock: 116, To: Machine on port 10002
2025-03-01 14:35:50,790 - INTERNAL - System Time: 2025-03-01 14:35:50.790730, Logical Clock: 117
2025-03-01 14:35:51,042 - INTERNAL - System Time: 2025-03-01 14:35:51.042059, Logical Clock: 118
2025-03-01 14:35:51,294 - INTERNAL - System Time: 2025-03-01 14:35:51.293915, Logical Clock: 119
2025-03-01 14:35:51,548 - INTERNAL - System Time: 2025-03-01 14:35:51.548177, Logical Clock: 120
2025-03-01 14:35:51,803 - INTERNAL - System Time: 2025-03-01 14:35:51.803032, Logical Clock: 121
2025-03-01 14:35:52,055 - SEND - System Time: 2025-03-01 14:35:52.055358, Logical Clock: 122, To: Machine on port 10002
2025-03-01 14:35:52,306 - INTERNAL - System Time: 2025-03-01 14:35:52.306021, Logical Clock: 123
2025-03-01 14:35:52,559 - SEND - System Time: 2025-03-01 14:35:52.559503, Logical Clock: 124, To: Machine on port 10001
2025-03-01 14:35:52,559 - SEND - System Time: 2025-03-01 14:35:52.559503, Logical Clock: 124, To: Machine on port 10002
2025-03-01 14:35:52,810 - INTERNAL - System Time: 2025-03-01 14:35:52.810754, Logical Clock: 125
2025-03-01 14:35:53,066 - INTERNAL - System Time: 2025-03-01 14:35:53.066096, Logical Clock: 126
2025-03-01 14:35:53,321 - INTERNAL - System Time: 2025-03-01 14:35:53.320742, Logical Clock: 127
2025-03-01 14:35:53,574 - INTERNAL - System Time: 2025-03-01 14:35:53.574305, Logical Clock: 128
2025-03-01 14:35:53,825 - INTERNAL - System Time: 2025-03-01 14:35:53.825542, Logical Clock: 129
2025-03-01 14:35:54,077 - INTERNAL - System Time: 2025-03-01 14:35:54.077759, Logical Clock: 130
2025-03-01 14:35:54,333 - SEND - System Time: 2025-03-01 14:35:54.333603, Logical Clock: 131, To: Machine on port 10002
2025-03-01 14:35:54,588 - INTERNAL - System Time: 2025-03-01 14:35:54.588399, Logical Clock: 132
2025-03-01 14:35:54,844 - SEND - System Time: 2025-03-01 14:35:54.844012, Logical Clock: 133, To: Machine on port 10001
2025-03-01 14:35:55,098 - SEND - System Time: 2025-03-01 14:35:55.098274, Logical Clock: 134, To: Machine on port 10001
2025-03-01 14:35:55,350 - INTERNAL - System Time: 2025-03-01 14:35:55.350583, Logical Clock: 135
2025-03-01 14:35:55,605 - INTERNAL - System Time: 2025-03-01 14:35:55.605406, Logical Clock: 136
2025-03-01 14:35:55,857 - INTERNAL - System Time: 2025-03-01 14:35:55.857100, Logical Clock: 137
2025-03-01 14:35:56,112 - INTERNAL - System Time: 2025-03-01 14:35:56.112530, Logical Clock: 138
2025-03-01 14:35:56,368 - INTERNAL - System Time: 2025-03-01 14:35:56.368078, Logical Clock: 139
2025-03-01 14:35:56,622 - INTERNAL - System Time: 2025-03-01 14:35:56.622137, Logical Clock: 140
2025-03-01 14:35:56,873 - SEND - System Time: 2025-03-01 14:35:56.873461, Logical Clock: 141, To: Machine on port 10001
2025-03-01 14:35:57,124 - INTERNAL - System Time: 2025-03-01 14:35:57.124098, Logical Clock: 142
2025-03-01 14:35:57,377 - SEND - System Time: 2025-03-01 14:35:57.376848, Logical Clock: 143, To: Machine on port 10001
2025-03-01 14:35:57,632 - INTERNAL - System Time: 2025-03-01 14:35:57.632537, Logical Clock: 144
2025-03-01 14:35:57,886 - INTERNAL - System Time: 2025-03-01 14:35:57.886101, Logical Clock: 145
2025-03-01 14:35:58,138 - SEND - System Time: 2025-03-01 14:35:58.138553, Logical Clock: 146, To: Machine on port 10001
2025-03-01 14:35:58,394 - SEND - System Time: 2025-03-01 14:35:58.394011, Logical Clock: 147, To: Machine on port 10001
2025-03-01 14:35:58,649 - INTERNAL - System Time: 2025-03-01 14:35:58.648949, Logical Clock: 148
2025-03-01 14:35:58,902 - INTERNAL - System Time: 2025-03-01 14:35:58.902120, Logical Clock: 149
2025-03-01 14:35:59,157 - INTERNAL - System Time: 2025-03-01 14:35:59.157459, Logical Clock: 150
2025-03-01 14:35:59,413 - INTERNAL - System Time: 2025-03-01 14:35:59.413067, Logical Clock: 151
2025-03-01 14:35:59,668 - INTERNAL - System Time: 2025-03-01 14:35:59.668622, Logical Clock: 152
2025-03-01 14:35:59,920 - INTERNAL - System Time: 2025-03-01 14:35:59.920473, Logical Clock: 153
2025-03-01 14:36:00,174 - INTERNAL - System Time: 2025-03-01 14:36:00.173873, Logical Clock: 154
2025-03-01 14:36:00,425 - SEND - System Time: 2025-03-01 14:36:00.425482, Logical Clock: 155, To: Machine on port 10001
2025-03-01 14:36:00,677 - INTERNAL - System Time: 2025-03-01 14:36:00.677136, Logical Clock: 156
2025-03-01 14:36:00,929 - INTERNAL - System Time: 2025-03-01 14:36:00.929521, Logical Clock: 157
2025-03-01 14:36:01,185 - SEND - System Time: 2025-03-01 14:36:01.185283, Logical Clock: 158, To: Machine on port 10001
2025-03-01 14:36:01,436 - INTERNAL - System Time: 2025-03-01 14:36:01.436561, Logical Clock: 159
2025-03-01 14:36:01,687 - SEND - System Time: 2025-03-01 14:36:01.687119, Logical Clock: 160, To: Machine on port 10001
2025-03-01 14:36:01,941 - INTERNAL - System Time: 2025-03-01 14:36:01.941418, Logical Clock: 161
2025-03-01 14:36:02,197 - INTERNAL - System Time: 2025-03-01 14:36:02.196996, Logical Clock: 162
2025-03-01 14:36:02,452 - INTERNAL - System Time: 2025-03-01 14:36:02.452137, Logical Clock: 163
2025-03-01 14:36:02,703 - INTERNAL - System Time: 2025-03-01 14:36:02.703743, Logical Clock: 164
2025-03-01 14:36:02,959 - INTERNAL - System Time: 2025-03-01 14:36:02.959170, Logical Clock: 165
2025-03-01 14:36:03,213 - INTERNAL - System Time: 2025-03-01 14:36:03.212847, Logical Clock: 166
2025-03-01 14:36:03,466 - INTERNAL - System Time: 2025-03-01 14:36:03.466735, Logical Clock: 167
2025-03-01 14:36:03,722 - INTERNAL - System Time: 2025-03-01 14:36:03.722116, Logical Clock: 168
2025-03-01 14:36:03,974 - INTERNAL - System Time: 2025-03-01 14:36:03.974241, Logical Clock: 169
2025-03-01 14:36:04,229 - SEND - System Time: 2025-03-01 14:36:04.229736, Logical Clock: 170, To: Machine on port 10001
2025-03-01 14:36:04,485 - INTERNAL - System Time: 2025-03-01 14:36:04.485131, Logical Clock: 171
2025-03-01 14:36:04,738 - INTERNAL - System Time: 2025-03-01 14:36:04.738594, Logical Clock: 172
2025-03-01 14:36:04,993 - INTERNAL - System Time: 2025-03-01 14:36:04.993802, Logical Clock: 173
2025-03-01 14:36:05,247 - INTERNAL - System Time: 2025-03-01 14:36:05.247360, Logical Clock: 174
2025-03-01 14:36:05,498 - INTERNAL - System Time: 2025-03-01 14:36:05.498166, Logical Clock: 175
2025-03-01 14:36:05,752 - INTERNAL - System Time: 2025-03-01 14:36:05.752685, Logical Clock: 176
2025-03-01 14:36:06,008 - SEND - System Time: 2025-03-01 14:36:06.008150, Logical Clock: 177, To: Machine on port 10002
2025-03-01 14:36:06,261 - INTERNAL - System Time: 2025-03-01 14:36:06.261352, Logical Clock: 178
2025-03-01 14:36:06,512 - INTERNAL - System Time: 2025-03-01 14:36:06.512664, Logical Clock: 179
2025-03-01 14:36:06,765 - INTERNAL - System Time: 2025-03-01 14:36:06.765863, Logical Clock: 180
2025-03-01 14:36:07,020 - INTERNAL - System Time: 2025-03-01 14:36:07.020354, Logical Clock: 181
2025-03-01 14:36:07,274 - INTERNAL - System Time: 2025-03-01 14:36:07.274090, Logical Clock: 182
2025-03-01 14:36:07,524 - INTERNAL - System Time: 2025-03-01 14:36:07.524789, Logical Clock: 183
2025-03-01 14:36:07,778 - INTERNAL - System Time: 2025-03-01 14:36:07.778161, Logical Clock: 184
2025-03-01 14:36:08,030 - INTERNAL - System Time: 2025-03-01 14:36:08.030129, Logical Clock: 185
2025-03-01 14:36:08,285 - INTERNAL - System Time: 2025-03-01 14:36:08.285577, Logical Clock: 186
2025-03-01 14:36:08,541 - INTERNAL - System Time: 2025-03-01 14:36:08.540966, Logical Clock: 187
2025-03-01 14:36:08,796 - INTERNAL - System Time: 2025-03-01 14:36:08.796182, Logical Clock: 188
2025-03-01 14:36:09,051 - INTERNAL - System Time: 2025-03-01 14:36:09.051503, Logical Clock: 189
2025-03-01 14:36:09,304 - INTERNAL - System Time: 2025-03-01 14:36:09.304188, Logical Clock: 190
2025-03-01 14:36:09,559 - INTERNAL - System Time: 2025-03-01 14:36:09.559535, Logical Clock: 191
2025-03-01 14:36:09,811 - INTERNAL - System Time: 2025-03-01 14:36:09.811004, Logical Clock: 192
2025-03-01 14:36:10,066 - INTERNAL - System Time: 2025-03-01 14:36:10.066261, Logical Clock: 193
2025-03-01 14:36:10,320 - INTERNAL - System Time: 2025-03-01 14:36:10.320563, Logical Clock: 194
2025-03-01 14:36:10,574 - INTERNAL - System Time: 2025-03-01 14:36:10.574454, Logical Clock: 195
2025-03-01 14:36:10,828 - INTERNAL - System Time: 2025-03-01 14:36:10.828150, Logical Clock: 196
2025-03-01 14:36:11,079 - INTERNAL - System Time: 2025-03-01 14:36:11.079274, Logical Clock: 197
2025-03-01 14:36:11,334 - INTERNAL - System Time: 2025-03-01 14:36:11.334508, Logical Clock: 198
2025-03-01 14:36:11,589 - INTERNAL - System Time: 2025-03-01 14:36:11.589732, Logical Clock: 199
2025-03-01 14:36:11,845 - INTERNAL - System Time: 2025-03-01 14:36:11.845189, Logical Clock: 200
2025-03-01 14:36:12,100 - INTERNAL - System Time: 2025-03-01 14:36:12.100150, Logical Clock: 201
2025-03-01 14:36:12,353 - SEND - System Time: 2025-03-01 14:36:12.353701, Logical Clock: 202, To: Machine on port 10001
2025-03-01 14:36:12,354 - SEND - System Time: 2025-03-01 14:36:12.353701, Logical Clock: 202, To: Machine on port 10002
2025-03-01 14:36:12,608 - INTERNAL - System Time: 2025-03-01 14:36:12.608552, Logical Clock: 203
2025-03-01 14:36:12,862 - SEND - System Time: 2025-03-01 14:36:12.862633, Logical Clock: 204, To: Machine on port 10002
2025-03-01 14:36:13,115 - INTERNAL - System Time: 2025-03-01 14:36:13.115303, Logical Clock: 205
2025-03-01 14:36:13,370 - SEND - System Time: 2025-03-01 14:36:13.370407, Logical Clock: 206, To: Machine on port 10001
2025-03-01 14:36:13,370 - SEND - System Time: 2025-03-01 14:36:13.370407, Logical Clock: 206, To: Machine on port 10002
2025-03-01 14:36:13,623 - INTERNAL - System Time: 2025-03-01 14:36:13.623322, Logical Clock: 207
2025-03-01 14:36:13,874 - INTERNAL - System Time: 2025-03-01 14:36:13.874180, Logical Clock: 208
2025-03-01 14:36:14,129 - INTERNAL - System Time: 2025-03-01 14:36:14.129202, Logical Clock: 209
2025-03-01 14:36:14,384 - SEND - System Time: 2025-03-01 14:36:14.384223, Logical Clock: 210, To: Machine on port 10001
2025-03-01 14:36:14,384 - SEND - System Time: 2025-03-01 14:36:14.384223, Logical Clock: 210, To: Machine on port 10002
2025-03-01 14:36:14,638 - SEND - System Time: 2025-03-01 14:36:14.638743, Logical Clock: 211, To: Machine on port 10001
2025-03-01 14:36:14,894 - INTERNAL - System Time: 2025-03-01 14:36:14.894284, Logical Clock: 212
2025-03-01 14:36:15,147 - SEND - System Time: 2025-03-01 14:36:15.147190, Logical Clock: 213, To: Machine on port 10001
2025-03-01 14:36:15,147 - SEND - System Time: 2025-03-01 14:36:15.147190, Logical Clock: 213, To: Machine on port 10002
2025-03-01 14:36:15,402 - INTERNAL - System Time: 2025-03-01 14:36:15.402676, Logical Clock: 214
2025-03-01 14:36:15,654 - SEND - System Time: 2025-03-01 14:36:15.654014, Logical Clock: 215, To: Machine on port 10002
2025-03-01 14:36:15,906 - INTERNAL - System Time: 2025-03-01 14:36:15.905918, Logical Clock: 216
2025-03-01 14:36:16,161 - SEND - System Time: 2025-03-01 14:36:16.161609, Logical Clock: 217, To: Machine on port 10002
2025-03-01 14:36:16,415 - SEND - System Time: 2025-03-01 14:36:16.415640, Logical Clock: 218, To: Machine on port 10002
2025-03-01 14:36:16,669 - INTERNAL - System Time: 2025-03-01 14:36:16.669335, Logical Clock: 219
2025-03-01 14:36:16,924 - SEND - System Time: 2025-03-01 14:36:16.924266, Logical Clock: 220, To: Machine on port 10001
2025-03-01 14:36:16,924 - SEND - System Time: 2025-03-01 14:36:16.924266, Logical Clock: 220, To: Machine on port 10002
2025-03-01 14:36:17,179 - SEND - System Time: 2025-03-01 14:36:17.179686, Logical Clock: 221, To: Machine on port 10001
2025-03-01 14:36:17,435 - SEND - System Time: 2025-03-01 14:36:17.435537, Logical Clock: 222, To: Machine on port 10001
2025-03-01 14:36:17,436 - SEND - System Time: 2025-03-01 14:36:17.435537, Logical Clock: 222, To: Machine on port 10002
2025-03-01 14:36:17,687 - INTERNAL - System Time: 2025-03-01 14:36:17.686972, Logical Clock: 223
2025-03-01 14:36:17,938 - SEND - System Time: 2025-03-01 14:36:17.938649, Logical Clock: 224, To: Machine on port 10001
2025-03-01 14:36:18,194 - INTERNAL - System Time: 2025-03-01 14:36:18.193938, Logical Clock: 225
2025-03-01 14:36:18,446 - SEND - System Time: 2025-03-01 14:36:18.446009, Logical Clock: 226, To: Machine on port 10001
2025-03-01 14:36:18,701 - INTERNAL - System Time: 2025-03-01 14:36:18.701026, Logical Clock: 227
2025-03-01 14:36:18,954 - SEND - System Time: 2025-03-01 14:36:18.953989, Logical Clock: 228, To: Machine on port 10001
2025-03-01 14:36:18,954 - SEND - System Time: 2025-03-01 14:36:18.953989, Logical Clock: 228, To: Machine on port 10002
2025-03-01 14:36:19,206 - INTERNAL - System Time: 2025-03-01 14:36:19.205906, Logical Clock: 229
2025-03-01 14:36:19,460 - INTERNAL - System Time: 2025-03-01 14:36:19.460904, Logical Clock: 230
2025-03-01 14:36:19,716 - INTERNAL - System Time: 2025-03-01 14:36:19.716133, Logical Clock: 231
2025-03-01 14:36:19,970 - INTERNAL - System Time: 2025-03-01 14:36:19.970290, Logical Clock: 232
2025-03-01 14:36:20,224 - INTERNAL - System Time: 2025-03-01 14:36:20.224019, Logical Clock: 233
2025-03-01 14:36:20,474 - INTERNAL - System Time: 2025-03-01 14:36:20.474759, Logical Clock: 234
2025-03-01 14:36:20,725 - INTERNAL - System Time: 2025-03-01 14:36:20.725498, Logical Clock: 235
2025-03-01 14:36:20,977 - INTERNAL - System Time: 2025-03-01 14:36:20.977652, Logical Clock: 236
