2025-03-01 14:35:20,673 - Virtual Machine 2 initialized
2025-03-01 14:35:20,673 - Clock Rate: 6 ticks/second
2025-03-01 14:35:20,673 - Listening on port: 10001
2025-03-01 14:35:20,673 - Peer ports: [10000, 10002]
2025-03-01 14:35:21,344 - Accepted connection from ('127.0.0.1', 59012)
2025-03-01 14:35:21,682 - Connected to peer on port 10002
2025-03-01 14:35:21,682 - Network initialization completed
2025-03-01 14:35:21,682 - Starting main event loop
2025-03-01 14:35:21,682 - Clock rate: 6 ticks/second
2025-03-01 14:35:21,682 - No connection to port 10000
2025-03-01 14:35:21,682 - SEND - System Time: 2025-03-01 14:35:21.682878, Logical Clock: 1, To: Machine on port 10002
2025-03-01 14:35:21,850 - INTERNAL - System Time: 2025-03-01 14:35:21.850360, Logical Clock: 2
2025-03-01 14:35:22,022 - No connection to port 10000
2025-03-01 14:35:22,194 - INTERNAL - System Time: 2025-03-01 14:35:22.194594, Logical Clock: 4
2025-03-01 14:35:22,362 - INTERNAL - System Time: 2025-03-01 14:35:22.361932, Logical Clock: 5
2025-03-01 14:35:22,529 - No connection to port 10000
2025-03-01 14:35:22,529 - SEND - System Time: 2025-03-01 14:35:22.529560, Logical Clock: 6, To: Machine on port 10002
2025-03-01 14:35:22,701 - SEND - System Time: 2025-03-01 14:35:22.700886, Logical Clock: 7, To: Machine on port 10002
2025-03-01 14:35:22,868 - INTERNAL - System Time: 2025-03-01 14:35:22.868386, Logical Clock: 8
2025-03-01 14:35:23,040 - INTERNAL - System Time: 2025-03-01 14:35:23.040222, Logical Clock: 9
2025-03-01 14:35:23,211 - SEND - System Time: 2025-03-01 14:35:23.210900, Logical Clock: 10, To: Machine on port 10002
2025-03-01 14:35:23,383 - INTERNAL - System Time: 2025-03-01 14:35:23.383388, Logical Clock: 11
2025-03-01 14:35:23,553 - INTERNAL - System Time: 2025-03-01 14:35:23.553766, Logical Clock: 12
2025-03-01 14:35:23,721 - INTERNAL - System Time: 2025-03-01 14:35:23.720995, Logical Clock: 13
2025-03-01 14:35:23,888 - INTERNAL - System Time: 2025-03-01 14:35:23.888058, Logical Clock: 14
2025-03-01 14:35:24,056 - INTERNAL - System Time: 2025-03-01 14:35:24.056119, Logical Clock: 15
2025-03-01 14:35:24,225 - INTERNAL - System Time: 2025-03-01 14:35:24.225730, Logical Clock: 16
2025-03-01 14:35:24,397 - SEND - System Time: 2025-03-01 14:35:24.397399, Logical Clock: 17, To: Machine on port 10002
2025-03-01 14:35:24,565 - INTERNAL - System Time: 2025-03-01 14:35:24.565622, Logical Clock: 18
2025-03-01 14:35:24,737 - SEND - System Time: 2025-03-01 14:35:24.737660, Logical Clock: 19, To: Machine on port 10002
2025-03-01 14:35:24,909 - INTERNAL - System Time: 2025-03-01 14:35:24.909388, Logical Clock: 20
2025-03-01 14:35:25,078 - INTERNAL - System Time: 2025-03-01 14:35:25.078863, Logical Clock: 21
2025-03-01 14:35:25,247 - RECEIVE - System Time: 2025-03-01 14:35:25.247294, Logical Clock: 22, Queue Length: 0, From: Machine 1
2025-03-01 14:35:25,419 - INTERNAL - System Time: 2025-03-01 14:35:25.419228, Logical Clock: 23
2025-03-01 14:35:25,589 - INTERNAL - System Time: 2025-03-01 14:35:25.588619, Logical Clock: 24
2025-03-01 14:35:25,760 - SEND - System Time: 2025-03-01 14:35:25.760262, Logical Clock: 25, To: Machine on port 10002
2025-03-01 14:35:25,942 - No connection to port 10000
2025-03-01 14:35:26,109 - SEND - System Time: 2025-03-01 14:35:26.109654, Logical Clock: 27, To: Machine on port 10002
2025-03-01 14:35:26,277 - RECEIVE - System Time: 2025-03-01 14:35:26.277661, Logical Clock: 28, Queue Length: 0, From: Machine 1
2025-03-01 14:35:26,446 - INTERNAL - System Time: 2025-03-01 14:35:26.446604, Logical Clock: 29
2025-03-01 14:35:26,618 - INTERNAL - System Time: 2025-03-01 14:35:26.618338, Logical Clock: 30
2025-03-01 14:35:26,789 - INTERNAL - System Time: 2025-03-01 14:35:26.789337, Logical Clock: 31
2025-03-01 14:35:26,959 - INTERNAL - System Time: 2025-03-01 14:35:26.959749, Logical Clock: 32
2025-03-01 14:35:27,129 - INTERNAL - System Time: 2025-03-01 14:35:27.129366, Logical Clock: 33
2025-03-01 14:35:27,298 - INTERNAL - System Time: 2025-03-01 14:35:27.298064, Logical Clock: 34
2025-03-01 14:35:27,469 - RECEIVE - System Time: 2025-03-01 14:35:27.469776, Logical Clock: 35, Queue Length: 0, From: Machine 1
2025-03-01 14:35:27,639 - SEND - System Time: 2025-03-01 14:35:27.638829, Logical Clock: 36, To: Machine on port 10002
2025-03-01 14:35:27,807 - INTERNAL - System Time: 2025-03-01 14:35:27.807352, Logical Clock: 37
2025-03-01 14:35:27,976 - INTERNAL - System Time: 2025-03-01 14:35:27.975954, Logical Clock: 38
2025-03-01 14:35:28,147 - INTERNAL - System Time: 2025-03-01 14:35:28.147257, Logical Clock: 39
2025-03-01 14:35:28,319 - SEND - System Time: 2025-03-01 14:35:28.319658, Logical Clock: 40, To: Machine on port 10002
2025-03-01 14:35:28,488 - INTERNAL - System Time: 2025-03-01 14:35:28.488643, Logical Clock: 41
2025-03-01 14:35:28,656 - INTERNAL - System Time: 2025-03-01 14:35:28.656106, Logical Clock: 42
2025-03-01 14:35:28,826 - No connection to port 10000
2025-03-01 14:35:28,826 - SEND - System Time: 2025-03-01 14:35:28.826094, Logical Clock: 43, To: Machine on port 10002
2025-03-01 14:35:28,998 - RECEIVE - System Time: 2025-03-01 14:35:28.998267, Logical Clock: 44, Queue Length: 0, From: Machine 1
2025-03-01 14:35:29,165 - INTERNAL - System Time: 2025-03-01 14:35:29.165616, Logical Clock: 45
2025-03-01 14:35:29,337 - INTERNAL - System Time: 2025-03-01 14:35:29.337393, Logical Clock: 46
2025-03-01 14:35:29,506 - INTERNAL - System Time: 2025-03-01 14:35:29.506060, Logical Clock: 47
2025-03-01 14:35:29,674 - INTERNAL - System Time: 2025-03-01 14:35:29.674331, Logical Clock: 48
2025-03-01 14:35:29,844 - RECEIVE - System Time: 2025-03-01 14:35:29.844407, Logical Clock: 49, Queue Length: 0, From: Machine 1
2025-03-01 14:35:30,012 - RECEIVE - System Time: 2025-03-01 14:35:30.012607, Logical Clock: 50, Queue Length: 0, From: Machine 1
2025-03-01 14:35:30,184 - No connection to port 10000
2025-03-01 14:35:30,184 - SEND - System Time: 2025-03-01 14:35:30.184259, Logical Clock: 51, To: Machine on port 10002
2025-03-01 14:35:30,353 - INTERNAL - System Time: 2025-03-01 14:35:30.353132, Logical Clock: 52
2025-03-01 14:35:30,521 - SEND - System Time: 2025-03-01 14:35:30.521749, Logical Clock: 53, To: Machine on port 10002
2025-03-01 14:35:30,694 - INTERNAL - System Time: 2025-03-01 14:35:30.694014, Logical Clock: 54
2025-03-01 14:35:30,865 - INTERNAL - System Time: 2025-03-01 14:35:30.864802, Logical Clock: 55
2025-03-01 14:35:31,036 - INTERNAL - System Time: 2025-03-01 14:35:31.036167, Logical Clock: 56
2025-03-01 14:35:31,208 - INTERNAL - System Time: 2025-03-01 14:35:31.207921, Logical Clock: 57
2025-03-01 14:35:31,379 - INTERNAL - System Time: 2025-03-01 14:35:31.379679, Logical Clock: 58
2025-03-01 14:35:31,551 - No connection to port 10000
2025-03-01 14:35:31,551 - SEND - System Time: 2025-03-01 14:35:31.551485, Logical Clock: 59, To: Machine on port 10002
2025-03-01 14:35:31,720 - No connection to port 10000
2025-03-01 14:35:31,721 - SEND - System Time: 2025-03-01 14:35:31.720780, Logical Clock: 60, To: Machine on port 10002
2025-03-01 14:35:31,891 - INTERNAL - System Time: 2025-03-01 14:35:31.890665, Logical Clock: 61
2025-03-01 14:35:32,062 - No connection to port 10000
2025-03-01 14:35:32,063 - SEND - System Time: 2025-03-01 14:35:32.062472, Logical Clock: 62, To: Machine on port 10002
2025-03-01 14:35:32,234 - INTERNAL - System Time: 2025-03-01 14:35:32.234194, Logical Clock: 63
2025-03-01 14:35:32,403 - RECEIVE - System Time: 2025-03-01 14:35:32.403442, Logical Clock: 64, Queue Length: 0, From: Machine 1
2025-03-01 14:35:32,574 - INTERNAL - System Time: 2025-03-01 14:35:32.574318, Logical Clock: 65
2025-03-01 14:35:32,744 - INTERNAL - System Time: 2025-03-01 14:35:32.743997, Logical Clock: 66
2025-03-01 14:35:32,916 - INTERNAL - System Time: 2025-03-01 14:35:32.916041, Logical Clock: 67
2025-03-01 14:35:33,087 - INTERNAL - System Time: 2025-03-01 14:35:33.087403, Logical Clock: 68
2025-03-01 14:35:33,259 - INTERNAL - System Time: 2025-03-01 14:35:33.259704, Logical Clock: 69
2025-03-01 14:35:33,429 - No connection to port 10000
2025-03-01 14:35:33,430 - SEND - System Time: 2025-03-01 14:35:33.429680, Logical Clock: 70, To: Machine on port 10002
2025-03-01 14:35:33,600 - INTERNAL - System Time: 2025-03-01 14:35:33.600727, Logical Clock: 71
2025-03-01 14:35:33,769 - No connection to port 10000
2025-03-01 14:35:33,937 - RECEIVE - System Time: 2025-03-01 14:35:33.937375, Logical Clock: 73, Queue Length: 0, From: Machine 1
2025-03-01 14:35:34,106 - RECEIVE - System Time: 2025-03-01 14:35:34.105998, Logical Clock: 74, Queue Length: 0, From: Machine 1
2025-03-01 14:35:34,274 - No connection to port 10000
2025-03-01 14:35:34,443 - INTERNAL - System Time: 2025-03-01 14:35:34.442872, Logical Clock: 76
2025-03-01 14:35:34,615 - INTERNAL - System Time: 2025-03-01 14:35:34.614989, Logical Clock: 77
2025-03-01 14:35:34,785 - INTERNAL - System Time: 2025-03-01 14:35:34.785704, Logical Clock: 78
2025-03-01 14:35:34,953 - SEND - System Time: 2025-03-01 14:35:34.953309, Logical Clock: 79, To: Machine on port 10002
2025-03-01 14:35:35,120 - INTERNAL - System Time: 2025-03-01 14:35:35.120631, Logical Clock: 80
2025-03-01 14:35:35,288 - INTERNAL - System Time: 2025-03-01 14:35:35.288634, Logical Clock: 81
2025-03-01 14:35:35,456 - INTERNAL - System Time: 2025-03-01 14:35:35.455963, Logical Clock: 82
2025-03-01 14:35:35,623 - INTERNAL - System Time: 2025-03-01 14:35:35.623537, Logical Clock: 83
2025-03-01 14:35:35,790 - INTERNAL - System Time: 2025-03-01 14:35:35.790607, Logical Clock: 84
2025-03-01 14:35:35,959 - INTERNAL - System Time: 2025-03-01 14:35:35.959444, Logical Clock: 85
2025-03-01 14:35:36,127 - INTERNAL - System Time: 2025-03-01 14:35:36.127594, Logical Clock: 86
2025-03-01 14:35:36,298 - INTERNAL - System Time: 2025-03-01 14:35:36.298846, Logical Clock: 87
2025-03-01 14:35:36,470 - No connection to port 10000
2025-03-01 14:35:36,638 - INTERNAL - System Time: 2025-03-01 14:35:36.638488, Logical Clock: 89
2025-03-01 14:35:36,807 - No connection to port 10000
2025-03-01 14:35:36,975 - RECEIVE - System Time: 2025-03-01 14:35:36.974923, Logical Clock: 91, Queue Length: 0, From: Machine 1
2025-03-01 14:35:37,147 - INTERNAL - System Time: 2025-03-01 14:35:37.147272, Logical Clock: 92
2025-03-01 14:35:37,319 - INTERNAL - System Time: 2025-03-01 14:35:37.319592, Logical Clock: 93
2025-03-01 14:35:37,490 - SEND - System Time: 2025-03-01 14:35:37.490279, Logical Clock: 94, To: Machine on port 10002
2025-03-01 14:35:37,660 - INTERNAL - System Time: 2025-03-01 14:35:37.660682, Logical Clock: 95
2025-03-01 14:35:37,830 - No connection to port 10000
2025-03-01 14:35:37,832 - SEND - System Time: 2025-03-01 14:35:37.830023, Logical Clock: 96, To: Machine on port 10002
2025-03-01 14:35:38,004 - INTERNAL - System Time: 2025-03-01 14:35:38.004085, Logical Clock: 97
2025-03-01 14:35:38,174 - INTERNAL - System Time: 2025-03-01 14:35:38.174340, Logical Clock: 98
2025-03-01 14:35:38,346 - INTERNAL - System Time: 2025-03-01 14:35:38.346006, Logical Clock: 99
2025-03-01 14:35:38,518 - INTERNAL - System Time: 2025-03-01 14:35:38.518036, Logical Clock: 100
2025-03-01 14:35:38,689 - RECEIVE - System Time: 2025-03-01 14:35:38.689586, Logical Clock: 101, Queue Length: 0, From: Machine 1
2025-03-01 14:35:38,857 - INTERNAL - System Time: 2025-03-01 14:35:38.856851, Logical Clock: 102
2025-03-01 14:35:39,024 - INTERNAL - System Time: 2025-03-01 14:35:39.024382, Logical Clock: 103
2025-03-01 14:35:39,203 - No connection to port 10000
2025-03-01 14:35:39,204 - SEND - System Time: 2025-03-01 14:35:39.203670, Logical Clock: 104, To: Machine on port 10002
2025-03-01 14:35:39,373 - INTERNAL - System Time: 2025-03-01 14:35:39.373689, Logical Clock: 105
2025-03-01 14:35:39,545 - INTERNAL - System Time: 2025-03-01 14:35:39.545107, Logical Clock: 106
2025-03-01 14:35:39,712 - INTERNAL - System Time: 2025-03-01 14:35:39.712570, Logical Clock: 107
2025-03-01 14:35:39,884 - INTERNAL - System Time: 2025-03-01 14:35:39.884158, Logical Clock: 108
2025-03-01 14:35:40,054 - No connection to port 10000
2025-03-01 14:35:40,225 - RECEIVE - System Time: 2025-03-01 14:35:40.224837, Logical Clock: 110, Queue Length: 0, From: Machine 1
2025-03-01 14:35:40,394 - SEND - System Time: 2025-03-01 14:35:40.394878, Logical Clock: 111, To: Machine on port 10002
2025-03-01 14:35:40,566 - INTERNAL - System Time: 2025-03-01 14:35:40.566825, Logical Clock: 112
2025-03-01 14:35:40,737 - RECEIVE - System Time: 2025-03-01 14:35:40.737325, Logical Clock: 113, Queue Length: 0, From: Machine 1
2025-03-01 14:35:40,906 - INTERNAL - System Time: 2025-03-01 14:35:40.906830, Logical Clock: 114
2025-03-01 14:35:41,076 - No connection to port 10000
2025-03-01 14:35:41,248 - No connection to port 10000
2025-03-01 14:35:41,420 - INTERNAL - System Time: 2025-03-01 14:35:41.420453, Logical Clock: 117
2025-03-01 14:35:41,588 - INTERNAL - System Time: 2025-03-01 14:35:41.588687, Logical Clock: 118
2025-03-01 14:35:41,760 - SEND - System Time: 2025-03-01 14:35:41.760197, Logical Clock: 119, To: Machine on port 10002
2025-03-01 14:35:41,932 - RECEIVE - System Time: 2025-03-01 14:35:41.932732, Logical Clock: 120, Queue Length: 0, From: Machine 1
2025-03-01 14:35:42,104 - INTERNAL - System Time: 2025-03-01 14:35:42.103966, Logical Clock: 121
2025-03-01 14:35:42,274 - No connection to port 10000
2025-03-01 14:35:42,274 - SEND - System Time: 2025-03-01 14:35:42.274377, Logical Clock: 122, To: Machine on port 10002
2025-03-01 14:35:42,444 - No connection to port 10000
2025-03-01 14:35:42,612 - INTERNAL - System Time: 2025-03-01 14:35:42.612649, Logical Clock: 124
2025-03-01 14:35:42,784 - RECEIVE - System Time: 2025-03-01 14:35:42.784217, Logical Clock: 125, Queue Length: 0, From: Machine 1
2025-03-01 14:35:42,955 - RECEIVE - System Time: 2025-03-01 14:35:42.955577, Logical Clock: 126, Queue Length: 0, From: Machine 1
2025-03-01 14:35:43,123 - INTERNAL - System Time: 2025-03-01 14:35:43.123542, Logical Clock: 127
2025-03-01 14:35:43,295 - SEND - System Time: 2025-03-01 14:35:43.295713, Logical Clock: 128, To: Machine on port 10002
2025-03-01 14:35:43,464 - INTERNAL - System Time: 2025-03-01 14:35:43.464391, Logical Clock: 129
2025-03-01 14:35:43,637 - INTERNAL - System Time: 2025-03-01 14:35:43.637483, Logical Clock: 130
2025-03-01 14:35:43,805 - SEND - System Time: 2025-03-01 14:35:43.805612, Logical Clock: 131, To: Machine on port 10002
2025-03-01 14:35:43,976 - INTERNAL - System Time: 2025-03-01 14:35:43.975917, Logical Clock: 132
2025-03-01 14:35:44,145 - INTERNAL - System Time: 2025-03-01 14:35:44.145070, Logical Clock: 133
2025-03-01 14:35:44,312 - RECEIVE - System Time: 2025-03-01 14:35:44.312605, Logical Clock: 134, Queue Length: 0, From: Machine 1
2025-03-01 14:35:44,482 - INTERNAL - System Time: 2025-03-01 14:35:44.482103, Logical Clock: 135
2025-03-01 14:35:44,653 - INTERNAL - System Time: 2025-03-01 14:35:44.652964, Logical Clock: 136
2025-03-01 14:35:44,824 - INTERNAL - System Time: 2025-03-01 14:35:44.824296, Logical Clock: 137
2025-03-01 14:35:44,994 - INTERNAL - System Time: 2025-03-01 14:35:44.993999, Logical Clock: 138
2025-03-01 14:35:45,165 - INTERNAL - System Time: 2025-03-01 14:35:45.165186, Logical Clock: 139
2025-03-01 14:35:45,335 - INTERNAL - System Time: 2025-03-01 14:35:45.335740, Logical Clock: 140
2025-03-01 14:35:45,504 - RECEIVE - System Time: 2025-03-01 14:35:45.503884, Logical Clock: 141, Queue Length: 0, From: Machine 1
2025-03-01 14:35:45,674 - INTERNAL - System Time: 2025-03-01 14:35:45.674315, Logical Clock: 142
2025-03-01 14:35:45,844 - No connection to port 10000
2025-03-01 14:35:46,015 - INTERNAL - System Time: 2025-03-01 14:35:46.015441, Logical Clock: 144
2025-03-01 14:35:46,187 - No connection to port 10000
2025-03-01 14:35:46,187 - SEND - System Time: 2025-03-01 14:35:46.186961, Logical Clock: 145, To: Machine on port 10002
2025-03-01 14:35:46,354 - No connection to port 10000
2025-03-01 14:35:46,355 - SEND - System Time: 2025-03-01 14:35:46.354830, Logical Clock: 146, To: Machine on port 10002
2025-03-01 14:35:46,525 - INTERNAL - System Time: 2025-03-01 14:35:46.525802, Logical Clock: 147
2025-03-01 14:35:46,695 - INTERNAL - System Time: 2025-03-01 14:35:46.695008, Logical Clock: 148
2025-03-01 14:35:46,862 - No connection to port 10000
2025-03-01 14:35:47,035 - INTERNAL - System Time: 2025-03-01 14:35:47.034838, Logical Clock: 150
2025-03-01 14:35:47,204 - INTERNAL - System Time: 2025-03-01 14:35:47.203890, Logical Clock: 151
2025-03-01 14:35:47,376 - INTERNAL - System Time: 2025-03-01 14:35:47.376306, Logical Clock: 152
2025-03-01 14:35:47,547 - INTERNAL - System Time: 2025-03-01 14:35:47.547287, Logical Clock: 153
2025-03-01 14:35:47,719 - INTERNAL - System Time: 2025-03-01 14:35:47.719508, Logical Clock: 154
2025-03-01 14:35:47,889 - INTERNAL - System Time: 2025-03-01 14:35:47.889647, Logical Clock: 155
2025-03-01 14:35:48,059 - No connection to port 10000
2025-03-01 14:35:48,232 - INTERNAL - System Time: 2025-03-01 14:35:48.232004, Logical Clock: 157
2025-03-01 14:35:48,404 - SEND - System Time: 2025-03-01 14:35:48.404346, Logical Clock: 158, To: Machine on port 10002
2025-03-01 14:35:48,574 - INTERNAL - System Time: 2025-03-01 14:35:48.574660, Logical Clock: 159
2025-03-01 14:35:48,744 - No connection to port 10000
2025-03-01 14:35:48,744 - SEND - System Time: 2025-03-01 14:35:48.743955, Logical Clock: 160, To: Machine on port 10002
2025-03-01 14:35:48,912 - RECEIVE - System Time: 2025-03-01 14:35:48.912574, Logical Clock: 161, Queue Length: 0, From: Machine 1
2025-03-01 14:35:49,084 - No connection to port 10000
2025-03-01 14:35:49,085 - SEND - System Time: 2025-03-01 14:35:49.084827, Logical Clock: 162, To: Machine on port 10002
2025-03-01 14:35:49,254 - INTERNAL - System Time: 2025-03-01 14:35:49.253862, Logical Clock: 163
2025-03-01 14:35:49,424 - No connection to port 10000
2025-03-01 14:35:49,594 - No connection to port 10000
2025-03-01 14:35:49,763 - No connection to port 10000
2025-03-01 14:35:49,763 - SEND - System Time: 2025-03-01 14:35:49.763004, Logical Clock: 166, To: Machine on port 10002
2025-03-01 14:35:49,931 - RECEIVE - System Time: 2025-03-01 14:35:49.931741, Logical Clock: 167, Queue Length: 0, From: Machine 1
2025-03-01 14:35:50,103 - INTERNAL - System Time: 2025-03-01 14:35:50.103439, Logical Clock: 168
2025-03-01 14:35:50,272 - INTERNAL - System Time: 2025-03-01 14:35:50.272171, Logical Clock: 169
2025-03-01 14:35:50,443 - RECEIVE - System Time: 2025-03-01 14:35:50.443719, Logical Clock: 170, Queue Length: 0, From: Machine 1
2025-03-01 14:35:50,615 - INTERNAL - System Time: 2025-03-01 14:35:50.615719, Logical Clock: 171
2025-03-01 14:35:50,785 - INTERNAL - System Time: 2025-03-01 14:35:50.785670, Logical Clock: 172
2025-03-01 14:35:50,954 - INTERNAL - System Time: 2025-03-01 14:35:50.953977, Logical Clock: 173
2025-03-01 14:35:51,123 - No connection to port 10000
2025-03-01 14:35:51,294 - INTERNAL - System Time: 2025-03-01 14:35:51.294558, Logical Clock: 175
2025-03-01 14:35:51,462 - INTERNAL - System Time: 2025-03-01 14:35:51.462300, Logical Clock: 176
2025-03-01 14:35:51,633 - INTERNAL - System Time: 2025-03-01 14:35:51.633493, Logical Clock: 177
2025-03-01 14:35:51,803 - INTERNAL - System Time: 2025-03-01 14:35:51.803800, Logical Clock: 178
2025-03-01 14:35:51,971 - SEND - System Time: 2025-03-01 14:35:51.971074, Logical Clock: 179, To: Machine on port 10002
2025-03-01 14:35:52,139 - INTERNAL - System Time: 2025-03-01 14:35:52.139330, Logical Clock: 180
2025-03-01 14:35:52,311 - INTERNAL - System Time: 2025-03-01 14:35:52.311300, Logical Clock: 181
2025-03-01 14:35:52,478 - SEND - System Time: 2025-03-01 14:35:52.478596, Logical Clock: 182, To: Machine on port 10002
2025-03-01 14:35:52,646 - RECEIVE - System Time: 2025-03-01 14:35:52.645981, Logical Clock: 183, Queue Length: 0, From: Machine 1
2025-03-01 14:35:52,818 - SEND - System Time: 2025-03-01 14:35:52.818132, Logical Clock: 184, To: Machine on port 10002
2025-03-01 14:35:52,985 - No connection to port 10000
2025-03-01 14:35:52,986 - SEND - System Time: 2025-03-01 14:35:52.985743, Logical Clock: 185, To: Machine on port 10002
2025-03-01 14:35:53,154 - INTERNAL - System Time: 2025-03-01 14:35:53.153923, Logical Clock: 186
2025-03-01 14:35:53,325 - INTERNAL - System Time: 2025-03-01 14:35:53.325496, Logical Clock: 187
2025-03-01 14:35:53,497 - No connection to port 10000
2025-03-01 14:35:53,669 - INTERNAL - System Time: 2025-03-01 14:35:53.669510, Logical Clock: 189
2025-03-01 14:35:53,838 - No connection to port 10000
2025-03-01 14:35:53,839 - SEND - System Time: 2025-03-01 14:35:53.838652, Logical Clock: 190, To: Machine on port 10002
2025-03-01 14:35:54,009 - INTERNAL - System Time: 2025-03-01 14:35:54.009762, Logical Clock: 191
2025-03-01 14:35:54,180 - SEND - System Time: 2025-03-01 14:35:54.179757, Logical Clock: 192, To: Machine on port 10002
2025-03-01 14:35:54,347 - INTERNAL - System Time: 2025-03-01 14:35:54.347176, Logical Clock: 193
2025-03-01 14:35:54,519 - INTERNAL - System Time: 2025-03-01 14:35:54.518987, Logical Clock: 194
2025-03-01 14:35:54,690 - INTERNAL - System Time: 2025-03-01 14:35:54.689838, Logical Clock: 195
2025-03-01 14:35:54,861 - RECEIVE - System Time: 2025-03-01 14:35:54.861141, Logical Clock: 196, Queue Length: 0, From: Machine 1
2025-03-01 14:35:55,029 - No connection to port 10000
2025-03-01 14:35:55,200 - RECEIVE - System Time: 2025-03-01 14:35:55.200599, Logical Clock: 198, Queue Length: 0, From: Machine 1
2025-03-01 14:35:55,371 - INTERNAL - System Time: 2025-03-01 14:35:55.371717, Logical Clock: 199
2025-03-01 14:35:55,541 - No connection to port 10000
2025-03-01 14:35:55,709 - No connection to port 10000
2025-03-01 14:35:55,877 - No connection to port 10000
2025-03-01 14:35:56,048 - No connection to port 10000
2025-03-01 14:35:56,049 - SEND - System Time: 2025-03-01 14:35:56.048401, Logical Clock: 203, To: Machine on port 10002
2025-03-01 14:35:56,221 - INTERNAL - System Time: 2025-03-01 14:35:56.220932, Logical Clock: 204
2025-03-01 14:35:56,393 - No connection to port 10000
2025-03-01 14:35:56,563 - INTERNAL - System Time: 2025-03-01 14:35:56.563436, Logical Clock: 206
2025-03-01 14:35:56,732 - No connection to port 10000
2025-03-01 14:35:56,903 - RECEIVE - System Time: 2025-03-01 14:35:56.903041, Logical Clock: 208, Queue Length: 0, From: Machine 1
2025-03-01 14:35:57,070 - SEND - System Time: 2025-03-01 14:35:57.070547, Logical Clock: 209, To: Machine on port 10002
2025-03-01 14:35:57,242 - INTERNAL - System Time: 2025-03-01 14:35:57.241844, Logical Clock: 210
2025-03-01 14:35:57,412 - RECEIVE - System Time: 2025-03-01 14:35:57.412283, Logical Clock: 211, Queue Length: 0, From: Machine 1
2025-03-01 14:35:57,579 - INTERNAL - System Time: 2025-03-01 14:35:57.579619, Logical Clock: 212
2025-03-01 14:35:57,750 - No connection to port 10000
2025-03-01 14:35:57,922 - SEND - System Time: 2025-03-01 14:35:57.922794, Logical Clock: 214, To: Machine on port 10002
2025-03-01 14:35:58,095 - INTERNAL - System Time: 2025-03-01 14:35:58.094902, Logical Clock: 215
2025-03-01 14:35:58,262 - RECEIVE - System Time: 2025-03-01 14:35:58.262561, Logical Clock: 216, Queue Length: 0, From: Machine 1
2025-03-01 14:35:58,430 - RECEIVE - System Time: 2025-03-01 14:35:58.430772, Logical Clock: 217, Queue Length: 0, From: Machine 1
2025-03-01 14:35:58,599 - INTERNAL - System Time: 2025-03-01 14:35:58.599498, Logical Clock: 218
2025-03-01 14:35:58,772 - SEND - System Time: 2025-03-01 14:35:58.771946, Logical Clock: 219, To: Machine on port 10002
2025-03-01 14:35:58,944 - No connection to port 10000
2025-03-01 14:35:59,112 - INTERNAL - System Time: 2025-03-01 14:35:59.112545, Logical Clock: 221
2025-03-01 14:35:59,284 - INTERNAL - System Time: 2025-03-01 14:35:59.284780, Logical Clock: 222
2025-03-01 14:35:59,452 - INTERNAL - System Time: 2025-03-01 14:35:59.452110, Logical Clock: 223
2025-03-01 14:35:59,619 - INTERNAL - System Time: 2025-03-01 14:35:59.619494, Logical Clock: 224
2025-03-01 14:35:59,790 - INTERNAL - System Time: 2025-03-01 14:35:59.790647, Logical Clock: 225
2025-03-01 14:35:59,962 - INTERNAL - System Time: 2025-03-01 14:35:59.962655, Logical Clock: 226
2025-03-01 14:36:00,135 - INTERNAL - System Time: 2025-03-01 14:36:00.134922, Logical Clock: 227
2025-03-01 14:36:00,304 - INTERNAL - System Time: 2025-03-01 14:36:00.304057, Logical Clock: 228
2025-03-01 14:36:00,474 - RECEIVE - System Time: 2025-03-01 14:36:00.474775, Logical Clock: 229, Queue Length: 0, From: Machine 1
2025-03-01 14:36:00,643 - INTERNAL - System Time: 2025-03-01 14:36:00.643552, Logical Clock: 230
2025-03-01 14:36:00,812 - INTERNAL - System Time: 2025-03-01 14:36:00.812490, Logical Clock: 231
2025-03-01 14:36:00,981 - No connection to port 10000
2025-03-01 14:36:00,982 - SEND - System Time: 2025-03-01 14:36:00.981558, Logical Clock: 232, To: Machine on port 10002
2025-03-01 14:36:01,154 - No connection to port 10000
2025-03-01 14:36:01,325 - RECEIVE - System Time: 2025-03-01 14:36:01.325822, Logical Clock: 234, Queue Length: 0, From: Machine 1
2025-03-01 14:36:01,497 - INTERNAL - System Time: 2025-03-01 14:36:01.497183, Logical Clock: 235
2025-03-01 14:36:01,665 - INTERNAL - System Time: 2025-03-01 14:36:01.665635, Logical Clock: 236
2025-03-01 14:36:01,894 - RECEIVE - System Time: 2025-03-01 14:36:01.894056, Logical Clock: 237, Queue Length: 0, From: Machine 1
2025-03-01 14:36:02,063 - INTERNAL - System Time: 2025-03-01 14:36:02.063234, Logical Clock: 238
2025-03-01 14:36:02,236 - INTERNAL - System Time: 2025-03-01 14:36:02.235469, Logical Clock: 239
2025-03-01 14:36:02,407 - INTERNAL - System Time: 2025-03-01 14:36:02.407774, Logical Clock: 240
2025-03-01 14:36:02,576 - INTERNAL - System Time: 2025-03-01 14:36:02.575823, Logical Clock: 241
2025-03-01 14:36:02,746 - INTERNAL - System Time: 2025-03-01 14:36:02.745882, Logical Clock: 242
2025-03-01 14:36:02,916 - INTERNAL - System Time: 2025-03-01 14:36:02.916673, Logical Clock: 243
2025-03-01 14:36:03,088 - No connection to port 10000
2025-03-01 14:36:03,089 - SEND - System Time: 2025-03-01 14:36:03.088802, Logical Clock: 244, To: Machine on port 10002
2025-03-01 14:36:03,259 - INTERNAL - System Time: 2025-03-01 14:36:03.259388, Logical Clock: 245
2025-03-01 14:36:03,427 - SEND - System Time: 2025-03-01 14:36:03.426856, Logical Clock: 246, To: Machine on port 10002
2025-03-01 14:36:03,595 - SEND - System Time: 2025-03-01 14:36:03.594877, Logical Clock: 247, To: Machine on port 10002
2025-03-01 14:36:03,762 - No connection to port 10000
2025-03-01 14:36:03,931 - INTERNAL - System Time: 2025-03-01 14:36:03.931516, Logical Clock: 249
2025-03-01 14:36:04,103 - INTERNAL - System Time: 2025-03-01 14:36:04.103678, Logical Clock: 250
2025-03-01 14:36:04,275 - RECEIVE - System Time: 2025-03-01 14:36:04.274848, Logical Clock: 251, Queue Length: 0, From: Machine 1
2025-03-01 14:36:04,443 - INTERNAL - System Time: 2025-03-01 14:36:04.443266, Logical Clock: 252
2025-03-01 14:36:04,613 - INTERNAL - System Time: 2025-03-01 14:36:04.613345, Logical Clock: 253
2025-03-01 14:36:04,785 - INTERNAL - System Time: 2025-03-01 14:36:04.785085, Logical Clock: 254
2025-03-01 14:36:04,957 - No connection to port 10000
2025-03-01 14:36:05,128 - INTERNAL - System Time: 2025-03-01 14:36:05.128453, Logical Clock: 256
2025-03-01 14:36:05,297 - INTERNAL - System Time: 2025-03-01 14:36:05.297279, Logical Clock: 257
2025-03-01 14:36:05,467 - INTERNAL - System Time: 2025-03-01 14:36:05.467068, Logical Clock: 258
2025-03-01 14:36:05,638 - INTERNAL - System Time: 2025-03-01 14:36:05.638578, Logical Clock: 259
2025-03-01 14:36:05,810 - No connection to port 10000
2025-03-01 14:36:05,978 - INTERNAL - System Time: 2025-03-01 14:36:05.978495, Logical Clock: 261
2025-03-01 14:36:06,150 - INTERNAL - System Time: 2025-03-01 14:36:06.150510, Logical Clock: 262
2025-03-01 14:36:06,320 - INTERNAL - System Time: 2025-03-01 14:36:06.320393, Logical Clock: 263
2025-03-01 14:36:06,488 - INTERNAL - System Time: 2025-03-01 14:36:06.488527, Logical Clock: 264
2025-03-01 14:36:06,658 - No connection to port 10000
2025-03-01 14:36:06,658 - SEND - System Time: 2025-03-01 14:36:06.658552, Logical Clock: 265, To: Machine on port 10002
2025-03-01 14:36:06,826 - INTERNAL - System Time: 2025-03-01 14:36:06.825859, Logical Clock: 266
2025-03-01 14:36:06,997 - INTERNAL - System Time: 2025-03-01 14:36:06.997421, Logical Clock: 267
2025-03-01 14:36:07,168 - INTERNAL - System Time: 2025-03-01 14:36:07.168108, Logical Clock: 268
2025-03-01 14:36:07,339 - INTERNAL - System Time: 2025-03-01 14:36:07.338919, Logical Clock: 269
2025-03-01 14:36:07,509 - INTERNAL - System Time: 2025-03-01 14:36:07.509280, Logical Clock: 270
2025-03-01 14:36:07,676 - INTERNAL - System Time: 2025-03-01 14:36:07.676664, Logical Clock: 271
2025-03-01 14:36:07,845 - INTERNAL - System Time: 2025-03-01 14:36:07.844912, Logical Clock: 272
2025-03-01 14:36:08,012 - INTERNAL - System Time: 2025-03-01 14:36:08.012543, Logical Clock: 273
2025-03-01 14:36:08,181 - No connection to port 10000
2025-03-01 14:36:08,182 - SEND - System Time: 2025-03-01 14:36:08.181514, Logical Clock: 274, To: Machine on port 10002
2025-03-01 14:36:08,353 - INTERNAL - System Time: 2025-03-01 14:36:08.353645, Logical Clock: 275
2025-03-01 14:36:08,523 - INTERNAL - System Time: 2025-03-01 14:36:08.523467, Logical Clock: 276
2025-03-01 14:36:08,695 - SEND - System Time: 2025-03-01 14:36:08.694975, Logical Clock: 277, To: Machine on port 10002
2025-03-01 14:36:08,866 - INTERNAL - System Time: 2025-03-01 14:36:08.865979, Logical Clock: 278
2025-03-01 14:36:09,037 - INTERNAL - System Time: 2025-03-01 14:36:09.037718, Logical Clock: 279
2025-03-01 14:36:09,206 - INTERNAL - System Time: 2025-03-01 14:36:09.206382, Logical Clock: 280
2025-03-01 14:36:09,378 - INTERNAL - System Time: 2025-03-01 14:36:09.378413, Logical Clock: 281
2025-03-01 14:36:09,546 - INTERNAL - System Time: 2025-03-01 14:36:09.546735, Logical Clock: 282
2025-03-01 14:36:09,717 - INTERNAL - System Time: 2025-03-01 14:36:09.717355, Logical Clock: 283
2025-03-01 14:36:09,885 - No connection to port 10000
2025-03-01 14:36:10,057 - INTERNAL - System Time: 2025-03-01 14:36:10.057632, Logical Clock: 285
2025-03-01 14:36:10,229 - INTERNAL - System Time: 2025-03-01 14:36:10.229691, Logical Clock: 286
2025-03-01 14:36:10,401 - No connection to port 10000
2025-03-01 14:36:10,574 - No connection to port 10000
2025-03-01 14:36:10,746 - INTERNAL - System Time: 2025-03-01 14:36:10.746816, Logical Clock: 289
2025-03-01 14:36:10,918 - INTERNAL - System Time: 2025-03-01 14:36:10.918795, Logical Clock: 290
2025-03-01 14:36:11,088 - INTERNAL - System Time: 2025-03-01 14:36:11.088503, Logical Clock: 291
2025-03-01 14:36:11,256 - INTERNAL - System Time: 2025-03-01 14:36:11.255918, Logical Clock: 292
2025-03-01 14:36:11,425 - INTERNAL - System Time: 2025-03-01 14:36:11.425180, Logical Clock: 293
2025-03-01 14:36:11,597 - INTERNAL - System Time: 2025-03-01 14:36:11.597142, Logical Clock: 294
2025-03-01 14:36:11,765 - SEND - System Time: 2025-03-01 14:36:11.765521, Logical Clock: 295, To: Machine on port 10002
2025-03-01 14:36:11,936 - INTERNAL - System Time: 2025-03-01 14:36:11.936320, Logical Clock: 296
2025-03-01 14:36:12,104 - INTERNAL - System Time: 2025-03-01 14:36:12.103882, Logical Clock: 297
2025-03-01 14:36:12,273 - INTERNAL - System Time: 2025-03-01 14:36:12.273578, Logical Clock: 298
2025-03-01 14:36:12,445 - RECEIVE - System Time: 2025-03-01 14:36:12.444869, Logical Clock: 299, Queue Length: 0, From: Machine 1
2025-03-01 14:36:12,612 - INTERNAL - System Time: 2025-03-01 14:36:12.612711, Logical Clock: 300
2025-03-01 14:36:12,785 - SEND - System Time: 2025-03-01 14:36:12.784921, Logical Clock: 301, To: Machine on port 10002
2025-03-01 14:36:12,954 - INTERNAL - System Time: 2025-03-01 14:36:12.953897, Logical Clock: 302
2025-03-01 14:36:13,121 - INTERNAL - System Time: 2025-03-01 14:36:13.121313, Logical Clock: 303
2025-03-01 14:36:13,289 - INTERNAL - System Time: 2025-03-01 14:36:13.289319, Logical Clock: 304
2025-03-01 14:36:13,461 - RECEIVE - System Time: 2025-03-01 14:36:13.461515, Logical Clock: 305, Queue Length: 0, From: Machine 1
2025-03-01 14:36:13,632 - INTERNAL - System Time: 2025-03-01 14:36:13.632066, Logical Clock: 306
2025-03-01 14:36:13,800 - INTERNAL - System Time: 2025-03-01 14:36:13.800402, Logical Clock: 307
2025-03-01 14:36:13,971 - INTERNAL - System Time: 2025-03-01 14:36:13.971779, Logical Clock: 308
2025-03-01 14:36:14,141 - INTERNAL - System Time: 2025-03-01 14:36:14.141092, Logical Clock: 309
2025-03-01 14:36:14,312 - INTERNAL - System Time: 2025-03-01 14:36:14.311898, Logical Clock: 310
2025-03-01 14:36:14,484 - RECEIVE - System Time: 2025-03-01 14:36:14.484114, Logical Clock: 311, Queue Length: 0, From: Machine 1
2025-03-01 14:36:14,656 - RECEIVE - System Time: 2025-03-01 14:36:14.656048, Logical Clock: 312, Queue Length: 0, From: Machine 1
2025-03-01 14:36:14,833 - No connection to port 10000
2025-03-01 14:36:15,003 - INTERNAL - System Time: 2025-03-01 14:36:15.003831, Logical Clock: 314
2025-03-01 14:36:15,174 - RECEIVE - System Time: 2025-03-01 14:36:15.174809, Logical Clock: 315, Queue Length: 0, From: Machine 1
2025-03-01 14:36:15,344 - INTERNAL - System Time: 2025-03-01 14:36:15.343900, Logical Clock: 316
2025-03-01 14:36:15,512 - INTERNAL - System Time: 2025-03-01 14:36:15.512457, Logical Clock: 317
2025-03-01 14:36:15,680 - INTERNAL - System Time: 2025-03-01 14:36:15.680057, Logical Clock: 318
2025-03-01 14:36:15,851 - INTERNAL - System Time: 2025-03-01 14:36:15.851717, Logical Clock: 319
2025-03-01 14:36:16,019 - INTERNAL - System Time: 2025-03-01 14:36:16.019273, Logical Clock: 320
2025-03-01 14:36:16,189 - INTERNAL - System Time: 2025-03-01 14:36:16.189531, Logical Clock: 321
2025-03-01 14:36:16,361 - SEND - System Time: 2025-03-01 14:36:16.361595, Logical Clock: 322, To: Machine on port 10002
2025-03-01 14:36:16,533 - INTERNAL - System Time: 2025-03-01 14:36:16.533405, Logical Clock: 323
2025-03-01 14:36:16,705 - INTERNAL - System Time: 2025-03-01 14:36:16.705720, Logical Clock: 324
2025-03-01 14:36:16,877 - SEND - System Time: 2025-03-01 14:36:16.876856, Logical Clock: 325, To: Machine on port 10002
2025-03-01 14:36:17,047 - RECEIVE - System Time: 2025-03-01 14:36:17.047139, Logical Clock: 326, Queue Length: 0, From: Machine 1
2025-03-01 14:36:17,215 - RECEIVE - System Time: 2025-03-01 14:36:17.215273, Logical Clock: 327, Queue Length: 0, From: Machine 1
2025-03-01 14:36:17,387 - INTERNAL - System Time: 2025-03-01 14:36:17.386930, Logical Clock: 328
2025-03-01 14:36:17,558 - RECEIVE - System Time: 2025-03-01 14:36:17.558728, Logical Clock: 329, Queue Length: 0, From: Machine 1
2025-03-01 14:36:17,728 - INTERNAL - System Time: 2025-03-01 14:36:17.728069, Logical Clock: 330
2025-03-01 14:36:17,897 - No connection to port 10000
2025-03-01 14:36:18,069 - RECEIVE - System Time: 2025-03-01 14:36:18.069416, Logical Clock: 332, Queue Length: 0, From: Machine 1
2025-03-01 14:36:18,238 - No connection to port 10000
2025-03-01 14:36:18,406 - INTERNAL - System Time: 2025-03-01 14:36:18.405911, Logical Clock: 334
2025-03-01 14:36:18,574 - RECEIVE - System Time: 2025-03-01 14:36:18.574728, Logical Clock: 335, Queue Length: 0, From: Machine 1
2025-03-01 14:36:18,744 - INTERNAL - System Time: 2025-03-01 14:36:18.744745, Logical Clock: 336
2025-03-01 14:36:18,914 - No connection to port 10000
2025-03-01 14:36:19,085 - RECEIVE - System Time: 2025-03-01 14:36:19.085611, Logical Clock: 338, Queue Length: 0, From: Machine 1
2025-03-01 14:36:19,254 - INTERNAL - System Time: 2025-03-01 14:36:19.253897, Logical Clock: 339
2025-03-01 14:36:19,424 - INTERNAL - System Time: 2025-03-01 14:36:19.424312, Logical Clock: 340
2025-03-01 14:36:19,594 - INTERNAL - System Time: 2025-03-01 14:36:19.594525, Logical Clock: 341
2025-03-01 14:36:19,762 - SEND - System Time: 2025-03-01 14:36:19.762041, Logical Clock: 342, To: Machine on port 10002
2025-03-01 14:36:19,934 - INTERNAL - System Time: 2025-03-01 14:36:19.933965, Logical Clock: 343
2025-03-01 14:36:20,106 - SEND - System Time: 2025-03-01 14:36:20.106015, Logical Clock: 344, To: Machine on port 10002
2025-03-01 14:36:20,277 - No connection to port 10000
2025-03-01 14:36:20,446 - INTERNAL - System Time: 2025-03-01 14:36:20.446288, Logical Clock: 346
2025-03-01 14:36:20,618 - INTERNAL - System Time: 2025-03-01 14:36:20.618035, Logical Clock: 347
2025-03-01 14:36:20,786 - INTERNAL - System Time: 2025-03-01 14:36:20.786671, Logical Clock: 348
2025-03-01 14:36:20,953 - INTERNAL - System Time: 2025-03-01 14:36:20.953833, Logical Clock: 349
2025-03-01 14:36:21,121 - INTERNAL - System Time: 2025-03-01 14:36:21.121610, Logical Clock: 350
