2025-03-04 12:04:40,137 - Virtual Machine 3 initialized
2025-03-04 12:04:40,137 - Clock Rate: 4 ticks/second
2025-03-04 12:04:40,137 - Listening on port: 10002
2025-03-04 12:04:40,137 - Peer ports: [10000, 10001]
2025-03-04 12:04:40,140 - Connected to peer on port 10000
2025-03-04 12:04:40,140 - Connected to peer on port 10001
2025-03-04 12:04:40,141 - Network initialization completed
2025-03-04 12:04:40,141 - Starting main event loop
2025-03-04 12:04:40,141 - Clock rate: 4 ticks/second
2025-03-04 12:04:40,141 - INTERNAL - System Time: 2025-03-04 12:04:40.141084, Logical Clock: 1
2025-03-04 12:04:40,396 - INTERNAL - System Time: 2025-03-04 12:04:40.396173, Logical Clock: 2
2025-03-04 12:04:40,642 - Accepted connection from ('127.0.0.1', 59678)
2025-03-04 12:04:40,649 - SEND - System Time: 2025-03-04 12:04:40.649774, Logical Clock: 3, To: Machine on port 10000
2025-03-04 12:04:40,904 - INTERNAL - System Time: 2025-03-04 12:04:40.904931, Logical Clock: 4
2025-03-04 12:04:41,137 - Accepted connection from ('127.0.0.1', 59681)
2025-03-04 12:04:41,155 - INTERNAL - System Time: 2025-03-04 12:04:41.155374, Logical Clock: 5
2025-03-04 12:04:41,409 - INTERNAL - System Time: 2025-03-04 12:04:41.408996, Logical Clock: 6
2025-03-04 12:04:41,664 - INTERNAL - System Time: 2025-03-04 12:04:41.664320, Logical Clock: 7
2025-03-04 12:04:41,919 - RECEIVE - System Time: 2025-03-04 12:04:41.919622, Logical Clock: 8, Queue Length: 0, From: Machine 1
2025-03-04 12:04:42,170 - INTERNAL - System Time: 2025-03-04 12:04:42.170219, Logical Clock: 9
2025-03-04 12:04:42,427 - SEND - System Time: 2025-03-04 12:04:42.426751, Logical Clock: 10, To: Machine on port 10000
2025-03-04 12:04:42,682 - INTERNAL - System Time: 2025-03-04 12:04:42.682375, Logical Clock: 11
2025-03-04 12:04:42,941 - RECEIVE - System Time: 2025-03-04 12:04:42.941136, Logical Clock: 14, Queue Length: 0, From: Machine 2
2025-03-04 12:04:43,195 - INTERNAL - System Time: 2025-03-04 12:04:43.195312, Logical Clock: 15
2025-03-04 12:04:43,448 - INTERNAL - System Time: 2025-03-04 12:04:43.448283, Logical Clock: 16
2025-03-04 12:04:43,701 - INTERNAL - System Time: 2025-03-04 12:04:43.700868, Logical Clock: 17
2025-03-04 12:04:43,952 - INTERNAL - System Time: 2025-03-04 12:04:43.952671, Logical Clock: 18
2025-03-04 12:04:44,207 - INTERNAL - System Time: 2025-03-04 12:04:44.206984, Logical Clock: 19
2025-03-04 12:04:44,462 - INTERNAL - System Time: 2025-03-04 12:04:44.462218, Logical Clock: 20
2025-03-04 12:04:44,717 - RECEIVE - System Time: 2025-03-04 12:04:44.717652, Logical Clock: 25, Queue Length: 0, From: Machine 2
2025-03-04 12:04:44,969 - INTERNAL - System Time: 2025-03-04 12:04:44.969745, Logical Clock: 26
2025-03-04 12:04:45,223 - SEND - System Time: 2025-03-04 12:04:45.223273, Logical Clock: 27, To: Machine on port 10000
2025-03-04 12:04:45,477 - INTERNAL - System Time: 2025-03-04 12:04:45.477097, Logical Clock: 28
2025-03-04 12:04:45,732 - SEND - System Time: 2025-03-04 12:04:45.732347, Logical Clock: 29, To: Machine on port 10001
2025-03-04 12:04:45,986 - INTERNAL - System Time: 2025-03-04 12:04:45.986271, Logical Clock: 30
2025-03-04 12:04:46,241 - INTERNAL - System Time: 2025-03-04 12:04:46.241390, Logical Clock: 31
2025-03-04 12:04:46,497 - INTERNAL - System Time: 2025-03-04 12:04:46.496798, Logical Clock: 32
2025-03-04 12:04:46,748 - INTERNAL - System Time: 2025-03-04 12:04:46.748583, Logical Clock: 33
2025-03-04 12:04:47,004 - INTERNAL - System Time: 2025-03-04 12:04:47.004442, Logical Clock: 34
2025-03-04 12:04:47,258 - INTERNAL - System Time: 2025-03-04 12:04:47.258328, Logical Clock: 35
2025-03-04 12:04:47,513 - SEND - System Time: 2025-03-04 12:04:47.513255, Logical Clock: 36, To: Machine on port 10001
2025-03-04 12:04:47,768 - INTERNAL - System Time: 2025-03-04 12:04:47.768053, Logical Clock: 37
2025-03-04 12:04:48,021 - RECEIVE - System Time: 2025-03-04 12:04:48.021759, Logical Clock: 40, Queue Length: 0, From: Machine 1
2025-03-04 12:04:48,277 - RECEIVE - System Time: 2025-03-04 12:04:48.277133, Logical Clock: 46, Queue Length: 0, From: Machine 2
2025-03-04 12:04:48,531 - SEND - System Time: 2025-03-04 12:04:48.531654, Logical Clock: 47, To: Machine on port 10001
2025-03-04 12:04:48,787 - INTERNAL - System Time: 2025-03-04 12:04:48.787274, Logical Clock: 48
2025-03-04 12:04:49,039 - SEND - System Time: 2025-03-04 12:04:49.039492, Logical Clock: 49, To: Machine on port 10000
2025-03-04 12:04:49,292 - INTERNAL - System Time: 2025-03-04 12:04:49.291779, Logical Clock: 50
2025-03-04 12:04:49,547 - INTERNAL - System Time: 2025-03-04 12:04:49.547276, Logical Clock: 51
2025-03-04 12:04:49,800 - INTERNAL - System Time: 2025-03-04 12:04:49.800255, Logical Clock: 52
2025-03-04 12:04:50,052 - RECEIVE - System Time: 2025-03-04 12:04:50.052576, Logical Clock: 57, Queue Length: 0, From: Machine 2
2025-03-04 12:04:50,309 - SEND - System Time: 2025-03-04 12:04:50.308688, Logical Clock: 58, To: Machine on port 10001
2025-03-04 12:04:50,562 - INTERNAL - System Time: 2025-03-04 12:04:50.562188, Logical Clock: 59
2025-03-04 12:04:50,818 - SEND - System Time: 2025-03-04 12:04:50.817872, Logical Clock: 60, To: Machine on port 10000
2025-03-04 12:04:51,069 - INTERNAL - System Time: 2025-03-04 12:04:51.068956, Logical Clock: 61
2025-03-04 12:04:51,321 - SEND - System Time: 2025-03-04 12:04:51.321385, Logical Clock: 62, To: Machine on port 10000
2025-03-04 12:04:51,573 - INTERNAL - System Time: 2025-03-04 12:04:51.573395, Logical Clock: 63
2025-03-04 12:04:51,828 - INTERNAL - System Time: 2025-03-04 12:04:51.828441, Logical Clock: 64
2025-03-04 12:04:52,084 - RECEIVE - System Time: 2025-03-04 12:04:52.084810, Logical Clock: 69, Queue Length: 0, From: Machine 2
2025-03-04 12:04:52,336 - SEND - System Time: 2025-03-04 12:04:52.336100, Logical Clock: 70, To: Machine on port 10000
2025-03-04 12:04:52,591 - INTERNAL - System Time: 2025-03-04 12:04:52.591200, Logical Clock: 71
2025-03-04 12:04:52,850 - SEND - System Time: 2025-03-04 12:04:52.847387, Logical Clock: 72, To: Machine on port 10001
2025-03-04 12:04:53,103 - SEND - System Time: 2025-03-04 12:04:53.102780, Logical Clock: 73, To: Machine on port 10001
2025-03-04 12:04:53,358 - INTERNAL - System Time: 2025-03-04 12:04:53.358461, Logical Clock: 74
2025-03-04 12:04:53,634 - INTERNAL - System Time: 2025-03-04 12:04:53.634268, Logical Clock: 75
2025-03-04 12:04:53,890 - SEND - System Time: 2025-03-04 12:04:53.889544, Logical Clock: 76, To: Machine on port 10001
2025-03-04 12:04:54,145 - SEND - System Time: 2025-03-04 12:04:54.145347, Logical Clock: 77, To: Machine on port 10001
2025-03-04 12:04:54,399 - INTERNAL - System Time: 2025-03-04 12:04:54.399106, Logical Clock: 78
2025-03-04 12:04:54,652 - INTERNAL - System Time: 2025-03-04 12:04:54.652445, Logical Clock: 79
2025-03-04 12:04:54,906 - RECEIVE - System Time: 2025-03-04 12:04:54.906463, Logical Clock: 86, Queue Length: 0, From: Machine 2
2025-03-04 12:04:55,162 - INTERNAL - System Time: 2025-03-04 12:04:55.162268, Logical Clock: 87
2025-03-04 12:04:55,417 - RECEIVE - System Time: 2025-03-04 12:04:55.416786, Logical Clock: 88, Queue Length: 0, From: Machine 1
2025-03-04 12:04:55,672 - SEND - System Time: 2025-03-04 12:04:55.671746, Logical Clock: 89, To: Machine on port 10001
2025-03-04 12:04:55,926 - INTERNAL - System Time: 2025-03-04 12:04:55.925846, Logical Clock: 90
2025-03-04 12:04:56,177 - INTERNAL - System Time: 2025-03-04 12:04:56.176890, Logical Clock: 91
2025-03-04 12:04:56,430 - RECEIVE - System Time: 2025-03-04 12:04:56.430675, Logical Clock: 94, Queue Length: 0, From: Machine 2
2025-03-04 12:04:56,686 - INTERNAL - System Time: 2025-03-04 12:04:56.686277, Logical Clock: 95
2025-03-04 12:04:56,941 - INTERNAL - System Time: 2025-03-04 12:04:56.941688, Logical Clock: 96
2025-03-04 12:04:57,194 - RECEIVE - System Time: 2025-03-04 12:04:57.194067, Logical Clock: 99, Queue Length: 0, From: Machine 2
2025-03-04 12:04:57,446 - RECEIVE - System Time: 2025-03-04 12:04:57.446366, Logical Clock: 100, Queue Length: 0, From: Machine 2
2025-03-04 12:04:57,698 - INTERNAL - System Time: 2025-03-04 12:04:57.698362, Logical Clock: 101
2025-03-04 12:04:57,951 - SEND - System Time: 2025-03-04 12:04:57.951417, Logical Clock: 102, To: Machine on port 10001
2025-03-04 12:04:58,205 - INTERNAL - System Time: 2025-03-04 12:04:58.205503, Logical Clock: 103
2025-03-04 12:04:58,458 - INTERNAL - System Time: 2025-03-04 12:04:58.457869, Logical Clock: 104
2025-03-04 12:04:58,709 - INTERNAL - System Time: 2025-03-04 12:04:58.709652, Logical Clock: 105
2025-03-04 12:04:58,965 - RECEIVE - System Time: 2025-03-04 12:04:58.965117, Logical Clock: 110, Queue Length: 0, From: Machine 2
2025-03-04 12:04:59,219 - RECEIVE - System Time: 2025-03-04 12:04:59.218758, Logical Clock: 111, Queue Length: 0, From: Machine 1
2025-03-04 12:04:59,473 - INTERNAL - System Time: 2025-03-04 12:04:59.473299, Logical Clock: 112
2025-03-04 12:04:59,728 - INTERNAL - System Time: 2025-03-04 12:04:59.728152, Logical Clock: 113
2025-03-04 12:04:59,980 - INTERNAL - System Time: 2025-03-04 12:04:59.980042, Logical Clock: 114
2025-03-04 12:05:00,234 - RECEIVE - System Time: 2025-03-04 12:05:00.234121, Logical Clock: 115, Queue Length: 1, From: Machine 1
2025-03-04 12:05:00,489 - RECEIVE - System Time: 2025-03-04 12:05:00.488991, Logical Clock: 117, Queue Length: 1, From: Machine 2
2025-03-04 12:05:00,743 - RECEIVE - System Time: 2025-03-04 12:05:00.743355, Logical Clock: 118, Queue Length: 0, From: Machine 2
2025-03-04 12:05:00,997 - INTERNAL - System Time: 2025-03-04 12:05:00.997008, Logical Clock: 119
2025-03-04 12:05:01,250 - INTERNAL - System Time: 2025-03-04 12:05:01.250165, Logical Clock: 120
2025-03-04 12:05:01,502 - INTERNAL - System Time: 2025-03-04 12:05:01.502324, Logical Clock: 121
2025-03-04 12:05:01,756 - RECEIVE - System Time: 2025-03-04 12:05:01.756273, Logical Clock: 125, Queue Length: 0, From: Machine 2
2025-03-04 12:05:02,009 - INTERNAL - System Time: 2025-03-04 12:05:02.008821, Logical Clock: 126
2025-03-04 12:05:02,260 - INTERNAL - System Time: 2025-03-04 12:05:02.260736, Logical Clock: 127
2025-03-04 12:05:02,517 - INTERNAL - System Time: 2025-03-04 12:05:02.517001, Logical Clock: 128
2025-03-04 12:05:02,770 - INTERNAL - System Time: 2025-03-04 12:05:02.770845, Logical Clock: 129
2025-03-04 12:05:03,026 - INTERNAL - System Time: 2025-03-04 12:05:03.026303, Logical Clock: 130
2025-03-04 12:05:03,281 - INTERNAL - System Time: 2025-03-04 12:05:03.280886, Logical Clock: 131
2025-03-04 12:05:03,534 - INTERNAL - System Time: 2025-03-04 12:05:03.533714, Logical Clock: 132
2025-03-04 12:05:03,788 - RECEIVE - System Time: 2025-03-04 12:05:03.788473, Logical Clock: 138, Queue Length: 0, From: Machine 2
2025-03-04 12:05:04,043 - RECEIVE - System Time: 2025-03-04 12:05:04.043771, Logical Clock: 139, Queue Length: 0, From: Machine 2
2025-03-04 12:05:04,298 - SEND - System Time: 2025-03-04 12:05:04.298473, Logical Clock: 140, To: Machine on port 10001
2025-03-04 12:05:04,553 - INTERNAL - System Time: 2025-03-04 12:05:04.552940, Logical Clock: 141
2025-03-04 12:05:04,813 - RECEIVE - System Time: 2025-03-04 12:05:04.812892, Logical Clock: 143, Queue Length: 0, From: Machine 2
2025-03-04 12:05:05,063 - INTERNAL - System Time: 2025-03-04 12:05:05.063808, Logical Clock: 144
2025-03-04 12:05:05,327 - SEND - System Time: 2025-03-04 12:05:05.327011, Logical Clock: 145, To: Machine on port 10000
2025-03-04 12:05:05,585 - INTERNAL - System Time: 2025-03-04 12:05:05.585275, Logical Clock: 146
2025-03-04 12:05:05,840 - INTERNAL - System Time: 2025-03-04 12:05:05.840167, Logical Clock: 147
2025-03-04 12:05:06,093 - INTERNAL - System Time: 2025-03-04 12:05:06.092776, Logical Clock: 148
2025-03-04 12:05:06,348 - SEND - System Time: 2025-03-04 12:05:06.347843, Logical Clock: 149, To: Machine on port 10000
2025-03-04 12:05:06,604 - RECEIVE - System Time: 2025-03-04 12:05:06.604100, Logical Clock: 154, Queue Length: 0, From: Machine 2
2025-03-04 12:05:06,858 - SEND - System Time: 2025-03-04 12:05:06.858603, Logical Clock: 155, To: Machine on port 10001
2025-03-04 12:05:07,112 - INTERNAL - System Time: 2025-03-04 12:05:07.112821, Logical Clock: 156
2025-03-04 12:05:07,368 - INTERNAL - System Time: 2025-03-04 12:05:07.368071, Logical Clock: 157
2025-03-04 12:05:07,621 - SEND - System Time: 2025-03-04 12:05:07.621527, Logical Clock: 158, To: Machine on port 10001
2025-03-04 12:05:07,875 - INTERNAL - System Time: 2025-03-04 12:05:07.875240, Logical Clock: 159
2025-03-04 12:05:08,130 - SEND - System Time: 2025-03-04 12:05:08.130626, Logical Clock: 160, To: Machine on port 10000
2025-03-04 12:05:08,384 - RECEIVE - System Time: 2025-03-04 12:05:08.384754, Logical Clock: 164, Queue Length: 0, From: Machine 2
2025-03-04 12:05:08,643 - INTERNAL - System Time: 2025-03-04 12:05:08.642973, Logical Clock: 165
2025-03-04 12:05:08,896 - INTERNAL - System Time: 2025-03-04 12:05:08.896490, Logical Clock: 166
2025-03-04 12:05:09,150 - INTERNAL - System Time: 2025-03-04 12:05:09.150394, Logical Clock: 167
2025-03-04 12:05:09,405 - RECEIVE - System Time: 2025-03-04 12:05:09.405658, Logical Clock: 171, Queue Length: 0, From: Machine 2
2025-03-04 12:05:09,657 - INTERNAL - System Time: 2025-03-04 12:05:09.657680, Logical Clock: 172
2025-03-04 12:05:09,913 - INTERNAL - System Time: 2025-03-04 12:05:09.912968, Logical Clock: 173
2025-03-04 12:05:10,169 - INTERNAL - System Time: 2025-03-04 12:05:10.168954, Logical Clock: 174
2025-03-04 12:05:10,423 - INTERNAL - System Time: 2025-03-04 12:05:10.423363, Logical Clock: 175
2025-03-04 12:05:10,676 - INTERNAL - System Time: 2025-03-04 12:05:10.675760, Logical Clock: 176
2025-03-04 12:05:10,928 - INTERNAL - System Time: 2025-03-04 12:05:10.928009, Logical Clock: 177
2025-03-04 12:05:11,183 - RECEIVE - System Time: 2025-03-04 12:05:11.183282, Logical Clock: 181, Queue Length: 0, From: Machine 2
2025-03-04 12:05:11,440 - INTERNAL - System Time: 2025-03-04 12:05:11.439411, Logical Clock: 182
2025-03-04 12:05:11,696 - INTERNAL - System Time: 2025-03-04 12:05:11.696232, Logical Clock: 183
2025-03-04 12:05:11,949 - INTERNAL - System Time: 2025-03-04 12:05:11.949037, Logical Clock: 184
2025-03-04 12:05:12,204 - RECEIVE - System Time: 2025-03-04 12:05:12.203855, Logical Clock: 186, Queue Length: 0, From: Machine 1
2025-03-04 12:05:12,460 - SEND - System Time: 2025-03-04 12:05:12.460550, Logical Clock: 187, To: Machine on port 10001
2025-03-04 12:05:12,713 - INTERNAL - System Time: 2025-03-04 12:05:12.713431, Logical Clock: 188
2025-03-04 12:05:12,969 - SEND - System Time: 2025-03-04 12:05:12.969332, Logical Clock: 189, To: Machine on port 10001
2025-03-04 12:05:13,220 - INTERNAL - System Time: 2025-03-04 12:05:13.220813, Logical Clock: 190
2025-03-04 12:05:13,475 - INTERNAL - System Time: 2025-03-04 12:05:13.475581, Logical Clock: 191
2025-03-04 12:05:13,729 - INTERNAL - System Time: 2025-03-04 12:05:13.729177, Logical Clock: 192
2025-03-04 12:05:13,980 - INTERNAL - System Time: 2025-03-04 12:05:13.980351, Logical Clock: 193
2025-03-04 12:05:14,233 - SEND - System Time: 2025-03-04 12:05:14.233393, Logical Clock: 194, To: Machine on port 10000
2025-03-04 12:05:14,489 - INTERNAL - System Time: 2025-03-04 12:05:14.489319, Logical Clock: 195
2025-03-04 12:05:14,745 - RECEIVE - System Time: 2025-03-04 12:05:14.745201, Logical Clock: 202, Queue Length: 0, From: Machine 2
2025-03-04 12:05:15,000 - INTERNAL - System Time: 2025-03-04 12:05:15.000773, Logical Clock: 203
2025-03-04 12:05:15,256 - INTERNAL - System Time: 2025-03-04 12:05:15.256288, Logical Clock: 204
2025-03-04 12:05:15,511 - INTERNAL - System Time: 2025-03-04 12:05:15.511458, Logical Clock: 205
2025-03-04 12:05:15,766 - RECEIVE - System Time: 2025-03-04 12:05:15.765770, Logical Clock: 206, Queue Length: 0, From: Machine 1
2025-03-04 12:05:16,019 - INTERNAL - System Time: 2025-03-04 12:05:16.019273, Logical Clock: 207
2025-03-04 12:05:16,271 - INTERNAL - System Time: 2025-03-04 12:05:16.271039, Logical Clock: 208
2025-03-04 12:05:16,524 - INTERNAL - System Time: 2025-03-04 12:05:16.524154, Logical Clock: 209
2025-03-04 12:05:16,777 - INTERNAL - System Time: 2025-03-04 12:05:16.777334, Logical Clock: 210
2025-03-04 12:05:17,030 - RECEIVE - System Time: 2025-03-04 12:05:17.030105, Logical Clock: 215, Queue Length: 0, From: Machine 2
2025-03-04 12:05:17,282 - INTERNAL - System Time: 2025-03-04 12:05:17.282130, Logical Clock: 216
2025-03-04 12:05:17,538 - SEND - System Time: 2025-03-04 12:05:17.537721, Logical Clock: 217, To: Machine on port 10000
2025-03-04 12:05:17,793 - INTERNAL - System Time: 2025-03-04 12:05:17.793075, Logical Clock: 218
2025-03-04 12:05:18,049 - SEND - System Time: 2025-03-04 12:05:18.049121, Logical Clock: 219, To: Machine on port 10001
2025-03-04 12:05:18,305 - SEND - System Time: 2025-03-04 12:05:18.304858, Logical Clock: 220, To: Machine on port 10001
2025-03-04 12:05:18,558 - INTERNAL - System Time: 2025-03-04 12:05:18.558442, Logical Clock: 221
2025-03-04 12:05:18,813 - RECEIVE - System Time: 2025-03-04 12:05:18.813334, Logical Clock: 225, Queue Length: 0, From: Machine 2
2025-03-04 12:05:19,068 - SEND - System Time: 2025-03-04 12:05:19.068630, Logical Clock: 226, To: Machine on port 10000
2025-03-04 12:05:19,320 - SEND - System Time: 2025-03-04 12:05:19.320239, Logical Clock: 227, To: Machine on port 10000
2025-03-04 12:05:19,571 - INTERNAL - System Time: 2025-03-04 12:05:19.571778, Logical Clock: 228
2025-03-04 12:05:19,823 - INTERNAL - System Time: 2025-03-04 12:05:19.823110, Logical Clock: 229
2025-03-04 12:05:20,076 - INTERNAL - System Time: 2025-03-04 12:05:20.076363, Logical Clock: 230
2025-03-04 12:05:20,330 - SEND - System Time: 2025-03-04 12:05:20.330448, Logical Clock: 231, To: Machine on port 10001
2025-03-04 12:05:20,582 - INTERNAL - System Time: 2025-03-04 12:05:20.582713, Logical Clock: 232
2025-03-04 12:05:20,838 - RECEIVE - System Time: 2025-03-04 12:05:20.838598, Logical Clock: 237, Queue Length: 0, From: Machine 2
2025-03-04 12:05:21,089 - INTERNAL - System Time: 2025-03-04 12:05:21.089817, Logical Clock: 238
2025-03-04 12:05:21,342 - RECEIVE - System Time: 2025-03-04 12:05:21.342333, Logical Clock: 241, Queue Length: 0, From: Machine 2
2025-03-04 12:05:21,596 - INTERNAL - System Time: 2025-03-04 12:05:21.596907, Logical Clock: 242
2025-03-04 12:05:21,852 - INTERNAL - System Time: 2025-03-04 12:05:21.852251, Logical Clock: 243
2025-03-04 12:05:22,104 - RECEIVE - System Time: 2025-03-04 12:05:22.104593, Logical Clock: 245, Queue Length: 0, From: Machine 2
2025-03-04 12:05:22,355 - INTERNAL - System Time: 2025-03-04 12:05:22.355628, Logical Clock: 246
2025-03-04 12:05:22,611 - INTERNAL - System Time: 2025-03-04 12:05:22.611198, Logical Clock: 247
2025-03-04 12:05:22,863 - SEND - System Time: 2025-03-04 12:05:22.863148, Logical Clock: 248, To: Machine on port 10000
2025-03-04 12:05:23,116 - SEND - System Time: 2025-03-04 12:05:23.115711, Logical Clock: 249, To: Machine on port 10000
2025-03-04 12:05:23,368 - INTERNAL - System Time: 2025-03-04 12:05:23.368361, Logical Clock: 250
2025-03-04 12:05:23,622 - INTERNAL - System Time: 2025-03-04 12:05:23.622607, Logical Clock: 251
2025-03-04 12:05:23,876 - SEND - System Time: 2025-03-04 12:05:23.876167, Logical Clock: 252, To: Machine on port 10001
2025-03-04 12:05:24,130 - INTERNAL - System Time: 2025-03-04 12:05:24.129918, Logical Clock: 253
2025-03-04 12:05:24,382 - RECEIVE - System Time: 2025-03-04 12:05:24.382096, Logical Clock: 256, Queue Length: 0, From: Machine 1
2025-03-04 12:05:24,635 - INTERNAL - System Time: 2025-03-04 12:05:24.635278, Logical Clock: 257
2025-03-04 12:05:24,888 - INTERNAL - System Time: 2025-03-04 12:05:24.888726, Logical Clock: 258
2025-03-04 12:05:25,142 - SEND - System Time: 2025-03-04 12:05:25.142435, Logical Clock: 259, To: Machine on port 10001
2025-03-04 12:05:25,396 - INTERNAL - System Time: 2025-03-04 12:05:25.395951, Logical Clock: 260
2025-03-04 12:05:25,649 - INTERNAL - System Time: 2025-03-04 12:05:25.649839, Logical Clock: 261
2025-03-04 12:05:25,902 - INTERNAL - System Time: 2025-03-04 12:05:25.902463, Logical Clock: 262
2025-03-04 12:05:26,157 - INTERNAL - System Time: 2025-03-04 12:05:26.157540, Logical Clock: 263
2025-03-04 12:05:26,413 - INTERNAL - System Time: 2025-03-04 12:05:26.413531, Logical Clock: 264
2025-03-04 12:05:26,668 - INTERNAL - System Time: 2025-03-04 12:05:26.668537, Logical Clock: 265
2025-03-04 12:05:26,925 - INTERNAL - System Time: 2025-03-04 12:05:26.924817, Logical Clock: 266
2025-03-04 12:05:27,183 - INTERNAL - System Time: 2025-03-04 12:05:27.182352, Logical Clock: 267
2025-03-04 12:05:27,436 - INTERNAL - System Time: 2025-03-04 12:05:27.436359, Logical Clock: 268
2025-03-04 12:05:27,690 - RECEIVE - System Time: 2025-03-04 12:05:27.689699, Logical Clock: 278, Queue Length: 0, From: Machine 2
2025-03-04 12:05:27,941 - SEND - System Time: 2025-03-04 12:05:27.941876, Logical Clock: 279, To: Machine on port 10000
2025-03-04 12:05:28,197 - SEND - System Time: 2025-03-04 12:05:28.197143, Logical Clock: 280, To: Machine on port 10001
2025-03-04 12:05:28,452 - INTERNAL - System Time: 2025-03-04 12:05:28.452686, Logical Clock: 281
2025-03-04 12:05:28,707 - INTERNAL - System Time: 2025-03-04 12:05:28.707569, Logical Clock: 282
2025-03-04 12:05:28,962 - INTERNAL - System Time: 2025-03-04 12:05:28.961944, Logical Clock: 283
2025-03-04 12:05:29,217 - SEND - System Time: 2025-03-04 12:05:29.217584, Logical Clock: 284, To: Machine on port 10001
2025-03-04 12:05:29,472 - INTERNAL - System Time: 2025-03-04 12:05:29.472400, Logical Clock: 285
2025-03-04 12:05:29,727 - INTERNAL - System Time: 2025-03-04 12:05:29.727520, Logical Clock: 286
2025-03-04 12:05:29,980 - INTERNAL - System Time: 2025-03-04 12:05:29.979567, Logical Clock: 287
2025-03-04 12:05:30,235 - INTERNAL - System Time: 2025-03-04 12:05:30.235683, Logical Clock: 288
2025-03-04 12:05:30,489 - SEND - System Time: 2025-03-04 12:05:30.488912, Logical Clock: 289, To: Machine on port 10001
2025-03-04 12:05:30,739 - INTERNAL - System Time: 2025-03-04 12:05:30.739847, Logical Clock: 290
2025-03-04 12:05:30,994 - INTERNAL - System Time: 2025-03-04 12:05:30.994415, Logical Clock: 291
2025-03-04 12:05:31,248 - SEND - System Time: 2025-03-04 12:05:31.248490, Logical Clock: 292, To: Machine on port 10000
2025-03-04 12:05:31,502 - INTERNAL - System Time: 2025-03-04 12:05:31.502438, Logical Clock: 293
2025-03-04 12:05:31,757 - INTERNAL - System Time: 2025-03-04 12:05:31.757186, Logical Clock: 294
2025-03-04 12:05:32,010 - INTERNAL - System Time: 2025-03-04 12:05:32.010214, Logical Clock: 295
2025-03-04 12:05:32,267 - INTERNAL - System Time: 2025-03-04 12:05:32.266900, Logical Clock: 296
2025-03-04 12:05:32,518 - SEND - System Time: 2025-03-04 12:05:32.518237, Logical Clock: 297, To: Machine on port 10000
2025-03-04 12:05:32,771 - RECEIVE - System Time: 2025-03-04 12:05:32.771096, Logical Clock: 307, Queue Length: 0, From: Machine 2
2025-03-04 12:05:33,029 - SEND - System Time: 2025-03-04 12:05:33.029643, Logical Clock: 308, To: Machine on port 10000
2025-03-04 12:05:33,282 - RECEIVE - System Time: 2025-03-04 12:05:33.282219, Logical Clock: 311, Queue Length: 0, From: Machine 2
2025-03-04 12:05:33,535 - INTERNAL - System Time: 2025-03-04 12:05:33.535270, Logical Clock: 312
2025-03-04 12:05:33,818 - INTERNAL - System Time: 2025-03-04 12:05:33.818769, Logical Clock: 313
2025-03-04 12:05:34,069 - INTERNAL - System Time: 2025-03-04 12:05:34.069430, Logical Clock: 314
2025-03-04 12:05:34,321 - RECEIVE - System Time: 2025-03-04 12:05:34.321625, Logical Clock: 316, Queue Length: 0, From: Machine 2
2025-03-04 12:05:34,574 - INTERNAL - System Time: 2025-03-04 12:05:34.574259, Logical Clock: 317
2025-03-04 12:05:34,828 - RECEIVE - System Time: 2025-03-04 12:05:34.828611, Logical Clock: 320, Queue Length: 0, From: Machine 2
2025-03-04 12:05:35,084 - SEND - System Time: 2025-03-04 12:05:35.083915, Logical Clock: 321, To: Machine on port 10000
2025-03-04 12:05:35,337 - INTERNAL - System Time: 2025-03-04 12:05:35.337534, Logical Clock: 322
2025-03-04 12:05:35,588 - RECEIVE - System Time: 2025-03-04 12:05:35.588737, Logical Clock: 324, Queue Length: 0, From: Machine 2
2025-03-04 12:05:35,842 - RECEIVE - System Time: 2025-03-04 12:05:35.842638, Logical Clock: 326, Queue Length: 0, From: Machine 2
2025-03-04 12:05:36,097 - INTERNAL - System Time: 2025-03-04 12:05:36.097642, Logical Clock: 327
2025-03-04 12:05:36,349 - RECEIVE - System Time: 2025-03-04 12:05:36.349454, Logical Clock: 328, Queue Length: 0, From: Machine 1
2025-03-04 12:05:36,604 - INTERNAL - System Time: 2025-03-04 12:05:36.603995, Logical Clock: 329
2025-03-04 12:05:36,858 - INTERNAL - System Time: 2025-03-04 12:05:36.858322, Logical Clock: 330
2025-03-04 12:05:37,108 - SEND - System Time: 2025-03-04 12:05:37.108805, Logical Clock: 331, To: Machine on port 10000
2025-03-04 12:05:37,364 - SEND - System Time: 2025-03-04 12:05:37.364018, Logical Clock: 332, To: Machine on port 10000
2025-03-04 12:05:37,617 - INTERNAL - System Time: 2025-03-04 12:05:37.617735, Logical Clock: 333
2025-03-04 12:05:37,868 - INTERNAL - System Time: 2025-03-04 12:05:37.868631, Logical Clock: 334
2025-03-04 12:05:38,123 - RECEIVE - System Time: 2025-03-04 12:05:38.123260, Logical Clock: 339, Queue Length: 0, From: Machine 2
2025-03-04 12:05:38,378 - RECEIVE - System Time: 2025-03-04 12:05:38.378476, Logical Clock: 341, Queue Length: 0, From: Machine 2
2025-03-04 12:05:38,633 - SEND - System Time: 2025-03-04 12:05:38.633357, Logical Clock: 342, To: Machine on port 10001
2025-03-04 12:05:38,889 - INTERNAL - System Time: 2025-03-04 12:05:38.888722, Logical Clock: 343
2025-03-04 12:05:39,140 - INTERNAL - System Time: 2025-03-04 12:05:39.140419, Logical Clock: 344
2025-03-04 12:05:39,391 - INTERNAL - System Time: 2025-03-04 12:05:39.391701, Logical Clock: 345
2025-03-04 12:05:39,644 - INTERNAL - System Time: 2025-03-04 12:05:39.644694, Logical Clock: 346
2025-03-04 12:05:39,896 - RECEIVE - System Time: 2025-03-04 12:05:39.895934, Logical Clock: 350, Queue Length: 0, From: Machine 2
