2025-03-04 17:35:16,762 - Virtual Machine 3 initialized
2025-03-04 17:35:16,762 - Clock Rate: 5 ticks/second
2025-03-04 17:35:16,762 - Listening on port: 10002
2025-03-04 17:35:16,762 - Peer ports: [10000, 10001]
2025-03-04 17:35:16,764 - Connected to peer on port 10000
2025-03-04 17:35:16,764 - Connected to peer on port 10001
2025-03-04 17:35:16,764 - Network initialization completed
2025-03-04 17:35:16,764 - Starting main event loop
2025-03-04 17:35:16,764 - Clock rate: 5 ticks/second
2025-03-04 17:35:16,764 - INTERNAL - System Time: 2025-03-04 17:35:16.764858, Logical Clock: 1
2025-03-04 17:35:16,785 - Accepted connection from ('127.0.0.1', 53217)
2025-03-04 17:35:16,969 - RECEIVE - System Time: 2025-03-04 17:35:16.969925, Logical Clock: 2, Queue Length: 0, From: Machine 1
2025-03-04 17:35:17,175 - INTERNAL - System Time: 2025-03-04 17:35:17.175058, Logical Clock: 3
2025-03-04 17:35:17,250 - Accepted connection from ('127.0.0.1', 53219)
2025-03-04 17:35:17,377 - INTERNAL - System Time: 2025-03-04 17:35:17.377080, Logical Clock: 4
2025-03-04 17:35:17,582 - SEND - System Time: 2025-03-04 17:35:17.582280, Logical Clock: 5, To: Machine on port 10001
2025-03-04 17:35:17,787 - INTERNAL - System Time: 2025-03-04 17:35:17.787487, Logical Clock: 6
2025-03-04 17:35:17,992 - INTERNAL - System Time: 2025-03-04 17:35:17.992240, Logical Clock: 7
2025-03-04 17:35:18,197 - INTERNAL - System Time: 2025-03-04 17:35:18.197432, Logical Clock: 8
2025-03-04 17:35:18,399 - INTERNAL - System Time: 2025-03-04 17:35:18.399796, Logical Clock: 9
2025-03-04 17:35:18,604 - INTERNAL - System Time: 2025-03-04 17:35:18.604927, Logical Clock: 10
2025-03-04 17:35:18,810 - SEND - System Time: 2025-03-04 17:35:18.810108, Logical Clock: 11, To: Machine on port 10000
2025-03-04 17:35:18,810 - SEND - System Time: 2025-03-04 17:35:18.810108, Logical Clock: 11, To: Machine on port 10001
2025-03-04 17:35:19,011 - INTERNAL - System Time: 2025-03-04 17:35:19.011080, Logical Clock: 12
2025-03-04 17:35:19,216 - INTERNAL - System Time: 2025-03-04 17:35:19.216261, Logical Clock: 13
2025-03-04 17:35:19,419 - INTERNAL - System Time: 2025-03-04 17:35:19.419838, Logical Clock: 14
2025-03-04 17:35:19,625 - SEND - System Time: 2025-03-04 17:35:19.625530, Logical Clock: 15, To: Machine on port 10001
2025-03-04 17:35:19,831 - INTERNAL - System Time: 2025-03-04 17:35:19.831383, Logical Clock: 16
2025-03-04 17:35:20,032 - INTERNAL - System Time: 2025-03-04 17:35:20.031718, Logical Clock: 17
2025-03-04 17:35:20,236 - INTERNAL - System Time: 2025-03-04 17:35:20.236137, Logical Clock: 18
2025-03-04 17:35:20,441 - INTERNAL - System Time: 2025-03-04 17:35:20.440968, Logical Clock: 19
2025-03-04 17:35:20,646 - SEND - System Time: 2025-03-04 17:35:20.646364, Logical Clock: 20, To: Machine on port 10000
2025-03-04 17:35:20,852 - SEND - System Time: 2025-03-04 17:35:20.851834, Logical Clock: 21, To: Machine on port 10000
2025-03-04 17:35:21,057 - INTERNAL - System Time: 2025-03-04 17:35:21.057402, Logical Clock: 22
2025-03-04 17:35:21,260 - RECEIVE - System Time: 2025-03-04 17:35:21.259890, Logical Clock: 24, Queue Length: 0, From: Machine 2
2025-03-04 17:35:21,464 - INTERNAL - System Time: 2025-03-04 17:35:21.463748, Logical Clock: 25
2025-03-04 17:35:21,665 - INTERNAL - System Time: 2025-03-04 17:35:21.665159, Logical Clock: 26
2025-03-04 17:35:21,866 - INTERNAL - System Time: 2025-03-04 17:35:21.866757, Logical Clock: 27
2025-03-04 17:35:22,068 - INTERNAL - System Time: 2025-03-04 17:35:22.068486, Logical Clock: 28
2025-03-04 17:35:22,271 - INTERNAL - System Time: 2025-03-04 17:35:22.271384, Logical Clock: 29
2025-03-04 17:35:22,473 - SEND - System Time: 2025-03-04 17:35:22.473081, Logical Clock: 30, To: Machine on port 10000
2025-03-04 17:35:22,475 - SEND - System Time: 2025-03-04 17:35:22.473081, Logical Clock: 30, To: Machine on port 10001
2025-03-04 17:35:22,676 - INTERNAL - System Time: 2025-03-04 17:35:22.675825, Logical Clock: 31
2025-03-04 17:35:22,880 - INTERNAL - System Time: 2025-03-04 17:35:22.880059, Logical Clock: 32
2025-03-04 17:35:23,084 - INTERNAL - System Time: 2025-03-04 17:35:23.084033, Logical Clock: 33
2025-03-04 17:35:23,289 - INTERNAL - System Time: 2025-03-04 17:35:23.289377, Logical Clock: 34
2025-03-04 17:35:23,495 - INTERNAL - System Time: 2025-03-04 17:35:23.494947, Logical Clock: 35
2025-03-04 17:35:23,699 - INTERNAL - System Time: 2025-03-04 17:35:23.699443, Logical Clock: 36
2025-03-04 17:35:23,903 - INTERNAL - System Time: 2025-03-04 17:35:23.903497, Logical Clock: 37
2025-03-04 17:35:24,109 - INTERNAL - System Time: 2025-03-04 17:35:24.108889, Logical Clock: 38
2025-03-04 17:35:24,314 - INTERNAL - System Time: 2025-03-04 17:35:24.314752, Logical Clock: 39
2025-03-04 17:35:24,519 - INTERNAL - System Time: 2025-03-04 17:35:24.519771, Logical Clock: 40
2025-03-04 17:35:24,723 - RECEIVE - System Time: 2025-03-04 17:35:24.723700, Logical Clock: 42, Queue Length: 0, From: Machine 2
2025-03-04 17:35:24,925 - INTERNAL - System Time: 2025-03-04 17:35:24.924928, Logical Clock: 43
2025-03-04 17:35:25,128 - RECEIVE - System Time: 2025-03-04 17:35:25.128350, Logical Clock: 44, Queue Length: 0, From: Machine 2
2025-03-04 17:35:25,331 - INTERNAL - System Time: 2025-03-04 17:35:25.331010, Logical Clock: 45
2025-03-04 17:35:25,536 - RECEIVE - System Time: 2025-03-04 17:35:25.536219, Logical Clock: 46, Queue Length: 0, From: Machine 2
2025-03-04 17:35:25,740 - RECEIVE - System Time: 2025-03-04 17:35:25.740659, Logical Clock: 47, Queue Length: 0, From: Machine 2
2025-03-04 17:35:25,942 - RECEIVE - System Time: 2025-03-04 17:35:25.942189, Logical Clock: 48, Queue Length: 0, From: Machine 2
2025-03-04 17:35:26,147 - SEND - System Time: 2025-03-04 17:35:26.147635, Logical Clock: 49, To: Machine on port 10000
2025-03-04 17:35:26,349 - RECEIVE - System Time: 2025-03-04 17:35:26.349298, Logical Clock: 50, Queue Length: 0, From: Machine 2
2025-03-04 17:35:26,555 - INTERNAL - System Time: 2025-03-04 17:35:26.554925, Logical Clock: 51
2025-03-04 17:35:26,756 - SEND - System Time: 2025-03-04 17:35:26.756587, Logical Clock: 52, To: Machine on port 10001
2025-03-04 17:35:26,961 - INTERNAL - System Time: 2025-03-04 17:35:26.961460, Logical Clock: 53
2025-03-04 17:35:27,163 - INTERNAL - System Time: 2025-03-04 17:35:27.163334, Logical Clock: 54
2025-03-04 17:35:27,367 - INTERNAL - System Time: 2025-03-04 17:35:27.367520, Logical Clock: 55
2025-03-04 17:35:27,572 - SEND - System Time: 2025-03-04 17:35:27.572210, Logical Clock: 56, To: Machine on port 10001
2025-03-04 17:35:27,774 - INTERNAL - System Time: 2025-03-04 17:35:27.773977, Logical Clock: 57
2025-03-04 17:35:27,978 - SEND - System Time: 2025-03-04 17:35:27.978150, Logical Clock: 58, To: Machine on port 10000
2025-03-04 17:35:28,183 - INTERNAL - System Time: 2025-03-04 17:35:28.183460, Logical Clock: 59
2025-03-04 17:35:28,387 - RECEIVE - System Time: 2025-03-04 17:35:28.387288, Logical Clock: 61, Queue Length: 0, From: Machine 2
2025-03-04 17:35:28,591 - INTERNAL - System Time: 2025-03-04 17:35:28.591139, Logical Clock: 62
2025-03-04 17:35:28,795 - SEND - System Time: 2025-03-04 17:35:28.794928, Logical Clock: 63, To: Machine on port 10000
2025-03-04 17:35:28,796 - SEND - System Time: 2025-03-04 17:35:28.794928, Logical Clock: 63, To: Machine on port 10001
2025-03-04 17:35:28,997 - INTERNAL - System Time: 2025-03-04 17:35:28.997178, Logical Clock: 64
2025-03-04 17:35:29,202 - INTERNAL - System Time: 2025-03-04 17:35:29.201955, Logical Clock: 65
2025-03-04 17:35:29,407 - INTERNAL - System Time: 2025-03-04 17:35:29.407334, Logical Clock: 66
2025-03-04 17:35:29,609 - INTERNAL - System Time: 2025-03-04 17:35:29.609387, Logical Clock: 67
2025-03-04 17:35:29,814 - SEND - System Time: 2025-03-04 17:35:29.814215, Logical Clock: 68, To: Machine on port 10000
2025-03-04 17:35:30,019 - RECEIVE - System Time: 2025-03-04 17:35:30.019753, Logical Clock: 70, Queue Length: 0, From: Machine 2
2025-03-04 17:35:30,223 - SEND - System Time: 2025-03-04 17:35:30.223511, Logical Clock: 71, To: Machine on port 10000
2025-03-04 17:35:30,224 - SEND - System Time: 2025-03-04 17:35:30.223511, Logical Clock: 71, To: Machine on port 10001
2025-03-04 17:35:30,429 - INTERNAL - System Time: 2025-03-04 17:35:30.429629, Logical Clock: 72
2025-03-04 17:35:30,634 - INTERNAL - System Time: 2025-03-04 17:35:30.633896, Logical Clock: 73
2025-03-04 17:35:30,839 - SEND - System Time: 2025-03-04 17:35:30.839222, Logical Clock: 74, To: Machine on port 10000
2025-03-04 17:35:30,841 - SEND - System Time: 2025-03-04 17:35:30.839222, Logical Clock: 74, To: Machine on port 10001
2025-03-04 17:35:31,045 - SEND - System Time: 2025-03-04 17:35:31.045576, Logical Clock: 75, To: Machine on port 10000
2025-03-04 17:35:31,046 - SEND - System Time: 2025-03-04 17:35:31.045576, Logical Clock: 75, To: Machine on port 10001
2025-03-04 17:35:31,248 - INTERNAL - System Time: 2025-03-04 17:35:31.247956, Logical Clock: 76
2025-03-04 17:35:31,452 - INTERNAL - System Time: 2025-03-04 17:35:31.452307, Logical Clock: 77
2025-03-04 17:35:31,653 - INTERNAL - System Time: 2025-03-04 17:35:31.653545, Logical Clock: 78
2025-03-04 17:35:31,855 - INTERNAL - System Time: 2025-03-04 17:35:31.855395, Logical Clock: 79
2025-03-04 17:35:32,060 - INTERNAL - System Time: 2025-03-04 17:35:32.060573, Logical Clock: 80
2025-03-04 17:35:32,265 - SEND - System Time: 2025-03-04 17:35:32.265454, Logical Clock: 81, To: Machine on port 10001
2025-03-04 17:35:32,471 - INTERNAL - System Time: 2025-03-04 17:35:32.470908, Logical Clock: 82
2025-03-04 17:35:32,672 - INTERNAL - System Time: 2025-03-04 17:35:32.672339, Logical Clock: 83
2025-03-04 17:35:32,875 - RECEIVE - System Time: 2025-03-04 17:35:32.875311, Logical Clock: 85, Queue Length: 0, From: Machine 2
2025-03-04 17:35:33,080 - RECEIVE - System Time: 2025-03-04 17:35:33.080136, Logical Clock: 86, Queue Length: 0, From: Machine 2
2025-03-04 17:35:33,281 - RECEIVE - System Time: 2025-03-04 17:35:33.281501, Logical Clock: 87, Queue Length: 0, From: Machine 2
2025-03-04 17:35:33,487 - INTERNAL - System Time: 2025-03-04 17:35:33.486793, Logical Clock: 88
2025-03-04 17:35:33,688 - RECEIVE - System Time: 2025-03-04 17:35:33.687902, Logical Clock: 89, Queue Length: 0, From: Machine 2
2025-03-04 17:35:33,894 - SEND - System Time: 2025-03-04 17:35:33.893965, Logical Clock: 90, To: Machine on port 10000
2025-03-04 17:35:34,098 - INTERNAL - System Time: 2025-03-04 17:35:34.097787, Logical Clock: 91
2025-03-04 17:35:34,299 - RECEIVE - System Time: 2025-03-04 17:35:34.299001, Logical Clock: 92, Queue Length: 0, From: Machine 2
2025-03-04 17:35:34,500 - INTERNAL - System Time: 2025-03-04 17:35:34.500560, Logical Clock: 93
2025-03-04 17:35:34,701 - RECEIVE - System Time: 2025-03-04 17:35:34.701650, Logical Clock: 94, Queue Length: 0, From: Machine 2
2025-03-04 17:35:34,906 - INTERNAL - System Time: 2025-03-04 17:35:34.906282, Logical Clock: 95
2025-03-04 17:35:35,108 - RECEIVE - System Time: 2025-03-04 17:35:35.108114, Logical Clock: 96, Queue Length: 0, From: Machine 2
2025-03-04 17:35:35,313 - INTERNAL - System Time: 2025-03-04 17:35:35.313151, Logical Clock: 97
2025-03-04 17:35:35,519 - INTERNAL - System Time: 2025-03-04 17:35:35.519521, Logical Clock: 98
2025-03-04 17:35:35,725 - INTERNAL - System Time: 2025-03-04 17:35:35.725393, Logical Clock: 99
2025-03-04 17:35:35,932 - SEND - System Time: 2025-03-04 17:35:35.931753, Logical Clock: 100, To: Machine on port 10000
2025-03-04 17:35:35,932 - SEND - System Time: 2025-03-04 17:35:35.931753, Logical Clock: 100, To: Machine on port 10001
2025-03-04 17:35:36,135 - SEND - System Time: 2025-03-04 17:35:36.135176, Logical Clock: 101, To: Machine on port 10000
2025-03-04 17:35:36,340 - INTERNAL - System Time: 2025-03-04 17:35:36.340331, Logical Clock: 102
2025-03-04 17:35:36,545 - RECEIVE - System Time: 2025-03-04 17:35:36.545645, Logical Clock: 104, Queue Length: 0, From: Machine 2
2025-03-04 17:35:36,748 - SEND - System Time: 2025-03-04 17:35:36.748121, Logical Clock: 105, To: Machine on port 10000
2025-03-04 17:35:36,748 - SEND - System Time: 2025-03-04 17:35:36.748121, Logical Clock: 105, To: Machine on port 10001
2025-03-04 17:35:36,950 - INTERNAL - System Time: 2025-03-04 17:35:36.949851, Logical Clock: 106
2025-03-04 17:35:37,152 - SEND - System Time: 2025-03-04 17:35:37.151890, Logical Clock: 107, To: Machine on port 10000
2025-03-04 17:35:37,152 - SEND - System Time: 2025-03-04 17:35:37.151890, Logical Clock: 107, To: Machine on port 10001
2025-03-04 17:35:37,358 - INTERNAL - System Time: 2025-03-04 17:35:37.358327, Logical Clock: 108
2025-03-04 17:35:37,561 - INTERNAL - System Time: 2025-03-04 17:35:37.561392, Logical Clock: 109
2025-03-04 17:35:37,767 - SEND - System Time: 2025-03-04 17:35:37.767146, Logical Clock: 110, To: Machine on port 10000
2025-03-04 17:35:37,767 - SEND - System Time: 2025-03-04 17:35:37.767146, Logical Clock: 110, To: Machine on port 10001
2025-03-04 17:35:37,972 - INTERNAL - System Time: 2025-03-04 17:35:37.972188, Logical Clock: 111
2025-03-04 17:35:38,176 - RECEIVE - System Time: 2025-03-04 17:35:38.176165, Logical Clock: 113, Queue Length: 0, From: Machine 2
2025-03-04 17:35:38,378 - INTERNAL - System Time: 2025-03-04 17:35:38.377952, Logical Clock: 114
2025-03-04 17:35:38,583 - INTERNAL - System Time: 2025-03-04 17:35:38.583308, Logical Clock: 115
2025-03-04 17:35:38,788 - RECEIVE - System Time: 2025-03-04 17:35:38.788663, Logical Clock: 116, Queue Length: 0, From: Machine 2
2025-03-04 17:35:38,993 - INTERNAL - System Time: 2025-03-04 17:35:38.993532, Logical Clock: 117
2025-03-04 17:35:39,197 - INTERNAL - System Time: 2025-03-04 17:35:39.197719, Logical Clock: 118
2025-03-04 17:35:39,401 - SEND - System Time: 2025-03-04 17:35:39.399523, Logical Clock: 119, To: Machine on port 10000
2025-03-04 17:35:39,606 - RECEIVE - System Time: 2025-03-04 17:35:39.606371, Logical Clock: 120, Queue Length: 0, From: Machine 2
2025-03-04 17:35:39,811 - INTERNAL - System Time: 2025-03-04 17:35:39.811196, Logical Clock: 121
2025-03-04 17:35:40,016 - INTERNAL - System Time: 2025-03-04 17:35:40.016064, Logical Clock: 122
2025-03-04 17:35:40,220 - SEND - System Time: 2025-03-04 17:35:40.220805, Logical Clock: 123, To: Machine on port 10001
2025-03-04 17:35:40,421 - SEND - System Time: 2025-03-04 17:35:40.421765, Logical Clock: 124, To: Machine on port 10001
2025-03-04 17:35:40,626 - INTERNAL - System Time: 2025-03-04 17:35:40.626137, Logical Clock: 125
2025-03-04 17:35:40,829 - INTERNAL - System Time: 2025-03-04 17:35:40.828936, Logical Clock: 126
2025-03-04 17:35:41,033 - RECEIVE - System Time: 2025-03-04 17:35:41.033766, Logical Clock: 128, Queue Length: 0, From: Machine 2
2025-03-04 17:35:41,235 - INTERNAL - System Time: 2025-03-04 17:35:41.235465, Logical Clock: 129
2025-03-04 17:35:41,439 - SEND - System Time: 2025-03-04 17:35:41.438882, Logical Clock: 130, To: Machine on port 10000
2025-03-04 17:35:41,441 - SEND - System Time: 2025-03-04 17:35:41.438882, Logical Clock: 130, To: Machine on port 10001
2025-03-04 17:35:41,647 - INTERNAL - System Time: 2025-03-04 17:35:41.647208, Logical Clock: 131
2025-03-04 17:35:41,854 - INTERNAL - System Time: 2025-03-04 17:35:41.854401, Logical Clock: 132
2025-03-04 17:35:42,060 - SEND - System Time: 2025-03-04 17:35:42.060463, Logical Clock: 133, To: Machine on port 10001
2025-03-04 17:35:42,265 - INTERNAL - System Time: 2025-03-04 17:35:42.264785, Logical Clock: 134
2025-03-04 17:35:42,469 - SEND - System Time: 2025-03-04 17:35:42.468916, Logical Clock: 135, To: Machine on port 10000
2025-03-04 17:35:42,674 - INTERNAL - System Time: 2025-03-04 17:35:42.674767, Logical Clock: 136
2025-03-04 17:35:42,880 - INTERNAL - System Time: 2025-03-04 17:35:42.880083, Logical Clock: 137
2025-03-04 17:35:43,081 - INTERNAL - System Time: 2025-03-04 17:35:43.081757, Logical Clock: 138
2025-03-04 17:35:43,286 - INTERNAL - System Time: 2025-03-04 17:35:43.286712, Logical Clock: 139
2025-03-04 17:35:43,490 - SEND - System Time: 2025-03-04 17:35:43.490574, Logical Clock: 140, To: Machine on port 10000
2025-03-04 17:35:43,490 - SEND - System Time: 2025-03-04 17:35:43.490574, Logical Clock: 140, To: Machine on port 10001
2025-03-04 17:35:43,693 - INTERNAL - System Time: 2025-03-04 17:35:43.693110, Logical Clock: 141
2025-03-04 17:35:43,898 - RECEIVE - System Time: 2025-03-04 17:35:43.898828, Logical Clock: 143, Queue Length: 0, From: Machine 2
2025-03-04 17:35:44,100 - INTERNAL - System Time: 2025-03-04 17:35:44.100533, Logical Clock: 144
2025-03-04 17:35:44,302 - SEND - System Time: 2025-03-04 17:35:44.302087, Logical Clock: 145, To: Machine on port 10000
2025-03-04 17:35:44,303 - SEND - System Time: 2025-03-04 17:35:44.302087, Logical Clock: 145, To: Machine on port 10001
2025-03-04 17:35:44,504 - SEND - System Time: 2025-03-04 17:35:44.504277, Logical Clock: 146, To: Machine on port 10000
2025-03-04 17:35:44,705 - SEND - System Time: 2025-03-04 17:35:44.705597, Logical Clock: 147, To: Machine on port 10000
2025-03-04 17:35:44,911 - SEND - System Time: 2025-03-04 17:35:44.910990, Logical Clock: 148, To: Machine on port 10000
2025-03-04 17:35:45,116 - INTERNAL - System Time: 2025-03-04 17:35:45.116282, Logical Clock: 149
2025-03-04 17:35:45,321 - INTERNAL - System Time: 2025-03-04 17:35:45.321020, Logical Clock: 150
2025-03-04 17:35:45,526 - RECEIVE - System Time: 2025-03-04 17:35:45.526316, Logical Clock: 152, Queue Length: 0, From: Machine 2
2025-03-04 17:35:45,732 - INTERNAL - System Time: 2025-03-04 17:35:45.731950, Logical Clock: 153
2025-03-04 17:35:45,935 - INTERNAL - System Time: 2025-03-04 17:35:45.935084, Logical Clock: 154
2025-03-04 17:35:46,139 - SEND - System Time: 2025-03-04 17:35:46.138710, Logical Clock: 155, To: Machine on port 10000
2025-03-04 17:35:46,341 - RECEIVE - System Time: 2025-03-04 17:35:46.341120, Logical Clock: 156, Queue Length: 0, From: Machine 2
2025-03-04 17:35:46,545 - SEND - System Time: 2025-03-04 17:35:46.545681, Logical Clock: 157, To: Machine on port 10000
2025-03-04 17:35:46,746 - INTERNAL - System Time: 2025-03-04 17:35:46.746469, Logical Clock: 158
2025-03-04 17:35:46,952 - SEND - System Time: 2025-03-04 17:35:46.951999, Logical Clock: 159, To: Machine on port 10000
2025-03-04 17:35:46,952 - SEND - System Time: 2025-03-04 17:35:46.951999, Logical Clock: 159, To: Machine on port 10001
2025-03-04 17:35:47,154 - SEND - System Time: 2025-03-04 17:35:47.154172, Logical Clock: 160, To: Machine on port 10000
2025-03-04 17:35:47,154 - SEND - System Time: 2025-03-04 17:35:47.154172, Logical Clock: 160, To: Machine on port 10001
2025-03-04 17:35:47,359 - SEND - System Time: 2025-03-04 17:35:47.359634, Logical Clock: 161, To: Machine on port 10001
2025-03-04 17:35:47,565 - INTERNAL - System Time: 2025-03-04 17:35:47.565603, Logical Clock: 162
2025-03-04 17:35:47,767 - INTERNAL - System Time: 2025-03-04 17:35:47.767814, Logical Clock: 163
2025-03-04 17:35:47,969 - INTERNAL - System Time: 2025-03-04 17:35:47.969563, Logical Clock: 164
2025-03-04 17:35:48,175 - INTERNAL - System Time: 2025-03-04 17:35:48.175315, Logical Clock: 165
2025-03-04 17:35:48,377 - INTERNAL - System Time: 2025-03-04 17:35:48.377280, Logical Clock: 166
2025-03-04 17:35:48,582 - INTERNAL - System Time: 2025-03-04 17:35:48.582770, Logical Clock: 167
2025-03-04 17:35:48,788 - INTERNAL - System Time: 2025-03-04 17:35:48.788455, Logical Clock: 168
2025-03-04 17:35:48,994 - RECEIVE - System Time: 2025-03-04 17:35:48.994079, Logical Clock: 170, Queue Length: 0, From: Machine 2
2025-03-04 17:35:49,199 - INTERNAL - System Time: 2025-03-04 17:35:49.199404, Logical Clock: 171
2025-03-04 17:35:49,404 - SEND - System Time: 2025-03-04 17:35:49.404711, Logical Clock: 172, To: Machine on port 10001
2025-03-04 17:35:49,608 - SEND - System Time: 2025-03-04 17:35:49.608042, Logical Clock: 173, To: Machine on port 10000
2025-03-04 17:35:49,813 - SEND - System Time: 2025-03-04 17:35:49.813343, Logical Clock: 174, To: Machine on port 10001
2025-03-04 17:35:50,018 - INTERNAL - System Time: 2025-03-04 17:35:50.018690, Logical Clock: 175
2025-03-04 17:35:50,222 - INTERNAL - System Time: 2025-03-04 17:35:50.221830, Logical Clock: 176
2025-03-04 17:35:50,423 - INTERNAL - System Time: 2025-03-04 17:35:50.422965, Logical Clock: 177
2025-03-04 17:35:50,625 - INTERNAL - System Time: 2025-03-04 17:35:50.624983, Logical Clock: 178
2025-03-04 17:35:50,830 - RECEIVE - System Time: 2025-03-04 17:35:50.829951, Logical Clock: 180, Queue Length: 0, From: Machine 2
2025-03-04 17:35:51,035 - SEND - System Time: 2025-03-04 17:35:51.035374, Logical Clock: 181, To: Machine on port 10000
2025-03-04 17:35:51,036 - SEND - System Time: 2025-03-04 17:35:51.035374, Logical Clock: 181, To: Machine on port 10001
2025-03-04 17:35:51,239 - INTERNAL - System Time: 2025-03-04 17:35:51.239363, Logical Clock: 182
2025-03-04 17:35:51,440 - INTERNAL - System Time: 2025-03-04 17:35:51.440547, Logical Clock: 183
2025-03-04 17:35:51,642 - INTERNAL - System Time: 2025-03-04 17:35:51.641948, Logical Clock: 184
2025-03-04 17:35:51,847 - RECEIVE - System Time: 2025-03-04 17:35:51.847463, Logical Clock: 186, Queue Length: 0, From: Machine 2
2025-03-04 17:35:52,049 - SEND - System Time: 2025-03-04 17:35:52.049152, Logical Clock: 187, To: Machine on port 10000
2025-03-04 17:35:52,049 - SEND - System Time: 2025-03-04 17:35:52.049152, Logical Clock: 187, To: Machine on port 10001
2025-03-04 17:35:52,254 - SEND - System Time: 2025-03-04 17:35:52.254848, Logical Clock: 188, To: Machine on port 10000
2025-03-04 17:35:52,254 - SEND - System Time: 2025-03-04 17:35:52.254848, Logical Clock: 188, To: Machine on port 10001
2025-03-04 17:35:52,456 - SEND - System Time: 2025-03-04 17:35:52.456645, Logical Clock: 189, To: Machine on port 10000
2025-03-04 17:35:52,457 - SEND - System Time: 2025-03-04 17:35:52.456645, Logical Clock: 189, To: Machine on port 10001
2025-03-04 17:35:52,659 - INTERNAL - System Time: 2025-03-04 17:35:52.659419, Logical Clock: 190
2025-03-04 17:35:52,862 - RECEIVE - System Time: 2025-03-04 17:35:52.862665, Logical Clock: 192, Queue Length: 0, From: Machine 2
2025-03-04 17:35:53,068 - SEND - System Time: 2025-03-04 17:35:53.067981, Logical Clock: 193, To: Machine on port 10001
2025-03-04 17:35:53,273 - INTERNAL - System Time: 2025-03-04 17:35:53.273320, Logical Clock: 194
2025-03-04 17:35:53,478 - INTERNAL - System Time: 2025-03-04 17:35:53.478207, Logical Clock: 195
2025-03-04 17:35:53,685 - INTERNAL - System Time: 2025-03-04 17:35:53.685231, Logical Clock: 196
2025-03-04 17:35:53,889 - RECEIVE - System Time: 2025-03-04 17:35:53.889304, Logical Clock: 198, Queue Length: 0, From: Machine 2
2025-03-04 17:35:54,092 - RECEIVE - System Time: 2025-03-04 17:35:54.092099, Logical Clock: 199, Queue Length: 0, From: Machine 2
2025-03-04 17:35:54,294 - INTERNAL - System Time: 2025-03-04 17:35:54.294664, Logical Clock: 200
2025-03-04 17:35:54,497 - SEND - System Time: 2025-03-04 17:35:54.497448, Logical Clock: 201, To: Machine on port 10001
2025-03-04 17:35:54,704 - INTERNAL - System Time: 2025-03-04 17:35:54.704364, Logical Clock: 202
2025-03-04 17:35:54,910 - INTERNAL - System Time: 2025-03-04 17:35:54.910314, Logical Clock: 203
2025-03-04 17:35:55,113 - INTERNAL - System Time: 2025-03-04 17:35:55.113852, Logical Clock: 204
2025-03-04 17:35:55,319 - INTERNAL - System Time: 2025-03-04 17:35:55.319304, Logical Clock: 205
2025-03-04 17:35:55,522 - RECEIVE - System Time: 2025-03-04 17:35:55.522246, Logical Clock: 207, Queue Length: 0, From: Machine 2
2025-03-04 17:35:55,727 - SEND - System Time: 2025-03-04 17:35:55.727558, Logical Clock: 208, To: Machine on port 10000
2025-03-04 17:35:55,933 - SEND - System Time: 2025-03-04 17:35:55.932943, Logical Clock: 209, To: Machine on port 10000
2025-03-04 17:35:56,140 - SEND - System Time: 2025-03-04 17:35:56.140232, Logical Clock: 210, To: Machine on port 10001
2025-03-04 17:35:56,343 - SEND - System Time: 2025-03-04 17:35:56.343365, Logical Clock: 211, To: Machine on port 10000
2025-03-04 17:35:56,344 - SEND - System Time: 2025-03-04 17:35:56.343365, Logical Clock: 211, To: Machine on port 10001
2025-03-04 17:35:56,546 - INTERNAL - System Time: 2025-03-04 17:35:56.546205, Logical Clock: 212
2025-03-04 17:35:56,748 - SEND - System Time: 2025-03-04 17:35:56.748597, Logical Clock: 213, To: Machine on port 10000
2025-03-04 17:35:56,953 - SEND - System Time: 2025-03-04 17:35:56.952832, Logical Clock: 214, To: Machine on port 10001
2025-03-04 17:35:57,156 - INTERNAL - System Time: 2025-03-04 17:35:57.156056, Logical Clock: 215
2025-03-04 17:35:57,358 - INTERNAL - System Time: 2025-03-04 17:35:57.358374, Logical Clock: 216
2025-03-04 17:35:57,562 - INTERNAL - System Time: 2025-03-04 17:35:57.562341, Logical Clock: 217
2025-03-04 17:35:57,766 - INTERNAL - System Time: 2025-03-04 17:35:57.766897, Logical Clock: 218
2025-03-04 17:35:57,972 - INTERNAL - System Time: 2025-03-04 17:35:57.972238, Logical Clock: 219
2025-03-04 17:35:58,176 - INTERNAL - System Time: 2025-03-04 17:35:58.176400, Logical Clock: 220
2025-03-04 17:35:58,379 - RECEIVE - System Time: 2025-03-04 17:35:58.379432, Logical Clock: 222, Queue Length: 0, From: Machine 2
2025-03-04 17:35:58,585 - INTERNAL - System Time: 2025-03-04 17:35:58.585307, Logical Clock: 223
2025-03-04 17:35:58,787 - INTERNAL - System Time: 2025-03-04 17:35:58.787699, Logical Clock: 224
2025-03-04 17:35:58,990 - INTERNAL - System Time: 2025-03-04 17:35:58.990386, Logical Clock: 225
2025-03-04 17:35:59,194 - INTERNAL - System Time: 2025-03-04 17:35:59.194609, Logical Clock: 226
2025-03-04 17:35:59,400 - INTERNAL - System Time: 2025-03-04 17:35:59.400021, Logical Clock: 227
2025-03-04 17:35:59,602 - INTERNAL - System Time: 2025-03-04 17:35:59.601709, Logical Clock: 228
2025-03-04 17:35:59,807 - INTERNAL - System Time: 2025-03-04 17:35:59.807447, Logical Clock: 229
2025-03-04 17:36:00,020 - INTERNAL - System Time: 2025-03-04 17:36:00.019405, Logical Clock: 230
2025-03-04 17:36:00,224 - INTERNAL - System Time: 2025-03-04 17:36:00.224678, Logical Clock: 231
2025-03-04 17:36:00,430 - INTERNAL - System Time: 2025-03-04 17:36:00.429833, Logical Clock: 232
2025-03-04 17:36:00,632 - INTERNAL - System Time: 2025-03-04 17:36:00.631971, Logical Clock: 233
2025-03-04 17:36:00,834 - RECEIVE - System Time: 2025-03-04 17:36:00.833870, Logical Clock: 234, Queue Length: 0, From: Machine 2
2025-03-04 17:36:01,038 - RECEIVE - System Time: 2025-03-04 17:36:01.038760, Logical Clock: 235, Queue Length: 0, From: Machine 2
2025-03-04 17:36:01,241 - RECEIVE - System Time: 2025-03-04 17:36:01.241753, Logical Clock: 236, Queue Length: 0, From: Machine 2
2025-03-04 17:36:01,447 - INTERNAL - System Time: 2025-03-04 17:36:01.447106, Logical Clock: 237
2025-03-04 17:36:01,650 - INTERNAL - System Time: 2025-03-04 17:36:01.650387, Logical Clock: 238
2025-03-04 17:36:01,853 - INTERNAL - System Time: 2025-03-04 17:36:01.853115, Logical Clock: 239
2025-03-04 17:36:02,060 - SEND - System Time: 2025-03-04 17:36:02.058786, Logical Clock: 240, To: Machine on port 10000
2025-03-04 17:36:02,261 - INTERNAL - System Time: 2025-03-04 17:36:02.261264, Logical Clock: 241
2025-03-04 17:36:02,466 - SEND - System Time: 2025-03-04 17:36:02.466418, Logical Clock: 242, To: Machine on port 10000
2025-03-04 17:36:02,668 - RECEIVE - System Time: 2025-03-04 17:36:02.668477, Logical Clock: 243, Queue Length: 0, From: Machine 2
2025-03-04 17:36:02,872 - RECEIVE - System Time: 2025-03-04 17:36:02.872486, Logical Clock: 244, Queue Length: 0, From: Machine 2
2025-03-04 17:36:03,077 - INTERNAL - System Time: 2025-03-04 17:36:03.076921, Logical Clock: 245
2025-03-04 17:36:03,279 - SEND - System Time: 2025-03-04 17:36:03.279137, Logical Clock: 246, To: Machine on port 10001
2025-03-04 17:36:03,481 - INTERNAL - System Time: 2025-03-04 17:36:03.480899, Logical Clock: 247
2025-03-04 17:36:03,685 - INTERNAL - System Time: 2025-03-04 17:36:03.685206, Logical Clock: 248
2025-03-04 17:36:03,890 - INTERNAL - System Time: 2025-03-04 17:36:03.890725, Logical Clock: 249
2025-03-04 17:36:04,095 - INTERNAL - System Time: 2025-03-04 17:36:04.095596, Logical Clock: 250
2025-03-04 17:36:04,301 - INTERNAL - System Time: 2025-03-04 17:36:04.301175, Logical Clock: 251
2025-03-04 17:36:04,507 - RECEIVE - System Time: 2025-03-04 17:36:04.506952, Logical Clock: 253, Queue Length: 0, From: Machine 2
2025-03-04 17:36:04,708 - INTERNAL - System Time: 2025-03-04 17:36:04.708729, Logical Clock: 254
2025-03-04 17:36:04,913 - RECEIVE - System Time: 2025-03-04 17:36:04.913175, Logical Clock: 255, Queue Length: 0, From: Machine 2
2025-03-04 17:36:05,115 - INTERNAL - System Time: 2025-03-04 17:36:05.114984, Logical Clock: 256
2025-03-04 17:36:05,318 - INTERNAL - System Time: 2025-03-04 17:36:05.318198, Logical Clock: 257
2025-03-04 17:36:05,519 - RECEIVE - System Time: 2025-03-04 17:36:05.519077, Logical Clock: 258, Queue Length: 0, From: Machine 2
2025-03-04 17:36:05,724 - INTERNAL - System Time: 2025-03-04 17:36:05.724462, Logical Clock: 259
2025-03-04 17:36:05,926 - INTERNAL - System Time: 2025-03-04 17:36:05.925802, Logical Clock: 260
2025-03-04 17:36:06,130 - RECEIVE - System Time: 2025-03-04 17:36:06.130414, Logical Clock: 261, Queue Length: 0, From: Machine 2
2025-03-04 17:36:06,332 - RECEIVE - System Time: 2025-03-04 17:36:06.332308, Logical Clock: 262, Queue Length: 0, From: Machine 2
2025-03-04 17:36:06,535 - RECEIVE - System Time: 2025-03-04 17:36:06.535548, Logical Clock: 263, Queue Length: 0, From: Machine 2
2025-03-04 17:36:06,739 - SEND - System Time: 2025-03-04 17:36:06.739316, Logical Clock: 264, To: Machine on port 10000
2025-03-04 17:36:06,740 - SEND - System Time: 2025-03-04 17:36:06.739316, Logical Clock: 264, To: Machine on port 10001
2025-03-04 17:36:06,941 - INTERNAL - System Time: 2025-03-04 17:36:06.941001, Logical Clock: 265
2025-03-04 17:36:07,142 - SEND - System Time: 2025-03-04 17:36:07.142381, Logical Clock: 266, To: Machine on port 10000
2025-03-04 17:36:07,343 - SEND - System Time: 2025-03-04 17:36:07.343701, Logical Clock: 267, To: Machine on port 10001
2025-03-04 17:36:07,547 - INTERNAL - System Time: 2025-03-04 17:36:07.546980, Logical Clock: 268
2025-03-04 17:36:07,748 - INTERNAL - System Time: 2025-03-04 17:36:07.748502, Logical Clock: 269
2025-03-04 17:36:07,949 - RECEIVE - System Time: 2025-03-04 17:36:07.949532, Logical Clock: 271, Queue Length: 0, From: Machine 2
2025-03-04 17:36:08,154 - RECEIVE - System Time: 2025-03-04 17:36:08.154893, Logical Clock: 272, Queue Length: 0, From: Machine 2
2025-03-04 17:36:08,360 - RECEIVE - System Time: 2025-03-04 17:36:08.360219, Logical Clock: 273, Queue Length: 0, From: Machine 2
2025-03-04 17:36:08,561 - INTERNAL - System Time: 2025-03-04 17:36:08.561026, Logical Clock: 274
2025-03-04 17:36:08,765 - INTERNAL - System Time: 2025-03-04 17:36:08.765642, Logical Clock: 275
2025-03-04 17:36:08,971 - SEND - System Time: 2025-03-04 17:36:08.971269, Logical Clock: 276, To: Machine on port 10000
2025-03-04 17:36:08,972 - SEND - System Time: 2025-03-04 17:36:08.971269, Logical Clock: 276, To: Machine on port 10001
2025-03-04 17:36:09,176 - SEND - System Time: 2025-03-04 17:36:09.176151, Logical Clock: 277, To: Machine on port 10000
2025-03-04 17:36:09,382 - INTERNAL - System Time: 2025-03-04 17:36:09.382384, Logical Clock: 278
2025-03-04 17:36:09,583 - INTERNAL - System Time: 2025-03-04 17:36:09.583803, Logical Clock: 279
2025-03-04 17:36:09,789 - INTERNAL - System Time: 2025-03-04 17:36:09.789045, Logical Clock: 280
2025-03-04 17:36:09,992 - INTERNAL - System Time: 2025-03-04 17:36:09.992077, Logical Clock: 281
2025-03-04 17:36:10,194 - SEND - System Time: 2025-03-04 17:36:10.194169, Logical Clock: 282, To: Machine on port 10000
2025-03-04 17:36:10,399 - INTERNAL - System Time: 2025-03-04 17:36:10.399272, Logical Clock: 283
2025-03-04 17:36:10,605 - INTERNAL - System Time: 2025-03-04 17:36:10.604915, Logical Clock: 284
2025-03-04 17:36:10,809 - SEND - System Time: 2025-03-04 17:36:10.809753, Logical Clock: 285, To: Machine on port 10001
2025-03-04 17:36:11,011 - INTERNAL - System Time: 2025-03-04 17:36:11.010928, Logical Clock: 286
2025-03-04 17:36:11,215 - RECEIVE - System Time: 2025-03-04 17:36:11.214518, Logical Clock: 288, Queue Length: 0, From: Machine 2
2025-03-04 17:36:11,419 - INTERNAL - System Time: 2025-03-04 17:36:11.419752, Logical Clock: 289
2025-03-04 17:36:11,622 - RECEIVE - System Time: 2025-03-04 17:36:11.622668, Logical Clock: 290, Queue Length: 0, From: Machine 2
2025-03-04 17:36:11,828 - INTERNAL - System Time: 2025-03-04 17:36:11.827930, Logical Clock: 291
2025-03-04 17:36:12,034 - SEND - System Time: 2025-03-04 17:36:12.034059, Logical Clock: 292, To: Machine on port 10000
2025-03-04 17:36:12,238 - SEND - System Time: 2025-03-04 17:36:12.238496, Logical Clock: 293, To: Machine on port 10001
2025-03-04 17:36:12,440 - INTERNAL - System Time: 2025-03-04 17:36:12.440412, Logical Clock: 294
2025-03-04 17:36:12,645 - INTERNAL - System Time: 2025-03-04 17:36:12.645251, Logical Clock: 295
2025-03-04 17:36:12,848 - RECEIVE - System Time: 2025-03-04 17:36:12.848211, Logical Clock: 297, Queue Length: 0, From: Machine 2
2025-03-04 17:36:13,054 - SEND - System Time: 2025-03-04 17:36:13.053978, Logical Clock: 298, To: Machine on port 10001
2025-03-04 17:36:13,258 - INTERNAL - System Time: 2025-03-04 17:36:13.258403, Logical Clock: 299
2025-03-04 17:36:13,459 - INTERNAL - System Time: 2025-03-04 17:36:13.459579, Logical Clock: 300
2025-03-04 17:36:13,662 - SEND - System Time: 2025-03-04 17:36:13.662335, Logical Clock: 301, To: Machine on port 10000
2025-03-04 17:36:13,662 - SEND - System Time: 2025-03-04 17:36:13.662335, Logical Clock: 301, To: Machine on port 10001
2025-03-04 17:36:13,865 - SEND - System Time: 2025-03-04 17:36:13.865147, Logical Clock: 302, To: Machine on port 10000
2025-03-04 17:36:13,867 - SEND - System Time: 2025-03-04 17:36:13.865147, Logical Clock: 302, To: Machine on port 10001
2025-03-04 17:36:14,072 - INTERNAL - System Time: 2025-03-04 17:36:14.072093, Logical Clock: 303
2025-03-04 17:36:14,275 - INTERNAL - System Time: 2025-03-04 17:36:14.274875, Logical Clock: 304
2025-03-04 17:36:14,479 - INTERNAL - System Time: 2025-03-04 17:36:14.479247, Logical Clock: 305
2025-03-04 17:36:14,684 - RECEIVE - System Time: 2025-03-04 17:36:14.684723, Logical Clock: 307, Queue Length: 0, From: Machine 2
2025-03-04 17:36:14,888 - RECEIVE - System Time: 2025-03-04 17:36:14.888466, Logical Clock: 308, Queue Length: 0, From: Machine 2
2025-03-04 17:36:15,092 - RECEIVE - System Time: 2025-03-04 17:36:15.092418, Logical Clock: 309, Queue Length: 0, From: Machine 2
2025-03-04 17:36:15,296 - RECEIVE - System Time: 2025-03-04 17:36:15.296504, Logical Clock: 310, Queue Length: 0, From: Machine 2
2025-03-04 17:36:15,502 - INTERNAL - System Time: 2025-03-04 17:36:15.501949, Logical Clock: 311
2025-03-04 17:36:15,707 - SEND - System Time: 2025-03-04 17:36:15.707615, Logical Clock: 312, To: Machine on port 10001
2025-03-04 17:36:15,913 - SEND - System Time: 2025-03-04 17:36:15.913090, Logical Clock: 313, To: Machine on port 10000
2025-03-04 17:36:15,913 - SEND - System Time: 2025-03-04 17:36:15.913090, Logical Clock: 313, To: Machine on port 10001
2025-03-04 17:36:16,118 - INTERNAL - System Time: 2025-03-04 17:36:16.118541, Logical Clock: 314
2025-03-04 17:36:16,320 - RECEIVE - System Time: 2025-03-04 17:36:16.320026, Logical Clock: 316, Queue Length: 0, From: Machine 2
2025-03-04 17:36:16,524 - INTERNAL - System Time: 2025-03-04 17:36:16.523931, Logical Clock: 317
2025-03-04 17:36:16,727 - INTERNAL - System Time: 2025-03-04 17:36:16.727012, Logical Clock: 318
