2025-03-04 12:06:44,493 - Virtual Machine 3 initialized
2025-03-04 12:06:44,493 - Clock Rate: 6 ticks/second
2025-03-04 12:06:44,493 - Listening on port: 10002
2025-03-04 12:06:44,493 - Peer ports: [10000, 10001]
2025-03-04 12:06:44,494 - Connected to peer on port 10000
2025-03-04 12:06:44,495 - Connected to peer on port 10001
2025-03-04 12:06:44,495 - Network initialization completed
2025-03-04 12:06:44,495 - Starting main event loop
2025-03-04 12:06:44,495 - Clock rate: 6 ticks/second
2025-03-04 12:06:44,495 - INTERNAL - System Time: 2025-03-04 12:06:44.495407, Logical Clock: 1
2025-03-04 12:06:44,667 - INTERNAL - System Time: 2025-03-04 12:06:44.667037, Logical Clock: 2
2025-03-04 12:06:44,745 - Accepted connection from ('127.0.0.1', 60039)
2025-03-04 12:06:44,839 - SEND - System Time: 2025-03-04 12:06:44.839523, Logical Clock: 3, To: Machine on port 10000
2025-03-04 12:06:45,012 - SEND - System Time: 2025-03-04 12:06:45.011729, Logical Clock: 4, To: Machine on port 10000
2025-03-04 12:06:45,051 - Accepted connection from ('127.0.0.1', 60040)
2025-03-04 12:06:45,181 - INTERNAL - System Time: 2025-03-04 12:06:45.181509, Logical Clock: 5
2025-03-04 12:06:45,353 - INTERNAL - System Time: 2025-03-04 12:06:45.353589, Logical Clock: 6
2025-03-04 12:06:45,526 - INTERNAL - System Time: 2025-03-04 12:06:45.526170, Logical Clock: 7
2025-03-04 12:06:45,696 - SEND - System Time: 2025-03-04 12:06:45.696356, Logical Clock: 8, To: Machine on port 10001
2025-03-04 12:06:45,868 - INTERNAL - System Time: 2025-03-04 12:06:45.868469, Logical Clock: 9
2025-03-04 12:06:46,040 - INTERNAL - System Time: 2025-03-04 12:06:46.040712, Logical Clock: 10
2025-03-04 12:06:46,212 - INTERNAL - System Time: 2025-03-04 12:06:46.212461, Logical Clock: 11
2025-03-04 12:06:46,385 - SEND - System Time: 2025-03-04 12:06:46.384730, Logical Clock: 12, To: Machine on port 10001
2025-03-04 12:06:46,555 - INTERNAL - System Time: 2025-03-04 12:06:46.555395, Logical Clock: 13
2025-03-04 12:06:46,725 - INTERNAL - System Time: 2025-03-04 12:06:46.725198, Logical Clock: 14
2025-03-04 12:06:46,897 - INTERNAL - System Time: 2025-03-04 12:06:46.897343, Logical Clock: 15
2025-03-04 12:06:47,069 - INTERNAL - System Time: 2025-03-04 12:06:47.069386, Logical Clock: 16
2025-03-04 12:06:47,240 - SEND - System Time: 2025-03-04 12:06:47.240229, Logical Clock: 17, To: Machine on port 10001
2025-03-04 12:06:47,411 - INTERNAL - System Time: 2025-03-04 12:06:47.411346, Logical Clock: 18
2025-03-04 12:06:47,582 - INTERNAL - System Time: 2025-03-04 12:06:47.581908, Logical Clock: 19
2025-03-04 12:06:47,752 - INTERNAL - System Time: 2025-03-04 12:06:47.752148, Logical Clock: 20
2025-03-04 12:06:47,924 - RECEIVE - System Time: 2025-03-04 12:06:47.924288, Logical Clock: 21, Queue Length: 0, From: Machine 1
2025-03-04 12:06:48,096 - SEND - System Time: 2025-03-04 12:06:48.096001, Logical Clock: 22, To: Machine on port 10000
2025-03-04 12:06:48,267 - SEND - System Time: 2025-03-04 12:06:48.267118, Logical Clock: 23, To: Machine on port 10001
2025-03-04 12:06:48,438 - INTERNAL - System Time: 2025-03-04 12:06:48.438336, Logical Clock: 24
2025-03-04 12:06:48,609 - SEND - System Time: 2025-03-04 12:06:48.609373, Logical Clock: 25, To: Machine on port 10001
2025-03-04 12:06:48,779 - RECEIVE - System Time: 2025-03-04 12:06:48.779313, Logical Clock: 26, Queue Length: 0, From: Machine 1
2025-03-04 12:06:48,951 - INTERNAL - System Time: 2025-03-04 12:06:48.951286, Logical Clock: 27
2025-03-04 12:06:49,119 - INTERNAL - System Time: 2025-03-04 12:06:49.119391, Logical Clock: 28
2025-03-04 12:06:49,290 - INTERNAL - System Time: 2025-03-04 12:06:49.290361, Logical Clock: 29
2025-03-04 12:06:49,460 - INTERNAL - System Time: 2025-03-04 12:06:49.460127, Logical Clock: 30
2025-03-04 12:06:49,630 - INTERNAL - System Time: 2025-03-04 12:06:49.630129, Logical Clock: 31
2025-03-04 12:06:49,799 - INTERNAL - System Time: 2025-03-04 12:06:49.798958, Logical Clock: 32
2025-03-04 12:06:49,969 - SEND - System Time: 2025-03-04 12:06:49.969468, Logical Clock: 33, To: Machine on port 10000
2025-03-04 12:06:50,141 - INTERNAL - System Time: 2025-03-04 12:06:50.141640, Logical Clock: 34
2025-03-04 12:06:50,314 - RECEIVE - System Time: 2025-03-04 12:06:50.314080, Logical Clock: 36, Queue Length: 0, From: Machine 1
2025-03-04 12:06:50,484 - SEND - System Time: 2025-03-04 12:06:50.484604, Logical Clock: 37, To: Machine on port 10000
2025-03-04 12:06:50,654 - INTERNAL - System Time: 2025-03-04 12:06:50.654082, Logical Clock: 38
2025-03-04 12:06:50,821 - INTERNAL - System Time: 2025-03-04 12:06:50.821876, Logical Clock: 39
2025-03-04 12:06:50,993 - INTERNAL - System Time: 2025-03-04 12:06:50.993794, Logical Clock: 40
2025-03-04 12:06:51,161 - RECEIVE - System Time: 2025-03-04 12:06:51.161422, Logical Clock: 41, Queue Length: 0, From: Machine 1
2025-03-04 12:06:51,331 - INTERNAL - System Time: 2025-03-04 12:06:51.331768, Logical Clock: 42
2025-03-04 12:06:51,501 - INTERNAL - System Time: 2025-03-04 12:06:51.501551, Logical Clock: 43
2025-03-04 12:06:51,670 - INTERNAL - System Time: 2025-03-04 12:06:51.670556, Logical Clock: 44
2025-03-04 12:06:51,840 - INTERNAL - System Time: 2025-03-04 12:06:51.840245, Logical Clock: 45
2025-03-04 12:06:52,011 - INTERNAL - System Time: 2025-03-04 12:06:52.010878, Logical Clock: 46
2025-03-04 12:06:52,180 - INTERNAL - System Time: 2025-03-04 12:06:52.180062, Logical Clock: 47
2025-03-04 12:06:52,350 - INTERNAL - System Time: 2025-03-04 12:06:52.350307, Logical Clock: 48
2025-03-04 12:06:52,523 - INTERNAL - System Time: 2025-03-04 12:06:52.523049, Logical Clock: 49
2025-03-04 12:06:52,692 - INTERNAL - System Time: 2025-03-04 12:06:52.691828, Logical Clock: 50
2025-03-04 12:06:52,861 - INTERNAL - System Time: 2025-03-04 12:06:52.861844, Logical Clock: 51
2025-03-04 12:06:53,029 - INTERNAL - System Time: 2025-03-04 12:06:53.029370, Logical Clock: 52
2025-03-04 12:06:53,200 - INTERNAL - System Time: 2025-03-04 12:06:53.199819, Logical Clock: 53
2025-03-04 12:06:53,371 - INTERNAL - System Time: 2025-03-04 12:06:53.370921, Logical Clock: 54
2025-03-04 12:06:53,541 - SEND - System Time: 2025-03-04 12:06:53.540901, Logical Clock: 55, To: Machine on port 10001
2025-03-04 12:06:53,708 - INTERNAL - System Time: 2025-03-04 12:06:53.708352, Logical Clock: 56
2025-03-04 12:06:53,879 - INTERNAL - System Time: 2025-03-04 12:06:53.879019, Logical Clock: 57
2025-03-04 12:06:54,050 - INTERNAL - System Time: 2025-03-04 12:06:54.049794, Logical Clock: 58
2025-03-04 12:06:54,222 - INTERNAL - System Time: 2025-03-04 12:06:54.222196, Logical Clock: 59
2025-03-04 12:06:54,393 - INTERNAL - System Time: 2025-03-04 12:06:54.393458, Logical Clock: 60
2025-03-04 12:06:54,562 - SEND - System Time: 2025-03-04 12:06:54.561951, Logical Clock: 61, To: Machine on port 10001
2025-03-04 12:06:54,730 - INTERNAL - System Time: 2025-03-04 12:06:54.730626, Logical Clock: 62
2025-03-04 12:06:54,899 - INTERNAL - System Time: 2025-03-04 12:06:54.899105, Logical Clock: 63
2025-03-04 12:06:55,071 - SEND - System Time: 2025-03-04 12:06:55.071265, Logical Clock: 64, To: Machine on port 10000
2025-03-04 12:06:55,246 - SEND - System Time: 2025-03-04 12:06:55.244137, Logical Clock: 65, To: Machine on port 10000
2025-03-04 12:06:55,419 - SEND - System Time: 2025-03-04 12:06:55.419322, Logical Clock: 66, To: Machine on port 10000
2025-03-04 12:06:55,592 - SEND - System Time: 2025-03-04 12:06:55.592066, Logical Clock: 67, To: Machine on port 10000
2025-03-04 12:06:55,761 - INTERNAL - System Time: 2025-03-04 12:06:55.760817, Logical Clock: 68
2025-03-04 12:06:55,929 - INTERNAL - System Time: 2025-03-04 12:06:55.929498, Logical Clock: 69
2025-03-04 12:06:56,099 - INTERNAL - System Time: 2025-03-04 12:06:56.099139, Logical Clock: 70
2025-03-04 12:06:56,269 - INTERNAL - System Time: 2025-03-04 12:06:56.268774, Logical Clock: 71
2025-03-04 12:06:56,441 - SEND - System Time: 2025-03-04 12:06:56.440808, Logical Clock: 72, To: Machine on port 10000
2025-03-04 12:06:56,610 - INTERNAL - System Time: 2025-03-04 12:06:56.609776, Logical Clock: 73
2025-03-04 12:06:56,782 - INTERNAL - System Time: 2025-03-04 12:06:56.782375, Logical Clock: 74
2025-03-04 12:06:56,953 - INTERNAL - System Time: 2025-03-04 12:06:56.953117, Logical Clock: 75
2025-03-04 12:06:57,125 - INTERNAL - System Time: 2025-03-04 12:06:57.124975, Logical Clock: 76
2025-03-04 12:06:57,297 - INTERNAL - System Time: 2025-03-04 12:06:57.296889, Logical Clock: 77
2025-03-04 12:06:57,465 - SEND - System Time: 2025-03-04 12:06:57.464797, Logical Clock: 78, To: Machine on port 10001
2025-03-04 12:06:57,635 - INTERNAL - System Time: 2025-03-04 12:06:57.635275, Logical Clock: 79
2025-03-04 12:06:57,804 - SEND - System Time: 2025-03-04 12:06:57.804287, Logical Clock: 80, To: Machine on port 10000
2025-03-04 12:06:57,979 - INTERNAL - System Time: 2025-03-04 12:06:57.979137, Logical Clock: 81
2025-03-04 12:06:58,151 - INTERNAL - System Time: 2025-03-04 12:06:58.151064, Logical Clock: 82
2025-03-04 12:06:58,321 - RECEIVE - System Time: 2025-03-04 12:06:58.321111, Logical Clock: 84, Queue Length: 0, From: Machine 1
2025-03-04 12:06:58,490 - INTERNAL - System Time: 2025-03-04 12:06:58.490282, Logical Clock: 85
2025-03-04 12:06:58,660 - SEND - System Time: 2025-03-04 12:06:58.660571, Logical Clock: 86, To: Machine on port 10001
2025-03-04 12:06:58,832 - INTERNAL - System Time: 2025-03-04 12:06:58.832477, Logical Clock: 87
2025-03-04 12:06:59,003 - INTERNAL - System Time: 2025-03-04 12:06:59.003740, Logical Clock: 88
2025-03-04 12:06:59,171 - INTERNAL - System Time: 2025-03-04 12:06:59.171272, Logical Clock: 89
2025-03-04 12:06:59,343 - INTERNAL - System Time: 2025-03-04 12:06:59.343465, Logical Clock: 90
2025-03-04 12:06:59,511 - INTERNAL - System Time: 2025-03-04 12:06:59.511547, Logical Clock: 91
2025-03-04 12:06:59,681 - SEND - System Time: 2025-03-04 12:06:59.681716, Logical Clock: 92, To: Machine on port 10001
2025-03-04 12:06:59,851 - INTERNAL - System Time: 2025-03-04 12:06:59.851417, Logical Clock: 93
2025-03-04 12:07:00,021 - SEND - System Time: 2025-03-04 12:07:00.021869, Logical Clock: 94, To: Machine on port 10000
2025-03-04 12:07:00,194 - INTERNAL - System Time: 2025-03-04 12:07:00.193974, Logical Clock: 95
2025-03-04 12:07:00,362 - INTERNAL - System Time: 2025-03-04 12:07:00.362114, Logical Clock: 96
2025-03-04 12:07:00,538 - INTERNAL - System Time: 2025-03-04 12:07:00.538352, Logical Clock: 97
2025-03-04 12:07:00,711 - SEND - System Time: 2025-03-04 12:07:00.710727, Logical Clock: 98, To: Machine on port 10000
2025-03-04 12:07:00,880 - INTERNAL - System Time: 2025-03-04 12:07:00.879795, Logical Clock: 99
2025-03-04 12:07:01,048 - INTERNAL - System Time: 2025-03-04 12:07:01.048834, Logical Clock: 100
2025-03-04 12:07:01,216 - SEND - System Time: 2025-03-04 12:07:01.216504, Logical Clock: 101, To: Machine on port 10000
2025-03-04 12:07:01,388 - INTERNAL - System Time: 2025-03-04 12:07:01.388421, Logical Clock: 102
2025-03-04 12:07:01,558 - INTERNAL - System Time: 2025-03-04 12:07:01.558522, Logical Clock: 103
2025-03-04 12:07:01,730 - INTERNAL - System Time: 2025-03-04 12:07:01.730530, Logical Clock: 104
2025-03-04 12:07:01,899 - INTERNAL - System Time: 2025-03-04 12:07:01.899281, Logical Clock: 105
2025-03-04 12:07:02,071 - SEND - System Time: 2025-03-04 12:07:02.071153, Logical Clock: 106, To: Machine on port 10001
2025-03-04 12:07:02,242 - INTERNAL - System Time: 2025-03-04 12:07:02.241823, Logical Clock: 107
2025-03-04 12:07:02,410 - RECEIVE - System Time: 2025-03-04 12:07:02.410580, Logical Clock: 108, Queue Length: 0, From: Machine 1
2025-03-04 12:07:02,579 - SEND - System Time: 2025-03-04 12:07:02.578946, Logical Clock: 109, To: Machine on port 10001
2025-03-04 12:07:02,751 - INTERNAL - System Time: 2025-03-04 12:07:02.751366, Logical Clock: 110
2025-03-04 12:07:02,923 - INTERNAL - System Time: 2025-03-04 12:07:02.923588, Logical Clock: 111
2025-03-04 12:07:03,094 - INTERNAL - System Time: 2025-03-04 12:07:03.094572, Logical Clock: 112
2025-03-04 12:07:03,265 - INTERNAL - System Time: 2025-03-04 12:07:03.265375, Logical Clock: 113
2025-03-04 12:07:03,437 - INTERNAL - System Time: 2025-03-04 12:07:03.437395, Logical Clock: 114
2025-03-04 12:07:03,610 - INTERNAL - System Time: 2025-03-04 12:07:03.610123, Logical Clock: 115
2025-03-04 12:07:03,781 - INTERNAL - System Time: 2025-03-04 12:07:03.781051, Logical Clock: 116
2025-03-04 12:07:03,950 - INTERNAL - System Time: 2025-03-04 12:07:03.949809, Logical Clock: 117
2025-03-04 12:07:04,122 - INTERNAL - System Time: 2025-03-04 12:07:04.122500, Logical Clock: 118
2025-03-04 12:07:04,292 - INTERNAL - System Time: 2025-03-04 12:07:04.292927, Logical Clock: 119
2025-03-04 12:07:04,462 - RECEIVE - System Time: 2025-03-04 12:07:04.462161, Logical Clock: 120, Queue Length: 0, From: Machine 1
2025-03-04 12:07:04,629 - INTERNAL - System Time: 2025-03-04 12:07:04.629437, Logical Clock: 121
2025-03-04 12:07:04,806 - SEND - System Time: 2025-03-04 12:07:04.803957, Logical Clock: 122, To: Machine on port 10001
2025-03-04 12:07:04,978 - INTERNAL - System Time: 2025-03-04 12:07:04.978399, Logical Clock: 123
2025-03-04 12:07:05,152 - INTERNAL - System Time: 2025-03-04 12:07:05.152755, Logical Clock: 124
2025-03-04 12:07:05,324 - INTERNAL - System Time: 2025-03-04 12:07:05.324167, Logical Clock: 125
2025-03-04 12:07:05,496 - INTERNAL - System Time: 2025-03-04 12:07:05.496047, Logical Clock: 126
2025-03-04 12:07:05,665 - INTERNAL - System Time: 2025-03-04 12:07:05.664953, Logical Clock: 127
2025-03-04 12:07:05,838 - SEND - System Time: 2025-03-04 12:07:05.838010, Logical Clock: 128, To: Machine on port 10001
2025-03-04 12:07:06,010 - INTERNAL - System Time: 2025-03-04 12:07:06.010215, Logical Clock: 129
2025-03-04 12:07:06,182 - RECEIVE - System Time: 2025-03-04 12:07:06.182294, Logical Clock: 130, Queue Length: 0, From: Machine 1
2025-03-04 12:07:06,356 - SEND - System Time: 2025-03-04 12:07:06.354141, Logical Clock: 131, To: Machine on port 10001
2025-03-04 12:07:06,524 - INTERNAL - System Time: 2025-03-04 12:07:06.524583, Logical Clock: 132
2025-03-04 12:07:06,693 - INTERNAL - System Time: 2025-03-04 12:07:06.692634, Logical Clock: 133
2025-03-04 12:07:06,869 - INTERNAL - System Time: 2025-03-04 12:07:06.869541, Logical Clock: 134
2025-03-04 12:07:07,038 - INTERNAL - System Time: 2025-03-04 12:07:07.038446, Logical Clock: 135
2025-03-04 12:07:07,210 - INTERNAL - System Time: 2025-03-04 12:07:07.210040, Logical Clock: 136
2025-03-04 12:07:07,381 - SEND - System Time: 2025-03-04 12:07:07.381101, Logical Clock: 137, To: Machine on port 10000
2025-03-04 12:07:07,550 - INTERNAL - System Time: 2025-03-04 12:07:07.550689, Logical Clock: 138
2025-03-04 12:07:07,720 - INTERNAL - System Time: 2025-03-04 12:07:07.719627, Logical Clock: 139
2025-03-04 12:07:07,889 - RECEIVE - System Time: 2025-03-04 12:07:07.889201, Logical Clock: 141, Queue Length: 0, From: Machine 1
2025-03-04 12:07:08,062 - SEND - System Time: 2025-03-04 12:07:08.061963, Logical Clock: 142, To: Machine on port 10000
2025-03-04 12:07:08,231 - INTERNAL - System Time: 2025-03-04 12:07:08.231574, Logical Clock: 143
2025-03-04 12:07:08,400 - INTERNAL - System Time: 2025-03-04 12:07:08.400098, Logical Clock: 144
2025-03-04 12:07:08,569 - INTERNAL - System Time: 2025-03-04 12:07:08.569526, Logical Clock: 145
2025-03-04 12:07:08,741 - INTERNAL - System Time: 2025-03-04 12:07:08.741392, Logical Clock: 146
2025-03-04 12:07:08,912 - INTERNAL - System Time: 2025-03-04 12:07:08.912503, Logical Clock: 147
2025-03-04 12:07:09,085 - INTERNAL - System Time: 2025-03-04 12:07:09.085378, Logical Clock: 148
2025-03-04 12:07:09,253 - SEND - System Time: 2025-03-04 12:07:09.253368, Logical Clock: 149, To: Machine on port 10000
2025-03-04 12:07:09,421 - INTERNAL - System Time: 2025-03-04 12:07:09.421328, Logical Clock: 150
2025-03-04 12:07:09,593 - INTERNAL - System Time: 2025-03-04 12:07:09.593207, Logical Clock: 151
2025-03-04 12:07:09,765 - INTERNAL - System Time: 2025-03-04 12:07:09.765350, Logical Clock: 152
2025-03-04 12:07:09,937 - INTERNAL - System Time: 2025-03-04 12:07:09.936419, Logical Clock: 153
2025-03-04 12:07:10,111 - INTERNAL - System Time: 2025-03-04 12:07:10.110992, Logical Clock: 154
2025-03-04 12:07:10,280 - INTERNAL - System Time: 2025-03-04 12:07:10.279874, Logical Clock: 155
2025-03-04 12:07:10,450 - INTERNAL - System Time: 2025-03-04 12:07:10.450662, Logical Clock: 156
2025-03-04 12:07:10,619 - SEND - System Time: 2025-03-04 12:07:10.618755, Logical Clock: 157, To: Machine on port 10001
2025-03-04 12:07:10,791 - INTERNAL - System Time: 2025-03-04 12:07:10.790874, Logical Clock: 158
2025-03-04 12:07:10,961 - INTERNAL - System Time: 2025-03-04 12:07:10.960962, Logical Clock: 159
2025-03-04 12:07:11,130 - INTERNAL - System Time: 2025-03-04 12:07:11.130266, Logical Clock: 160
2025-03-04 12:07:11,300 - INTERNAL - System Time: 2025-03-04 12:07:11.299988, Logical Clock: 161
2025-03-04 12:07:11,471 - INTERNAL - System Time: 2025-03-04 12:07:11.471161, Logical Clock: 162
2025-03-04 12:07:11,643 - INTERNAL - System Time: 2025-03-04 12:07:11.643107, Logical Clock: 163
2025-03-04 12:07:11,815 - INTERNAL - System Time: 2025-03-04 12:07:11.815335, Logical Clock: 164
2025-03-04 12:07:11,988 - SEND - System Time: 2025-03-04 12:07:11.987883, Logical Clock: 165, To: Machine on port 10000
2025-03-04 12:07:12,160 - SEND - System Time: 2025-03-04 12:07:12.160455, Logical Clock: 166, To: Machine on port 10000
2025-03-04 12:07:12,329 - INTERNAL - System Time: 2025-03-04 12:07:12.329601, Logical Clock: 167
2025-03-04 12:07:12,501 - SEND - System Time: 2025-03-04 12:07:12.501760, Logical Clock: 168, To: Machine on port 10001
2025-03-04 12:07:12,670 - INTERNAL - System Time: 2025-03-04 12:07:12.670609, Logical Clock: 169
2025-03-04 12:07:12,841 - INTERNAL - System Time: 2025-03-04 12:07:12.841633, Logical Clock: 170
2025-03-04 12:07:13,011 - SEND - System Time: 2025-03-04 12:07:13.011492, Logical Clock: 171, To: Machine on port 10001
2025-03-04 12:07:13,182 - INTERNAL - System Time: 2025-03-04 12:07:13.182085, Logical Clock: 172
2025-03-04 12:07:13,356 - INTERNAL - System Time: 2025-03-04 12:07:13.355896, Logical Clock: 173
2025-03-04 12:07:13,524 - INTERNAL - System Time: 2025-03-04 12:07:13.524048, Logical Clock: 174
2025-03-04 12:07:13,695 - SEND - System Time: 2025-03-04 12:07:13.695795, Logical Clock: 175, To: Machine on port 10000
2025-03-04 12:07:13,868 - INTERNAL - System Time: 2025-03-04 12:07:13.867804, Logical Clock: 176
2025-03-04 12:07:14,039 - INTERNAL - System Time: 2025-03-04 12:07:14.039031, Logical Clock: 177
2025-03-04 12:07:14,213 - INTERNAL - System Time: 2025-03-04 12:07:14.213026, Logical Clock: 178
2025-03-04 12:07:14,385 - INTERNAL - System Time: 2025-03-04 12:07:14.385589, Logical Clock: 179
2025-03-04 12:07:14,558 - INTERNAL - System Time: 2025-03-04 12:07:14.557758, Logical Clock: 180
2025-03-04 12:07:14,729 - INTERNAL - System Time: 2025-03-04 12:07:14.729508, Logical Clock: 181
2025-03-04 12:07:14,899 - INTERNAL - System Time: 2025-03-04 12:07:14.899111, Logical Clock: 182
2025-03-04 12:07:15,071 - SEND - System Time: 2025-03-04 12:07:15.070267, Logical Clock: 183, To: Machine on port 10000
2025-03-04 12:07:15,242 - INTERNAL - System Time: 2025-03-04 12:07:15.242002, Logical Clock: 184
2025-03-04 12:07:15,413 - INTERNAL - System Time: 2025-03-04 12:07:15.413596, Logical Clock: 185
2025-03-04 12:07:15,585 - INTERNAL - System Time: 2025-03-04 12:07:15.585695, Logical Clock: 186
2025-03-04 12:07:15,754 - INTERNAL - System Time: 2025-03-04 12:07:15.754188, Logical Clock: 187
2025-03-04 12:07:15,922 - INTERNAL - System Time: 2025-03-04 12:07:15.922798, Logical Clock: 188
2025-03-04 12:07:16,095 - INTERNAL - System Time: 2025-03-04 12:07:16.094970, Logical Clock: 189
2025-03-04 12:07:16,264 - INTERNAL - System Time: 2025-03-04 12:07:16.264359, Logical Clock: 190
2025-03-04 12:07:16,435 - INTERNAL - System Time: 2025-03-04 12:07:16.435409, Logical Clock: 191
2025-03-04 12:07:16,604 - INTERNAL - System Time: 2025-03-04 12:07:16.604478, Logical Clock: 192
2025-03-04 12:07:16,776 - INTERNAL - System Time: 2025-03-04 12:07:16.776305, Logical Clock: 193
2025-03-04 12:07:16,949 - SEND - System Time: 2025-03-04 12:07:16.948999, Logical Clock: 194, To: Machine on port 10000
2025-03-04 12:07:17,119 - INTERNAL - System Time: 2025-03-04 12:07:17.119256, Logical Clock: 195
2025-03-04 12:07:17,290 - INTERNAL - System Time: 2025-03-04 12:07:17.290094, Logical Clock: 196
2025-03-04 12:07:17,459 - SEND - System Time: 2025-03-04 12:07:17.459503, Logical Clock: 197, To: Machine on port 10000
2025-03-04 12:07:17,628 - INTERNAL - System Time: 2025-03-04 12:07:17.627789, Logical Clock: 198
2025-03-04 12:07:17,798 - SEND - System Time: 2025-03-04 12:07:17.798317, Logical Clock: 199, To: Machine on port 10001
2025-03-04 12:07:17,969 - INTERNAL - System Time: 2025-03-04 12:07:17.969638, Logical Clock: 200
2025-03-04 12:07:18,140 - RECEIVE - System Time: 2025-03-04 12:07:18.140177, Logical Clock: 201, Queue Length: 0, From: Machine 1
2025-03-04 12:07:18,310 - INTERNAL - System Time: 2025-03-04 12:07:18.310132, Logical Clock: 202
2025-03-04 12:07:18,479 - INTERNAL - System Time: 2025-03-04 12:07:18.479798, Logical Clock: 203
2025-03-04 12:07:18,650 - INTERNAL - System Time: 2025-03-04 12:07:18.649819, Logical Clock: 204
2025-03-04 12:07:18,818 - INTERNAL - System Time: 2025-03-04 12:07:18.818492, Logical Clock: 205
2025-03-04 12:07:18,992 - INTERNAL - System Time: 2025-03-04 12:07:18.991990, Logical Clock: 206
2025-03-04 12:07:19,163 - INTERNAL - System Time: 2025-03-04 12:07:19.163645, Logical Clock: 207
2025-03-04 12:07:19,333 - INTERNAL - System Time: 2025-03-04 12:07:19.333595, Logical Clock: 208
2025-03-04 12:07:19,501 - INTERNAL - System Time: 2025-03-04 12:07:19.501032, Logical Clock: 209
2025-03-04 12:07:19,669 - SEND - System Time: 2025-03-04 12:07:19.669703, Logical Clock: 210, To: Machine on port 10001
2025-03-04 12:07:19,840 - INTERNAL - System Time: 2025-03-04 12:07:19.840732, Logical Clock: 211
2025-03-04 12:07:20,015 - SEND - System Time: 2025-03-04 12:07:20.014983, Logical Clock: 212, To: Machine on port 10001
2025-03-04 12:07:20,185 - INTERNAL - System Time: 2025-03-04 12:07:20.185223, Logical Clock: 213
2025-03-04 12:07:20,354 - SEND - System Time: 2025-03-04 12:07:20.354499, Logical Clock: 214, To: Machine on port 10000
2025-03-04 12:07:20,525 - INTERNAL - System Time: 2025-03-04 12:07:20.525102, Logical Clock: 215
2025-03-04 12:07:20,694 - INTERNAL - System Time: 2025-03-04 12:07:20.693974, Logical Clock: 216
2025-03-04 12:07:20,865 - INTERNAL - System Time: 2025-03-04 12:07:20.865868, Logical Clock: 217
2025-03-04 12:07:21,036 - RECEIVE - System Time: 2025-03-04 12:07:21.036544, Logical Clock: 218, Queue Length: 0, From: Machine 1
2025-03-04 12:07:21,205 - INTERNAL - System Time: 2025-03-04 12:07:21.205513, Logical Clock: 219
2025-03-04 12:07:21,375 - INTERNAL - System Time: 2025-03-04 12:07:21.375566, Logical Clock: 220
2025-03-04 12:07:21,545 - INTERNAL - System Time: 2025-03-04 12:07:21.545213, Logical Clock: 221
2025-03-04 12:07:21,714 - INTERNAL - System Time: 2025-03-04 12:07:21.714218, Logical Clock: 222
2025-03-04 12:07:21,884 - INTERNAL - System Time: 2025-03-04 12:07:21.884772, Logical Clock: 223
2025-03-04 12:07:22,053 - INTERNAL - System Time: 2025-03-04 12:07:22.053591, Logical Clock: 224
2025-03-04 12:07:22,225 - INTERNAL - System Time: 2025-03-04 12:07:22.225514, Logical Clock: 225
2025-03-04 12:07:22,397 - INTERNAL - System Time: 2025-03-04 12:07:22.397669, Logical Clock: 226
2025-03-04 12:07:22,570 - INTERNAL - System Time: 2025-03-04 12:07:22.569939, Logical Clock: 227
2025-03-04 12:07:22,740 - INTERNAL - System Time: 2025-03-04 12:07:22.739914, Logical Clock: 228
2025-03-04 12:07:22,909 - INTERNAL - System Time: 2025-03-04 12:07:22.909002, Logical Clock: 229
2025-03-04 12:07:23,083 - INTERNAL - System Time: 2025-03-04 12:07:23.083079, Logical Clock: 230
2025-03-04 12:07:23,253 - INTERNAL - System Time: 2025-03-04 12:07:23.252973, Logical Clock: 231
2025-03-04 12:07:23,425 - INTERNAL - System Time: 2025-03-04 12:07:23.424101, Logical Clock: 232
2025-03-04 12:07:23,593 - INTERNAL - System Time: 2025-03-04 12:07:23.593377, Logical Clock: 233
2025-03-04 12:07:23,762 - INTERNAL - System Time: 2025-03-04 12:07:23.762622, Logical Clock: 234
2025-03-04 12:07:23,930 - INTERNAL - System Time: 2025-03-04 12:07:23.929994, Logical Clock: 235
2025-03-04 12:07:24,102 - INTERNAL - System Time: 2025-03-04 12:07:24.102120, Logical Clock: 236
2025-03-04 12:07:24,274 - INTERNAL - System Time: 2025-03-04 12:07:24.274082, Logical Clock: 237
2025-03-04 12:07:24,446 - INTERNAL - System Time: 2025-03-04 12:07:24.446693, Logical Clock: 238
2025-03-04 12:07:24,618 - INTERNAL - System Time: 2025-03-04 12:07:24.618615, Logical Clock: 239
2025-03-04 12:07:24,787 - INTERNAL - System Time: 2025-03-04 12:07:24.787468, Logical Clock: 240
2025-03-04 12:07:24,958 - INTERNAL - System Time: 2025-03-04 12:07:24.958052, Logical Clock: 241
2025-03-04 12:07:25,126 - INTERNAL - System Time: 2025-03-04 12:07:25.126263, Logical Clock: 242
2025-03-04 12:07:25,299 - RECEIVE - System Time: 2025-03-04 12:07:25.298843, Logical Clock: 243, Queue Length: 0, From: Machine 1
2025-03-04 12:07:25,469 - INTERNAL - System Time: 2025-03-04 12:07:25.469508, Logical Clock: 244
2025-03-04 12:07:25,639 - INTERNAL - System Time: 2025-03-04 12:07:25.639220, Logical Clock: 245
2025-03-04 12:07:25,810 - INTERNAL - System Time: 2025-03-04 12:07:25.810070, Logical Clock: 246
2025-03-04 12:07:25,980 - SEND - System Time: 2025-03-04 12:07:25.980118, Logical Clock: 247, To: Machine on port 10001
2025-03-04 12:07:26,151 - INTERNAL - System Time: 2025-03-04 12:07:26.151117, Logical Clock: 248
2025-03-04 12:07:26,319 - INTERNAL - System Time: 2025-03-04 12:07:26.319034, Logical Clock: 249
2025-03-04 12:07:26,491 - INTERNAL - System Time: 2025-03-04 12:07:26.491383, Logical Clock: 250
2025-03-04 12:07:26,659 - INTERNAL - System Time: 2025-03-04 12:07:26.658892, Logical Clock: 251
2025-03-04 12:07:26,830 - INTERNAL - System Time: 2025-03-04 12:07:26.830328, Logical Clock: 252
2025-03-04 12:07:27,000 - SEND - System Time: 2025-03-04 12:07:27.000579, Logical Clock: 253, To: Machine on port 10000
2025-03-04 12:07:27,169 - INTERNAL - System Time: 2025-03-04 12:07:27.169722, Logical Clock: 254
2025-03-04 12:07:27,342 - INTERNAL - System Time: 2025-03-04 12:07:27.341785, Logical Clock: 255
2025-03-04 12:07:27,511 - INTERNAL - System Time: 2025-03-04 12:07:27.511702, Logical Clock: 256
2025-03-04 12:07:27,684 - RECEIVE - System Time: 2025-03-04 12:07:27.684020, Logical Clock: 258, Queue Length: 0, From: Machine 1
2025-03-04 12:07:27,856 - SEND - System Time: 2025-03-04 12:07:27.856135, Logical Clock: 259, To: Machine on port 10001
2025-03-04 12:07:28,027 - INTERNAL - System Time: 2025-03-04 12:07:28.027638, Logical Clock: 260
2025-03-04 12:07:28,199 - INTERNAL - System Time: 2025-03-04 12:07:28.199145, Logical Clock: 261
2025-03-04 12:07:28,371 - SEND - System Time: 2025-03-04 12:07:28.371395, Logical Clock: 262, To: Machine on port 10001
2025-03-04 12:07:28,540 - INTERNAL - System Time: 2025-03-04 12:07:28.540266, Logical Clock: 263
2025-03-04 12:07:28,711 - INTERNAL - System Time: 2025-03-04 12:07:28.711650, Logical Clock: 264
2025-03-04 12:07:28,882 - INTERNAL - System Time: 2025-03-04 12:07:28.882450, Logical Clock: 265
2025-03-04 12:07:29,054 - INTERNAL - System Time: 2025-03-04 12:07:29.054514, Logical Clock: 266
2025-03-04 12:07:29,225 - INTERNAL - System Time: 2025-03-04 12:07:29.224738, Logical Clock: 267
2025-03-04 12:07:29,397 - INTERNAL - System Time: 2025-03-04 12:07:29.397083, Logical Clock: 268
2025-03-04 12:07:29,568 - INTERNAL - System Time: 2025-03-04 12:07:29.568552, Logical Clock: 269
2025-03-04 12:07:29,741 - INTERNAL - System Time: 2025-03-04 12:07:29.740307, Logical Clock: 270
2025-03-04 12:07:29,909 - INTERNAL - System Time: 2025-03-04 12:07:29.909113, Logical Clock: 271
2025-03-04 12:07:30,078 - SEND - System Time: 2025-03-04 12:07:30.078664, Logical Clock: 272, To: Machine on port 10001
2025-03-04 12:07:30,249 - INTERNAL - System Time: 2025-03-04 12:07:30.249387, Logical Clock: 273
2025-03-04 12:07:30,419 - SEND - System Time: 2025-03-04 12:07:30.419461, Logical Clock: 274, To: Machine on port 10001
2025-03-04 12:07:30,591 - INTERNAL - System Time: 2025-03-04 12:07:30.591558, Logical Clock: 275
2025-03-04 12:07:30,762 - INTERNAL - System Time: 2025-03-04 12:07:30.762447, Logical Clock: 276
2025-03-04 12:07:30,930 - INTERNAL - System Time: 2025-03-04 12:07:30.930633, Logical Clock: 277
2025-03-04 12:07:31,099 - INTERNAL - System Time: 2025-03-04 12:07:31.098772, Logical Clock: 278
2025-03-04 12:07:31,268 - INTERNAL - System Time: 2025-03-04 12:07:31.268030, Logical Clock: 279
2025-03-04 12:07:31,441 - INTERNAL - System Time: 2025-03-04 12:07:31.441311, Logical Clock: 280
2025-03-04 12:07:31,610 - INTERNAL - System Time: 2025-03-04 12:07:31.609705, Logical Clock: 281
2025-03-04 12:07:31,781 - INTERNAL - System Time: 2025-03-04 12:07:31.781127, Logical Clock: 282
2025-03-04 12:07:31,952 - INTERNAL - System Time: 2025-03-04 12:07:31.951961, Logical Clock: 283
2025-03-04 12:07:32,121 - INTERNAL - System Time: 2025-03-04 12:07:32.121135, Logical Clock: 284
2025-03-04 12:07:32,292 - SEND - System Time: 2025-03-04 12:07:32.292114, Logical Clock: 285, To: Machine on port 10001
2025-03-04 12:07:32,464 - INTERNAL - System Time: 2025-03-04 12:07:32.464005, Logical Clock: 286
2025-03-04 12:07:32,635 - INTERNAL - System Time: 2025-03-04 12:07:32.635834, Logical Clock: 287
2025-03-04 12:07:32,806 - SEND - System Time: 2025-03-04 12:07:32.806598, Logical Clock: 288, To: Machine on port 10000
2025-03-04 12:07:32,982 - SEND - System Time: 2025-03-04 12:07:32.982161, Logical Clock: 289, To: Machine on port 10001
2025-03-04 12:07:33,154 - INTERNAL - System Time: 2025-03-04 12:07:33.153871, Logical Clock: 290
2025-03-04 12:07:33,325 - INTERNAL - System Time: 2025-03-04 12:07:33.325001, Logical Clock: 291
2025-03-04 12:07:33,494 - INTERNAL - System Time: 2025-03-04 12:07:33.494403, Logical Clock: 292
2025-03-04 12:07:33,662 - INTERNAL - System Time: 2025-03-04 12:07:33.661967, Logical Clock: 293
2025-03-04 12:07:33,830 - INTERNAL - System Time: 2025-03-04 12:07:33.829997, Logical Clock: 294
2025-03-04 12:07:33,998 - INTERNAL - System Time: 2025-03-04 12:07:33.998130, Logical Clock: 295
2025-03-04 12:07:34,171 - INTERNAL - System Time: 2025-03-04 12:07:34.171268, Logical Clock: 296
2025-03-04 12:07:34,340 - RECEIVE - System Time: 2025-03-04 12:07:34.340744, Logical Clock: 297, Queue Length: 0, From: Machine 1
2025-03-04 12:07:34,509 - RECEIVE - System Time: 2025-03-04 12:07:34.509749, Logical Clock: 298, Queue Length: 0, From: Machine 1
2025-03-04 12:07:34,680 - INTERNAL - System Time: 2025-03-04 12:07:34.679787, Logical Clock: 299
2025-03-04 12:07:34,851 - INTERNAL - System Time: 2025-03-04 12:07:34.851105, Logical Clock: 300
2025-03-04 12:07:35,020 - INTERNAL - System Time: 2025-03-04 12:07:35.020296, Logical Clock: 301
2025-03-04 12:07:35,192 - SEND - System Time: 2025-03-04 12:07:35.192454, Logical Clock: 302, To: Machine on port 10001
2025-03-04 12:07:35,360 - INTERNAL - System Time: 2025-03-04 12:07:35.360689, Logical Clock: 303
2025-03-04 12:07:35,532 - INTERNAL - System Time: 2025-03-04 12:07:35.532116, Logical Clock: 304
2025-03-04 12:07:35,703 - INTERNAL - System Time: 2025-03-04 12:07:35.703079, Logical Clock: 305
2025-03-04 12:07:35,871 - RECEIVE - System Time: 2025-03-04 12:07:35.871553, Logical Clock: 306, Queue Length: 0, From: Machine 1
2025-03-04 12:07:36,043 - RECEIVE - System Time: 2025-03-04 12:07:36.043743, Logical Clock: 307, Queue Length: 0, From: Machine 1
2025-03-04 12:07:36,213 - INTERNAL - System Time: 2025-03-04 12:07:36.213628, Logical Clock: 308
2025-03-04 12:07:36,385 - INTERNAL - System Time: 2025-03-04 12:07:36.385408, Logical Clock: 309
2025-03-04 12:07:36,557 - INTERNAL - System Time: 2025-03-04 12:07:36.557288, Logical Clock: 310
2025-03-04 12:07:36,729 - INTERNAL - System Time: 2025-03-04 12:07:36.729334, Logical Clock: 311
2025-03-04 12:07:36,900 - INTERNAL - System Time: 2025-03-04 12:07:36.900565, Logical Clock: 312
2025-03-04 12:07:37,070 - RECEIVE - System Time: 2025-03-04 12:07:37.069948, Logical Clock: 313, Queue Length: 0, From: Machine 1
2025-03-04 12:07:37,237 - INTERNAL - System Time: 2025-03-04 12:07:37.237409, Logical Clock: 314
2025-03-04 12:07:37,407 - INTERNAL - System Time: 2025-03-04 12:07:37.407427, Logical Clock: 315
2025-03-04 12:07:37,580 - INTERNAL - System Time: 2025-03-04 12:07:37.579972, Logical Clock: 316
2025-03-04 12:07:37,750 - INTERNAL - System Time: 2025-03-04 12:07:37.750608, Logical Clock: 317
2025-03-04 12:07:37,921 - INTERNAL - System Time: 2025-03-04 12:07:37.921324, Logical Clock: 318
2025-03-04 12:07:38,091 - INTERNAL - System Time: 2025-03-04 12:07:38.091767, Logical Clock: 319
2025-03-04 12:07:38,264 - INTERNAL - System Time: 2025-03-04 12:07:38.263835, Logical Clock: 320
2025-03-04 12:07:38,434 - INTERNAL - System Time: 2025-03-04 12:07:38.433986, Logical Clock: 321
2025-03-04 12:07:38,603 - INTERNAL - System Time: 2025-03-04 12:07:38.603851, Logical Clock: 322
2025-03-04 12:07:38,776 - INTERNAL - System Time: 2025-03-04 12:07:38.775950, Logical Clock: 323
2025-03-04 12:07:38,945 - SEND - System Time: 2025-03-04 12:07:38.945288, Logical Clock: 324, To: Machine on port 10000
2025-03-04 12:07:39,113 - INTERNAL - System Time: 2025-03-04 12:07:39.113408, Logical Clock: 325
2025-03-04 12:07:39,286 - SEND - System Time: 2025-03-04 12:07:39.286124, Logical Clock: 326, To: Machine on port 10000
2025-03-04 12:07:39,454 - INTERNAL - System Time: 2025-03-04 12:07:39.454800, Logical Clock: 327
2025-03-04 12:07:39,627 - SEND - System Time: 2025-03-04 12:07:39.626451, Logical Clock: 328, To: Machine on port 10000
2025-03-04 12:07:39,798 - INTERNAL - System Time: 2025-03-04 12:07:39.798742, Logical Clock: 329
2025-03-04 12:07:39,969 - INTERNAL - System Time: 2025-03-04 12:07:39.969460, Logical Clock: 330
2025-03-04 12:07:40,140 - INTERNAL - System Time: 2025-03-04 12:07:40.140264, Logical Clock: 331
2025-03-04 12:07:40,311 - INTERNAL - System Time: 2025-03-04 12:07:40.311888, Logical Clock: 332
2025-03-04 12:07:40,481 - SEND - System Time: 2025-03-04 12:07:40.480762, Logical Clock: 333, To: Machine on port 10000
2025-03-04 12:07:40,653 - INTERNAL - System Time: 2025-03-04 12:07:40.653011, Logical Clock: 334
2025-03-04 12:07:40,826 - SEND - System Time: 2025-03-04 12:07:40.826232, Logical Clock: 335, To: Machine on port 10000
2025-03-04 12:07:40,998 - SEND - System Time: 2025-03-04 12:07:40.997928, Logical Clock: 336, To: Machine on port 10001
2025-03-04 12:07:41,170 - INTERNAL - System Time: 2025-03-04 12:07:41.169912, Logical Clock: 337
2025-03-04 12:07:41,346 - INTERNAL - System Time: 2025-03-04 12:07:41.346429, Logical Clock: 338
2025-03-04 12:07:41,515 - INTERNAL - System Time: 2025-03-04 12:07:41.515020, Logical Clock: 339
2025-03-04 12:07:41,686 - SEND - System Time: 2025-03-04 12:07:41.686045, Logical Clock: 340, To: Machine on port 10000
2025-03-04 12:07:41,856 - INTERNAL - System Time: 2025-03-04 12:07:41.854937, Logical Clock: 341
2025-03-04 12:07:42,025 - SEND - System Time: 2025-03-04 12:07:42.025469, Logical Clock: 342, To: Machine on port 10001
2025-03-04 12:07:42,193 - INTERNAL - System Time: 2025-03-04 12:07:42.193120, Logical Clock: 343
2025-03-04 12:07:42,364 - INTERNAL - System Time: 2025-03-04 12:07:42.364546, Logical Clock: 344
2025-03-04 12:07:42,535 - SEND - System Time: 2025-03-04 12:07:42.535614, Logical Clock: 345, To: Machine on port 10001
2025-03-04 12:07:42,705 - INTERNAL - System Time: 2025-03-04 12:07:42.705520, Logical Clock: 346
2025-03-04 12:07:42,878 - SEND - System Time: 2025-03-04 12:07:42.877725, Logical Clock: 347, To: Machine on port 10001
2025-03-04 12:07:43,046 - INTERNAL - System Time: 2025-03-04 12:07:43.046575, Logical Clock: 348
2025-03-04 12:07:43,216 - INTERNAL - System Time: 2025-03-04 12:07:43.216589, Logical Clock: 349
2025-03-04 12:07:43,385 - SEND - System Time: 2025-03-04 12:07:43.384991, Logical Clock: 350, To: Machine on port 10001
2025-03-04 12:07:43,553 - INTERNAL - System Time: 2025-03-04 12:07:43.553687, Logical Clock: 351
2025-03-04 12:07:43,722 - INTERNAL - System Time: 2025-03-04 12:07:43.722014, Logical Clock: 352
2025-03-04 12:07:43,889 - INTERNAL - System Time: 2025-03-04 12:07:43.889740, Logical Clock: 353
2025-03-04 12:07:44,058 - INTERNAL - System Time: 2025-03-04 12:07:44.058767, Logical Clock: 354
2025-03-04 12:07:44,237 - INTERNAL - System Time: 2025-03-04 12:07:44.236853, Logical Clock: 355
2025-03-04 12:07:44,410 - SEND - System Time: 2025-03-04 12:07:44.409829, Logical Clock: 356, To: Machine on port 10001
