2025-03-02 07:47:02,545 - Virtual Machine 3 initialized
2025-03-02 07:47:02,545 - Clock Rate: 5 ticks/second
2025-03-02 07:47:02,545 - Listening on port: 10002
2025-03-02 07:47:02,545 - Peer ports: [10000, 10001]
2025-03-02 07:47:02,546 - Network initialization completed
2025-03-02 07:47:02,546 - Starting main event loop
2025-03-02 07:47:02,546 - Clock rate: 5 ticks/second
2025-03-02 07:47:02,546 - INTERNAL - System Time: 2025-03-02 07:47:02.546206, Logical Clock: 1
2025-03-02 07:47:02,747 - INTERNAL - System Time: 2025-03-02 07:47:02.747214, Logical Clock: 2
2025-03-02 07:47:02,765 - Accepted connection from ('127.0.0.1', 49753)
2025-03-02 07:47:02,953 - No connection to port 10001
2025-03-02 07:47:03,084 - Accepted connection from ('127.0.0.1', 49754)
2025-03-02 07:47:03,158 - INTERNAL - System Time: 2025-03-02 07:47:03.157962, Logical Clock: 4
2025-03-02 07:47:03,361 - INTERNAL - System Time: 2025-03-02 07:47:03.361424, Logical Clock: 5
2025-03-02 07:47:03,561 - INTERNAL - System Time: 2025-03-02 07:47:03.561790, Logical Clock: 6
2025-03-02 07:47:03,767 - INTERNAL - System Time: 2025-03-02 07:47:03.767381, Logical Clock: 7
2025-03-02 07:47:03,969 - No connection to port 10001
2025-03-02 07:47:04,175 - INTERNAL - System Time: 2025-03-02 07:47:04.175065, Logical Clock: 9
2025-03-02 07:47:04,380 - No connection to port 10000
2025-03-02 07:47:04,585 - INTERNAL - System Time: 2025-03-02 07:47:04.585313, Logical Clock: 11
2025-03-02 07:47:04,786 - No connection to port 10001
2025-03-02 07:47:04,992 - INTERNAL - System Time: 2025-03-02 07:47:04.992192, Logical Clock: 13
2025-03-02 07:47:05,195 - INTERNAL - System Time: 2025-03-02 07:47:05.195115, Logical Clock: 14
2025-03-02 07:47:05,398 - INTERNAL - System Time: 2025-03-02 07:47:05.397914, Logical Clock: 15
2025-03-02 07:47:05,598 - INTERNAL - System Time: 2025-03-02 07:47:05.598762, Logical Clock: 16
2025-03-02 07:47:05,804 - INTERNAL - System Time: 2025-03-02 07:47:05.804067, Logical Clock: 17
2025-03-02 07:47:06,009 - INTERNAL - System Time: 2025-03-02 07:47:06.008992, Logical Clock: 18
2025-03-02 07:47:06,213 - RECEIVE - System Time: 2025-03-02 07:47:06.212959, Logical Clock: 19, Queue Length: 0, From: Machine 2
2025-03-02 07:47:06,416 - RECEIVE - System Time: 2025-03-02 07:47:06.416518, Logical Clock: 20, Queue Length: 0, From: Machine 2
2025-03-02 07:47:06,621 - INTERNAL - System Time: 2025-03-02 07:47:06.621270, Logical Clock: 21
2025-03-02 07:47:06,826 - No connection to port 10000
2025-03-02 07:47:07,029 - INTERNAL - System Time: 2025-03-02 07:47:07.029667, Logical Clock: 23
2025-03-02 07:47:07,235 - No connection to port 10001
2025-03-02 07:47:07,438 - INTERNAL - System Time: 2025-03-02 07:47:07.437851, Logical Clock: 25
2025-03-02 07:47:07,643 - INTERNAL - System Time: 2025-03-02 07:47:07.643485, Logical Clock: 26
2025-03-02 07:47:07,848 - No connection to port 10000
2025-03-02 07:47:08,053 - INTERNAL - System Time: 2025-03-02 07:47:08.053434, Logical Clock: 28
2025-03-02 07:47:08,256 - RECEIVE - System Time: 2025-03-02 07:47:08.256120, Logical Clock: 29, Queue Length: 0, From: Machine 2
2025-03-02 07:47:08,459 - INTERNAL - System Time: 2025-03-02 07:47:08.459273, Logical Clock: 30
2025-03-02 07:47:08,663 - INTERNAL - System Time: 2025-03-02 07:47:08.663374, Logical Clock: 31
2025-03-02 07:47:08,865 - RECEIVE - System Time: 2025-03-02 07:47:08.865418, Logical Clock: 32, Queue Length: 0, From: Machine 2
2025-03-02 07:47:09,066 - No connection to port 10001
2025-03-02 07:47:09,269 - RECEIVE - System Time: 2025-03-02 07:47:09.269136, Logical Clock: 34, Queue Length: 0, From: Machine 2
2025-03-02 07:47:09,470 - RECEIVE - System Time: 2025-03-02 07:47:09.469869, Logical Clock: 35, Queue Length: 0, From: Machine 1
2025-03-02 07:47:09,670 - INTERNAL - System Time: 2025-03-02 07:47:09.670368, Logical Clock: 36
2025-03-02 07:47:09,875 - INTERNAL - System Time: 2025-03-02 07:47:09.875674, Logical Clock: 37
2025-03-02 07:47:10,078 - INTERNAL - System Time: 2025-03-02 07:47:10.078258, Logical Clock: 38
2025-03-02 07:47:10,279 - No connection to port 10001
2025-03-02 07:47:10,481 - RECEIVE - System Time: 2025-03-02 07:47:10.481098, Logical Clock: 40, Queue Length: 0, From: Machine 1
2025-03-02 07:47:10,684 - INTERNAL - System Time: 2025-03-02 07:47:10.684617, Logical Clock: 41
2025-03-02 07:47:10,886 - INTERNAL - System Time: 2025-03-02 07:47:10.885934, Logical Clock: 42
2025-03-02 07:47:11,090 - No connection to port 10000
2025-03-02 07:47:11,295 - RECEIVE - System Time: 2025-03-02 07:47:11.295471, Logical Clock: 44, Queue Length: 0, From: Machine 2
2025-03-02 07:47:11,497 - INTERNAL - System Time: 2025-03-02 07:47:11.496825, Logical Clock: 45
2025-03-02 07:47:11,701 - INTERNAL - System Time: 2025-03-02 07:47:11.701802, Logical Clock: 46
2025-03-02 07:47:11,903 - INTERNAL - System Time: 2025-03-02 07:47:11.903550, Logical Clock: 47
2025-03-02 07:47:12,109 - INTERNAL - System Time: 2025-03-02 07:47:12.108886, Logical Clock: 48
2025-03-02 07:47:12,311 - RECEIVE - System Time: 2025-03-02 07:47:12.311781, Logical Clock: 49, Queue Length: 0, From: Machine 2
2025-03-02 07:47:12,516 - INTERNAL - System Time: 2025-03-02 07:47:12.515888, Logical Clock: 50
2025-03-02 07:47:12,718 - No connection to port 10000
2025-03-02 07:47:12,719 - No connection to port 10001
2025-03-02 07:47:12,921 - No connection to port 10001
2025-03-02 07:47:13,124 - INTERNAL - System Time: 2025-03-02 07:47:13.124182, Logical Clock: 53
2025-03-02 07:47:13,329 - RECEIVE - System Time: 2025-03-02 07:47:13.329048, Logical Clock: 54, Queue Length: 0, From: Machine 2
2025-03-02 07:47:13,534 - INTERNAL - System Time: 2025-03-02 07:47:13.534389, Logical Clock: 55
2025-03-02 07:47:13,739 - INTERNAL - System Time: 2025-03-02 07:47:13.739526, Logical Clock: 56
2025-03-02 07:47:13,943 - No connection to port 10000
2025-03-02 07:47:13,943 - No connection to port 10001
2025-03-02 07:47:14,148 - INTERNAL - System Time: 2025-03-02 07:47:14.148542, Logical Clock: 58
2025-03-02 07:47:14,350 - INTERNAL - System Time: 2025-03-02 07:47:14.350152, Logical Clock: 59
2025-03-02 07:47:14,553 - No connection to port 10001
2025-03-02 07:47:14,758 - INTERNAL - System Time: 2025-03-02 07:47:14.757738, Logical Clock: 61
2025-03-02 07:47:14,961 - RECEIVE - System Time: 2025-03-02 07:47:14.961172, Logical Clock: 62, Queue Length: 0, From: Machine 2
2025-03-02 07:47:15,166 - No connection to port 10001
2025-03-02 07:47:15,372 - INTERNAL - System Time: 2025-03-02 07:47:15.371790, Logical Clock: 64
2025-03-02 07:47:15,577 - INTERNAL - System Time: 2025-03-02 07:47:15.576658, Logical Clock: 65
2025-03-02 07:47:15,783 - INTERNAL - System Time: 2025-03-02 07:47:15.782928, Logical Clock: 66
2025-03-02 07:47:15,988 - INTERNAL - System Time: 2025-03-02 07:47:15.987962, Logical Clock: 67
2025-03-02 07:47:16,193 - INTERNAL - System Time: 2025-03-02 07:47:16.193140, Logical Clock: 68
2025-03-02 07:47:16,398 - RECEIVE - System Time: 2025-03-02 07:47:16.397987, Logical Clock: 69, Queue Length: 0, From: Machine 1
2025-03-02 07:47:16,603 - No connection to port 10001
2025-03-02 07:47:16,805 - No connection to port 10001
2025-03-02 07:47:17,009 - INTERNAL - System Time: 2025-03-02 07:47:17.009644, Logical Clock: 72
2025-03-02 07:47:17,210 - INTERNAL - System Time: 2025-03-02 07:47:17.210580, Logical Clock: 73
2025-03-02 07:47:17,414 - INTERNAL - System Time: 2025-03-02 07:47:17.414264, Logical Clock: 74
2025-03-02 07:47:17,616 - INTERNAL - System Time: 2025-03-02 07:47:17.616419, Logical Clock: 75
2025-03-02 07:47:17,821 - INTERNAL - System Time: 2025-03-02 07:47:17.821742, Logical Clock: 76
2025-03-02 07:47:18,026 - INTERNAL - System Time: 2025-03-02 07:47:18.026159, Logical Clock: 77
2025-03-02 07:47:18,231 - INTERNAL - System Time: 2025-03-02 07:47:18.231478, Logical Clock: 78
2025-03-02 07:47:18,436 - RECEIVE - System Time: 2025-03-02 07:47:18.436393, Logical Clock: 79, Queue Length: 0, From: Machine 2
2025-03-02 07:47:18,638 - No connection to port 10000
2025-03-02 07:47:18,838 - INTERNAL - System Time: 2025-03-02 07:47:18.838313, Logical Clock: 81
2025-03-02 07:47:19,040 - No connection to port 10000
2025-03-02 07:47:19,245 - No connection to port 10000
2025-03-02 07:47:19,451 - RECEIVE - System Time: 2025-03-02 07:47:19.451235, Logical Clock: 84, Queue Length: 0, From: Machine 1
2025-03-02 07:47:19,654 - INTERNAL - System Time: 2025-03-02 07:47:19.654514, Logical Clock: 85
2025-03-02 07:47:19,860 - INTERNAL - System Time: 2025-03-02 07:47:19.860383, Logical Clock: 86
2025-03-02 07:47:20,065 - RECEIVE - System Time: 2025-03-02 07:47:20.065536, Logical Clock: 87, Queue Length: 0, From: Machine 1
2025-03-02 07:47:20,271 - No connection to port 10000
2025-03-02 07:47:20,271 - No connection to port 10001
2025-03-02 07:47:20,475 - INTERNAL - System Time: 2025-03-02 07:47:20.475521, Logical Clock: 89
2025-03-02 07:47:20,680 - INTERNAL - System Time: 2025-03-02 07:47:20.679774, Logical Clock: 90
2025-03-02 07:47:20,884 - RECEIVE - System Time: 2025-03-02 07:47:20.884348, Logical Clock: 91, Queue Length: 0, From: Machine 2
2025-03-02 07:47:21,085 - No connection to port 10000
2025-03-02 07:47:21,085 - No connection to port 10001
2025-03-02 07:47:21,290 - No connection to port 10001
2025-03-02 07:47:21,496 - INTERNAL - System Time: 2025-03-02 07:47:21.496672, Logical Clock: 94
2025-03-02 07:47:21,702 - INTERNAL - System Time: 2025-03-02 07:47:21.702546, Logical Clock: 95
2025-03-02 07:47:21,907 - No connection to port 10000
2025-03-02 07:47:21,908 - No connection to port 10001
2025-03-02 07:47:22,112 - No connection to port 10001
2025-03-02 07:47:22,317 - No connection to port 10000
2025-03-02 07:47:22,318 - No connection to port 10001
2025-03-02 07:47:22,519 - INTERNAL - System Time: 2025-03-02 07:47:22.519226, Logical Clock: 99
2025-03-02 07:47:22,723 - INTERNAL - System Time: 2025-03-02 07:47:22.723651, Logical Clock: 100
2025-03-02 07:47:22,929 - INTERNAL - System Time: 2025-03-02 07:47:22.929060, Logical Clock: 101
2025-03-02 07:47:23,130 - INTERNAL - System Time: 2025-03-02 07:47:23.130143, Logical Clock: 102
2025-03-02 07:47:23,333 - INTERNAL - System Time: 2025-03-02 07:47:23.333209, Logical Clock: 103
2025-03-02 07:47:23,537 - No connection to port 10000
2025-03-02 07:47:23,742 - No connection to port 10000
2025-03-02 07:47:23,943 - No connection to port 10000
2025-03-02 07:47:24,147 - INTERNAL - System Time: 2025-03-02 07:47:24.146980, Logical Clock: 107
2025-03-02 07:47:24,358 - RECEIVE - System Time: 2025-03-02 07:47:24.358112, Logical Clock: 108, Queue Length: 0, From: Machine 2
2025-03-02 07:47:24,562 - INTERNAL - System Time: 2025-03-02 07:47:24.562467, Logical Clock: 109
2025-03-02 07:47:24,764 - INTERNAL - System Time: 2025-03-02 07:47:24.764457, Logical Clock: 110
2025-03-02 07:47:24,969 - No connection to port 10001
2025-03-02 07:47:25,171 - INTERNAL - System Time: 2025-03-02 07:47:25.171346, Logical Clock: 112
2025-03-02 07:47:25,372 - INTERNAL - System Time: 2025-03-02 07:47:25.372177, Logical Clock: 113
2025-03-02 07:47:25,578 - No connection to port 10001
2025-03-02 07:47:25,783 - RECEIVE - System Time: 2025-03-02 07:47:25.783567, Logical Clock: 115, Queue Length: 0, From: Machine 2
2025-03-02 07:47:25,987 - No connection to port 10000
2025-03-02 07:47:25,987 - No connection to port 10001
2025-03-02 07:47:26,188 - No connection to port 10000
2025-03-02 07:47:26,393 - INTERNAL - System Time: 2025-03-02 07:47:26.393382, Logical Clock: 118
2025-03-02 07:47:26,599 - INTERNAL - System Time: 2025-03-02 07:47:26.598890, Logical Clock: 119
2025-03-02 07:47:26,801 - INTERNAL - System Time: 2025-03-02 07:47:26.801401, Logical Clock: 120
2025-03-02 07:47:27,003 - INTERNAL - System Time: 2025-03-02 07:47:27.003075, Logical Clock: 121
2025-03-02 07:47:27,204 - INTERNAL - System Time: 2025-03-02 07:47:27.204536, Logical Clock: 122
2025-03-02 07:47:27,408 - INTERNAL - System Time: 2025-03-02 07:47:27.407795, Logical Clock: 123
2025-03-02 07:47:27,611 - INTERNAL - System Time: 2025-03-02 07:47:27.611640, Logical Clock: 124
2025-03-02 07:47:27,814 - INTERNAL - System Time: 2025-03-02 07:47:27.814265, Logical Clock: 125
2025-03-02 07:47:28,016 - RECEIVE - System Time: 2025-03-02 07:47:28.016106, Logical Clock: 126, Queue Length: 0, From: Machine 2
2025-03-02 07:47:28,218 - No connection to port 10000
2025-03-02 07:47:28,419 - INTERNAL - System Time: 2025-03-02 07:47:28.419160, Logical Clock: 128
2025-03-02 07:47:28,622 - RECEIVE - System Time: 2025-03-02 07:47:28.621997, Logical Clock: 129, Queue Length: 0, From: Machine 1
2025-03-02 07:47:28,826 - No connection to port 10000
2025-03-02 07:47:29,027 - INTERNAL - System Time: 2025-03-02 07:47:29.027192, Logical Clock: 131
2025-03-02 07:47:29,229 - No connection to port 10000
2025-03-02 07:47:29,431 - INTERNAL - System Time: 2025-03-02 07:47:29.430771, Logical Clock: 133
2025-03-02 07:47:29,636 - INTERNAL - System Time: 2025-03-02 07:47:29.635833, Logical Clock: 134
2025-03-02 07:47:29,837 - RECEIVE - System Time: 2025-03-02 07:47:29.837041, Logical Clock: 135, Queue Length: 0, From: Machine 2
2025-03-02 07:47:30,039 - RECEIVE - System Time: 2025-03-02 07:47:30.039709, Logical Clock: 136, Queue Length: 1, From: Machine 1
2025-03-02 07:47:30,241 - RECEIVE - System Time: 2025-03-02 07:47:30.241116, Logical Clock: 137, Queue Length: 0, From: Machine 2
2025-03-02 07:47:30,444 - INTERNAL - System Time: 2025-03-02 07:47:30.444322, Logical Clock: 138
2025-03-02 07:47:30,649 - INTERNAL - System Time: 2025-03-02 07:47:30.649567, Logical Clock: 139
2025-03-02 07:47:30,852 - No connection to port 10000
2025-03-02 07:47:31,057 - RECEIVE - System Time: 2025-03-02 07:47:31.057395, Logical Clock: 141, Queue Length: 1, From: Machine 1
2025-03-02 07:47:31,265 - RECEIVE - System Time: 2025-03-02 07:47:31.263718, Logical Clock: 142, Queue Length: 0, From: Machine 2
2025-03-02 07:47:31,471 - No connection to port 10000
2025-03-02 07:47:31,471 - No connection to port 10001
2025-03-02 07:47:31,672 - INTERNAL - System Time: 2025-03-02 07:47:31.671859, Logical Clock: 144
2025-03-02 07:47:31,876 - No connection to port 10000
2025-03-02 07:47:32,082 - INTERNAL - System Time: 2025-03-02 07:47:32.082365, Logical Clock: 146
2025-03-02 07:47:32,287 - No connection to port 10000
2025-03-02 07:47:32,287 - No connection to port 10001
2025-03-02 07:47:32,490 - INTERNAL - System Time: 2025-03-02 07:47:32.490604, Logical Clock: 148
2025-03-02 07:47:32,695 - INTERNAL - System Time: 2025-03-02 07:47:32.695480, Logical Clock: 149
2025-03-02 07:47:32,900 - No connection to port 10000
2025-03-02 07:47:33,101 - RECEIVE - System Time: 2025-03-02 07:47:33.101493, Logical Clock: 151, Queue Length: 0, From: Machine 2
2025-03-02 07:47:33,303 - No connection to port 10000
2025-03-02 07:47:33,303 - No connection to port 10001
2025-03-02 07:47:33,504 - INTERNAL - System Time: 2025-03-02 07:47:33.504698, Logical Clock: 153
2025-03-02 07:47:33,706 - INTERNAL - System Time: 2025-03-02 07:47:33.706084, Logical Clock: 154
2025-03-02 07:47:33,907 - No connection to port 10000
2025-03-02 07:47:34,111 - INTERNAL - System Time: 2025-03-02 07:47:34.111564, Logical Clock: 156
2025-03-02 07:47:34,313 - INTERNAL - System Time: 2025-03-02 07:47:34.313274, Logical Clock: 157
2025-03-02 07:47:34,514 - INTERNAL - System Time: 2025-03-02 07:47:34.514430, Logical Clock: 158
2025-03-02 07:47:34,719 - INTERNAL - System Time: 2025-03-02 07:47:34.719631, Logical Clock: 159
2025-03-02 07:47:34,925 - INTERNAL - System Time: 2025-03-02 07:47:34.924960, Logical Clock: 160
2025-03-02 07:47:35,128 - RECEIVE - System Time: 2025-03-02 07:47:35.128756, Logical Clock: 161, Queue Length: 0, From: Machine 2
2025-03-02 07:47:35,330 - INTERNAL - System Time: 2025-03-02 07:47:35.330623, Logical Clock: 162
2025-03-02 07:47:35,535 - RECEIVE - System Time: 2025-03-02 07:47:35.535531, Logical Clock: 163, Queue Length: 0, From: Machine 1
2025-03-02 07:47:35,741 - INTERNAL - System Time: 2025-03-02 07:47:35.741413, Logical Clock: 164
2025-03-02 07:47:35,943 - No connection to port 10000
2025-03-02 07:47:36,147 - No connection to port 10001
2025-03-02 07:47:36,351 - INTERNAL - System Time: 2025-03-02 07:47:36.351498, Logical Clock: 167
2025-03-02 07:47:36,557 - INTERNAL - System Time: 2025-03-02 07:47:36.557105, Logical Clock: 168
2025-03-02 07:47:36,762 - No connection to port 10001
2025-03-02 07:47:36,965 - INTERNAL - System Time: 2025-03-02 07:47:36.965609, Logical Clock: 170
2025-03-02 07:47:37,171 - INTERNAL - System Time: 2025-03-02 07:47:37.171096, Logical Clock: 171
2025-03-02 07:47:37,372 - No connection to port 10001
2025-03-02 07:47:37,578 - INTERNAL - System Time: 2025-03-02 07:47:37.577955, Logical Clock: 173
2025-03-02 07:47:37,779 - INTERNAL - System Time: 2025-03-02 07:47:37.779222, Logical Clock: 174
2025-03-02 07:47:37,982 - INTERNAL - System Time: 2025-03-02 07:47:37.981916, Logical Clock: 175
2025-03-02 07:47:38,186 - RECEIVE - System Time: 2025-03-02 07:47:38.186042, Logical Clock: 176, Queue Length: 0, From: Machine 1
2025-03-02 07:47:38,390 - No connection to port 10000
2025-03-02 07:47:38,390 - No connection to port 10001
2025-03-02 07:47:38,594 - INTERNAL - System Time: 2025-03-02 07:47:38.593983, Logical Clock: 178
2025-03-02 07:47:38,797 - RECEIVE - System Time: 2025-03-02 07:47:38.797238, Logical Clock: 179, Queue Length: 0, From: Machine 2
2025-03-02 07:47:39,002 - INTERNAL - System Time: 2025-03-02 07:47:39.002627, Logical Clock: 180
2025-03-02 07:47:39,205 - No connection to port 10000
2025-03-02 07:47:39,205 - No connection to port 10001
2025-03-02 07:47:39,410 - No connection to port 10001
2025-03-02 07:47:39,615 - INTERNAL - System Time: 2025-03-02 07:47:39.615145, Logical Clock: 183
2025-03-02 07:47:39,818 - INTERNAL - System Time: 2025-03-02 07:47:39.818823, Logical Clock: 184
2025-03-02 07:47:40,023 - INTERNAL - System Time: 2025-03-02 07:47:40.022953, Logical Clock: 185
2025-03-02 07:47:40,227 - INTERNAL - System Time: 2025-03-02 07:47:40.227140, Logical Clock: 186
2025-03-02 07:47:40,431 - INTERNAL - System Time: 2025-03-02 07:47:40.431126, Logical Clock: 187
2025-03-02 07:47:40,636 - RECEIVE - System Time: 2025-03-02 07:47:40.636481, Logical Clock: 188, Queue Length: 0, From: Machine 1
2025-03-02 07:47:40,839 - No connection to port 10000
2025-03-02 07:47:41,040 - RECEIVE - System Time: 2025-03-02 07:47:41.040645, Logical Clock: 190, Queue Length: 0, From: Machine 2
2025-03-02 07:47:41,246 - INTERNAL - System Time: 2025-03-02 07:47:41.246067, Logical Clock: 191
2025-03-02 07:47:41,447 - INTERNAL - System Time: 2025-03-02 07:47:41.447291, Logical Clock: 192
2025-03-02 07:47:41,653 - RECEIVE - System Time: 2025-03-02 07:47:41.653210, Logical Clock: 193, Queue Length: 0, From: Machine 1
2025-03-02 07:47:41,854 - INTERNAL - System Time: 2025-03-02 07:47:41.853918, Logical Clock: 194
2025-03-02 07:47:42,056 - INTERNAL - System Time: 2025-03-02 07:47:42.056384, Logical Clock: 195
2025-03-02 07:47:42,261 - RECEIVE - System Time: 2025-03-02 07:47:42.261662, Logical Clock: 196, Queue Length: 0, From: Machine 1
2025-03-02 07:47:42,463 - No connection to port 10001
2025-03-02 07:47:42,664 - INTERNAL - System Time: 2025-03-02 07:47:42.664325, Logical Clock: 198
2025-03-02 07:47:42,866 - No connection to port 10001
2025-03-02 07:47:43,069 - INTERNAL - System Time: 2025-03-02 07:47:43.068840, Logical Clock: 200
2025-03-02 07:47:43,271 - No connection to port 10000
2025-03-02 07:47:43,271 - No connection to port 10001
2025-03-02 07:47:43,473 - INTERNAL - System Time: 2025-03-02 07:47:43.473480, Logical Clock: 202
2025-03-02 07:47:43,678 - INTERNAL - System Time: 2025-03-02 07:47:43.677984, Logical Clock: 203
2025-03-02 07:47:43,881 - No connection to port 10000
2025-03-02 07:47:44,086 - INTERNAL - System Time: 2025-03-02 07:47:44.086352, Logical Clock: 205
2025-03-02 07:47:44,288 - INTERNAL - System Time: 2025-03-02 07:47:44.288870, Logical Clock: 206
2025-03-02 07:47:44,494 - INTERNAL - System Time: 2025-03-02 07:47:44.494225, Logical Clock: 207
2025-03-02 07:47:44,697 - No connection to port 10000
2025-03-02 07:47:44,900 - INTERNAL - System Time: 2025-03-02 07:47:44.900822, Logical Clock: 209
2025-03-02 07:47:45,106 - INTERNAL - System Time: 2025-03-02 07:47:45.105999, Logical Clock: 210
2025-03-02 07:47:45,311 - INTERNAL - System Time: 2025-03-02 07:47:45.311199, Logical Clock: 211
2025-03-02 07:47:45,514 - RECEIVE - System Time: 2025-03-02 07:47:45.514580, Logical Clock: 212, Queue Length: 0, From: Machine 2
2025-03-02 07:47:45,720 - INTERNAL - System Time: 2025-03-02 07:47:45.719849, Logical Clock: 213
2025-03-02 07:47:45,923 - RECEIVE - System Time: 2025-03-02 07:47:45.923196, Logical Clock: 214, Queue Length: 0, From: Machine 2
2025-03-02 07:47:46,128 - INTERNAL - System Time: 2025-03-02 07:47:46.128498, Logical Clock: 215
2025-03-02 07:47:46,334 - No connection to port 10000
2025-03-02 07:47:46,538 - INTERNAL - System Time: 2025-03-02 07:47:46.538256, Logical Clock: 217
2025-03-02 07:47:46,743 - INTERNAL - System Time: 2025-03-02 07:47:46.743627, Logical Clock: 218
2025-03-02 07:47:46,944 - INTERNAL - System Time: 2025-03-02 07:47:46.944687, Logical Clock: 219
2025-03-02 07:47:47,149 - RECEIVE - System Time: 2025-03-02 07:47:47.149894, Logical Clock: 220, Queue Length: 0, From: Machine 1
2025-03-02 07:47:47,357 - INTERNAL - System Time: 2025-03-02 07:47:47.357426, Logical Clock: 221
2025-03-02 07:47:47,558 - No connection to port 10000
2025-03-02 07:47:47,558 - No connection to port 10001
2025-03-02 07:47:47,763 - No connection to port 10001
2025-03-02 07:47:47,968 - INTERNAL - System Time: 2025-03-02 07:47:47.968654, Logical Clock: 224
2025-03-02 07:47:48,170 - INTERNAL - System Time: 2025-03-02 07:47:48.170887, Logical Clock: 225
2025-03-02 07:47:48,374 - INTERNAL - System Time: 2025-03-02 07:47:48.373964, Logical Clock: 226
2025-03-02 07:47:48,579 - INTERNAL - System Time: 2025-03-02 07:47:48.579230, Logical Clock: 227
2025-03-02 07:47:48,783 - INTERNAL - System Time: 2025-03-02 07:47:48.783064, Logical Clock: 228
2025-03-02 07:47:48,985 - No connection to port 10000
2025-03-02 07:47:48,985 - No connection to port 10001
2025-03-02 07:47:49,191 - INTERNAL - System Time: 2025-03-02 07:47:49.191065, Logical Clock: 230
2025-03-02 07:47:49,396 - INTERNAL - System Time: 2025-03-02 07:47:49.396347, Logical Clock: 231
2025-03-02 07:47:49,598 - RECEIVE - System Time: 2025-03-02 07:47:49.598422, Logical Clock: 232, Queue Length: 0, From: Machine 2
2025-03-02 07:47:49,799 - RECEIVE - System Time: 2025-03-02 07:47:49.799530, Logical Clock: 233, Queue Length: 0, From: Machine 2
2025-03-02 07:47:50,001 - INTERNAL - System Time: 2025-03-02 07:47:50.001308, Logical Clock: 234
2025-03-02 07:47:50,203 - RECEIVE - System Time: 2025-03-02 07:47:50.203454, Logical Clock: 235, Queue Length: 0, From: Machine 2
2025-03-02 07:47:50,404 - INTERNAL - System Time: 2025-03-02 07:47:50.404370, Logical Clock: 236
2025-03-02 07:47:50,606 - INTERNAL - System Time: 2025-03-02 07:47:50.606213, Logical Clock: 237
2025-03-02 07:47:50,809 - INTERNAL - System Time: 2025-03-02 07:47:50.809414, Logical Clock: 238
2025-03-02 07:47:51,019 - RECEIVE - System Time: 2025-03-02 07:47:51.018453, Logical Clock: 239, Queue Length: 0, From: Machine 2
2025-03-02 07:47:51,224 - INTERNAL - System Time: 2025-03-02 07:47:51.224104, Logical Clock: 240
2025-03-02 07:47:51,427 - No connection to port 10000
2025-03-02 07:47:51,633 - No connection to port 10000
2025-03-02 07:47:51,633 - No connection to port 10001
2025-03-02 07:47:51,838 - RECEIVE - System Time: 2025-03-02 07:47:51.838450, Logical Clock: 243, Queue Length: 1, From: Machine 1
2025-03-02 07:47:52,040 - RECEIVE - System Time: 2025-03-02 07:47:52.040578, Logical Clock: 244, Queue Length: 0, From: Machine 2
2025-03-02 07:47:52,246 - INTERNAL - System Time: 2025-03-02 07:47:52.245880, Logical Clock: 245
2025-03-02 07:47:52,448 - RECEIVE - System Time: 2025-03-02 07:47:52.448189, Logical Clock: 246, Queue Length: 0, From: Machine 2
2025-03-02 07:47:52,653 - RECEIVE - System Time: 2025-03-02 07:47:52.653651, Logical Clock: 247, Queue Length: 0, From: Machine 2
2025-03-02 07:47:52,855 - RECEIVE - System Time: 2025-03-02 07:47:52.855719, Logical Clock: 248, Queue Length: 0, From: Machine 2
2025-03-02 07:47:53,060 - INTERNAL - System Time: 2025-03-02 07:47:53.060914, Logical Clock: 249
2025-03-02 07:47:53,261 - No connection to port 10000
2025-03-02 07:47:53,261 - No connection to port 10001
2025-03-02 07:47:53,466 - INTERNAL - System Time: 2025-03-02 07:47:53.466697, Logical Clock: 251
2025-03-02 07:47:53,672 - INTERNAL - System Time: 2025-03-02 07:47:53.672557, Logical Clock: 252
2025-03-02 07:47:53,875 - INTERNAL - System Time: 2025-03-02 07:47:53.875693, Logical Clock: 253
2025-03-02 07:47:54,079 - INTERNAL - System Time: 2025-03-02 07:47:54.079605, Logical Clock: 254
2025-03-02 07:47:54,281 - INTERNAL - System Time: 2025-03-02 07:47:54.280861, Logical Clock: 255
2025-03-02 07:47:54,484 - RECEIVE - System Time: 2025-03-02 07:47:54.484060, Logical Clock: 256, Queue Length: 0, From: Machine 2
2025-03-02 07:47:54,689 - No connection to port 10000
2025-03-02 07:47:54,893 - INTERNAL - System Time: 2025-03-02 07:47:54.893922, Logical Clock: 258
2025-03-02 07:47:55,095 - No connection to port 10001
2025-03-02 07:47:55,297 - INTERNAL - System Time: 2025-03-02 07:47:55.297360, Logical Clock: 260
2025-03-02 07:47:55,502 - INTERNAL - System Time: 2025-03-02 07:47:55.502519, Logical Clock: 261
2025-03-02 07:47:55,703 - INTERNAL - System Time: 2025-03-02 07:47:55.702989, Logical Clock: 262
2025-03-02 07:47:55,908 - INTERNAL - System Time: 2025-03-02 07:47:55.908327, Logical Clock: 263
2025-03-02 07:47:56,111 - INTERNAL - System Time: 2025-03-02 07:47:56.111703, Logical Clock: 264
2025-03-02 07:47:56,315 - RECEIVE - System Time: 2025-03-02 07:47:56.315528, Logical Clock: 265, Queue Length: 0, From: Machine 1
2025-03-02 07:47:56,519 - INTERNAL - System Time: 2025-03-02 07:47:56.519693, Logical Clock: 266
2025-03-02 07:47:56,724 - INTERNAL - System Time: 2025-03-02 07:47:56.724884, Logical Clock: 267
2025-03-02 07:47:56,928 - INTERNAL - System Time: 2025-03-02 07:47:56.928005, Logical Clock: 268
2025-03-02 07:47:57,133 - INTERNAL - System Time: 2025-03-02 07:47:57.132895, Logical Clock: 269
2025-03-02 07:47:57,336 - INTERNAL - System Time: 2025-03-02 07:47:57.336333, Logical Clock: 270
2025-03-02 07:47:57,541 - No connection to port 10000
2025-03-02 07:47:57,747 - RECEIVE - System Time: 2025-03-02 07:47:57.746919, Logical Clock: 272, Queue Length: 0, From: Machine 2
2025-03-02 07:47:57,949 - No connection to port 10001
2025-03-02 07:47:58,152 - INTERNAL - System Time: 2025-03-02 07:47:58.151811, Logical Clock: 274
2025-03-02 07:47:58,357 - INTERNAL - System Time: 2025-03-02 07:47:58.357612, Logical Clock: 275
2025-03-02 07:47:58,563 - INTERNAL - System Time: 2025-03-02 07:47:58.562989, Logical Clock: 276
2025-03-02 07:47:58,767 - No connection to port 10000
2025-03-02 07:47:58,768 - No connection to port 10001
2025-03-02 07:47:58,969 - INTERNAL - System Time: 2025-03-02 07:47:58.968901, Logical Clock: 278
2025-03-02 07:47:59,174 - INTERNAL - System Time: 2025-03-02 07:47:59.174499, Logical Clock: 279
2025-03-02 07:47:59,374 - RECEIVE - System Time: 2025-03-02 07:47:59.374836, Logical Clock: 280, Queue Length: 0, From: Machine 1
2025-03-02 07:47:59,580 - INTERNAL - System Time: 2025-03-02 07:47:59.579992, Logical Clock: 281
2025-03-02 07:47:59,785 - RECEIVE - System Time: 2025-03-02 07:47:59.785182, Logical Clock: 282, Queue Length: 0, From: Machine 1
2025-03-02 07:47:59,990 - No connection to port 10001
2025-03-02 07:48:00,191 - INTERNAL - System Time: 2025-03-02 07:48:00.191665, Logical Clock: 284
2025-03-02 07:48:00,396 - INTERNAL - System Time: 2025-03-02 07:48:00.396896, Logical Clock: 285
2025-03-02 07:48:00,598 - RECEIVE - System Time: 2025-03-02 07:48:00.598479, Logical Clock: 286, Queue Length: 0, From: Machine 2
2025-03-02 07:48:00,800 - INTERNAL - System Time: 2025-03-02 07:48:00.800128, Logical Clock: 287
2025-03-02 07:48:01,005 - INTERNAL - System Time: 2025-03-02 07:48:01.005490, Logical Clock: 288
2025-03-02 07:48:01,210 - INTERNAL - System Time: 2025-03-02 07:48:01.209911, Logical Clock: 289
2025-03-02 07:48:01,415 - No connection to port 10000
2025-03-02 07:48:01,416 - No connection to port 10001
2025-03-02 07:48:01,621 - INTERNAL - System Time: 2025-03-02 07:48:01.621185, Logical Clock: 291
2025-03-02 07:48:01,823 - RECEIVE - System Time: 2025-03-02 07:48:01.822973, Logical Clock: 292, Queue Length: 0, From: Machine 1
2025-03-02 07:48:02,024 - RECEIVE - System Time: 2025-03-02 07:48:02.024368, Logical Clock: 293, Queue Length: 0, From: Machine 2
2025-03-02 07:48:02,229 - No connection to port 10000
2025-03-02 07:48:02,229 - No connection to port 10001
2025-03-02 07:48:02,431 - RECEIVE - System Time: 2025-03-02 07:48:02.431320, Logical Clock: 295, Queue Length: 0, From: Machine 2
