2025-03-02 07:47:02,073 - Virtual Machine 2 initialized
2025-03-02 07:47:02,074 - Clock Rate: 4 ticks/second
2025-03-02 07:47:02,074 - Listening on port: 10001
2025-03-02 07:47:02,074 - Peer ports: [10000, 10002]
2025-03-02 07:47:02,765 - Accepted connection from ('127.0.0.1', 49752)
2025-03-02 07:47:03,083 - Connected to peer on port 10002
2025-03-02 07:47:03,084 - Network initialization completed
2025-03-02 07:47:03,084 - Starting main event loop
2025-03-02 07:47:03,084 - Clock rate: 4 ticks/second
2025-03-02 07:47:03,084 - INTERNAL - System Time: 2025-03-02 07:47:03.084334, Logical Clock: 1
2025-03-02 07:47:03,338 - INTERNAL - System Time: 2025-03-02 07:47:03.337954, Logical Clock: 2
2025-03-02 07:47:03,593 - INTERNAL - System Time: 2025-03-02 07:47:03.593207, Logical Clock: 3
2025-03-02 07:47:03,849 - INTERNAL - System Time: 2025-03-02 07:47:03.848834, Logical Clock: 4
2025-03-02 07:47:04,104 - INTERNAL - System Time: 2025-03-02 07:47:04.104085, Logical Clock: 5
2025-03-02 07:47:04,357 - INTERNAL - System Time: 2025-03-02 07:47:04.357318, Logical Clock: 6
2025-03-02 07:47:04,613 - INTERNAL - System Time: 2025-03-02 07:47:04.613006, Logical Clock: 7
2025-03-02 07:47:04,867 - INTERNAL - System Time: 2025-03-02 07:47:04.866819, Logical Clock: 8
2025-03-02 07:47:05,121 - INTERNAL - System Time: 2025-03-02 07:47:05.121617, Logical Clock: 9
2025-03-02 07:47:05,377 - INTERNAL - System Time: 2025-03-02 07:47:05.377407, Logical Clock: 10
2025-03-02 07:47:05,629 - INTERNAL - System Time: 2025-03-02 07:47:05.629821, Logical Clock: 11
2025-03-02 07:47:05,885 - RECEIVE - System Time: 2025-03-02 07:47:05.885038, Logical Clock: 12, Queue Length: 0, From: Machine 1
2025-03-02 07:47:06,138 - SEND - System Time: 2025-03-02 07:47:06.137994, Logical Clock: 13, To: Machine on port 10002
2025-03-02 07:47:06,390 - No connection to port 10000
2025-03-02 07:47:06,390 - SEND - System Time: 2025-03-02 07:47:06.389938, Logical Clock: 14, To: Machine on port 10002
2025-03-02 07:47:06,644 - INTERNAL - System Time: 2025-03-02 07:47:06.644821, Logical Clock: 15
2025-03-02 07:47:06,900 - INTERNAL - System Time: 2025-03-02 07:47:06.900057, Logical Clock: 16
2025-03-02 07:47:07,152 - INTERNAL - System Time: 2025-03-02 07:47:07.152603, Logical Clock: 17
2025-03-02 07:47:07,405 - INTERNAL - System Time: 2025-03-02 07:47:07.404855, Logical Clock: 18
2025-03-02 07:47:07,659 - INTERNAL - System Time: 2025-03-02 07:47:07.659872, Logical Clock: 19
2025-03-02 07:47:07,915 - No connection to port 10000
2025-03-02 07:47:08,170 - SEND - System Time: 2025-03-02 07:47:08.170562, Logical Clock: 21, To: Machine on port 10002
2025-03-02 07:47:08,423 - INTERNAL - System Time: 2025-03-02 07:47:08.423642, Logical Clock: 22
2025-03-02 07:47:08,678 - SEND - System Time: 2025-03-02 07:47:08.677725, Logical Clock: 23, To: Machine on port 10002
2025-03-02 07:47:08,930 - INTERNAL - System Time: 2025-03-02 07:47:08.930672, Logical Clock: 24
2025-03-02 07:47:09,183 - No connection to port 10000
2025-03-02 07:47:09,184 - SEND - System Time: 2025-03-02 07:47:09.183376, Logical Clock: 25, To: Machine on port 10002
2025-03-02 07:47:09,434 - INTERNAL - System Time: 2025-03-02 07:47:09.434476, Logical Clock: 26
2025-03-02 07:47:09,688 - INTERNAL - System Time: 2025-03-02 07:47:09.688658, Logical Clock: 27
2025-03-02 07:47:09,943 - INTERNAL - System Time: 2025-03-02 07:47:09.942959, Logical Clock: 28
2025-03-02 07:47:10,197 - INTERNAL - System Time: 2025-03-02 07:47:10.197006, Logical Clock: 29
2025-03-02 07:47:10,448 - RECEIVE - System Time: 2025-03-02 07:47:10.448445, Logical Clock: 30, Queue Length: 0, From: Machine 1
2025-03-02 07:47:10,701 - No connection to port 10000
2025-03-02 07:47:10,954 - INTERNAL - System Time: 2025-03-02 07:47:10.954659, Logical Clock: 32
2025-03-02 07:47:11,210 - No connection to port 10000
2025-03-02 07:47:11,211 - SEND - System Time: 2025-03-02 07:47:11.210589, Logical Clock: 33, To: Machine on port 10002
2025-03-02 07:47:11,463 - INTERNAL - System Time: 2025-03-02 07:47:11.463318, Logical Clock: 34
2025-03-02 07:47:11,718 - INTERNAL - System Time: 2025-03-02 07:47:11.718471, Logical Clock: 35
2025-03-02 07:47:11,973 - INTERNAL - System Time: 2025-03-02 07:47:11.973749, Logical Clock: 36
2025-03-02 07:47:12,228 - No connection to port 10000
2025-03-02 07:47:12,229 - SEND - System Time: 2025-03-02 07:47:12.228629, Logical Clock: 37, To: Machine on port 10002
2025-03-02 07:47:12,481 - INTERNAL - System Time: 2025-03-02 07:47:12.481180, Logical Clock: 38
2025-03-02 07:47:12,735 - INTERNAL - System Time: 2025-03-02 07:47:12.734960, Logical Clock: 39
2025-03-02 07:47:12,991 - INTERNAL - System Time: 2025-03-02 07:47:12.990871, Logical Clock: 40
2025-03-02 07:47:13,245 - SEND - System Time: 2025-03-02 07:47:13.244899, Logical Clock: 41, To: Machine on port 10002
2025-03-02 07:47:13,500 - INTERNAL - System Time: 2025-03-02 07:47:13.500522, Logical Clock: 42
2025-03-02 07:47:13,751 - INTERNAL - System Time: 2025-03-02 07:47:13.751261, Logical Clock: 43
2025-03-02 07:47:14,002 - INTERNAL - System Time: 2025-03-02 07:47:14.002184, Logical Clock: 44
2025-03-02 07:47:14,257 - INTERNAL - System Time: 2025-03-02 07:47:14.257543, Logical Clock: 45
2025-03-02 07:47:14,511 - RECEIVE - System Time: 2025-03-02 07:47:14.510854, Logical Clock: 46, Queue Length: 0, From: Machine 1
2025-03-02 07:47:14,765 - SEND - System Time: 2025-03-02 07:47:14.764971, Logical Clock: 47, To: Machine on port 10002
2025-03-02 07:47:15,016 - INTERNAL - System Time: 2025-03-02 07:47:15.016267, Logical Clock: 48
2025-03-02 07:47:15,267 - INTERNAL - System Time: 2025-03-02 07:47:15.267053, Logical Clock: 49
2025-03-02 07:47:15,518 - No connection to port 10000
2025-03-02 07:47:15,769 - INTERNAL - System Time: 2025-03-02 07:47:15.769504, Logical Clock: 51
2025-03-02 07:47:16,021 - INTERNAL - System Time: 2025-03-02 07:47:16.021551, Logical Clock: 52
2025-03-02 07:47:16,276 - INTERNAL - System Time: 2025-03-02 07:47:16.276778, Logical Clock: 53
2025-03-02 07:47:16,530 - RECEIVE - System Time: 2025-03-02 07:47:16.530826, Logical Clock: 54, Queue Length: 0, From: Machine 1
2025-03-02 07:47:16,786 - INTERNAL - System Time: 2025-03-02 07:47:16.786169, Logical Clock: 55
2025-03-02 07:47:17,037 - INTERNAL - System Time: 2025-03-02 07:47:17.037215, Logical Clock: 56
2025-03-02 07:47:17,288 - INTERNAL - System Time: 2025-03-02 07:47:17.288604, Logical Clock: 57
2025-03-02 07:47:17,541 - INTERNAL - System Time: 2025-03-02 07:47:17.541415, Logical Clock: 58
2025-03-02 07:47:17,793 - INTERNAL - System Time: 2025-03-02 07:47:17.793137, Logical Clock: 59
2025-03-02 07:47:18,044 - RECEIVE - System Time: 2025-03-02 07:47:18.043988, Logical Clock: 60, Queue Length: 0, From: Machine 1
2025-03-02 07:47:18,299 - SEND - System Time: 2025-03-02 07:47:18.299513, Logical Clock: 61, To: Machine on port 10002
2025-03-02 07:47:18,550 - INTERNAL - System Time: 2025-03-02 07:47:18.550700, Logical Clock: 62
2025-03-02 07:47:18,806 - INTERNAL - System Time: 2025-03-02 07:47:18.805942, Logical Clock: 63
2025-03-02 07:47:19,057 - INTERNAL - System Time: 2025-03-02 07:47:19.057574, Logical Clock: 64
2025-03-02 07:47:19,310 - INTERNAL - System Time: 2025-03-02 07:47:19.310730, Logical Clock: 65
2025-03-02 07:47:19,570 - RECEIVE - System Time: 2025-03-02 07:47:19.565956, Logical Clock: 66, Queue Length: 0, From: Machine 1
2025-03-02 07:47:19,829 - No connection to port 10000
2025-03-02 07:47:20,084 - INTERNAL - System Time: 2025-03-02 07:47:20.084434, Logical Clock: 68
2025-03-02 07:47:20,339 - INTERNAL - System Time: 2025-03-02 07:47:20.339722, Logical Clock: 69
2025-03-02 07:47:20,595 - INTERNAL - System Time: 2025-03-02 07:47:20.595258, Logical Clock: 70
2025-03-02 07:47:20,850 - No connection to port 10000
2025-03-02 07:47:20,850 - SEND - System Time: 2025-03-02 07:47:20.850570, Logical Clock: 71, To: Machine on port 10002
2025-03-02 07:47:21,106 - INTERNAL - System Time: 2025-03-02 07:47:21.105980, Logical Clock: 72
2025-03-02 07:47:21,362 - INTERNAL - System Time: 2025-03-02 07:47:21.362141, Logical Clock: 73
2025-03-02 07:47:21,618 - INTERNAL - System Time: 2025-03-02 07:47:21.618340, Logical Clock: 74
2025-03-02 07:47:21,870 - INTERNAL - System Time: 2025-03-02 07:47:21.869838, Logical Clock: 75
2025-03-02 07:47:22,121 - INTERNAL - System Time: 2025-03-02 07:47:22.121541, Logical Clock: 76
2025-03-02 07:47:22,376 - No connection to port 10000
2025-03-02 07:47:22,630 - INTERNAL - System Time: 2025-03-02 07:47:22.630471, Logical Clock: 78
2025-03-02 07:47:22,884 - INTERNAL - System Time: 2025-03-02 07:47:22.884283, Logical Clock: 79
2025-03-02 07:47:23,136 - INTERNAL - System Time: 2025-03-02 07:47:23.136806, Logical Clock: 80
2025-03-02 07:47:23,390 - No connection to port 10000
2025-03-02 07:47:23,644 - INTERNAL - System Time: 2025-03-02 07:47:23.644705, Logical Clock: 82
2025-03-02 07:47:23,895 - INTERNAL - System Time: 2025-03-02 07:47:23.895625, Logical Clock: 83
2025-03-02 07:47:24,147 - SEND - System Time: 2025-03-02 07:47:24.147046, Logical Clock: 84, To: Machine on port 10002
2025-03-02 07:47:24,402 - INTERNAL - System Time: 2025-03-02 07:47:24.402361, Logical Clock: 85
2025-03-02 07:47:24,654 - INTERNAL - System Time: 2025-03-02 07:47:24.654200, Logical Clock: 86
2025-03-02 07:47:24,906 - INTERNAL - System Time: 2025-03-02 07:47:24.906319, Logical Clock: 87
2025-03-02 07:47:25,161 - INTERNAL - System Time: 2025-03-02 07:47:25.160971, Logical Clock: 88
2025-03-02 07:47:25,415 - INTERNAL - System Time: 2025-03-02 07:47:25.415482, Logical Clock: 89
2025-03-02 07:47:25,671 - No connection to port 10000
2025-03-02 07:47:25,671 - SEND - System Time: 2025-03-02 07:47:25.670925, Logical Clock: 90, To: Machine on port 10002
2025-03-02 07:47:25,922 - No connection to port 10000
2025-03-02 07:47:26,176 - No connection to port 10000
2025-03-02 07:47:26,429 - INTERNAL - System Time: 2025-03-02 07:47:26.429128, Logical Clock: 93
2025-03-02 07:47:26,684 - RECEIVE - System Time: 2025-03-02 07:47:26.684243, Logical Clock: 94, Queue Length: 0, From: Machine 1
2025-03-02 07:47:26,938 - INTERNAL - System Time: 2025-03-02 07:47:26.938381, Logical Clock: 95
2025-03-02 07:47:27,194 - RECEIVE - System Time: 2025-03-02 07:47:27.193851, Logical Clock: 96, Queue Length: 0, From: Machine 1
2025-03-02 07:47:27,449 - INTERNAL - System Time: 2025-03-02 07:47:27.449090, Logical Clock: 97
2025-03-02 07:47:27,704 - INTERNAL - System Time: 2025-03-02 07:47:27.704313, Logical Clock: 98
2025-03-02 07:47:27,959 - No connection to port 10000
2025-03-02 07:47:27,960 - SEND - System Time: 2025-03-02 07:47:27.959566, Logical Clock: 99, To: Machine on port 10002
2025-03-02 07:47:28,212 - INTERNAL - System Time: 2025-03-02 07:47:28.212422, Logical Clock: 100
2025-03-02 07:47:28,466 - INTERNAL - System Time: 2025-03-02 07:47:28.465968, Logical Clock: 101
2025-03-02 07:47:28,721 - RECEIVE - System Time: 2025-03-02 07:47:28.721298, Logical Clock: 102, Queue Length: 0, From: Machine 1
2025-03-02 07:47:28,972 - INTERNAL - System Time: 2025-03-02 07:47:28.972489, Logical Clock: 103
2025-03-02 07:47:29,227 - No connection to port 10000
2025-03-02 07:47:29,481 - RECEIVE - System Time: 2025-03-02 07:47:29.481336, Logical Clock: 105, Queue Length: 0, From: Machine 1
2025-03-02 07:47:29,736 - SEND - System Time: 2025-03-02 07:47:29.735974, Logical Clock: 106, To: Machine on port 10002
2025-03-02 07:47:29,987 - SEND - System Time: 2025-03-02 07:47:29.987818, Logical Clock: 107, To: Machine on port 10002
2025-03-02 07:47:30,241 - INTERNAL - System Time: 2025-03-02 07:47:30.241107, Logical Clock: 108
2025-03-02 07:47:30,493 - INTERNAL - System Time: 2025-03-02 07:47:30.493036, Logical Clock: 109
2025-03-02 07:47:30,748 - INTERNAL - System Time: 2025-03-02 07:47:30.748251, Logical Clock: 110
2025-03-02 07:47:31,003 - SEND - System Time: 2025-03-02 07:47:31.003625, Logical Clock: 111, To: Machine on port 10002
2025-03-02 07:47:31,258 - INTERNAL - System Time: 2025-03-02 07:47:31.258706, Logical Clock: 112
2025-03-02 07:47:31,511 - INTERNAL - System Time: 2025-03-02 07:47:31.511479, Logical Clock: 113
2025-03-02 07:47:31,762 - INTERNAL - System Time: 2025-03-02 07:47:31.762766, Logical Clock: 114
2025-03-02 07:47:32,018 - INTERNAL - System Time: 2025-03-02 07:47:32.018440, Logical Clock: 115
2025-03-02 07:47:32,271 - INTERNAL - System Time: 2025-03-02 07:47:32.271283, Logical Clock: 116
2025-03-02 07:47:32,522 - INTERNAL - System Time: 2025-03-02 07:47:32.522954, Logical Clock: 117
2025-03-02 07:47:32,778 - INTERNAL - System Time: 2025-03-02 07:47:32.778180, Logical Clock: 118
2025-03-02 07:47:33,029 - SEND - System Time: 2025-03-02 07:47:33.029370, Logical Clock: 119, To: Machine on port 10002
2025-03-02 07:47:33,284 - INTERNAL - System Time: 2025-03-02 07:47:33.284305, Logical Clock: 120
2025-03-02 07:47:33,536 - INTERNAL - System Time: 2025-03-02 07:47:33.536201, Logical Clock: 121
2025-03-02 07:47:33,791 - INTERNAL - System Time: 2025-03-02 07:47:33.791549, Logical Clock: 122
2025-03-02 07:47:34,045 - No connection to port 10000
2025-03-02 07:47:34,301 - INTERNAL - System Time: 2025-03-02 07:47:34.300928, Logical Clock: 124
2025-03-02 07:47:34,551 - RECEIVE - System Time: 2025-03-02 07:47:34.551895, Logical Clock: 125, Queue Length: 0, From: Machine 1
2025-03-02 07:47:34,807 - INTERNAL - System Time: 2025-03-02 07:47:34.807184, Logical Clock: 126
2025-03-02 07:47:35,062 - SEND - System Time: 2025-03-02 07:47:35.061782, Logical Clock: 127, To: Machine on port 10002
2025-03-02 07:47:35,316 - INTERNAL - System Time: 2025-03-02 07:47:35.316735, Logical Clock: 128
2025-03-02 07:47:35,571 - RECEIVE - System Time: 2025-03-02 07:47:35.571009, Logical Clock: 129, Queue Length: 0, From: Machine 1
2025-03-02 07:47:35,821 - INTERNAL - System Time: 2025-03-02 07:47:35.821749, Logical Clock: 130
2025-03-02 07:47:36,077 - INTERNAL - System Time: 2025-03-02 07:47:36.077456, Logical Clock: 131
2025-03-02 07:47:36,331 - INTERNAL - System Time: 2025-03-02 07:47:36.331618, Logical Clock: 132
2025-03-02 07:47:36,585 - INTERNAL - System Time: 2025-03-02 07:47:36.585940, Logical Clock: 133
2025-03-02 07:47:36,841 - No connection to port 10000
2025-03-02 07:47:37,096 - No connection to port 10000
2025-03-02 07:47:37,349 - INTERNAL - System Time: 2025-03-02 07:47:37.349598, Logical Clock: 136
2025-03-02 07:47:37,602 - No connection to port 10000
2025-03-02 07:47:37,853 - No connection to port 10000
2025-03-02 07:47:38,109 - INTERNAL - System Time: 2025-03-02 07:47:38.109474, Logical Clock: 139
2025-03-02 07:47:38,364 - INTERNAL - System Time: 2025-03-02 07:47:38.364423, Logical Clock: 140
2025-03-02 07:47:38,619 - SEND - System Time: 2025-03-02 07:47:38.619369, Logical Clock: 141, To: Machine on port 10002
2025-03-02 07:47:38,875 - No connection to port 10000
2025-03-02 07:47:39,128 - INTERNAL - System Time: 2025-03-02 07:47:39.128708, Logical Clock: 143
2025-03-02 07:47:39,382 - INTERNAL - System Time: 2025-03-02 07:47:39.382061, Logical Clock: 144
2025-03-02 07:47:39,635 - INTERNAL - System Time: 2025-03-02 07:47:39.635466, Logical Clock: 145
2025-03-02 07:47:39,889 - INTERNAL - System Time: 2025-03-02 07:47:39.889642, Logical Clock: 146
2025-03-02 07:47:40,144 - RECEIVE - System Time: 2025-03-02 07:47:40.144915, Logical Clock: 147, Queue Length: 0, From: Machine 1
2025-03-02 07:47:40,395 - INTERNAL - System Time: 2025-03-02 07:47:40.395419, Logical Clock: 148
2025-03-02 07:47:40,650 - RECEIVE - System Time: 2025-03-02 07:47:40.650727, Logical Clock: 149, Queue Length: 0, From: Machine 1
2025-03-02 07:47:40,905 - No connection to port 10000
2025-03-02 07:47:40,905 - SEND - System Time: 2025-03-02 07:47:40.905483, Logical Clock: 150, To: Machine on port 10002
2025-03-02 07:47:41,161 - INTERNAL - System Time: 2025-03-02 07:47:41.161233, Logical Clock: 151
2025-03-02 07:47:41,412 - INTERNAL - System Time: 2025-03-02 07:47:41.412667, Logical Clock: 152
2025-03-02 07:47:41,667 - INTERNAL - System Time: 2025-03-02 07:47:41.667023, Logical Clock: 153
2025-03-02 07:47:41,921 - INTERNAL - System Time: 2025-03-02 07:47:41.921411, Logical Clock: 154
2025-03-02 07:47:42,174 - INTERNAL - System Time: 2025-03-02 07:47:42.174475, Logical Clock: 155
2025-03-02 07:47:42,427 - INTERNAL - System Time: 2025-03-02 07:47:42.427413, Logical Clock: 156
2025-03-02 07:47:42,680 - RECEIVE - System Time: 2025-03-02 07:47:42.679891, Logical Clock: 157, Queue Length: 0, From: Machine 1
2025-03-02 07:47:42,933 - No connection to port 10000
2025-03-02 07:47:43,188 - No connection to port 10000
2025-03-02 07:47:43,439 - INTERNAL - System Time: 2025-03-02 07:47:43.439096, Logical Clock: 160
2025-03-02 07:47:43,695 - INTERNAL - System Time: 2025-03-02 07:47:43.694785, Logical Clock: 161
2025-03-02 07:47:43,948 - INTERNAL - System Time: 2025-03-02 07:47:43.948756, Logical Clock: 162
2025-03-02 07:47:44,201 - INTERNAL - System Time: 2025-03-02 07:47:44.201264, Logical Clock: 163
2025-03-02 07:47:44,455 - INTERNAL - System Time: 2025-03-02 07:47:44.455438, Logical Clock: 164
2025-03-02 07:47:44,711 - INTERNAL - System Time: 2025-03-02 07:47:44.710817, Logical Clock: 165
2025-03-02 07:47:44,966 - No connection to port 10000
2025-03-02 07:47:45,221 - INTERNAL - System Time: 2025-03-02 07:47:45.221334, Logical Clock: 167
2025-03-02 07:47:45,473 - No connection to port 10000
2025-03-02 07:47:45,474 - SEND - System Time: 2025-03-02 07:47:45.473944, Logical Clock: 168, To: Machine on port 10002
2025-03-02 07:47:45,725 - No connection to port 10000
2025-03-02 07:47:45,725 - SEND - System Time: 2025-03-02 07:47:45.725021, Logical Clock: 169, To: Machine on port 10002
2025-03-02 07:47:45,980 - No connection to port 10000
2025-03-02 07:47:46,235 - INTERNAL - System Time: 2025-03-02 07:47:46.235420, Logical Clock: 171
2025-03-02 07:47:46,487 - INTERNAL - System Time: 2025-03-02 07:47:46.486770, Logical Clock: 172
2025-03-02 07:47:46,739 - INTERNAL - System Time: 2025-03-02 07:47:46.739818, Logical Clock: 173
2025-03-02 07:47:46,995 - INTERNAL - System Time: 2025-03-02 07:47:46.995158, Logical Clock: 174
2025-03-02 07:47:47,250 - RECEIVE - System Time: 2025-03-02 07:47:47.250328, Logical Clock: 175, Queue Length: 0, From: Machine 1
2025-03-02 07:47:47,503 - No connection to port 10000
2025-03-02 07:47:47,754 - No connection to port 10000
2025-03-02 07:47:48,010 - INTERNAL - System Time: 2025-03-02 07:47:48.010418, Logical Clock: 178
2025-03-02 07:47:48,264 - INTERNAL - System Time: 2025-03-02 07:47:48.264916, Logical Clock: 179
2025-03-02 07:47:48,520 - INTERNAL - System Time: 2025-03-02 07:47:48.520107, Logical Clock: 180
2025-03-02 07:47:48,775 - INTERNAL - System Time: 2025-03-02 07:47:48.775307, Logical Clock: 181
2025-03-02 07:47:49,030 - INTERNAL - System Time: 2025-03-02 07:47:49.030481, Logical Clock: 182
2025-03-02 07:47:49,286 - INTERNAL - System Time: 2025-03-02 07:47:49.285796, Logical Clock: 183
2025-03-02 07:47:49,541 - SEND - System Time: 2025-03-02 07:47:49.541065, Logical Clock: 184, To: Machine on port 10002
2025-03-02 07:47:49,794 - SEND - System Time: 2025-03-02 07:47:49.794058, Logical Clock: 185, To: Machine on port 10002
2025-03-02 07:47:50,049 - No connection to port 10000
2025-03-02 07:47:50,050 - SEND - System Time: 2025-03-02 07:47:50.049828, Logical Clock: 186, To: Machine on port 10002
2025-03-02 07:47:50,302 - INTERNAL - System Time: 2025-03-02 07:47:50.302013, Logical Clock: 187
2025-03-02 07:47:50,557 - INTERNAL - System Time: 2025-03-02 07:47:50.557741, Logical Clock: 188
2025-03-02 07:47:50,813 - No connection to port 10000
2025-03-02 07:47:50,813 - SEND - System Time: 2025-03-02 07:47:50.812925, Logical Clock: 189, To: Machine on port 10002
2025-03-02 07:47:51,068 - INTERNAL - System Time: 2025-03-02 07:47:51.068700, Logical Clock: 190
2025-03-02 07:47:51,319 - RECEIVE - System Time: 2025-03-02 07:47:51.319691, Logical Clock: 191, Queue Length: 0, From: Machine 1
2025-03-02 07:47:51,575 - INTERNAL - System Time: 2025-03-02 07:47:51.575012, Logical Clock: 192
2025-03-02 07:47:51,827 - SEND - System Time: 2025-03-02 07:47:51.827895, Logical Clock: 193, To: Machine on port 10002
2025-03-02 07:47:52,083 - INTERNAL - System Time: 2025-03-02 07:47:52.083147, Logical Clock: 194
2025-03-02 07:47:52,338 - SEND - System Time: 2025-03-02 07:47:52.338501, Logical Clock: 195, To: Machine on port 10002
2025-03-02 07:47:52,594 - SEND - System Time: 2025-03-02 07:47:52.594470, Logical Clock: 196, To: Machine on port 10002
2025-03-02 07:47:52,847 - SEND - System Time: 2025-03-02 07:47:52.847113, Logical Clock: 197, To: Machine on port 10002
2025-03-02 07:47:53,102 - INTERNAL - System Time: 2025-03-02 07:47:53.102243, Logical Clock: 198
2025-03-02 07:47:53,357 - RECEIVE - System Time: 2025-03-02 07:47:53.357487, Logical Clock: 199, Queue Length: 0, From: Machine 1
2025-03-02 07:47:53,611 - INTERNAL - System Time: 2025-03-02 07:47:53.611212, Logical Clock: 200
2025-03-02 07:47:53,864 - RECEIVE - System Time: 2025-03-02 07:47:53.864630, Logical Clock: 201, Queue Length: 0, From: Machine 1
2025-03-02 07:47:54,115 - INTERNAL - System Time: 2025-03-02 07:47:54.115449, Logical Clock: 202
2025-03-02 07:47:54,371 - No connection to port 10000
2025-03-02 07:47:54,371 - SEND - System Time: 2025-03-02 07:47:54.371143, Logical Clock: 203, To: Machine on port 10002
2025-03-02 07:47:54,626 - INTERNAL - System Time: 2025-03-02 07:47:54.626562, Logical Clock: 204
2025-03-02 07:47:54,878 - INTERNAL - System Time: 2025-03-02 07:47:54.878139, Logical Clock: 205
2025-03-02 07:47:55,133 - No connection to port 10000
2025-03-02 07:47:55,387 - RECEIVE - System Time: 2025-03-02 07:47:55.387168, Logical Clock: 207, Queue Length: 0, From: Machine 1
2025-03-02 07:47:55,642 - INTERNAL - System Time: 2025-03-02 07:47:55.642339, Logical Clock: 208
2025-03-02 07:47:55,898 - INTERNAL - System Time: 2025-03-02 07:47:55.897636, Logical Clock: 209
2025-03-02 07:47:56,153 - No connection to port 10000
2025-03-02 07:47:56,407 - RECEIVE - System Time: 2025-03-02 07:47:56.407194, Logical Clock: 211, Queue Length: 0, From: Machine 1
2025-03-02 07:47:56,660 - INTERNAL - System Time: 2025-03-02 07:47:56.660421, Logical Clock: 212
2025-03-02 07:47:56,915 - INTERNAL - System Time: 2025-03-02 07:47:56.915573, Logical Clock: 213
2025-03-02 07:47:57,171 - INTERNAL - System Time: 2025-03-02 07:47:57.170862, Logical Clock: 214
2025-03-02 07:47:57,424 - INTERNAL - System Time: 2025-03-02 07:47:57.424397, Logical Clock: 215
2025-03-02 07:47:57,679 - No connection to port 10000
2025-03-02 07:47:57,680 - SEND - System Time: 2025-03-02 07:47:57.679850, Logical Clock: 216, To: Machine on port 10002
2025-03-02 07:47:57,935 - No connection to port 10000
2025-03-02 07:47:58,189 - INTERNAL - System Time: 2025-03-02 07:47:58.189001, Logical Clock: 218
2025-03-02 07:47:58,444 - INTERNAL - System Time: 2025-03-02 07:47:58.443815, Logical Clock: 219
2025-03-02 07:47:58,699 - No connection to port 10000
2025-03-02 07:47:58,954 - INTERNAL - System Time: 2025-03-02 07:47:58.954716, Logical Clock: 221
2025-03-02 07:47:59,206 - INTERNAL - System Time: 2025-03-02 07:47:59.206810, Logical Clock: 222
2025-03-02 07:47:59,462 - INTERNAL - System Time: 2025-03-02 07:47:59.462030, Logical Clock: 223
2025-03-02 07:47:59,717 - INTERNAL - System Time: 2025-03-02 07:47:59.717227, Logical Clock: 224
2025-03-02 07:47:59,969 - No connection to port 10000
2025-03-02 07:48:00,220 - No connection to port 10000
2025-03-02 07:48:00,475 - No connection to port 10000
2025-03-02 07:48:00,476 - SEND - System Time: 2025-03-02 07:48:00.475762, Logical Clock: 227, To: Machine on port 10002
2025-03-02 07:48:00,731 - RECEIVE - System Time: 2025-03-02 07:48:00.731138, Logical Clock: 228, Queue Length: 0, From: Machine 1
2025-03-02 07:48:00,986 - INTERNAL - System Time: 2025-03-02 07:48:00.986387, Logical Clock: 229
2025-03-02 07:48:01,240 - INTERNAL - System Time: 2025-03-02 07:48:01.240632, Logical Clock: 230
2025-03-02 07:48:01,495 - INTERNAL - System Time: 2025-03-02 07:48:01.495183, Logical Clock: 231
2025-03-02 07:48:01,750 - INTERNAL - System Time: 2025-03-02 07:48:01.750460, Logical Clock: 232
2025-03-02 07:48:02,002 - No connection to port 10000
2025-03-02 07:48:02,003 - SEND - System Time: 2025-03-02 07:48:02.002488, Logical Clock: 233, To: Machine on port 10002
2025-03-02 07:48:02,254 - SEND - System Time: 2025-03-02 07:48:02.254488, Logical Clock: 234, To: Machine on port 10002
2025-03-02 07:48:02,510 - INTERNAL - System Time: 2025-03-02 07:48:02.510305, Logical Clock: 235
