2025-03-04 11:59:51,180 - Virtual Machine 3 initialized
2025-03-04 11:59:51,180 - Clock Rate: 5 ticks/second
2025-03-04 11:59:51,180 - Listening on port: 10002
2025-03-04 11:59:51,180 - Peer ports: [10000, 10001]
2025-03-04 11:59:51,182 - Connected to peer on port 10000
2025-03-04 11:59:51,183 - Connected to peer on port 10001
2025-03-04 11:59:51,183 - Network initialization completed
2025-03-04 11:59:51,183 - Starting main event loop
2025-03-04 11:59:51,183 - Clock rate: 5 ticks/second
2025-03-04 11:59:51,183 - INTERNAL - System Time: 2025-03-04 11:59:51.183271, Logical Clock: 1
2025-03-04 11:59:51,381 - Accepted connection from ('127.0.0.1', 58915)
2025-03-04 11:59:51,387 - INTERNAL - System Time: 2025-03-04 11:59:51.387082, Logical Clock: 2
2025-03-04 11:59:51,592 - RECEIVE - System Time: 2025-03-04 11:59:51.592277, Logical Clock: 3, Queue Length: 0, From: Machine 1
2025-03-04 11:59:51,669 - Accepted connection from ('127.0.0.1', 58918)
2025-03-04 11:59:51,813 - RECEIVE - System Time: 2025-03-04 11:59:51.813229, Logical Clock: 4, Queue Length: 0, From: Machine 2
2025-03-04 11:59:52,022 - SEND - System Time: 2025-03-04 11:59:52.021882, Logical Clock: 5, To: Machine on port 10000
2025-03-04 11:59:52,226 - INTERNAL - System Time: 2025-03-04 11:59:52.226335, Logical Clock: 6
2025-03-04 11:59:52,430 - INTERNAL - System Time: 2025-03-04 11:59:52.430251, Logical Clock: 7
2025-03-04 11:59:52,633 - SEND - System Time: 2025-03-04 11:59:52.633494, Logical Clock: 8, To: Machine on port 10001
2025-03-04 11:59:52,836 - INTERNAL - System Time: 2025-03-04 11:59:52.835980, Logical Clock: 9
2025-03-04 11:59:53,041 - SEND - System Time: 2025-03-04 11:59:53.040738, Logical Clock: 10, To: Machine on port 10000
2025-03-04 11:59:53,249 - INTERNAL - System Time: 2025-03-04 11:59:53.248859, Logical Clock: 11
2025-03-04 11:59:53,451 - INTERNAL - System Time: 2025-03-04 11:59:53.451370, Logical Clock: 12
2025-03-04 11:59:53,656 - INTERNAL - System Time: 2025-03-04 11:59:53.656665, Logical Clock: 13
2025-03-04 11:59:53,859 - INTERNAL - System Time: 2025-03-04 11:59:53.859274, Logical Clock: 14
2025-03-04 11:59:54,061 - RECEIVE - System Time: 2025-03-04 11:59:54.061743, Logical Clock: 18, Queue Length: 0, From: Machine 1
2025-03-04 11:59:54,266 - INTERNAL - System Time: 2025-03-04 11:59:54.265739, Logical Clock: 19
2025-03-04 11:59:54,466 - INTERNAL - System Time: 2025-03-04 11:59:54.466629, Logical Clock: 20
2025-03-04 11:59:54,667 - INTERNAL - System Time: 2025-03-04 11:59:54.667835, Logical Clock: 21
2025-03-04 11:59:54,885 - RECEIVE - System Time: 2025-03-04 11:59:54.885672, Logical Clock: 23, Queue Length: 0, From: Machine 1
2025-03-04 11:59:55,090 - INTERNAL - System Time: 2025-03-04 11:59:55.090799, Logical Clock: 24
2025-03-04 11:59:55,291 - INTERNAL - System Time: 2025-03-04 11:59:55.291228, Logical Clock: 25
2025-03-04 11:59:55,496 - INTERNAL - System Time: 2025-03-04 11:59:55.496574, Logical Clock: 26
2025-03-04 11:59:55,701 - INTERNAL - System Time: 2025-03-04 11:59:55.701917, Logical Clock: 27
2025-03-04 11:59:55,907 - INTERNAL - System Time: 2025-03-04 11:59:55.907088, Logical Clock: 28
2025-03-04 11:59:56,112 - SEND - System Time: 2025-03-04 11:59:56.112030, Logical Clock: 29, To: Machine on port 10001
2025-03-04 11:59:56,318 - INTERNAL - System Time: 2025-03-04 11:59:56.317744, Logical Clock: 30
2025-03-04 11:59:56,522 - INTERNAL - System Time: 2025-03-04 11:59:56.521906, Logical Clock: 31
2025-03-04 11:59:56,725 - INTERNAL - System Time: 2025-03-04 11:59:56.725833, Logical Clock: 32
2025-03-04 11:59:56,928 - INTERNAL - System Time: 2025-03-04 11:59:56.928532, Logical Clock: 33
2025-03-04 11:59:57,130 - INTERNAL - System Time: 2025-03-04 11:59:57.130251, Logical Clock: 34
2025-03-04 11:59:57,335 - INTERNAL - System Time: 2025-03-04 11:59:57.335133, Logical Clock: 35
2025-03-04 11:59:57,538 - INTERNAL - System Time: 2025-03-04 11:59:57.538727, Logical Clock: 36
2025-03-04 11:59:57,739 - INTERNAL - System Time: 2025-03-04 11:59:57.739665, Logical Clock: 37
2025-03-04 11:59:57,944 - RECEIVE - System Time: 2025-03-04 11:59:57.944849, Logical Clock: 41, Queue Length: 0, From: Machine 1
2025-03-04 11:59:58,149 - INTERNAL - System Time: 2025-03-04 11:59:58.149442, Logical Clock: 42
2025-03-04 11:59:58,355 - INTERNAL - System Time: 2025-03-04 11:59:58.355169, Logical Clock: 43
2025-03-04 11:59:58,558 - INTERNAL - System Time: 2025-03-04 11:59:58.558155, Logical Clock: 44
2025-03-04 11:59:58,760 - SEND - System Time: 2025-03-04 11:59:58.760305, Logical Clock: 45, To: Machine on port 10000
2025-03-04 11:59:58,966 - INTERNAL - System Time: 2025-03-04 11:59:58.965381, Logical Clock: 46
2025-03-04 11:59:59,169 - SEND - System Time: 2025-03-04 11:59:59.168731, Logical Clock: 47, To: Machine on port 10000
2025-03-04 11:59:59,374 - INTERNAL - System Time: 2025-03-04 11:59:59.374797, Logical Clock: 48
2025-03-04 11:59:59,577 - SEND - System Time: 2025-03-04 11:59:59.577167, Logical Clock: 49, To: Machine on port 10000
2025-03-04 11:59:59,779 - INTERNAL - System Time: 2025-03-04 11:59:59.779039, Logical Clock: 50
2025-03-04 11:59:59,984 - INTERNAL - System Time: 2025-03-04 11:59:59.984277, Logical Clock: 51
2025-03-04 12:00:00,184 - INTERNAL - System Time: 2025-03-04 12:00:00.184676, Logical Clock: 52
2025-03-04 12:00:00,390 - INTERNAL - System Time: 2025-03-04 12:00:00.389902, Logical Clock: 53
2025-03-04 12:00:00,595 - INTERNAL - System Time: 2025-03-04 12:00:00.595142, Logical Clock: 54
2025-03-04 12:00:00,799 - RECEIVE - System Time: 2025-03-04 12:00:00.798960, Logical Clock: 57, Queue Length: 0, From: Machine 1
2025-03-04 12:00:01,004 - INTERNAL - System Time: 2025-03-04 12:00:01.004464, Logical Clock: 58
2025-03-04 12:00:01,207 - SEND - System Time: 2025-03-04 12:00:01.207124, Logical Clock: 59, To: Machine on port 10000
2025-03-04 12:00:01,411 - INTERNAL - System Time: 2025-03-04 12:00:01.410941, Logical Clock: 60
2025-03-04 12:00:01,614 - INTERNAL - System Time: 2025-03-04 12:00:01.613750, Logical Clock: 61
2025-03-04 12:00:01,817 - INTERNAL - System Time: 2025-03-04 12:00:01.817491, Logical Clock: 62
2025-03-04 12:00:02,022 - INTERNAL - System Time: 2025-03-04 12:00:02.022674, Logical Clock: 63
2025-03-04 12:00:02,229 - SEND - System Time: 2025-03-04 12:00:02.228974, Logical Clock: 64, To: Machine on port 10001
2025-03-04 12:00:02,433 - INTERNAL - System Time: 2025-03-04 12:00:02.433572, Logical Clock: 65
2025-03-04 12:00:02,639 - RECEIVE - System Time: 2025-03-04 12:00:02.638996, Logical Clock: 68, Queue Length: 0, From: Machine 1
2025-03-04 12:00:02,840 - INTERNAL - System Time: 2025-03-04 12:00:02.840169, Logical Clock: 69
2025-03-04 12:00:03,045 - INTERNAL - System Time: 2025-03-04 12:00:03.044851, Logical Clock: 70
2025-03-04 12:00:03,251 - INTERNAL - System Time: 2025-03-04 12:00:03.251721, Logical Clock: 71
2025-03-04 12:00:03,455 - INTERNAL - System Time: 2025-03-04 12:00:03.455341, Logical Clock: 72
2025-03-04 12:00:03,657 - SEND - System Time: 2025-03-04 12:00:03.656790, Logical Clock: 73, To: Machine on port 10000
2025-03-04 12:00:03,857 - INTERNAL - System Time: 2025-03-04 12:00:03.857906, Logical Clock: 74
2025-03-04 12:00:04,058 - INTERNAL - System Time: 2025-03-04 12:00:04.058451, Logical Clock: 75
2025-03-04 12:00:04,263 - INTERNAL - System Time: 2025-03-04 12:00:04.263133, Logical Clock: 76
2025-03-04 12:00:04,466 - RECEIVE - System Time: 2025-03-04 12:00:04.465910, Logical Clock: 79, Queue Length: 0, From: Machine 1
2025-03-04 12:00:04,671 - INTERNAL - System Time: 2025-03-04 12:00:04.670693, Logical Clock: 80
2025-03-04 12:00:04,875 - INTERNAL - System Time: 2025-03-04 12:00:04.875213, Logical Clock: 81
2025-03-04 12:00:05,078 - INTERNAL - System Time: 2025-03-04 12:00:05.078572, Logical Clock: 82
2025-03-04 12:00:05,280 - INTERNAL - System Time: 2025-03-04 12:00:05.279933, Logical Clock: 83
2025-03-04 12:00:05,486 - INTERNAL - System Time: 2025-03-04 12:00:05.486095, Logical Clock: 84
2025-03-04 12:00:05,688 - SEND - System Time: 2025-03-04 12:00:05.688381, Logical Clock: 85, To: Machine on port 10001
2025-03-04 12:00:05,891 - INTERNAL - System Time: 2025-03-04 12:00:05.891553, Logical Clock: 86
2025-03-04 12:00:06,096 - INTERNAL - System Time: 2025-03-04 12:00:06.096830, Logical Clock: 87
2025-03-04 12:00:06,302 - INTERNAL - System Time: 2025-03-04 12:00:06.302115, Logical Clock: 88
2025-03-04 12:00:06,507 - RECEIVE - System Time: 2025-03-04 12:00:06.507687, Logical Clock: 91, Queue Length: 0, From: Machine 1
2025-03-04 12:00:06,709 - SEND - System Time: 2025-03-04 12:00:06.709047, Logical Clock: 92, To: Machine on port 10001
2025-03-04 12:00:06,914 - RECEIVE - System Time: 2025-03-04 12:00:06.914122, Logical Clock: 94, Queue Length: 0, From: Machine 1
2025-03-04 12:00:07,116 - INTERNAL - System Time: 2025-03-04 12:00:07.115876, Logical Clock: 95
2025-03-04 12:00:07,317 - INTERNAL - System Time: 2025-03-04 12:00:07.316999, Logical Clock: 96
2025-03-04 12:00:07,519 - INTERNAL - System Time: 2025-03-04 12:00:07.519031, Logical Clock: 97
2025-03-04 12:00:07,724 - INTERNAL - System Time: 2025-03-04 12:00:07.724352, Logical Clock: 98
2025-03-04 12:00:07,927 - RECEIVE - System Time: 2025-03-04 12:00:07.927296, Logical Clock: 99, Queue Length: 0, From: Machine 1
2025-03-04 12:00:08,128 - INTERNAL - System Time: 2025-03-04 12:00:08.128548, Logical Clock: 100
2025-03-04 12:00:08,334 - INTERNAL - System Time: 2025-03-04 12:00:08.333810, Logical Clock: 101
2025-03-04 12:00:08,537 - SEND - System Time: 2025-03-04 12:00:08.536789, Logical Clock: 102, To: Machine on port 10001
2025-03-04 12:00:08,742 - INTERNAL - System Time: 2025-03-04 12:00:08.742413, Logical Clock: 103
2025-03-04 12:00:08,948 - SEND - System Time: 2025-03-04 12:00:08.947803, Logical Clock: 104, To: Machine on port 10001
2025-03-04 12:00:09,153 - INTERNAL - System Time: 2025-03-04 12:00:09.153090, Logical Clock: 105
2025-03-04 12:00:09,355 - INTERNAL - System Time: 2025-03-04 12:00:09.354841, Logical Clock: 106
2025-03-04 12:00:09,562 - INTERNAL - System Time: 2025-03-04 12:00:09.562523, Logical Clock: 107
2025-03-04 12:00:09,768 - SEND - System Time: 2025-03-04 12:00:09.768201, Logical Clock: 108, To: Machine on port 10000
2025-03-04 12:00:09,969 - SEND - System Time: 2025-03-04 12:00:09.969634, Logical Clock: 109, To: Machine on port 10000
2025-03-04 12:00:10,171 - INTERNAL - System Time: 2025-03-04 12:00:10.171096, Logical Clock: 110
2025-03-04 12:00:10,373 - INTERNAL - System Time: 2025-03-04 12:00:10.372842, Logical Clock: 111
2025-03-04 12:00:10,580 - SEND - System Time: 2025-03-04 12:00:10.580681, Logical Clock: 112, To: Machine on port 10000
2025-03-04 12:00:10,786 - INTERNAL - System Time: 2025-03-04 12:00:10.786178, Logical Clock: 113
2025-03-04 12:00:10,993 - SEND - System Time: 2025-03-04 12:00:10.993556, Logical Clock: 114, To: Machine on port 10000
2025-03-04 12:00:11,196 - SEND - System Time: 2025-03-04 12:00:11.196036, Logical Clock: 115, To: Machine on port 10001
2025-03-04 12:00:11,398 - INTERNAL - System Time: 2025-03-04 12:00:11.398253, Logical Clock: 116
2025-03-04 12:00:11,603 - INTERNAL - System Time: 2025-03-04 12:00:11.603223, Logical Clock: 117
2025-03-04 12:00:11,807 - INTERNAL - System Time: 2025-03-04 12:00:11.807123, Logical Clock: 118
2025-03-04 12:00:12,013 - SEND - System Time: 2025-03-04 12:00:12.013228, Logical Clock: 119, To: Machine on port 10001
2025-03-04 12:00:12,216 - RECEIVE - System Time: 2025-03-04 12:00:12.216308, Logical Clock: 125, Queue Length: 0, From: Machine 1
2025-03-04 12:00:12,421 - INTERNAL - System Time: 2025-03-04 12:00:12.421301, Logical Clock: 126
2025-03-04 12:00:12,624 - INTERNAL - System Time: 2025-03-04 12:00:12.624844, Logical Clock: 127
2025-03-04 12:00:12,829 - INTERNAL - System Time: 2025-03-04 12:00:12.829415, Logical Clock: 128
2025-03-04 12:00:13,035 - INTERNAL - System Time: 2025-03-04 12:00:13.034877, Logical Clock: 129
2025-03-04 12:00:13,237 - INTERNAL - System Time: 2025-03-04 12:00:13.236839, Logical Clock: 130
2025-03-04 12:00:13,439 - INTERNAL - System Time: 2025-03-04 12:00:13.438856, Logical Clock: 131
2025-03-04 12:00:13,641 - INTERNAL - System Time: 2025-03-04 12:00:13.641401, Logical Clock: 132
2025-03-04 12:00:13,845 - INTERNAL - System Time: 2025-03-04 12:00:13.845618, Logical Clock: 133
2025-03-04 12:00:14,048 - INTERNAL - System Time: 2025-03-04 12:00:14.048427, Logical Clock: 134
2025-03-04 12:00:14,250 - INTERNAL - System Time: 2025-03-04 12:00:14.250213, Logical Clock: 135
2025-03-04 12:00:14,452 - INTERNAL - System Time: 2025-03-04 12:00:14.451872, Logical Clock: 136
2025-03-04 12:00:14,653 - INTERNAL - System Time: 2025-03-04 12:00:14.652821, Logical Clock: 137
2025-03-04 12:00:14,858 - INTERNAL - System Time: 2025-03-04 12:00:14.858590, Logical Clock: 138
2025-03-04 12:00:15,062 - INTERNAL - System Time: 2025-03-04 12:00:15.062242, Logical Clock: 139
2025-03-04 12:00:15,266 - INTERNAL - System Time: 2025-03-04 12:00:15.266277, Logical Clock: 140
2025-03-04 12:00:15,470 - SEND - System Time: 2025-03-04 12:00:15.469797, Logical Clock: 141, To: Machine on port 10001
2025-03-04 12:00:15,675 - INTERNAL - System Time: 2025-03-04 12:00:15.675312, Logical Clock: 142
2025-03-04 12:00:15,880 - INTERNAL - System Time: 2025-03-04 12:00:15.880135, Logical Clock: 143
2025-03-04 12:00:16,086 - INTERNAL - System Time: 2025-03-04 12:00:16.085646, Logical Clock: 144
2025-03-04 12:00:16,293 - INTERNAL - System Time: 2025-03-04 12:00:16.293076, Logical Clock: 145
2025-03-04 12:00:16,498 - INTERNAL - System Time: 2025-03-04 12:00:16.498441, Logical Clock: 146
2025-03-04 12:00:16,700 - INTERNAL - System Time: 2025-03-04 12:00:16.700218, Logical Clock: 147
2025-03-04 12:00:16,907 - INTERNAL - System Time: 2025-03-04 12:00:16.907205, Logical Clock: 148
2025-03-04 12:00:17,112 - INTERNAL - System Time: 2025-03-04 12:00:17.112576, Logical Clock: 149
2025-03-04 12:00:17,315 - INTERNAL - System Time: 2025-03-04 12:00:17.314816, Logical Clock: 150
2025-03-04 12:00:17,517 - SEND - System Time: 2025-03-04 12:00:17.517336, Logical Clock: 151, To: Machine on port 10000
2025-03-04 12:00:17,723 - SEND - System Time: 2025-03-04 12:00:17.722880, Logical Clock: 152, To: Machine on port 10000
2025-03-04 12:00:17,926 - INTERNAL - System Time: 2025-03-04 12:00:17.926604, Logical Clock: 153
2025-03-04 12:00:18,132 - INTERNAL - System Time: 2025-03-04 12:00:18.131831, Logical Clock: 154
2025-03-04 12:00:18,337 - INTERNAL - System Time: 2025-03-04 12:00:18.337378, Logical Clock: 155
2025-03-04 12:00:18,542 - INTERNAL - System Time: 2025-03-04 12:00:18.542554, Logical Clock: 156
2025-03-04 12:00:18,747 - INTERNAL - System Time: 2025-03-04 12:00:18.747755, Logical Clock: 157
2025-03-04 12:00:18,951 - SEND - System Time: 2025-03-04 12:00:18.951591, Logical Clock: 158, To: Machine on port 10000
2025-03-04 12:00:19,156 - INTERNAL - System Time: 2025-03-04 12:00:19.156544, Logical Clock: 159
2025-03-04 12:00:19,360 - INTERNAL - System Time: 2025-03-04 12:00:19.359820, Logical Clock: 160
2025-03-04 12:00:19,566 - RECEIVE - System Time: 2025-03-04 12:00:19.565965, Logical Clock: 167, Queue Length: 0, From: Machine 1
2025-03-04 12:00:19,767 - INTERNAL - System Time: 2025-03-04 12:00:19.767107, Logical Clock: 168
2025-03-04 12:00:19,973 - INTERNAL - System Time: 2025-03-04 12:00:19.973020, Logical Clock: 169
2025-03-04 12:00:20,177 - INTERNAL - System Time: 2025-03-04 12:00:20.177180, Logical Clock: 170
2025-03-04 12:00:20,389 - INTERNAL - System Time: 2025-03-04 12:00:20.387540, Logical Clock: 171
2025-03-04 12:00:20,593 - INTERNAL - System Time: 2025-03-04 12:00:20.593179, Logical Clock: 172
2025-03-04 12:00:20,798 - INTERNAL - System Time: 2025-03-04 12:00:20.798428, Logical Clock: 173
2025-03-04 12:00:21,002 - INTERNAL - System Time: 2025-03-04 12:00:21.002735, Logical Clock: 174
2025-03-04 12:00:21,209 - SEND - System Time: 2025-03-04 12:00:21.209470, Logical Clock: 175, To: Machine on port 10001
2025-03-04 12:00:21,415 - RECEIVE - System Time: 2025-03-04 12:00:21.414856, Logical Clock: 178, Queue Length: 0, From: Machine 1
2025-03-04 12:00:21,616 - SEND - System Time: 2025-03-04 12:00:21.616647, Logical Clock: 179, To: Machine on port 10000
2025-03-04 12:00:21,819 - SEND - System Time: 2025-03-04 12:00:21.819515, Logical Clock: 180, To: Machine on port 10001
2025-03-04 12:00:22,025 - INTERNAL - System Time: 2025-03-04 12:00:22.024933, Logical Clock: 181
2025-03-04 12:00:22,228 - RECEIVE - System Time: 2025-03-04 12:00:22.228548, Logical Clock: 183, Queue Length: 0, From: Machine 1
2025-03-04 12:00:22,430 - INTERNAL - System Time: 2025-03-04 12:00:22.430200, Logical Clock: 184
2025-03-04 12:00:22,634 - SEND - System Time: 2025-03-04 12:00:22.634799, Logical Clock: 185, To: Machine on port 10001
2025-03-04 12:00:22,835 - INTERNAL - System Time: 2025-03-04 12:00:22.835316, Logical Clock: 186
2025-03-04 12:00:23,039 - INTERNAL - System Time: 2025-03-04 12:00:23.038956, Logical Clock: 187
2025-03-04 12:00:23,245 - INTERNAL - System Time: 2025-03-04 12:00:23.244909, Logical Clock: 188
2025-03-04 12:00:23,448 - INTERNAL - System Time: 2025-03-04 12:00:23.448510, Logical Clock: 189
2025-03-04 12:00:23,653 - INTERNAL - System Time: 2025-03-04 12:00:23.652933, Logical Clock: 190
2025-03-04 12:00:23,857 - INTERNAL - System Time: 2025-03-04 12:00:23.856937, Logical Clock: 191
2025-03-04 12:00:24,059 - INTERNAL - System Time: 2025-03-04 12:00:24.059502, Logical Clock: 192
2025-03-04 12:00:24,265 - RECEIVE - System Time: 2025-03-04 12:00:24.265424, Logical Clock: 195, Queue Length: 0, From: Machine 1
2025-03-04 12:00:24,469 - INTERNAL - System Time: 2025-03-04 12:00:24.469179, Logical Clock: 196
2025-03-04 12:00:24,671 - INTERNAL - System Time: 2025-03-04 12:00:24.671754, Logical Clock: 197
2025-03-04 12:00:24,877 - INTERNAL - System Time: 2025-03-04 12:00:24.876938, Logical Clock: 198
2025-03-04 12:00:25,085 - SEND - System Time: 2025-03-04 12:00:25.084815, Logical Clock: 199, To: Machine on port 10000
2025-03-04 12:00:25,286 - INTERNAL - System Time: 2025-03-04 12:00:25.286043, Logical Clock: 200
2025-03-04 12:00:25,489 - SEND - System Time: 2025-03-04 12:00:25.488710, Logical Clock: 201, To: Machine on port 10001
2025-03-04 12:00:25,691 - INTERNAL - System Time: 2025-03-04 12:00:25.691489, Logical Clock: 202
2025-03-04 12:00:25,896 - INTERNAL - System Time: 2025-03-04 12:00:25.896321, Logical Clock: 203
2025-03-04 12:00:26,100 - INTERNAL - System Time: 2025-03-04 12:00:26.100307, Logical Clock: 204
2025-03-04 12:00:26,306 - INTERNAL - System Time: 2025-03-04 12:00:26.306100, Logical Clock: 205
2025-03-04 12:00:26,508 - SEND - System Time: 2025-03-04 12:00:26.508651, Logical Clock: 206, To: Machine on port 10001
2025-03-04 12:00:26,713 - INTERNAL - System Time: 2025-03-04 12:00:26.713897, Logical Clock: 207
2025-03-04 12:00:26,919 - INTERNAL - System Time: 2025-03-04 12:00:26.919122, Logical Clock: 208
2025-03-04 12:00:27,125 - INTERNAL - System Time: 2025-03-04 12:00:27.125403, Logical Clock: 209
2025-03-04 12:00:27,331 - INTERNAL - System Time: 2025-03-04 12:00:27.331164, Logical Clock: 210
2025-03-04 12:00:27,533 - INTERNAL - System Time: 2025-03-04 12:00:27.532858, Logical Clock: 211
2025-03-04 12:00:27,735 - SEND - System Time: 2025-03-04 12:00:27.734990, Logical Clock: 212, To: Machine on port 10000
2025-03-04 12:00:27,939 - INTERNAL - System Time: 2025-03-04 12:00:27.939642, Logical Clock: 213
2025-03-04 12:00:28,142 - INTERNAL - System Time: 2025-03-04 12:00:28.142639, Logical Clock: 214
2025-03-04 12:00:28,356 - INTERNAL - System Time: 2025-03-04 12:00:28.356525, Logical Clock: 215
2025-03-04 12:00:28,564 - INTERNAL - System Time: 2025-03-04 12:00:28.564143, Logical Clock: 216
2025-03-04 12:00:28,768 - SEND - System Time: 2025-03-04 12:00:28.768249, Logical Clock: 217, To: Machine on port 10001
2025-03-04 12:00:28,974 - INTERNAL - System Time: 2025-03-04 12:00:28.973997, Logical Clock: 218
2025-03-04 12:00:29,179 - SEND - System Time: 2025-03-04 12:00:29.179619, Logical Clock: 219, To: Machine on port 10001
2025-03-04 12:00:29,383 - INTERNAL - System Time: 2025-03-04 12:00:29.383242, Logical Clock: 220
2025-03-04 12:00:29,587 - INTERNAL - System Time: 2025-03-04 12:00:29.586676, Logical Clock: 221
2025-03-04 12:00:29,793 - INTERNAL - System Time: 2025-03-04 12:00:29.793384, Logical Clock: 222
2025-03-04 12:00:29,998 - INTERNAL - System Time: 2025-03-04 12:00:29.998692, Logical Clock: 223
2025-03-04 12:00:30,206 - INTERNAL - System Time: 2025-03-04 12:00:30.205990, Logical Clock: 224
2025-03-04 12:00:30,412 - INTERNAL - System Time: 2025-03-04 12:00:30.411801, Logical Clock: 225
2025-03-04 12:00:30,614 - INTERNAL - System Time: 2025-03-04 12:00:30.614244, Logical Clock: 226
2025-03-04 12:00:30,819 - RECEIVE - System Time: 2025-03-04 12:00:30.819027, Logical Clock: 233, Queue Length: 0, From: Machine 1
2025-03-04 12:00:31,024 - INTERNAL - System Time: 2025-03-04 12:00:31.024251, Logical Clock: 234
2025-03-04 12:00:31,230 - INTERNAL - System Time: 2025-03-04 12:00:31.230492, Logical Clock: 235
2025-03-04 12:00:31,434 - INTERNAL - System Time: 2025-03-04 12:00:31.434536, Logical Clock: 236
2025-03-04 12:00:31,636 - INTERNAL - System Time: 2025-03-04 12:00:31.635944, Logical Clock: 237
2025-03-04 12:00:31,847 - SEND - System Time: 2025-03-04 12:00:31.845417, Logical Clock: 238, To: Machine on port 10000
2025-03-04 12:00:32,053 - INTERNAL - System Time: 2025-03-04 12:00:32.052316, Logical Clock: 239
2025-03-04 12:00:32,257 - RECEIVE - System Time: 2025-03-04 12:00:32.257243, Logical Clock: 242, Queue Length: 0, From: Machine 1
2025-03-04 12:00:32,462 - INTERNAL - System Time: 2025-03-04 12:00:32.462255, Logical Clock: 243
2025-03-04 12:00:32,665 - INTERNAL - System Time: 2025-03-04 12:00:32.665227, Logical Clock: 244
2025-03-04 12:00:32,866 - SEND - System Time: 2025-03-04 12:00:32.866604, Logical Clock: 245, To: Machine on port 10000
2025-03-04 12:00:33,069 - INTERNAL - System Time: 2025-03-04 12:00:33.069040, Logical Clock: 246
2025-03-04 12:00:33,274 - SEND - System Time: 2025-03-04 12:00:33.274638, Logical Clock: 247, To: Machine on port 10000
2025-03-04 12:00:33,480 - INTERNAL - System Time: 2025-03-04 12:00:33.479848, Logical Clock: 248
2025-03-04 12:00:33,684 - INTERNAL - System Time: 2025-03-04 12:00:33.683861, Logical Clock: 249
2025-03-04 12:00:33,887 - INTERNAL - System Time: 2025-03-04 12:00:33.887697, Logical Clock: 250
2025-03-04 12:00:34,093 - INTERNAL - System Time: 2025-03-04 12:00:34.093271, Logical Clock: 251
2025-03-04 12:00:34,298 - INTERNAL - System Time: 2025-03-04 12:00:34.298715, Logical Clock: 252
2025-03-04 12:00:34,500 - INTERNAL - System Time: 2025-03-04 12:00:34.499805, Logical Clock: 253
2025-03-04 12:00:34,704 - INTERNAL - System Time: 2025-03-04 12:00:34.704134, Logical Clock: 254
2025-03-04 12:00:34,908 - INTERNAL - System Time: 2025-03-04 12:00:34.908334, Logical Clock: 255
2025-03-04 12:00:35,109 - INTERNAL - System Time: 2025-03-04 12:00:35.109470, Logical Clock: 256
2025-03-04 12:00:35,314 - INTERNAL - System Time: 2025-03-04 12:00:35.314474, Logical Clock: 257
2025-03-04 12:00:35,518 - INTERNAL - System Time: 2025-03-04 12:00:35.518560, Logical Clock: 258
2025-03-04 12:00:35,721 - INTERNAL - System Time: 2025-03-04 12:00:35.720825, Logical Clock: 259
2025-03-04 12:00:35,922 - INTERNAL - System Time: 2025-03-04 12:00:35.922265, Logical Clock: 260
2025-03-04 12:00:36,126 - INTERNAL - System Time: 2025-03-04 12:00:36.126083, Logical Clock: 261
2025-03-04 12:00:36,328 - INTERNAL - System Time: 2025-03-04 12:00:36.327965, Logical Clock: 262
2025-03-04 12:00:36,529 - INTERNAL - System Time: 2025-03-04 12:00:36.529204, Logical Clock: 263
2025-03-04 12:00:36,732 - SEND - System Time: 2025-03-04 12:00:36.732196, Logical Clock: 264, To: Machine on port 10001
2025-03-04 12:00:36,936 - INTERNAL - System Time: 2025-03-04 12:00:36.936517, Logical Clock: 265
2025-03-04 12:00:37,141 - INTERNAL - System Time: 2025-03-04 12:00:37.141036, Logical Clock: 266
2025-03-04 12:00:37,346 - INTERNAL - System Time: 2025-03-04 12:00:37.346089, Logical Clock: 267
2025-03-04 12:00:37,551 - INTERNAL - System Time: 2025-03-04 12:00:37.551532, Logical Clock: 268
2025-03-04 12:00:37,754 - INTERNAL - System Time: 2025-03-04 12:00:37.754230, Logical Clock: 269
2025-03-04 12:00:37,957 - INTERNAL - System Time: 2025-03-04 12:00:37.957132, Logical Clock: 270
2025-03-04 12:00:38,161 - INTERNAL - System Time: 2025-03-04 12:00:38.161425, Logical Clock: 271
2025-03-04 12:00:38,367 - INTERNAL - System Time: 2025-03-04 12:00:38.367129, Logical Clock: 272
2025-03-04 12:00:38,573 - INTERNAL - System Time: 2025-03-04 12:00:38.572953, Logical Clock: 273
2025-03-04 12:00:38,778 - INTERNAL - System Time: 2025-03-04 12:00:38.778306, Logical Clock: 274
2025-03-04 12:00:38,983 - RECEIVE - System Time: 2025-03-04 12:00:38.983139, Logical Clock: 281, Queue Length: 0, From: Machine 1
2025-03-04 12:00:39,186 - SEND - System Time: 2025-03-04 12:00:39.186691, Logical Clock: 282, To: Machine on port 10001
2025-03-04 12:00:39,392 - INTERNAL - System Time: 2025-03-04 12:00:39.391931, Logical Clock: 283
2025-03-04 12:00:39,595 - INTERNAL - System Time: 2025-03-04 12:00:39.595359, Logical Clock: 284
2025-03-04 12:00:39,797 - INTERNAL - System Time: 2025-03-04 12:00:39.797552, Logical Clock: 285
2025-03-04 12:00:40,001 - INTERNAL - System Time: 2025-03-04 12:00:40.001234, Logical Clock: 286
2025-03-04 12:00:40,207 - INTERNAL - System Time: 2025-03-04 12:00:40.207204, Logical Clock: 287
2025-03-04 12:00:40,413 - INTERNAL - System Time: 2025-03-04 12:00:40.413031, Logical Clock: 288
2025-03-04 12:00:40,615 - RECEIVE - System Time: 2025-03-04 12:00:40.614933, Logical Clock: 291, Queue Length: 0, From: Machine 1
2025-03-04 12:00:40,820 - INTERNAL - System Time: 2025-03-04 12:00:40.820248, Logical Clock: 292
2025-03-04 12:00:41,025 - INTERNAL - System Time: 2025-03-04 12:00:41.025605, Logical Clock: 293
2025-03-04 12:00:41,231 - INTERNAL - System Time: 2025-03-04 12:00:41.231322, Logical Clock: 294
2025-03-04 12:00:41,436 - SEND - System Time: 2025-03-04 12:00:41.436715, Logical Clock: 295, To: Machine on port 10001
2025-03-04 12:00:41,642 - INTERNAL - System Time: 2025-03-04 12:00:41.642039, Logical Clock: 296
2025-03-04 12:00:41,847 - INTERNAL - System Time: 2025-03-04 12:00:41.847294, Logical Clock: 297
2025-03-04 12:00:42,051 - INTERNAL - System Time: 2025-03-04 12:00:42.051367, Logical Clock: 298
2025-03-04 12:00:42,253 - INTERNAL - System Time: 2025-03-04 12:00:42.253452, Logical Clock: 299
2025-03-04 12:00:42,459 - INTERNAL - System Time: 2025-03-04 12:00:42.459328, Logical Clock: 300
2025-03-04 12:00:42,663 - INTERNAL - System Time: 2025-03-04 12:00:42.663604, Logical Clock: 301
2025-03-04 12:00:42,865 - INTERNAL - System Time: 2025-03-04 12:00:42.865818, Logical Clock: 302
2025-03-04 12:00:43,070 - INTERNAL - System Time: 2025-03-04 12:00:43.070750, Logical Clock: 303
2025-03-04 12:00:43,274 - INTERNAL - System Time: 2025-03-04 12:00:43.274124, Logical Clock: 304
2025-03-04 12:00:43,479 - INTERNAL - System Time: 2025-03-04 12:00:43.479442, Logical Clock: 305
2025-03-04 12:00:43,685 - INTERNAL - System Time: 2025-03-04 12:00:43.685122, Logical Clock: 306
2025-03-04 12:00:43,886 - RECEIVE - System Time: 2025-03-04 12:00:43.886212, Logical Clock: 310, Queue Length: 0, From: Machine 1
2025-03-04 12:00:44,092 - INTERNAL - System Time: 2025-03-04 12:00:44.092060, Logical Clock: 311
2025-03-04 12:00:44,293 - INTERNAL - System Time: 2025-03-04 12:00:44.293694, Logical Clock: 312
2025-03-04 12:00:44,496 - INTERNAL - System Time: 2025-03-04 12:00:44.496039, Logical Clock: 313
2025-03-04 12:00:44,697 - INTERNAL - System Time: 2025-03-04 12:00:44.696867, Logical Clock: 314
2025-03-04 12:00:44,900 - INTERNAL - System Time: 2025-03-04 12:00:44.900119, Logical Clock: 315
2025-03-04 12:00:45,103 - RECEIVE - System Time: 2025-03-04 12:00:45.103206, Logical Clock: 317, Queue Length: 0, From: Machine 1
2025-03-04 12:00:45,308 - SEND - System Time: 2025-03-04 12:00:45.307836, Logical Clock: 318, To: Machine on port 10001
2025-03-04 12:00:45,511 - INTERNAL - System Time: 2025-03-04 12:00:45.511218, Logical Clock: 319
2025-03-04 12:00:45,716 - INTERNAL - System Time: 2025-03-04 12:00:45.716656, Logical Clock: 320
2025-03-04 12:00:45,918 - INTERNAL - System Time: 2025-03-04 12:00:45.918356, Logical Clock: 321
2025-03-04 12:00:46,121 - INTERNAL - System Time: 2025-03-04 12:00:46.120990, Logical Clock: 322
2025-03-04 12:00:46,326 - INTERNAL - System Time: 2025-03-04 12:00:46.325848, Logical Clock: 323
2025-03-04 12:00:46,531 - INTERNAL - System Time: 2025-03-04 12:00:46.531688, Logical Clock: 324
2025-03-04 12:00:46,735 - INTERNAL - System Time: 2025-03-04 12:00:46.734768, Logical Clock: 325
2025-03-04 12:00:46,936 - INTERNAL - System Time: 2025-03-04 12:00:46.936747, Logical Clock: 326
2025-03-04 12:00:47,143 - INTERNAL - System Time: 2025-03-04 12:00:47.142991, Logical Clock: 327
2025-03-04 12:00:47,348 - INTERNAL - System Time: 2025-03-04 12:00:47.348485, Logical Clock: 328
2025-03-04 12:00:47,550 - SEND - System Time: 2025-03-04 12:00:47.550786, Logical Clock: 329, To: Machine on port 10001
2025-03-04 12:00:47,756 - INTERNAL - System Time: 2025-03-04 12:00:47.756041, Logical Clock: 330
2025-03-04 12:00:47,958 - SEND - System Time: 2025-03-04 12:00:47.957792, Logical Clock: 331, To: Machine on port 10000
2025-03-04 12:00:48,163 - INTERNAL - System Time: 2025-03-04 12:00:48.163491, Logical Clock: 332
2025-03-04 12:00:48,367 - INTERNAL - System Time: 2025-03-04 12:00:48.367524, Logical Clock: 333
2025-03-04 12:00:48,570 - INTERNAL - System Time: 2025-03-04 12:00:48.570519, Logical Clock: 334
2025-03-04 12:00:48,775 - INTERNAL - System Time: 2025-03-04 12:00:48.775836, Logical Clock: 335
2025-03-04 12:00:48,980 - RECEIVE - System Time: 2025-03-04 12:00:48.979305, Logical Clock: 340, Queue Length: 0, From: Machine 1
2025-03-04 12:00:49,186 - RECEIVE - System Time: 2025-03-04 12:00:49.186301, Logical Clock: 341, Queue Length: 0, From: Machine 1
2025-03-04 12:00:49,392 - SEND - System Time: 2025-03-04 12:00:49.391757, Logical Clock: 342, To: Machine on port 10000
2025-03-04 12:00:49,597 - INTERNAL - System Time: 2025-03-04 12:00:49.597227, Logical Clock: 343
2025-03-04 12:00:49,802 - INTERNAL - System Time: 2025-03-04 12:00:49.802536, Logical Clock: 344
2025-03-04 12:00:50,006 - SEND - System Time: 2025-03-04 12:00:50.006366, Logical Clock: 345, To: Machine on port 10000
2025-03-04 12:00:50,211 - SEND - System Time: 2025-03-04 12:00:50.210875, Logical Clock: 346, To: Machine on port 10000
2025-03-04 12:00:50,419 - INTERNAL - System Time: 2025-03-04 12:00:50.419499, Logical Clock: 347
2025-03-04 12:00:50,626 - SEND - System Time: 2025-03-04 12:00:50.625744, Logical Clock: 348, To: Machine on port 10000
2025-03-04 12:00:50,832 - INTERNAL - System Time: 2025-03-04 12:00:50.832304, Logical Clock: 349
2025-03-04 12:00:51,036 - SEND - System Time: 2025-03-04 12:00:51.036275, Logical Clock: 350, To: Machine on port 10001
