2025-03-04 10:57:57,102 - Virtual Machine 2 initialized
2025-03-04 10:57:57,102 - Clock Rate: 6 ticks/second
2025-03-04 10:57:57,102 - Listening on port: 10001
2025-03-04 10:57:57,102 - Peer ports: [10000, 10002]
2025-03-04 10:57:57,103 - Connected to peer on port 10000
2025-03-04 10:57:57,627 - Accepted connection from ('127.0.0.1', 50844)
2025-03-04 10:57:57,665 - Accepted connection from ('127.0.0.1', 50845)
2025-03-04 10:57:58,110 - Connected to peer on port 10002
2025-03-04 10:57:58,111 - Network initialization completed
2025-03-04 10:57:58,111 - Starting main event loop
2025-03-04 10:57:58,111 - Clock rate: 6 ticks/second
2025-03-04 10:57:58,111 - INTERNAL - System Time: 2025-03-04 10:57:58.111528, Logical Clock: 1
2025-03-04 10:57:58,278 - INTERNAL - System Time: 2025-03-04 10:57:58.278762, Logical Clock: 2
2025-03-04 10:57:58,450 - INTERNAL - System Time: 2025-03-04 10:57:58.450667, Logical Clock: 3
2025-03-04 10:57:58,621 - SEND - System Time: 2025-03-04 10:57:58.621027, Logical Clock: 4, To: Machine on port 10000
2025-03-04 10:57:58,789 - INTERNAL - System Time: 2025-03-04 10:57:58.788784, Logical Clock: 5
2025-03-04 10:57:58,958 - INTERNAL - System Time: 2025-03-04 10:57:58.958089, Logical Clock: 6
2025-03-04 10:57:59,129 - INTERNAL - System Time: 2025-03-04 10:57:59.128772, Logical Clock: 7
2025-03-04 10:57:59,301 - INTERNAL - System Time: 2025-03-04 10:57:59.301078, Logical Clock: 8
2025-03-04 10:57:59,476 - INTERNAL - System Time: 2025-03-04 10:57:59.475869, Logical Clock: 9
2025-03-04 10:57:59,648 - SEND - System Time: 2025-03-04 10:57:59.648063, Logical Clock: 10, To: Machine on port 10000
2025-03-04 10:57:59,819 - SEND - System Time: 2025-03-04 10:57:59.819429, Logical Clock: 11, To: Machine on port 10002
2025-03-04 10:57:59,991 - INTERNAL - System Time: 2025-03-04 10:57:59.991628, Logical Clock: 12
2025-03-04 10:58:00,163 - INTERNAL - System Time: 2025-03-04 10:58:00.163354, Logical Clock: 13
2025-03-04 10:58:00,334 - INTERNAL - System Time: 2025-03-04 10:58:00.334451, Logical Clock: 14
2025-03-04 10:58:00,506 - INTERNAL - System Time: 2025-03-04 10:58:00.506429, Logical Clock: 15
2025-03-04 10:58:00,675 - RECEIVE - System Time: 2025-03-04 10:58:00.675784, Logical Clock: 19, Queue Length: 0, From: Machine 1
2025-03-04 10:58:00,843 - INTERNAL - System Time: 2025-03-04 10:58:00.843569, Logical Clock: 20
2025-03-04 10:58:01,015 - INTERNAL - System Time: 2025-03-04 10:58:01.015586, Logical Clock: 21
2025-03-04 10:58:01,187 - RECEIVE - System Time: 2025-03-04 10:58:01.187068, Logical Clock: 22, Queue Length: 0, From: Machine 1
2025-03-04 10:58:01,356 - INTERNAL - System Time: 2025-03-04 10:58:01.356021, Logical Clock: 23
2025-03-04 10:58:01,528 - RECEIVE - System Time: 2025-03-04 10:58:01.528080, Logical Clock: 24, Queue Length: 0, From: Machine 1
2025-03-04 10:58:01,700 - INTERNAL - System Time: 2025-03-04 10:58:01.700054, Logical Clock: 25
2025-03-04 10:58:01,867 - INTERNAL - System Time: 2025-03-04 10:58:01.867278, Logical Clock: 26
2025-03-04 10:58:02,037 - INTERNAL - System Time: 2025-03-04 10:58:02.037075, Logical Clock: 27
2025-03-04 10:58:02,205 - INTERNAL - System Time: 2025-03-04 10:58:02.205308, Logical Clock: 28
2025-03-04 10:58:02,373 - INTERNAL - System Time: 2025-03-04 10:58:02.373832, Logical Clock: 29
2025-03-04 10:58:02,545 - INTERNAL - System Time: 2025-03-04 10:58:02.545775, Logical Clock: 30
2025-03-04 10:58:02,717 - SEND - System Time: 2025-03-04 10:58:02.717061, Logical Clock: 31, To: Machine on port 10002
2025-03-04 10:58:02,887 - INTERNAL - System Time: 2025-03-04 10:58:02.886851, Logical Clock: 32
2025-03-04 10:58:03,060 - INTERNAL - System Time: 2025-03-04 10:58:03.060325, Logical Clock: 33
2025-03-04 10:58:03,229 - INTERNAL - System Time: 2025-03-04 10:58:03.229154, Logical Clock: 34
2025-03-04 10:58:03,396 - INTERNAL - System Time: 2025-03-04 10:58:03.396338, Logical Clock: 35
2025-03-04 10:58:03,568 - INTERNAL - System Time: 2025-03-04 10:58:03.568418, Logical Clock: 36
2025-03-04 10:58:03,735 - INTERNAL - System Time: 2025-03-04 10:58:03.735826, Logical Clock: 37
2025-03-04 10:58:03,914 - INTERNAL - System Time: 2025-03-04 10:58:03.914293, Logical Clock: 38
2025-03-04 10:58:04,083 - INTERNAL - System Time: 2025-03-04 10:58:04.083094, Logical Clock: 39
2025-03-04 10:58:04,253 - INTERNAL - System Time: 2025-03-04 10:58:04.253274, Logical Clock: 40
2025-03-04 10:58:04,424 - INTERNAL - System Time: 2025-03-04 10:58:04.424189, Logical Clock: 41
2025-03-04 10:58:04,593 - INTERNAL - System Time: 2025-03-04 10:58:04.593864, Logical Clock: 42
2025-03-04 10:58:04,765 - INTERNAL - System Time: 2025-03-04 10:58:04.765795, Logical Clock: 43
2025-03-04 10:58:04,938 - SEND - System Time: 2025-03-04 10:58:04.938017, Logical Clock: 44, To: Machine on port 10000
2025-03-04 10:58:05,110 - INTERNAL - System Time: 2025-03-04 10:58:05.110336, Logical Clock: 45
2025-03-04 10:58:05,280 - INTERNAL - System Time: 2025-03-04 10:58:05.279907, Logical Clock: 46
2025-03-04 10:58:05,451 - INTERNAL - System Time: 2025-03-04 10:58:05.451565, Logical Clock: 47
2025-03-04 10:58:05,619 - RECEIVE - System Time: 2025-03-04 10:58:05.619044, Logical Clock: 49, Queue Length: 0, From: Machine 1
2025-03-04 10:58:05,787 - RECEIVE - System Time: 2025-03-04 10:58:05.787153, Logical Clock: 50, Queue Length: 0, From: Machine 1
2025-03-04 10:58:05,958 - INTERNAL - System Time: 2025-03-04 10:58:05.957895, Logical Clock: 51
2025-03-04 10:58:06,127 - INTERNAL - System Time: 2025-03-04 10:58:06.126982, Logical Clock: 52
2025-03-04 10:58:06,294 - INTERNAL - System Time: 2025-03-04 10:58:06.294712, Logical Clock: 53
2025-03-04 10:58:06,463 - INTERNAL - System Time: 2025-03-04 10:58:06.463504, Logical Clock: 54
2025-03-04 10:58:06,635 - INTERNAL - System Time: 2025-03-04 10:58:06.635406, Logical Clock: 55
2025-03-04 10:58:06,803 - RECEIVE - System Time: 2025-03-04 10:58:06.802883, Logical Clock: 56, Queue Length: 0, From: Machine 3
2025-03-04 10:58:06,970 - RECEIVE - System Time: 2025-03-04 10:58:06.970537, Logical Clock: 57, Queue Length: 0, From: Machine 1
2025-03-04 10:58:07,139 - INTERNAL - System Time: 2025-03-04 10:58:07.139703, Logical Clock: 58
2025-03-04 10:58:07,310 - INTERNAL - System Time: 2025-03-04 10:58:07.309984, Logical Clock: 59
2025-03-04 10:58:07,478 - INTERNAL - System Time: 2025-03-04 10:58:07.478183, Logical Clock: 60
2025-03-04 10:58:07,655 - INTERNAL - System Time: 2025-03-04 10:58:07.655648, Logical Clock: 61
2025-03-04 10:58:07,829 - SEND - System Time: 2025-03-04 10:58:07.828708, Logical Clock: 62, To: Machine on port 10000
2025-03-04 10:58:07,999 - SEND - System Time: 2025-03-04 10:58:07.998762, Logical Clock: 63, To: Machine on port 10000
2025-03-04 10:58:08,171 - INTERNAL - System Time: 2025-03-04 10:58:08.170968, Logical Clock: 64
2025-03-04 10:58:08,341 - INTERNAL - System Time: 2025-03-04 10:58:08.340982, Logical Clock: 65
2025-03-04 10:58:08,513 - INTERNAL - System Time: 2025-03-04 10:58:08.513526, Logical Clock: 66
2025-03-04 10:58:08,684 - SEND - System Time: 2025-03-04 10:58:08.684785, Logical Clock: 67, To: Machine on port 10002
2025-03-04 10:58:08,856 - INTERNAL - System Time: 2025-03-04 10:58:08.856783, Logical Clock: 68
2025-03-04 10:58:09,025 - INTERNAL - System Time: 2025-03-04 10:58:09.024899, Logical Clock: 69
2025-03-04 10:58:09,194 - INTERNAL - System Time: 2025-03-04 10:58:09.193855, Logical Clock: 70
2025-03-04 10:58:09,366 - INTERNAL - System Time: 2025-03-04 10:58:09.365861, Logical Clock: 71
2025-03-04 10:58:09,535 - INTERNAL - System Time: 2025-03-04 10:58:09.535528, Logical Clock: 72
2025-03-04 10:58:09,707 - INTERNAL - System Time: 2025-03-04 10:58:09.707581, Logical Clock: 73
2025-03-04 10:58:09,875 - RECEIVE - System Time: 2025-03-04 10:58:09.875765, Logical Clock: 75, Queue Length: 0, From: Machine 1
2025-03-04 10:58:10,045 - SEND - System Time: 2025-03-04 10:58:10.045592, Logical Clock: 76, To: Machine on port 10002
2025-03-04 10:58:10,214 - SEND - System Time: 2025-03-04 10:58:10.214433, Logical Clock: 77, To: Machine on port 10000
2025-03-04 10:58:10,385 - INTERNAL - System Time: 2025-03-04 10:58:10.385609, Logical Clock: 78
2025-03-04 10:58:10,557 - INTERNAL - System Time: 2025-03-04 10:58:10.555598, Logical Clock: 79
2025-03-04 10:58:10,724 - INTERNAL - System Time: 2025-03-04 10:58:10.724596, Logical Clock: 80
2025-03-04 10:58:10,896 - SEND - System Time: 2025-03-04 10:58:10.896648, Logical Clock: 81, To: Machine on port 10002
2025-03-04 10:58:11,065 - INTERNAL - System Time: 2025-03-04 10:58:11.064976, Logical Clock: 82
2025-03-04 10:58:11,234 - INTERNAL - System Time: 2025-03-04 10:58:11.233902, Logical Clock: 83
2025-03-04 10:58:11,404 - INTERNAL - System Time: 2025-03-04 10:58:11.404042, Logical Clock: 84
2025-03-04 10:58:11,573 - SEND - System Time: 2025-03-04 10:58:11.573126, Logical Clock: 85, To: Machine on port 10002
2025-03-04 10:58:11,740 - INTERNAL - System Time: 2025-03-04 10:58:11.740811, Logical Clock: 86
2025-03-04 10:58:11,908 - INTERNAL - System Time: 2025-03-04 10:58:11.908042, Logical Clock: 87
2025-03-04 10:58:12,079 - INTERNAL - System Time: 2025-03-04 10:58:12.079711, Logical Clock: 88
2025-03-04 10:58:12,252 - RECEIVE - System Time: 2025-03-04 10:58:12.252115, Logical Clock: 90, Queue Length: 0, From: Machine 1
2025-03-04 10:58:12,423 - INTERNAL - System Time: 2025-03-04 10:58:12.422891, Logical Clock: 91
2025-03-04 10:58:12,594 - INTERNAL - System Time: 2025-03-04 10:58:12.594113, Logical Clock: 92
2025-03-04 10:58:12,766 - SEND - System Time: 2025-03-04 10:58:12.766107, Logical Clock: 93, To: Machine on port 10002
2025-03-04 10:58:12,937 - INTERNAL - System Time: 2025-03-04 10:58:12.937949, Logical Clock: 94
2025-03-04 10:58:13,109 - INTERNAL - System Time: 2025-03-04 10:58:13.109841, Logical Clock: 95
2025-03-04 10:58:13,277 - INTERNAL - System Time: 2025-03-04 10:58:13.277434, Logical Clock: 96
2025-03-04 10:58:13,445 - SEND - System Time: 2025-03-04 10:58:13.445536, Logical Clock: 97, To: Machine on port 10002
2025-03-04 10:58:13,615 - INTERNAL - System Time: 2025-03-04 10:58:13.615789, Logical Clock: 98
2025-03-04 10:58:13,788 - SEND - System Time: 2025-03-04 10:58:13.787977, Logical Clock: 99, To: Machine on port 10002
2025-03-04 10:58:13,957 - INTERNAL - System Time: 2025-03-04 10:58:13.957513, Logical Clock: 100
2025-03-04 10:58:14,128 - INTERNAL - System Time: 2025-03-04 10:58:14.128553, Logical Clock: 101
2025-03-04 10:58:14,298 - INTERNAL - System Time: 2025-03-04 10:58:14.298848, Logical Clock: 102
2025-03-04 10:58:14,467 - INTERNAL - System Time: 2025-03-04 10:58:14.467077, Logical Clock: 103
2025-03-04 10:58:14,639 - INTERNAL - System Time: 2025-03-04 10:58:14.639157, Logical Clock: 104
2025-03-04 10:58:14,807 - INTERNAL - System Time: 2025-03-04 10:58:14.807159, Logical Clock: 105
2025-03-04 10:58:14,979 - INTERNAL - System Time: 2025-03-04 10:58:14.979197, Logical Clock: 106
2025-03-04 10:58:15,151 - INTERNAL - System Time: 2025-03-04 10:58:15.151117, Logical Clock: 107
2025-03-04 10:58:15,322 - INTERNAL - System Time: 2025-03-04 10:58:15.322632, Logical Clock: 108
2025-03-04 10:58:15,494 - INTERNAL - System Time: 2025-03-04 10:58:15.494176, Logical Clock: 109
2025-03-04 10:58:15,663 - INTERNAL - System Time: 2025-03-04 10:58:15.663424, Logical Clock: 110
2025-03-04 10:58:15,833 - SEND - System Time: 2025-03-04 10:58:15.833057, Logical Clock: 111, To: Machine on port 10002
2025-03-04 10:58:16,003 - INTERNAL - System Time: 2025-03-04 10:58:16.003761, Logical Clock: 112
2025-03-04 10:58:16,173 - INTERNAL - System Time: 2025-03-04 10:58:16.173681, Logical Clock: 113
2025-03-04 10:58:16,343 - INTERNAL - System Time: 2025-03-04 10:58:16.343031, Logical Clock: 114
2025-03-04 10:58:16,515 - INTERNAL - System Time: 2025-03-04 10:58:16.515189, Logical Clock: 115
2025-03-04 10:58:16,687 - INTERNAL - System Time: 2025-03-04 10:58:16.687488, Logical Clock: 116
2025-03-04 10:58:16,861 - INTERNAL - System Time: 2025-03-04 10:58:16.861121, Logical Clock: 117
2025-03-04 10:58:17,033 - INTERNAL - System Time: 2025-03-04 10:58:17.033192, Logical Clock: 118
2025-03-04 10:58:17,205 - INTERNAL - System Time: 2025-03-04 10:58:17.205126, Logical Clock: 119
2025-03-04 10:58:17,376 - INTERNAL - System Time: 2025-03-04 10:58:17.376554, Logical Clock: 120
2025-03-04 10:58:17,545 - INTERNAL - System Time: 2025-03-04 10:58:17.544807, Logical Clock: 121
2025-03-04 10:58:17,715 - INTERNAL - System Time: 2025-03-04 10:58:17.715462, Logical Clock: 122
2025-03-04 10:58:17,888 - INTERNAL - System Time: 2025-03-04 10:58:17.887984, Logical Clock: 123
2025-03-04 10:58:18,056 - INTERNAL - System Time: 2025-03-04 10:58:18.056036, Logical Clock: 124
2025-03-04 10:58:18,227 - INTERNAL - System Time: 2025-03-04 10:58:18.227669, Logical Clock: 125
2025-03-04 10:58:18,399 - INTERNAL - System Time: 2025-03-04 10:58:18.399373, Logical Clock: 126
2025-03-04 10:58:18,571 - INTERNAL - System Time: 2025-03-04 10:58:18.570700, Logical Clock: 127
2025-03-04 10:58:18,744 - INTERNAL - System Time: 2025-03-04 10:58:18.743679, Logical Clock: 128
2025-03-04 10:58:18,915 - INTERNAL - System Time: 2025-03-04 10:58:18.915378, Logical Clock: 129
2025-03-04 10:58:19,084 - INTERNAL - System Time: 2025-03-04 10:58:19.084616, Logical Clock: 130
2025-03-04 10:58:19,256 - INTERNAL - System Time: 2025-03-04 10:58:19.256621, Logical Clock: 131
2025-03-04 10:58:19,430 - INTERNAL - System Time: 2025-03-04 10:58:19.430134, Logical Clock: 132
2025-03-04 10:58:19,598 - INTERNAL - System Time: 2025-03-04 10:58:19.597992, Logical Clock: 133
2025-03-04 10:58:19,770 - SEND - System Time: 2025-03-04 10:58:19.770439, Logical Clock: 134, To: Machine on port 10000
2025-03-04 10:58:19,943 - INTERNAL - System Time: 2025-03-04 10:58:19.942842, Logical Clock: 135
2025-03-04 10:58:20,112 - INTERNAL - System Time: 2025-03-04 10:58:20.112555, Logical Clock: 136
2025-03-04 10:58:20,285 - RECEIVE - System Time: 2025-03-04 10:58:20.284691, Logical Clock: 138, Queue Length: 0, From: Machine 1
2025-03-04 10:58:20,454 - INTERNAL - System Time: 2025-03-04 10:58:20.454594, Logical Clock: 139
2025-03-04 10:58:20,625 - INTERNAL - System Time: 2025-03-04 10:58:20.624908, Logical Clock: 140
2025-03-04 10:58:20,797 - INTERNAL - System Time: 2025-03-04 10:58:20.796760, Logical Clock: 141
2025-03-04 10:58:20,965 - RECEIVE - System Time: 2025-03-04 10:58:20.965247, Logical Clock: 142, Queue Length: 0, From: Machine 1
2025-03-04 10:58:21,137 - INTERNAL - System Time: 2025-03-04 10:58:21.137141, Logical Clock: 143
2025-03-04 10:58:21,309 - INTERNAL - System Time: 2025-03-04 10:58:21.309108, Logical Clock: 144
2025-03-04 10:58:21,478 - INTERNAL - System Time: 2025-03-04 10:58:21.478484, Logical Clock: 145
2025-03-04 10:58:21,648 - INTERNAL - System Time: 2025-03-04 10:58:21.647946, Logical Clock: 146
2025-03-04 10:58:21,820 - INTERNAL - System Time: 2025-03-04 10:58:21.820474, Logical Clock: 147
2025-03-04 10:58:21,988 - INTERNAL - System Time: 2025-03-04 10:58:21.988094, Logical Clock: 148
2025-03-04 10:58:22,158 - SEND - System Time: 2025-03-04 10:58:22.158026, Logical Clock: 149, To: Machine on port 10000
2025-03-04 10:58:22,330 - INTERNAL - System Time: 2025-03-04 10:58:22.329867, Logical Clock: 150
2025-03-04 10:58:22,497 - INTERNAL - System Time: 2025-03-04 10:58:22.497395, Logical Clock: 151
2025-03-04 10:58:22,670 - INTERNAL - System Time: 2025-03-04 10:58:22.670626, Logical Clock: 152
2025-03-04 10:58:22,841 - INTERNAL - System Time: 2025-03-04 10:58:22.841758, Logical Clock: 153
2025-03-04 10:58:23,010 - INTERNAL - System Time: 2025-03-04 10:58:23.010673, Logical Clock: 154
2025-03-04 10:58:23,180 - SEND - System Time: 2025-03-04 10:58:23.180416, Logical Clock: 155, To: Machine on port 10000
2025-03-04 10:58:23,352 - SEND - System Time: 2025-03-04 10:58:23.352482, Logical Clock: 156, To: Machine on port 10000
2025-03-04 10:58:23,525 - INTERNAL - System Time: 2025-03-04 10:58:23.525279, Logical Clock: 157
2025-03-04 10:58:23,698 - INTERNAL - System Time: 2025-03-04 10:58:23.697698, Logical Clock: 158
2025-03-04 10:58:23,866 - INTERNAL - System Time: 2025-03-04 10:58:23.866742, Logical Clock: 159
2025-03-04 10:58:24,038 - INTERNAL - System Time: 2025-03-04 10:58:24.037769, Logical Clock: 160
2025-03-04 10:58:24,206 - INTERNAL - System Time: 2025-03-04 10:58:24.206398, Logical Clock: 161
2025-03-04 10:58:24,378 - SEND - System Time: 2025-03-04 10:58:24.377706, Logical Clock: 162, To: Machine on port 10000
2025-03-04 10:58:24,549 - INTERNAL - System Time: 2025-03-04 10:58:24.548888, Logical Clock: 163
2025-03-04 10:58:24,719 - INTERNAL - System Time: 2025-03-04 10:58:24.719118, Logical Clock: 164
2025-03-04 10:58:24,891 - RECEIVE - System Time: 2025-03-04 10:58:24.891308, Logical Clock: 166, Queue Length: 0, From: Machine 1
2025-03-04 10:58:25,061 - INTERNAL - System Time: 2025-03-04 10:58:25.061251, Logical Clock: 167
2025-03-04 10:58:25,233 - INTERNAL - System Time: 2025-03-04 10:58:25.233187, Logical Clock: 168
2025-03-04 10:58:25,405 - INTERNAL - System Time: 2025-03-04 10:58:25.405136, Logical Clock: 169
2025-03-04 10:58:25,577 - INTERNAL - System Time: 2025-03-04 10:58:25.577232, Logical Clock: 170
2025-03-04 10:58:25,749 - INTERNAL - System Time: 2025-03-04 10:58:25.748927, Logical Clock: 171
2025-03-04 10:58:25,918 - INTERNAL - System Time: 2025-03-04 10:58:25.918397, Logical Clock: 172
2025-03-04 10:58:26,090 - INTERNAL - System Time: 2025-03-04 10:58:26.089892, Logical Clock: 173
2025-03-04 10:58:26,262 - INTERNAL - System Time: 2025-03-04 10:58:26.262244, Logical Clock: 174
2025-03-04 10:58:26,435 - INTERNAL - System Time: 2025-03-04 10:58:26.435292, Logical Clock: 175
2025-03-04 10:58:26,609 - INTERNAL - System Time: 2025-03-04 10:58:26.609564, Logical Clock: 176
2025-03-04 10:58:26,781 - SEND - System Time: 2025-03-04 10:58:26.781347, Logical Clock: 177, To: Machine on port 10002
2025-03-04 10:58:26,949 - INTERNAL - System Time: 2025-03-04 10:58:26.949328, Logical Clock: 178
2025-03-04 10:58:27,122 - INTERNAL - System Time: 2025-03-04 10:58:27.121829, Logical Clock: 179
2025-03-04 10:58:27,293 - INTERNAL - System Time: 2025-03-04 10:58:27.293533, Logical Clock: 180
2025-03-04 10:58:27,465 - RECEIVE - System Time: 2025-03-04 10:58:27.465360, Logical Clock: 181, Queue Length: 0, From: Machine 1
2025-03-04 10:58:27,634 - INTERNAL - System Time: 2025-03-04 10:58:27.634414, Logical Clock: 182
2025-03-04 10:58:27,804 - SEND - System Time: 2025-03-04 10:58:27.804638, Logical Clock: 183, To: Machine on port 10000
2025-03-04 10:58:27,974 - INTERNAL - System Time: 2025-03-04 10:58:27.974549, Logical Clock: 184
2025-03-04 10:58:28,144 - RECEIVE - System Time: 2025-03-04 10:58:28.143955, Logical Clock: 186, Queue Length: 0, From: Machine 1
2025-03-04 10:58:28,315 - INTERNAL - System Time: 2025-03-04 10:58:28.315481, Logical Clock: 187
2025-03-04 10:58:28,488 - INTERNAL - System Time: 2025-03-04 10:58:28.488148, Logical Clock: 188
2025-03-04 10:58:28,658 - RECEIVE - System Time: 2025-03-04 10:58:28.657927, Logical Clock: 189, Queue Length: 0, From: Machine 1
2025-03-04 10:58:28,827 - INTERNAL - System Time: 2025-03-04 10:58:28.827391, Logical Clock: 190
2025-03-04 10:58:28,996 - RECEIVE - System Time: 2025-03-04 10:58:28.996115, Logical Clock: 191, Queue Length: 0, From: Machine 1
2025-03-04 10:58:29,170 - RECEIVE - System Time: 2025-03-04 10:58:29.170444, Logical Clock: 192, Queue Length: 0, From: Machine 1
2025-03-04 10:58:29,342 - SEND - System Time: 2025-03-04 10:58:29.342443, Logical Clock: 193, To: Machine on port 10000
2025-03-04 10:58:29,514 - SEND - System Time: 2025-03-04 10:58:29.514397, Logical Clock: 194, To: Machine on port 10002
2025-03-04 10:58:29,685 - INTERNAL - System Time: 2025-03-04 10:58:29.685244, Logical Clock: 195
2025-03-04 10:58:29,855 - SEND - System Time: 2025-03-04 10:58:29.855164, Logical Clock: 196, To: Machine on port 10002
2025-03-04 10:58:30,023 - INTERNAL - System Time: 2025-03-04 10:58:30.023428, Logical Clock: 197
2025-03-04 10:58:30,194 - INTERNAL - System Time: 2025-03-04 10:58:30.193711, Logical Clock: 198
2025-03-04 10:58:30,364 - INTERNAL - System Time: 2025-03-04 10:58:30.363821, Logical Clock: 199
2025-03-04 10:58:30,536 - INTERNAL - System Time: 2025-03-04 10:58:30.536389, Logical Clock: 200
2025-03-04 10:58:30,706 - SEND - System Time: 2025-03-04 10:58:30.705959, Logical Clock: 201, To: Machine on port 10002
2025-03-04 10:58:30,876 - INTERNAL - System Time: 2025-03-04 10:58:30.876009, Logical Clock: 202
2025-03-04 10:58:31,044 - INTERNAL - System Time: 2025-03-04 10:58:31.044456, Logical Clock: 203
2025-03-04 10:58:31,216 - RECEIVE - System Time: 2025-03-04 10:58:31.216007, Logical Clock: 205, Queue Length: 0, From: Machine 1
2025-03-04 10:58:31,387 - SEND - System Time: 2025-03-04 10:58:31.387569, Logical Clock: 206, To: Machine on port 10002
2025-03-04 10:58:31,557 - INTERNAL - System Time: 2025-03-04 10:58:31.557110, Logical Clock: 207
2025-03-04 10:58:31,729 - RECEIVE - System Time: 2025-03-04 10:58:31.729167, Logical Clock: 208, Queue Length: 0, From: Machine 1
2025-03-04 10:58:31,902 - INTERNAL - System Time: 2025-03-04 10:58:31.901873, Logical Clock: 209
2025-03-04 10:58:32,076 - INTERNAL - System Time: 2025-03-04 10:58:32.075200, Logical Clock: 210
2025-03-04 10:58:32,244 - INTERNAL - System Time: 2025-03-04 10:58:32.244488, Logical Clock: 211
2025-03-04 10:58:32,416 - SEND - System Time: 2025-03-04 10:58:32.416518, Logical Clock: 212, To: Machine on port 10000
2025-03-04 10:58:32,584 - INTERNAL - System Time: 2025-03-04 10:58:32.584244, Logical Clock: 213
2025-03-04 10:58:32,756 - INTERNAL - System Time: 2025-03-04 10:58:32.755467, Logical Clock: 214
2025-03-04 10:58:32,927 - INTERNAL - System Time: 2025-03-04 10:58:32.927213, Logical Clock: 215
2025-03-04 10:58:33,099 - INTERNAL - System Time: 2025-03-04 10:58:33.099656, Logical Clock: 216
2025-03-04 10:58:33,271 - INTERNAL - System Time: 2025-03-04 10:58:33.271518, Logical Clock: 217
2025-03-04 10:58:33,441 - SEND - System Time: 2025-03-04 10:58:33.441472, Logical Clock: 218, To: Machine on port 10002
2025-03-04 10:58:33,610 - INTERNAL - System Time: 2025-03-04 10:58:33.610917, Logical Clock: 219
2025-03-04 10:58:33,778 - SEND - System Time: 2025-03-04 10:58:33.778303, Logical Clock: 220, To: Machine on port 10002
2025-03-04 10:58:33,950 - SEND - System Time: 2025-03-04 10:58:33.950499, Logical Clock: 221, To: Machine on port 10000
2025-03-04 10:58:34,122 - SEND - System Time: 2025-03-04 10:58:34.122301, Logical Clock: 222, To: Machine on port 10002
2025-03-04 10:58:34,292 - INTERNAL - System Time: 2025-03-04 10:58:34.292147, Logical Clock: 223
2025-03-04 10:58:34,463 - INTERNAL - System Time: 2025-03-04 10:58:34.463418, Logical Clock: 224
2025-03-04 10:58:34,634 - INTERNAL - System Time: 2025-03-04 10:58:34.634045, Logical Clock: 225
2025-03-04 10:58:34,805 - INTERNAL - System Time: 2025-03-04 10:58:34.804954, Logical Clock: 226
2025-03-04 10:58:34,977 - SEND - System Time: 2025-03-04 10:58:34.977196, Logical Clock: 227, To: Machine on port 10002
2025-03-04 10:58:35,146 - INTERNAL - System Time: 2025-03-04 10:58:35.146133, Logical Clock: 228
2025-03-04 10:58:35,315 - INTERNAL - System Time: 2025-03-04 10:58:35.315445, Logical Clock: 229
2025-03-04 10:58:35,488 - SEND - System Time: 2025-03-04 10:58:35.488611, Logical Clock: 230, To: Machine on port 10002
2025-03-04 10:58:35,657 - RECEIVE - System Time: 2025-03-04 10:58:35.657471, Logical Clock: 232, Queue Length: 0, From: Machine 1
2025-03-04 10:58:35,825 - INTERNAL - System Time: 2025-03-04 10:58:35.825183, Logical Clock: 233
2025-03-04 10:58:35,994 - SEND - System Time: 2025-03-04 10:58:35.994303, Logical Clock: 234, To: Machine on port 10002
2025-03-04 10:58:36,164 - INTERNAL - System Time: 2025-03-04 10:58:36.163862, Logical Clock: 235
2025-03-04 10:58:36,337 - SEND - System Time: 2025-03-04 10:58:36.336816, Logical Clock: 236, To: Machine on port 10000
2025-03-04 10:58:36,506 - INTERNAL - System Time: 2025-03-04 10:58:36.506102, Logical Clock: 237
2025-03-04 10:58:36,678 - SEND - System Time: 2025-03-04 10:58:36.678193, Logical Clock: 238, To: Machine on port 10002
2025-03-04 10:58:36,847 - SEND - System Time: 2025-03-04 10:58:36.847121, Logical Clock: 239, To: Machine on port 10000
2025-03-04 10:58:37,019 - INTERNAL - System Time: 2025-03-04 10:58:37.019166, Logical Clock: 240
2025-03-04 10:58:37,190 - INTERNAL - System Time: 2025-03-04 10:58:37.190086, Logical Clock: 241
2025-03-04 10:58:37,357 - INTERNAL - System Time: 2025-03-04 10:58:37.357708, Logical Clock: 242
2025-03-04 10:58:37,525 - INTERNAL - System Time: 2025-03-04 10:58:37.525530, Logical Clock: 243
2025-03-04 10:58:37,695 - INTERNAL - System Time: 2025-03-04 10:58:37.695458, Logical Clock: 244
2025-03-04 10:58:37,867 - INTERNAL - System Time: 2025-03-04 10:58:37.867335, Logical Clock: 245
2025-03-04 10:58:38,039 - SEND - System Time: 2025-03-04 10:58:38.038995, Logical Clock: 246, To: Machine on port 10000
2025-03-04 10:58:38,208 - INTERNAL - System Time: 2025-03-04 10:58:38.207868, Logical Clock: 247
2025-03-04 10:58:38,380 - INTERNAL - System Time: 2025-03-04 10:58:38.379969, Logical Clock: 248
2025-03-04 10:58:38,551 - INTERNAL - System Time: 2025-03-04 10:58:38.550891, Logical Clock: 249
2025-03-04 10:58:38,723 - INTERNAL - System Time: 2025-03-04 10:58:38.723493, Logical Clock: 250
2025-03-04 10:58:38,894 - INTERNAL - System Time: 2025-03-04 10:58:38.894360, Logical Clock: 251
2025-03-04 10:58:39,063 - RECEIVE - System Time: 2025-03-04 10:58:39.062990, Logical Clock: 253, Queue Length: 0, From: Machine 1
2025-03-04 10:58:39,236 - INTERNAL - System Time: 2025-03-04 10:58:39.235753, Logical Clock: 254
2025-03-04 10:58:39,404 - INTERNAL - System Time: 2025-03-04 10:58:39.404648, Logical Clock: 255
2025-03-04 10:58:39,575 - INTERNAL - System Time: 2025-03-04 10:58:39.575595, Logical Clock: 256
2025-03-04 10:58:39,744 - RECEIVE - System Time: 2025-03-04 10:58:39.744034, Logical Clock: 257, Queue Length: 0, From: Machine 1
2025-03-04 10:58:39,916 - SEND - System Time: 2025-03-04 10:58:39.915964, Logical Clock: 258, To: Machine on port 10000
2025-03-04 10:58:40,088 - INTERNAL - System Time: 2025-03-04 10:58:40.088011, Logical Clock: 259
2025-03-04 10:58:40,256 - INTERNAL - System Time: 2025-03-04 10:58:40.256021, Logical Clock: 260
2025-03-04 10:58:40,426 - SEND - System Time: 2025-03-04 10:58:40.426728, Logical Clock: 261, To: Machine on port 10000
2025-03-04 10:58:40,594 - INTERNAL - System Time: 2025-03-04 10:58:40.594802, Logical Clock: 262
2025-03-04 10:58:40,763 - INTERNAL - System Time: 2025-03-04 10:58:40.762771, Logical Clock: 263
2025-03-04 10:58:40,934 - INTERNAL - System Time: 2025-03-04 10:58:40.934674, Logical Clock: 264
2025-03-04 10:58:41,103 - SEND - System Time: 2025-03-04 10:58:41.103163, Logical Clock: 265, To: Machine on port 10000
2025-03-04 10:58:41,274 - INTERNAL - System Time: 2025-03-04 10:58:41.274453, Logical Clock: 266
2025-03-04 10:58:41,445 - RECEIVE - System Time: 2025-03-04 10:58:41.445180, Logical Clock: 268, Queue Length: 0, From: Machine 1
2025-03-04 10:58:41,617 - SEND - System Time: 2025-03-04 10:58:41.617283, Logical Clock: 269, To: Machine on port 10002
2025-03-04 10:58:41,785 - INTERNAL - System Time: 2025-03-04 10:58:41.785143, Logical Clock: 270
2025-03-04 10:58:41,954 - INTERNAL - System Time: 2025-03-04 10:58:41.954404, Logical Clock: 271
2025-03-04 10:58:42,125 - INTERNAL - System Time: 2025-03-04 10:58:42.125629, Logical Clock: 272
2025-03-04 10:58:42,297 - INTERNAL - System Time: 2025-03-04 10:58:42.296961, Logical Clock: 273
2025-03-04 10:58:42,465 - INTERNAL - System Time: 2025-03-04 10:58:42.465383, Logical Clock: 274
2025-03-04 10:58:42,634 - INTERNAL - System Time: 2025-03-04 10:58:42.634105, Logical Clock: 275
2025-03-04 10:58:42,802 - SEND - System Time: 2025-03-04 10:58:42.802671, Logical Clock: 276, To: Machine on port 10002
2025-03-04 10:58:42,974 - INTERNAL - System Time: 2025-03-04 10:58:42.974160, Logical Clock: 277
2025-03-04 10:58:43,142 - INTERNAL - System Time: 2025-03-04 10:58:43.141835, Logical Clock: 278
2025-03-04 10:58:43,310 - SEND - System Time: 2025-03-04 10:58:43.310105, Logical Clock: 279, To: Machine on port 10000
2025-03-04 10:58:43,480 - INTERNAL - System Time: 2025-03-04 10:58:43.479880, Logical Clock: 280
2025-03-04 10:58:43,652 - SEND - System Time: 2025-03-04 10:58:43.651823, Logical Clock: 281, To: Machine on port 10000
2025-03-04 10:58:43,820 - INTERNAL - System Time: 2025-03-04 10:58:43.819963, Logical Clock: 282
2025-03-04 10:58:43,990 - INTERNAL - System Time: 2025-03-04 10:58:43.989953, Logical Clock: 283
2025-03-04 10:58:44,162 - INTERNAL - System Time: 2025-03-04 10:58:44.161996, Logical Clock: 284
2025-03-04 10:58:44,329 - INTERNAL - System Time: 2025-03-04 10:58:44.329639, Logical Clock: 285
2025-03-04 10:58:44,498 - INTERNAL - System Time: 2025-03-04 10:58:44.498122, Logical Clock: 286
2025-03-04 10:58:44,675 - INTERNAL - System Time: 2025-03-04 10:58:44.675151, Logical Clock: 287
2025-03-04 10:58:44,845 - SEND - System Time: 2025-03-04 10:58:44.845248, Logical Clock: 288, To: Machine on port 10000
2025-03-04 10:58:45,016 - INTERNAL - System Time: 2025-03-04 10:58:45.015977, Logical Clock: 289
2025-03-04 10:58:45,183 - INTERNAL - System Time: 2025-03-04 10:58:45.183709, Logical Clock: 290
2025-03-04 10:58:45,355 - INTERNAL - System Time: 2025-03-04 10:58:45.354593, Logical Clock: 291
2025-03-04 10:58:45,527 - SEND - System Time: 2025-03-04 10:58:45.527123, Logical Clock: 292, To: Machine on port 10002
2025-03-04 10:58:45,698 - INTERNAL - System Time: 2025-03-04 10:58:45.698169, Logical Clock: 293
2025-03-04 10:58:45,870 - INTERNAL - System Time: 2025-03-04 10:58:45.870143, Logical Clock: 294
2025-03-04 10:58:46,039 - INTERNAL - System Time: 2025-03-04 10:58:46.039916, Logical Clock: 295
2025-03-04 10:58:46,212 - INTERNAL - System Time: 2025-03-04 10:58:46.211911, Logical Clock: 296
2025-03-04 10:58:46,381 - INTERNAL - System Time: 2025-03-04 10:58:46.380885, Logical Clock: 297
2025-03-04 10:58:46,552 - INTERNAL - System Time: 2025-03-04 10:58:46.551706, Logical Clock: 298
2025-03-04 10:58:46,720 - INTERNAL - System Time: 2025-03-04 10:58:46.720480, Logical Clock: 299
2025-03-04 10:58:46,890 - INTERNAL - System Time: 2025-03-04 10:58:46.890143, Logical Clock: 300
2025-03-04 10:58:47,059 - INTERNAL - System Time: 2025-03-04 10:58:47.059079, Logical Clock: 301
2025-03-04 10:58:47,226 - INTERNAL - System Time: 2025-03-04 10:58:47.226318, Logical Clock: 302
2025-03-04 10:58:47,396 - INTERNAL - System Time: 2025-03-04 10:58:47.395951, Logical Clock: 303
2025-03-04 10:58:47,567 - INTERNAL - System Time: 2025-03-04 10:58:47.567035, Logical Clock: 304
2025-03-04 10:58:47,738 - INTERNAL - System Time: 2025-03-04 10:58:47.738328, Logical Clock: 305
2025-03-04 10:58:47,909 - INTERNAL - System Time: 2025-03-04 10:58:47.909793, Logical Clock: 306
2025-03-04 10:58:48,079 - SEND - System Time: 2025-03-04 10:58:48.079513, Logical Clock: 307, To: Machine on port 10002
2025-03-04 10:58:48,251 - INTERNAL - System Time: 2025-03-04 10:58:48.251412, Logical Clock: 308
2025-03-04 10:58:48,423 - INTERNAL - System Time: 2025-03-04 10:58:48.423704, Logical Clock: 309
2025-03-04 10:58:48,596 - INTERNAL - System Time: 2025-03-04 10:58:48.595959, Logical Clock: 310
2025-03-04 10:58:48,764 - SEND - System Time: 2025-03-04 10:58:48.764187, Logical Clock: 311, To: Machine on port 10000
2025-03-04 10:58:48,934 - INTERNAL - System Time: 2025-03-04 10:58:48.933992, Logical Clock: 312
2025-03-04 10:58:49,105 - INTERNAL - System Time: 2025-03-04 10:58:49.105278, Logical Clock: 313
2025-03-04 10:58:49,275 - INTERNAL - System Time: 2025-03-04 10:58:49.274832, Logical Clock: 314
2025-03-04 10:58:49,442 - INTERNAL - System Time: 2025-03-04 10:58:49.442298, Logical Clock: 315
2025-03-04 10:58:49,613 - INTERNAL - System Time: 2025-03-04 10:58:49.613201, Logical Clock: 316
2025-03-04 10:58:49,782 - INTERNAL - System Time: 2025-03-04 10:58:49.782567, Logical Clock: 317
2025-03-04 10:58:49,956 - INTERNAL - System Time: 2025-03-04 10:58:49.955999, Logical Clock: 318
2025-03-04 10:58:50,128 - SEND - System Time: 2025-03-04 10:58:50.128788, Logical Clock: 319, To: Machine on port 10002
2025-03-04 10:58:50,300 - INTERNAL - System Time: 2025-03-04 10:58:50.299887, Logical Clock: 320
2025-03-04 10:58:50,469 - INTERNAL - System Time: 2025-03-04 10:58:50.468994, Logical Clock: 321
2025-03-04 10:58:50,636 - INTERNAL - System Time: 2025-03-04 10:58:50.636282, Logical Clock: 322
2025-03-04 10:58:50,804 - INTERNAL - System Time: 2025-03-04 10:58:50.804335, Logical Clock: 323
2025-03-04 10:58:50,975 - SEND - System Time: 2025-03-04 10:58:50.975148, Logical Clock: 324, To: Machine on port 10000
2025-03-04 10:58:51,144 - INTERNAL - System Time: 2025-03-04 10:58:51.143927, Logical Clock: 325
2025-03-04 10:58:51,315 - INTERNAL - System Time: 2025-03-04 10:58:51.315055, Logical Clock: 326
2025-03-04 10:58:51,483 - INTERNAL - System Time: 2025-03-04 10:58:51.483162, Logical Clock: 327
2025-03-04 10:58:51,655 - SEND - System Time: 2025-03-04 10:58:51.655282, Logical Clock: 328, To: Machine on port 10002
2025-03-04 10:58:51,823 - INTERNAL - System Time: 2025-03-04 10:58:51.823029, Logical Clock: 329
2025-03-04 10:58:51,995 - SEND - System Time: 2025-03-04 10:58:51.995209, Logical Clock: 330, To: Machine on port 10000
2025-03-04 10:58:52,166 - INTERNAL - System Time: 2025-03-04 10:58:52.166375, Logical Clock: 331
2025-03-04 10:58:52,338 - INTERNAL - System Time: 2025-03-04 10:58:52.338338, Logical Clock: 332
2025-03-04 10:58:52,510 - INTERNAL - System Time: 2025-03-04 10:58:52.510418, Logical Clock: 333
2025-03-04 10:58:52,678 - INTERNAL - System Time: 2025-03-04 10:58:52.678834, Logical Clock: 334
2025-03-04 10:58:52,848 - INTERNAL - System Time: 2025-03-04 10:58:52.847877, Logical Clock: 335
2025-03-04 10:58:53,016 - INTERNAL - System Time: 2025-03-04 10:58:53.016453, Logical Clock: 336
2025-03-04 10:58:53,188 - RECEIVE - System Time: 2025-03-04 10:58:53.187932, Logical Clock: 338, Queue Length: 0, From: Machine 1
2025-03-04 10:58:53,360 - INTERNAL - System Time: 2025-03-04 10:58:53.359916, Logical Clock: 339
2025-03-04 10:58:53,528 - INTERNAL - System Time: 2025-03-04 10:58:53.527979, Logical Clock: 340
2025-03-04 10:58:53,699 - INTERNAL - System Time: 2025-03-04 10:58:53.699164, Logical Clock: 341
2025-03-04 10:58:53,867 - SEND - System Time: 2025-03-04 10:58:53.867116, Logical Clock: 342, To: Machine on port 10000
2025-03-04 10:58:54,035 - SEND - System Time: 2025-03-04 10:58:54.035592, Logical Clock: 343, To: Machine on port 10000
2025-03-04 10:58:54,206 - SEND - System Time: 2025-03-04 10:58:54.206041, Logical Clock: 344, To: Machine on port 10002
2025-03-04 10:58:54,374 - INTERNAL - System Time: 2025-03-04 10:58:54.374725, Logical Clock: 345
2025-03-04 10:58:54,546 - INTERNAL - System Time: 2025-03-04 10:58:54.546717, Logical Clock: 346
2025-03-04 10:58:54,716 - INTERNAL - System Time: 2025-03-04 10:58:54.716584, Logical Clock: 347
2025-03-04 10:58:54,888 - SEND - System Time: 2025-03-04 10:58:54.888067, Logical Clock: 348, To: Machine on port 10000
2025-03-04 10:58:55,056 - INTERNAL - System Time: 2025-03-04 10:58:55.056055, Logical Clock: 349
2025-03-04 10:58:55,228 - INTERNAL - System Time: 2025-03-04 10:58:55.228524, Logical Clock: 350
2025-03-04 10:58:55,396 - INTERNAL - System Time: 2025-03-04 10:58:55.396459, Logical Clock: 351
2025-03-04 10:58:55,564 - SEND - System Time: 2025-03-04 10:58:55.564634, Logical Clock: 352, To: Machine on port 10000
2025-03-04 10:58:55,734 - INTERNAL - System Time: 2025-03-04 10:58:55.734617, Logical Clock: 353
2025-03-04 10:58:55,905 - INTERNAL - System Time: 2025-03-04 10:58:55.905653, Logical Clock: 354
2025-03-04 10:58:56,077 - INTERNAL - System Time: 2025-03-04 10:58:56.077479, Logical Clock: 355
2025-03-04 10:58:56,250 - SEND - System Time: 2025-03-04 10:58:56.249879, Logical Clock: 356, To: Machine on port 10002
2025-03-04 10:58:56,418 - INTERNAL - System Time: 2025-03-04 10:58:56.418584, Logical Clock: 357
2025-03-04 10:58:56,590 - INTERNAL - System Time: 2025-03-04 10:58:56.590603, Logical Clock: 358
2025-03-04 10:58:56,759 - INTERNAL - System Time: 2025-03-04 10:58:56.759046, Logical Clock: 359
2025-03-04 10:58:56,927 - INTERNAL - System Time: 2025-03-04 10:58:56.927351, Logical Clock: 360
2025-03-04 10:58:57,097 - INTERNAL - System Time: 2025-03-04 10:58:57.096828, Logical Clock: 361
2025-03-04 10:58:57,266 - INTERNAL - System Time: 2025-03-04 10:58:57.266735, Logical Clock: 362
2025-03-04 10:58:57,436 - INTERNAL - System Time: 2025-03-04 10:58:57.435999, Logical Clock: 363
2025-03-04 10:58:57,606 - INTERNAL - System Time: 2025-03-04 10:58:57.605922, Logical Clock: 364
