2025-03-01 13:44:05,627 - Virtual Machine 2 initialized
2025-03-01 13:44:05,627 - Clock Rate: 1 ticks/second
2025-03-01 13:44:05,627 - Listening on port: 10001
2025-03-01 13:44:05,627 - Peer ports: [10000, 10002]
2025-03-01 13:44:06,134 - Accepted connection from ('127.0.0.1', 50845)
2025-03-01 13:44:06,634 - Connected to peer on port 10002
2025-03-01 13:44:06,635 - Network initialization completed
2025-03-01 13:44:06,635 - Starting main event loop
2025-03-01 13:44:06,635 - Clock rate: 1 ticks/second
2025-03-01 13:44:06,635 - RECEIVE - System Time: 2025-03-01 13:44:06.635134, Logical Clock: 4, Queue Length: 0, From: Machine 1
2025-03-01 13:44:07,641 - RECEIVE - System Time: 2025-03-01 13:44:07.641823, Logical Clock: 7, Queue Length: 1, From: Machine 1
2025-03-01 13:44:08,642 - RECEIVE - System Time: 2025-03-01 13:44:08.642673, Logical Clock: 10, Queue Length: 2, From: Machine 1
2025-03-01 13:44:09,644 - RECEIVE - System Time: 2025-03-01 13:44:09.644230, Logical Clock: 13, Queue Length: 1, From: Machine 1
2025-03-01 13:44:10,648 - RECEIVE - System Time: 2025-03-01 13:44:10.648132, Logical Clock: 15, Queue Length: 1, From: Machine 1
2025-03-01 13:44:11,653 - RECEIVE - System Time: 2025-03-01 13:44:11.653689, Logical Clock: 23, Queue Length: 1, From: Machine 1
2025-03-01 13:44:12,656 - RECEIVE - System Time: 2025-03-01 13:44:12.656626, Logical Clock: 30, Queue Length: 2, From: Machine 1
2025-03-01 13:44:13,662 - RECEIVE - System Time: 2025-03-01 13:44:13.661869, Logical Clock: 36, Queue Length: 4, From: Machine 1
2025-03-01 13:44:14,666 - RECEIVE - System Time: 2025-03-01 13:44:14.666662, Logical Clock: 37, Queue Length: 5, From: Machine 1
2025-03-01 13:44:15,669 - RECEIVE - System Time: 2025-03-01 13:44:15.669020, Logical Clock: 41, Queue Length: 6, From: Machine 1
2025-03-01 13:44:16,670 - RECEIVE - System Time: 2025-03-01 13:44:16.670059, Logical Clock: 44, Queue Length: 6, From: Machine 1
2025-03-01 13:44:17,673 - RECEIVE - System Time: 2025-03-01 13:44:17.673610, Logical Clock: 46, Queue Length: 6, From: Machine 1
2025-03-01 13:44:18,679 - RECEIVE - System Time: 2025-03-01 13:44:18.679642, Logical Clock: 49, Queue Length: 8, From: Machine 1
2025-03-01 13:44:19,681 - RECEIVE - System Time: 2025-03-01 13:44:19.681815, Logical Clock: 51, Queue Length: 8, From: Machine 1
2025-03-01 13:44:20,687 - RECEIVE - System Time: 2025-03-01 13:44:20.687431, Logical Clock: 54, Queue Length: 9, From: Machine 1
2025-03-01 13:44:21,693 - RECEIVE - System Time: 2025-03-01 13:44:21.693576, Logical Clock: 55, Queue Length: 12, From: Machine 1
2025-03-01 13:44:22,697 - RECEIVE - System Time: 2025-03-01 13:44:22.697479, Logical Clock: 63, Queue Length: 14, From: Machine 1
2025-03-01 13:44:23,703 - RECEIVE - System Time: 2025-03-01 13:44:23.703121, Logical Clock: 67, Queue Length: 13, From: Machine 1
2025-03-01 13:44:24,707 - RECEIVE - System Time: 2025-03-01 13:44:24.706973, Logical Clock: 70, Queue Length: 16, From: Machine 1
2025-03-01 13:44:25,712 - RECEIVE - System Time: 2025-03-01 13:44:25.711880, Logical Clock: 73, Queue Length: 17, From: Machine 1
2025-03-01 13:44:26,714 - RECEIVE - System Time: 2025-03-01 13:44:26.714777, Logical Clock: 74, Queue Length: 18, From: Machine 1
2025-03-01 13:44:27,717 - RECEIVE - System Time: 2025-03-01 13:44:27.717417, Logical Clock: 77, Queue Length: 18, From: Machine 1
2025-03-01 13:44:28,721 - RECEIVE - System Time: 2025-03-01 13:44:28.721445, Logical Clock: 82, Queue Length: 21, From: Machine 1
2025-03-01 13:44:29,724 - RECEIVE - System Time: 2025-03-01 13:44:29.724847, Logical Clock: 86, Queue Length: 21, From: Machine 1
2025-03-01 13:44:30,727 - RECEIVE - System Time: 2025-03-01 13:44:30.727856, Logical Clock: 88, Queue Length: 20, From: Machine 1
2025-03-01 13:44:31,733 - RECEIVE - System Time: 2025-03-01 13:44:31.733258, Logical Clock: 89, Queue Length: 21, From: Machine 1
2025-03-01 13:44:32,735 - RECEIVE - System Time: 2025-03-01 13:44:32.734989, Logical Clock: 90, Queue Length: 21, From: Machine 1
2025-03-01 13:44:33,740 - RECEIVE - System Time: 2025-03-01 13:44:33.740586, Logical Clock: 92, Queue Length: 22, From: Machine 1
2025-03-01 13:44:34,741 - RECEIVE - System Time: 2025-03-01 13:44:34.741648, Logical Clock: 94, Queue Length: 24, From: Machine 1
2025-03-01 13:44:35,742 - RECEIVE - System Time: 2025-03-01 13:44:35.742799, Logical Clock: 95, Queue Length: 25, From: Machine 1
2025-03-01 13:44:36,748 - RECEIVE - System Time: 2025-03-01 13:44:36.748070, Logical Clock: 99, Queue Length: 27, From: Machine 1
2025-03-01 13:44:37,751 - RECEIVE - System Time: 2025-03-01 13:44:37.751276, Logical Clock: 105, Queue Length: 29, From: Machine 1
2025-03-01 13:44:38,753 - RECEIVE - System Time: 2025-03-01 13:44:38.753762, Logical Clock: 106, Queue Length: 30, From: Machine 1
2025-03-01 13:44:39,758 - RECEIVE - System Time: 2025-03-01 13:44:39.757739, Logical Clock: 107, Queue Length: 31, From: Machine 1
2025-03-01 13:44:40,758 - RECEIVE - System Time: 2025-03-01 13:44:40.758794, Logical Clock: 110, Queue Length: 34, From: Machine 1
2025-03-01 13:44:41,761 - RECEIVE - System Time: 2025-03-01 13:44:41.761338, Logical Clock: 112, Queue Length: 36, From: Machine 1
2025-03-01 13:44:42,766 - RECEIVE - System Time: 2025-03-01 13:44:42.766090, Logical Clock: 116, Queue Length: 38, From: Machine 1
2025-03-01 13:44:43,771 - RECEIVE - System Time: 2025-03-01 13:44:43.771569, Logical Clock: 118, Queue Length: 37, From: Machine 1
2025-03-01 13:44:44,776 - RECEIVE - System Time: 2025-03-01 13:44:44.775498, Logical Clock: 121, Queue Length: 38, From: Machine 1
2025-03-01 13:44:45,782 - RECEIVE - System Time: 2025-03-01 13:44:45.781836, Logical Clock: 123, Queue Length: 37, From: Machine 1
2025-03-01 13:44:46,784 - RECEIVE - System Time: 2025-03-01 13:44:46.783995, Logical Clock: 129, Queue Length: 37, From: Machine 1
2025-03-01 13:44:47,789 - RECEIVE - System Time: 2025-03-01 13:44:47.789602, Logical Clock: 131, Queue Length: 37, From: Machine 1
2025-03-01 13:44:48,795 - RECEIVE - System Time: 2025-03-01 13:44:48.794914, Logical Clock: 132, Queue Length: 36, From: Machine 1
2025-03-01 13:44:49,798 - RECEIVE - System Time: 2025-03-01 13:44:49.798058, Logical Clock: 134, Queue Length: 37, From: Machine 1
2025-03-01 13:44:50,802 - RECEIVE - System Time: 2025-03-01 13:44:50.802458, Logical Clock: 137, Queue Length: 38, From: Machine 1
2025-03-01 13:44:51,807 - RECEIVE - System Time: 2025-03-01 13:44:51.807682, Logical Clock: 151, Queue Length: 41, From: Machine 1
2025-03-01 13:44:52,813 - RECEIVE - System Time: 2025-03-01 13:44:52.813042, Logical Clock: 152, Queue Length: 42, From: Machine 1
2025-03-01 13:44:53,818 - RECEIVE - System Time: 2025-03-01 13:44:53.818184, Logical Clock: 156, Queue Length: 43, From: Machine 1
2025-03-01 13:44:54,820 - RECEIVE - System Time: 2025-03-01 13:44:54.820700, Logical Clock: 161, Queue Length: 44, From: Machine 1
2025-03-01 13:44:55,825 - RECEIVE - System Time: 2025-03-01 13:44:55.824945, Logical Clock: 162, Queue Length: 45, From: Machine 1
2025-03-01 13:44:56,829 - RECEIVE - System Time: 2025-03-01 13:44:56.829802, Logical Clock: 164, Queue Length: 47, From: Machine 1
2025-03-01 13:44:57,831 - RECEIVE - System Time: 2025-03-01 13:44:57.831011, Logical Clock: 167, Queue Length: 48, From: Machine 1
2025-03-01 13:44:58,834 - RECEIVE - System Time: 2025-03-01 13:44:58.834208, Logical Clock: 168, Queue Length: 47, From: Machine 1
2025-03-01 13:44:59,837 - RECEIVE - System Time: 2025-03-01 13:44:59.836900, Logical Clock: 171, Queue Length: 49, From: Machine 1
2025-03-01 13:45:00,839 - RECEIVE - System Time: 2025-03-01 13:45:00.839589, Logical Clock: 173, Queue Length: 49, From: Machine 1
2025-03-01 13:45:01,844 - RECEIVE - System Time: 2025-03-01 13:45:01.844142, Logical Clock: 179, Queue Length: 49, From: Machine 1
2025-03-01 13:45:02,850 - RECEIVE - System Time: 2025-03-01 13:45:02.850307, Logical Clock: 180, Queue Length: 51, From: Machine 1
2025-03-01 13:45:03,855 - RECEIVE - System Time: 2025-03-01 13:45:03.855788, Logical Clock: 181, Queue Length: 53, From: Machine 1
2025-03-01 13:45:04,861 - RECEIVE - System Time: 2025-03-01 13:45:04.861019, Logical Clock: 183, Queue Length: 52, From: Machine 1
2025-03-01 13:45:05,865 - RECEIVE - System Time: 2025-03-01 13:45:05.864972, Logical Clock: 185, Queue Length: 54, From: Machine 1
