2025-03-01 13:44:05,126 - Virtual Machine 1 initialized
2025-03-01 13:44:05,126 - Clock Rate: 6 ticks/second
2025-03-01 13:44:05,126 - Listening on port: 10000
2025-03-01 13:44:05,126 - Peer ports: [10001, 10002]
2025-03-01 13:44:06,134 - Connected to peer on port 10001
2025-03-01 13:44:06,134 - Connected to peer on port 10002
2025-03-01 13:44:06,135 - Network initialization completed
2025-03-01 13:44:06,135 - Starting main event loop
2025-03-01 13:44:06,135 - Clock rate: 6 ticks/second
2025-03-01 13:44:06,135 - SEND - System Time: 2025-03-01 13:44:06.135139, Logical Clock: 1, To: Machine on port 10002
2025-03-01 13:44:06,305 - SEND - System Time: 2025-03-01 13:44:06.305213, Logical Clock: 2, To: Machine on port 10002
2025-03-01 13:44:06,477 - SEND - System Time: 2025-03-01 13:44:06.477093, Logical Clock: 3, To: Machine on port 10001
2025-03-01 13:44:06,477 - SEND - System Time: 2025-03-01 13:44:06.477093, Logical Clock: 3, To: Machine on port 10002
2025-03-01 13:44:06,649 - INTERNAL - System Time: 2025-03-01 13:44:06.648975, Logical Clock: 4
2025-03-01 13:44:06,816 - INTERNAL - System Time: 2025-03-01 13:44:06.815995, Logical Clock: 5
2025-03-01 13:44:06,987 - SEND - System Time: 2025-03-01 13:44:06.987854, Logical Clock: 6, To: Machine on port 10001
2025-03-01 13:44:07,161 - INTERNAL - System Time: 2025-03-01 13:44:07.161758, Logical Clock: 7
2025-03-01 13:44:07,334 - INTERNAL - System Time: 2025-03-01 13:44:07.333866, Logical Clock: 8
2025-03-01 13:44:07,508 - SEND - System Time: 2025-03-01 13:44:07.506003, Logical Clock: 9, To: Machine on port 10001
2025-03-01 13:44:07,680 - INTERNAL - System Time: 2025-03-01 13:44:07.680303, Logical Clock: 10
2025-03-01 13:44:07,847 - SEND - System Time: 2025-03-01 13:44:07.847593, Logical Clock: 11, To: Machine on port 10002
2025-03-01 13:44:08,026 - SEND - System Time: 2025-03-01 13:44:08.026237, Logical Clock: 12, To: Machine on port 10001
2025-03-01 13:44:08,198 - INTERNAL - System Time: 2025-03-01 13:44:08.198299, Logical Clock: 13
2025-03-01 13:44:08,370 - SEND - System Time: 2025-03-01 13:44:08.370115, Logical Clock: 14, To: Machine on port 10001
2025-03-01 13:44:08,370 - SEND - System Time: 2025-03-01 13:44:08.370115, Logical Clock: 14, To: Machine on port 10002
2025-03-01 13:44:08,541 - SEND - System Time: 2025-03-01 13:44:08.540943, Logical Clock: 15, To: Machine on port 10002
2025-03-01 13:44:08,711 - INTERNAL - System Time: 2025-03-01 13:44:08.711546, Logical Clock: 16
2025-03-01 13:44:08,879 - SEND - System Time: 2025-03-01 13:44:08.879129, Logical Clock: 17, To: Machine on port 10002
2025-03-01 13:44:09,051 - INTERNAL - System Time: 2025-03-01 13:44:09.051401, Logical Clock: 18
2025-03-01 13:44:09,219 - INTERNAL - System Time: 2025-03-01 13:44:09.219269, Logical Clock: 19
2025-03-01 13:44:09,391 - INTERNAL - System Time: 2025-03-01 13:44:09.391568, Logical Clock: 20
2025-03-01 13:44:09,560 - INTERNAL - System Time: 2025-03-01 13:44:09.560877, Logical Clock: 21
2025-03-01 13:44:09,730 - SEND - System Time: 2025-03-01 13:44:09.730478, Logical Clock: 22, To: Machine on port 10001
2025-03-01 13:44:09,902 - INTERNAL - System Time: 2025-03-01 13:44:09.902666, Logical Clock: 23
2025-03-01 13:44:10,073 - INTERNAL - System Time: 2025-03-01 13:44:10.073669, Logical Clock: 24
2025-03-01 13:44:10,245 - INTERNAL - System Time: 2025-03-01 13:44:10.245687, Logical Clock: 25
2025-03-01 13:44:10,415 - INTERNAL - System Time: 2025-03-01 13:44:10.414851, Logical Clock: 26
2025-03-01 13:44:10,587 - SEND - System Time: 2025-03-01 13:44:10.587195, Logical Clock: 27, To: Machine on port 10002
2025-03-01 13:44:10,755 - INTERNAL - System Time: 2025-03-01 13:44:10.755084, Logical Clock: 28
2025-03-01 13:44:10,923 - SEND - System Time: 2025-03-01 13:44:10.923695, Logical Clock: 29, To: Machine on port 10001
2025-03-01 13:44:11,093 - SEND - System Time: 2025-03-01 13:44:11.093863, Logical Clock: 30, To: Machine on port 10002
2025-03-01 13:44:11,266 - SEND - System Time: 2025-03-01 13:44:11.265966, Logical Clock: 31, To: Machine on port 10002
2025-03-01 13:44:11,438 - INTERNAL - System Time: 2025-03-01 13:44:11.438169, Logical Clock: 32
2025-03-01 13:44:11,609 - SEND - System Time: 2025-03-01 13:44:11.609444, Logical Clock: 33, To: Machine on port 10002
2025-03-01 13:44:11,781 - SEND - System Time: 2025-03-01 13:44:11.781447, Logical Clock: 34, To: Machine on port 10002
2025-03-01 13:44:11,954 - SEND - System Time: 2025-03-01 13:44:11.953839, Logical Clock: 35, To: Machine on port 10001
2025-03-01 13:44:12,124 - SEND - System Time: 2025-03-01 13:44:12.123755, Logical Clock: 36, To: Machine on port 10001
2025-03-01 13:44:12,124 - SEND - System Time: 2025-03-01 13:44:12.123755, Logical Clock: 36, To: Machine on port 10002
2025-03-01 13:44:12,292 - INTERNAL - System Time: 2025-03-01 13:44:12.292087, Logical Clock: 37
2025-03-01 13:44:12,464 - INTERNAL - System Time: 2025-03-01 13:44:12.464256, Logical Clock: 38
2025-03-01 13:44:12,631 - INTERNAL - System Time: 2025-03-01 13:44:12.631792, Logical Clock: 39
2025-03-01 13:44:12,800 - SEND - System Time: 2025-03-01 13:44:12.800376, Logical Clock: 40, To: Machine on port 10001
2025-03-01 13:44:12,972 - INTERNAL - System Time: 2025-03-01 13:44:12.972577, Logical Clock: 41
2025-03-01 13:44:13,144 - INTERNAL - System Time: 2025-03-01 13:44:13.144758, Logical Clock: 42
2025-03-01 13:44:13,316 - SEND - System Time: 2025-03-01 13:44:13.316009, Logical Clock: 43, To: Machine on port 10001
2025-03-01 13:44:13,488 - INTERNAL - System Time: 2025-03-01 13:44:13.487944, Logical Clock: 44
2025-03-01 13:44:13,656 - SEND - System Time: 2025-03-01 13:44:13.656706, Logical Clock: 45, To: Machine on port 10001
2025-03-01 13:44:13,827 - INTERNAL - System Time: 2025-03-01 13:44:13.827292, Logical Clock: 46
2025-03-01 13:44:13,997 - SEND - System Time: 2025-03-01 13:44:13.997424, Logical Clock: 47, To: Machine on port 10002
2025-03-01 13:44:14,165 - SEND - System Time: 2025-03-01 13:44:14.165164, Logical Clock: 48, To: Machine on port 10001
2025-03-01 13:44:14,165 - SEND - System Time: 2025-03-01 13:44:14.165164, Logical Clock: 48, To: Machine on port 10002
2025-03-01 13:44:14,337 - INTERNAL - System Time: 2025-03-01 13:44:14.337681, Logical Clock: 49
2025-03-01 13:44:14,507 - SEND - System Time: 2025-03-01 13:44:14.507053, Logical Clock: 50, To: Machine on port 10001
2025-03-01 13:44:14,508 - SEND - System Time: 2025-03-01 13:44:14.507053, Logical Clock: 50, To: Machine on port 10002
2025-03-01 13:44:14,677 - INTERNAL - System Time: 2025-03-01 13:44:14.677795, Logical Clock: 51
2025-03-01 13:44:14,848 - INTERNAL - System Time: 2025-03-01 13:44:14.848114, Logical Clock: 52
2025-03-01 13:44:15,017 - SEND - System Time: 2025-03-01 13:44:15.017390, Logical Clock: 53, To: Machine on port 10001
2025-03-01 13:44:15,017 - SEND - System Time: 2025-03-01 13:44:15.017390, Logical Clock: 53, To: Machine on port 10002
2025-03-01 13:44:15,189 - SEND - System Time: 2025-03-01 13:44:15.189531, Logical Clock: 54, To: Machine on port 10001
2025-03-01 13:44:15,189 - SEND - System Time: 2025-03-01 13:44:15.189531, Logical Clock: 54, To: Machine on port 10002
2025-03-01 13:44:15,361 - INTERNAL - System Time: 2025-03-01 13:44:15.361533, Logical Clock: 55
2025-03-01 13:44:15,532 - INTERNAL - System Time: 2025-03-01 13:44:15.532710, Logical Clock: 56
2025-03-01 13:44:15,704 - INTERNAL - System Time: 2025-03-01 13:44:15.704783, Logical Clock: 57
2025-03-01 13:44:15,876 - INTERNAL - System Time: 2025-03-01 13:44:15.876702, Logical Clock: 58
2025-03-01 13:44:16,048 - SEND - System Time: 2025-03-01 13:44:16.048700, Logical Clock: 59, To: Machine on port 10002
2025-03-01 13:44:16,216 - SEND - System Time: 2025-03-01 13:44:16.216189, Logical Clock: 60, To: Machine on port 10002
2025-03-01 13:44:16,388 - SEND - System Time: 2025-03-01 13:44:16.388633, Logical Clock: 61, To: Machine on port 10002
2025-03-01 13:44:16,560 - SEND - System Time: 2025-03-01 13:44:16.559800, Logical Clock: 62, To: Machine on port 10001
2025-03-01 13:44:16,727 - INTERNAL - System Time: 2025-03-01 13:44:16.727452, Logical Clock: 63
2025-03-01 13:44:16,897 - INTERNAL - System Time: 2025-03-01 13:44:16.897372, Logical Clock: 64
2025-03-01 13:44:17,065 - SEND - System Time: 2025-03-01 13:44:17.064850, Logical Clock: 65, To: Machine on port 10002
2025-03-01 13:44:17,237 - SEND - System Time: 2025-03-01 13:44:17.237338, Logical Clock: 66, To: Machine on port 10001
2025-03-01 13:44:17,408 - INTERNAL - System Time: 2025-03-01 13:44:17.408166, Logical Clock: 67
2025-03-01 13:44:17,577 - INTERNAL - System Time: 2025-03-01 13:44:17.577291, Logical Clock: 68
2025-03-01 13:44:17,747 - SEND - System Time: 2025-03-01 13:44:17.747639, Logical Clock: 69, To: Machine on port 10001
2025-03-01 13:44:17,919 - SEND - System Time: 2025-03-01 13:44:17.919161, Logical Clock: 70, To: Machine on port 10002
2025-03-01 13:44:18,090 - INTERNAL - System Time: 2025-03-01 13:44:18.090250, Logical Clock: 71
2025-03-01 13:44:18,262 - SEND - System Time: 2025-03-01 13:44:18.261937, Logical Clock: 72, To: Machine on port 10001
2025-03-01 13:44:18,430 - SEND - System Time: 2025-03-01 13:44:18.430578, Logical Clock: 73, To: Machine on port 10001
2025-03-01 13:44:18,431 - SEND - System Time: 2025-03-01 13:44:18.430578, Logical Clock: 73, To: Machine on port 10002
2025-03-01 13:44:18,599 - INTERNAL - System Time: 2025-03-01 13:44:18.599383, Logical Clock: 74
2025-03-01 13:44:18,768 - SEND - System Time: 2025-03-01 13:44:18.768414, Logical Clock: 75, To: Machine on port 10002
2025-03-01 13:44:18,939 - SEND - System Time: 2025-03-01 13:44:18.939402, Logical Clock: 76, To: Machine on port 10001
2025-03-01 13:44:19,111 - INTERNAL - System Time: 2025-03-01 13:44:19.111380, Logical Clock: 77
2025-03-01 13:44:19,282 - SEND - System Time: 2025-03-01 13:44:19.282140, Logical Clock: 78, To: Machine on port 10002
2025-03-01 13:44:19,454 - INTERNAL - System Time: 2025-03-01 13:44:19.454396, Logical Clock: 79
2025-03-01 13:44:19,625 - INTERNAL - System Time: 2025-03-01 13:44:19.625187, Logical Clock: 80
2025-03-01 13:44:19,793 - SEND - System Time: 2025-03-01 13:44:19.793854, Logical Clock: 81, To: Machine on port 10001
2025-03-01 13:44:19,794 - SEND - System Time: 2025-03-01 13:44:19.793854, Logical Clock: 81, To: Machine on port 10002
2025-03-01 13:44:19,965 - INTERNAL - System Time: 2025-03-01 13:44:19.965612, Logical Clock: 82
2025-03-01 13:44:20,137 - INTERNAL - System Time: 2025-03-01 13:44:20.137374, Logical Clock: 83
2025-03-01 13:44:20,308 - INTERNAL - System Time: 2025-03-01 13:44:20.308075, Logical Clock: 84
2025-03-01 13:44:20,476 - SEND - System Time: 2025-03-01 13:44:20.476853, Logical Clock: 85, To: Machine on port 10001
2025-03-01 13:44:20,477 - SEND - System Time: 2025-03-01 13:44:20.476853, Logical Clock: 85, To: Machine on port 10002
2025-03-01 13:44:20,647 - INTERNAL - System Time: 2025-03-01 13:44:20.647527, Logical Clock: 86
2025-03-01 13:44:20,815 - SEND - System Time: 2025-03-01 13:44:20.814958, Logical Clock: 87, To: Machine on port 10001
2025-03-01 13:44:20,815 - SEND - System Time: 2025-03-01 13:44:20.814958, Logical Clock: 87, To: Machine on port 10002
2025-03-01 13:44:20,986 - SEND - System Time: 2025-03-01 13:44:20.986161, Logical Clock: 88, To: Machine on port 10001
2025-03-01 13:44:20,986 - SEND - System Time: 2025-03-01 13:44:20.986161, Logical Clock: 88, To: Machine on port 10002
2025-03-01 13:44:21,158 - SEND - System Time: 2025-03-01 13:44:21.158055, Logical Clock: 89, To: Machine on port 10001
2025-03-01 13:44:21,158 - SEND - System Time: 2025-03-01 13:44:21.158055, Logical Clock: 89, To: Machine on port 10002
2025-03-01 13:44:21,328 - INTERNAL - System Time: 2025-03-01 13:44:21.328659, Logical Clock: 90
2025-03-01 13:44:21,497 - SEND - System Time: 2025-03-01 13:44:21.497848, Logical Clock: 91, To: Machine on port 10001
2025-03-01 13:44:21,498 - SEND - System Time: 2025-03-01 13:44:21.497848, Logical Clock: 91, To: Machine on port 10002
2025-03-01 13:44:21,665 - INTERNAL - System Time: 2025-03-01 13:44:21.665168, Logical Clock: 92
2025-03-01 13:44:21,836 - SEND - System Time: 2025-03-01 13:44:21.836372, Logical Clock: 93, To: Machine on port 10001
2025-03-01 13:44:22,008 - SEND - System Time: 2025-03-01 13:44:22.007918, Logical Clock: 94, To: Machine on port 10001
2025-03-01 13:44:22,009 - SEND - System Time: 2025-03-01 13:44:22.007918, Logical Clock: 94, To: Machine on port 10002
2025-03-01 13:44:22,176 - SEND - System Time: 2025-03-01 13:44:22.176810, Logical Clock: 95, To: Machine on port 10002
2025-03-01 13:44:22,347 - INTERNAL - System Time: 2025-03-01 13:44:22.347457, Logical Clock: 96
2025-03-01 13:44:22,517 - INTERNAL - System Time: 2025-03-01 13:44:22.517290, Logical Clock: 97
2025-03-01 13:44:22,689 - SEND - System Time: 2025-03-01 13:44:22.689257, Logical Clock: 98, To: Machine on port 10001
2025-03-01 13:44:22,859 - SEND - System Time: 2025-03-01 13:44:22.859364, Logical Clock: 99, To: Machine on port 10002
2025-03-01 13:44:23,029 - INTERNAL - System Time: 2025-03-01 13:44:23.029797, Logical Clock: 100
2025-03-01 13:44:23,202 - INTERNAL - System Time: 2025-03-01 13:44:23.201931, Logical Clock: 101
2025-03-01 13:44:23,370 - INTERNAL - System Time: 2025-03-01 13:44:23.370027, Logical Clock: 102
2025-03-01 13:44:23,542 - INTERNAL - System Time: 2025-03-01 13:44:23.541877, Logical Clock: 103
2025-03-01 13:44:23,711 - SEND - System Time: 2025-03-01 13:44:23.711826, Logical Clock: 104, To: Machine on port 10001
2025-03-01 13:44:23,879 - SEND - System Time: 2025-03-01 13:44:23.879392, Logical Clock: 105, To: Machine on port 10001
2025-03-01 13:44:24,047 - SEND - System Time: 2025-03-01 13:44:24.047550, Logical Clock: 106, To: Machine on port 10001
2025-03-01 13:44:24,215 - INTERNAL - System Time: 2025-03-01 13:44:24.215139, Logical Clock: 107
2025-03-01 13:44:24,387 - INTERNAL - System Time: 2025-03-01 13:44:24.387371, Logical Clock: 108
2025-03-01 13:44:24,557 - SEND - System Time: 2025-03-01 13:44:24.556736, Logical Clock: 109, To: Machine on port 10001
2025-03-01 13:44:24,727 - INTERNAL - System Time: 2025-03-01 13:44:24.727855, Logical Clock: 110
2025-03-01 13:44:24,898 - SEND - System Time: 2025-03-01 13:44:24.898240, Logical Clock: 111, To: Machine on port 10001
2025-03-01 13:44:25,067 - INTERNAL - System Time: 2025-03-01 13:44:25.067450, Logical Clock: 112
2025-03-01 13:44:25,239 - SEND - System Time: 2025-03-01 13:44:25.239382, Logical Clock: 113, To: Machine on port 10002
2025-03-01 13:44:25,408 - INTERNAL - System Time: 2025-03-01 13:44:25.407850, Logical Clock: 114
2025-03-01 13:44:25,576 - SEND - System Time: 2025-03-01 13:44:25.575899, Logical Clock: 115, To: Machine on port 10001
2025-03-01 13:44:25,576 - SEND - System Time: 2025-03-01 13:44:25.575899, Logical Clock: 115, To: Machine on port 10002
2025-03-01 13:44:25,743 - INTERNAL - System Time: 2025-03-01 13:44:25.743467, Logical Clock: 116
2025-03-01 13:44:25,911 - SEND - System Time: 2025-03-01 13:44:25.911262, Logical Clock: 117, To: Machine on port 10001
2025-03-01 13:44:26,080 - INTERNAL - System Time: 2025-03-01 13:44:26.080459, Logical Clock: 118
2025-03-01 13:44:26,252 - INTERNAL - System Time: 2025-03-01 13:44:26.252636, Logical Clock: 119
2025-03-01 13:44:26,423 - SEND - System Time: 2025-03-01 13:44:26.423703, Logical Clock: 120, To: Machine on port 10001
2025-03-01 13:44:26,592 - INTERNAL - System Time: 2025-03-01 13:44:26.592175, Logical Clock: 121
2025-03-01 13:44:26,764 - SEND - System Time: 2025-03-01 13:44:26.764237, Logical Clock: 122, To: Machine on port 10001
2025-03-01 13:44:26,764 - SEND - System Time: 2025-03-01 13:44:26.764237, Logical Clock: 122, To: Machine on port 10002
2025-03-01 13:44:26,934 - INTERNAL - System Time: 2025-03-01 13:44:26.934561, Logical Clock: 123
2025-03-01 13:44:27,104 - SEND - System Time: 2025-03-01 13:44:27.103754, Logical Clock: 124, To: Machine on port 10002
2025-03-01 13:44:27,274 - INTERNAL - System Time: 2025-03-01 13:44:27.273958, Logical Clock: 125
2025-03-01 13:44:27,443 - INTERNAL - System Time: 2025-03-01 13:44:27.443732, Logical Clock: 126
2025-03-01 13:44:27,612 - INTERNAL - System Time: 2025-03-01 13:44:27.612737, Logical Clock: 127
2025-03-01 13:44:27,783 - SEND - System Time: 2025-03-01 13:44:27.783541, Logical Clock: 128, To: Machine on port 10001
2025-03-01 13:44:27,953 - INTERNAL - System Time: 2025-03-01 13:44:27.953701, Logical Clock: 129
2025-03-01 13:44:28,124 - SEND - System Time: 2025-03-01 13:44:28.124453, Logical Clock: 130, To: Machine on port 10001
2025-03-01 13:44:28,125 - SEND - System Time: 2025-03-01 13:44:28.124453, Logical Clock: 130, To: Machine on port 10002
2025-03-01 13:44:28,292 - SEND - System Time: 2025-03-01 13:44:28.292794, Logical Clock: 131, To: Machine on port 10001
2025-03-01 13:44:28,461 - INTERNAL - System Time: 2025-03-01 13:44:28.461701, Logical Clock: 132
2025-03-01 13:44:28,634 - SEND - System Time: 2025-03-01 13:44:28.634220, Logical Clock: 133, To: Machine on port 10001
2025-03-01 13:44:28,634 - SEND - System Time: 2025-03-01 13:44:28.634220, Logical Clock: 133, To: Machine on port 10002
2025-03-01 13:44:28,803 - INTERNAL - System Time: 2025-03-01 13:44:28.803545, Logical Clock: 134
2025-03-01 13:44:28,971 - INTERNAL - System Time: 2025-03-01 13:44:28.971031, Logical Clock: 135
2025-03-01 13:44:29,142 - SEND - System Time: 2025-03-01 13:44:29.142557, Logical Clock: 136, To: Machine on port 10001
2025-03-01 13:44:29,312 - INTERNAL - System Time: 2025-03-01 13:44:29.311863, Logical Clock: 137
2025-03-01 13:44:29,480 - SEND - System Time: 2025-03-01 13:44:29.480638, Logical Clock: 138, To: Machine on port 10002
2025-03-01 13:44:29,653 - INTERNAL - System Time: 2025-03-01 13:44:29.652933, Logical Clock: 139
2025-03-01 13:44:29,824 - SEND - System Time: 2025-03-01 13:44:29.824058, Logical Clock: 140, To: Machine on port 10002
2025-03-01 13:44:29,993 - SEND - System Time: 2025-03-01 13:44:29.992813, Logical Clock: 141, To: Machine on port 10002
2025-03-01 13:44:30,162 - INTERNAL - System Time: 2025-03-01 13:44:30.162080, Logical Clock: 142
2025-03-01 13:44:30,333 - SEND - System Time: 2025-03-01 13:44:30.332881, Logical Clock: 143, To: Machine on port 10002
2025-03-01 13:44:30,503 - INTERNAL - System Time: 2025-03-01 13:44:30.503614, Logical Clock: 144
2025-03-01 13:44:30,675 - SEND - System Time: 2025-03-01 13:44:30.674977, Logical Clock: 145, To: Machine on port 10002
2025-03-01 13:44:30,842 - SEND - System Time: 2025-03-01 13:44:30.842839, Logical Clock: 146, To: Machine on port 10002
2025-03-01 13:44:31,011 - INTERNAL - System Time: 2025-03-01 13:44:31.011850, Logical Clock: 147
2025-03-01 13:44:31,181 - INTERNAL - System Time: 2025-03-01 13:44:31.181396, Logical Clock: 148
2025-03-01 13:44:31,353 - INTERNAL - System Time: 2025-03-01 13:44:31.353536, Logical Clock: 149
2025-03-01 13:44:31,524 - SEND - System Time: 2025-03-01 13:44:31.523772, Logical Clock: 150, To: Machine on port 10001
2025-03-01 13:44:31,693 - SEND - System Time: 2025-03-01 13:44:31.692725, Logical Clock: 151, To: Machine on port 10001
2025-03-01 13:44:31,693 - SEND - System Time: 2025-03-01 13:44:31.692725, Logical Clock: 151, To: Machine on port 10002
2025-03-01 13:44:31,865 - INTERNAL - System Time: 2025-03-01 13:44:31.865263, Logical Clock: 152
2025-03-01 13:44:32,037 - INTERNAL - System Time: 2025-03-01 13:44:32.037479, Logical Clock: 153
2025-03-01 13:44:32,209 - INTERNAL - System Time: 2025-03-01 13:44:32.209452, Logical Clock: 154
2025-03-01 13:44:32,381 - SEND - System Time: 2025-03-01 13:44:32.381527, Logical Clock: 155, To: Machine on port 10001
2025-03-01 13:44:32,554 - SEND - System Time: 2025-03-01 13:44:32.553879, Logical Clock: 156, To: Machine on port 10002
2025-03-01 13:44:32,723 - SEND - System Time: 2025-03-01 13:44:32.723675, Logical Clock: 157, To: Machine on port 10002
2025-03-01 13:44:32,895 - INTERNAL - System Time: 2025-03-01 13:44:32.894840, Logical Clock: 158
2025-03-01 13:44:33,064 - INTERNAL - System Time: 2025-03-01 13:44:33.064763, Logical Clock: 159
2025-03-01 13:44:33,236 - SEND - System Time: 2025-03-01 13:44:33.235824, Logical Clock: 160, To: Machine on port 10001
2025-03-01 13:44:33,408 - SEND - System Time: 2025-03-01 13:44:33.407957, Logical Clock: 161, To: Machine on port 10001
2025-03-01 13:44:33,577 - INTERNAL - System Time: 2025-03-01 13:44:33.577441, Logical Clock: 162
2025-03-01 13:44:33,748 - SEND - System Time: 2025-03-01 13:44:33.748148, Logical Clock: 163, To: Machine on port 10001
2025-03-01 13:44:33,748 - SEND - System Time: 2025-03-01 13:44:33.748148, Logical Clock: 163, To: Machine on port 10002
2025-03-01 13:44:33,918 - INTERNAL - System Time: 2025-03-01 13:44:33.918568, Logical Clock: 164
2025-03-01 13:44:34,089 - INTERNAL - System Time: 2025-03-01 13:44:34.089453, Logical Clock: 165
2025-03-01 13:44:34,262 - SEND - System Time: 2025-03-01 13:44:34.261776, Logical Clock: 166, To: Machine on port 10001
2025-03-01 13:44:34,430 - SEND - System Time: 2025-03-01 13:44:34.430674, Logical Clock: 167, To: Machine on port 10001
2025-03-01 13:44:34,431 - SEND - System Time: 2025-03-01 13:44:34.430674, Logical Clock: 167, To: Machine on port 10002
2025-03-01 13:44:34,599 - SEND - System Time: 2025-03-01 13:44:34.599579, Logical Clock: 168, To: Machine on port 10002
2025-03-01 13:44:34,767 - SEND - System Time: 2025-03-01 13:44:34.767612, Logical Clock: 169, To: Machine on port 10002
2025-03-01 13:44:34,936 - SEND - System Time: 2025-03-01 13:44:34.935915, Logical Clock: 170, To: Machine on port 10001
2025-03-01 13:44:34,936 - SEND - System Time: 2025-03-01 13:44:34.935915, Logical Clock: 170, To: Machine on port 10002
2025-03-01 13:44:35,107 - INTERNAL - System Time: 2025-03-01 13:44:35.107037, Logical Clock: 171
2025-03-01 13:44:35,281 - SEND - System Time: 2025-03-01 13:44:35.281216, Logical Clock: 172, To: Machine on port 10001
2025-03-01 13:44:35,281 - SEND - System Time: 2025-03-01 13:44:35.281216, Logical Clock: 172, To: Machine on port 10002
2025-03-01 13:44:35,454 - SEND - System Time: 2025-03-01 13:44:35.453815, Logical Clock: 173, To: Machine on port 10002
2025-03-01 13:44:35,623 - INTERNAL - System Time: 2025-03-01 13:44:35.623592, Logical Clock: 174
2025-03-01 13:44:35,796 - INTERNAL - System Time: 2025-03-01 13:44:35.795951, Logical Clock: 175
2025-03-01 13:44:35,965 - INTERNAL - System Time: 2025-03-01 13:44:35.965222, Logical Clock: 176
2025-03-01 13:44:36,136 - INTERNAL - System Time: 2025-03-01 13:44:36.136598, Logical Clock: 177
2025-03-01 13:44:36,306 - SEND - System Time: 2025-03-01 13:44:36.306286, Logical Clock: 178, To: Machine on port 10001
2025-03-01 13:44:36,476 - SEND - System Time: 2025-03-01 13:44:36.475920, Logical Clock: 179, To: Machine on port 10001
2025-03-01 13:44:36,476 - SEND - System Time: 2025-03-01 13:44:36.475920, Logical Clock: 179, To: Machine on port 10002
2025-03-01 13:44:36,647 - SEND - System Time: 2025-03-01 13:44:36.647700, Logical Clock: 180, To: Machine on port 10001
2025-03-01 13:44:36,816 - INTERNAL - System Time: 2025-03-01 13:44:36.816148, Logical Clock: 181
2025-03-01 13:44:36,987 - SEND - System Time: 2025-03-01 13:44:36.986884, Logical Clock: 182, To: Machine on port 10001
2025-03-01 13:44:36,987 - SEND - System Time: 2025-03-01 13:44:36.986884, Logical Clock: 182, To: Machine on port 10002
2025-03-01 13:44:37,156 - INTERNAL - System Time: 2025-03-01 13:44:37.156687, Logical Clock: 183
2025-03-01 13:44:37,324 - SEND - System Time: 2025-03-01 13:44:37.324108, Logical Clock: 184, To: Machine on port 10001
2025-03-01 13:44:37,324 - SEND - System Time: 2025-03-01 13:44:37.324108, Logical Clock: 184, To: Machine on port 10002
2025-03-01 13:44:37,493 - SEND - System Time: 2025-03-01 13:44:37.492974, Logical Clock: 185, To: Machine on port 10002
2025-03-01 13:44:37,665 - SEND - System Time: 2025-03-01 13:44:37.665091, Logical Clock: 186, To: Machine on port 10001
2025-03-01 13:44:37,665 - SEND - System Time: 2025-03-01 13:44:37.665091, Logical Clock: 186, To: Machine on port 10002
2025-03-01 13:44:37,833 - INTERNAL - System Time: 2025-03-01 13:44:37.833808, Logical Clock: 187
2025-03-01 13:44:38,006 - SEND - System Time: 2025-03-01 13:44:38.006066, Logical Clock: 188, To: Machine on port 10002
2025-03-01 13:44:38,174 - SEND - System Time: 2025-03-01 13:44:38.174041, Logical Clock: 189, To: Machine on port 10001
2025-03-01 13:44:38,174 - SEND - System Time: 2025-03-01 13:44:38.174041, Logical Clock: 189, To: Machine on port 10002
2025-03-01 13:44:38,342 - SEND - System Time: 2025-03-01 13:44:38.342368, Logical Clock: 190, To: Machine on port 10001
2025-03-01 13:44:38,343 - SEND - System Time: 2025-03-01 13:44:38.342368, Logical Clock: 190, To: Machine on port 10002
2025-03-01 13:44:38,514 - INTERNAL - System Time: 2025-03-01 13:44:38.513951, Logical Clock: 191
2025-03-01 13:44:38,684 - SEND - System Time: 2025-03-01 13:44:38.684321, Logical Clock: 192, To: Machine on port 10002
2025-03-01 13:44:38,855 - INTERNAL - System Time: 2025-03-01 13:44:38.855463, Logical Clock: 193
2025-03-01 13:44:39,027 - SEND - System Time: 2025-03-01 13:44:39.027458, Logical Clock: 194, To: Machine on port 10001
2025-03-01 13:44:39,027 - SEND - System Time: 2025-03-01 13:44:39.027458, Logical Clock: 194, To: Machine on port 10002
2025-03-01 13:44:39,197 - SEND - System Time: 2025-03-01 13:44:39.196916, Logical Clock: 195, To: Machine on port 10002
2025-03-01 13:44:39,368 - SEND - System Time: 2025-03-01 13:44:39.368717, Logical Clock: 196, To: Machine on port 10002
2025-03-01 13:44:39,540 - SEND - System Time: 2025-03-01 13:44:39.540487, Logical Clock: 197, To: Machine on port 10001
2025-03-01 13:44:39,709 - INTERNAL - System Time: 2025-03-01 13:44:39.708851, Logical Clock: 198
2025-03-01 13:44:39,881 - SEND - System Time: 2025-03-01 13:44:39.881480, Logical Clock: 199, To: Machine on port 10001
2025-03-01 13:44:40,054 - SEND - System Time: 2025-03-01 13:44:40.053929, Logical Clock: 200, To: Machine on port 10001
2025-03-01 13:44:40,224 - SEND - System Time: 2025-03-01 13:44:40.224098, Logical Clock: 201, To: Machine on port 10001
2025-03-01 13:44:40,393 - SEND - System Time: 2025-03-01 13:44:40.392907, Logical Clock: 202, To: Machine on port 10002
2025-03-01 13:44:40,564 - SEND - System Time: 2025-03-01 13:44:40.563818, Logical Clock: 203, To: Machine on port 10001
2025-03-01 13:44:40,733 - SEND - System Time: 2025-03-01 13:44:40.732930, Logical Clock: 204, To: Machine on port 10002
2025-03-01 13:44:40,903 - INTERNAL - System Time: 2025-03-01 13:44:40.903128, Logical Clock: 205
2025-03-01 13:44:41,072 - SEND - System Time: 2025-03-01 13:44:41.072109, Logical Clock: 206, To: Machine on port 10002
2025-03-01 13:44:41,244 - SEND - System Time: 2025-03-01 13:44:41.243904, Logical Clock: 207, To: Machine on port 10001
2025-03-01 13:44:41,415 - SEND - System Time: 2025-03-01 13:44:41.415377, Logical Clock: 208, To: Machine on port 10001
2025-03-01 13:44:41,583 - SEND - System Time: 2025-03-01 13:44:41.583516, Logical Clock: 209, To: Machine on port 10001
2025-03-01 13:44:41,753 - SEND - System Time: 2025-03-01 13:44:41.753201, Logical Clock: 210, To: Machine on port 10002
2025-03-01 13:44:41,922 - INTERNAL - System Time: 2025-03-01 13:44:41.922030, Logical Clock: 211
2025-03-01 13:44:42,092 - SEND - System Time: 2025-03-01 13:44:42.092446, Logical Clock: 212, To: Machine on port 10001
2025-03-01 13:44:42,093 - SEND - System Time: 2025-03-01 13:44:42.092446, Logical Clock: 212, To: Machine on port 10002
2025-03-01 13:44:42,262 - INTERNAL - System Time: 2025-03-01 13:44:42.262455, Logical Clock: 213
2025-03-01 13:44:42,430 - SEND - System Time: 2025-03-01 13:44:42.430589, Logical Clock: 214, To: Machine on port 10001
2025-03-01 13:44:42,599 - SEND - System Time: 2025-03-01 13:44:42.599582, Logical Clock: 215, To: Machine on port 10001
2025-03-01 13:44:42,772 - SEND - System Time: 2025-03-01 13:44:42.772133, Logical Clock: 216, To: Machine on port 10002
2025-03-01 13:44:42,943 - SEND - System Time: 2025-03-01 13:44:42.943107, Logical Clock: 217, To: Machine on port 10002
2025-03-01 13:44:43,113 - INTERNAL - System Time: 2025-03-01 13:44:43.113532, Logical Clock: 218
2025-03-01 13:44:43,283 - SEND - System Time: 2025-03-01 13:44:43.283109, Logical Clock: 219, To: Machine on port 10002
2025-03-01 13:44:43,453 - INTERNAL - System Time: 2025-03-01 13:44:43.453131, Logical Clock: 220
2025-03-01 13:44:43,625 - INTERNAL - System Time: 2025-03-01 13:44:43.625117, Logical Clock: 221
2025-03-01 13:44:43,797 - SEND - System Time: 2025-03-01 13:44:43.797734, Logical Clock: 222, To: Machine on port 10002
2025-03-01 13:44:43,966 - INTERNAL - System Time: 2025-03-01 13:44:43.966205, Logical Clock: 223
2025-03-01 13:44:44,135 - SEND - System Time: 2025-03-01 13:44:44.135609, Logical Clock: 224, To: Machine on port 10001
2025-03-01 13:44:44,308 - SEND - System Time: 2025-03-01 13:44:44.308002, Logical Clock: 225, To: Machine on port 10001
2025-03-01 13:44:44,308 - SEND - System Time: 2025-03-01 13:44:44.308002, Logical Clock: 225, To: Machine on port 10002
2025-03-01 13:44:44,477 - INTERNAL - System Time: 2025-03-01 13:44:44.477389, Logical Clock: 226
2025-03-01 13:44:44,648 - INTERNAL - System Time: 2025-03-01 13:44:44.648563, Logical Clock: 227
2025-03-01 13:44:44,819 - INTERNAL - System Time: 2025-03-01 13:44:44.819239, Logical Clock: 228
2025-03-01 13:44:44,989 - INTERNAL - System Time: 2025-03-01 13:44:44.989601, Logical Clock: 229
2025-03-01 13:44:45,157 - INTERNAL - System Time: 2025-03-01 13:44:45.156984, Logical Clock: 230
2025-03-01 13:44:45,328 - INTERNAL - System Time: 2025-03-01 13:44:45.328383, Logical Clock: 231
2025-03-01 13:44:45,496 - INTERNAL - System Time: 2025-03-01 13:44:45.496743, Logical Clock: 232
2025-03-01 13:44:45,664 - INTERNAL - System Time: 2025-03-01 13:44:45.664214, Logical Clock: 233
2025-03-01 13:44:45,834 - INTERNAL - System Time: 2025-03-01 13:44:45.834440, Logical Clock: 234
2025-03-01 13:44:46,003 - INTERNAL - System Time: 2025-03-01 13:44:46.003642, Logical Clock: 235
2025-03-01 13:44:46,173 - INTERNAL - System Time: 2025-03-01 13:44:46.173432, Logical Clock: 236
2025-03-01 13:44:46,346 - SEND - System Time: 2025-03-01 13:44:46.346115, Logical Clock: 237, To: Machine on port 10001
2025-03-01 13:44:46,515 - SEND - System Time: 2025-03-01 13:44:46.515449, Logical Clock: 238, To: Machine on port 10002
2025-03-01 13:44:46,687 - SEND - System Time: 2025-03-01 13:44:46.686915, Logical Clock: 239, To: Machine on port 10002
2025-03-01 13:44:46,856 - INTERNAL - System Time: 2025-03-01 13:44:46.856416, Logical Clock: 240
2025-03-01 13:44:47,028 - SEND - System Time: 2025-03-01 13:44:47.027965, Logical Clock: 241, To: Machine on port 10001
2025-03-01 13:44:47,028 - SEND - System Time: 2025-03-01 13:44:47.027965, Logical Clock: 241, To: Machine on port 10002
2025-03-01 13:44:47,200 - INTERNAL - System Time: 2025-03-01 13:44:47.200335, Logical Clock: 242
2025-03-01 13:44:47,370 - INTERNAL - System Time: 2025-03-01 13:44:47.370412, Logical Clock: 243
2025-03-01 13:44:47,540 - INTERNAL - System Time: 2025-03-01 13:44:47.540023, Logical Clock: 244
2025-03-01 13:44:47,709 - SEND - System Time: 2025-03-01 13:44:47.709044, Logical Clock: 245, To: Machine on port 10002
2025-03-01 13:44:47,878 - INTERNAL - System Time: 2025-03-01 13:44:47.878528, Logical Clock: 246
2025-03-01 13:44:48,050 - SEND - System Time: 2025-03-01 13:44:48.050179, Logical Clock: 247, To: Machine on port 10002
2025-03-01 13:44:48,221 - INTERNAL - System Time: 2025-03-01 13:44:48.220822, Logical Clock: 248
2025-03-01 13:44:48,392 - INTERNAL - System Time: 2025-03-01 13:44:48.391932, Logical Clock: 249
2025-03-01 13:44:48,564 - SEND - System Time: 2025-03-01 13:44:48.563854, Logical Clock: 250, To: Machine on port 10002
2025-03-01 13:44:48,732 - INTERNAL - System Time: 2025-03-01 13:44:48.732817, Logical Clock: 251
2025-03-01 13:44:48,905 - INTERNAL - System Time: 2025-03-01 13:44:48.904821, Logical Clock: 252
2025-03-01 13:44:49,075 - INTERNAL - System Time: 2025-03-01 13:44:49.075521, Logical Clock: 253
2025-03-01 13:44:49,245 - INTERNAL - System Time: 2025-03-01 13:44:49.245004, Logical Clock: 254
2025-03-01 13:44:49,415 - SEND - System Time: 2025-03-01 13:44:49.414819, Logical Clock: 255, To: Machine on port 10001
2025-03-01 13:44:49,586 - SEND - System Time: 2025-03-01 13:44:49.586303, Logical Clock: 256, To: Machine on port 10002
2025-03-01 13:44:49,754 - SEND - System Time: 2025-03-01 13:44:49.753840, Logical Clock: 257, To: Machine on port 10001
2025-03-01 13:44:49,754 - SEND - System Time: 2025-03-01 13:44:49.753840, Logical Clock: 257, To: Machine on port 10002
2025-03-01 13:44:49,923 - INTERNAL - System Time: 2025-03-01 13:44:49.923564, Logical Clock: 258
2025-03-01 13:44:50,094 - SEND - System Time: 2025-03-01 13:44:50.094027, Logical Clock: 259, To: Machine on port 10001
2025-03-01 13:44:50,266 - INTERNAL - System Time: 2025-03-01 13:44:50.266127, Logical Clock: 260
2025-03-01 13:44:50,435 - SEND - System Time: 2025-03-01 13:44:50.434845, Logical Clock: 261, To: Machine on port 10001
2025-03-01 13:44:50,435 - SEND - System Time: 2025-03-01 13:44:50.434845, Logical Clock: 261, To: Machine on port 10002
2025-03-01 13:44:50,602 - INTERNAL - System Time: 2025-03-01 13:44:50.602665, Logical Clock: 262
2025-03-01 13:44:50,774 - INTERNAL - System Time: 2025-03-01 13:44:50.774044, Logical Clock: 263
2025-03-01 13:44:50,941 - INTERNAL - System Time: 2025-03-01 13:44:50.941807, Logical Clock: 264
2025-03-01 13:44:51,112 - SEND - System Time: 2025-03-01 13:44:51.111975, Logical Clock: 265, To: Machine on port 10001
2025-03-01 13:44:51,112 - SEND - System Time: 2025-03-01 13:44:51.111975, Logical Clock: 265, To: Machine on port 10002
2025-03-01 13:44:51,280 - SEND - System Time: 2025-03-01 13:44:51.280676, Logical Clock: 266, To: Machine on port 10001
2025-03-01 13:44:51,281 - SEND - System Time: 2025-03-01 13:44:51.280676, Logical Clock: 266, To: Machine on port 10002
2025-03-01 13:44:51,453 - SEND - System Time: 2025-03-01 13:44:51.453261, Logical Clock: 267, To: Machine on port 10001
2025-03-01 13:44:51,453 - SEND - System Time: 2025-03-01 13:44:51.453261, Logical Clock: 267, To: Machine on port 10002
2025-03-01 13:44:51,624 - SEND - System Time: 2025-03-01 13:44:51.624387, Logical Clock: 268, To: Machine on port 10001
2025-03-01 13:44:51,792 - SEND - System Time: 2025-03-01 13:44:51.792368, Logical Clock: 269, To: Machine on port 10002
2025-03-01 13:44:51,960 - INTERNAL - System Time: 2025-03-01 13:44:51.960158, Logical Clock: 270
2025-03-01 13:44:52,127 - SEND - System Time: 2025-03-01 13:44:52.127417, Logical Clock: 271, To: Machine on port 10002
2025-03-01 13:44:52,298 - INTERNAL - System Time: 2025-03-01 13:44:52.297999, Logical Clock: 272
2025-03-01 13:44:52,467 - INTERNAL - System Time: 2025-03-01 13:44:52.467424, Logical Clock: 273
2025-03-01 13:44:52,637 - SEND - System Time: 2025-03-01 13:44:52.636972, Logical Clock: 274, To: Machine on port 10001
2025-03-01 13:44:52,637 - SEND - System Time: 2025-03-01 13:44:52.636972, Logical Clock: 274, To: Machine on port 10002
2025-03-01 13:44:52,808 - SEND - System Time: 2025-03-01 13:44:52.808183, Logical Clock: 275, To: Machine on port 10001
2025-03-01 13:44:52,976 - SEND - System Time: 2025-03-01 13:44:52.976030, Logical Clock: 276, To: Machine on port 10002
2025-03-01 13:44:53,143 - INTERNAL - System Time: 2025-03-01 13:44:53.143788, Logical Clock: 277
2025-03-01 13:44:53,311 - SEND - System Time: 2025-03-01 13:44:53.311701, Logical Clock: 278, To: Machine on port 10001
2025-03-01 13:44:53,480 - INTERNAL - System Time: 2025-03-01 13:44:53.480631, Logical Clock: 279
2025-03-01 13:44:53,650 - SEND - System Time: 2025-03-01 13:44:53.650250, Logical Clock: 280, To: Machine on port 10001
2025-03-01 13:44:53,650 - SEND - System Time: 2025-03-01 13:44:53.650250, Logical Clock: 280, To: Machine on port 10002
2025-03-01 13:44:53,818 - SEND - System Time: 2025-03-01 13:44:53.818643, Logical Clock: 281, To: Machine on port 10001
2025-03-01 13:44:53,818 - SEND - System Time: 2025-03-01 13:44:53.818643, Logical Clock: 281, To: Machine on port 10002
2025-03-01 13:44:53,988 - SEND - System Time: 2025-03-01 13:44:53.988104, Logical Clock: 282, To: Machine on port 10002
2025-03-01 13:44:54,157 - INTERNAL - System Time: 2025-03-01 13:44:54.156886, Logical Clock: 283
2025-03-01 13:44:54,325 - INTERNAL - System Time: 2025-03-01 13:44:54.325553, Logical Clock: 284
2025-03-01 13:44:54,498 - SEND - System Time: 2025-03-01 13:44:54.498270, Logical Clock: 285, To: Machine on port 10002
2025-03-01 13:44:54,670 - SEND - System Time: 2025-03-01 13:44:54.670773, Logical Clock: 286, To: Machine on port 10001
2025-03-01 13:44:54,671 - SEND - System Time: 2025-03-01 13:44:54.670773, Logical Clock: 286, To: Machine on port 10002
2025-03-01 13:44:54,841 - SEND - System Time: 2025-03-01 13:44:54.841354, Logical Clock: 287, To: Machine on port 10001
2025-03-01 13:44:55,012 - INTERNAL - System Time: 2025-03-01 13:44:55.011967, Logical Clock: 288
2025-03-01 13:44:55,180 - SEND - System Time: 2025-03-01 13:44:55.180703, Logical Clock: 289, To: Machine on port 10002
2025-03-01 13:44:55,363 - SEND - System Time: 2025-03-01 13:44:55.363881, Logical Clock: 290, To: Machine on port 10002
2025-03-01 13:44:55,531 - SEND - System Time: 2025-03-01 13:44:55.531140, Logical Clock: 291, To: Machine on port 10001
2025-03-01 13:44:55,699 - SEND - System Time: 2025-03-01 13:44:55.699499, Logical Clock: 292, To: Machine on port 10002
2025-03-01 13:44:55,868 - INTERNAL - System Time: 2025-03-01 13:44:55.868705, Logical Clock: 293
2025-03-01 13:44:56,040 - INTERNAL - System Time: 2025-03-01 13:44:56.040718, Logical Clock: 294
2025-03-01 13:44:56,211 - SEND - System Time: 2025-03-01 13:44:56.210974, Logical Clock: 295, To: Machine on port 10001
2025-03-01 13:44:56,381 - SEND - System Time: 2025-03-01 13:44:56.381677, Logical Clock: 296, To: Machine on port 10001
2025-03-01 13:44:56,551 - SEND - System Time: 2025-03-01 13:44:56.551453, Logical Clock: 297, To: Machine on port 10001
2025-03-01 13:44:56,551 - SEND - System Time: 2025-03-01 13:44:56.551453, Logical Clock: 297, To: Machine on port 10002
2025-03-01 13:44:56,723 - INTERNAL - System Time: 2025-03-01 13:44:56.723509, Logical Clock: 298
2025-03-01 13:44:56,893 - INTERNAL - System Time: 2025-03-01 13:44:56.893040, Logical Clock: 299
2025-03-01 13:44:57,061 - SEND - System Time: 2025-03-01 13:44:57.060985, Logical Clock: 300, To: Machine on port 10002
2025-03-01 13:44:57,230 - INTERNAL - System Time: 2025-03-01 13:44:57.230564, Logical Clock: 301
2025-03-01 13:44:57,402 - SEND - System Time: 2025-03-01 13:44:57.401977, Logical Clock: 302, To: Machine on port 10001
2025-03-01 13:44:57,574 - SEND - System Time: 2025-03-01 13:44:57.573745, Logical Clock: 303, To: Machine on port 10001
2025-03-01 13:44:57,742 - INTERNAL - System Time: 2025-03-01 13:44:57.742840, Logical Clock: 304
2025-03-01 13:44:57,914 - INTERNAL - System Time: 2025-03-01 13:44:57.914645, Logical Clock: 305
2025-03-01 13:44:58,086 - INTERNAL - System Time: 2025-03-01 13:44:58.086606, Logical Clock: 306
2025-03-01 13:44:58,258 - INTERNAL - System Time: 2025-03-01 13:44:58.258221, Logical Clock: 307
2025-03-01 13:44:58,427 - SEND - System Time: 2025-03-01 13:44:58.427471, Logical Clock: 308, To: Machine on port 10002
2025-03-01 13:44:58,595 - SEND - System Time: 2025-03-01 13:44:58.594980, Logical Clock: 309, To: Machine on port 10002
2025-03-01 13:44:58,765 - INTERNAL - System Time: 2025-03-01 13:44:58.765327, Logical Clock: 310
2025-03-01 13:44:58,937 - INTERNAL - System Time: 2025-03-01 13:44:58.937521, Logical Clock: 311
2025-03-01 13:44:59,107 - INTERNAL - System Time: 2025-03-01 13:44:59.106843, Logical Clock: 312
2025-03-01 13:44:59,277 - SEND - System Time: 2025-03-01 13:44:59.277445, Logical Clock: 313, To: Machine on port 10001
2025-03-01 13:44:59,448 - SEND - System Time: 2025-03-01 13:44:59.448182, Logical Clock: 314, To: Machine on port 10001
2025-03-01 13:44:59,620 - INTERNAL - System Time: 2025-03-01 13:44:59.620271, Logical Clock: 315
2025-03-01 13:44:59,790 - SEND - System Time: 2025-03-01 13:44:59.790529, Logical Clock: 316, To: Machine on port 10001
2025-03-01 13:44:59,791 - SEND - System Time: 2025-03-01 13:44:59.790529, Logical Clock: 316, To: Machine on port 10002
2025-03-01 13:44:59,962 - INTERNAL - System Time: 2025-03-01 13:44:59.961938, Logical Clock: 317
2025-03-01 13:45:00,131 - SEND - System Time: 2025-03-01 13:45:00.131443, Logical Clock: 318, To: Machine on port 10001
2025-03-01 13:45:00,300 - INTERNAL - System Time: 2025-03-01 13:45:00.300649, Logical Clock: 319
2025-03-01 13:45:00,468 - INTERNAL - System Time: 2025-03-01 13:45:00.468692, Logical Clock: 320
2025-03-01 13:45:00,639 - INTERNAL - System Time: 2025-03-01 13:45:00.639251, Logical Clock: 321
2025-03-01 13:45:00,808 - SEND - System Time: 2025-03-01 13:45:00.808273, Logical Clock: 322, To: Machine on port 10002
2025-03-01 13:45:00,977 - INTERNAL - System Time: 2025-03-01 13:45:00.977515, Logical Clock: 323
2025-03-01 13:45:01,150 - SEND - System Time: 2025-03-01 13:45:01.149720, Logical Clock: 324, To: Machine on port 10001
2025-03-01 13:45:01,150 - SEND - System Time: 2025-03-01 13:45:01.149720, Logical Clock: 324, To: Machine on port 10002
2025-03-01 13:45:01,322 - INTERNAL - System Time: 2025-03-01 13:45:01.322259, Logical Clock: 325
2025-03-01 13:45:01,494 - SEND - System Time: 2025-03-01 13:45:01.494235, Logical Clock: 326, To: Machine on port 10002
2025-03-01 13:45:01,662 - INTERNAL - System Time: 2025-03-01 13:45:01.661978, Logical Clock: 327
2025-03-01 13:45:01,831 - INTERNAL - System Time: 2025-03-01 13:45:01.830990, Logical Clock: 328
2025-03-01 13:45:02,014 - SEND - System Time: 2025-03-01 13:45:02.013923, Logical Clock: 329, To: Machine on port 10001
2025-03-01 13:45:02,014 - SEND - System Time: 2025-03-01 13:45:02.013923, Logical Clock: 329, To: Machine on port 10002
2025-03-01 13:45:02,186 - SEND - System Time: 2025-03-01 13:45:02.186373, Logical Clock: 330, To: Machine on port 10002
2025-03-01 13:45:02,357 - INTERNAL - System Time: 2025-03-01 13:45:02.357142, Logical Clock: 331
2025-03-01 13:45:02,529 - SEND - System Time: 2025-03-01 13:45:02.529572, Logical Clock: 332, To: Machine on port 10001
2025-03-01 13:45:02,697 - SEND - System Time: 2025-03-01 13:45:02.697620, Logical Clock: 333, To: Machine on port 10001
2025-03-01 13:45:02,865 - INTERNAL - System Time: 2025-03-01 13:45:02.865391, Logical Clock: 334
2025-03-01 13:45:03,034 - SEND - System Time: 2025-03-01 13:45:03.033732, Logical Clock: 335, To: Machine on port 10001
2025-03-01 13:45:03,204 - INTERNAL - System Time: 2025-03-01 13:45:03.203826, Logical Clock: 336
2025-03-01 13:45:03,372 - SEND - System Time: 2025-03-01 13:45:03.372203, Logical Clock: 337, To: Machine on port 10002
2025-03-01 13:45:03,540 - SEND - System Time: 2025-03-01 13:45:03.540368, Logical Clock: 338, To: Machine on port 10001
2025-03-01 13:45:03,708 - SEND - System Time: 2025-03-01 13:45:03.708661, Logical Clock: 339, To: Machine on port 10001
2025-03-01 13:45:03,709 - SEND - System Time: 2025-03-01 13:45:03.708661, Logical Clock: 339, To: Machine on port 10002
2025-03-01 13:45:03,878 - INTERNAL - System Time: 2025-03-01 13:45:03.878641, Logical Clock: 340
2025-03-01 13:45:04,047 - SEND - System Time: 2025-03-01 13:45:04.047813, Logical Clock: 341, To: Machine on port 10002
2025-03-01 13:45:04,215 - SEND - System Time: 2025-03-01 13:45:04.215175, Logical Clock: 342, To: Machine on port 10002
2025-03-01 13:45:04,383 - INTERNAL - System Time: 2025-03-01 13:45:04.383758, Logical Clock: 343
2025-03-01 13:45:04,554 - SEND - System Time: 2025-03-01 13:45:04.553844, Logical Clock: 344, To: Machine on port 10002
2025-03-01 13:45:04,723 - INTERNAL - System Time: 2025-03-01 13:45:04.723543, Logical Clock: 345
2025-03-01 13:45:04,892 - SEND - System Time: 2025-03-01 13:45:04.892588, Logical Clock: 346, To: Machine on port 10001
2025-03-01 13:45:04,893 - SEND - System Time: 2025-03-01 13:45:04.892588, Logical Clock: 346, To: Machine on port 10002
2025-03-01 13:45:05,065 - SEND - System Time: 2025-03-01 13:45:05.065037, Logical Clock: 347, To: Machine on port 10001
2025-03-01 13:45:05,065 - SEND - System Time: 2025-03-01 13:45:05.065037, Logical Clock: 347, To: Machine on port 10002
2025-03-01 13:45:05,237 - SEND - System Time: 2025-03-01 13:45:05.237801, Logical Clock: 348, To: Machine on port 10002
2025-03-01 13:45:05,409 - INTERNAL - System Time: 2025-03-01 13:45:05.409768, Logical Clock: 349
2025-03-01 13:45:05,579 - SEND - System Time: 2025-03-01 13:45:05.579443, Logical Clock: 350, To: Machine on port 10001
2025-03-01 13:45:05,751 - INTERNAL - System Time: 2025-03-01 13:45:05.751333, Logical Clock: 351
2025-03-01 13:45:05,918 - SEND - System Time: 2025-03-01 13:45:05.918784, Logical Clock: 352, To: Machine on port 10001
2025-03-01 13:45:05,918 - SEND - System Time: 2025-03-01 13:45:05.918784, Logical Clock: 352, To: Machine on port 10002
2025-03-01 13:45:06,088 - SEND - System Time: 2025-03-01 13:45:06.088562, Logical Clock: 353, To: Machine on port 10001
2025-03-01 13:45:06,260 - INTERNAL - System Time: 2025-03-01 13:45:06.260409, Logical Clock: 354
2025-03-01 13:45:06,432 - INTERNAL - System Time: 2025-03-01 13:45:06.432296, Logical Clock: 355
