2025-03-02 07:42:57,305 - Virtual Machine 3 initialized
2025-03-02 07:42:57,305 - Clock Rate: 2 ticks/second
2025-03-02 07:42:57,305 - Listening on port: 10002
2025-03-02 07:42:57,305 - Peer ports: [10000, 10001]
2025-03-02 07:42:57,306 - Network initialization completed
2025-03-02 07:42:57,306 - Starting main event loop
2025-03-02 07:42:57,306 - Clock rate: 2 ticks/second
2025-03-02 07:42:57,306 - No connection to port 10001
2025-03-02 07:42:57,471 - Accepted connection from ('127.0.0.1', 49371)
2025-03-02 07:42:57,811 - INTERNAL - System Time: 2025-03-02 07:42:57.811379, Logical Clock: 2
2025-03-02 07:42:57,823 - Accepted connection from ('127.0.0.1', 49373)
2025-03-02 07:42:58,316 - RECEIVE - System Time: 2025-03-02 07:42:58.316790, Logical Clock: 4, Queue Length: 0, From: Machine 2
2025-03-02 07:42:58,819 - RECEIVE - System Time: 2025-03-02 07:42:58.819388, Logical Clock: 7, Queue Length: 0, From: Machine 2
2025-03-02 07:42:59,324 - RECEIVE - System Time: 2025-03-02 07:42:59.324705, Logical Clock: 9, Queue Length: 0, From: Machine 2
2025-03-02 07:42:59,827 - INTERNAL - System Time: 2025-03-02 07:42:59.827134, Logical Clock: 10
2025-03-02 07:43:00,332 - RECEIVE - System Time: 2025-03-02 07:43:00.332420, Logical Clock: 15, Queue Length: 0, From: Machine 2
2025-03-02 07:43:00,837 - RECEIVE - System Time: 2025-03-02 07:43:00.837287, Logical Clock: 17, Queue Length: 1, From: Machine 2
2025-03-02 07:43:01,339 - RECEIVE - System Time: 2025-03-02 07:43:01.339169, Logical Clock: 18, Queue Length: 1, From: Machine 2
2025-03-02 07:43:01,840 - RECEIVE - System Time: 2025-03-02 07:43:01.839844, Logical Clock: 19, Queue Length: 1, From: Machine 1
2025-03-02 07:43:02,350 - RECEIVE - System Time: 2025-03-02 07:43:02.350214, Logical Clock: 23, Queue Length: 0, From: Machine 2
2025-03-02 07:43:02,857 - No connection to port 10001
2025-03-02 07:43:03,367 - RECEIVE - System Time: 2025-03-02 07:43:03.367736, Logical Clock: 32, Queue Length: 1, From: Machine 2
2025-03-02 07:43:03,873 - RECEIVE - System Time: 2025-03-02 07:43:03.873785, Logical Clock: 34, Queue Length: 0, From: Machine 2
2025-03-02 07:43:04,378 - INTERNAL - System Time: 2025-03-02 07:43:04.378768, Logical Clock: 35
2025-03-02 07:43:04,883 - RECEIVE - System Time: 2025-03-02 07:43:04.883126, Logical Clock: 41, Queue Length: 0, From: Machine 2
2025-03-02 07:43:05,384 - RECEIVE - System Time: 2025-03-02 07:43:05.384783, Logical Clock: 45, Queue Length: 0, From: Machine 2
2025-03-02 07:43:05,895 - RECEIVE - System Time: 2025-03-02 07:43:05.895140, Logical Clock: 46, Queue Length: 0, From: Machine 2
2025-03-02 07:43:06,406 - INTERNAL - System Time: 2025-03-02 07:43:06.405801, Logical Clock: 47
2025-03-02 07:43:06,911 - INTERNAL - System Time: 2025-03-02 07:43:06.911619, Logical Clock: 48
2025-03-02 07:43:07,413 - RECEIVE - System Time: 2025-03-02 07:43:07.413463, Logical Clock: 57, Queue Length: 0, From: Machine 2
2025-03-02 07:43:07,918 - INTERNAL - System Time: 2025-03-02 07:43:07.917723, Logical Clock: 58
2025-03-02 07:43:08,428 - INTERNAL - System Time: 2025-03-02 07:43:08.428455, Logical Clock: 59
2025-03-02 07:43:12,295 - RECEIVE - System Time: 2025-03-02 07:43:12.295557, Logical Clock: 64, Queue Length: 0, From: Machine 2
2025-03-02 07:43:12,798 - RECEIVE - System Time: 2025-03-02 07:43:12.798510, Logical Clock: 67, Queue Length: 0, From: Machine 2
2025-03-02 07:43:13,308 - No connection to port 10000
2025-03-02 07:43:13,309 - No connection to port 10001
2025-03-02 07:43:13,810 - No connection to port 10001
2025-03-02 07:43:14,313 - RECEIVE - System Time: 2025-03-02 07:43:14.313666, Logical Clock: 75, Queue Length: 0, From: Machine 2
2025-03-02 07:43:14,816 - INTERNAL - System Time: 2025-03-02 07:43:14.816725, Logical Clock: 76
2025-03-02 07:43:15,327 - RECEIVE - System Time: 2025-03-02 07:43:15.327128, Logical Clock: 82, Queue Length: 0, From: Machine 2
2025-03-02 07:43:15,837 - INTERNAL - System Time: 2025-03-02 07:43:15.837080, Logical Clock: 83
2025-03-02 07:43:16,338 - RECEIVE - System Time: 2025-03-02 07:43:16.338616, Logical Clock: 87, Queue Length: 0, From: Machine 2
2025-03-02 07:43:16,845 - RECEIVE - System Time: 2025-03-02 07:43:16.845040, Logical Clock: 90, Queue Length: 1, From: Machine 2
2025-03-02 07:43:17,351 - RECEIVE - System Time: 2025-03-02 07:43:17.351645, Logical Clock: 91, Queue Length: 0, From: Machine 2
2025-03-02 07:43:17,859 - INTERNAL - System Time: 2025-03-02 07:43:17.859850, Logical Clock: 92
2025-03-02 07:43:18,362 - No connection to port 10001
2025-03-02 07:43:18,869 - RECEIVE - System Time: 2025-03-02 07:43:18.869645, Logical Clock: 102, Queue Length: 0, From: Machine 2
2025-03-02 07:43:19,374 - RECEIVE - System Time: 2025-03-02 07:43:19.374537, Logical Clock: 103, Queue Length: 0, From: Machine 1
2025-03-02 07:43:19,883 - RECEIVE - System Time: 2025-03-02 07:43:19.883342, Logical Clock: 107, Queue Length: 1, From: Machine 2
2025-03-02 07:43:20,392 - RECEIVE - System Time: 2025-03-02 07:43:20.392362, Logical Clock: 108, Queue Length: 0, From: Machine 2
2025-03-02 07:43:20,895 - RECEIVE - System Time: 2025-03-02 07:43:20.895387, Logical Clock: 113, Queue Length: 1, From: Machine 2
2025-03-02 07:43:21,401 - RECEIVE - System Time: 2025-03-02 07:43:21.400903, Logical Clock: 114, Queue Length: 0, From: Machine 1
2025-03-02 07:43:21,907 - RECEIVE - System Time: 2025-03-02 07:43:21.907056, Logical Clock: 119, Queue Length: 0, From: Machine 2
2025-03-02 07:43:22,413 - No connection to port 10000
2025-03-02 07:43:22,414 - No connection to port 10001
2025-03-02 07:43:22,919 - INTERNAL - System Time: 2025-03-02 07:43:22.919437, Logical Clock: 121
2025-03-02 07:43:23,430 - RECEIVE - System Time: 2025-03-02 07:43:23.429793, Logical Clock: 122, Queue Length: 0, From: Machine 1
2025-03-02 07:43:23,935 - RECEIVE - System Time: 2025-03-02 07:43:23.934962, Logical Clock: 131, Queue Length: 0, From: Machine 2
2025-03-02 07:43:24,440 - INTERNAL - System Time: 2025-03-02 07:43:24.440226, Logical Clock: 132
2025-03-02 07:43:24,944 - RECEIVE - System Time: 2025-03-02 07:43:24.944706, Logical Clock: 133, Queue Length: 1, From: Machine 1
2025-03-02 07:43:25,448 - RECEIVE - System Time: 2025-03-02 07:43:25.448273, Logical Clock: 138, Queue Length: 0, From: Machine 2
2025-03-02 07:43:25,958 - RECEIVE - System Time: 2025-03-02 07:43:25.958586, Logical Clock: 143, Queue Length: 0, From: Machine 2
2025-03-02 07:43:26,465 - INTERNAL - System Time: 2025-03-02 07:43:26.465032, Logical Clock: 144
2025-03-02 07:43:26,968 - RECEIVE - System Time: 2025-03-02 07:43:26.968457, Logical Clock: 149, Queue Length: 0, From: Machine 2
2025-03-02 07:43:27,472 - INTERNAL - System Time: 2025-03-02 07:43:27.472180, Logical Clock: 150
2025-03-02 07:43:27,979 - RECEIVE - System Time: 2025-03-02 07:43:27.979183, Logical Clock: 155, Queue Length: 0, From: Machine 2
2025-03-02 07:45:26,146 - INTERNAL - System Time: 2025-03-02 07:45:26.146001, Logical Clock: 156
2025-03-02 07:45:26,651 - RECEIVE - System Time: 2025-03-02 07:45:26.647059, Logical Clock: 159, Queue Length: 0, From: Machine 2
2025-03-02 07:45:27,153 - No connection to port 10000
2025-03-02 07:45:27,658 - INTERNAL - System Time: 2025-03-02 07:45:27.658189, Logical Clock: 161
2025-03-02 07:45:28,163 - INTERNAL - System Time: 2025-03-02 07:45:28.162879, Logical Clock: 162
2025-03-02 07:45:28,668 - INTERNAL - System Time: 2025-03-02 07:45:28.668194, Logical Clock: 163
2025-03-02 07:45:29,170 - No connection to port 10000
2025-03-02 07:45:29,671 - RECEIVE - System Time: 2025-03-02 07:45:29.671602, Logical Clock: 165, Queue Length: 0, From: Machine 1
2025-03-02 07:45:30,176 - INTERNAL - System Time: 2025-03-02 07:45:30.176787, Logical Clock: 166
2025-03-02 07:45:30,682 - RECEIVE - System Time: 2025-03-02 07:45:30.682215, Logical Clock: 183, Queue Length: 0, From: Machine 2
2025-03-02 07:45:31,184 - RECEIVE - System Time: 2025-03-02 07:45:31.184370, Logical Clock: 184, Queue Length: 0, From: Machine 1
2025-03-02 07:45:31,688 - RECEIVE - System Time: 2025-03-02 07:45:31.688056, Logical Clock: 190, Queue Length: 0, From: Machine 2
2025-03-02 07:45:32,192 - No connection to port 10000
2025-03-02 07:45:32,192 - No connection to port 10001
2025-03-02 07:45:32,697 - INTERNAL - System Time: 2025-03-02 07:45:32.696814, Logical Clock: 192
2025-03-02 07:45:33,198 - RECEIVE - System Time: 2025-03-02 07:45:33.198483, Logical Clock: 197, Queue Length: 0, From: Machine 2
2025-03-02 07:45:33,704 - RECEIVE - System Time: 2025-03-02 07:45:33.703842, Logical Clock: 198, Queue Length: 0, From: Machine 1
2025-03-02 07:45:34,207 - RECEIVE - System Time: 2025-03-02 07:45:34.207226, Logical Clock: 204, Queue Length: 0, From: Machine 2
2025-03-02 07:45:34,713 - RECEIVE - System Time: 2025-03-02 07:45:34.712835, Logical Clock: 206, Queue Length: 0, From: Machine 2
2025-03-02 07:45:35,216 - RECEIVE - System Time: 2025-03-02 07:45:35.216168, Logical Clock: 207, Queue Length: 0, From: Machine 1
2025-03-02 07:45:35,721 - RECEIVE - System Time: 2025-03-02 07:45:35.720949, Logical Clock: 213, Queue Length: 0, From: Machine 2
2025-03-02 07:45:36,226 - RECEIVE - System Time: 2025-03-02 07:45:36.226535, Logical Clock: 215, Queue Length: 1, From: Machine 2
2025-03-02 07:45:36,732 - RECEIVE - System Time: 2025-03-02 07:45:36.732349, Logical Clock: 216, Queue Length: 0, From: Machine 1
2025-03-02 07:45:37,237 - RECEIVE - System Time: 2025-03-02 07:45:37.237329, Logical Clock: 221, Queue Length: 1, From: Machine 2
2025-03-02 07:45:37,743 - RECEIVE - System Time: 2025-03-02 07:45:37.743039, Logical Clock: 222, Queue Length: 2, From: Machine 2
2025-03-02 07:45:38,248 - RECEIVE - System Time: 2025-03-02 07:45:38.248332, Logical Clock: 223, Queue Length: 1, From: Machine 2
2025-03-02 07:45:38,750 - RECEIVE - System Time: 2025-03-02 07:45:38.749981, Logical Clock: 225, Queue Length: 0, From: Machine 2
2025-03-02 07:45:39,255 - No connection to port 10001
2025-03-02 07:45:39,760 - RECEIVE - System Time: 2025-03-02 07:45:39.760148, Logical Clock: 235, Queue Length: 1, From: Machine 2
2025-03-02 07:45:40,261 - RECEIVE - System Time: 2025-03-02 07:45:40.261076, Logical Clock: 236, Queue Length: 0, From: Machine 2
2025-03-02 07:45:40,766 - INTERNAL - System Time: 2025-03-02 07:45:40.766533, Logical Clock: 237
2025-03-02 07:45:41,272 - RECEIVE - System Time: 2025-03-02 07:45:41.271844, Logical Clock: 238, Queue Length: 0, From: Machine 1
2025-03-02 07:45:41,777 - RECEIVE - System Time: 2025-03-02 07:45:41.777584, Logical Clock: 247, Queue Length: 0, From: Machine 2
2025-03-02 07:45:42,278 - RECEIVE - System Time: 2025-03-02 07:45:42.278556, Logical Clock: 250, Queue Length: 0, From: Machine 2
2025-03-02 07:45:42,784 - RECEIVE - System Time: 2025-03-02 07:45:42.784243, Logical Clock: 253, Queue Length: 1, From: Machine 2
2025-03-02 07:45:43,287 - RECEIVE - System Time: 2025-03-02 07:45:43.287000, Logical Clock: 254, Queue Length: 1, From: Machine 1
2025-03-02 07:45:43,790 - RECEIVE - System Time: 2025-03-02 07:45:43.790100, Logical Clock: 257, Queue Length: 1, From: Machine 2
2025-03-02 07:45:44,293 - RECEIVE - System Time: 2025-03-02 07:45:44.292916, Logical Clock: 259, Queue Length: 0, From: Machine 2
2025-03-02 07:45:44,797 - No connection to port 10000
2025-03-02 07:45:44,797 - No connection to port 10001
2025-03-02 07:45:45,299 - RECEIVE - System Time: 2025-03-02 07:45:45.299203, Logical Clock: 268, Queue Length: 0, From: Machine 2
2025-03-02 07:45:45,803 - INTERNAL - System Time: 2025-03-02 07:45:45.803874, Logical Clock: 269
2025-03-02 07:45:46,309 - No connection to port 10001
2025-03-02 07:45:46,811 - RECEIVE - System Time: 2025-03-02 07:45:46.811570, Logical Clock: 276, Queue Length: 1, From: Machine 2
2025-03-02 07:45:47,316 - RECEIVE - System Time: 2025-03-02 07:45:47.316856, Logical Clock: 277, Queue Length: 0, From: Machine 2
2025-03-02 07:45:47,822 - INTERNAL - System Time: 2025-03-02 07:45:47.822255, Logical Clock: 278
2025-03-02 07:45:48,325 - INTERNAL - System Time: 2025-03-02 07:45:48.325348, Logical Clock: 279
2025-03-02 07:45:48,830 - No connection to port 10000
2025-03-02 07:45:48,831 - No connection to port 10001
2025-03-02 07:45:49,334 - INTERNAL - System Time: 2025-03-02 07:45:49.334194, Logical Clock: 281
2025-03-02 07:45:49,836 - INTERNAL - System Time: 2025-03-02 07:45:49.835789, Logical Clock: 282
2025-03-02 07:45:50,337 - RECEIVE - System Time: 2025-03-02 07:45:50.337461, Logical Clock: 299, Queue Length: 0, From: Machine 2
2025-03-02 07:45:50,840 - RECEIVE - System Time: 2025-03-02 07:45:50.840515, Logical Clock: 300, Queue Length: 0, From: Machine 1
2025-03-02 07:45:51,345 - RECEIVE - System Time: 2025-03-02 07:45:51.345407, Logical Clock: 303, Queue Length: 2, From: Machine 2
2025-03-02 07:45:51,850 - RECEIVE - System Time: 2025-03-02 07:45:51.850347, Logical Clock: 304, Queue Length: 2, From: Machine 2
2025-03-02 07:45:52,353 - RECEIVE - System Time: 2025-03-02 07:45:52.353008, Logical Clock: 305, Queue Length: 2, From: Machine 2
2025-03-02 07:45:52,856 - RECEIVE - System Time: 2025-03-02 07:45:52.855847, Logical Clock: 307, Queue Length: 2, From: Machine 2
2025-03-02 07:45:53,357 - RECEIVE - System Time: 2025-03-02 07:45:53.357831, Logical Clock: 308, Queue Length: 2, From: Machine 1
2025-03-02 07:45:53,860 - RECEIVE - System Time: 2025-03-02 07:45:53.860272, Logical Clock: 312, Queue Length: 1, From: Machine 2
2025-03-02 07:45:54,364 - RECEIVE - System Time: 2025-03-02 07:45:54.364114, Logical Clock: 313, Queue Length: 0, From: Machine 1
2025-03-02 07:45:54,866 - INTERNAL - System Time: 2025-03-02 07:45:54.866237, Logical Clock: 314
2025-03-02 07:45:55,371 - RECEIVE - System Time: 2025-03-02 07:45:55.371262, Logical Clock: 315, Queue Length: 0, From: Machine 1
2025-03-02 07:45:55,874 - RECEIVE - System Time: 2025-03-02 07:45:55.873863, Logical Clock: 330, Queue Length: 0, From: Machine 2
2025-03-02 07:45:56,379 - RECEIVE - System Time: 2025-03-02 07:45:56.378949, Logical Clock: 331, Queue Length: 0, From: Machine 1
2025-03-02 07:45:56,884 - INTERNAL - System Time: 2025-03-02 07:45:56.883912, Logical Clock: 332
2025-03-02 07:45:57,386 - INTERNAL - System Time: 2025-03-02 07:45:57.385934, Logical Clock: 333
2025-03-02 07:45:57,891 - RECEIVE - System Time: 2025-03-02 07:45:57.891155, Logical Clock: 342, Queue Length: 1, From: Machine 2
