2025-03-04 10:02:50,307 - Virtual Machine 3 initialized
2025-03-04 10:02:50,308 - Clock Rate: 4 ticks/second
2025-03-04 10:02:50,308 - Listening on port: 10002
2025-03-04 10:02:50,308 - Peer ports: [10000, 10001]
2025-03-04 10:02:50,309 - Connected to peer on port 10000
2025-03-04 10:02:50,309 - Connected to peer on port 10001
2025-03-04 10:02:50,309 - Network initialization completed
2025-03-04 10:02:50,309 - Starting main event loop
2025-03-04 10:02:50,309 - Clock rate: 4 ticks/second
2025-03-04 10:02:50,309 - INTERNAL - System Time: 2025-03-04 10:02:50.309491, Logical Clock: 1
2025-03-04 10:02:50,559 - INTERNAL - System Time: 2025-03-04 10:02:50.559741, Logical Clock: 2
2025-03-04 10:02:50,561 - Accepted connection from ('127.0.0.1', 56872)
2025-03-04 10:02:50,815 - SEND - System Time: 2025-03-04 10:02:50.815029, Logical Clock: 3, To: Machine on port 10000
2025-03-04 10:02:50,869 - Accepted connection from ('127.0.0.1', 56873)
2025-03-04 10:02:51,067 - INTERNAL - System Time: 2025-03-04 10:02:51.067078, Logical Clock: 4
2025-03-04 10:02:51,320 - SEND - System Time: 2025-03-04 10:02:51.320111, Logical Clock: 5, To: Machine on port 10001
2025-03-04 10:02:51,573 - SEND - System Time: 2025-03-04 10:02:51.573269, Logical Clock: 6, To: Machine on port 10001
2025-03-04 10:02:51,826 - SEND - System Time: 2025-03-04 10:02:51.825955, Logical Clock: 7, To: Machine on port 10000
2025-03-04 10:02:52,079 - INTERNAL - System Time: 2025-03-04 10:02:52.079534, Logical Clock: 8
2025-03-04 10:02:52,333 - RECEIVE - System Time: 2025-03-04 10:02:52.333189, Logical Clock: 10, Queue Length: 0, From: Machine 2
2025-03-04 10:02:52,588 - INTERNAL - System Time: 2025-03-04 10:02:52.588531, Logical Clock: 11
2025-03-04 10:02:52,841 - INTERNAL - System Time: 2025-03-04 10:02:52.841587, Logical Clock: 12
2025-03-04 10:02:53,097 - INTERNAL - System Time: 2025-03-04 10:02:53.096897, Logical Clock: 13
2025-03-04 10:02:53,351 - INTERNAL - System Time: 2025-03-04 10:02:53.350981, Logical Clock: 14
2025-03-04 10:02:53,603 - INTERNAL - System Time: 2025-03-04 10:02:53.603241, Logical Clock: 15
2025-03-04 10:02:53,854 - INTERNAL - System Time: 2025-03-04 10:02:53.854509, Logical Clock: 16
2025-03-04 10:02:54,109 - INTERNAL - System Time: 2025-03-04 10:02:54.109552, Logical Clock: 17
2025-03-04 10:02:54,364 - RECEIVE - System Time: 2025-03-04 10:02:54.364519, Logical Clock: 18, Queue Length: 0, From: Machine 2
2025-03-04 10:02:54,620 - RECEIVE - System Time: 2025-03-04 10:02:54.619861, Logical Clock: 20, Queue Length: 0, From: Machine 1
2025-03-04 10:02:54,874 - INTERNAL - System Time: 2025-03-04 10:02:54.874085, Logical Clock: 21
2025-03-04 10:02:55,129 - INTERNAL - System Time: 2025-03-04 10:02:55.129512, Logical Clock: 22
2025-03-04 10:02:55,384 - INTERNAL - System Time: 2025-03-04 10:02:55.384248, Logical Clock: 23
2025-03-04 10:02:55,639 - INTERNAL - System Time: 2025-03-04 10:02:55.639121, Logical Clock: 24
2025-03-04 10:02:55,891 - INTERNAL - System Time: 2025-03-04 10:02:55.890248, Logical Clock: 25
2025-03-04 10:02:56,143 - INTERNAL - System Time: 2025-03-04 10:02:56.143403, Logical Clock: 26
2025-03-04 10:02:56,396 - INTERNAL - System Time: 2025-03-04 10:02:56.396256, Logical Clock: 27
2025-03-04 10:02:56,649 - RECEIVE - System Time: 2025-03-04 10:02:56.649746, Logical Clock: 29, Queue Length: 0, From: Machine 1
2025-03-04 10:02:56,909 - SEND - System Time: 2025-03-04 10:02:56.908942, Logical Clock: 30, To: Machine on port 10001
2025-03-04 10:02:57,163 - SEND - System Time: 2025-03-04 10:02:57.162959, Logical Clock: 31, To: Machine on port 10000
2025-03-04 10:02:57,163 - SEND - System Time: 2025-03-04 10:02:57.162959, Logical Clock: 31, To: Machine on port 10001
2025-03-04 10:02:57,418 - SEND - System Time: 2025-03-04 10:02:57.418415, Logical Clock: 32, To: Machine on port 10001
2025-03-04 10:02:57,673 - INTERNAL - System Time: 2025-03-04 10:02:57.673288, Logical Clock: 33
2025-03-04 10:02:57,927 - INTERNAL - System Time: 2025-03-04 10:02:57.926754, Logical Clock: 34
2025-03-04 10:02:58,181 - RECEIVE - System Time: 2025-03-04 10:02:58.181157, Logical Clock: 35, Queue Length: 0, From: Machine 1
2025-03-04 10:02:58,434 - INTERNAL - System Time: 2025-03-04 10:02:58.434029, Logical Clock: 36
2025-03-04 10:02:58,688 - RECEIVE - System Time: 2025-03-04 10:02:58.688625, Logical Clock: 39, Queue Length: 0, From: Machine 1
2025-03-04 10:02:58,942 - INTERNAL - System Time: 2025-03-04 10:02:58.942229, Logical Clock: 40
2025-03-04 10:02:59,193 - RECEIVE - System Time: 2025-03-04 10:02:59.193682, Logical Clock: 41, Queue Length: 0, From: Machine 1
2025-03-04 10:02:59,447 - INTERNAL - System Time: 2025-03-04 10:02:59.447612, Logical Clock: 42
2025-03-04 10:02:59,700 - SEND - System Time: 2025-03-04 10:02:59.699773, Logical Clock: 43, To: Machine on port 10001
2025-03-04 10:02:59,955 - INTERNAL - System Time: 2025-03-04 10:02:59.955562, Logical Clock: 44
2025-03-04 10:03:00,210 - RECEIVE - System Time: 2025-03-04 10:03:00.210316, Logical Clock: 45, Queue Length: 0, From: Machine 1
2025-03-04 10:03:00,465 - INTERNAL - System Time: 2025-03-04 10:03:00.465045, Logical Clock: 46
2025-03-04 10:03:00,717 - SEND - System Time: 2025-03-04 10:03:00.716842, Logical Clock: 47, To: Machine on port 10001
2025-03-04 10:03:00,968 - INTERNAL - System Time: 2025-03-04 10:03:00.968774, Logical Clock: 48
2025-03-04 10:03:01,223 - RECEIVE - System Time: 2025-03-04 10:03:01.223621, Logical Clock: 49, Queue Length: 0, From: Machine 1
2025-03-04 10:03:01,476 - SEND - System Time: 2025-03-04 10:03:01.476548, Logical Clock: 50, To: Machine on port 10001
2025-03-04 10:03:01,729 - INTERNAL - System Time: 2025-03-04 10:03:01.729403, Logical Clock: 51
2025-03-04 10:03:01,982 - INTERNAL - System Time: 2025-03-04 10:03:01.982654, Logical Clock: 52
2025-03-04 10:03:02,235 - SEND - System Time: 2025-03-04 10:03:02.235103, Logical Clock: 53, To: Machine on port 10000
2025-03-04 10:03:02,487 - RECEIVE - System Time: 2025-03-04 10:03:02.487245, Logical Clock: 55, Queue Length: 0, From: Machine 2
2025-03-04 10:03:02,739 - RECEIVE - System Time: 2025-03-04 10:03:02.739466, Logical Clock: 56, Queue Length: 0, From: Machine 2
2025-03-04 10:03:02,991 - INTERNAL - System Time: 2025-03-04 10:03:02.991695, Logical Clock: 57
2025-03-04 10:03:03,246 - INTERNAL - System Time: 2025-03-04 10:03:03.246217, Logical Clock: 58
2025-03-04 10:03:03,501 - RECEIVE - System Time: 2025-03-04 10:03:03.501706, Logical Clock: 59, Queue Length: 0, From: Machine 2
2025-03-04 10:03:03,756 - INTERNAL - System Time: 2025-03-04 10:03:03.755976, Logical Clock: 60
2025-03-04 10:03:04,007 - INTERNAL - System Time: 2025-03-04 10:03:04.007067, Logical Clock: 61
2025-03-04 10:03:04,263 - SEND - System Time: 2025-03-04 10:03:04.262785, Logical Clock: 62, To: Machine on port 10000
2025-03-04 10:03:04,263 - SEND - System Time: 2025-03-04 10:03:04.262785, Logical Clock: 62, To: Machine on port 10001
2025-03-04 10:03:04,518 - INTERNAL - System Time: 2025-03-04 10:03:04.518695, Logical Clock: 63
2025-03-04 10:03:04,772 - SEND - System Time: 2025-03-04 10:03:04.772323, Logical Clock: 64, To: Machine on port 10001
2025-03-04 10:03:05,028 - INTERNAL - System Time: 2025-03-04 10:03:05.027748, Logical Clock: 65
2025-03-04 10:03:05,279 - RECEIVE - System Time: 2025-03-04 10:03:05.279485, Logical Clock: 67, Queue Length: 0, From: Machine 1
2025-03-04 10:03:05,535 - RECEIVE - System Time: 2025-03-04 10:03:05.535080, Logical Clock: 68, Queue Length: 0, From: Machine 2
2025-03-04 10:03:05,789 - INTERNAL - System Time: 2025-03-04 10:03:05.789036, Logical Clock: 69
2025-03-04 10:03:06,040 - INTERNAL - System Time: 2025-03-04 10:03:06.040762, Logical Clock: 70
2025-03-04 10:03:06,294 - INTERNAL - System Time: 2025-03-04 10:03:06.293971, Logical Clock: 71
2025-03-04 10:03:06,549 - SEND - System Time: 2025-03-04 10:03:06.549650, Logical Clock: 72, To: Machine on port 10000
2025-03-04 10:03:06,550 - SEND - System Time: 2025-03-04 10:03:06.549650, Logical Clock: 72, To: Machine on port 10001
2025-03-04 10:03:06,804 - INTERNAL - System Time: 2025-03-04 10:03:06.804197, Logical Clock: 73
2025-03-04 10:03:07,059 - RECEIVE - System Time: 2025-03-04 10:03:07.059191, Logical Clock: 75, Queue Length: 0, From: Machine 2
2025-03-04 10:03:07,309 - RECEIVE - System Time: 2025-03-04 10:03:07.309860, Logical Clock: 76, Queue Length: 0, From: Machine 1
2025-03-04 10:03:07,565 - INTERNAL - System Time: 2025-03-04 10:03:07.565321, Logical Clock: 77
2025-03-04 10:03:07,819 - INTERNAL - System Time: 2025-03-04 10:03:07.819372, Logical Clock: 78
2025-03-04 10:03:08,074 - INTERNAL - System Time: 2025-03-04 10:03:08.074525, Logical Clock: 79
2025-03-04 10:03:08,329 - SEND - System Time: 2025-03-04 10:03:08.329625, Logical Clock: 80, To: Machine on port 10000
2025-03-04 10:03:08,585 - INTERNAL - System Time: 2025-03-04 10:03:08.585102, Logical Clock: 81
2025-03-04 10:03:08,840 - INTERNAL - System Time: 2025-03-04 10:03:08.840385, Logical Clock: 82
2025-03-04 10:03:09,095 - RECEIVE - System Time: 2025-03-04 10:03:09.094991, Logical Clock: 83, Queue Length: 0, From: Machine 2
2025-03-04 10:03:09,348 - RECEIVE - System Time: 2025-03-04 10:03:09.348509, Logical Clock: 84, Queue Length: 0, From: Machine 2
2025-03-04 10:03:09,604 - INTERNAL - System Time: 2025-03-04 10:03:09.604190, Logical Clock: 85
2025-03-04 10:03:09,859 - INTERNAL - System Time: 2025-03-04 10:03:09.859348, Logical Clock: 86
2025-03-04 10:03:10,116 - INTERNAL - System Time: 2025-03-04 10:03:10.116408, Logical Clock: 87
2025-03-04 10:03:10,368 - RECEIVE - System Time: 2025-03-04 10:03:10.367792, Logical Clock: 88, Queue Length: 0, From: Machine 1
2025-03-04 10:03:10,620 - RECEIVE - System Time: 2025-03-04 10:03:10.620107, Logical Clock: 89, Queue Length: 0, From: Machine 2
2025-03-04 10:03:10,871 - SEND - System Time: 2025-03-04 10:03:10.871119, Logical Clock: 90, To: Machine on port 10000
2025-03-04 10:03:10,871 - SEND - System Time: 2025-03-04 10:03:10.871119, Logical Clock: 90, To: Machine on port 10001
2025-03-04 10:03:11,123 - INTERNAL - System Time: 2025-03-04 10:03:11.123659, Logical Clock: 91
2025-03-04 10:03:11,380 - RECEIVE - System Time: 2025-03-04 10:03:11.380179, Logical Clock: 93, Queue Length: 0, From: Machine 2
2025-03-04 10:03:11,632 - INTERNAL - System Time: 2025-03-04 10:03:11.632555, Logical Clock: 94
2025-03-04 10:03:11,889 - INTERNAL - System Time: 2025-03-04 10:03:11.888687, Logical Clock: 95
2025-03-04 10:03:12,148 - INTERNAL - System Time: 2025-03-04 10:03:12.148759, Logical Clock: 96
2025-03-04 10:03:12,404 - RECEIVE - System Time: 2025-03-04 10:03:12.403893, Logical Clock: 97, Queue Length: 0, From: Machine 2
2025-03-04 10:03:12,659 - RECEIVE - System Time: 2025-03-04 10:03:12.659519, Logical Clock: 98, Queue Length: 0, From: Machine 1
2025-03-04 10:03:12,912 - INTERNAL - System Time: 2025-03-04 10:03:12.912391, Logical Clock: 99
2025-03-04 10:03:13,166 - INTERNAL - System Time: 2025-03-04 10:03:13.165823, Logical Clock: 100
2025-03-04 10:03:13,420 - INTERNAL - System Time: 2025-03-04 10:03:13.419975, Logical Clock: 101
2025-03-04 10:03:13,675 - RECEIVE - System Time: 2025-03-04 10:03:13.675515, Logical Clock: 102, Queue Length: 0, From: Machine 2
2025-03-04 10:03:13,926 - SEND - System Time: 2025-03-04 10:03:13.926858, Logical Clock: 103, To: Machine on port 10000
2025-03-04 10:03:14,179 - INTERNAL - System Time: 2025-03-04 10:03:14.178927, Logical Clock: 104
2025-03-04 10:03:14,433 - SEND - System Time: 2025-03-04 10:03:14.433689, Logical Clock: 105, To: Machine on port 10000
2025-03-04 10:03:14,433 - SEND - System Time: 2025-03-04 10:03:14.433689, Logical Clock: 105, To: Machine on port 10001
2025-03-04 10:03:14,689 - INTERNAL - System Time: 2025-03-04 10:03:14.688947, Logical Clock: 106
2025-03-04 10:03:14,944 - SEND - System Time: 2025-03-04 10:03:14.944248, Logical Clock: 107, To: Machine on port 10000
2025-03-04 10:03:15,199 - INTERNAL - System Time: 2025-03-04 10:03:15.199560, Logical Clock: 108
2025-03-04 10:03:15,454 - INTERNAL - System Time: 2025-03-04 10:03:15.454840, Logical Clock: 109
2025-03-04 10:03:15,710 - INTERNAL - System Time: 2025-03-04 10:03:15.710169, Logical Clock: 110
2025-03-04 10:03:15,965 - INTERNAL - System Time: 2025-03-04 10:03:15.965405, Logical Clock: 111
2025-03-04 10:03:16,221 - SEND - System Time: 2025-03-04 10:03:16.220841, Logical Clock: 112, To: Machine on port 10000
2025-03-04 10:03:16,473 - RECEIVE - System Time: 2025-03-04 10:03:16.473160, Logical Clock: 114, Queue Length: 0, From: Machine 2
2025-03-04 10:03:16,728 - INTERNAL - System Time: 2025-03-04 10:03:16.728443, Logical Clock: 115
2025-03-04 10:03:16,984 - INTERNAL - System Time: 2025-03-04 10:03:16.983855, Logical Clock: 116
2025-03-04 10:03:17,243 - INTERNAL - System Time: 2025-03-04 10:03:17.243094, Logical Clock: 117
2025-03-04 10:03:17,499 - INTERNAL - System Time: 2025-03-04 10:03:17.499196, Logical Clock: 118
2025-03-04 10:03:17,751 - SEND - System Time: 2025-03-04 10:03:17.751601, Logical Clock: 119, To: Machine on port 10001
2025-03-04 10:03:18,007 - INTERNAL - System Time: 2025-03-04 10:03:18.006955, Logical Clock: 120
2025-03-04 10:03:18,262 - RECEIVE - System Time: 2025-03-04 10:03:18.262352, Logical Clock: 121, Queue Length: 0, From: Machine 1
2025-03-04 10:03:18,517 - SEND - System Time: 2025-03-04 10:03:18.516961, Logical Clock: 122, To: Machine on port 10000
2025-03-04 10:03:18,771 - INTERNAL - System Time: 2025-03-04 10:03:18.771194, Logical Clock: 123
2025-03-04 10:03:19,025 - RECEIVE - System Time: 2025-03-04 10:03:19.024893, Logical Clock: 125, Queue Length: 0, From: Machine 2
2025-03-04 10:03:19,280 - RECEIVE - System Time: 2025-03-04 10:03:19.280124, Logical Clock: 126, Queue Length: 0, From: Machine 2
2025-03-04 10:03:19,536 - SEND - System Time: 2025-03-04 10:03:19.536194, Logical Clock: 127, To: Machine on port 10001
2025-03-04 10:03:19,791 - SEND - System Time: 2025-03-04 10:03:19.791177, Logical Clock: 128, To: Machine on port 10001
2025-03-04 10:03:20,046 - INTERNAL - System Time: 2025-03-04 10:03:20.046772, Logical Clock: 129
2025-03-04 10:03:20,299 - RECEIVE - System Time: 2025-03-04 10:03:20.299324, Logical Clock: 130, Queue Length: 0, From: Machine 1
2025-03-04 10:03:20,553 - INTERNAL - System Time: 2025-03-04 10:03:20.553505, Logical Clock: 131
2025-03-04 10:03:20,809 - SEND - System Time: 2025-03-04 10:03:20.808953, Logical Clock: 132, To: Machine on port 10000
2025-03-04 10:03:20,810 - SEND - System Time: 2025-03-04 10:03:20.808953, Logical Clock: 132, To: Machine on port 10001
2025-03-04 10:03:21,065 - INTERNAL - System Time: 2025-03-04 10:03:21.065373, Logical Clock: 133
2025-03-04 10:03:21,320 - RECEIVE - System Time: 2025-03-04 10:03:21.319986, Logical Clock: 135, Queue Length: 0, From: Machine 1
2025-03-04 10:03:21,572 - INTERNAL - System Time: 2025-03-04 10:03:21.571874, Logical Clock: 136
2025-03-04 10:03:21,827 - INTERNAL - System Time: 2025-03-04 10:03:21.827552, Logical Clock: 137
2025-03-04 10:03:22,080 - SEND - System Time: 2025-03-04 10:03:22.080453, Logical Clock: 138, To: Machine on port 10000
2025-03-04 10:03:22,080 - SEND - System Time: 2025-03-04 10:03:22.080453, Logical Clock: 138, To: Machine on port 10001
2025-03-04 10:03:22,336 - INTERNAL - System Time: 2025-03-04 10:03:22.335895, Logical Clock: 139
2025-03-04 10:03:22,591 - INTERNAL - System Time: 2025-03-04 10:03:22.591505, Logical Clock: 140
2025-03-04 10:03:22,848 - RECEIVE - System Time: 2025-03-04 10:03:22.847729, Logical Clock: 142, Queue Length: 0, From: Machine 2
2025-03-04 10:03:23,099 - SEND - System Time: 2025-03-04 10:03:23.099426, Logical Clock: 143, To: Machine on port 10000
2025-03-04 10:03:23,351 - INTERNAL - System Time: 2025-03-04 10:03:23.351266, Logical Clock: 144
2025-03-04 10:03:23,605 - INTERNAL - System Time: 2025-03-04 10:03:23.605375, Logical Clock: 145
2025-03-04 10:03:23,859 - INTERNAL - System Time: 2025-03-04 10:03:23.859186, Logical Clock: 146
2025-03-04 10:03:24,110 - RECEIVE - System Time: 2025-03-04 10:03:24.110651, Logical Clock: 147, Queue Length: 0, From: Machine 1
2025-03-04 10:03:24,366 - SEND - System Time: 2025-03-04 10:03:24.366212, Logical Clock: 148, To: Machine on port 10000
2025-03-04 10:03:24,620 - INTERNAL - System Time: 2025-03-04 10:03:24.619826, Logical Clock: 149
2025-03-04 10:03:24,872 - INTERNAL - System Time: 2025-03-04 10:03:24.871967, Logical Clock: 150
2025-03-04 10:03:25,125 - RECEIVE - System Time: 2025-03-04 10:03:25.125452, Logical Clock: 151, Queue Length: 0, From: Machine 1
2025-03-04 10:03:25,380 - INTERNAL - System Time: 2025-03-04 10:03:25.380336, Logical Clock: 152
2025-03-04 10:03:25,632 - SEND - System Time: 2025-03-04 10:03:25.632191, Logical Clock: 153, To: Machine on port 10000
2025-03-04 10:03:25,885 - INTERNAL - System Time: 2025-03-04 10:03:25.885451, Logical Clock: 154
2025-03-04 10:03:26,140 - RECEIVE - System Time: 2025-03-04 10:03:26.140060, Logical Clock: 156, Queue Length: 0, From: Machine 1
2025-03-04 10:03:26,396 - INTERNAL - System Time: 2025-03-04 10:03:26.395996, Logical Clock: 157
2025-03-04 10:03:26,652 - RECEIVE - System Time: 2025-03-04 10:03:26.652085, Logical Clock: 158, Queue Length: 0, From: Machine 2
2025-03-04 10:03:26,904 - RECEIVE - System Time: 2025-03-04 10:03:26.903880, Logical Clock: 159, Queue Length: 0, From: Machine 2
2025-03-04 10:03:27,159 - RECEIVE - System Time: 2025-03-04 10:03:27.159250, Logical Clock: 160, Queue Length: 0, From: Machine 2
2025-03-04 10:03:27,411 - INTERNAL - System Time: 2025-03-04 10:03:27.411610, Logical Clock: 161
2025-03-04 10:03:27,663 - SEND - System Time: 2025-03-04 10:03:27.663061, Logical Clock: 162, To: Machine on port 10000
2025-03-04 10:03:27,914 - INTERNAL - System Time: 2025-03-04 10:03:27.914832, Logical Clock: 163
2025-03-04 10:03:28,166 - SEND - System Time: 2025-03-04 10:03:28.166204, Logical Clock: 164, To: Machine on port 10000
2025-03-04 10:03:28,166 - SEND - System Time: 2025-03-04 10:03:28.166204, Logical Clock: 164, To: Machine on port 10001
2025-03-04 10:03:28,421 - INTERNAL - System Time: 2025-03-04 10:03:28.421660, Logical Clock: 165
2025-03-04 10:03:28,678 - RECEIVE - System Time: 2025-03-04 10:03:28.677960, Logical Clock: 167, Queue Length: 0, From: Machine 2
2025-03-04 10:03:28,930 - INTERNAL - System Time: 2025-03-04 10:03:28.930354, Logical Clock: 168
2025-03-04 10:03:29,184 - RECEIVE - System Time: 2025-03-04 10:03:29.184680, Logical Clock: 169, Queue Length: 0, From: Machine 2
2025-03-04 10:03:29,440 - INTERNAL - System Time: 2025-03-04 10:03:29.440387, Logical Clock: 170
2025-03-04 10:03:29,696 - INTERNAL - System Time: 2025-03-04 10:03:29.696205, Logical Clock: 171
2025-03-04 10:03:29,954 - INTERNAL - System Time: 2025-03-04 10:03:29.951310, Logical Clock: 172
2025-03-04 10:03:30,208 - RECEIVE - System Time: 2025-03-04 10:03:30.208370, Logical Clock: 173, Queue Length: 0, From: Machine 2
2025-03-04 10:03:30,462 - INTERNAL - System Time: 2025-03-04 10:03:30.461884, Logical Clock: 174
2025-03-04 10:03:30,716 - SEND - System Time: 2025-03-04 10:03:30.715989, Logical Clock: 175, To: Machine on port 10000
2025-03-04 10:03:30,967 - RECEIVE - System Time: 2025-03-04 10:03:30.967383, Logical Clock: 176, Queue Length: 0, From: Machine 2
2025-03-04 10:03:31,223 - INTERNAL - System Time: 2025-03-04 10:03:31.223243, Logical Clock: 177
2025-03-04 10:03:31,474 - INTERNAL - System Time: 2025-03-04 10:03:31.474307, Logical Clock: 178
2025-03-04 10:03:31,728 - SEND - System Time: 2025-03-04 10:03:31.728216, Logical Clock: 179, To: Machine on port 10000
2025-03-04 10:03:31,989 - RECEIVE - System Time: 2025-03-04 10:03:31.989428, Logical Clock: 180, Queue Length: 0, From: Machine 2
2025-03-04 10:03:32,243 - INTERNAL - System Time: 2025-03-04 10:03:32.243632, Logical Clock: 181
2025-03-04 10:03:32,499 - SEND - System Time: 2025-03-04 10:03:32.499502, Logical Clock: 182, To: Machine on port 10000
2025-03-04 10:03:32,754 - INTERNAL - System Time: 2025-03-04 10:03:32.754124, Logical Clock: 183
2025-03-04 10:03:33,012 - INTERNAL - System Time: 2025-03-04 10:03:33.011816, Logical Clock: 184
2025-03-04 10:03:33,263 - RECEIVE - System Time: 2025-03-04 10:03:33.263285, Logical Clock: 185, Queue Length: 0, From: Machine 2
2025-03-04 10:03:33,519 - INTERNAL - System Time: 2025-03-04 10:03:33.519115, Logical Clock: 186
2025-03-04 10:03:33,772 - RECEIVE - System Time: 2025-03-04 10:03:33.771891, Logical Clock: 187, Queue Length: 0, From: Machine 2
2025-03-04 10:03:34,024 - INTERNAL - System Time: 2025-03-04 10:03:34.024566, Logical Clock: 188
2025-03-04 10:03:34,280 - RECEIVE - System Time: 2025-03-04 10:03:34.280065, Logical Clock: 189, Queue Length: 0, From: Machine 2
2025-03-04 10:03:34,533 - SEND - System Time: 2025-03-04 10:03:34.533370, Logical Clock: 190, To: Machine on port 10000
2025-03-04 10:03:34,789 - SEND - System Time: 2025-03-04 10:03:34.788862, Logical Clock: 191, To: Machine on port 10000
2025-03-04 10:03:35,044 - INTERNAL - System Time: 2025-03-04 10:03:35.044503, Logical Clock: 192
2025-03-04 10:03:35,300 - INTERNAL - System Time: 2025-03-04 10:03:35.299858, Logical Clock: 193
2025-03-04 10:03:35,553 - SEND - System Time: 2025-03-04 10:03:35.552113, Logical Clock: 194, To: Machine on port 10001
2025-03-04 10:03:35,808 - SEND - System Time: 2025-03-04 10:03:35.808815, Logical Clock: 195, To: Machine on port 10000
2025-03-04 10:03:36,061 - RECEIVE - System Time: 2025-03-04 10:03:36.061203, Logical Clock: 197, Queue Length: 0, From: Machine 2
2025-03-04 10:03:36,314 - INTERNAL - System Time: 2025-03-04 10:03:36.314464, Logical Clock: 198
2025-03-04 10:03:36,569 - RECEIVE - System Time: 2025-03-04 10:03:36.569914, Logical Clock: 199, Queue Length: 0, From: Machine 2
2025-03-04 10:03:36,824 - INTERNAL - System Time: 2025-03-04 10:03:36.824596, Logical Clock: 200
2025-03-04 10:03:37,077 - INTERNAL - System Time: 2025-03-04 10:03:37.077047, Logical Clock: 201
2025-03-04 10:03:37,332 - SEND - System Time: 2025-03-04 10:03:37.331706, Logical Clock: 202, To: Machine on port 10000
2025-03-04 10:03:37,586 - SEND - System Time: 2025-03-04 10:03:37.586536, Logical Clock: 203, To: Machine on port 10000
2025-03-04 10:03:37,842 - SEND - System Time: 2025-03-04 10:03:37.842178, Logical Clock: 204, To: Machine on port 10001
2025-03-04 10:03:38,095 - INTERNAL - System Time: 2025-03-04 10:03:38.095508, Logical Clock: 205
2025-03-04 10:03:38,348 - INTERNAL - System Time: 2025-03-04 10:03:38.348343, Logical Clock: 206
2025-03-04 10:03:38,601 - SEND - System Time: 2025-03-04 10:03:38.601655, Logical Clock: 207, To: Machine on port 10000
2025-03-04 10:03:38,602 - SEND - System Time: 2025-03-04 10:03:38.601655, Logical Clock: 207, To: Machine on port 10001
2025-03-04 10:03:38,857 - INTERNAL - System Time: 2025-03-04 10:03:38.857525, Logical Clock: 208
2025-03-04 10:03:39,110 - SEND - System Time: 2025-03-04 10:03:39.110796, Logical Clock: 209, To: Machine on port 10001
2025-03-04 10:03:39,365 - INTERNAL - System Time: 2025-03-04 10:03:39.364795, Logical Clock: 210
2025-03-04 10:03:39,620 - INTERNAL - System Time: 2025-03-04 10:03:39.620231, Logical Clock: 211
2025-03-04 10:03:39,875 - RECEIVE - System Time: 2025-03-04 10:03:39.875467, Logical Clock: 213, Queue Length: 0, From: Machine 2
2025-03-04 10:03:40,130 - SEND - System Time: 2025-03-04 10:03:40.130423, Logical Clock: 214, To: Machine on port 10000
2025-03-04 10:03:40,132 - SEND - System Time: 2025-03-04 10:03:40.130423, Logical Clock: 214, To: Machine on port 10001
2025-03-04 10:03:40,385 - SEND - System Time: 2025-03-04 10:03:40.384906, Logical Clock: 215, To: Machine on port 10000
2025-03-04 10:03:40,385 - SEND - System Time: 2025-03-04 10:03:40.384906, Logical Clock: 215, To: Machine on port 10001
2025-03-04 10:03:40,639 - SEND - System Time: 2025-03-04 10:03:40.639147, Logical Clock: 216, To: Machine on port 10000
2025-03-04 10:03:40,639 - SEND - System Time: 2025-03-04 10:03:40.639147, Logical Clock: 216, To: Machine on port 10001
2025-03-04 10:03:40,894 - INTERNAL - System Time: 2025-03-04 10:03:40.894510, Logical Clock: 217
2025-03-04 10:03:41,149 - RECEIVE - System Time: 2025-03-04 10:03:41.149508, Logical Clock: 219, Queue Length: 0, From: Machine 2
2025-03-04 10:03:41,401 - SEND - System Time: 2025-03-04 10:03:41.401323, Logical Clock: 220, To: Machine on port 10000
2025-03-04 10:03:41,655 - INTERNAL - System Time: 2025-03-04 10:03:41.655592, Logical Clock: 221
2025-03-04 10:03:41,911 - INTERNAL - System Time: 2025-03-04 10:03:41.910967, Logical Clock: 222
2025-03-04 10:03:42,163 - RECEIVE - System Time: 2025-03-04 10:03:42.163475, Logical Clock: 223, Queue Length: 0, From: Machine 2
2025-03-04 10:03:42,415 - INTERNAL - System Time: 2025-03-04 10:03:42.415190, Logical Clock: 224
2025-03-04 10:03:42,671 - RECEIVE - System Time: 2025-03-04 10:03:42.671195, Logical Clock: 225, Queue Length: 0, From: Machine 2
2025-03-04 10:03:42,925 - RECEIVE - System Time: 2025-03-04 10:03:42.924795, Logical Clock: 226, Queue Length: 0, From: Machine 2
2025-03-04 10:03:43,180 - SEND - System Time: 2025-03-04 10:03:43.180132, Logical Clock: 227, To: Machine on port 10000
2025-03-04 10:03:43,180 - SEND - System Time: 2025-03-04 10:03:43.180132, Logical Clock: 227, To: Machine on port 10001
2025-03-04 10:03:43,434 - INTERNAL - System Time: 2025-03-04 10:03:43.433735, Logical Clock: 228
2025-03-04 10:03:43,700 - SEND - System Time: 2025-03-04 10:03:43.699367, Logical Clock: 229, To: Machine on port 10001
2025-03-04 10:03:43,958 - RECEIVE - System Time: 2025-03-04 10:03:43.958449, Logical Clock: 231, Queue Length: 0, From: Machine 2
2025-03-04 10:03:44,213 - SEND - System Time: 2025-03-04 10:03:44.212970, Logical Clock: 232, To: Machine on port 10000
2025-03-04 10:03:44,464 - INTERNAL - System Time: 2025-03-04 10:03:44.464310, Logical Clock: 233
2025-03-04 10:03:44,719 - INTERNAL - System Time: 2025-03-04 10:03:44.719126, Logical Clock: 234
2025-03-04 10:03:44,975 - INTERNAL - System Time: 2025-03-04 10:03:44.974817, Logical Clock: 235
2025-03-04 10:03:45,226 - INTERNAL - System Time: 2025-03-04 10:03:45.225960, Logical Clock: 236
2025-03-04 10:03:45,480 - INTERNAL - System Time: 2025-03-04 10:03:45.480678, Logical Clock: 237
2025-03-04 10:03:45,734 - INTERNAL - System Time: 2025-03-04 10:03:45.734512, Logical Clock: 238
2025-03-04 10:03:45,989 - RECEIVE - System Time: 2025-03-04 10:03:45.988870, Logical Clock: 239, Queue Length: 0, From: Machine 2
2025-03-04 10:03:46,240 - INTERNAL - System Time: 2025-03-04 10:03:46.240040, Logical Clock: 240
2025-03-04 10:03:46,495 - SEND - System Time: 2025-03-04 10:03:46.495515, Logical Clock: 241, To: Machine on port 10001
2025-03-04 10:03:46,748 - INTERNAL - System Time: 2025-03-04 10:03:46.748195, Logical Clock: 242
2025-03-04 10:03:47,001 - INTERNAL - System Time: 2025-03-04 10:03:47.000776, Logical Clock: 243
2025-03-04 10:03:47,252 - SEND - System Time: 2025-03-04 10:03:47.252517, Logical Clock: 244, To: Machine on port 10000
2025-03-04 10:03:47,253 - SEND - System Time: 2025-03-04 10:03:47.252517, Logical Clock: 244, To: Machine on port 10001
2025-03-04 10:03:47,504 - INTERNAL - System Time: 2025-03-04 10:03:47.504289, Logical Clock: 245
2025-03-04 10:03:47,759 - INTERNAL - System Time: 2025-03-04 10:03:47.759221, Logical Clock: 246
2025-03-04 10:03:48,011 - SEND - System Time: 2025-03-04 10:03:48.010800, Logical Clock: 247, To: Machine on port 10001
2025-03-04 10:03:48,265 - INTERNAL - System Time: 2025-03-04 10:03:48.264926, Logical Clock: 248
2025-03-04 10:03:48,521 - INTERNAL - System Time: 2025-03-04 10:03:48.520869, Logical Clock: 249
2025-03-04 10:03:48,773 - RECEIVE - System Time: 2025-03-04 10:03:48.773107, Logical Clock: 251, Queue Length: 0, From: Machine 2
2025-03-04 10:03:49,025 - SEND - System Time: 2025-03-04 10:03:49.025193, Logical Clock: 252, To: Machine on port 10000
2025-03-04 10:03:49,025 - SEND - System Time: 2025-03-04 10:03:49.025193, Logical Clock: 252, To: Machine on port 10001
2025-03-04 10:03:49,280 - INTERNAL - System Time: 2025-03-04 10:03:49.280601, Logical Clock: 253
2025-03-04 10:03:49,535 - RECEIVE - System Time: 2025-03-04 10:03:49.535583, Logical Clock: 255, Queue Length: 0, From: Machine 2
2025-03-04 10:03:49,789 - SEND - System Time: 2025-03-04 10:03:49.789772, Logical Clock: 256, To: Machine on port 10000
2025-03-04 10:03:50,041 - RECEIVE - System Time: 2025-03-04 10:03:50.041515, Logical Clock: 257, Queue Length: 0, From: Machine 2
2025-03-04 10:03:50,297 - SEND - System Time: 2025-03-04 10:03:50.297484, Logical Clock: 258, To: Machine on port 10001
