2025-03-01 14:41:56,207 - Virtual Machine 3 initialized
2025-03-01 14:41:56,207 - Clock Rate: 5 ticks/second
2025-03-01 14:41:56,207 - Listening on port: 10002
2025-03-01 14:41:56,207 - Peer ports: [10000, 10001]
2025-03-01 14:41:56,209 - Network initialization completed
2025-03-01 14:41:56,209 - Starting main event loop
2025-03-01 14:41:56,209 - Clock rate: 5 ticks/second
2025-03-01 14:41:56,209 - INTERNAL - System Time: 2025-03-01 14:41:56.209671, Logical Clock: 1
2025-03-01 14:41:56,411 - INTERNAL - System Time: 2025-03-01 14:41:56.411358, Logical Clock: 2
2025-03-01 14:41:56,486 - Accepted connection from ('127.0.0.1', 60288)
2025-03-01 14:41:56,616 - No connection to port 10000
2025-03-01 14:41:56,816 - Accepted connection from ('127.0.0.1', 60289)
2025-03-01 14:41:56,818 - INTERNAL - System Time: 2025-03-01 14:41:56.818557, Logical Clock: 4
2025-03-01 14:41:57,023 - RECEIVE - System Time: 2025-03-01 14:41:57.023052, Logical Clock: 5, Queue Length: 0, From: Machine 1
2025-03-01 14:41:57,227 - RECEIVE - System Time: 2025-03-01 14:41:57.227574, Logical Clock: 6, Queue Length: 0, From: Machine 1
2025-03-01 14:41:57,430 - RECEIVE - System Time: 2025-03-01 14:41:57.430155, Logical Clock: 7, Queue Length: 0, From: Machine 2
2025-03-01 14:41:57,634 - No connection to port 10000
2025-03-01 14:41:57,835 - INTERNAL - System Time: 2025-03-01 14:41:57.835355, Logical Clock: 9
2025-03-01 14:41:58,036 - INTERNAL - System Time: 2025-03-01 14:41:58.036339, Logical Clock: 10
2025-03-01 14:41:58,241 - No connection to port 10001
2025-03-01 14:41:58,442 - INTERNAL - System Time: 2025-03-01 14:41:58.442738, Logical Clock: 12
2025-03-01 14:41:58,648 - No connection to port 10000
2025-03-01 14:41:58,849 - RECEIVE - System Time: 2025-03-01 14:41:58.849167, Logical Clock: 15, Queue Length: 0, From: Machine 1
2025-03-01 14:41:59,054 - RECEIVE - System Time: 2025-03-01 14:41:59.053898, Logical Clock: 16, Queue Length: 0, From: Machine 1
2025-03-01 14:41:59,257 - No connection to port 10001
2025-03-01 14:41:59,461 - RECEIVE - System Time: 2025-03-01 14:41:59.461398, Logical Clock: 20, Queue Length: 0, From: Machine 2
2025-03-01 14:41:59,666 - INTERNAL - System Time: 2025-03-01 14:41:59.666054, Logical Clock: 21
2025-03-01 14:41:59,867 - INTERNAL - System Time: 2025-03-01 14:41:59.867346, Logical Clock: 22
2025-03-01 14:42:00,072 - No connection to port 10001
2025-03-01 14:42:00,273 - RECEIVE - System Time: 2025-03-01 14:42:00.273228, Logical Clock: 24, Queue Length: 0, From: Machine 2
2025-03-01 14:42:00,478 - INTERNAL - System Time: 2025-03-01 14:42:00.478456, Logical Clock: 25
2025-03-01 14:42:00,692 - RECEIVE - System Time: 2025-03-01 14:42:00.691980, Logical Clock: 26, Queue Length: 0, From: Machine 1
2025-03-01 14:42:00,897 - INTERNAL - System Time: 2025-03-01 14:42:00.897300, Logical Clock: 27
2025-03-01 14:42:01,099 - RECEIVE - System Time: 2025-03-01 14:42:01.099350, Logical Clock: 28, Queue Length: 0, From: Machine 1
2025-03-01 14:42:01,303 - INTERNAL - System Time: 2025-03-01 14:42:01.303693, Logical Clock: 29
2025-03-01 14:42:01,507 - RECEIVE - System Time: 2025-03-01 14:42:01.507736, Logical Clock: 31, Queue Length: 0, From: Machine 1
2025-03-01 14:42:01,712 - RECEIVE - System Time: 2025-03-01 14:42:01.712602, Logical Clock: 32, Queue Length: 0, From: Machine 2
2025-03-01 14:42:01,918 - RECEIVE - System Time: 2025-03-01 14:42:01.918161, Logical Clock: 33, Queue Length: 0, From: Machine 2
2025-03-01 14:42:02,120 - RECEIVE - System Time: 2025-03-01 14:42:02.120498, Logical Clock: 34, Queue Length: 0, From: Machine 1
2025-03-01 14:42:02,325 - RECEIVE - System Time: 2025-03-01 14:42:02.324946, Logical Clock: 36, Queue Length: 0, From: Machine 1
2025-03-01 14:42:02,530 - INTERNAL - System Time: 2025-03-01 14:42:02.530362, Logical Clock: 37
2025-03-01 14:42:02,734 - RECEIVE - System Time: 2025-03-01 14:42:02.734768, Logical Clock: 38, Queue Length: 0, From: Machine 1
2025-03-01 14:42:02,937 - RECEIVE - System Time: 2025-03-01 14:42:02.937524, Logical Clock: 39, Queue Length: 0, From: Machine 1
2025-03-01 14:42:03,141 - No connection to port 10001
2025-03-01 14:42:03,342 - INTERNAL - System Time: 2025-03-01 14:42:03.342724, Logical Clock: 41
2025-03-01 14:42:03,546 - RECEIVE - System Time: 2025-03-01 14:42:03.546040, Logical Clock: 42, Queue Length: 1, From: Machine 2
2025-03-01 14:42:03,751 - RECEIVE - System Time: 2025-03-01 14:42:03.751661, Logical Clock: 43, Queue Length: 0, From: Machine 1
2025-03-01 14:42:03,956 - INTERNAL - System Time: 2025-03-01 14:42:03.956327, Logical Clock: 44
2025-03-01 14:42:04,158 - INTERNAL - System Time: 2025-03-01 14:42:04.158266, Logical Clock: 45
2025-03-01 14:42:04,361 - RECEIVE - System Time: 2025-03-01 14:42:04.361622, Logical Clock: 46, Queue Length: 0, From: Machine 2
2025-03-01 14:42:04,565 - INTERNAL - System Time: 2025-03-01 14:42:04.565040, Logical Clock: 47
2025-03-01 14:42:04,767 - INTERNAL - System Time: 2025-03-01 14:42:04.766934, Logical Clock: 48
2025-03-01 14:42:04,969 - RECEIVE - System Time: 2025-03-01 14:42:04.969737, Logical Clock: 51, Queue Length: 0, From: Machine 1
2025-03-01 14:42:05,172 - No connection to port 10000
2025-03-01 14:42:05,373 - INTERNAL - System Time: 2025-03-01 14:42:05.373488, Logical Clock: 53
2025-03-01 14:42:05,578 - INTERNAL - System Time: 2025-03-01 14:42:05.578341, Logical Clock: 54
2025-03-01 14:42:05,782 - INTERNAL - System Time: 2025-03-01 14:42:05.782743, Logical Clock: 55
2025-03-01 14:42:05,984 - INTERNAL - System Time: 2025-03-01 14:42:05.984557, Logical Clock: 56
2025-03-01 14:42:06,186 - RECEIVE - System Time: 2025-03-01 14:42:06.186626, Logical Clock: 57, Queue Length: 0, From: Machine 2
2025-03-01 14:42:06,392 - RECEIVE - System Time: 2025-03-01 14:42:06.391894, Logical Clock: 59, Queue Length: 0, From: Machine 1
2025-03-01 14:42:06,596 - RECEIVE - System Time: 2025-03-01 14:42:06.595885, Logical Clock: 61, Queue Length: 0, From: Machine 1
2025-03-01 14:42:06,801 - RECEIVE - System Time: 2025-03-01 14:42:06.801036, Logical Clock: 62, Queue Length: 0, From: Machine 2
2025-03-01 14:42:07,002 - INTERNAL - System Time: 2025-03-01 14:42:07.002734, Logical Clock: 63
2025-03-01 14:42:07,208 - RECEIVE - System Time: 2025-03-01 14:42:07.208137, Logical Clock: 64, Queue Length: 0, From: Machine 2
2025-03-01 14:42:07,408 - RECEIVE - System Time: 2025-03-01 14:42:07.408667, Logical Clock: 65, Queue Length: 0, From: Machine 2
2025-03-01 14:42:07,614 - RECEIVE - System Time: 2025-03-01 14:42:07.614178, Logical Clock: 66, Queue Length: 0, From: Machine 1
2025-03-01 14:42:07,818 - INTERNAL - System Time: 2025-03-01 14:42:07.818127, Logical Clock: 67
2025-03-01 14:42:08,023 - No connection to port 10000
2025-03-01 14:42:08,228 - RECEIVE - System Time: 2025-03-01 14:42:08.228587, Logical Clock: 70, Queue Length: 0, From: Machine 1
2025-03-01 14:42:08,433 - RECEIVE - System Time: 2025-03-01 14:42:08.433652, Logical Clock: 72, Queue Length: 0, From: Machine 2
2025-03-01 14:42:08,634 - INTERNAL - System Time: 2025-03-01 14:42:08.634524, Logical Clock: 73
2025-03-01 14:42:08,837 - RECEIVE - System Time: 2025-03-01 14:42:08.837430, Logical Clock: 74, Queue Length: 0, From: Machine 1
2025-03-01 14:42:09,042 - INTERNAL - System Time: 2025-03-01 14:42:09.042740, Logical Clock: 75
2025-03-01 14:42:09,247 - INTERNAL - System Time: 2025-03-01 14:42:09.247033, Logical Clock: 76
2025-03-01 14:42:09,450 - INTERNAL - System Time: 2025-03-01 14:42:09.450314, Logical Clock: 77
2025-03-01 14:42:09,655 - INTERNAL - System Time: 2025-03-01 14:42:09.655612, Logical Clock: 78
2025-03-01 14:42:09,857 - INTERNAL - System Time: 2025-03-01 14:42:09.857699, Logical Clock: 79
2025-03-01 14:42:10,058 - INTERNAL - System Time: 2025-03-01 14:42:10.058182, Logical Clock: 80
2025-03-01 14:42:10,261 - RECEIVE - System Time: 2025-03-01 14:42:10.261376, Logical Clock: 81, Queue Length: 0, From: Machine 2
2025-03-01 14:42:10,466 - INTERNAL - System Time: 2025-03-01 14:42:10.466011, Logical Clock: 82
2025-03-01 14:42:10,668 - No connection to port 10001
2025-03-01 14:42:10,872 - No connection to port 10000
2025-03-01 14:42:11,074 - No connection to port 10000
2025-03-01 14:42:11,278 - INTERNAL - System Time: 2025-03-01 14:42:11.278347, Logical Clock: 86
2025-03-01 14:42:11,484 - No connection to port 10001
2025-03-01 14:42:11,687 - RECEIVE - System Time: 2025-03-01 14:42:11.687508, Logical Clock: 89, Queue Length: 0, From: Machine 2
2025-03-01 14:42:11,892 - No connection to port 10000
2025-03-01 14:42:12,095 - No connection to port 10000
2025-03-01 14:42:12,095 - No connection to port 10001
2025-03-01 14:42:12,297 - No connection to port 10000
2025-03-01 14:42:12,502 - RECEIVE - System Time: 2025-03-01 14:42:12.502752, Logical Clock: 95, Queue Length: 0, From: Machine 1
2025-03-01 14:42:12,703 - No connection to port 10000
2025-03-01 14:42:12,704 - No connection to port 10001
2025-03-01 14:42:12,904 - RECEIVE - System Time: 2025-03-01 14:42:12.904734, Logical Clock: 99, Queue Length: 0, From: Machine 2
2025-03-01 14:42:13,108 - RECEIVE - System Time: 2025-03-01 14:42:13.108267, Logical Clock: 100, Queue Length: 0, From: Machine 1
2025-03-01 14:42:13,313 - No connection to port 10000
2025-03-01 14:42:13,518 - RECEIVE - System Time: 2025-03-01 14:42:13.518350, Logical Clock: 102, Queue Length: 0, From: Machine 2
2025-03-01 14:42:13,721 - RECEIVE - System Time: 2025-03-01 14:42:13.721102, Logical Clock: 103, Queue Length: 0, From: Machine 1
2025-03-01 14:42:13,924 - INTERNAL - System Time: 2025-03-01 14:42:13.924628, Logical Clock: 104
2025-03-01 14:42:14,125 - INTERNAL - System Time: 2025-03-01 14:42:14.125255, Logical Clock: 105
2025-03-01 14:42:14,328 - RECEIVE - System Time: 2025-03-01 14:42:14.328348, Logical Clock: 106, Queue Length: 0, From: Machine 1
2025-03-01 14:42:14,534 - INTERNAL - System Time: 2025-03-01 14:42:14.533989, Logical Clock: 107
2025-03-01 14:42:14,737 - RECEIVE - System Time: 2025-03-01 14:42:14.737442, Logical Clock: 109, Queue Length: 0, From: Machine 1
2025-03-01 14:42:14,942 - INTERNAL - System Time: 2025-03-01 14:42:14.942688, Logical Clock: 110
2025-03-01 14:42:15,146 - RECEIVE - System Time: 2025-03-01 14:42:15.146033, Logical Clock: 111, Queue Length: 0, From: Machine 1
2025-03-01 14:42:15,349 - No connection to port 10001
2025-03-01 14:42:15,552 - No connection to port 10000
2025-03-01 14:42:15,752 - INTERNAL - System Time: 2025-03-01 14:42:15.752769, Logical Clock: 114
2025-03-01 14:42:15,958 - RECEIVE - System Time: 2025-03-01 14:42:15.958328, Logical Clock: 115, Queue Length: 0, From: Machine 1
2025-03-01 14:42:16,160 - RECEIVE - System Time: 2025-03-01 14:42:16.160601, Logical Clock: 116, Queue Length: 0, From: Machine 2
2025-03-01 14:42:16,362 - INTERNAL - System Time: 2025-03-01 14:42:16.362706, Logical Clock: 117
2025-03-01 14:42:16,568 - No connection to port 10000
2025-03-01 14:42:16,568 - No connection to port 10001
2025-03-01 14:42:16,773 - RECEIVE - System Time: 2025-03-01 14:42:16.773810, Logical Clock: 120, Queue Length: 1, From: Machine 1
2025-03-01 14:42:16,974 - RECEIVE - System Time: 2025-03-01 14:42:16.974664, Logical Clock: 121, Queue Length: 0, From: Machine 2
2025-03-01 14:42:17,178 - RECEIVE - System Time: 2025-03-01 14:42:17.178300, Logical Clock: 122, Queue Length: 1, From: Machine 2
2025-03-01 14:42:17,380 - RECEIVE - System Time: 2025-03-01 14:42:17.380009, Logical Clock: 123, Queue Length: 0, From: Machine 1
2025-03-01 14:42:17,584 - No connection to port 10000
2025-03-01 14:42:17,584 - No connection to port 10001
2025-03-01 14:42:17,787 - INTERNAL - System Time: 2025-03-01 14:42:17.787408, Logical Clock: 125
2025-03-01 14:42:17,991 - RECEIVE - System Time: 2025-03-01 14:42:17.990976, Logical Clock: 127, Queue Length: 0, From: Machine 1
2025-03-01 14:42:18,192 - INTERNAL - System Time: 2025-03-01 14:42:18.192404, Logical Clock: 128
2025-03-01 14:42:18,395 - INTERNAL - System Time: 2025-03-01 14:42:18.395759, Logical Clock: 129
2025-03-01 14:42:18,599 - INTERNAL - System Time: 2025-03-01 14:42:18.599311, Logical Clock: 130
2025-03-01 14:42:18,804 - INTERNAL - System Time: 2025-03-01 14:42:18.804219, Logical Clock: 131
2025-03-01 14:42:19,008 - RECEIVE - System Time: 2025-03-01 14:42:19.008199, Logical Clock: 132, Queue Length: 1, From: Machine 2
2025-03-01 14:42:19,211 - RECEIVE - System Time: 2025-03-01 14:42:19.211343, Logical Clock: 133, Queue Length: 1, From: Machine 1
2025-03-01 14:42:19,417 - RECEIVE - System Time: 2025-03-01 14:42:19.417042, Logical Clock: 135, Queue Length: 1, From: Machine 1
2025-03-01 14:42:19,620 - RECEIVE - System Time: 2025-03-01 14:42:19.620171, Logical Clock: 136, Queue Length: 0, From: Machine 2
2025-03-01 14:42:19,824 - INTERNAL - System Time: 2025-03-01 14:42:19.824597, Logical Clock: 137
2025-03-01 14:42:20,028 - RECEIVE - System Time: 2025-03-01 14:42:20.028305, Logical Clock: 139, Queue Length: 0, From: Machine 1
2025-03-01 14:42:20,233 - RECEIVE - System Time: 2025-03-01 14:42:20.233764, Logical Clock: 141, Queue Length: 0, From: Machine 1
2025-03-01 14:42:20,436 - INTERNAL - System Time: 2025-03-01 14:42:20.436252, Logical Clock: 142
2025-03-01 14:42:20,641 - RECEIVE - System Time: 2025-03-01 14:42:20.641397, Logical Clock: 143, Queue Length: 0, From: Machine 2
2025-03-01 14:42:20,846 - INTERNAL - System Time: 2025-03-01 14:42:20.846003, Logical Clock: 144
2025-03-01 14:42:21,048 - INTERNAL - System Time: 2025-03-01 14:42:21.048340, Logical Clock: 145
2025-03-01 14:42:21,249 - RECEIVE - System Time: 2025-03-01 14:42:21.249370, Logical Clock: 147, Queue Length: 0, From: Machine 1
2025-03-01 14:42:21,454 - INTERNAL - System Time: 2025-03-01 14:42:21.454749, Logical Clock: 148
2025-03-01 14:42:21,657 - No connection to port 10000
2025-03-01 14:42:21,858 - INTERNAL - System Time: 2025-03-01 14:42:21.858265, Logical Clock: 150
2025-03-01 14:42:22,061 - INTERNAL - System Time: 2025-03-01 14:42:22.061863, Logical Clock: 151
2025-03-01 14:42:22,266 - INTERNAL - System Time: 2025-03-01 14:42:22.265901, Logical Clock: 152
2025-03-01 14:42:22,467 - RECEIVE - System Time: 2025-03-01 14:42:22.466970, Logical Clock: 154, Queue Length: 0, From: Machine 1
2025-03-01 14:42:22,672 - INTERNAL - System Time: 2025-03-01 14:42:22.672527, Logical Clock: 155
2025-03-01 14:42:22,873 - No connection to port 10000
2025-03-01 14:42:22,874 - No connection to port 10001
2025-03-01 14:42:23,078 - RECEIVE - System Time: 2025-03-01 14:42:23.077914, Logical Clock: 157, Queue Length: 1, From: Machine 1
2025-03-01 14:42:23,283 - RECEIVE - System Time: 2025-03-01 14:42:23.283371, Logical Clock: 158, Queue Length: 0, From: Machine 1
2025-03-01 14:42:23,488 - INTERNAL - System Time: 2025-03-01 14:42:23.488559, Logical Clock: 159
2025-03-01 14:42:23,691 - INTERNAL - System Time: 2025-03-01 14:42:23.691532, Logical Clock: 160
2025-03-01 14:42:23,893 - INTERNAL - System Time: 2025-03-01 14:42:23.892941, Logical Clock: 161
2025-03-01 14:42:24,096 - RECEIVE - System Time: 2025-03-01 14:42:24.095857, Logical Clock: 163, Queue Length: 2, From: Machine 2
2025-03-01 14:42:24,299 - RECEIVE - System Time: 2025-03-01 14:42:24.299402, Logical Clock: 164, Queue Length: 1, From: Machine 1
2025-03-01 14:42:24,502 - RECEIVE - System Time: 2025-03-01 14:42:24.501887, Logical Clock: 165, Queue Length: 1, From: Machine 1
2025-03-01 14:42:24,703 - RECEIVE - System Time: 2025-03-01 14:42:24.702905, Logical Clock: 166, Queue Length: 1, From: Machine 2
2025-03-01 14:42:24,907 - RECEIVE - System Time: 2025-03-01 14:42:24.907550, Logical Clock: 167, Queue Length: 0, From: Machine 1
2025-03-01 14:42:25,113 - No connection to port 10000
2025-03-01 14:42:25,318 - No connection to port 10000
2025-03-01 14:42:25,318 - No connection to port 10001
2025-03-01 14:42:25,524 - RECEIVE - System Time: 2025-03-01 14:42:25.523913, Logical Clock: 172, Queue Length: 0, From: Machine 2
2025-03-01 14:42:25,729 - No connection to port 10000
2025-03-01 14:42:25,934 - No connection to port 10001
2025-03-01 14:42:26,135 - RECEIVE - System Time: 2025-03-01 14:42:26.135358, Logical Clock: 176, Queue Length: 0, From: Machine 1
2025-03-01 14:42:26,340 - RECEIVE - System Time: 2025-03-01 14:42:26.340060, Logical Clock: 177, Queue Length: 0, From: Machine 1
2025-03-01 14:42:26,545 - RECEIVE - System Time: 2025-03-01 14:42:26.545491, Logical Clock: 178, Queue Length: 0, From: Machine 1
2025-03-01 14:42:26,747 - RECEIVE - System Time: 2025-03-01 14:42:26.747091, Logical Clock: 179, Queue Length: 0, From: Machine 1
2025-03-01 14:42:26,951 - INTERNAL - System Time: 2025-03-01 14:42:26.950886, Logical Clock: 180
2025-03-01 14:42:27,152 - RECEIVE - System Time: 2025-03-01 14:42:27.152720, Logical Clock: 181, Queue Length: 0, From: Machine 1
2025-03-01 14:42:27,358 - No connection to port 10001
2025-03-01 14:42:27,561 - INTERNAL - System Time: 2025-03-01 14:42:27.561524, Logical Clock: 183
2025-03-01 14:42:27,764 - RECEIVE - System Time: 2025-03-01 14:42:27.764217, Logical Clock: 185, Queue Length: 0, From: Machine 1
2025-03-01 14:42:27,968 - INTERNAL - System Time: 2025-03-01 14:42:27.968349, Logical Clock: 186
2025-03-01 14:42:28,173 - RECEIVE - System Time: 2025-03-01 14:42:28.172951, Logical Clock: 187, Queue Length: 1, From: Machine 1
2025-03-01 14:42:28,375 - RECEIVE - System Time: 2025-03-01 14:42:28.374984, Logical Clock: 188, Queue Length: 1, From: Machine 1
2025-03-01 14:42:28,578 - RECEIVE - System Time: 2025-03-01 14:42:28.577987, Logical Clock: 189, Queue Length: 0, From: Machine 1
2025-03-01 14:42:28,778 - INTERNAL - System Time: 2025-03-01 14:42:28.778407, Logical Clock: 190
2025-03-01 14:42:28,983 - INTERNAL - System Time: 2025-03-01 14:42:28.983443, Logical Clock: 191
2025-03-01 14:42:29,187 - INTERNAL - System Time: 2025-03-01 14:42:29.187453, Logical Clock: 192
2025-03-01 14:42:29,392 - RECEIVE - System Time: 2025-03-01 14:42:29.392675, Logical Clock: 194, Queue Length: 1, From: Machine 1
2025-03-01 14:42:29,598 - RECEIVE - System Time: 2025-03-01 14:42:29.598089, Logical Clock: 195, Queue Length: 1, From: Machine 2
2025-03-01 14:42:29,800 - RECEIVE - System Time: 2025-03-01 14:42:29.800511, Logical Clock: 196, Queue Length: 0, From: Machine 1
2025-03-01 14:42:30,003 - RECEIVE - System Time: 2025-03-01 14:42:30.003243, Logical Clock: 198, Queue Length: 0, From: Machine 1
2025-03-01 14:42:30,204 - INTERNAL - System Time: 2025-03-01 14:42:30.204747, Logical Clock: 199
2025-03-01 14:42:30,409 - INTERNAL - System Time: 2025-03-01 14:42:30.409744, Logical Clock: 200
2025-03-01 14:42:30,611 - INTERNAL - System Time: 2025-03-01 14:42:30.611316, Logical Clock: 201
2025-03-01 14:42:30,815 - INTERNAL - System Time: 2025-03-01 14:42:30.815803, Logical Clock: 202
2025-03-01 14:42:31,021 - RECEIVE - System Time: 2025-03-01 14:42:31.021118, Logical Clock: 204, Queue Length: 0, From: Machine 1
2025-03-01 14:42:31,225 - RECEIVE - System Time: 2025-03-01 14:42:31.225703, Logical Clock: 205, Queue Length: 0, From: Machine 1
2025-03-01 14:42:31,428 - No connection to port 10000
2025-03-01 14:42:31,632 - INTERNAL - System Time: 2025-03-01 14:42:31.632511, Logical Clock: 207
2025-03-01 14:42:31,834 - INTERNAL - System Time: 2025-03-01 14:42:31.834154, Logical Clock: 208
2025-03-01 14:42:32,037 - No connection to port 10001
2025-03-01 14:42:32,239 - INTERNAL - System Time: 2025-03-01 14:42:32.239022, Logical Clock: 210
2025-03-01 14:42:32,442 - RECEIVE - System Time: 2025-03-01 14:42:32.442569, Logical Clock: 211, Queue Length: 1, From: Machine 2
2025-03-01 14:42:32,646 - RECEIVE - System Time: 2025-03-01 14:42:32.646069, Logical Clock: 212, Queue Length: 0, From: Machine 2
2025-03-01 14:42:32,850 - INTERNAL - System Time: 2025-03-01 14:42:32.850511, Logical Clock: 213
2025-03-01 14:42:33,052 - INTERNAL - System Time: 2025-03-01 14:42:33.052679, Logical Clock: 214
2025-03-01 14:42:33,253 - No connection to port 10000
2025-03-01 14:42:33,253 - No connection to port 10001
2025-03-01 14:42:33,457 - RECEIVE - System Time: 2025-03-01 14:42:33.457890, Logical Clock: 219, Queue Length: 0, From: Machine 1
2025-03-01 14:42:33,658 - INTERNAL - System Time: 2025-03-01 14:42:33.658168, Logical Clock: 220
2025-03-01 14:42:33,859 - INTERNAL - System Time: 2025-03-01 14:42:33.858980, Logical Clock: 221
2025-03-01 14:42:34,061 - INTERNAL - System Time: 2025-03-01 14:42:34.061344, Logical Clock: 222
2025-03-01 14:42:34,266 - INTERNAL - System Time: 2025-03-01 14:42:34.266727, Logical Clock: 223
2025-03-01 14:42:34,471 - INTERNAL - System Time: 2025-03-01 14:42:34.471666, Logical Clock: 224
2025-03-01 14:42:34,675 - RECEIVE - System Time: 2025-03-01 14:42:34.675378, Logical Clock: 226, Queue Length: 0, From: Machine 1
2025-03-01 14:42:34,880 - INTERNAL - System Time: 2025-03-01 14:42:34.880776, Logical Clock: 227
2025-03-01 14:42:35,083 - RECEIVE - System Time: 2025-03-01 14:42:35.083346, Logical Clock: 228, Queue Length: 0, From: Machine 1
2025-03-01 14:42:35,287 - RECEIVE - System Time: 2025-03-01 14:42:35.287391, Logical Clock: 229, Queue Length: 0, From: Machine 2
2025-03-01 14:42:35,492 - INTERNAL - System Time: 2025-03-01 14:42:35.492468, Logical Clock: 230
2025-03-01 14:42:35,697 - INTERNAL - System Time: 2025-03-01 14:42:35.697800, Logical Clock: 231
2025-03-01 14:42:35,899 - RECEIVE - System Time: 2025-03-01 14:42:35.899193, Logical Clock: 233, Queue Length: 0, From: Machine 1
2025-03-01 14:42:36,100 - INTERNAL - System Time: 2025-03-01 14:42:36.100840, Logical Clock: 234
2025-03-01 14:42:36,306 - No connection to port 10001
2025-03-01 14:42:36,507 - RECEIVE - System Time: 2025-03-01 14:42:36.507862, Logical Clock: 237, Queue Length: 0, From: Machine 1
2025-03-01 14:42:36,720 - INTERNAL - System Time: 2025-03-01 14:42:36.715608, Logical Clock: 238
2025-03-01 14:42:36,921 - INTERNAL - System Time: 2025-03-01 14:42:36.921826, Logical Clock: 239
2025-03-01 14:42:37,126 - RECEIVE - System Time: 2025-03-01 14:42:37.126727, Logical Clock: 240, Queue Length: 0, From: Machine 1
2025-03-01 14:42:37,332 - INTERNAL - System Time: 2025-03-01 14:42:37.332118, Logical Clock: 241
2025-03-01 14:42:37,535 - INTERNAL - System Time: 2025-03-01 14:42:37.535257, Logical Clock: 242
2025-03-01 14:42:37,737 - RECEIVE - System Time: 2025-03-01 14:42:37.737389, Logical Clock: 244, Queue Length: 0, From: Machine 1
2025-03-01 14:42:37,941 - INTERNAL - System Time: 2025-03-01 14:42:37.941165, Logical Clock: 245
2025-03-01 14:42:38,144 - INTERNAL - System Time: 2025-03-01 14:42:38.144556, Logical Clock: 246
2025-03-01 14:42:38,345 - RECEIVE - System Time: 2025-03-01 14:42:38.345779, Logical Clock: 247, Queue Length: 0, From: Machine 1
2025-03-01 14:42:38,549 - RECEIVE - System Time: 2025-03-01 14:42:38.549363, Logical Clock: 248, Queue Length: 0, From: Machine 1
2025-03-01 14:42:38,753 - RECEIVE - System Time: 2025-03-01 14:42:38.753008, Logical Clock: 250, Queue Length: 0, From: Machine 1
2025-03-01 14:42:38,957 - INTERNAL - System Time: 2025-03-01 14:42:38.957842, Logical Clock: 251
2025-03-01 14:42:39,160 - RECEIVE - System Time: 2025-03-01 14:42:39.160277, Logical Clock: 252, Queue Length: 0, From: Machine 1
2025-03-01 14:42:39,361 - INTERNAL - System Time: 2025-03-01 14:42:39.361309, Logical Clock: 253
2025-03-01 14:42:39,565 - INTERNAL - System Time: 2025-03-01 14:42:39.565745, Logical Clock: 254
2025-03-01 14:42:39,769 - RECEIVE - System Time: 2025-03-01 14:42:39.769415, Logical Clock: 255, Queue Length: 0, From: Machine 1
2025-03-01 14:42:39,971 - No connection to port 10000
2025-03-01 14:42:39,971 - No connection to port 10001
2025-03-01 14:42:40,174 - INTERNAL - System Time: 2025-03-01 14:42:40.174493, Logical Clock: 257
2025-03-01 14:42:40,378 - INTERNAL - System Time: 2025-03-01 14:42:40.378271, Logical Clock: 258
2025-03-01 14:42:40,582 - RECEIVE - System Time: 2025-03-01 14:42:40.582428, Logical Clock: 261, Queue Length: 0, From: Machine 2
2025-03-01 14:42:40,783 - RECEIVE - System Time: 2025-03-01 14:42:40.783380, Logical Clock: 262, Queue Length: 0, From: Machine 1
2025-03-01 14:42:40,988 - INTERNAL - System Time: 2025-03-01 14:42:40.988887, Logical Clock: 263
2025-03-01 14:42:41,194 - No connection to port 10001
2025-03-01 14:42:41,399 - INTERNAL - System Time: 2025-03-01 14:42:41.399042, Logical Clock: 265
2025-03-01 14:42:41,600 - INTERNAL - System Time: 2025-03-01 14:42:41.600048, Logical Clock: 266
2025-03-01 14:42:41,801 - No connection to port 10001
2025-03-01 14:42:42,005 - RECEIVE - System Time: 2025-03-01 14:42:42.004973, Logical Clock: 269, Queue Length: 0, From: Machine 1
2025-03-01 14:42:42,207 - No connection to port 10000
2025-03-01 14:42:42,408 - RECEIVE - System Time: 2025-03-01 14:42:42.408143, Logical Clock: 271, Queue Length: 0, From: Machine 1
2025-03-01 14:42:42,611 - INTERNAL - System Time: 2025-03-01 14:42:42.611255, Logical Clock: 272
2025-03-01 14:42:42,814 - RECEIVE - System Time: 2025-03-01 14:42:42.814783, Logical Clock: 273, Queue Length: 0, From: Machine 1
2025-03-01 14:42:43,018 - No connection to port 10000
2025-03-01 14:42:43,222 - INTERNAL - System Time: 2025-03-01 14:42:43.222885, Logical Clock: 275
2025-03-01 14:42:43,425 - RECEIVE - System Time: 2025-03-01 14:42:43.425099, Logical Clock: 277, Queue Length: 0, From: Machine 1
2025-03-01 14:42:43,625 - No connection to port 10000
2025-03-01 14:42:43,831 - INTERNAL - System Time: 2025-03-01 14:42:43.831043, Logical Clock: 279
2025-03-01 14:42:44,033 - INTERNAL - System Time: 2025-03-01 14:42:44.032841, Logical Clock: 280
2025-03-01 14:42:44,233 - INTERNAL - System Time: 2025-03-01 14:42:44.233316, Logical Clock: 281
2025-03-01 14:42:44,437 - No connection to port 10001
2025-03-01 14:42:44,642 - INTERNAL - System Time: 2025-03-01 14:42:44.642548, Logical Clock: 283
2025-03-01 14:42:44,845 - INTERNAL - System Time: 2025-03-01 14:42:44.845186, Logical Clock: 284
2025-03-01 14:42:45,049 - INTERNAL - System Time: 2025-03-01 14:42:45.049088, Logical Clock: 285
2025-03-01 14:42:45,251 - No connection to port 10000
2025-03-01 14:42:45,251 - No connection to port 10001
2025-03-01 14:42:45,456 - No connection to port 10000
2025-03-01 14:42:45,661 - INTERNAL - System Time: 2025-03-01 14:42:45.661758, Logical Clock: 288
2025-03-01 14:42:45,866 - RECEIVE - System Time: 2025-03-01 14:42:45.866545, Logical Clock: 291, Queue Length: 0, From: Machine 1
2025-03-01 14:42:46,067 - INTERNAL - System Time: 2025-03-01 14:42:46.067812, Logical Clock: 292
2025-03-01 14:42:46,269 - INTERNAL - System Time: 2025-03-01 14:42:46.269801, Logical Clock: 293
2025-03-01 14:42:46,470 - RECEIVE - System Time: 2025-03-01 14:42:46.470638, Logical Clock: 294, Queue Length: 0, From: Machine 2
2025-03-01 14:42:46,673 - No connection to port 10001
2025-03-01 14:42:46,874 - No connection to port 10000
2025-03-01 14:42:47,076 - No connection to port 10000
2025-03-01 14:42:47,076 - No connection to port 10001
2025-03-01 14:42:47,278 - INTERNAL - System Time: 2025-03-01 14:42:47.278136, Logical Clock: 298
2025-03-01 14:42:47,482 - RECEIVE - System Time: 2025-03-01 14:42:47.482715, Logical Clock: 301, Queue Length: 1, From: Machine 2
2025-03-01 14:42:47,684 - RECEIVE - System Time: 2025-03-01 14:42:47.684295, Logical Clock: 302, Queue Length: 1, From: Machine 1
2025-03-01 14:42:47,889 - RECEIVE - System Time: 2025-03-01 14:42:47.889488, Logical Clock: 303, Queue Length: 0, From: Machine 1
2025-03-01 14:42:48,092 - No connection to port 10000
2025-03-01 14:42:48,092 - No connection to port 10001
2025-03-01 14:42:48,295 - INTERNAL - System Time: 2025-03-01 14:42:48.294949, Logical Clock: 305
2025-03-01 14:42:48,500 - INTERNAL - System Time: 2025-03-01 14:42:48.500028, Logical Clock: 306
2025-03-01 14:42:48,705 - No connection to port 10000
2025-03-01 14:42:48,908 - INTERNAL - System Time: 2025-03-01 14:42:48.908118, Logical Clock: 308
2025-03-01 14:42:49,111 - INTERNAL - System Time: 2025-03-01 14:42:49.111225, Logical Clock: 309
2025-03-01 14:42:49,315 - RECEIVE - System Time: 2025-03-01 14:42:49.315709, Logical Clock: 310, Queue Length: 1, From: Machine 2
2025-03-01 14:42:49,520 - RECEIVE - System Time: 2025-03-01 14:42:49.520833, Logical Clock: 312, Queue Length: 0, From: Machine 1
2025-03-01 14:42:49,726 - INTERNAL - System Time: 2025-03-01 14:42:49.726031, Logical Clock: 313
2025-03-01 14:42:49,929 - No connection to port 10000
2025-03-01 14:42:49,930 - No connection to port 10001
2025-03-01 14:42:50,133 - RECEIVE - System Time: 2025-03-01 14:42:50.133325, Logical Clock: 315, Queue Length: 1, From: Machine 2
2025-03-01 14:42:50,338 - RECEIVE - System Time: 2025-03-01 14:42:50.338764, Logical Clock: 317, Queue Length: 0, From: Machine 1
2025-03-01 14:42:50,542 - INTERNAL - System Time: 2025-03-01 14:42:50.541803, Logical Clock: 318
2025-03-01 14:42:50,747 - No connection to port 10000
2025-03-01 14:42:50,948 - INTERNAL - System Time: 2025-03-01 14:42:50.948450, Logical Clock: 320
2025-03-01 14:42:51,153 - RECEIVE - System Time: 2025-03-01 14:42:51.153750, Logical Clock: 323, Queue Length: 0, From: Machine 1
2025-03-01 14:42:51,357 - INTERNAL - System Time: 2025-03-01 14:42:51.357735, Logical Clock: 324
2025-03-01 14:42:51,558 - RECEIVE - System Time: 2025-03-01 14:42:51.558310, Logical Clock: 325, Queue Length: 0, From: Machine 1
2025-03-01 14:42:51,763 - RECEIVE - System Time: 2025-03-01 14:42:51.763373, Logical Clock: 326, Queue Length: 0, From: Machine 1
2025-03-01 14:42:51,966 - INTERNAL - System Time: 2025-03-01 14:42:51.966628, Logical Clock: 327
2025-03-01 14:42:52,168 - No connection to port 10000
2025-03-01 14:42:52,372 - INTERNAL - System Time: 2025-03-01 14:42:52.372867, Logical Clock: 329
2025-03-01 14:42:52,573 - No connection to port 10000
2025-03-01 14:42:52,573 - No connection to port 10001
2025-03-01 14:42:52,774 - INTERNAL - System Time: 2025-03-01 14:42:52.774421, Logical Clock: 331
2025-03-01 14:42:52,980 - No connection to port 10000
2025-03-01 14:42:53,182 - RECEIVE - System Time: 2025-03-01 14:42:53.182743, Logical Clock: 333, Queue Length: 1, From: Machine 2
2025-03-01 14:42:53,385 - RECEIVE - System Time: 2025-03-01 14:42:53.385492, Logical Clock: 334, Queue Length: 0, From: Machine 1
2025-03-01 14:42:53,587 - INTERNAL - System Time: 2025-03-01 14:42:53.587256, Logical Clock: 335
2025-03-01 14:42:53,792 - INTERNAL - System Time: 2025-03-01 14:42:53.792493, Logical Clock: 336
2025-03-01 14:42:53,997 - RECEIVE - System Time: 2025-03-01 14:42:53.997765, Logical Clock: 338, Queue Length: 0, From: Machine 2
2025-03-01 14:42:54,199 - RECEIVE - System Time: 2025-03-01 14:42:54.199689, Logical Clock: 341, Queue Length: 0, From: Machine 1
2025-03-01 14:42:54,402 - INTERNAL - System Time: 2025-03-01 14:42:54.402362, Logical Clock: 342
2025-03-01 14:42:54,607 - RECEIVE - System Time: 2025-03-01 14:42:54.607701, Logical Clock: 343, Queue Length: 0, From: Machine 1
2025-03-01 14:42:54,813 - RECEIVE - System Time: 2025-03-01 14:42:54.812933, Logical Clock: 344, Queue Length: 0, From: Machine 1
2025-03-01 14:42:55,017 - INTERNAL - System Time: 2025-03-01 14:42:55.017452, Logical Clock: 345
2025-03-01 14:42:55,220 - No connection to port 10001
2025-03-01 14:42:55,422 - INTERNAL - System Time: 2025-03-01 14:42:55.422293, Logical Clock: 347
2025-03-01 14:42:55,624 - INTERNAL - System Time: 2025-03-01 14:42:55.624666, Logical Clock: 348
2025-03-01 14:42:55,829 - No connection to port 10000
2025-03-01 14:42:55,829 - No connection to port 10001
2025-03-01 14:42:56,033 - INTERNAL - System Time: 2025-03-01 14:42:56.033182, Logical Clock: 350
