2025-03-04 12:07:45,821 - Virtual Machine 1 initialized
2025-03-04 12:07:45,821 - Clock Rate: 4 ticks/second
2025-03-04 12:07:45,821 - Listening on port: 10000
2025-03-04 12:07:45,821 - Peer ports: [10001, 10002]
2025-03-04 12:07:46,140 - Accepted connection from ('127.0.0.1', 60212)
2025-03-04 12:07:46,584 - Accepted connection from ('127.0.0.1', 60214)
2025-03-04 12:07:46,829 - Connected to peer on port 10001
2025-03-04 12:07:46,829 - Connected to peer on port 10002
2025-03-04 12:07:46,829 - Network initialization completed
2025-03-04 12:07:46,829 - Starting main event loop
2025-03-04 12:07:46,829 - Clock rate: 4 ticks/second
2025-03-04 12:07:46,829 - INTERNAL - System Time: 2025-03-04 12:07:46.829706, Logical Clock: 1
2025-03-04 12:07:47,086 - INTERNAL - System Time: 2025-03-04 12:07:47.085503, Logical Clock: 2
2025-03-04 12:07:47,341 - SEND - System Time: 2025-03-04 12:07:47.341746, Logical Clock: 3, To: Machine on port 10001
2025-03-04 12:07:47,594 - INTERNAL - System Time: 2025-03-04 12:07:47.594659, Logical Clock: 4
2025-03-04 12:07:47,850 - SEND - System Time: 2025-03-04 12:07:47.849917, Logical Clock: 5, To: Machine on port 10001
2025-03-04 12:07:48,103 - INTERNAL - System Time: 2025-03-04 12:07:48.103762, Logical Clock: 6
2025-03-04 12:07:48,357 - INTERNAL - System Time: 2025-03-04 12:07:48.357299, Logical Clock: 7
2025-03-04 12:07:48,610 - INTERNAL - System Time: 2025-03-04 12:07:48.610327, Logical Clock: 8
2025-03-04 12:07:48,862 - INTERNAL - System Time: 2025-03-04 12:07:48.862403, Logical Clock: 9
2025-03-04 12:07:49,114 - INTERNAL - System Time: 2025-03-04 12:07:49.114191, Logical Clock: 10
2025-03-04 12:07:49,369 - INTERNAL - System Time: 2025-03-04 12:07:49.369598, Logical Clock: 11
2025-03-04 12:07:49,622 - RECEIVE - System Time: 2025-03-04 12:07:49.622680, Logical Clock: 13, Queue Length: 0, From: Machine 3
2025-03-04 12:07:49,875 - INTERNAL - System Time: 2025-03-04 12:07:49.875185, Logical Clock: 14
2025-03-04 12:07:50,129 - INTERNAL - System Time: 2025-03-04 12:07:50.129387, Logical Clock: 15
2025-03-04 12:07:50,389 - INTERNAL - System Time: 2025-03-04 12:07:50.389517, Logical Clock: 16
2025-03-04 12:07:50,644 - SEND - System Time: 2025-03-04 12:07:50.644547, Logical Clock: 17, To: Machine on port 10001
2025-03-04 12:07:50,896 - INTERNAL - System Time: 2025-03-04 12:07:50.895969, Logical Clock: 18
2025-03-04 12:07:51,149 - INTERNAL - System Time: 2025-03-04 12:07:51.149879, Logical Clock: 19
2025-03-04 12:07:51,405 - SEND - System Time: 2025-03-04 12:07:51.405213, Logical Clock: 20, To: Machine on port 10002
2025-03-04 12:07:51,660 - INTERNAL - System Time: 2025-03-04 12:07:51.660083, Logical Clock: 21
2025-03-04 12:07:51,915 - INTERNAL - System Time: 2025-03-04 12:07:51.915870, Logical Clock: 22
2025-03-04 12:07:52,170 - INTERNAL - System Time: 2025-03-04 12:07:52.170804, Logical Clock: 23
2025-03-04 12:07:52,465 - INTERNAL - System Time: 2025-03-04 12:07:52.465200, Logical Clock: 24
2025-03-04 12:07:52,718 - INTERNAL - System Time: 2025-03-04 12:07:52.718742, Logical Clock: 25
2025-03-04 12:07:52,971 - SEND - System Time: 2025-03-04 12:07:52.971736, Logical Clock: 26, To: Machine on port 10001
2025-03-04 12:07:53,224 - INTERNAL - System Time: 2025-03-04 12:07:53.223908, Logical Clock: 27
2025-03-04 12:07:53,478 - INTERNAL - System Time: 2025-03-04 12:07:53.478533, Logical Clock: 28
2025-03-04 12:07:53,730 - RECEIVE - System Time: 2025-03-04 12:07:53.730113, Logical Clock: 30, Queue Length: 0, From: Machine 3
2025-03-04 12:07:53,984 - RECEIVE - System Time: 2025-03-04 12:07:53.984112, Logical Clock: 31, Queue Length: 0, From: Machine 2
2025-03-04 12:07:54,234 - INTERNAL - System Time: 2025-03-04 12:07:54.234556, Logical Clock: 32
2025-03-04 12:07:54,489 - SEND - System Time: 2025-03-04 12:07:54.489568, Logical Clock: 33, To: Machine on port 10002
2025-03-04 12:07:54,744 - INTERNAL - System Time: 2025-03-04 12:07:54.744797, Logical Clock: 34
2025-03-04 12:07:55,000 - INTERNAL - System Time: 2025-03-04 12:07:55.000530, Logical Clock: 35
2025-03-04 12:07:55,251 - INTERNAL - System Time: 2025-03-04 12:07:55.251324, Logical Clock: 36
2025-03-04 12:07:55,506 - SEND - System Time: 2025-03-04 12:07:55.506700, Logical Clock: 37, To: Machine on port 10001
2025-03-04 12:07:55,757 - INTERNAL - System Time: 2025-03-04 12:07:55.757197, Logical Clock: 38
2025-03-04 12:07:56,010 - RECEIVE - System Time: 2025-03-04 12:07:56.010518, Logical Clock: 40, Queue Length: 1, From: Machine 2
2025-03-04 12:07:56,266 - RECEIVE - System Time: 2025-03-04 12:07:56.266190, Logical Clock: 41, Queue Length: 0, From: Machine 3
2025-03-04 12:07:56,518 - INTERNAL - System Time: 2025-03-04 12:07:56.517912, Logical Clock: 42
2025-03-04 12:07:56,773 - RECEIVE - System Time: 2025-03-04 12:07:56.773186, Logical Clock: 43, Queue Length: 1, From: Machine 2
2025-03-04 12:07:57,028 - RECEIVE - System Time: 2025-03-04 12:07:57.028197, Logical Clock: 44, Queue Length: 0, From: Machine 3
2025-03-04 12:07:57,280 - INTERNAL - System Time: 2025-03-04 12:07:57.280815, Logical Clock: 45
2025-03-04 12:07:57,531 - RECEIVE - System Time: 2025-03-04 12:07:57.531615, Logical Clock: 46, Queue Length: 1, From: Machine 2
2025-03-04 12:07:57,786 - RECEIVE - System Time: 2025-03-04 12:07:57.786015, Logical Clock: 47, Queue Length: 0, From: Machine 3
2025-03-04 12:07:58,038 - INTERNAL - System Time: 2025-03-04 12:07:58.038677, Logical Clock: 48
2025-03-04 12:07:58,291 - INTERNAL - System Time: 2025-03-04 12:07:58.291361, Logical Clock: 49
2025-03-04 12:07:58,546 - INTERNAL - System Time: 2025-03-04 12:07:58.546108, Logical Clock: 50
2025-03-04 12:07:58,796 - RECEIVE - System Time: 2025-03-04 12:07:58.796886, Logical Clock: 51, Queue Length: 0, From: Machine 2
2025-03-04 12:07:59,051 - INTERNAL - System Time: 2025-03-04 12:07:59.051664, Logical Clock: 52
2025-03-04 12:07:59,303 - INTERNAL - System Time: 2025-03-04 12:07:59.303552, Logical Clock: 53
2025-03-04 12:07:59,558 - INTERNAL - System Time: 2025-03-04 12:07:59.558798, Logical Clock: 54
2025-03-04 12:07:59,813 - INTERNAL - System Time: 2025-03-04 12:07:59.812821, Logical Clock: 55
2025-03-04 12:08:00,065 - INTERNAL - System Time: 2025-03-04 12:08:00.064988, Logical Clock: 56
2025-03-04 12:08:00,318 - RECEIVE - System Time: 2025-03-04 12:08:00.318248, Logical Clock: 57, Queue Length: 0, From: Machine 2
2025-03-04 12:08:00,573 - INTERNAL - System Time: 2025-03-04 12:08:00.573133, Logical Clock: 58
2025-03-04 12:08:00,826 - INTERNAL - System Time: 2025-03-04 12:08:00.826861, Logical Clock: 59
2025-03-04 12:08:01,082 - INTERNAL - System Time: 2025-03-04 12:08:01.081927, Logical Clock: 60
2025-03-04 12:08:01,335 - INTERNAL - System Time: 2025-03-04 12:08:01.335442, Logical Clock: 61
2025-03-04 12:08:01,587 - SEND - System Time: 2025-03-04 12:08:01.586933, Logical Clock: 62, To: Machine on port 10002
2025-03-04 12:08:01,840 - SEND - System Time: 2025-03-04 12:08:01.840359, Logical Clock: 63, To: Machine on port 10001
2025-03-04 12:08:02,091 - INTERNAL - System Time: 2025-03-04 12:08:02.091492, Logical Clock: 64
2025-03-04 12:08:02,346 - RECEIVE - System Time: 2025-03-04 12:08:02.346191, Logical Clock: 66, Queue Length: 0, From: Machine 2
2025-03-04 12:08:02,601 - INTERNAL - System Time: 2025-03-04 12:08:02.601463, Logical Clock: 67
2025-03-04 12:08:02,853 - RECEIVE - System Time: 2025-03-04 12:08:02.853223, Logical Clock: 68, Queue Length: 0, From: Machine 3
2025-03-04 12:08:03,107 - INTERNAL - System Time: 2025-03-04 12:08:03.107023, Logical Clock: 69
2025-03-04 12:08:03,361 - INTERNAL - System Time: 2025-03-04 12:08:03.361287, Logical Clock: 70
2025-03-04 12:08:03,616 - INTERNAL - System Time: 2025-03-04 12:08:03.616714, Logical Clock: 71
2025-03-04 12:08:03,871 - INTERNAL - System Time: 2025-03-04 12:08:03.871276, Logical Clock: 72
2025-03-04 12:08:04,128 - INTERNAL - System Time: 2025-03-04 12:08:04.128061, Logical Clock: 73
2025-03-04 12:08:04,384 - SEND - System Time: 2025-03-04 12:08:04.384058, Logical Clock: 74, To: Machine on port 10002
2025-03-04 12:08:04,640 - INTERNAL - System Time: 2025-03-04 12:08:04.640445, Logical Clock: 75
2025-03-04 12:08:04,896 - INTERNAL - System Time: 2025-03-04 12:08:04.896239, Logical Clock: 76
2025-03-04 12:08:05,151 - INTERNAL - System Time: 2025-03-04 12:08:05.151356, Logical Clock: 77
2025-03-04 12:08:05,407 - SEND - System Time: 2025-03-04 12:08:05.407185, Logical Clock: 78, To: Machine on port 10002
2025-03-04 12:08:05,659 - INTERNAL - System Time: 2025-03-04 12:08:05.658992, Logical Clock: 79
2025-03-04 12:08:05,912 - INTERNAL - System Time: 2025-03-04 12:08:05.912658, Logical Clock: 80
2025-03-04 12:08:06,174 - INTERNAL - System Time: 2025-03-04 12:08:06.174530, Logical Clock: 81
2025-03-04 12:08:06,428 - RECEIVE - System Time: 2025-03-04 12:08:06.428089, Logical Clock: 83, Queue Length: 0, From: Machine 3
2025-03-04 12:08:06,681 - INTERNAL - System Time: 2025-03-04 12:08:06.681603, Logical Clock: 84
2025-03-04 12:08:06,931 - RECEIVE - System Time: 2025-03-04 12:08:06.931858, Logical Clock: 85, Queue Length: 0, From: Machine 3
2025-03-04 12:08:07,187 - INTERNAL - System Time: 2025-03-04 12:08:07.187051, Logical Clock: 86
2025-03-04 12:08:07,442 - RECEIVE - System Time: 2025-03-04 12:08:07.441426, Logical Clock: 87, Queue Length: 0, From: Machine 3
2025-03-04 12:08:07,694 - INTERNAL - System Time: 2025-03-04 12:08:07.693976, Logical Clock: 88
2025-03-04 12:08:07,949 - INTERNAL - System Time: 2025-03-04 12:08:07.949190, Logical Clock: 89
2025-03-04 12:08:08,200 - INTERNAL - System Time: 2025-03-04 12:08:08.200017, Logical Clock: 90
2025-03-04 12:08:08,454 - INTERNAL - System Time: 2025-03-04 12:08:08.454440, Logical Clock: 91
2025-03-04 12:08:08,709 - RECEIVE - System Time: 2025-03-04 12:08:08.709104, Logical Clock: 92, Queue Length: 0, From: Machine 2
2025-03-04 12:08:08,961 - RECEIVE - System Time: 2025-03-04 12:08:08.961655, Logical Clock: 93, Queue Length: 0, From: Machine 2
2025-03-04 12:08:09,217 - INTERNAL - System Time: 2025-03-04 12:08:09.216760, Logical Clock: 94
2025-03-04 12:08:09,473 - SEND - System Time: 2025-03-04 12:08:09.472931, Logical Clock: 95, To: Machine on port 10002
2025-03-04 12:08:09,727 - INTERNAL - System Time: 2025-03-04 12:08:09.727070, Logical Clock: 96
2025-03-04 12:08:09,982 - INTERNAL - System Time: 2025-03-04 12:08:09.982433, Logical Clock: 97
2025-03-04 12:08:10,236 - SEND - System Time: 2025-03-04 12:08:10.235955, Logical Clock: 98, To: Machine on port 10002
2025-03-04 12:08:10,487 - INTERNAL - System Time: 2025-03-04 12:08:10.487230, Logical Clock: 99
2025-03-04 12:08:10,740 - RECEIVE - System Time: 2025-03-04 12:08:10.739894, Logical Clock: 101, Queue Length: 0, From: Machine 3
2025-03-04 12:08:10,994 - INTERNAL - System Time: 2025-03-04 12:08:10.994150, Logical Clock: 102
2025-03-04 12:08:11,251 - SEND - System Time: 2025-03-04 12:08:11.251140, Logical Clock: 103, To: Machine on port 10002
2025-03-04 12:08:11,504 - INTERNAL - System Time: 2025-03-04 12:08:11.504431, Logical Clock: 104
2025-03-04 12:08:11,759 - SEND - System Time: 2025-03-04 12:08:11.759583, Logical Clock: 105, To: Machine on port 10001
2025-03-04 12:08:12,015 - INTERNAL - System Time: 2025-03-04 12:08:12.014895, Logical Clock: 106
2025-03-04 12:08:12,270 - INTERNAL - System Time: 2025-03-04 12:08:12.270487, Logical Clock: 107
2025-03-04 12:08:12,524 - INTERNAL - System Time: 2025-03-04 12:08:12.523775, Logical Clock: 108
2025-03-04 12:08:12,776 - INTERNAL - System Time: 2025-03-04 12:08:12.776035, Logical Clock: 109
2025-03-04 12:08:13,031 - INTERNAL - System Time: 2025-03-04 12:08:13.031673, Logical Clock: 110
2025-03-04 12:08:13,287 - INTERNAL - System Time: 2025-03-04 12:08:13.287450, Logical Clock: 111
2025-03-04 12:08:13,541 - INTERNAL - System Time: 2025-03-04 12:08:13.541321, Logical Clock: 112
2025-03-04 12:08:13,794 - INTERNAL - System Time: 2025-03-04 12:08:13.794309, Logical Clock: 113
2025-03-04 12:08:14,050 - INTERNAL - System Time: 2025-03-04 12:08:14.049562, Logical Clock: 114
2025-03-04 12:08:14,305 - RECEIVE - System Time: 2025-03-04 12:08:14.304826, Logical Clock: 116, Queue Length: 0, From: Machine 2
2025-03-04 12:08:14,556 - INTERNAL - System Time: 2025-03-04 12:08:14.556740, Logical Clock: 117
2025-03-04 12:08:14,809 - INTERNAL - System Time: 2025-03-04 12:08:14.809137, Logical Clock: 118
2025-03-04 12:08:15,064 - INTERNAL - System Time: 2025-03-04 12:08:15.064291, Logical Clock: 119
2025-03-04 12:08:15,315 - INTERNAL - System Time: 2025-03-04 12:08:15.315610, Logical Clock: 120
2025-03-04 12:08:15,570 - INTERNAL - System Time: 2025-03-04 12:08:15.569990, Logical Clock: 121
2025-03-04 12:08:15,822 - SEND - System Time: 2025-03-04 12:08:15.822863, Logical Clock: 122, To: Machine on port 10001
2025-03-04 12:08:16,079 - INTERNAL - System Time: 2025-03-04 12:08:16.079019, Logical Clock: 123
2025-03-04 12:08:16,329 - RECEIVE - System Time: 2025-03-04 12:08:16.329572, Logical Clock: 125, Queue Length: 0, From: Machine 3
2025-03-04 12:08:16,580 - SEND - System Time: 2025-03-04 12:08:16.580653, Logical Clock: 126, To: Machine on port 10001
2025-03-04 12:08:16,834 - SEND - System Time: 2025-03-04 12:08:16.834857, Logical Clock: 127, To: Machine on port 10001
2025-03-04 12:08:17,090 - RECEIVE - System Time: 2025-03-04 12:08:17.090236, Logical Clock: 129, Queue Length: 0, From: Machine 3
2025-03-04 12:08:17,344 - INTERNAL - System Time: 2025-03-04 12:08:17.344477, Logical Clock: 130
2025-03-04 12:08:17,597 - INTERNAL - System Time: 2025-03-04 12:08:17.597593, Logical Clock: 131
2025-03-04 12:08:17,849 - SEND - System Time: 2025-03-04 12:08:17.849159, Logical Clock: 132, To: Machine on port 10001
2025-03-04 12:08:18,106 - INTERNAL - System Time: 2025-03-04 12:08:18.106696, Logical Clock: 133
2025-03-04 12:08:18,362 - RECEIVE - System Time: 2025-03-04 12:08:18.361728, Logical Clock: 135, Queue Length: 0, From: Machine 3
2025-03-04 12:08:18,613 - INTERNAL - System Time: 2025-03-04 12:08:18.613527, Logical Clock: 136
2025-03-04 12:08:18,865 - SEND - System Time: 2025-03-04 12:08:18.865867, Logical Clock: 137, To: Machine on port 10002
2025-03-04 12:08:19,121 - INTERNAL - System Time: 2025-03-04 12:08:19.121776, Logical Clock: 138
2025-03-04 12:08:19,377 - INTERNAL - System Time: 2025-03-04 12:08:19.377454, Logical Clock: 139
2025-03-04 12:08:19,631 - INTERNAL - System Time: 2025-03-04 12:08:19.631482, Logical Clock: 140
2025-03-04 12:08:19,883 - INTERNAL - System Time: 2025-03-04 12:08:19.883208, Logical Clock: 141
2025-03-04 12:08:20,134 - SEND - System Time: 2025-03-04 12:08:20.134844, Logical Clock: 142, To: Machine on port 10001
2025-03-04 12:08:20,391 - INTERNAL - System Time: 2025-03-04 12:08:20.391201, Logical Clock: 143
2025-03-04 12:08:20,647 - RECEIVE - System Time: 2025-03-04 12:08:20.646813, Logical Clock: 145, Queue Length: 0, From: Machine 2
2025-03-04 12:08:20,900 - INTERNAL - System Time: 2025-03-04 12:08:20.900324, Logical Clock: 146
2025-03-04 12:08:21,155 - SEND - System Time: 2025-03-04 12:08:21.155071, Logical Clock: 147, To: Machine on port 10002
2025-03-04 12:08:21,409 - INTERNAL - System Time: 2025-03-04 12:08:21.409198, Logical Clock: 148
2025-03-04 12:08:21,663 - RECEIVE - System Time: 2025-03-04 12:08:21.662923, Logical Clock: 149, Queue Length: 0, From: Machine 2
2025-03-04 12:08:21,919 - INTERNAL - System Time: 2025-03-04 12:08:21.918766, Logical Clock: 150
2025-03-04 12:08:22,172 - INTERNAL - System Time: 2025-03-04 12:08:22.172694, Logical Clock: 151
2025-03-04 12:08:22,428 - INTERNAL - System Time: 2025-03-04 12:08:22.428172, Logical Clock: 152
2025-03-04 12:08:22,681 - INTERNAL - System Time: 2025-03-04 12:08:22.681136, Logical Clock: 153
2025-03-04 12:08:22,934 - RECEIVE - System Time: 2025-03-04 12:08:22.933900, Logical Clock: 155, Queue Length: 0, From: Machine 2
2025-03-04 12:08:23,185 - INTERNAL - System Time: 2025-03-04 12:08:23.184963, Logical Clock: 156
2025-03-04 12:08:23,439 - SEND - System Time: 2025-03-04 12:08:23.438671, Logical Clock: 157, To: Machine on port 10001
2025-03-04 12:08:23,693 - INTERNAL - System Time: 2025-03-04 12:08:23.692811, Logical Clock: 158
2025-03-04 12:08:23,948 - RECEIVE - System Time: 2025-03-04 12:08:23.947805, Logical Clock: 160, Queue Length: 0, From: Machine 2
2025-03-04 12:08:24,199 - INTERNAL - System Time: 2025-03-04 12:08:24.199153, Logical Clock: 161
2025-03-04 12:08:24,454 - INTERNAL - System Time: 2025-03-04 12:08:24.454158, Logical Clock: 162
2025-03-04 12:08:24,709 - SEND - System Time: 2025-03-04 12:08:24.709272, Logical Clock: 163, To: Machine on port 10002
2025-03-04 12:08:24,961 - INTERNAL - System Time: 2025-03-04 12:08:24.961383, Logical Clock: 164
2025-03-04 12:08:25,216 - INTERNAL - System Time: 2025-03-04 12:08:25.216265, Logical Clock: 165
2025-03-04 12:08:25,473 - INTERNAL - System Time: 2025-03-04 12:08:25.472555, Logical Clock: 166
2025-03-04 12:08:25,733 - INTERNAL - System Time: 2025-03-04 12:08:25.725705, Logical Clock: 167
2025-03-04 12:08:25,986 - INTERNAL - System Time: 2025-03-04 12:08:25.986675, Logical Clock: 168
2025-03-04 12:08:26,241 - RECEIVE - System Time: 2025-03-04 12:08:26.241556, Logical Clock: 170, Queue Length: 0, From: Machine 3
2025-03-04 12:08:26,516 - SEND - System Time: 2025-03-04 12:08:26.515711, Logical Clock: 171, To: Machine on port 10001
2025-03-04 12:08:26,786 - SEND - System Time: 2025-03-04 12:08:26.785909, Logical Clock: 172, To: Machine on port 10001
2025-03-04 12:08:27,040 - INTERNAL - System Time: 2025-03-04 12:08:27.039852, Logical Clock: 173
2025-03-04 12:08:27,294 - INTERNAL - System Time: 2025-03-04 12:08:27.294114, Logical Clock: 174
2025-03-04 12:08:27,549 - INTERNAL - System Time: 2025-03-04 12:08:27.549592, Logical Clock: 175
2025-03-04 12:08:27,806 - SEND - System Time: 2025-03-04 12:08:27.805696, Logical Clock: 176, To: Machine on port 10001
2025-03-04 12:08:28,062 - RECEIVE - System Time: 2025-03-04 12:08:28.062465, Logical Clock: 177, Queue Length: 0, From: Machine 3
2025-03-04 12:08:28,317 - RECEIVE - System Time: 2025-03-04 12:08:28.317175, Logical Clock: 178, Queue Length: 0, From: Machine 3
2025-03-04 12:08:28,572 - RECEIVE - System Time: 2025-03-04 12:08:28.572191, Logical Clock: 180, Queue Length: 0, From: Machine 2
2025-03-04 12:08:28,827 - INTERNAL - System Time: 2025-03-04 12:08:28.827200, Logical Clock: 181
2025-03-04 12:08:29,078 - SEND - System Time: 2025-03-04 12:08:29.078100, Logical Clock: 182, To: Machine on port 10002
2025-03-04 12:08:29,329 - INTERNAL - System Time: 2025-03-04 12:08:29.329561, Logical Clock: 183
2025-03-04 12:08:29,584 - SEND - System Time: 2025-03-04 12:08:29.584771, Logical Clock: 184, To: Machine on port 10002
2025-03-04 12:08:29,839 - INTERNAL - System Time: 2025-03-04 12:08:29.839274, Logical Clock: 185
2025-03-04 12:08:30,094 - RECEIVE - System Time: 2025-03-04 12:08:30.094202, Logical Clock: 186, Queue Length: 0, From: Machine 2
2025-03-04 12:08:30,346 - RECEIVE - System Time: 2025-03-04 12:08:30.346106, Logical Clock: 188, Queue Length: 1, From: Machine 3
2025-03-04 12:08:30,599 - RECEIVE - System Time: 2025-03-04 12:08:30.599723, Logical Clock: 189, Queue Length: 0, From: Machine 2
2025-03-04 12:08:30,851 - INTERNAL - System Time: 2025-03-04 12:08:30.851591, Logical Clock: 190
2025-03-04 12:08:31,107 - INTERNAL - System Time: 2025-03-04 12:08:31.106862, Logical Clock: 191
2025-03-04 12:08:31,362 - RECEIVE - System Time: 2025-03-04 12:08:31.362221, Logical Clock: 193, Queue Length: 0, From: Machine 2
2025-03-04 12:08:31,617 - INTERNAL - System Time: 2025-03-04 12:08:31.617635, Logical Clock: 194
2025-03-04 12:08:31,872 - RECEIVE - System Time: 2025-03-04 12:08:31.872385, Logical Clock: 195, Queue Length: 1, From: Machine 3
2025-03-04 12:08:32,123 - RECEIVE - System Time: 2025-03-04 12:08:32.123633, Logical Clock: 196, Queue Length: 0, From: Machine 2
2025-03-04 12:08:32,375 - RECEIVE - System Time: 2025-03-04 12:08:32.375539, Logical Clock: 197, Queue Length: 0, From: Machine 2
2025-03-04 12:08:32,630 - INTERNAL - System Time: 2025-03-04 12:08:32.630168, Logical Clock: 198
2025-03-04 12:08:32,885 - INTERNAL - System Time: 2025-03-04 12:08:32.885396, Logical Clock: 199
2025-03-04 12:08:33,138 - INTERNAL - System Time: 2025-03-04 12:08:33.138583, Logical Clock: 200
2025-03-04 12:08:33,389 - INTERNAL - System Time: 2025-03-04 12:08:33.389639, Logical Clock: 201
2025-03-04 12:08:33,641 - INTERNAL - System Time: 2025-03-04 12:08:33.641154, Logical Clock: 202
2025-03-04 12:08:33,894 - INTERNAL - System Time: 2025-03-04 12:08:33.894153, Logical Clock: 203
2025-03-04 12:08:34,146 - INTERNAL - System Time: 2025-03-04 12:08:34.145711, Logical Clock: 204
2025-03-04 12:08:34,400 - SEND - System Time: 2025-03-04 12:08:34.400786, Logical Clock: 205, To: Machine on port 10001
2025-03-04 12:08:34,656 - INTERNAL - System Time: 2025-03-04 12:08:34.656044, Logical Clock: 206
2025-03-04 12:08:34,911 - INTERNAL - System Time: 2025-03-04 12:08:34.911554, Logical Clock: 207
2025-03-04 12:08:35,166 - INTERNAL - System Time: 2025-03-04 12:08:35.166305, Logical Clock: 208
2025-03-04 12:08:35,417 - INTERNAL - System Time: 2025-03-04 12:08:35.417130, Logical Clock: 209
2025-03-04 12:08:35,672 - INTERNAL - System Time: 2025-03-04 12:08:35.672779, Logical Clock: 210
2025-03-04 12:08:35,925 - INTERNAL - System Time: 2025-03-04 12:08:35.925787, Logical Clock: 211
2025-03-04 12:08:36,179 - INTERNAL - System Time: 2025-03-04 12:08:36.179447, Logical Clock: 212
2025-03-04 12:08:36,435 - RECEIVE - System Time: 2025-03-04 12:08:36.435045, Logical Clock: 214, Queue Length: 0, From: Machine 2
2025-03-04 12:08:36,690 - INTERNAL - System Time: 2025-03-04 12:08:36.690313, Logical Clock: 215
2025-03-04 12:08:36,945 - INTERNAL - System Time: 2025-03-04 12:08:36.945667, Logical Clock: 216
2025-03-04 12:08:37,200 - RECEIVE - System Time: 2025-03-04 12:08:37.199928, Logical Clock: 217, Queue Length: 0, From: Machine 3
2025-03-04 12:08:37,452 - INTERNAL - System Time: 2025-03-04 12:08:37.451984, Logical Clock: 218
2025-03-04 12:08:37,705 - INTERNAL - System Time: 2025-03-04 12:08:37.705708, Logical Clock: 219
2025-03-04 12:08:37,959 - INTERNAL - System Time: 2025-03-04 12:08:37.959887, Logical Clock: 220
2025-03-04 12:08:38,215 - INTERNAL - System Time: 2025-03-04 12:08:38.215669, Logical Clock: 221
2025-03-04 12:08:38,471 - INTERNAL - System Time: 2025-03-04 12:08:38.471271, Logical Clock: 222
2025-03-04 12:08:38,726 - SEND - System Time: 2025-03-04 12:08:38.726343, Logical Clock: 223, To: Machine on port 10002
2025-03-04 12:08:38,981 - RECEIVE - System Time: 2025-03-04 12:08:38.981719, Logical Clock: 224, Queue Length: 0, From: Machine 2
2025-03-04 12:08:39,234 - INTERNAL - System Time: 2025-03-04 12:08:39.234627, Logical Clock: 225
2025-03-04 12:08:39,490 - INTERNAL - System Time: 2025-03-04 12:08:39.490646, Logical Clock: 226
2025-03-04 12:08:39,741 - RECEIVE - System Time: 2025-03-04 12:08:39.741486, Logical Clock: 229, Queue Length: 0, From: Machine 2
2025-03-04 12:08:39,994 - INTERNAL - System Time: 2025-03-04 12:08:39.993750, Logical Clock: 230
2025-03-04 12:08:40,247 - RECEIVE - System Time: 2025-03-04 12:08:40.246948, Logical Clock: 231, Queue Length: 0, From: Machine 2
2025-03-04 12:08:40,499 - INTERNAL - System Time: 2025-03-04 12:08:40.499575, Logical Clock: 232
2025-03-04 12:08:40,754 - RECEIVE - System Time: 2025-03-04 12:08:40.754429, Logical Clock: 233, Queue Length: 0, From: Machine 2
2025-03-04 12:08:41,008 - INTERNAL - System Time: 2025-03-04 12:08:41.008426, Logical Clock: 234
2025-03-04 12:08:41,260 - INTERNAL - System Time: 2025-03-04 12:08:41.259939, Logical Clock: 235
2025-03-04 12:08:41,513 - INTERNAL - System Time: 2025-03-04 12:08:41.513747, Logical Clock: 236
2025-03-04 12:08:41,769 - INTERNAL - System Time: 2025-03-04 12:08:41.769430, Logical Clock: 237
2025-03-04 12:08:42,022 - SEND - System Time: 2025-03-04 12:08:42.022291, Logical Clock: 238, To: Machine on port 10002
2025-03-04 12:08:42,276 - INTERNAL - System Time: 2025-03-04 12:08:42.276374, Logical Clock: 239
2025-03-04 12:08:42,534 - INTERNAL - System Time: 2025-03-04 12:08:42.534504, Logical Clock: 240
2025-03-04 12:08:42,787 - SEND - System Time: 2025-03-04 12:08:42.787602, Logical Clock: 241, To: Machine on port 10001
2025-03-04 12:08:43,038 - INTERNAL - System Time: 2025-03-04 12:08:43.038406, Logical Clock: 242
2025-03-04 12:08:43,291 - INTERNAL - System Time: 2025-03-04 12:08:43.290709, Logical Clock: 243
2025-03-04 12:08:43,545 - INTERNAL - System Time: 2025-03-04 12:08:43.544967, Logical Clock: 244
2025-03-04 12:08:43,802 - SEND - System Time: 2025-03-04 12:08:43.801621, Logical Clock: 245, To: Machine on port 10002
2025-03-04 12:08:44,054 - INTERNAL - System Time: 2025-03-04 12:08:44.054523, Logical Clock: 246
2025-03-04 12:08:44,310 - INTERNAL - System Time: 2025-03-04 12:08:44.310298, Logical Clock: 247
2025-03-04 12:08:44,563 - INTERNAL - System Time: 2025-03-04 12:08:44.563317, Logical Clock: 248
2025-03-04 12:08:44,818 - INTERNAL - System Time: 2025-03-04 12:08:44.818065, Logical Clock: 249
2025-03-04 12:08:45,071 - SEND - System Time: 2025-03-04 12:08:45.071241, Logical Clock: 250, To: Machine on port 10002
2025-03-04 12:08:45,326 - INTERNAL - System Time: 2025-03-04 12:08:45.326566, Logical Clock: 251
2025-03-04 12:08:45,578 - RECEIVE - System Time: 2025-03-04 12:08:45.577983, Logical Clock: 253, Queue Length: 0, From: Machine 3
2025-03-04 12:08:45,832 - INTERNAL - System Time: 2025-03-04 12:08:45.831915, Logical Clock: 254
2025-03-04 12:08:46,087 - INTERNAL - System Time: 2025-03-04 12:08:46.087036, Logical Clock: 255
2025-03-04 12:08:46,341 - INTERNAL - System Time: 2025-03-04 12:08:46.340766, Logical Clock: 256
2025-03-04 12:08:46,595 - RECEIVE - System Time: 2025-03-04 12:08:46.595130, Logical Clock: 257, Queue Length: 0, From: Machine 2
