2025-03-01 13:41:00,729 - Virtual Machine 3 initialized
2025-03-01 13:41:00,729 - Clock Rate: 1 ticks/second
2025-03-01 13:41:00,729 - Listening on port: 10002
2025-03-01 13:41:00,729 - Peer ports: [10000, 10001]
2025-03-01 13:41:00,731 - Network initialization completed
2025-03-01 13:41:00,731 - Starting main event loop
2025-03-01 13:41:00,731 - Clock rate: 1 ticks/second
2025-03-01 13:41:00,731 - INTERNAL - System Time: 2025-03-01 13:41:00.731315, Logical Clock: 1
2025-03-01 13:41:00,738 - Accepted connection from ('127.0.0.1', 50336)
2025-03-01 13:41:01,225 - Accepted connection from ('127.0.0.1', 50368)
2025-03-01 13:41:01,735 - RECEIVE - System Time: 2025-03-01 13:41:01.735260, Logical Clock: 2, Queue Length: 0, From: Machine 2
2025-03-01 13:41:02,744 - RECEIVE - System Time: 2025-03-01 13:41:02.743548, Logical Clock: 7, Queue Length: 1, From: Machine 2
2025-03-01 13:41:03,749 - RECEIVE - System Time: 2025-03-01 13:41:03.749332, Logical Clock: 9, Queue Length: 2, From: Machine 1
2025-03-01 13:41:04,752 - RECEIVE - System Time: 2025-03-01 13:41:04.752758, Logical Clock: 12, Queue Length: 3, From: Machine 1
2025-03-01 13:41:05,753 - RECEIVE - System Time: 2025-03-01 13:41:05.753790, Logical Clock: 16, Queue Length: 2, From: Machine 2
2025-03-01 13:41:06,755 - RECEIVE - System Time: 2025-03-01 13:41:06.755696, Logical Clock: 19, Queue Length: 5, From: Machine 2
2025-03-01 13:41:07,759 - RECEIVE - System Time: 2025-03-01 13:41:07.759750, Logical Clock: 20, Queue Length: 4, From: Machine 1
2025-03-01 13:41:08,760 - RECEIVE - System Time: 2025-03-01 13:41:08.760953, Logical Clock: 22, Queue Length: 4, From: Machine 1
2025-03-01 13:41:09,762 - RECEIVE - System Time: 2025-03-01 13:41:09.762491, Logical Clock: 27, Queue Length: 6, From: Machine 2
2025-03-01 13:41:10,764 - RECEIVE - System Time: 2025-03-01 13:41:10.764254, Logical Clock: 28, Queue Length: 7, From: Machine 1
2025-03-01 13:41:11,769 - RECEIVE - System Time: 2025-03-01 13:41:11.769561, Logical Clock: 29, Queue Length: 8, From: Machine 1
2025-03-01 13:41:12,773 - RECEIVE - System Time: 2025-03-01 13:41:12.773611, Logical Clock: 30, Queue Length: 7, From: Machine 1
2025-03-01 13:41:13,777 - RECEIVE - System Time: 2025-03-01 13:41:13.777245, Logical Clock: 41, Queue Length: 8, From: Machine 2
2025-03-01 13:41:14,779 - RECEIVE - System Time: 2025-03-01 13:41:14.779626, Logical Clock: 42, Queue Length: 9, From: Machine 1
2025-03-01 13:41:15,781 - RECEIVE - System Time: 2025-03-01 13:41:15.781425, Logical Clock: 43, Queue Length: 9, From: Machine 1
2025-03-01 13:41:16,786 - RECEIVE - System Time: 2025-03-01 13:41:16.786666, Logical Clock: 44, Queue Length: 8, From: Machine 1
2025-03-01 13:41:17,790 - RECEIVE - System Time: 2025-03-01 13:41:17.790639, Logical Clock: 45, Queue Length: 9, From: Machine 1
2025-03-01 13:41:18,796 - RECEIVE - System Time: 2025-03-01 13:41:18.795956, Logical Clock: 46, Queue Length: 9, From: Machine 1
2025-03-01 13:41:19,796 - RECEIVE - System Time: 2025-03-01 13:41:19.796711, Logical Clock: 47, Queue Length: 9, From: Machine 1
2025-03-01 13:41:20,798 - RECEIVE - System Time: 2025-03-01 13:41:20.798235, Logical Clock: 51, Queue Length: 9, From: Machine 1
2025-03-01 13:41:21,803 - RECEIVE - System Time: 2025-03-01 13:41:21.803513, Logical Clock: 65, Queue Length: 11, From: Machine 2
2025-03-01 13:41:22,808 - RECEIVE - System Time: 2025-03-01 13:41:22.807976, Logical Clock: 66, Queue Length: 14, From: Machine 1
2025-03-01 13:41:23,812 - RECEIVE - System Time: 2025-03-01 13:41:23.812240, Logical Clock: 70, Queue Length: 14, From: Machine 2
2025-03-01 13:41:24,814 - RECEIVE - System Time: 2025-03-01 13:41:24.814857, Logical Clock: 73, Queue Length: 15, From: Machine 2
2025-03-01 13:41:25,815 - RECEIVE - System Time: 2025-03-01 13:41:25.815662, Logical Clock: 83, Queue Length: 16, From: Machine 2
2025-03-01 13:41:26,817 - RECEIVE - System Time: 2025-03-01 13:41:26.817812, Logical Clock: 84, Queue Length: 15, From: Machine 1
2025-03-01 13:41:27,821 - RECEIVE - System Time: 2025-03-01 13:41:27.820986, Logical Clock: 85, Queue Length: 17, From: Machine 1
2025-03-01 13:41:28,821 - RECEIVE - System Time: 2025-03-01 13:41:28.821837, Logical Clock: 94, Queue Length: 17, From: Machine 2
2025-03-01 13:41:29,823 - RECEIVE - System Time: 2025-03-01 13:41:29.823160, Logical Clock: 98, Queue Length: 17, From: Machine 2
2025-03-01 13:41:30,827 - RECEIVE - System Time: 2025-03-01 13:41:30.827030, Logical Clock: 100, Queue Length: 18, From: Machine 2
2025-03-01 13:41:31,829 - RECEIVE - System Time: 2025-03-01 13:41:31.829739, Logical Clock: 101, Queue Length: 17, From: Machine 2
2025-03-01 13:41:32,836 - RECEIVE - System Time: 2025-03-01 13:41:32.835363, Logical Clock: 102, Queue Length: 19, From: Machine 1
2025-03-01 13:41:33,840 - RECEIVE - System Time: 2025-03-01 13:41:33.840611, Logical Clock: 106, Queue Length: 21, From: Machine 2
2025-03-01 13:41:34,841 - RECEIVE - System Time: 2025-03-01 13:41:34.841202, Logical Clock: 107, Queue Length: 20, From: Machine 1
2025-03-01 13:41:35,843 - RECEIVE - System Time: 2025-03-01 13:41:35.842877, Logical Clock: 108, Queue Length: 21, From: Machine 2
2025-03-01 13:41:36,848 - RECEIVE - System Time: 2025-03-01 13:41:36.847939, Logical Clock: 109, Queue Length: 21, From: Machine 1
2025-03-01 13:41:37,853 - RECEIVE - System Time: 2025-03-01 13:41:37.853591, Logical Clock: 110, Queue Length: 21, From: Machine 1
2025-03-01 13:41:38,859 - RECEIVE - System Time: 2025-03-01 13:41:38.859259, Logical Clock: 111, Queue Length: 24, From: Machine 1
2025-03-01 13:41:39,861 - RECEIVE - System Time: 2025-03-01 13:41:39.861239, Logical Clock: 119, Queue Length: 24, From: Machine 2
2025-03-01 13:41:40,863 - RECEIVE - System Time: 2025-03-01 13:41:40.863789, Logical Clock: 120, Queue Length: 23, From: Machine 1
2025-03-01 13:41:41,865 - RECEIVE - System Time: 2025-03-01 13:41:41.865227, Logical Clock: 121, Queue Length: 23, From: Machine 1
2025-03-01 13:41:42,868 - RECEIVE - System Time: 2025-03-01 13:41:42.867944, Logical Clock: 131, Queue Length: 22, From: Machine 2
2025-03-01 13:41:43,870 - RECEIVE - System Time: 2025-03-01 13:41:43.870234, Logical Clock: 132, Queue Length: 22, From: Machine 1
2025-03-01 13:41:44,873 - RECEIVE - System Time: 2025-03-01 13:41:44.873207, Logical Clock: 133, Queue Length: 22, From: Machine 1
2025-03-01 13:41:45,876 - RECEIVE - System Time: 2025-03-01 13:41:45.875974, Logical Clock: 138, Queue Length: 23, From: Machine 2
2025-03-01 13:41:46,881 - RECEIVE - System Time: 2025-03-01 13:41:46.881312, Logical Clock: 139, Queue Length: 24, From: Machine 1
2025-03-01 13:41:47,884 - RECEIVE - System Time: 2025-03-01 13:41:47.884208, Logical Clock: 140, Queue Length: 24, From: Machine 1
2025-03-01 13:41:48,889 - RECEIVE - System Time: 2025-03-01 13:41:48.889611, Logical Clock: 141, Queue Length: 24, From: Machine 1
2025-03-01 13:41:49,891 - RECEIVE - System Time: 2025-03-01 13:41:49.891591, Logical Clock: 155, Queue Length: 24, From: Machine 2
2025-03-01 13:41:50,893 - RECEIVE - System Time: 2025-03-01 13:41:50.893032, Logical Clock: 157, Queue Length: 25, From: Machine 2
2025-03-01 13:41:51,896 - RECEIVE - System Time: 2025-03-01 13:41:51.896848, Logical Clock: 158, Queue Length: 26, From: Machine 2
2025-03-01 13:41:52,898 - RECEIVE - System Time: 2025-03-01 13:41:52.898153, Logical Clock: 159, Queue Length: 27, From: Machine 1
2025-03-01 13:41:53,903 - RECEIVE - System Time: 2025-03-01 13:41:53.903058, Logical Clock: 160, Queue Length: 29, From: Machine 1
2025-03-01 13:41:54,908 - RECEIVE - System Time: 2025-03-01 13:41:54.908237, Logical Clock: 163, Queue Length: 29, From: Machine 2
2025-03-01 13:41:55,910 - RECEIVE - System Time: 2025-03-01 13:41:55.910742, Logical Clock: 164, Queue Length: 31, From: Machine 1
2025-03-01 13:41:56,915 - RECEIVE - System Time: 2025-03-01 13:41:56.915524, Logical Clock: 173, Queue Length: 31, From: Machine 2
2025-03-01 13:41:57,921 - RECEIVE - System Time: 2025-03-01 13:41:57.921067, Logical Clock: 174, Queue Length: 32, From: Machine 1
2025-03-01 13:41:58,924 - RECEIVE - System Time: 2025-03-01 13:41:58.924495, Logical Clock: 180, Queue Length: 33, From: Machine 2
2025-03-01 13:41:59,927 - RECEIVE - System Time: 2025-03-01 13:41:59.926895, Logical Clock: 186, Queue Length: 32, From: Machine 2
2025-03-01 13:42:00,932 - RECEIVE - System Time: 2025-03-01 13:42:00.932350, Logical Clock: 187, Queue Length: 34, From: Machine 1
