2025-03-01 13:41:00,217 - Virtual Machine 2 initialized
2025-03-01 13:41:00,217 - Clock Rate: 5 ticks/second
2025-03-01 13:41:00,217 - Listening on port: 10001
2025-03-01 13:41:00,217 - Peer ports: [10000, 10002]
2025-03-01 13:41:00,738 - Accepted connection from ('127.0.0.1', 50335)
2025-03-01 13:41:01,225 - Connected to peer on port 10002
2025-03-01 13:41:01,225 - Network initialization completed
2025-03-01 13:41:01,225 - Starting main event loop
2025-03-01 13:41:01,225 - Clock rate: 5 ticks/second
2025-03-01 13:41:01,225 - SEND - System Time: 2025-03-01 13:41:01.225707, Logical Clock: 1, To: Machine on port 10002
2025-03-01 13:41:01,426 - RECEIVE - System Time: 2025-03-01 13:41:01.426496, Logical Clock: 4, Queue Length: 0, From: Machine 1
2025-03-01 13:41:01,629 - INTERNAL - System Time: 2025-03-01 13:41:01.629577, Logical Clock: 5
2025-03-01 13:41:01,835 - No connection to port 10000
2025-03-01 13:41:01,852 - SEND - System Time: 2025-03-01 13:41:01.835357, Logical Clock: 6, To: Machine on port 10002
2025-03-01 13:41:02,069 - No connection to port 10000
2025-03-01 13:41:02,271 - No connection to port 10000
2025-03-01 13:41:02,474 - INTERNAL - System Time: 2025-03-01 13:41:02.474450, Logical Clock: 9
2025-03-01 13:41:02,679 - RECEIVE - System Time: 2025-03-01 13:41:02.679767, Logical Clock: 10, Queue Length: 0, From: Machine 1
2025-03-01 13:41:02,885 - RECEIVE - System Time: 2025-03-01 13:41:02.885304, Logical Clock: 11, Queue Length: 0, From: Machine 1
2025-03-01 13:41:03,089 - INTERNAL - System Time: 2025-03-01 13:41:03.089157, Logical Clock: 12
2025-03-01 13:41:03,290 - INTERNAL - System Time: 2025-03-01 13:41:03.290578, Logical Clock: 13
2025-03-01 13:41:03,495 - INTERNAL - System Time: 2025-03-01 13:41:03.495808, Logical Clock: 14
2025-03-01 13:41:03,701 - No connection to port 10000
2025-03-01 13:41:03,701 - SEND - System Time: 2025-03-01 13:41:03.701112, Logical Clock: 15, To: Machine on port 10002
2025-03-01 13:41:03,905 - No connection to port 10000
2025-03-01 13:41:04,110 - INTERNAL - System Time: 2025-03-01 13:41:04.110917, Logical Clock: 17
2025-03-01 13:41:04,313 - SEND - System Time: 2025-03-01 13:41:04.313084, Logical Clock: 18, To: Machine on port 10002
2025-03-01 13:41:04,514 - INTERNAL - System Time: 2025-03-01 13:41:04.514318, Logical Clock: 19
2025-03-01 13:41:04,717 - INTERNAL - System Time: 2025-03-01 13:41:04.717688, Logical Clock: 20
2025-03-01 13:41:04,919 - RECEIVE - System Time: 2025-03-01 13:41:04.919104, Logical Clock: 21, Queue Length: 0, From: Machine 1
2025-03-01 13:41:05,121 - INTERNAL - System Time: 2025-03-01 13:41:05.120969, Logical Clock: 22
2025-03-01 13:41:05,326 - INTERNAL - System Time: 2025-03-01 13:41:05.326140, Logical Clock: 23
2025-03-01 13:41:05,528 - INTERNAL - System Time: 2025-03-01 13:41:05.528144, Logical Clock: 24
2025-03-01 13:41:05,733 - INTERNAL - System Time: 2025-03-01 13:41:05.733322, Logical Clock: 25
2025-03-01 13:41:05,938 - SEND - System Time: 2025-03-01 13:41:05.938657, Logical Clock: 26, To: Machine on port 10002
2025-03-01 13:41:06,140 - INTERNAL - System Time: 2025-03-01 13:41:06.140579, Logical Clock: 27
2025-03-01 13:41:06,341 - RECEIVE - System Time: 2025-03-01 13:41:06.341312, Logical Clock: 28, Queue Length: 0, From: Machine 1
2025-03-01 13:41:06,541 - INTERNAL - System Time: 2025-03-01 13:41:06.541770, Logical Clock: 29
2025-03-01 13:41:06,742 - RECEIVE - System Time: 2025-03-01 13:41:06.742850, Logical Clock: 30, Queue Length: 0, From: Machine 1
2025-03-01 13:41:06,946 - INTERNAL - System Time: 2025-03-01 13:41:06.946593, Logical Clock: 31
2025-03-01 13:41:07,152 - INTERNAL - System Time: 2025-03-01 13:41:07.151940, Logical Clock: 32
2025-03-01 13:41:07,356 - INTERNAL - System Time: 2025-03-01 13:41:07.356329, Logical Clock: 33
2025-03-01 13:41:07,559 - INTERNAL - System Time: 2025-03-01 13:41:07.558675, Logical Clock: 34
2025-03-01 13:41:07,763 - INTERNAL - System Time: 2025-03-01 13:41:07.763914, Logical Clock: 35
2025-03-01 13:41:07,969 - RECEIVE - System Time: 2025-03-01 13:41:07.969086, Logical Clock: 36, Queue Length: 0, From: Machine 1
2025-03-01 13:41:08,174 - No connection to port 10000
2025-03-01 13:41:08,379 - INTERNAL - System Time: 2025-03-01 13:41:08.379554, Logical Clock: 38
2025-03-01 13:41:08,581 - INTERNAL - System Time: 2025-03-01 13:41:08.581725, Logical Clock: 39
2025-03-01 13:41:08,787 - SEND - System Time: 2025-03-01 13:41:08.786989, Logical Clock: 40, To: Machine on port 10002
2025-03-01 13:41:08,989 - RECEIVE - System Time: 2025-03-01 13:41:08.989208, Logical Clock: 41, Queue Length: 0, From: Machine 1
2025-03-01 13:41:09,190 - No connection to port 10000
2025-03-01 13:41:09,391 - INTERNAL - System Time: 2025-03-01 13:41:09.391883, Logical Clock: 43
2025-03-01 13:41:09,597 - INTERNAL - System Time: 2025-03-01 13:41:09.597204, Logical Clock: 44
2025-03-01 13:41:09,803 - INTERNAL - System Time: 2025-03-01 13:41:09.803158, Logical Clock: 45
2025-03-01 13:41:10,008 - RECEIVE - System Time: 2025-03-01 13:41:10.008444, Logical Clock: 46, Queue Length: 0, From: Machine 1
2025-03-01 13:41:10,214 - RECEIVE - System Time: 2025-03-01 13:41:10.214308, Logical Clock: 47, Queue Length: 0, From: Machine 1
2025-03-01 13:41:10,419 - No connection to port 10000
2025-03-01 13:41:10,624 - INTERNAL - System Time: 2025-03-01 13:41:10.624823, Logical Clock: 49
2025-03-01 13:41:10,827 - INTERNAL - System Time: 2025-03-01 13:41:10.827891, Logical Clock: 50
2025-03-01 13:41:11,029 - INTERNAL - System Time: 2025-03-01 13:41:11.029433, Logical Clock: 51
2025-03-01 13:41:11,229 - INTERNAL - System Time: 2025-03-01 13:41:11.229667, Logical Clock: 52
2025-03-01 13:41:11,434 - INTERNAL - System Time: 2025-03-01 13:41:11.434864, Logical Clock: 53
2025-03-01 13:41:11,640 - INTERNAL - System Time: 2025-03-01 13:41:11.640081, Logical Clock: 54
2025-03-01 13:41:11,841 - INTERNAL - System Time: 2025-03-01 13:41:11.840946, Logical Clock: 55
2025-03-01 13:41:12,043 - INTERNAL - System Time: 2025-03-01 13:41:12.043071, Logical Clock: 56
2025-03-01 13:41:12,248 - INTERNAL - System Time: 2025-03-01 13:41:12.248389, Logical Clock: 57
2025-03-01 13:41:12,452 - INTERNAL - System Time: 2025-03-01 13:41:12.452745, Logical Clock: 58
2025-03-01 13:41:12,656 - INTERNAL - System Time: 2025-03-01 13:41:12.656104, Logical Clock: 59
2025-03-01 13:41:12,859 - INTERNAL - System Time: 2025-03-01 13:41:12.859877, Logical Clock: 60
2025-03-01 13:41:13,062 - RECEIVE - System Time: 2025-03-01 13:41:13.062326, Logical Clock: 61, Queue Length: 0, From: Machine 1
2025-03-01 13:41:13,267 - RECEIVE - System Time: 2025-03-01 13:41:13.267550, Logical Clock: 62, Queue Length: 0, From: Machine 1
2025-03-01 13:41:13,472 - INTERNAL - System Time: 2025-03-01 13:41:13.472748, Logical Clock: 63
2025-03-01 13:41:13,678 - SEND - System Time: 2025-03-01 13:41:13.678033, Logical Clock: 64, To: Machine on port 10002
2025-03-01 13:41:13,883 - INTERNAL - System Time: 2025-03-01 13:41:13.883314, Logical Clock: 65
2025-03-01 13:41:14,087 - RECEIVE - System Time: 2025-03-01 13:41:14.086588, Logical Clock: 66, Queue Length: 0, From: Machine 1
2025-03-01 13:41:14,293 - RECEIVE - System Time: 2025-03-01 13:41:14.292620, Logical Clock: 67, Queue Length: 0, From: Machine 1
2025-03-01 13:41:14,497 - No connection to port 10000
2025-03-01 13:41:14,702 - SEND - System Time: 2025-03-01 13:41:14.702537, Logical Clock: 69, To: Machine on port 10002
2025-03-01 13:41:14,904 - INTERNAL - System Time: 2025-03-01 13:41:14.904294, Logical Clock: 70
2025-03-01 13:41:15,109 - No connection to port 10000
2025-03-01 13:41:15,315 - No connection to port 10000
2025-03-01 13:41:15,315 - SEND - System Time: 2025-03-01 13:41:15.315147, Logical Clock: 72, To: Machine on port 10002
2025-03-01 13:41:15,517 - INTERNAL - System Time: 2025-03-01 13:41:15.517800, Logical Clock: 73
2025-03-01 13:41:15,721 - INTERNAL - System Time: 2025-03-01 13:41:15.721039, Logical Clock: 74
2025-03-01 13:41:15,923 - INTERNAL - System Time: 2025-03-01 13:41:15.923049, Logical Clock: 75
2025-03-01 13:41:16,125 - INTERNAL - System Time: 2025-03-01 13:41:16.125516, Logical Clock: 76
2025-03-01 13:41:16,326 - INTERNAL - System Time: 2025-03-01 13:41:16.326517, Logical Clock: 77
2025-03-01 13:41:16,531 - INTERNAL - System Time: 2025-03-01 13:41:16.531714, Logical Clock: 78
2025-03-01 13:41:16,733 - No connection to port 10000
2025-03-01 13:41:16,938 - INTERNAL - System Time: 2025-03-01 13:41:16.938829, Logical Clock: 80
2025-03-01 13:41:17,140 - INTERNAL - System Time: 2025-03-01 13:41:17.140609, Logical Clock: 81
2025-03-01 13:41:17,346 - SEND - System Time: 2025-03-01 13:41:17.345977, Logical Clock: 82, To: Machine on port 10002
2025-03-01 13:41:17,548 - INTERNAL - System Time: 2025-03-01 13:41:17.548409, Logical Clock: 83
2025-03-01 13:41:17,752 - INTERNAL - System Time: 2025-03-01 13:41:17.752075, Logical Clock: 84
2025-03-01 13:41:17,957 - INTERNAL - System Time: 2025-03-01 13:41:17.957668, Logical Clock: 85
2025-03-01 13:41:18,163 - INTERNAL - System Time: 2025-03-01 13:41:18.163053, Logical Clock: 86
2025-03-01 13:41:18,364 - RECEIVE - System Time: 2025-03-01 13:41:18.364382, Logical Clock: 87, Queue Length: 0, From: Machine 1
2025-03-01 13:41:18,569 - INTERNAL - System Time: 2025-03-01 13:41:18.569231, Logical Clock: 88
2025-03-01 13:41:18,774 - INTERNAL - System Time: 2025-03-01 13:41:18.774099, Logical Clock: 89
2025-03-01 13:41:18,976 - INTERNAL - System Time: 2025-03-01 13:41:18.976540, Logical Clock: 90
2025-03-01 13:41:19,179 - No connection to port 10000
2025-03-01 13:41:19,385 - INTERNAL - System Time: 2025-03-01 13:41:19.385045, Logical Clock: 92
2025-03-01 13:41:19,589 - No connection to port 10000
2025-03-01 13:41:19,590 - SEND - System Time: 2025-03-01 13:41:19.589795, Logical Clock: 93, To: Machine on port 10002
2025-03-01 13:41:19,791 - No connection to port 10000
2025-03-01 13:41:19,995 - INTERNAL - System Time: 2025-03-01 13:41:19.995812, Logical Clock: 95
2025-03-01 13:41:20,196 - RECEIVE - System Time: 2025-03-01 13:41:20.196636, Logical Clock: 96, Queue Length: 0, From: Machine 1
2025-03-01 13:41:20,402 - SEND - System Time: 2025-03-01 13:41:20.401920, Logical Clock: 97, To: Machine on port 10002
2025-03-01 13:41:20,607 - INTERNAL - System Time: 2025-03-01 13:41:20.607712, Logical Clock: 98
2025-03-01 13:41:20,813 - No connection to port 10000
2025-03-01 13:41:20,813 - SEND - System Time: 2025-03-01 13:41:20.813308, Logical Clock: 99, To: Machine on port 10002
2025-03-01 13:41:21,018 - No connection to port 10000
2025-03-01 13:41:21,019 - SEND - System Time: 2025-03-01 13:41:21.018781, Logical Clock: 100, To: Machine on port 10002
2025-03-01 13:41:21,223 - INTERNAL - System Time: 2025-03-01 13:41:21.223110, Logical Clock: 101
2025-03-01 13:41:21,426 - RECEIVE - System Time: 2025-03-01 13:41:21.426518, Logical Clock: 102, Queue Length: 0, From: Machine 1
2025-03-01 13:41:21,629 - RECEIVE - System Time: 2025-03-01 13:41:21.629670, Logical Clock: 103, Queue Length: 0, From: Machine 1
2025-03-01 13:41:21,835 - No connection to port 10000
2025-03-01 13:41:22,040 - No connection to port 10000
2025-03-01 13:41:22,041 - SEND - System Time: 2025-03-01 13:41:22.040806, Logical Clock: 105, To: Machine on port 10002
2025-03-01 13:41:22,242 - RECEIVE - System Time: 2025-03-01 13:41:22.242009, Logical Clock: 106, Queue Length: 0, From: Machine 1
2025-03-01 13:41:22,447 - No connection to port 10000
2025-03-01 13:41:22,448 - SEND - System Time: 2025-03-01 13:41:22.447455, Logical Clock: 107, To: Machine on port 10002
2025-03-01 13:41:22,652 - INTERNAL - System Time: 2025-03-01 13:41:22.651938, Logical Clock: 108
2025-03-01 13:41:22,857 - RECEIVE - System Time: 2025-03-01 13:41:22.857147, Logical Clock: 109, Queue Length: 0, From: Machine 1
2025-03-01 13:41:23,062 - INTERNAL - System Time: 2025-03-01 13:41:23.062556, Logical Clock: 110
2025-03-01 13:41:23,264 - No connection to port 10000
2025-03-01 13:41:23,465 - INTERNAL - System Time: 2025-03-01 13:41:23.465034, Logical Clock: 112
2025-03-01 13:41:23,670 - INTERNAL - System Time: 2025-03-01 13:41:23.670454, Logical Clock: 113
2025-03-01 13:41:23,874 - INTERNAL - System Time: 2025-03-01 13:41:23.873912, Logical Clock: 114
2025-03-01 13:41:24,076 - INTERNAL - System Time: 2025-03-01 13:41:24.075930, Logical Clock: 115
2025-03-01 13:41:24,281 - RECEIVE - System Time: 2025-03-01 13:41:24.281301, Logical Clock: 116, Queue Length: 0, From: Machine 1
2025-03-01 13:41:24,486 - INTERNAL - System Time: 2025-03-01 13:41:24.486594, Logical Clock: 117
2025-03-01 13:41:24,692 - SEND - System Time: 2025-03-01 13:41:24.691915, Logical Clock: 118, To: Machine on port 10002
2025-03-01 13:41:24,893 - RECEIVE - System Time: 2025-03-01 13:41:24.893059, Logical Clock: 119, Queue Length: 0, From: Machine 1
2025-03-01 13:41:25,096 - INTERNAL - System Time: 2025-03-01 13:41:25.096257, Logical Clock: 120
2025-03-01 13:41:25,297 - INTERNAL - System Time: 2025-03-01 13:41:25.297279, Logical Clock: 121
2025-03-01 13:41:25,500 - INTERNAL - System Time: 2025-03-01 13:41:25.500055, Logical Clock: 122
2025-03-01 13:41:25,703 - No connection to port 10000
2025-03-01 13:41:25,905 - INTERNAL - System Time: 2025-03-01 13:41:25.905284, Logical Clock: 124
2025-03-01 13:41:26,107 - INTERNAL - System Time: 2025-03-01 13:41:26.107235, Logical Clock: 125
2025-03-01 13:41:26,312 - INTERNAL - System Time: 2025-03-01 13:41:26.312749, Logical Clock: 126
2025-03-01 13:41:26,514 - No connection to port 10000
2025-03-01 13:41:26,719 - RECEIVE - System Time: 2025-03-01 13:41:26.719549, Logical Clock: 128, Queue Length: 0, From: Machine 1
2025-03-01 13:41:26,920 - INTERNAL - System Time: 2025-03-01 13:41:26.920274, Logical Clock: 129
2025-03-01 13:41:27,123 - SEND - System Time: 2025-03-01 13:41:27.123265, Logical Clock: 130, To: Machine on port 10002
2025-03-01 13:41:27,324 - INTERNAL - System Time: 2025-03-01 13:41:27.324356, Logical Clock: 131
2025-03-01 13:41:27,525 - RECEIVE - System Time: 2025-03-01 13:41:27.525884, Logical Clock: 132, Queue Length: 0, From: Machine 1
2025-03-01 13:41:27,726 - RECEIVE - System Time: 2025-03-01 13:41:27.726636, Logical Clock: 133, Queue Length: 0, From: Machine 1
2025-03-01 13:41:27,932 - RECEIVE - System Time: 2025-03-01 13:41:27.931953, Logical Clock: 134, Queue Length: 0, From: Machine 1
2025-03-01 13:41:28,134 - INTERNAL - System Time: 2025-03-01 13:41:28.134681, Logical Clock: 135
2025-03-01 13:41:28,336 - RECEIVE - System Time: 2025-03-01 13:41:28.336482, Logical Clock: 136, Queue Length: 0, From: Machine 1
2025-03-01 13:41:28,541 - No connection to port 10000
2025-03-01 13:41:28,542 - SEND - System Time: 2025-03-01 13:41:28.541832, Logical Clock: 137, To: Machine on port 10002
2025-03-01 13:41:28,742 - INTERNAL - System Time: 2025-03-01 13:41:28.742625, Logical Clock: 138
2025-03-01 13:41:28,946 - INTERNAL - System Time: 2025-03-01 13:41:28.946775, Logical Clock: 139
2025-03-01 13:41:29,152 - INTERNAL - System Time: 2025-03-01 13:41:29.152104, Logical Clock: 140
2025-03-01 13:41:29,353 - INTERNAL - System Time: 2025-03-01 13:41:29.352877, Logical Clock: 141
2025-03-01 13:41:29,555 - RECEIVE - System Time: 2025-03-01 13:41:29.555717, Logical Clock: 142, Queue Length: 0, From: Machine 1
2025-03-01 13:41:29,759 - RECEIVE - System Time: 2025-03-01 13:41:29.756865, Logical Clock: 143, Queue Length: 0, From: Machine 1
2025-03-01 13:41:29,959 - INTERNAL - System Time: 2025-03-01 13:41:29.959772, Logical Clock: 144
2025-03-01 13:41:30,165 - INTERNAL - System Time: 2025-03-01 13:41:30.165065, Logical Clock: 145
2025-03-01 13:41:30,367 - INTERNAL - System Time: 2025-03-01 13:41:30.367791, Logical Clock: 146
2025-03-01 13:41:30,573 - RECEIVE - System Time: 2025-03-01 13:41:30.573290, Logical Clock: 147, Queue Length: 0, From: Machine 1
2025-03-01 13:41:30,776 - INTERNAL - System Time: 2025-03-01 13:41:30.776653, Logical Clock: 148
2025-03-01 13:41:30,980 - INTERNAL - System Time: 2025-03-01 13:41:30.980352, Logical Clock: 149
2025-03-01 13:41:31,181 - INTERNAL - System Time: 2025-03-01 13:41:31.181714, Logical Clock: 150
2025-03-01 13:41:31,385 - INTERNAL - System Time: 2025-03-01 13:41:31.385456, Logical Clock: 151
2025-03-01 13:41:31,589 - INTERNAL - System Time: 2025-03-01 13:41:31.589569, Logical Clock: 152
2025-03-01 13:41:31,792 - INTERNAL - System Time: 2025-03-01 13:41:31.792119, Logical Clock: 153
2025-03-01 13:41:31,996 - No connection to port 10000
2025-03-01 13:41:31,996 - SEND - System Time: 2025-03-01 13:41:31.996743, Logical Clock: 154, To: Machine on port 10002
2025-03-01 13:41:32,199 - INTERNAL - System Time: 2025-03-01 13:41:32.199111, Logical Clock: 155
2025-03-01 13:41:32,403 - No connection to port 10000
2025-03-01 13:41:32,403 - SEND - System Time: 2025-03-01 13:41:32.403023, Logical Clock: 156, To: Machine on port 10002
2025-03-01 13:41:32,605 - No connection to port 10000
2025-03-01 13:41:32,606 - SEND - System Time: 2025-03-01 13:41:32.605933, Logical Clock: 157, To: Machine on port 10002
2025-03-01 13:41:32,807 - INTERNAL - System Time: 2025-03-01 13:41:32.807245, Logical Clock: 158
2025-03-01 13:41:33,012 - RECEIVE - System Time: 2025-03-01 13:41:33.011048, Logical Clock: 159, Queue Length: 0, From: Machine 1
2025-03-01 13:41:33,217 - INTERNAL - System Time: 2025-03-01 13:41:33.217484, Logical Clock: 160
2025-03-01 13:41:33,417 - No connection to port 10000
2025-03-01 13:41:33,620 - No connection to port 10000
2025-03-01 13:41:33,620 - SEND - System Time: 2025-03-01 13:41:33.620651, Logical Clock: 162, To: Machine on port 10002
2025-03-01 13:41:33,821 - No connection to port 10000
2025-03-01 13:41:34,024 - INTERNAL - System Time: 2025-03-01 13:41:34.024492, Logical Clock: 164
2025-03-01 13:41:34,225 - INTERNAL - System Time: 2025-03-01 13:41:34.225742, Logical Clock: 165
2025-03-01 13:41:34,431 - INTERNAL - System Time: 2025-03-01 13:41:34.430960, Logical Clock: 166
2025-03-01 13:41:34,636 - INTERNAL - System Time: 2025-03-01 13:41:34.636284, Logical Clock: 167
2025-03-01 13:41:34,837 - INTERNAL - System Time: 2025-03-01 13:41:34.836955, Logical Clock: 168
2025-03-01 13:41:35,041 - INTERNAL - System Time: 2025-03-01 13:41:35.041433, Logical Clock: 169
2025-03-01 13:41:35,242 - No connection to port 10000
2025-03-01 13:41:35,443 - RECEIVE - System Time: 2025-03-01 13:41:35.443168, Logical Clock: 171, Queue Length: 0, From: Machine 1
2025-03-01 13:41:35,648 - SEND - System Time: 2025-03-01 13:41:35.648714, Logical Clock: 172, To: Machine on port 10002
2025-03-01 13:41:35,853 - INTERNAL - System Time: 2025-03-01 13:41:35.852950, Logical Clock: 173
2025-03-01 13:41:36,058 - INTERNAL - System Time: 2025-03-01 13:41:36.058420, Logical Clock: 174
2025-03-01 13:41:36,262 - INTERNAL - System Time: 2025-03-01 13:41:36.262678, Logical Clock: 175
2025-03-01 13:41:36,466 - No connection to port 10000
2025-03-01 13:41:36,671 - INTERNAL - System Time: 2025-03-01 13:41:36.671126, Logical Clock: 177
2025-03-01 13:41:36,873 - No connection to port 10000
2025-03-01 13:41:37,076 - No connection to port 10000
2025-03-01 13:41:37,077 - SEND - System Time: 2025-03-01 13:41:37.076709, Logical Clock: 179, To: Machine on port 10002
2025-03-01 13:41:37,279 - INTERNAL - System Time: 2025-03-01 13:41:37.279532, Logical Clock: 180
2025-03-01 13:41:37,480 - INTERNAL - System Time: 2025-03-01 13:41:37.480565, Logical Clock: 181
2025-03-01 13:41:37,681 - INTERNAL - System Time: 2025-03-01 13:41:37.681347, Logical Clock: 182
2025-03-01 13:41:37,886 - INTERNAL - System Time: 2025-03-01 13:41:37.885867, Logical Clock: 183
2025-03-01 13:41:38,090 - RECEIVE - System Time: 2025-03-01 13:41:38.090748, Logical Clock: 184, Queue Length: 0, From: Machine 1
2025-03-01 13:41:38,294 - SEND - System Time: 2025-03-01 13:41:38.294255, Logical Clock: 185, To: Machine on port 10002
2025-03-01 13:41:38,498 - RECEIVE - System Time: 2025-03-01 13:41:38.498444, Logical Clock: 186, Queue Length: 0, From: Machine 1
2025-03-01 13:41:38,703 - No connection to port 10000
2025-03-01 13:41:38,703 - SEND - System Time: 2025-03-01 13:41:38.703067, Logical Clock: 187, To: Machine on port 10002
2025-03-01 13:41:38,907 - RECEIVE - System Time: 2025-03-01 13:41:38.907566, Logical Clock: 188, Queue Length: 0, From: Machine 1
2025-03-01 13:41:39,111 - INTERNAL - System Time: 2025-03-01 13:41:39.111835, Logical Clock: 189
2025-03-01 13:41:39,314 - RECEIVE - System Time: 2025-03-01 13:41:39.314316, Logical Clock: 190, Queue Length: 0, From: Machine 1
2025-03-01 13:41:39,518 - INTERNAL - System Time: 2025-03-01 13:41:39.517854, Logical Clock: 191
2025-03-01 13:41:39,721 - INTERNAL - System Time: 2025-03-01 13:41:39.721025, Logical Clock: 192
2025-03-01 13:41:39,923 - INTERNAL - System Time: 2025-03-01 13:41:39.923289, Logical Clock: 193
2025-03-01 13:41:40,124 - INTERNAL - System Time: 2025-03-01 13:41:40.124086, Logical Clock: 194
2025-03-01 13:41:40,328 - INTERNAL - System Time: 2025-03-01 13:41:40.328719, Logical Clock: 195
2025-03-01 13:41:40,531 - INTERNAL - System Time: 2025-03-01 13:41:40.531761, Logical Clock: 196
2025-03-01 13:41:40,736 - RECEIVE - System Time: 2025-03-01 13:41:40.736293, Logical Clock: 197, Queue Length: 0, From: Machine 1
2025-03-01 13:41:40,941 - INTERNAL - System Time: 2025-03-01 13:41:40.941655, Logical Clock: 198
2025-03-01 13:41:41,147 - INTERNAL - System Time: 2025-03-01 13:41:41.147238, Logical Clock: 199
2025-03-01 13:41:41,350 - INTERNAL - System Time: 2025-03-01 13:41:41.350726, Logical Clock: 200
2025-03-01 13:41:41,553 - SEND - System Time: 2025-03-01 13:41:41.553509, Logical Clock: 201, To: Machine on port 10002
2025-03-01 13:41:41,756 - INTERNAL - System Time: 2025-03-01 13:41:41.756262, Logical Clock: 202
2025-03-01 13:41:41,961 - INTERNAL - System Time: 2025-03-01 13:41:41.961083, Logical Clock: 203
2025-03-01 13:41:42,165 - INTERNAL - System Time: 2025-03-01 13:41:42.165046, Logical Clock: 204
2025-03-01 13:41:42,370 - INTERNAL - System Time: 2025-03-01 13:41:42.370203, Logical Clock: 205
2025-03-01 13:41:42,575 - INTERNAL - System Time: 2025-03-01 13:41:42.575511, Logical Clock: 206
2025-03-01 13:41:42,780 - INTERNAL - System Time: 2025-03-01 13:41:42.780013, Logical Clock: 207
2025-03-01 13:41:42,981 - RECEIVE - System Time: 2025-03-01 13:41:42.981223, Logical Clock: 208, Queue Length: 0, From: Machine 1
2025-03-01 13:41:43,185 - RECEIVE - System Time: 2025-03-01 13:41:43.185432, Logical Clock: 209, Queue Length: 0, From: Machine 1
2025-03-01 13:41:43,389 - INTERNAL - System Time: 2025-03-01 13:41:43.389636, Logical Clock: 210
2025-03-01 13:41:43,590 - INTERNAL - System Time: 2025-03-01 13:41:43.590708, Logical Clock: 211
2025-03-01 13:41:43,796 - RECEIVE - System Time: 2025-03-01 13:41:43.796821, Logical Clock: 212, Queue Length: 0, From: Machine 1
2025-03-01 13:41:44,000 - No connection to port 10000
2025-03-01 13:41:44,206 - INTERNAL - System Time: 2025-03-01 13:41:44.206234, Logical Clock: 214
2025-03-01 13:41:44,411 - INTERNAL - System Time: 2025-03-01 13:41:44.411678, Logical Clock: 215
2025-03-01 13:41:44,612 - SEND - System Time: 2025-03-01 13:41:44.612341, Logical Clock: 216, To: Machine on port 10002
2025-03-01 13:41:44,815 - INTERNAL - System Time: 2025-03-01 13:41:44.815492, Logical Clock: 217
2025-03-01 13:41:45,018 - RECEIVE - System Time: 2025-03-01 13:41:45.017940, Logical Clock: 218, Queue Length: 0, From: Machine 1
2025-03-01 13:41:45,223 - INTERNAL - System Time: 2025-03-01 13:41:45.223123, Logical Clock: 219
2025-03-01 13:41:45,425 - INTERNAL - System Time: 2025-03-01 13:41:45.425816, Logical Clock: 220
2025-03-01 13:41:45,627 - INTERNAL - System Time: 2025-03-01 13:41:45.626974, Logical Clock: 221
2025-03-01 13:41:45,829 - RECEIVE - System Time: 2025-03-01 13:41:45.829811, Logical Clock: 222, Queue Length: 0, From: Machine 1
2025-03-01 13:41:46,032 - RECEIVE - System Time: 2025-03-01 13:41:46.032425, Logical Clock: 223, Queue Length: 0, From: Machine 1
2025-03-01 13:41:46,237 - INTERNAL - System Time: 2025-03-01 13:41:46.237926, Logical Clock: 224
2025-03-01 13:41:46,443 - SEND - System Time: 2025-03-01 13:41:46.443259, Logical Clock: 225, To: Machine on port 10002
2025-03-01 13:41:46,648 - INTERNAL - System Time: 2025-03-01 13:41:46.648394, Logical Clock: 226
2025-03-01 13:41:46,853 - INTERNAL - System Time: 2025-03-01 13:41:46.852979, Logical Clock: 227
2025-03-01 13:41:47,057 - INTERNAL - System Time: 2025-03-01 13:41:47.057381, Logical Clock: 228
2025-03-01 13:41:47,260 - INTERNAL - System Time: 2025-03-01 13:41:47.259832, Logical Clock: 229
2025-03-01 13:41:47,464 - INTERNAL - System Time: 2025-03-01 13:41:47.464506, Logical Clock: 230
2025-03-01 13:41:47,670 - No connection to port 10000
2025-03-01 13:41:47,670 - SEND - System Time: 2025-03-01 13:41:47.670190, Logical Clock: 231, To: Machine on port 10002
2025-03-01 13:41:47,873 - No connection to port 10000
2025-03-01 13:41:48,077 - INTERNAL - System Time: 2025-03-01 13:41:48.076997, Logical Clock: 233
2025-03-01 13:41:48,281 - No connection to port 10000
2025-03-01 13:41:48,487 - SEND - System Time: 2025-03-01 13:41:48.486882, Logical Clock: 235, To: Machine on port 10002
2025-03-01 13:41:48,691 - No connection to port 10000
2025-03-01 13:41:48,892 - No connection to port 10000
2025-03-01 13:41:49,096 - INTERNAL - System Time: 2025-03-01 13:41:49.096810, Logical Clock: 238
2025-03-01 13:41:49,299 - RECEIVE - System Time: 2025-03-01 13:41:49.299412, Logical Clock: 239, Queue Length: 0, From: Machine 1
2025-03-01 13:41:49,503 - RECEIVE - System Time: 2025-03-01 13:41:49.503030, Logical Clock: 240, Queue Length: 0, From: Machine 1
2025-03-01 13:41:49,708 - INTERNAL - System Time: 2025-03-01 13:41:49.708440, Logical Clock: 241
2025-03-01 13:41:49,911 - SEND - System Time: 2025-03-01 13:41:49.911290, Logical Clock: 242, To: Machine on port 10002
2025-03-01 13:41:50,114 - INTERNAL - System Time: 2025-03-01 13:41:50.114311, Logical Clock: 243
2025-03-01 13:41:50,316 - INTERNAL - System Time: 2025-03-01 13:41:50.316133, Logical Clock: 244
2025-03-01 13:41:50,518 - No connection to port 10000
2025-03-01 13:41:50,723 - INTERNAL - System Time: 2025-03-01 13:41:50.722986, Logical Clock: 246
2025-03-01 13:41:50,926 - INTERNAL - System Time: 2025-03-01 13:41:50.926567, Logical Clock: 247
2025-03-01 13:41:51,132 - RECEIVE - System Time: 2025-03-01 13:41:51.131850, Logical Clock: 248, Queue Length: 0, From: Machine 1
2025-03-01 13:41:51,336 - INTERNAL - System Time: 2025-03-01 13:41:51.336834, Logical Clock: 249
2025-03-01 13:41:51,541 - INTERNAL - System Time: 2025-03-01 13:41:51.541533, Logical Clock: 250
2025-03-01 13:41:51,743 - INTERNAL - System Time: 2025-03-01 13:41:51.743390, Logical Clock: 251
2025-03-01 13:41:51,945 - INTERNAL - System Time: 2025-03-01 13:41:51.945045, Logical Clock: 252
2025-03-01 13:41:52,145 - RECEIVE - System Time: 2025-03-01 13:41:52.145392, Logical Clock: 253, Queue Length: 0, From: Machine 1
2025-03-01 13:41:52,351 - SEND - System Time: 2025-03-01 13:41:52.350870, Logical Clock: 254, To: Machine on port 10002
2025-03-01 13:41:52,553 - INTERNAL - System Time: 2025-03-01 13:41:52.553511, Logical Clock: 255
2025-03-01 13:41:52,756 - No connection to port 10000
2025-03-01 13:41:52,958 - INTERNAL - System Time: 2025-03-01 13:41:52.958451, Logical Clock: 257
2025-03-01 13:41:53,164 - INTERNAL - System Time: 2025-03-01 13:41:53.164193, Logical Clock: 258
2025-03-01 13:41:53,365 - RECEIVE - System Time: 2025-03-01 13:41:53.365487, Logical Clock: 259, Queue Length: 0, From: Machine 1
2025-03-01 13:41:53,571 - INTERNAL - System Time: 2025-03-01 13:41:53.571069, Logical Clock: 260
2025-03-01 13:41:53,775 - SEND - System Time: 2025-03-01 13:41:53.774867, Logical Clock: 261, To: Machine on port 10002
2025-03-01 13:41:53,979 - RECEIVE - System Time: 2025-03-01 13:41:53.979535, Logical Clock: 262, Queue Length: 0, From: Machine 1
2025-03-01 13:41:54,181 - No connection to port 10000
2025-03-01 13:41:54,387 - INTERNAL - System Time: 2025-03-01 13:41:54.386879, Logical Clock: 264
2025-03-01 13:41:54,592 - SEND - System Time: 2025-03-01 13:41:54.591953, Logical Clock: 265, To: Machine on port 10002
2025-03-01 13:41:54,797 - INTERNAL - System Time: 2025-03-01 13:41:54.797506, Logical Clock: 266
2025-03-01 13:41:55,003 - SEND - System Time: 2025-03-01 13:41:55.003091, Logical Clock: 267, To: Machine on port 10002
2025-03-01 13:41:55,209 - INTERNAL - System Time: 2025-03-01 13:41:55.208714, Logical Clock: 268
2025-03-01 13:41:55,411 - SEND - System Time: 2025-03-01 13:41:55.411103, Logical Clock: 269, To: Machine on port 10002
2025-03-01 13:41:55,615 - INTERNAL - System Time: 2025-03-01 13:41:55.615771, Logical Clock: 270
2025-03-01 13:41:55,821 - SEND - System Time: 2025-03-01 13:41:55.821011, Logical Clock: 271, To: Machine on port 10002
2025-03-01 13:41:56,025 - INTERNAL - System Time: 2025-03-01 13:41:56.025375, Logical Clock: 272
2025-03-01 13:41:56,226 - No connection to port 10000
2025-03-01 13:41:56,431 - No connection to port 10000
2025-03-01 13:41:56,432 - SEND - System Time: 2025-03-01 13:41:56.431832, Logical Clock: 274, To: Machine on port 10002
2025-03-01 13:41:56,637 - INTERNAL - System Time: 2025-03-01 13:41:56.637397, Logical Clock: 275
2025-03-01 13:41:56,841 - No connection to port 10000
2025-03-01 13:41:57,041 - INTERNAL - System Time: 2025-03-01 13:41:57.041551, Logical Clock: 277
2025-03-01 13:41:57,246 - No connection to port 10000
2025-03-01 13:41:57,247 - SEND - System Time: 2025-03-01 13:41:57.246888, Logical Clock: 278, To: Machine on port 10002
2025-03-01 13:41:57,449 - No connection to port 10000
2025-03-01 13:41:57,652 - INTERNAL - System Time: 2025-03-01 13:41:57.652641, Logical Clock: 280
2025-03-01 13:41:57,854 - INTERNAL - System Time: 2025-03-01 13:41:57.854757, Logical Clock: 281
2025-03-01 13:41:58,056 - No connection to port 10000
2025-03-01 13:41:58,258 - INTERNAL - System Time: 2025-03-01 13:41:58.257226, Logical Clock: 283
2025-03-01 13:41:58,461 - RECEIVE - System Time: 2025-03-01 13:41:58.460951, Logical Clock: 284, Queue Length: 0, From: Machine 1
2025-03-01 13:41:58,666 - INTERNAL - System Time: 2025-03-01 13:41:58.666101, Logical Clock: 285
2025-03-01 13:41:58,870 - No connection to port 10000
2025-03-01 13:41:58,871 - SEND - System Time: 2025-03-01 13:41:58.870832, Logical Clock: 286, To: Machine on port 10002
2025-03-01 13:41:59,073 - INTERNAL - System Time: 2025-03-01 13:41:59.072908, Logical Clock: 287
2025-03-01 13:41:59,275 - RECEIVE - System Time: 2025-03-01 13:41:59.275559, Logical Clock: 288, Queue Length: 0, From: Machine 1
2025-03-01 13:41:59,477 - INTERNAL - System Time: 2025-03-01 13:41:59.476778, Logical Clock: 289
2025-03-01 13:41:59,682 - No connection to port 10000
2025-03-01 13:41:59,887 - RECEIVE - System Time: 2025-03-01 13:41:59.887502, Logical Clock: 291, Queue Length: 0, From: Machine 1
2025-03-01 13:42:00,091 - No connection to port 10000
2025-03-01 13:42:00,296 - RECEIVE - System Time: 2025-03-01 13:42:00.296261, Logical Clock: 293, Queue Length: 0, From: Machine 1
2025-03-01 13:42:00,500 - RECEIVE - System Time: 2025-03-01 13:42:00.500251, Logical Clock: 294, Queue Length: 0, From: Machine 1
2025-03-01 13:42:00,703 - INTERNAL - System Time: 2025-03-01 13:42:00.703051, Logical Clock: 295
2025-03-01 13:42:00,905 - SEND - System Time: 2025-03-01 13:42:00.905598, Logical Clock: 296, To: Machine on port 10002
2025-03-01 13:42:01,106 - INTERNAL - System Time: 2025-03-01 13:42:01.105922, Logical Clock: 297
