2025-03-01 13:42:02,142 - Virtual Machine 2 initialized
2025-03-01 13:42:02,142 - Clock Rate: 1 ticks/second
2025-03-01 13:42:02,142 - Listening on port: 10001
2025-03-01 13:42:02,142 - Peer ports: [10000, 10002]
2025-03-01 13:42:02,628 - Accepted connection from ('127.0.0.1', 50627)
2025-03-01 13:42:03,154 - Connected to peer on port 10002
2025-03-01 13:42:03,154 - Network initialization completed
2025-03-01 13:42:03,154 - Starting main event loop
2025-03-01 13:42:03,154 - Clock rate: 1 ticks/second
2025-03-01 13:42:03,154 - SEND - System Time: 2025-03-01 13:42:03.154685, Logical Clock: 1, To: Machine on port 10002
2025-03-01 13:42:04,158 - RECEIVE - System Time: 2025-03-01 13:42:04.157904, Logical Clock: 3, Queue Length: 0, From: Machine 1
2025-03-01 13:42:05,161 - RECEIVE - System Time: 2025-03-01 13:42:05.161283, Logical Clock: 7, Queue Length: 0, From: Machine 1
2025-03-01 13:42:06,165 - INTERNAL - System Time: 2025-03-01 13:42:06.165555, Logical Clock: 8
2025-03-01 13:42:07,168 - INTERNAL - System Time: 2025-03-01 13:42:07.168057, Logical Clock: 9
2025-03-01 13:42:08,169 - RECEIVE - System Time: 2025-03-01 13:42:08.168890, Logical Clock: 18, Queue Length: 1, From: Machine 1
2025-03-01 13:42:09,171 - RECEIVE - System Time: 2025-03-01 13:42:09.171358, Logical Clock: 19, Queue Length: 0, From: Machine 1
2025-03-01 13:42:10,172 - RECEIVE - System Time: 2025-03-01 13:42:10.172189, Logical Clock: 24, Queue Length: 0, From: Machine 1
2025-03-01 13:42:11,177 - INTERNAL - System Time: 2025-03-01 13:42:11.176950, Logical Clock: 25
2025-03-01 13:42:12,178 - RECEIVE - System Time: 2025-03-01 13:42:12.178429, Logical Clock: 35, Queue Length: 0, From: Machine 1
2025-03-01 13:42:13,181 - RECEIVE - System Time: 2025-03-01 13:42:13.181632, Logical Clock: 36, Queue Length: 1, From: Machine 1
2025-03-01 13:42:14,183 - RECEIVE - System Time: 2025-03-01 13:42:14.183323, Logical Clock: 39, Queue Length: 0, From: Machine 1
2025-03-01 13:42:15,187 - RECEIVE - System Time: 2025-03-01 13:42:15.187749, Logical Clock: 47, Queue Length: 0, From: Machine 1
2025-03-01 13:42:16,193 - INTERNAL - System Time: 2025-03-01 13:42:16.192881, Logical Clock: 48
2025-03-01 13:42:17,198 - No connection to port 10000
2025-03-01 13:42:17,198 - SEND - System Time: 2025-03-01 13:42:17.198430, Logical Clock: 49, To: Machine on port 10002
2025-03-01 13:42:18,204 - INTERNAL - System Time: 2025-03-01 13:42:18.204175, Logical Clock: 50
2025-03-01 13:42:19,209 - INTERNAL - System Time: 2025-03-01 13:42:19.209307, Logical Clock: 51
2025-03-01 13:42:20,214 - RECEIVE - System Time: 2025-03-01 13:42:20.214627, Logical Clock: 66, Queue Length: 0, From: Machine 1
2025-03-01 13:42:21,220 - INTERNAL - System Time: 2025-03-01 13:42:21.219925, Logical Clock: 67
2025-03-01 13:42:22,225 - RECEIVE - System Time: 2025-03-01 13:42:22.225409, Logical Clock: 73, Queue Length: 0, From: Machine 1
2025-03-01 13:42:23,231 - No connection to port 10000
2025-03-01 13:42:24,236 - RECEIVE - System Time: 2025-03-01 13:42:24.236010, Logical Clock: 83, Queue Length: 0, From: Machine 1
2025-03-01 13:42:25,241 - RECEIVE - System Time: 2025-03-01 13:42:25.241710, Logical Clock: 85, Queue Length: 0, From: Machine 1
2025-03-01 13:42:26,243 - RECEIVE - System Time: 2025-03-01 13:42:26.243616, Logical Clock: 89, Queue Length: 0, From: Machine 1
2025-03-01 13:42:27,244 - INTERNAL - System Time: 2025-03-01 13:42:27.244239, Logical Clock: 90
2025-03-01 13:42:28,247 - RECEIVE - System Time: 2025-03-01 13:42:28.247026, Logical Clock: 97, Queue Length: 1, From: Machine 1
2025-03-01 13:42:29,252 - RECEIVE - System Time: 2025-03-01 13:42:29.252565, Logical Clock: 98, Queue Length: 0, From: Machine 1
2025-03-01 13:42:30,258 - RECEIVE - System Time: 2025-03-01 13:42:30.258096, Logical Clock: 103, Queue Length: 2, From: Machine 1
2025-03-01 13:42:31,261 - RECEIVE - System Time: 2025-03-01 13:42:31.261852, Logical Clock: 104, Queue Length: 2, From: Machine 1
2025-03-01 13:42:32,263 - RECEIVE - System Time: 2025-03-01 13:42:32.262930, Logical Clock: 106, Queue Length: 1, From: Machine 1
2025-03-01 13:42:33,265 - RECEIVE - System Time: 2025-03-01 13:42:33.265653, Logical Clock: 108, Queue Length: 1, From: Machine 1
2025-03-01 13:42:34,268 - RECEIVE - System Time: 2025-03-01 13:42:34.268110, Logical Clock: 117, Queue Length: 2, From: Machine 1
2025-03-01 13:42:35,269 - RECEIVE - System Time: 2025-03-01 13:42:35.269577, Logical Clock: 119, Queue Length: 3, From: Machine 1
2025-03-01 13:42:36,273 - RECEIVE - System Time: 2025-03-01 13:42:36.272981, Logical Clock: 122, Queue Length: 2, From: Machine 1
2025-03-01 13:42:37,276 - RECEIVE - System Time: 2025-03-01 13:42:37.276881, Logical Clock: 124, Queue Length: 3, From: Machine 1
2025-03-01 13:42:38,281 - RECEIVE - System Time: 2025-03-01 13:42:38.280898, Logical Clock: 125, Queue Length: 4, From: Machine 1
2025-03-01 13:42:39,284 - RECEIVE - System Time: 2025-03-01 13:42:39.284476, Logical Clock: 133, Queue Length: 4, From: Machine 1
2025-03-01 13:42:40,286 - RECEIVE - System Time: 2025-03-01 13:42:40.286399, Logical Clock: 134, Queue Length: 4, From: Machine 1
2025-03-01 13:42:41,296 - RECEIVE - System Time: 2025-03-01 13:42:41.296696, Logical Clock: 135, Queue Length: 4, From: Machine 1
2025-03-01 13:42:42,299 - RECEIVE - System Time: 2025-03-01 13:42:42.299206, Logical Clock: 136, Queue Length: 4, From: Machine 1
2025-03-01 13:42:43,303 - RECEIVE - System Time: 2025-03-01 13:42:43.303028, Logical Clock: 142, Queue Length: 4, From: Machine 1
2025-03-01 13:42:44,308 - RECEIVE - System Time: 2025-03-01 13:42:44.308334, Logical Clock: 146, Queue Length: 4, From: Machine 1
2025-03-01 13:42:45,311 - RECEIVE - System Time: 2025-03-01 13:42:45.310993, Logical Clock: 150, Queue Length: 4, From: Machine 1
2025-03-01 13:42:46,311 - RECEIVE - System Time: 2025-03-01 13:42:46.311790, Logical Clock: 152, Queue Length: 3, From: Machine 1
2025-03-01 13:42:47,314 - RECEIVE - System Time: 2025-03-01 13:42:47.314225, Logical Clock: 156, Queue Length: 2, From: Machine 1
2025-03-01 13:42:48,319 - RECEIVE - System Time: 2025-03-01 13:42:48.319014, Logical Clock: 162, Queue Length: 2, From: Machine 1
2025-03-01 13:42:49,324 - RECEIVE - System Time: 2025-03-01 13:42:49.324238, Logical Clock: 163, Queue Length: 2, From: Machine 1
2025-03-01 13:42:50,326 - RECEIVE - System Time: 2025-03-01 13:42:50.326555, Logical Clock: 177, Queue Length: 1, From: Machine 1
2025-03-01 13:42:51,327 - RECEIVE - System Time: 2025-03-01 13:42:51.327157, Logical Clock: 181, Queue Length: 0, From: Machine 1
2025-03-01 13:42:52,329 - RECEIVE - System Time: 2025-03-01 13:42:52.328884, Logical Clock: 190, Queue Length: 1, From: Machine 1
2025-03-01 13:42:53,330 - RECEIVE - System Time: 2025-03-01 13:42:53.330094, Logical Clock: 193, Queue Length: 1, From: Machine 1
2025-03-01 13:42:54,333 - RECEIVE - System Time: 2025-03-01 13:42:54.333521, Logical Clock: 197, Queue Length: 1, From: Machine 1
2025-03-01 13:42:55,337 - RECEIVE - System Time: 2025-03-01 13:42:55.337375, Logical Clock: 201, Queue Length: 2, From: Machine 1
2025-03-01 13:42:56,340 - RECEIVE - System Time: 2025-03-01 13:42:56.340515, Logical Clock: 202, Queue Length: 2, From: Machine 1
2025-03-01 13:42:57,341 - RECEIVE - System Time: 2025-03-01 13:42:57.341834, Logical Clock: 204, Queue Length: 1, From: Machine 1
2025-03-01 13:42:58,343 - RECEIVE - System Time: 2025-03-01 13:42:58.343392, Logical Clock: 209, Queue Length: 0, From: Machine 1
2025-03-01 13:42:59,347 - RECEIVE - System Time: 2025-03-01 13:42:59.347796, Logical Clock: 218, Queue Length: 0, From: Machine 1
2025-03-01 13:43:00,354 - INTERNAL - System Time: 2025-03-01 13:43:00.354468, Logical Clock: 219
2025-03-01 13:43:01,355 - RECEIVE - System Time: 2025-03-01 13:43:01.355126, Logical Clock: 226, Queue Length: 0, From: Machine 1
2025-03-01 13:43:02,358 - No connection to port 10000
