2025-03-04 07:27:49,130 - Virtual Machine 1 initialized
2025-03-04 07:27:49,130 - Clock Rate: 4 ticks/second
2025-03-04 07:27:49,130 - Listening on port: 10000
2025-03-04 07:27:49,130 - Peer ports: [10001, 10002]
2025-03-04 07:27:49,491 - Accepted connection from ('127.0.0.1', 55163)
2025-03-04 07:27:50,017 - Accepted connection from ('127.0.0.1', 55166)
2025-03-04 07:27:50,152 - Connected to peer on port 10001
2025-03-04 07:27:50,152 - Connected to peer on port 10002
2025-03-04 07:27:50,152 - Network initialization completed
2025-03-04 07:27:50,153 - Starting main event loop
2025-03-04 07:27:50,153 - Clock rate: 4 ticks/second
2025-03-04 07:27:50,153 - INTERNAL - System Time: 2025-03-04 07:27:50.153086, Logical Clock: 1
2025-03-04 07:27:50,408 - SEND - System Time: 2025-03-04 07:27:50.408557, Logical Clock: 2, To: Machine on port 10001
2025-03-04 07:27:50,660 - INTERNAL - System Time: 2025-03-04 07:27:50.660128, Logical Clock: 3
2025-03-04 07:27:50,915 - RECEIVE - System Time: 2025-03-04 07:27:50.915496, Logical Clock: 5, Queue Length: 0, From: Machine 3
2025-03-04 07:27:51,171 - INTERNAL - System Time: 2025-03-04 07:27:51.171014, Logical Clock: 6
2025-03-04 07:27:51,426 - INTERNAL - System Time: 2025-03-04 07:27:51.426580, Logical Clock: 7
2025-03-04 07:27:51,682 - RECEIVE - System Time: 2025-03-04 07:27:51.682370, Logical Clock: 8, Queue Length: 0, From: Machine 3
2025-03-04 07:27:51,936 - SEND - System Time: 2025-03-04 07:27:51.935941, Logical Clock: 9, To: Machine on port 10001
2025-03-04 07:27:51,936 - SEND - System Time: 2025-03-04 07:27:51.935941, Logical Clock: 9, To: Machine on port 10002
2025-03-04 07:27:52,191 - INTERNAL - System Time: 2025-03-04 07:27:52.191587, Logical Clock: 10
2025-03-04 07:27:52,447 - SEND - System Time: 2025-03-04 07:27:52.446799, Logical Clock: 11, To: Machine on port 10002
2025-03-04 07:27:52,700 - INTERNAL - System Time: 2025-03-04 07:27:52.700286, Logical Clock: 12
2025-03-04 07:27:52,956 - SEND - System Time: 2025-03-04 07:27:52.955854, Logical Clock: 13, To: Machine on port 10001
2025-03-04 07:27:52,956 - SEND - System Time: 2025-03-04 07:27:52.955854, Logical Clock: 13, To: Machine on port 10002
2025-03-04 07:27:53,211 - SEND - System Time: 2025-03-04 07:27:53.211557, Logical Clock: 14, To: Machine on port 10001
2025-03-04 07:27:53,212 - SEND - System Time: 2025-03-04 07:27:53.211557, Logical Clock: 14, To: Machine on port 10002
2025-03-04 07:27:53,466 - INTERNAL - System Time: 2025-03-04 07:27:53.466153, Logical Clock: 15
2025-03-04 07:27:53,718 - SEND - System Time: 2025-03-04 07:27:53.718665, Logical Clock: 16, To: Machine on port 10002
2025-03-04 07:27:53,969 - INTERNAL - System Time: 2025-03-04 07:27:53.969498, Logical Clock: 17
2025-03-04 07:27:54,224 - SEND - System Time: 2025-03-04 07:27:54.224868, Logical Clock: 18, To: Machine on port 10001
2025-03-04 07:27:54,480 - SEND - System Time: 2025-03-04 07:27:54.480308, Logical Clock: 19, To: Machine on port 10001
2025-03-04 07:27:54,481 - SEND - System Time: 2025-03-04 07:27:54.480308, Logical Clock: 19, To: Machine on port 10002
2025-03-04 07:27:54,734 - SEND - System Time: 2025-03-04 07:27:54.734599, Logical Clock: 20, To: Machine on port 10001
2025-03-04 07:27:54,734 - SEND - System Time: 2025-03-04 07:27:54.734599, Logical Clock: 20, To: Machine on port 10002
2025-03-04 07:27:54,990 - INTERNAL - System Time: 2025-03-04 07:27:54.989885, Logical Clock: 21
2025-03-04 07:27:55,245 - INTERNAL - System Time: 2025-03-04 07:27:55.245303, Logical Clock: 22
2025-03-04 07:27:55,499 - INTERNAL - System Time: 2025-03-04 07:27:55.499080, Logical Clock: 23
2025-03-04 07:27:55,754 - RECEIVE - System Time: 2025-03-04 07:27:55.753839, Logical Clock: 24, Queue Length: 0, From: Machine 2
2025-03-04 07:27:56,005 - SEND - System Time: 2025-03-04 07:27:56.005282, Logical Clock: 25, To: Machine on port 10002
2025-03-04 07:27:56,257 - RECEIVE - System Time: 2025-03-04 07:27:56.257666, Logical Clock: 28, Queue Length: 0, From: Machine 2
2025-03-04 07:27:56,512 - INTERNAL - System Time: 2025-03-04 07:27:56.511965, Logical Clock: 29
2025-03-04 07:27:56,767 - INTERNAL - System Time: 2025-03-04 07:27:56.767225, Logical Clock: 30
2025-03-04 07:27:57,024 - INTERNAL - System Time: 2025-03-04 07:27:57.024321, Logical Clock: 31
2025-03-04 07:27:57,279 - INTERNAL - System Time: 2025-03-04 07:27:57.279546, Logical Clock: 32
2025-03-04 07:27:57,533 - INTERNAL - System Time: 2025-03-04 07:27:57.533083, Logical Clock: 33
2025-03-04 07:27:57,788 - INTERNAL - System Time: 2025-03-04 07:27:57.788646, Logical Clock: 34
2025-03-04 07:27:58,044 - INTERNAL - System Time: 2025-03-04 07:27:58.044269, Logical Clock: 35
2025-03-04 07:27:58,300 - INTERNAL - System Time: 2025-03-04 07:27:58.300046, Logical Clock: 36
2025-03-04 07:27:58,551 - INTERNAL - System Time: 2025-03-04 07:27:58.551616, Logical Clock: 37
2025-03-04 07:27:58,802 - INTERNAL - System Time: 2025-03-04 07:27:58.802359, Logical Clock: 38
2025-03-04 07:27:59,057 - RECEIVE - System Time: 2025-03-04 07:27:59.057732, Logical Clock: 39, Queue Length: 0, From: Machine 3
2025-03-04 07:27:59,313 - RECEIVE - System Time: 2025-03-04 07:27:59.313126, Logical Clock: 40, Queue Length: 0, From: Machine 2
2025-03-04 07:27:59,567 - INTERNAL - System Time: 2025-03-04 07:27:59.567154, Logical Clock: 41
2025-03-04 07:27:59,822 - INTERNAL - System Time: 2025-03-04 07:27:59.822543, Logical Clock: 42
2025-03-04 07:28:00,074 - INTERNAL - System Time: 2025-03-04 07:28:00.074359, Logical Clock: 43
2025-03-04 07:28:00,329 - RECEIVE - System Time: 2025-03-04 07:28:00.329780, Logical Clock: 44, Queue Length: 0, From: Machine 3
2025-03-04 07:28:00,581 - INTERNAL - System Time: 2025-03-04 07:28:00.581384, Logical Clock: 45
2025-03-04 07:28:00,836 - RECEIVE - System Time: 2025-03-04 07:28:00.836721, Logical Clock: 46, Queue Length: 0, From: Machine 3
2025-03-04 07:28:01,092 - RECEIVE - System Time: 2025-03-04 07:28:01.092080, Logical Clock: 47, Queue Length: 0, From: Machine 3
2025-03-04 07:28:01,347 - RECEIVE - System Time: 2025-03-04 07:28:01.347382, Logical Clock: 48, Queue Length: 0, From: Machine 3
2025-03-04 07:28:01,601 - INTERNAL - System Time: 2025-03-04 07:28:01.601330, Logical Clock: 49
2025-03-04 07:28:01,854 - INTERNAL - System Time: 2025-03-04 07:28:01.854759, Logical Clock: 50
2025-03-04 07:28:02,109 - SEND - System Time: 2025-03-04 07:28:02.109016, Logical Clock: 51, To: Machine on port 10002
2025-03-04 07:28:02,363 - SEND - System Time: 2025-03-04 07:28:02.362600, Logical Clock: 52, To: Machine on port 10001
2025-03-04 07:28:02,363 - SEND - System Time: 2025-03-04 07:28:02.362600, Logical Clock: 52, To: Machine on port 10002
2025-03-04 07:28:02,616 - INTERNAL - System Time: 2025-03-04 07:28:02.616051, Logical Clock: 53
2025-03-04 07:28:02,871 - INTERNAL - System Time: 2025-03-04 07:28:02.871119, Logical Clock: 54
2025-03-04 07:28:03,123 - RECEIVE - System Time: 2025-03-04 07:28:03.123374, Logical Clock: 56, Queue Length: 0, From: Machine 3
2025-03-04 07:28:03,379 - RECEIVE - System Time: 2025-03-04 07:28:03.379315, Logical Clock: 57, Queue Length: 0, From: Machine 3
2025-03-04 07:28:03,633 - INTERNAL - System Time: 2025-03-04 07:28:03.633526, Logical Clock: 58
2025-03-04 07:28:03,889 - INTERNAL - System Time: 2025-03-04 07:28:03.888896, Logical Clock: 59
2025-03-04 07:28:04,142 - SEND - System Time: 2025-03-04 07:28:04.141913, Logical Clock: 60, To: Machine on port 10001
2025-03-04 07:28:04,142 - SEND - System Time: 2025-03-04 07:28:04.141913, Logical Clock: 60, To: Machine on port 10002
2025-03-04 07:28:04,397 - INTERNAL - System Time: 2025-03-04 07:28:04.396935, Logical Clock: 61
2025-03-04 07:28:04,648 - SEND - System Time: 2025-03-04 07:28:04.648408, Logical Clock: 62, To: Machine on port 10001
2025-03-04 07:28:04,649 - SEND - System Time: 2025-03-04 07:28:04.648408, Logical Clock: 62, To: Machine on port 10002
2025-03-04 07:28:04,903 - INTERNAL - System Time: 2025-03-04 07:28:04.903390, Logical Clock: 63
2025-03-04 07:28:05,155 - SEND - System Time: 2025-03-04 07:28:05.155302, Logical Clock: 64, To: Machine on port 10002
2025-03-04 07:28:05,407 - RECEIVE - System Time: 2025-03-04 07:28:05.407044, Logical Clock: 66, Queue Length: 0, From: Machine 2
2025-03-04 07:28:05,663 - INTERNAL - System Time: 2025-03-04 07:28:05.662700, Logical Clock: 67
2025-03-04 07:28:05,914 - INTERNAL - System Time: 2025-03-04 07:28:05.914017, Logical Clock: 68
2025-03-04 07:28:06,166 - RECEIVE - System Time: 2025-03-04 07:28:06.166005, Logical Clock: 69, Queue Length: 1, From: Machine 2
2025-03-04 07:28:06,420 - RECEIVE - System Time: 2025-03-04 07:28:06.420268, Logical Clock: 70, Queue Length: 0, From: Machine 3
2025-03-04 07:28:06,672 - RECEIVE - System Time: 2025-03-04 07:28:06.672687, Logical Clock: 71, Queue Length: 0, From: Machine 3
2025-03-04 07:28:06,928 - SEND - System Time: 2025-03-04 07:28:06.928550, Logical Clock: 72, To: Machine on port 10001
2025-03-04 07:28:06,929 - SEND - System Time: 2025-03-04 07:28:06.928550, Logical Clock: 72, To: Machine on port 10002
2025-03-04 07:28:07,179 - INTERNAL - System Time: 2025-03-04 07:28:07.179537, Logical Clock: 73
2025-03-04 07:28:07,435 - INTERNAL - System Time: 2025-03-04 07:28:07.434836, Logical Clock: 74
2025-03-04 07:28:07,687 - INTERNAL - System Time: 2025-03-04 07:28:07.687372, Logical Clock: 75
2025-03-04 07:28:07,941 - RECEIVE - System Time: 2025-03-04 07:28:07.941392, Logical Clock: 77, Queue Length: 1, From: Machine 2
2025-03-04 07:28:08,194 - RECEIVE - System Time: 2025-03-04 07:28:08.194236, Logical Clock: 78, Queue Length: 0, From: Machine 3
2025-03-04 07:28:08,449 - INTERNAL - System Time: 2025-03-04 07:28:08.449775, Logical Clock: 79
2025-03-04 07:28:08,702 - INTERNAL - System Time: 2025-03-04 07:28:08.701980, Logical Clock: 80
2025-03-04 07:28:08,957 - INTERNAL - System Time: 2025-03-04 07:28:08.957671, Logical Clock: 81
2025-03-04 07:28:09,211 - RECEIVE - System Time: 2025-03-04 07:28:09.211476, Logical Clock: 82, Queue Length: 0, From: Machine 3
2025-03-04 07:28:09,467 - RECEIVE - System Time: 2025-03-04 07:28:09.466880, Logical Clock: 83, Queue Length: 0, From: Machine 3
2025-03-04 07:28:09,720 - INTERNAL - System Time: 2025-03-04 07:28:09.719884, Logical Clock: 84
2025-03-04 07:28:09,974 - INTERNAL - System Time: 2025-03-04 07:28:09.974645, Logical Clock: 85
2025-03-04 07:28:10,227 - SEND - System Time: 2025-03-04 07:28:10.227230, Logical Clock: 86, To: Machine on port 10001
2025-03-04 07:28:10,227 - SEND - System Time: 2025-03-04 07:28:10.227230, Logical Clock: 86, To: Machine on port 10002
2025-03-04 07:28:10,482 - INTERNAL - System Time: 2025-03-04 07:28:10.482713, Logical Clock: 87
2025-03-04 07:28:10,736 - RECEIVE - System Time: 2025-03-04 07:28:10.735955, Logical Clock: 89, Queue Length: 0, From: Machine 3
2025-03-04 07:28:10,987 - INTERNAL - System Time: 2025-03-04 07:28:10.987146, Logical Clock: 90
2025-03-04 07:28:11,240 - SEND - System Time: 2025-03-04 07:28:11.239900, Logical Clock: 91, To: Machine on port 10001
2025-03-04 07:28:11,494 - SEND - System Time: 2025-03-04 07:28:11.494115, Logical Clock: 92, To: Machine on port 10001
2025-03-04 07:28:11,747 - INTERNAL - System Time: 2025-03-04 07:28:11.746891, Logical Clock: 93
2025-03-04 07:28:12,001 - SEND - System Time: 2025-03-04 07:28:12.001273, Logical Clock: 94, To: Machine on port 10001
2025-03-04 07:28:12,258 - INTERNAL - System Time: 2025-03-04 07:28:12.257821, Logical Clock: 95
2025-03-04 07:28:12,508 - RECEIVE - System Time: 2025-03-04 07:28:12.508754, Logical Clock: 97, Queue Length: 0, From: Machine 2
2025-03-04 07:28:12,764 - SEND - System Time: 2025-03-04 07:28:12.764513, Logical Clock: 98, To: Machine on port 10002
2025-03-04 07:28:13,016 - INTERNAL - System Time: 2025-03-04 07:28:13.016597, Logical Clock: 99
2025-03-04 07:28:13,268 - RECEIVE - System Time: 2025-03-04 07:28:13.267814, Logical Clock: 101, Queue Length: 0, From: Machine 3
2025-03-04 07:28:13,518 - INTERNAL - System Time: 2025-03-04 07:28:13.518819, Logical Clock: 102
2025-03-04 07:28:13,774 - INTERNAL - System Time: 2025-03-04 07:28:13.774120, Logical Clock: 103
2025-03-04 07:28:14,026 - INTERNAL - System Time: 2025-03-04 07:28:14.026023, Logical Clock: 104
2025-03-04 07:28:14,281 - INTERNAL - System Time: 2025-03-04 07:28:14.281018, Logical Clock: 105
2025-03-04 07:28:14,535 - RECEIVE - System Time: 2025-03-04 07:28:14.535438, Logical Clock: 106, Queue Length: 0, From: Machine 3
2025-03-04 07:28:14,786 - INTERNAL - System Time: 2025-03-04 07:28:14.786817, Logical Clock: 107
2025-03-04 07:28:15,040 - INTERNAL - System Time: 2025-03-04 07:28:15.039879, Logical Clock: 108
2025-03-04 07:28:15,293 - INTERNAL - System Time: 2025-03-04 07:28:15.292860, Logical Clock: 109
2025-03-04 07:28:15,547 - RECEIVE - System Time: 2025-03-04 07:28:15.547069, Logical Clock: 110, Queue Length: 0, From: Machine 2
2025-03-04 07:28:15,802 - RECEIVE - System Time: 2025-03-04 07:28:15.802355, Logical Clock: 111, Queue Length: 0, From: Machine 2
2025-03-04 07:28:16,058 - SEND - System Time: 2025-03-04 07:28:16.057633, Logical Clock: 112, To: Machine on port 10001
2025-03-04 07:28:16,059 - SEND - System Time: 2025-03-04 07:28:16.057633, Logical Clock: 112, To: Machine on port 10002
2025-03-04 07:28:16,312 - SEND - System Time: 2025-03-04 07:28:16.312411, Logical Clock: 113, To: Machine on port 10001
2025-03-04 07:28:16,567 - SEND - System Time: 2025-03-04 07:28:16.566930, Logical Clock: 114, To: Machine on port 10001
2025-03-04 07:28:16,567 - SEND - System Time: 2025-03-04 07:28:16.566930, Logical Clock: 114, To: Machine on port 10002
2025-03-04 07:28:16,820 - SEND - System Time: 2025-03-04 07:28:16.819788, Logical Clock: 115, To: Machine on port 10001
2025-03-04 07:28:16,820 - SEND - System Time: 2025-03-04 07:28:16.819788, Logical Clock: 115, To: Machine on port 10002
2025-03-04 07:28:17,075 - INTERNAL - System Time: 2025-03-04 07:28:17.075181, Logical Clock: 116
2025-03-04 07:28:17,327 - RECEIVE - System Time: 2025-03-04 07:28:17.327513, Logical Clock: 118, Queue Length: 0, From: Machine 3
2025-03-04 07:28:17,582 - RECEIVE - System Time: 2025-03-04 07:28:17.582293, Logical Clock: 119, Queue Length: 0, From: Machine 3
2025-03-04 07:28:17,837 - INTERNAL - System Time: 2025-03-04 07:28:17.837594, Logical Clock: 120
2025-03-04 07:28:18,092 - RECEIVE - System Time: 2025-03-04 07:28:18.092782, Logical Clock: 121, Queue Length: 0, From: Machine 3
2025-03-04 07:28:18,345 - INTERNAL - System Time: 2025-03-04 07:28:18.345313, Logical Clock: 122
2025-03-04 07:28:18,600 - SEND - System Time: 2025-03-04 07:28:18.600434, Logical Clock: 123, To: Machine on port 10002
2025-03-04 07:28:18,855 - SEND - System Time: 2025-03-04 07:28:18.855406, Logical Clock: 124, To: Machine on port 10001
2025-03-04 07:28:18,856 - SEND - System Time: 2025-03-04 07:28:18.855406, Logical Clock: 124, To: Machine on port 10002
2025-03-04 07:28:19,106 - INTERNAL - System Time: 2025-03-04 07:28:19.106406, Logical Clock: 125
2025-03-04 07:28:19,357 - INTERNAL - System Time: 2025-03-04 07:28:19.357554, Logical Clock: 126
2025-03-04 07:28:19,610 - RECEIVE - System Time: 2025-03-04 07:28:19.610881, Logical Clock: 128, Queue Length: 0, From: Machine 3
2025-03-04 07:28:19,863 - SEND - System Time: 2025-03-04 07:28:19.862654, Logical Clock: 129, To: Machine on port 10002
2025-03-04 07:28:20,115 - INTERNAL - System Time: 2025-03-04 07:28:20.114854, Logical Clock: 130
2025-03-04 07:28:20,366 - SEND - System Time: 2025-03-04 07:28:20.366185, Logical Clock: 131, To: Machine on port 10002
2025-03-04 07:28:20,620 - INTERNAL - System Time: 2025-03-04 07:28:20.620540, Logical Clock: 132
2025-03-04 07:28:20,873 - INTERNAL - System Time: 2025-03-04 07:28:20.873006, Logical Clock: 133
2025-03-04 07:28:21,128 - INTERNAL - System Time: 2025-03-04 07:28:21.128772, Logical Clock: 134
2025-03-04 07:28:21,380 - INTERNAL - System Time: 2025-03-04 07:28:21.380629, Logical Clock: 135
2025-03-04 07:28:21,633 - RECEIVE - System Time: 2025-03-04 07:28:21.633048, Logical Clock: 137, Queue Length: 0, From: Machine 3
2025-03-04 07:28:21,888 - INTERNAL - System Time: 2025-03-04 07:28:21.888473, Logical Clock: 138
2025-03-04 07:28:22,142 - INTERNAL - System Time: 2025-03-04 07:28:22.142607, Logical Clock: 139
2025-03-04 07:28:22,398 - INTERNAL - System Time: 2025-03-04 07:28:22.398517, Logical Clock: 140
2025-03-04 07:28:22,653 - RECEIVE - System Time: 2025-03-04 07:28:22.653614, Logical Clock: 141, Queue Length: 0, From: Machine 2
2025-03-04 07:28:22,910 - INTERNAL - System Time: 2025-03-04 07:28:22.910364, Logical Clock: 142
2025-03-04 07:28:23,162 - INTERNAL - System Time: 2025-03-04 07:28:23.162504, Logical Clock: 143
2025-03-04 07:28:23,417 - SEND - System Time: 2025-03-04 07:28:23.417560, Logical Clock: 144, To: Machine on port 10002
2025-03-04 07:28:23,672 - RECEIVE - System Time: 2025-03-04 07:28:23.671903, Logical Clock: 145, Queue Length: 0, From: Machine 2
2025-03-04 07:28:23,923 - INTERNAL - System Time: 2025-03-04 07:28:23.923482, Logical Clock: 146
2025-03-04 07:28:24,181 - INTERNAL - System Time: 2025-03-04 07:28:24.181815, Logical Clock: 147
2025-03-04 07:28:24,436 - SEND - System Time: 2025-03-04 07:28:24.436357, Logical Clock: 148, To: Machine on port 10001
2025-03-04 07:28:24,437 - SEND - System Time: 2025-03-04 07:28:24.436357, Logical Clock: 148, To: Machine on port 10002
2025-03-04 07:28:24,690 - SEND - System Time: 2025-03-04 07:28:24.690248, Logical Clock: 149, To: Machine on port 10002
2025-03-04 07:28:24,943 - INTERNAL - System Time: 2025-03-04 07:28:24.943335, Logical Clock: 150
2025-03-04 07:28:25,199 - INTERNAL - System Time: 2025-03-04 07:28:25.198886, Logical Clock: 151
2025-03-04 07:28:25,454 - INTERNAL - System Time: 2025-03-04 07:28:25.454173, Logical Clock: 152
2025-03-04 07:28:25,709 - INTERNAL - System Time: 2025-03-04 07:28:25.708887, Logical Clock: 153
2025-03-04 07:28:25,959 - RECEIVE - System Time: 2025-03-04 07:28:25.959654, Logical Clock: 154, Queue Length: 0, From: Machine 2
2025-03-04 07:28:26,215 - SEND - System Time: 2025-03-04 07:28:26.215199, Logical Clock: 155, To: Machine on port 10001
2025-03-04 07:28:26,471 - SEND - System Time: 2025-03-04 07:28:26.471038, Logical Clock: 156, To: Machine on port 10002
2025-03-04 07:28:26,727 - SEND - System Time: 2025-03-04 07:28:26.726875, Logical Clock: 157, To: Machine on port 10001
2025-03-04 07:28:26,982 - RECEIVE - System Time: 2025-03-04 07:28:26.982291, Logical Clock: 159, Queue Length: 0, From: Machine 3
2025-03-04 07:28:27,238 - INTERNAL - System Time: 2025-03-04 07:28:27.237971, Logical Clock: 160
2025-03-04 07:28:27,491 - INTERNAL - System Time: 2025-03-04 07:28:27.491350, Logical Clock: 161
2025-03-04 07:28:27,746 - INTERNAL - System Time: 2025-03-04 07:28:27.746672, Logical Clock: 162
2025-03-04 07:28:28,000 - RECEIVE - System Time: 2025-03-04 07:28:28.000631, Logical Clock: 163, Queue Length: 0, From: Machine 3
2025-03-04 07:28:28,256 - INTERNAL - System Time: 2025-03-04 07:28:28.255959, Logical Clock: 164
2025-03-04 07:28:28,509 - RECEIVE - System Time: 2025-03-04 07:28:28.509736, Logical Clock: 165, Queue Length: 0, From: Machine 2
2025-03-04 07:28:28,763 - INTERNAL - System Time: 2025-03-04 07:28:28.762984, Logical Clock: 166
2025-03-04 07:28:29,017 - SEND - System Time: 2025-03-04 07:28:29.017048, Logical Clock: 167, To: Machine on port 10002
2025-03-04 07:28:29,273 - SEND - System Time: 2025-03-04 07:28:29.272977, Logical Clock: 168, To: Machine on port 10001
2025-03-04 07:28:29,273 - SEND - System Time: 2025-03-04 07:28:29.272977, Logical Clock: 168, To: Machine on port 10002
2025-03-04 07:28:29,528 - SEND - System Time: 2025-03-04 07:28:29.527943, Logical Clock: 169, To: Machine on port 10002
2025-03-04 07:28:29,780 - INTERNAL - System Time: 2025-03-04 07:28:29.779820, Logical Clock: 170
2025-03-04 07:28:30,035 - INTERNAL - System Time: 2025-03-04 07:28:30.035444, Logical Clock: 171
2025-03-04 07:28:30,290 - RECEIVE - System Time: 2025-03-04 07:28:30.290828, Logical Clock: 173, Queue Length: 0, From: Machine 3
2025-03-04 07:28:30,546 - INTERNAL - System Time: 2025-03-04 07:28:30.545827, Logical Clock: 174
2025-03-04 07:28:30,800 - SEND - System Time: 2025-03-04 07:28:30.800228, Logical Clock: 175, To: Machine on port 10001
2025-03-04 07:28:31,051 - RECEIVE - System Time: 2025-03-04 07:28:31.051652, Logical Clock: 176, Queue Length: 0, From: Machine 3
2025-03-04 07:28:31,306 - INTERNAL - System Time: 2025-03-04 07:28:31.306699, Logical Clock: 177
2025-03-04 07:28:31,562 - SEND - System Time: 2025-03-04 07:28:31.562450, Logical Clock: 178, To: Machine on port 10001
2025-03-04 07:28:31,563 - SEND - System Time: 2025-03-04 07:28:31.562450, Logical Clock: 178, To: Machine on port 10002
2025-03-04 07:28:31,818 - INTERNAL - System Time: 2025-03-04 07:28:31.818108, Logical Clock: 179
2025-03-04 07:28:32,071 - RECEIVE - System Time: 2025-03-04 07:28:32.071406, Logical Clock: 181, Queue Length: 0, From: Machine 2
2025-03-04 07:28:32,327 - INTERNAL - System Time: 2025-03-04 07:28:32.327477, Logical Clock: 182
2025-03-04 07:28:32,578 - SEND - System Time: 2025-03-04 07:28:32.578507, Logical Clock: 183, To: Machine on port 10001
2025-03-04 07:28:32,831 - RECEIVE - System Time: 2025-03-04 07:28:32.831159, Logical Clock: 184, Queue Length: 0, From: Machine 3
2025-03-04 07:28:33,086 - INTERNAL - System Time: 2025-03-04 07:28:33.086093, Logical Clock: 185
2025-03-04 07:28:33,339 - INTERNAL - System Time: 2025-03-04 07:28:33.338867, Logical Clock: 186
2025-03-04 07:28:33,590 - INTERNAL - System Time: 2025-03-04 07:28:33.590756, Logical Clock: 187
2025-03-04 07:28:33,844 - INTERNAL - System Time: 2025-03-04 07:28:33.844263, Logical Clock: 188
2025-03-04 07:28:34,096 - INTERNAL - System Time: 2025-03-04 07:28:34.096364, Logical Clock: 189
2025-03-04 07:28:34,351 - RECEIVE - System Time: 2025-03-04 07:28:34.351569, Logical Clock: 190, Queue Length: 0, From: Machine 2
2025-03-04 07:28:34,603 - INTERNAL - System Time: 2025-03-04 07:28:34.603707, Logical Clock: 191
2025-03-04 07:28:34,855 - SEND - System Time: 2025-03-04 07:28:34.855506, Logical Clock: 192, To: Machine on port 10001
2025-03-04 07:28:34,856 - SEND - System Time: 2025-03-04 07:28:34.855506, Logical Clock: 192, To: Machine on port 10002
2025-03-04 07:28:35,111 - INTERNAL - System Time: 2025-03-04 07:28:35.111336, Logical Clock: 193
2025-03-04 07:28:35,363 - INTERNAL - System Time: 2025-03-04 07:28:35.363099, Logical Clock: 194
2025-03-04 07:28:35,615 - INTERNAL - System Time: 2025-03-04 07:28:35.615114, Logical Clock: 195
2025-03-04 07:28:35,869 - INTERNAL - System Time: 2025-03-04 07:28:35.869262, Logical Clock: 196
2025-03-04 07:28:36,123 - RECEIVE - System Time: 2025-03-04 07:28:36.123859, Logical Clock: 197, Queue Length: 0, From: Machine 2
2025-03-04 07:28:36,379 - INTERNAL - System Time: 2025-03-04 07:28:36.379247, Logical Clock: 198
2025-03-04 07:28:36,632 - RECEIVE - System Time: 2025-03-04 07:28:36.632798, Logical Clock: 200, Queue Length: 0, From: Machine 3
2025-03-04 07:28:36,884 - RECEIVE - System Time: 2025-03-04 07:28:36.884677, Logical Clock: 201, Queue Length: 0, From: Machine 2
2025-03-04 07:28:37,140 - INTERNAL - System Time: 2025-03-04 07:28:37.140545, Logical Clock: 202
2025-03-04 07:28:37,392 - RECEIVE - System Time: 2025-03-04 07:28:37.392021, Logical Clock: 203, Queue Length: 0, From: Machine 3
2025-03-04 07:28:37,646 - INTERNAL - System Time: 2025-03-04 07:28:37.646378, Logical Clock: 204
2025-03-04 07:28:37,901 - RECEIVE - System Time: 2025-03-04 07:28:37.901114, Logical Clock: 205, Queue Length: 0, From: Machine 2
2025-03-04 07:28:38,154 - RECEIVE - System Time: 2025-03-04 07:28:38.154495, Logical Clock: 206, Queue Length: 0, From: Machine 3
2025-03-04 07:28:38,408 - RECEIVE - System Time: 2025-03-04 07:28:38.408896, Logical Clock: 207, Queue Length: 1, From: Machine 3
2025-03-04 07:28:38,666 - RECEIVE - System Time: 2025-03-04 07:28:38.666684, Logical Clock: 208, Queue Length: 0, From: Machine 2
2025-03-04 07:28:38,922 - RECEIVE - System Time: 2025-03-04 07:28:38.922095, Logical Clock: 209, Queue Length: 0, From: Machine 2
2025-03-04 07:28:39,177 - RECEIVE - System Time: 2025-03-04 07:28:39.177543, Logical Clock: 210, Queue Length: 0, From: Machine 2
2025-03-04 07:28:39,433 - SEND - System Time: 2025-03-04 07:28:39.432968, Logical Clock: 211, To: Machine on port 10002
2025-03-04 07:28:39,688 - INTERNAL - System Time: 2025-03-04 07:28:39.688396, Logical Clock: 212
2025-03-04 07:28:39,944 - INTERNAL - System Time: 2025-03-04 07:28:39.944218, Logical Clock: 213
2025-03-04 07:28:40,197 - INTERNAL - System Time: 2025-03-04 07:28:40.197561, Logical Clock: 214
2025-03-04 07:28:40,449 - INTERNAL - System Time: 2025-03-04 07:28:40.449223, Logical Clock: 215
2025-03-04 07:28:40,704 - SEND - System Time: 2025-03-04 07:28:40.704627, Logical Clock: 216, To: Machine on port 10002
2025-03-04 07:28:40,959 - INTERNAL - System Time: 2025-03-04 07:28:40.959675, Logical Clock: 217
2025-03-04 07:28:41,211 - INTERNAL - System Time: 2025-03-04 07:28:41.211632, Logical Clock: 218
2025-03-04 07:28:41,466 - INTERNAL - System Time: 2025-03-04 07:28:41.465793, Logical Clock: 219
2025-03-04 07:28:41,720 - INTERNAL - System Time: 2025-03-04 07:28:41.720097, Logical Clock: 220
2025-03-04 07:28:41,971 - INTERNAL - System Time: 2025-03-04 07:28:41.971349, Logical Clock: 221
2025-03-04 07:28:42,224 - INTERNAL - System Time: 2025-03-04 07:28:42.224056, Logical Clock: 222
2025-03-04 07:28:42,478 - INTERNAL - System Time: 2025-03-04 07:28:42.478098, Logical Clock: 223
2025-03-04 07:28:42,733 - SEND - System Time: 2025-03-04 07:28:42.733560, Logical Clock: 224, To: Machine on port 10001
2025-03-04 07:28:42,734 - SEND - System Time: 2025-03-04 07:28:42.733560, Logical Clock: 224, To: Machine on port 10002
2025-03-04 07:28:42,989 - INTERNAL - System Time: 2025-03-04 07:28:42.989408, Logical Clock: 225
2025-03-04 07:28:43,245 - RECEIVE - System Time: 2025-03-04 07:28:43.245151, Logical Clock: 227, Queue Length: 0, From: Machine 3
2025-03-04 07:28:43,498 - RECEIVE - System Time: 2025-03-04 07:28:43.498751, Logical Clock: 228, Queue Length: 0, From: Machine 3
2025-03-04 07:28:43,754 - INTERNAL - System Time: 2025-03-04 07:28:43.754317, Logical Clock: 229
2025-03-04 07:28:44,009 - INTERNAL - System Time: 2025-03-04 07:28:44.009649, Logical Clock: 230
2025-03-04 07:28:44,264 - RECEIVE - System Time: 2025-03-04 07:28:44.264368, Logical Clock: 231, Queue Length: 0, From: Machine 2
2025-03-04 07:28:44,517 - RECEIVE - System Time: 2025-03-04 07:28:44.517267, Logical Clock: 232, Queue Length: 0, From: Machine 2
2025-03-04 07:28:44,772 - SEND - System Time: 2025-03-04 07:28:44.772318, Logical Clock: 233, To: Machine on port 10001
2025-03-04 07:28:45,028 - RECEIVE - System Time: 2025-03-04 07:28:45.027866, Logical Clock: 234, Queue Length: 0, From: Machine 3
2025-03-04 07:28:45,280 - INTERNAL - System Time: 2025-03-04 07:28:45.280320, Logical Clock: 235
2025-03-04 07:28:45,535 - INTERNAL - System Time: 2025-03-04 07:28:45.535492, Logical Clock: 236
2025-03-04 07:28:45,787 - SEND - System Time: 2025-03-04 07:28:45.787091, Logical Clock: 237, To: Machine on port 10002
2025-03-04 07:28:46,038 - INTERNAL - System Time: 2025-03-04 07:28:46.038526, Logical Clock: 238
2025-03-04 07:28:46,289 - SEND - System Time: 2025-03-04 07:28:46.289409, Logical Clock: 239, To: Machine on port 10001
2025-03-04 07:28:46,289 - SEND - System Time: 2025-03-04 07:28:46.289409, Logical Clock: 239, To: Machine on port 10002
2025-03-04 07:28:46,542 - INTERNAL - System Time: 2025-03-04 07:28:46.541937, Logical Clock: 240
2025-03-04 07:28:46,797 - RECEIVE - System Time: 2025-03-04 07:28:46.797425, Logical Clock: 242, Queue Length: 0, From: Machine 3
2025-03-04 07:28:47,050 - INTERNAL - System Time: 2025-03-04 07:28:47.049998, Logical Clock: 243
2025-03-04 07:28:47,304 - RECEIVE - System Time: 2025-03-04 07:28:47.303955, Logical Clock: 244, Queue Length: 0, From: Machine 3
2025-03-04 07:28:47,556 - RECEIVE - System Time: 2025-03-04 07:28:47.556745, Logical Clock: 245, Queue Length: 0, From: Machine 3
2025-03-04 07:28:47,812 - INTERNAL - System Time: 2025-03-04 07:28:47.812418, Logical Clock: 246
2025-03-04 07:28:48,066 - INTERNAL - System Time: 2025-03-04 07:28:48.066315, Logical Clock: 247
2025-03-04 07:28:48,322 - INTERNAL - System Time: 2025-03-04 07:28:48.322067, Logical Clock: 248
2025-03-04 07:28:48,575 - INTERNAL - System Time: 2025-03-04 07:28:48.575856, Logical Clock: 249
2025-03-04 07:28:48,831 - INTERNAL - System Time: 2025-03-04 07:28:48.831260, Logical Clock: 250
2025-03-04 07:28:49,087 - RECEIVE - System Time: 2025-03-04 07:28:49.086907, Logical Clock: 251, Queue Length: 0, From: Machine 3
2025-03-04 07:28:49,340 - SEND - System Time: 2025-03-04 07:28:49.340263, Logical Clock: 252, To: Machine on port 10001
2025-03-04 07:28:49,593 - INTERNAL - System Time: 2025-03-04 07:28:49.592948, Logical Clock: 253
2025-03-04 07:28:49,845 - INTERNAL - System Time: 2025-03-04 07:28:49.845238, Logical Clock: 254
