2025-03-04 07:27:49,490 - Virtual Machine 2 initialized
2025-03-04 07:27:49,490 - Clock Rate: 3 ticks/second
2025-03-04 07:27:49,490 - Listening on port: 10001
2025-03-04 07:27:49,490 - Peer ports: [10000, 10002]
2025-03-04 07:27:49,491 - Connected to peer on port 10000
2025-03-04 07:27:50,017 - Accepted connection from ('127.0.0.1', 55167)
2025-03-04 07:27:50,152 - Accepted connection from ('127.0.0.1', 55168)
2025-03-04 07:27:50,503 - Connected to peer on port 10002
2025-03-04 07:27:50,504 - Network initialization completed
2025-03-04 07:27:50,504 - Starting main event loop
2025-03-04 07:27:50,504 - Clock rate: 3 ticks/second
2025-03-04 07:27:50,504 - RECEIVE - System Time: 2025-03-04 07:27:50.504323, Logical Clock: 3, Queue Length: 0, From: Machine 1
2025-03-04 07:27:50,842 - INTERNAL - System Time: 2025-03-04 07:27:50.842818, Logical Clock: 4
2025-03-04 07:27:51,181 - INTERNAL - System Time: 2025-03-04 07:27:51.181513, Logical Clock: 5
2025-03-04 07:27:51,520 - INTERNAL - System Time: 2025-03-04 07:27:51.520493, Logical Clock: 6
2025-03-04 07:27:51,855 - RECEIVE - System Time: 2025-03-04 07:27:51.855641, Logical Clock: 8, Queue Length: 0, From: Machine 3
2025-03-04 07:27:52,194 - RECEIVE - System Time: 2025-03-04 07:27:52.194636, Logical Clock: 10, Queue Length: 0, From: Machine 1
2025-03-04 07:27:52,533 - INTERNAL - System Time: 2025-03-04 07:27:52.533111, Logical Clock: 11
2025-03-04 07:27:52,870 - INTERNAL - System Time: 2025-03-04 07:27:52.869902, Logical Clock: 12
2025-03-04 07:27:53,207 - RECEIVE - System Time: 2025-03-04 07:27:53.207459, Logical Clock: 14, Queue Length: 0, From: Machine 1
2025-03-04 07:27:53,543 - RECEIVE - System Time: 2025-03-04 07:27:53.543558, Logical Clock: 15, Queue Length: 0, From: Machine 1
2025-03-04 07:27:53,880 - INTERNAL - System Time: 2025-03-04 07:27:53.879823, Logical Clock: 16
2025-03-04 07:27:54,217 - SEND - System Time: 2025-03-04 07:27:54.217109, Logical Clock: 17, To: Machine on port 10002
2025-03-04 07:27:54,555 - RECEIVE - System Time: 2025-03-04 07:27:54.555811, Logical Clock: 19, Queue Length: 1, From: Machine 1
2025-03-04 07:27:54,891 - RECEIVE - System Time: 2025-03-04 07:27:54.890884, Logical Clock: 20, Queue Length: 1, From: Machine 1
2025-03-04 07:27:55,226 - RECEIVE - System Time: 2025-03-04 07:27:55.225913, Logical Clock: 21, Queue Length: 0, From: Machine 1
2025-03-04 07:27:55,563 - SEND - System Time: 2025-03-04 07:27:55.563513, Logical Clock: 22, To: Machine on port 10000
2025-03-04 07:27:55,564 - SEND - System Time: 2025-03-04 07:27:55.563513, Logical Clock: 22, To: Machine on port 10002
2025-03-04 07:27:55,901 - RECEIVE - System Time: 2025-03-04 07:27:55.901021, Logical Clock: 26, Queue Length: 0, From: Machine 3
2025-03-04 07:27:56,236 - SEND - System Time: 2025-03-04 07:27:56.236007, Logical Clock: 27, To: Machine on port 10000
2025-03-04 07:27:56,570 - RECEIVE - System Time: 2025-03-04 07:27:56.570201, Logical Clock: 28, Queue Length: 0, From: Machine 3
2025-03-04 07:27:56,907 - SEND - System Time: 2025-03-04 07:27:56.907008, Logical Clock: 29, To: Machine on port 10002
2025-03-04 07:27:57,245 - INTERNAL - System Time: 2025-03-04 07:27:57.245107, Logical Clock: 30
2025-03-04 07:27:57,583 - INTERNAL - System Time: 2025-03-04 07:27:57.583168, Logical Clock: 31
2025-03-04 07:27:57,920 - INTERNAL - System Time: 2025-03-04 07:27:57.920669, Logical Clock: 32
2025-03-04 07:27:58,256 - INTERNAL - System Time: 2025-03-04 07:27:58.256540, Logical Clock: 33
2025-03-04 07:27:58,593 - INTERNAL - System Time: 2025-03-04 07:27:58.593835, Logical Clock: 34
2025-03-04 07:27:58,928 - RECEIVE - System Time: 2025-03-04 07:27:58.928362, Logical Clock: 37, Queue Length: 0, From: Machine 3
2025-03-04 07:27:59,267 - SEND - System Time: 2025-03-04 07:27:59.267095, Logical Clock: 38, To: Machine on port 10000
2025-03-04 07:27:59,605 - INTERNAL - System Time: 2025-03-04 07:27:59.605362, Logical Clock: 39
2025-03-04 07:27:59,941 - RECEIVE - System Time: 2025-03-04 07:27:59.940930, Logical Clock: 42, Queue Length: 0, From: Machine 3
2025-03-04 07:28:00,276 - RECEIVE - System Time: 2025-03-04 07:28:00.276228, Logical Clock: 43, Queue Length: 0, From: Machine 3
2025-03-04 07:28:00,615 - INTERNAL - System Time: 2025-03-04 07:28:00.614865, Logical Clock: 44
2025-03-04 07:28:00,951 - INTERNAL - System Time: 2025-03-04 07:28:00.951448, Logical Clock: 45
2025-03-04 07:28:01,287 - RECEIVE - System Time: 2025-03-04 07:28:01.287601, Logical Clock: 47, Queue Length: 0, From: Machine 3
2025-03-04 07:28:01,622 - INTERNAL - System Time: 2025-03-04 07:28:01.622107, Logical Clock: 48
2025-03-04 07:28:01,959 - INTERNAL - System Time: 2025-03-04 07:28:01.959414, Logical Clock: 49
2025-03-04 07:28:02,294 - INTERNAL - System Time: 2025-03-04 07:28:02.294618, Logical Clock: 50
2025-03-04 07:28:02,633 - RECEIVE - System Time: 2025-03-04 07:28:02.633126, Logical Clock: 53, Queue Length: 0, From: Machine 1
2025-03-04 07:28:02,969 - INTERNAL - System Time: 2025-03-04 07:28:02.969877, Logical Clock: 54
2025-03-04 07:28:03,309 - RECEIVE - System Time: 2025-03-04 07:28:03.308844, Logical Clock: 56, Queue Length: 0, From: Machine 3
2025-03-04 07:28:03,646 - INTERNAL - System Time: 2025-03-04 07:28:03.646408, Logical Clock: 57
2025-03-04 07:28:03,985 - INTERNAL - System Time: 2025-03-04 07:28:03.985140, Logical Clock: 58
2025-03-04 07:28:04,321 - RECEIVE - System Time: 2025-03-04 07:28:04.321280, Logical Clock: 61, Queue Length: 0, From: Machine 1
2025-03-04 07:28:04,658 - RECEIVE - System Time: 2025-03-04 07:28:04.658620, Logical Clock: 63, Queue Length: 0, From: Machine 1
2025-03-04 07:28:04,996 - INTERNAL - System Time: 2025-03-04 07:28:04.996623, Logical Clock: 64
2025-03-04 07:28:05,331 - SEND - System Time: 2025-03-04 07:28:05.331431, Logical Clock: 65, To: Machine on port 10000
2025-03-04 07:28:05,666 - INTERNAL - System Time: 2025-03-04 07:28:05.666417, Logical Clock: 66
2025-03-04 07:28:06,007 - SEND - System Time: 2025-03-04 07:28:06.006788, Logical Clock: 67, To: Machine on port 10000
2025-03-04 07:28:06,345 - RECEIVE - System Time: 2025-03-04 07:28:06.344815, Logical Clock: 69, Queue Length: 0, From: Machine 3
2025-03-04 07:28:06,685 - SEND - System Time: 2025-03-04 07:28:06.684673, Logical Clock: 70, To: Machine on port 10002
2025-03-04 07:28:07,022 - RECEIVE - System Time: 2025-03-04 07:28:07.021989, Logical Clock: 73, Queue Length: 0, From: Machine 1
2025-03-04 07:28:07,361 - RECEIVE - System Time: 2025-03-04 07:28:07.360860, Logical Clock: 75, Queue Length: 0, From: Machine 3
2025-03-04 07:28:07,699 - SEND - System Time: 2025-03-04 07:28:07.699632, Logical Clock: 76, To: Machine on port 10000
2025-03-04 07:28:08,037 - INTERNAL - System Time: 2025-03-04 07:28:08.037386, Logical Clock: 77
2025-03-04 07:28:08,375 - SEND - System Time: 2025-03-04 07:28:08.374626, Logical Clock: 78, To: Machine on port 10002
2025-03-04 07:28:08,712 - INTERNAL - System Time: 2025-03-04 07:28:08.711963, Logical Clock: 79
2025-03-04 07:28:09,049 - RECEIVE - System Time: 2025-03-04 07:28:09.049770, Logical Clock: 81, Queue Length: 0, From: Machine 3
2025-03-04 07:28:09,384 - SEND - System Time: 2025-03-04 07:28:09.384476, Logical Clock: 82, To: Machine on port 10002
2025-03-04 07:28:09,723 - INTERNAL - System Time: 2025-03-04 07:28:09.723164, Logical Clock: 83
2025-03-04 07:28:10,058 - RECEIVE - System Time: 2025-03-04 07:28:10.058021, Logical Clock: 85, Queue Length: 0, From: Machine 3
2025-03-04 07:28:10,393 - RECEIVE - System Time: 2025-03-04 07:28:10.392905, Logical Clock: 87, Queue Length: 0, From: Machine 1
2025-03-04 07:28:10,730 - SEND - System Time: 2025-03-04 07:28:10.730490, Logical Clock: 88, To: Machine on port 10002
2025-03-04 07:28:11,066 - INTERNAL - System Time: 2025-03-04 07:28:11.066769, Logical Clock: 89
2025-03-04 07:28:11,404 - RECEIVE - System Time: 2025-03-04 07:28:11.404580, Logical Clock: 92, Queue Length: 0, From: Machine 1
2025-03-04 07:28:11,738 - RECEIVE - System Time: 2025-03-04 07:28:11.738200, Logical Clock: 93, Queue Length: 0, From: Machine 1
2025-03-04 07:28:12,076 - RECEIVE - System Time: 2025-03-04 07:28:12.076706, Logical Clock: 95, Queue Length: 0, From: Machine 1
2025-03-04 07:28:12,415 - SEND - System Time: 2025-03-04 07:28:12.414970, Logical Clock: 96, To: Machine on port 10000
2025-03-04 07:28:12,751 - INTERNAL - System Time: 2025-03-04 07:28:12.751107, Logical Clock: 97
2025-03-04 07:28:13,089 - INTERNAL - System Time: 2025-03-04 07:28:13.089209, Logical Clock: 98
2025-03-04 07:28:13,423 - INTERNAL - System Time: 2025-03-04 07:28:13.423701, Logical Clock: 99
2025-03-04 07:28:13,762 - INTERNAL - System Time: 2025-03-04 07:28:13.762268, Logical Clock: 100
2025-03-04 07:28:14,099 - INTERNAL - System Time: 2025-03-04 07:28:14.099059, Logical Clock: 101
2025-03-04 07:28:14,439 - INTERNAL - System Time: 2025-03-04 07:28:14.438996, Logical Clock: 102
2025-03-04 07:28:14,778 - SEND - System Time: 2025-03-04 07:28:14.778015, Logical Clock: 103, To: Machine on port 10002
2025-03-04 07:28:15,116 - INTERNAL - System Time: 2025-03-04 07:28:15.116286, Logical Clock: 104
2025-03-04 07:28:15,451 - SEND - System Time: 2025-03-04 07:28:15.451399, Logical Clock: 105, To: Machine on port 10000
2025-03-04 07:28:15,451 - SEND - System Time: 2025-03-04 07:28:15.451399, Logical Clock: 105, To: Machine on port 10002
2025-03-04 07:28:15,790 - SEND - System Time: 2025-03-04 07:28:15.790246, Logical Clock: 106, To: Machine on port 10000
2025-03-04 07:28:16,129 - RECEIVE - System Time: 2025-03-04 07:28:16.129198, Logical Clock: 113, Queue Length: 0, From: Machine 1
2025-03-04 07:28:16,466 - RECEIVE - System Time: 2025-03-04 07:28:16.466596, Logical Clock: 114, Queue Length: 0, From: Machine 1
2025-03-04 07:28:16,803 - RECEIVE - System Time: 2025-03-04 07:28:16.803368, Logical Clock: 115, Queue Length: 0, From: Machine 1
2025-03-04 07:28:17,138 - RECEIVE - System Time: 2025-03-04 07:28:17.138210, Logical Clock: 116, Queue Length: 0, From: Machine 1
2025-03-04 07:28:17,474 - RECEIVE - System Time: 2025-03-04 07:28:17.474686, Logical Clock: 119, Queue Length: 0, From: Machine 3
2025-03-04 07:28:17,813 - INTERNAL - System Time: 2025-03-04 07:28:17.813407, Logical Clock: 120
2025-03-04 07:28:18,151 - INTERNAL - System Time: 2025-03-04 07:28:18.150929, Logical Clock: 121
2025-03-04 07:28:18,489 - INTERNAL - System Time: 2025-03-04 07:28:18.489414, Logical Clock: 122
2025-03-04 07:28:18,825 - INTERNAL - System Time: 2025-03-04 07:28:18.825553, Logical Clock: 123
2025-03-04 07:28:19,160 - RECEIVE - System Time: 2025-03-04 07:28:19.159986, Logical Clock: 125, Queue Length: 0, From: Machine 1
2025-03-04 07:28:19,494 - INTERNAL - System Time: 2025-03-04 07:28:19.494041, Logical Clock: 126
2025-03-04 07:28:19,831 - INTERNAL - System Time: 2025-03-04 07:28:19.831608, Logical Clock: 127
2025-03-04 07:28:20,165 - INTERNAL - System Time: 2025-03-04 07:28:20.165761, Logical Clock: 128
2025-03-04 07:28:20,502 - INTERNAL - System Time: 2025-03-04 07:28:20.502010, Logical Clock: 129
2025-03-04 07:28:20,838 - INTERNAL - System Time: 2025-03-04 07:28:20.838724, Logical Clock: 130
2025-03-04 07:28:21,174 - INTERNAL - System Time: 2025-03-04 07:28:21.174191, Logical Clock: 131
2025-03-04 07:28:21,512 - INTERNAL - System Time: 2025-03-04 07:28:21.512482, Logical Clock: 132
2025-03-04 07:28:21,852 - RECEIVE - System Time: 2025-03-04 07:28:21.851994, Logical Clock: 137, Queue Length: 0, From: Machine 3
2025-03-04 07:28:22,188 - RECEIVE - System Time: 2025-03-04 07:28:22.188693, Logical Clock: 139, Queue Length: 0, From: Machine 3
2025-03-04 07:28:22,525 - SEND - System Time: 2025-03-04 07:28:22.525595, Logical Clock: 140, To: Machine on port 10000
2025-03-04 07:28:22,860 - INTERNAL - System Time: 2025-03-04 07:28:22.860084, Logical Clock: 141
2025-03-04 07:28:23,195 - INTERNAL - System Time: 2025-03-04 07:28:23.195142, Logical Clock: 142
2025-03-04 07:28:23,533 - SEND - System Time: 2025-03-04 07:28:23.533356, Logical Clock: 143, To: Machine on port 10000
2025-03-04 07:28:23,872 - INTERNAL - System Time: 2025-03-04 07:28:23.872012, Logical Clock: 144
2025-03-04 07:28:24,211 - INTERNAL - System Time: 2025-03-04 07:28:24.211389, Logical Clock: 145
2025-03-04 07:28:24,549 - RECEIVE - System Time: 2025-03-04 07:28:24.549591, Logical Clock: 149, Queue Length: 0, From: Machine 1
2025-03-04 07:28:24,885 - INTERNAL - System Time: 2025-03-04 07:28:24.885329, Logical Clock: 150
2025-03-04 07:28:25,221 - INTERNAL - System Time: 2025-03-04 07:28:25.221727, Logical Clock: 151
2025-03-04 07:28:25,559 - INTERNAL - System Time: 2025-03-04 07:28:25.558866, Logical Clock: 152
2025-03-04 07:28:25,896 - SEND - System Time: 2025-03-04 07:28:25.896869, Logical Clock: 153, To: Machine on port 10000
2025-03-04 07:28:26,233 - RECEIVE - System Time: 2025-03-04 07:28:26.233345, Logical Clock: 156, Queue Length: 0, From: Machine 1
2025-03-04 07:28:26,571 - RECEIVE - System Time: 2025-03-04 07:28:26.571336, Logical Clock: 157, Queue Length: 0, From: Machine 3
2025-03-04 07:28:26,909 - RECEIVE - System Time: 2025-03-04 07:28:26.908858, Logical Clock: 158, Queue Length: 0, From: Machine 1
2025-03-04 07:28:27,247 - INTERNAL - System Time: 2025-03-04 07:28:27.247763, Logical Clock: 159
2025-03-04 07:28:27,585 - RECEIVE - System Time: 2025-03-04 07:28:27.585723, Logical Clock: 161, Queue Length: 0, From: Machine 3
2025-03-04 07:28:27,923 - INTERNAL - System Time: 2025-03-04 07:28:27.923839, Logical Clock: 162
2025-03-04 07:28:28,263 - SEND - System Time: 2025-03-04 07:28:28.262562, Logical Clock: 163, To: Machine on port 10000
2025-03-04 07:28:28,600 - INTERNAL - System Time: 2025-03-04 07:28:28.599980, Logical Clock: 164
2025-03-04 07:28:28,938 - RECEIVE - System Time: 2025-03-04 07:28:28.937805, Logical Clock: 166, Queue Length: 0, From: Machine 3
2025-03-04 07:28:29,275 - RECEIVE - System Time: 2025-03-04 07:28:29.274887, Logical Clock: 169, Queue Length: 0, From: Machine 1
2025-03-04 07:28:29,609 - INTERNAL - System Time: 2025-03-04 07:28:29.609416, Logical Clock: 170
2025-03-04 07:28:29,943 - INTERNAL - System Time: 2025-03-04 07:28:29.943868, Logical Clock: 171
2025-03-04 07:28:30,282 - RECEIVE - System Time: 2025-03-04 07:28:30.282391, Logical Clock: 173, Queue Length: 0, From: Machine 3
2025-03-04 07:28:30,621 - INTERNAL - System Time: 2025-03-04 07:28:30.621037, Logical Clock: 174
2025-03-04 07:28:30,959 - RECEIVE - System Time: 2025-03-04 07:28:30.959079, Logical Clock: 176, Queue Length: 0, From: Machine 1
2025-03-04 07:28:31,297 - INTERNAL - System Time: 2025-03-04 07:28:31.297642, Logical Clock: 177
2025-03-04 07:28:31,634 - RECEIVE - System Time: 2025-03-04 07:28:31.634347, Logical Clock: 179, Queue Length: 0, From: Machine 1
2025-03-04 07:28:31,970 - SEND - System Time: 2025-03-04 07:28:31.970334, Logical Clock: 180, To: Machine on port 10000
2025-03-04 07:28:32,308 - INTERNAL - System Time: 2025-03-04 07:28:32.307793, Logical Clock: 181
2025-03-04 07:28:32,642 - RECEIVE - System Time: 2025-03-04 07:28:32.642565, Logical Clock: 183, Queue Length: 1, From: Machine 3
2025-03-04 07:28:32,981 - RECEIVE - System Time: 2025-03-04 07:28:32.980805, Logical Clock: 184, Queue Length: 0, From: Machine 1
2025-03-04 07:28:33,317 - INTERNAL - System Time: 2025-03-04 07:28:33.317022, Logical Clock: 185
2025-03-04 07:28:33,655 - INTERNAL - System Time: 2025-03-04 07:28:33.655040, Logical Clock: 186
2025-03-04 07:28:33,992 - INTERNAL - System Time: 2025-03-04 07:28:33.992184, Logical Clock: 187
2025-03-04 07:28:34,330 - SEND - System Time: 2025-03-04 07:28:34.329960, Logical Clock: 188, To: Machine on port 10000
2025-03-04 07:28:34,330 - SEND - System Time: 2025-03-04 07:28:34.329960, Logical Clock: 188, To: Machine on port 10002
2025-03-04 07:28:34,667 - INTERNAL - System Time: 2025-03-04 07:28:34.667094, Logical Clock: 189
2025-03-04 07:28:35,004 - RECEIVE - System Time: 2025-03-04 07:28:35.004678, Logical Clock: 193, Queue Length: 0, From: Machine 1
2025-03-04 07:28:35,340 - INTERNAL - System Time: 2025-03-04 07:28:35.340157, Logical Clock: 194
2025-03-04 07:28:35,677 - INTERNAL - System Time: 2025-03-04 07:28:35.677236, Logical Clock: 195
2025-03-04 07:28:36,012 - SEND - System Time: 2025-03-04 07:28:36.012163, Logical Clock: 196, To: Machine on port 10000
2025-03-04 07:28:36,012 - SEND - System Time: 2025-03-04 07:28:36.012163, Logical Clock: 196, To: Machine on port 10002
2025-03-04 07:28:36,347 - INTERNAL - System Time: 2025-03-04 07:28:36.347305, Logical Clock: 197
2025-03-04 07:28:36,686 - SEND - System Time: 2025-03-04 07:28:36.686115, Logical Clock: 198, To: Machine on port 10000
2025-03-04 07:28:37,021 - INTERNAL - System Time: 2025-03-04 07:28:37.020870, Logical Clock: 199
2025-03-04 07:28:37,359 - INTERNAL - System Time: 2025-03-04 07:28:37.359296, Logical Clock: 200
2025-03-04 07:28:37,695 - SEND - System Time: 2025-03-04 07:28:37.694744, Logical Clock: 201, To: Machine on port 10000
2025-03-04 07:28:37,695 - SEND - System Time: 2025-03-04 07:28:37.694744, Logical Clock: 201, To: Machine on port 10002
2025-03-04 07:28:38,033 - RECEIVE - System Time: 2025-03-04 07:28:38.032818, Logical Clock: 206, Queue Length: 0, From: Machine 3
2025-03-04 07:28:38,367 - SEND - System Time: 2025-03-04 07:28:38.367477, Logical Clock: 207, To: Machine on port 10000
2025-03-04 07:28:38,704 - SEND - System Time: 2025-03-04 07:28:38.704217, Logical Clock: 208, To: Machine on port 10000
2025-03-04 07:28:39,041 - SEND - System Time: 2025-03-04 07:28:39.040890, Logical Clock: 209, To: Machine on port 10000
2025-03-04 07:28:39,380 - INTERNAL - System Time: 2025-03-04 07:28:39.379882, Logical Clock: 210
2025-03-04 07:28:39,715 - INTERNAL - System Time: 2025-03-04 07:28:39.715374, Logical Clock: 211
2025-03-04 07:28:40,052 - RECEIVE - System Time: 2025-03-04 07:28:40.052298, Logical Clock: 214, Queue Length: 0, From: Machine 3
2025-03-04 07:28:40,390 - INTERNAL - System Time: 2025-03-04 07:28:40.390555, Logical Clock: 215
2025-03-04 07:28:40,729 - INTERNAL - System Time: 2025-03-04 07:28:40.729246, Logical Clock: 216
2025-03-04 07:28:41,067 - INTERNAL - System Time: 2025-03-04 07:28:41.066981, Logical Clock: 217
2025-03-04 07:28:41,403 - INTERNAL - System Time: 2025-03-04 07:28:41.403685, Logical Clock: 218
2025-03-04 07:28:41,745 - INTERNAL - System Time: 2025-03-04 07:28:41.740580, Logical Clock: 219
2025-03-04 07:28:42,082 - INTERNAL - System Time: 2025-03-04 07:28:42.082821, Logical Clock: 220
2025-03-04 07:28:42,416 - INTERNAL - System Time: 2025-03-04 07:28:42.416627, Logical Clock: 221
2025-03-04 07:28:42,755 - RECEIVE - System Time: 2025-03-04 07:28:42.755258, Logical Clock: 225, Queue Length: 0, From: Machine 1
2025-03-04 07:28:43,093 - RECEIVE - System Time: 2025-03-04 07:28:43.093637, Logical Clock: 227, Queue Length: 0, From: Machine 3
2025-03-04 07:28:43,432 - INTERNAL - System Time: 2025-03-04 07:28:43.432261, Logical Clock: 228
2025-03-04 07:28:43,768 - RECEIVE - System Time: 2025-03-04 07:28:43.768497, Logical Clock: 229, Queue Length: 0, From: Machine 3
2025-03-04 07:28:44,106 - SEND - System Time: 2025-03-04 07:28:44.106817, Logical Clock: 230, To: Machine on port 10000
2025-03-04 07:28:44,445 - SEND - System Time: 2025-03-04 07:28:44.445587, Logical Clock: 231, To: Machine on port 10000
2025-03-04 07:28:44,780 - RECEIVE - System Time: 2025-03-04 07:28:44.780525, Logical Clock: 234, Queue Length: 0, From: Machine 1
2025-03-04 07:28:45,119 - INTERNAL - System Time: 2025-03-04 07:28:45.119288, Logical Clock: 235
2025-03-04 07:28:45,456 - SEND - System Time: 2025-03-04 07:28:45.456310, Logical Clock: 236, To: Machine on port 10002
2025-03-04 07:28:45,795 - INTERNAL - System Time: 2025-03-04 07:28:45.795535, Logical Clock: 237
2025-03-04 07:28:46,133 - INTERNAL - System Time: 2025-03-04 07:28:46.133332, Logical Clock: 238
2025-03-04 07:28:46,471 - RECEIVE - System Time: 2025-03-04 07:28:46.471719, Logical Clock: 240, Queue Length: 0, From: Machine 1
2025-03-04 07:28:46,810 - RECEIVE - System Time: 2025-03-04 07:28:46.810509, Logical Clock: 242, Queue Length: 0, From: Machine 3
2025-03-04 07:28:47,149 - RECEIVE - System Time: 2025-03-04 07:28:47.149145, Logical Clock: 244, Queue Length: 0, From: Machine 3
2025-03-04 07:28:47,487 - RECEIVE - System Time: 2025-03-04 07:28:47.487797, Logical Clock: 245, Queue Length: 0, From: Machine 3
2025-03-04 07:28:47,823 - INTERNAL - System Time: 2025-03-04 07:28:47.823061, Logical Clock: 246
2025-03-04 07:28:48,161 - INTERNAL - System Time: 2025-03-04 07:28:48.161806, Logical Clock: 247
2025-03-04 07:28:48,500 - INTERNAL - System Time: 2025-03-04 07:28:48.500003, Logical Clock: 248
2025-03-04 07:28:48,836 - RECEIVE - System Time: 2025-03-04 07:28:48.836141, Logical Clock: 250, Queue Length: 0, From: Machine 3
2025-03-04 07:28:49,174 - INTERNAL - System Time: 2025-03-04 07:28:49.173976, Logical Clock: 251
2025-03-04 07:28:49,511 - RECEIVE - System Time: 2025-03-04 07:28:49.511472, Logical Clock: 253, Queue Length: 1, From: Machine 1
2025-03-04 07:28:49,847 - RECEIVE - System Time: 2025-03-04 07:28:49.847879, Logical Clock: 254, Queue Length: 0, From: Machine 3
