2025-03-04 07:27:50,015 - Virtual Machine 3 initialized
2025-03-04 07:27:50,016 - Clock Rate: 4 ticks/second
2025-03-04 07:27:50,016 - Listening on port: 10002
2025-03-04 07:27:50,016 - Peer ports: [10000, 10001]
2025-03-04 07:27:50,017 - Connected to peer on port 10000
2025-03-04 07:27:50,017 - Connected to peer on port 10001
2025-03-04 07:27:50,017 - Network initialization completed
2025-03-04 07:27:50,017 - Starting main event loop
2025-03-04 07:27:50,017 - Clock rate: 4 ticks/second
2025-03-04 07:27:50,017 - INTERNAL - System Time: 2025-03-04 07:27:50.017643, Logical Clock: 1
2025-03-04 07:27:50,153 - Accepted connection from ('127.0.0.1', 55169)
2025-03-04 07:27:50,273 - INTERNAL - System Time: 2025-03-04 07:27:50.272889, Logical Clock: 2
2025-03-04 07:27:50,504 - Accepted connection from ('127.0.0.1', 55170)
2025-03-04 07:27:50,526 - INTERNAL - System Time: 2025-03-04 07:27:50.526450, Logical Clock: 3
2025-03-04 07:27:50,782 - SEND - System Time: 2025-03-04 07:27:50.781936, Logical Clock: 4, To: Machine on port 10000
2025-03-04 07:27:51,036 - INTERNAL - System Time: 2025-03-04 07:27:51.035776, Logical Clock: 5
2025-03-04 07:27:51,291 - INTERNAL - System Time: 2025-03-04 07:27:51.291287, Logical Clock: 6
2025-03-04 07:27:51,543 - SEND - System Time: 2025-03-04 07:27:51.543172, Logical Clock: 7, To: Machine on port 10000
2025-03-04 07:27:51,543 - SEND - System Time: 2025-03-04 07:27:51.543172, Logical Clock: 7, To: Machine on port 10001
2025-03-04 07:27:51,799 - INTERNAL - System Time: 2025-03-04 07:27:51.799020, Logical Clock: 8
2025-03-04 07:27:52,054 - RECEIVE - System Time: 2025-03-04 07:27:52.054700, Logical Clock: 10, Queue Length: 0, From: Machine 1
2025-03-04 07:27:52,310 - INTERNAL - System Time: 2025-03-04 07:27:52.310035, Logical Clock: 11
2025-03-04 07:27:52,564 - RECEIVE - System Time: 2025-03-04 07:27:52.564783, Logical Clock: 12, Queue Length: 0, From: Machine 1
2025-03-04 07:27:52,816 - INTERNAL - System Time: 2025-03-04 07:27:52.816544, Logical Clock: 13
2025-03-04 07:27:53,069 - RECEIVE - System Time: 2025-03-04 07:27:53.069440, Logical Clock: 14, Queue Length: 0, From: Machine 1
2025-03-04 07:27:53,321 - RECEIVE - System Time: 2025-03-04 07:27:53.320841, Logical Clock: 15, Queue Length: 0, From: Machine 1
2025-03-04 07:27:53,575 - INTERNAL - System Time: 2025-03-04 07:27:53.575250, Logical Clock: 16
2025-03-04 07:27:53,830 - RECEIVE - System Time: 2025-03-04 07:27:53.830265, Logical Clock: 17, Queue Length: 0, From: Machine 1
2025-03-04 07:27:54,084 - INTERNAL - System Time: 2025-03-04 07:27:54.084246, Logical Clock: 18
2025-03-04 07:27:54,339 - RECEIVE - System Time: 2025-03-04 07:27:54.339503, Logical Clock: 19, Queue Length: 0, From: Machine 2
2025-03-04 07:27:54,593 - RECEIVE - System Time: 2025-03-04 07:27:54.593586, Logical Clock: 20, Queue Length: 0, From: Machine 1
2025-03-04 07:27:54,849 - RECEIVE - System Time: 2025-03-04 07:27:54.849011, Logical Clock: 21, Queue Length: 0, From: Machine 1
2025-03-04 07:27:55,104 - INTERNAL - System Time: 2025-03-04 07:27:55.104288, Logical Clock: 22
2025-03-04 07:27:55,356 - INTERNAL - System Time: 2025-03-04 07:27:55.356045, Logical Clock: 23
2025-03-04 07:27:55,611 - RECEIVE - System Time: 2025-03-04 07:27:55.610985, Logical Clock: 24, Queue Length: 0, From: Machine 2
2025-03-04 07:27:55,867 - SEND - System Time: 2025-03-04 07:27:55.866539, Logical Clock: 25, To: Machine on port 10001
2025-03-04 07:27:56,121 - RECEIVE - System Time: 2025-03-04 07:27:56.121455, Logical Clock: 26, Queue Length: 0, From: Machine 1
2025-03-04 07:27:56,373 - SEND - System Time: 2025-03-04 07:27:56.373691, Logical Clock: 27, To: Machine on port 10001
2025-03-04 07:27:56,628 - INTERNAL - System Time: 2025-03-04 07:27:56.628308, Logical Clock: 28
2025-03-04 07:27:56,882 - INTERNAL - System Time: 2025-03-04 07:27:56.882848, Logical Clock: 29
2025-03-04 07:27:57,134 - RECEIVE - System Time: 2025-03-04 07:27:57.134570, Logical Clock: 30, Queue Length: 0, From: Machine 2
2025-03-04 07:27:57,390 - INTERNAL - System Time: 2025-03-04 07:27:57.389851, Logical Clock: 31
2025-03-04 07:27:57,646 - INTERNAL - System Time: 2025-03-04 07:27:57.646115, Logical Clock: 32
2025-03-04 07:27:57,901 - INTERNAL - System Time: 2025-03-04 07:27:57.901226, Logical Clock: 33
2025-03-04 07:27:58,156 - INTERNAL - System Time: 2025-03-04 07:27:58.155886, Logical Clock: 34
2025-03-04 07:27:58,409 - INTERNAL - System Time: 2025-03-04 07:27:58.409002, Logical Clock: 35
2025-03-04 07:27:58,664 - SEND - System Time: 2025-03-04 07:27:58.664202, Logical Clock: 36, To: Machine on port 10001
2025-03-04 07:27:58,916 - SEND - System Time: 2025-03-04 07:27:58.916423, Logical Clock: 37, To: Machine on port 10000
2025-03-04 07:27:59,172 - INTERNAL - System Time: 2025-03-04 07:27:59.171902, Logical Clock: 38
2025-03-04 07:27:59,425 - INTERNAL - System Time: 2025-03-04 07:27:59.424936, Logical Clock: 39
2025-03-04 07:27:59,680 - INTERNAL - System Time: 2025-03-04 07:27:59.680157, Logical Clock: 40
2025-03-04 07:27:59,933 - SEND - System Time: 2025-03-04 07:27:59.933049, Logical Clock: 41, To: Machine on port 10001
2025-03-04 07:28:00,188 - SEND - System Time: 2025-03-04 07:28:00.188192, Logical Clock: 42, To: Machine on port 10000
2025-03-04 07:28:00,188 - SEND - System Time: 2025-03-04 07:28:00.188192, Logical Clock: 42, To: Machine on port 10001
2025-03-04 07:28:00,440 - INTERNAL - System Time: 2025-03-04 07:28:00.440827, Logical Clock: 43
2025-03-04 07:28:00,692 - SEND - System Time: 2025-03-04 07:28:00.692290, Logical Clock: 44, To: Machine on port 10000
2025-03-04 07:28:00,947 - SEND - System Time: 2025-03-04 07:28:00.947667, Logical Clock: 45, To: Machine on port 10000
2025-03-04 07:28:01,203 - SEND - System Time: 2025-03-04 07:28:01.203117, Logical Clock: 46, To: Machine on port 10000
2025-03-04 07:28:01,203 - SEND - System Time: 2025-03-04 07:28:01.203117, Logical Clock: 46, To: Machine on port 10001
2025-03-04 07:28:01,458 - INTERNAL - System Time: 2025-03-04 07:28:01.457852, Logical Clock: 47
2025-03-04 07:28:01,712 - INTERNAL - System Time: 2025-03-04 07:28:01.712564, Logical Clock: 48
2025-03-04 07:28:01,967 - INTERNAL - System Time: 2025-03-04 07:28:01.967735, Logical Clock: 49
2025-03-04 07:28:02,223 - RECEIVE - System Time: 2025-03-04 07:28:02.222917, Logical Clock: 52, Queue Length: 0, From: Machine 1
2025-03-04 07:28:02,478 - RECEIVE - System Time: 2025-03-04 07:28:02.478564, Logical Clock: 53, Queue Length: 0, From: Machine 1
2025-03-04 07:28:02,730 - INTERNAL - System Time: 2025-03-04 07:28:02.730250, Logical Clock: 54
2025-03-04 07:28:02,982 - SEND - System Time: 2025-03-04 07:28:02.982362, Logical Clock: 55, To: Machine on port 10000
2025-03-04 07:28:02,982 - SEND - System Time: 2025-03-04 07:28:02.982362, Logical Clock: 55, To: Machine on port 10001
2025-03-04 07:28:03,238 - SEND - System Time: 2025-03-04 07:28:03.237967, Logical Clock: 56, To: Machine on port 10000
2025-03-04 07:28:03,491 - INTERNAL - System Time: 2025-03-04 07:28:03.490887, Logical Clock: 57
2025-03-04 07:28:03,744 - INTERNAL - System Time: 2025-03-04 07:28:03.743948, Logical Clock: 58
2025-03-04 07:28:03,999 - INTERNAL - System Time: 2025-03-04 07:28:03.999772, Logical Clock: 59
2025-03-04 07:28:04,253 - RECEIVE - System Time: 2025-03-04 07:28:04.253147, Logical Clock: 61, Queue Length: 0, From: Machine 1
2025-03-04 07:28:04,504 - INTERNAL - System Time: 2025-03-04 07:28:04.504421, Logical Clock: 62
2025-03-04 07:28:04,760 - RECEIVE - System Time: 2025-03-04 07:28:04.760099, Logical Clock: 63, Queue Length: 0, From: Machine 1
2025-03-04 07:28:05,012 - INTERNAL - System Time: 2025-03-04 07:28:05.012741, Logical Clock: 64
2025-03-04 07:28:05,267 - RECEIVE - System Time: 2025-03-04 07:28:05.267181, Logical Clock: 65, Queue Length: 0, From: Machine 1
2025-03-04 07:28:05,520 - INTERNAL - System Time: 2025-03-04 07:28:05.520287, Logical Clock: 66
2025-03-04 07:28:05,772 - INTERNAL - System Time: 2025-03-04 07:28:05.772829, Logical Clock: 67
2025-03-04 07:28:06,026 - SEND - System Time: 2025-03-04 07:28:06.026428, Logical Clock: 68, To: Machine on port 10000
2025-03-04 07:28:06,027 - SEND - System Time: 2025-03-04 07:28:06.026428, Logical Clock: 68, To: Machine on port 10001
2025-03-04 07:28:06,278 - INTERNAL - System Time: 2025-03-04 07:28:06.278484, Logical Clock: 69
2025-03-04 07:28:06,533 - SEND - System Time: 2025-03-04 07:28:06.533543, Logical Clock: 70, To: Machine on port 10000
2025-03-04 07:28:06,788 - RECEIVE - System Time: 2025-03-04 07:28:06.787983, Logical Clock: 71, Queue Length: 0, From: Machine 2
2025-03-04 07:28:07,040 - RECEIVE - System Time: 2025-03-04 07:28:07.040261, Logical Clock: 73, Queue Length: 0, From: Machine 1
2025-03-04 07:28:07,295 - SEND - System Time: 2025-03-04 07:28:07.295887, Logical Clock: 74, To: Machine on port 10001
2025-03-04 07:28:07,551 - INTERNAL - System Time: 2025-03-04 07:28:07.551177, Logical Clock: 75
2025-03-04 07:28:07,804 - SEND - System Time: 2025-03-04 07:28:07.804329, Logical Clock: 76, To: Machine on port 10000
2025-03-04 07:28:08,058 - INTERNAL - System Time: 2025-03-04 07:28:08.058393, Logical Clock: 77
2025-03-04 07:28:08,314 - INTERNAL - System Time: 2025-03-04 07:28:08.313856, Logical Clock: 78
2025-03-04 07:28:08,569 - RECEIVE - System Time: 2025-03-04 07:28:08.568994, Logical Clock: 79, Queue Length: 0, From: Machine 2
2025-03-04 07:28:08,824 - SEND - System Time: 2025-03-04 07:28:08.823950, Logical Clock: 80, To: Machine on port 10001
2025-03-04 07:28:09,076 - SEND - System Time: 2025-03-04 07:28:09.076595, Logical Clock: 81, To: Machine on port 10000
2025-03-04 07:28:09,330 - SEND - System Time: 2025-03-04 07:28:09.330936, Logical Clock: 82, To: Machine on port 10000
2025-03-04 07:28:09,586 - RECEIVE - System Time: 2025-03-04 07:28:09.586236, Logical Clock: 83, Queue Length: 0, From: Machine 2
2025-03-04 07:28:09,842 - SEND - System Time: 2025-03-04 07:28:09.842008, Logical Clock: 84, To: Machine on port 10001
2025-03-04 07:28:10,093 - INTERNAL - System Time: 2025-03-04 07:28:10.093761, Logical Clock: 85
2025-03-04 07:28:10,349 - RECEIVE - System Time: 2025-03-04 07:28:10.349401, Logical Clock: 87, Queue Length: 0, From: Machine 1
2025-03-04 07:28:10,603 - SEND - System Time: 2025-03-04 07:28:10.603363, Logical Clock: 88, To: Machine on port 10000
2025-03-04 07:28:10,855 - RECEIVE - System Time: 2025-03-04 07:28:10.855646, Logical Clock: 89, Queue Length: 0, From: Machine 2
2025-03-04 07:28:11,108 - INTERNAL - System Time: 2025-03-04 07:28:11.108301, Logical Clock: 90
2025-03-04 07:28:11,362 - INTERNAL - System Time: 2025-03-04 07:28:11.362157, Logical Clock: 91
2025-03-04 07:28:11,617 - INTERNAL - System Time: 2025-03-04 07:28:11.617458, Logical Clock: 92
2025-03-04 07:28:11,869 - INTERNAL - System Time: 2025-03-04 07:28:11.869063, Logical Clock: 93
2025-03-04 07:28:12,121 - INTERNAL - System Time: 2025-03-04 07:28:12.121667, Logical Clock: 94
2025-03-04 07:28:12,376 - INTERNAL - System Time: 2025-03-04 07:28:12.376065, Logical Clock: 95
2025-03-04 07:28:12,630 - INTERNAL - System Time: 2025-03-04 07:28:12.629929, Logical Clock: 96
2025-03-04 07:28:12,883 - RECEIVE - System Time: 2025-03-04 07:28:12.883632, Logical Clock: 99, Queue Length: 0, From: Machine 1
2025-03-04 07:28:13,136 - SEND - System Time: 2025-03-04 07:28:13.136024, Logical Clock: 100, To: Machine on port 10000
2025-03-04 07:28:13,390 - INTERNAL - System Time: 2025-03-04 07:28:13.390732, Logical Clock: 101
2025-03-04 07:28:13,646 - INTERNAL - System Time: 2025-03-04 07:28:13.646518, Logical Clock: 102
2025-03-04 07:28:13,902 - INTERNAL - System Time: 2025-03-04 07:28:13.902241, Logical Clock: 103
2025-03-04 07:28:14,156 - INTERNAL - System Time: 2025-03-04 07:28:14.156244, Logical Clock: 104
2025-03-04 07:28:14,408 - SEND - System Time: 2025-03-04 07:28:14.407786, Logical Clock: 105, To: Machine on port 10000
2025-03-04 07:28:14,662 - INTERNAL - System Time: 2025-03-04 07:28:14.662500, Logical Clock: 106
2025-03-04 07:28:14,916 - RECEIVE - System Time: 2025-03-04 07:28:14.916489, Logical Clock: 107, Queue Length: 0, From: Machine 2
2025-03-04 07:28:15,171 - INTERNAL - System Time: 2025-03-04 07:28:15.171141, Logical Clock: 108
2025-03-04 07:28:15,424 - INTERNAL - System Time: 2025-03-04 07:28:15.424335, Logical Clock: 109
2025-03-04 07:28:15,679 - RECEIVE - System Time: 2025-03-04 07:28:15.679652, Logical Clock: 110, Queue Length: 0, From: Machine 2
2025-03-04 07:28:15,935 - INTERNAL - System Time: 2025-03-04 07:28:15.935099, Logical Clock: 111
2025-03-04 07:28:16,189 - RECEIVE - System Time: 2025-03-04 07:28:16.189296, Logical Clock: 113, Queue Length: 0, From: Machine 1
2025-03-04 07:28:16,440 - INTERNAL - System Time: 2025-03-04 07:28:16.440595, Logical Clock: 114
2025-03-04 07:28:16,694 - RECEIVE - System Time: 2025-03-04 07:28:16.694629, Logical Clock: 115, Queue Length: 0, From: Machine 1
2025-03-04 07:28:16,949 - RECEIVE - System Time: 2025-03-04 07:28:16.949030, Logical Clock: 116, Queue Length: 0, From: Machine 1
2025-03-04 07:28:17,204 - SEND - System Time: 2025-03-04 07:28:17.203813, Logical Clock: 117, To: Machine on port 10000
2025-03-04 07:28:17,456 - SEND - System Time: 2025-03-04 07:28:17.456500, Logical Clock: 118, To: Machine on port 10000
2025-03-04 07:28:17,457 - SEND - System Time: 2025-03-04 07:28:17.456500, Logical Clock: 118, To: Machine on port 10001
2025-03-04 07:28:17,710 - INTERNAL - System Time: 2025-03-04 07:28:17.709789, Logical Clock: 119
2025-03-04 07:28:17,966 - SEND - System Time: 2025-03-04 07:28:17.965835, Logical Clock: 120, To: Machine on port 10000
2025-03-04 07:28:18,219 - INTERNAL - System Time: 2025-03-04 07:28:18.219231, Logical Clock: 121
2025-03-04 07:28:18,475 - INTERNAL - System Time: 2025-03-04 07:28:18.474893, Logical Clock: 122
2025-03-04 07:28:18,726 - RECEIVE - System Time: 2025-03-04 07:28:18.726503, Logical Clock: 124, Queue Length: 0, From: Machine 1
2025-03-04 07:28:18,980 - RECEIVE - System Time: 2025-03-04 07:28:18.980095, Logical Clock: 125, Queue Length: 0, From: Machine 1
2025-03-04 07:28:19,232 - INTERNAL - System Time: 2025-03-04 07:28:19.232498, Logical Clock: 126
2025-03-04 07:28:19,483 - SEND - System Time: 2025-03-04 07:28:19.483666, Logical Clock: 127, To: Machine on port 10000
2025-03-04 07:28:19,736 - INTERNAL - System Time: 2025-03-04 07:28:19.736061, Logical Clock: 128
2025-03-04 07:28:19,991 - RECEIVE - System Time: 2025-03-04 07:28:19.991472, Logical Clock: 130, Queue Length: 0, From: Machine 1
2025-03-04 07:28:20,247 - INTERNAL - System Time: 2025-03-04 07:28:20.247188, Logical Clock: 131
2025-03-04 07:28:20,499 - RECEIVE - System Time: 2025-03-04 07:28:20.498975, Logical Clock: 132, Queue Length: 0, From: Machine 1
2025-03-04 07:28:20,754 - INTERNAL - System Time: 2025-03-04 07:28:20.753784, Logical Clock: 133
2025-03-04 07:28:21,005 - INTERNAL - System Time: 2025-03-04 07:28:21.005614, Logical Clock: 134
2025-03-04 07:28:21,258 - INTERNAL - System Time: 2025-03-04 07:28:21.258148, Logical Clock: 135
2025-03-04 07:28:21,514 - SEND - System Time: 2025-03-04 07:28:21.513966, Logical Clock: 136, To: Machine on port 10000
2025-03-04 07:28:21,514 - SEND - System Time: 2025-03-04 07:28:21.513966, Logical Clock: 136, To: Machine on port 10001
2025-03-04 07:28:21,769 - INTERNAL - System Time: 2025-03-04 07:28:21.769200, Logical Clock: 137
2025-03-04 07:28:22,025 - SEND - System Time: 2025-03-04 07:28:22.024720, Logical Clock: 138, To: Machine on port 10001
2025-03-04 07:28:22,275 - INTERNAL - System Time: 2025-03-04 07:28:22.275732, Logical Clock: 139
2025-03-04 07:28:22,528 - INTERNAL - System Time: 2025-03-04 07:28:22.528490, Logical Clock: 140
2025-03-04 07:28:22,780 - INTERNAL - System Time: 2025-03-04 07:28:22.780012, Logical Clock: 141
2025-03-04 07:28:23,032 - INTERNAL - System Time: 2025-03-04 07:28:23.032221, Logical Clock: 142
2025-03-04 07:28:23,286 - INTERNAL - System Time: 2025-03-04 07:28:23.286128, Logical Clock: 143
2025-03-04 07:28:23,539 - RECEIVE - System Time: 2025-03-04 07:28:23.538978, Logical Clock: 145, Queue Length: 0, From: Machine 1
2025-03-04 07:28:23,793 - INTERNAL - System Time: 2025-03-04 07:28:23.793871, Logical Clock: 146
2025-03-04 07:28:24,049 - INTERNAL - System Time: 2025-03-04 07:28:24.049307, Logical Clock: 147
2025-03-04 07:28:24,301 - INTERNAL - System Time: 2025-03-04 07:28:24.301501, Logical Clock: 148
2025-03-04 07:28:24,556 - RECEIVE - System Time: 2025-03-04 07:28:24.556571, Logical Clock: 149, Queue Length: 0, From: Machine 1
2025-03-04 07:28:24,810 - RECEIVE - System Time: 2025-03-04 07:28:24.810177, Logical Clock: 150, Queue Length: 0, From: Machine 1
2025-03-04 07:28:25,062 - INTERNAL - System Time: 2025-03-04 07:28:25.062125, Logical Clock: 151
2025-03-04 07:28:25,317 - INTERNAL - System Time: 2025-03-04 07:28:25.317015, Logical Clock: 152
2025-03-04 07:28:25,568 - INTERNAL - System Time: 2025-03-04 07:28:25.568529, Logical Clock: 153
2025-03-04 07:28:25,822 - INTERNAL - System Time: 2025-03-04 07:28:25.822926, Logical Clock: 154
2025-03-04 07:28:26,078 - INTERNAL - System Time: 2025-03-04 07:28:26.078131, Logical Clock: 155
2025-03-04 07:28:26,333 - SEND - System Time: 2025-03-04 07:28:26.332852, Logical Clock: 156, To: Machine on port 10001
2025-03-04 07:28:26,585 - RECEIVE - System Time: 2025-03-04 07:28:26.585315, Logical Clock: 157, Queue Length: 0, From: Machine 1
2025-03-04 07:28:26,840 - SEND - System Time: 2025-03-04 07:28:26.840168, Logical Clock: 158, To: Machine on port 10000
2025-03-04 07:28:27,091 - INTERNAL - System Time: 2025-03-04 07:28:27.091666, Logical Clock: 159
2025-03-04 07:28:27,346 - SEND - System Time: 2025-03-04 07:28:27.346202, Logical Clock: 160, To: Machine on port 10001
2025-03-04 07:28:27,600 - INTERNAL - System Time: 2025-03-04 07:28:27.600040, Logical Clock: 161
2025-03-04 07:28:27,855 - SEND - System Time: 2025-03-04 07:28:27.855323, Logical Clock: 162, To: Machine on port 10000
2025-03-04 07:28:28,111 - INTERNAL - System Time: 2025-03-04 07:28:28.110760, Logical Clock: 163
2025-03-04 07:28:28,363 - INTERNAL - System Time: 2025-03-04 07:28:28.363500, Logical Clock: 164
2025-03-04 07:28:28,616 - SEND - System Time: 2025-03-04 07:28:28.616373, Logical Clock: 165, To: Machine on port 10001
2025-03-04 07:28:28,870 - INTERNAL - System Time: 2025-03-04 07:28:28.870760, Logical Clock: 166
2025-03-04 07:28:29,122 - RECEIVE - System Time: 2025-03-04 07:28:29.122667, Logical Clock: 168, Queue Length: 0, From: Machine 1
2025-03-04 07:28:29,376 - RECEIVE - System Time: 2025-03-04 07:28:29.376481, Logical Clock: 169, Queue Length: 0, From: Machine 1
2025-03-04 07:28:29,630 - RECEIVE - System Time: 2025-03-04 07:28:29.630099, Logical Clock: 170, Queue Length: 0, From: Machine 1
2025-03-04 07:28:29,882 - INTERNAL - System Time: 2025-03-04 07:28:29.882595, Logical Clock: 171
2025-03-04 07:28:30,136 - SEND - System Time: 2025-03-04 07:28:30.135828, Logical Clock: 172, To: Machine on port 10000
2025-03-04 07:28:30,136 - SEND - System Time: 2025-03-04 07:28:30.135828, Logical Clock: 172, To: Machine on port 10001
2025-03-04 07:28:30,390 - INTERNAL - System Time: 2025-03-04 07:28:30.389933, Logical Clock: 173
2025-03-04 07:28:30,644 - INTERNAL - System Time: 2025-03-04 07:28:30.644141, Logical Clock: 174
2025-03-04 07:28:30,899 - SEND - System Time: 2025-03-04 07:28:30.899009, Logical Clock: 175, To: Machine on port 10000
2025-03-04 07:28:31,152 - INTERNAL - System Time: 2025-03-04 07:28:31.152215, Logical Clock: 176
2025-03-04 07:28:31,407 - INTERNAL - System Time: 2025-03-04 07:28:31.407234, Logical Clock: 177
2025-03-04 07:28:31,658 - RECEIVE - System Time: 2025-03-04 07:28:31.658147, Logical Clock: 179, Queue Length: 0, From: Machine 1
2025-03-04 07:28:31,912 - INTERNAL - System Time: 2025-03-04 07:28:31.912119, Logical Clock: 180
2025-03-04 07:28:32,166 - INTERNAL - System Time: 2025-03-04 07:28:32.166156, Logical Clock: 181
2025-03-04 07:28:32,419 - SEND - System Time: 2025-03-04 07:28:32.419299, Logical Clock: 182, To: Machine on port 10001
2025-03-04 07:28:32,674 - SEND - System Time: 2025-03-04 07:28:32.674377, Logical Clock: 183, To: Machine on port 10000
2025-03-04 07:28:32,927 - INTERNAL - System Time: 2025-03-04 07:28:32.927065, Logical Clock: 184
2025-03-04 07:28:33,181 - INTERNAL - System Time: 2025-03-04 07:28:33.181408, Logical Clock: 185
2025-03-04 07:28:33,433 - INTERNAL - System Time: 2025-03-04 07:28:33.433113, Logical Clock: 186
2025-03-04 07:28:33,684 - INTERNAL - System Time: 2025-03-04 07:28:33.684794, Logical Clock: 187
2025-03-04 07:28:33,939 - INTERNAL - System Time: 2025-03-04 07:28:33.939066, Logical Clock: 188
2025-03-04 07:28:34,190 - INTERNAL - System Time: 2025-03-04 07:28:34.190045, Logical Clock: 189
2025-03-04 07:28:34,445 - RECEIVE - System Time: 2025-03-04 07:28:34.445449, Logical Clock: 190, Queue Length: 0, From: Machine 2
2025-03-04 07:28:34,697 - INTERNAL - System Time: 2025-03-04 07:28:34.697314, Logical Clock: 191
2025-03-04 07:28:34,950 - RECEIVE - System Time: 2025-03-04 07:28:34.949924, Logical Clock: 193, Queue Length: 0, From: Machine 1
2025-03-04 07:28:35,203 - INTERNAL - System Time: 2025-03-04 07:28:35.203526, Logical Clock: 194
2025-03-04 07:28:35,455 - INTERNAL - System Time: 2025-03-04 07:28:35.455763, Logical Clock: 195
2025-03-04 07:28:35,710 - INTERNAL - System Time: 2025-03-04 07:28:35.710474, Logical Clock: 196
2025-03-04 07:28:35,962 - INTERNAL - System Time: 2025-03-04 07:28:35.961971, Logical Clock: 197
2025-03-04 07:28:36,217 - RECEIVE - System Time: 2025-03-04 07:28:36.217438, Logical Clock: 198, Queue Length: 0, From: Machine 2
2025-03-04 07:28:36,473 - SEND - System Time: 2025-03-04 07:28:36.472901, Logical Clock: 199, To: Machine on port 10000
2025-03-04 07:28:36,725 - INTERNAL - System Time: 2025-03-04 07:28:36.725683, Logical Clock: 200
2025-03-04 07:28:36,978 - INTERNAL - System Time: 2025-03-04 07:28:36.977927, Logical Clock: 201
2025-03-04 07:28:37,231 - SEND - System Time: 2025-03-04 07:28:37.231013, Logical Clock: 202, To: Machine on port 10000
2025-03-04 07:28:37,485 - INTERNAL - System Time: 2025-03-04 07:28:37.485818, Logical Clock: 203
2025-03-04 07:28:37,741 - RECEIVE - System Time: 2025-03-04 07:28:37.740909, Logical Clock: 204, Queue Length: 0, From: Machine 2
2025-03-04 07:28:37,992 - SEND - System Time: 2025-03-04 07:28:37.991908, Logical Clock: 205, To: Machine on port 10000
2025-03-04 07:28:37,992 - SEND - System Time: 2025-03-04 07:28:37.991908, Logical Clock: 205, To: Machine on port 10001
2025-03-04 07:28:38,246 - SEND - System Time: 2025-03-04 07:28:38.245982, Logical Clock: 206, To: Machine on port 10000
2025-03-04 07:28:38,501 - INTERNAL - System Time: 2025-03-04 07:28:38.501261, Logical Clock: 207
2025-03-04 07:28:38,757 - INTERNAL - System Time: 2025-03-04 07:28:38.757063, Logical Clock: 208
2025-03-04 07:28:39,008 - INTERNAL - System Time: 2025-03-04 07:28:39.008124, Logical Clock: 209
2025-03-04 07:28:39,259 - INTERNAL - System Time: 2025-03-04 07:28:39.259145, Logical Clock: 210
2025-03-04 07:28:39,511 - RECEIVE - System Time: 2025-03-04 07:28:39.511267, Logical Clock: 212, Queue Length: 0, From: Machine 1
2025-03-04 07:28:39,764 - SEND - System Time: 2025-03-04 07:28:39.764064, Logical Clock: 213, To: Machine on port 10001
2025-03-04 07:28:40,016 - INTERNAL - System Time: 2025-03-04 07:28:40.016755, Logical Clock: 214
2025-03-04 07:28:40,271 - INTERNAL - System Time: 2025-03-04 07:28:40.271875, Logical Clock: 215
2025-03-04 07:28:40,527 - INTERNAL - System Time: 2025-03-04 07:28:40.527269, Logical Clock: 216
2025-03-04 07:28:40,780 - RECEIVE - System Time: 2025-03-04 07:28:40.780158, Logical Clock: 217, Queue Length: 0, From: Machine 1
2025-03-04 07:28:41,033 - INTERNAL - System Time: 2025-03-04 07:28:41.033381, Logical Clock: 218
2025-03-04 07:28:41,287 - INTERNAL - System Time: 2025-03-04 07:28:41.287671, Logical Clock: 219
2025-03-04 07:28:41,540 - INTERNAL - System Time: 2025-03-04 07:28:41.540395, Logical Clock: 220
2025-03-04 07:28:41,793 - INTERNAL - System Time: 2025-03-04 07:28:41.793760, Logical Clock: 221
2025-03-04 07:28:42,046 - INTERNAL - System Time: 2025-03-04 07:28:42.046510, Logical Clock: 222
2025-03-04 07:28:42,300 - INTERNAL - System Time: 2025-03-04 07:28:42.299930, Logical Clock: 223
2025-03-04 07:28:42,552 - INTERNAL - System Time: 2025-03-04 07:28:42.552454, Logical Clock: 224
2025-03-04 07:28:42,807 - RECEIVE - System Time: 2025-03-04 07:28:42.807822, Logical Clock: 225, Queue Length: 0, From: Machine 1
2025-03-04 07:28:43,062 - SEND - System Time: 2025-03-04 07:28:43.061926, Logical Clock: 226, To: Machine on port 10000
2025-03-04 07:28:43,062 - SEND - System Time: 2025-03-04 07:28:43.061926, Logical Clock: 226, To: Machine on port 10001
2025-03-04 07:28:43,317 - SEND - System Time: 2025-03-04 07:28:43.316829, Logical Clock: 227, To: Machine on port 10000
2025-03-04 07:28:43,568 - SEND - System Time: 2025-03-04 07:28:43.568414, Logical Clock: 228, To: Machine on port 10001
2025-03-04 07:28:43,823 - INTERNAL - System Time: 2025-03-04 07:28:43.823093, Logical Clock: 229
2025-03-04 07:28:44,076 - INTERNAL - System Time: 2025-03-04 07:28:44.076261, Logical Clock: 230
2025-03-04 07:28:44,330 - INTERNAL - System Time: 2025-03-04 07:28:44.329162, Logical Clock: 231
2025-03-04 07:28:44,586 - INTERNAL - System Time: 2025-03-04 07:28:44.586366, Logical Clock: 232
2025-03-04 07:28:44,836 - SEND - System Time: 2025-03-04 07:28:44.836826, Logical Clock: 233, To: Machine on port 10000
2025-03-04 07:28:45,092 - INTERNAL - System Time: 2025-03-04 07:28:45.092266, Logical Clock: 234
2025-03-04 07:28:45,347 - INTERNAL - System Time: 2025-03-04 07:28:45.347642, Logical Clock: 235
2025-03-04 07:28:45,600 - RECEIVE - System Time: 2025-03-04 07:28:45.600353, Logical Clock: 237, Queue Length: 0, From: Machine 2
2025-03-04 07:28:45,855 - RECEIVE - System Time: 2025-03-04 07:28:45.855778, Logical Clock: 238, Queue Length: 0, From: Machine 1
2025-03-04 07:28:46,107 - INTERNAL - System Time: 2025-03-04 07:28:46.107125, Logical Clock: 239
2025-03-04 07:28:46,362 - RECEIVE - System Time: 2025-03-04 07:28:46.362530, Logical Clock: 240, Queue Length: 0, From: Machine 1
2025-03-04 07:28:46,618 - SEND - System Time: 2025-03-04 07:28:46.617952, Logical Clock: 241, To: Machine on port 10000
2025-03-04 07:28:46,618 - SEND - System Time: 2025-03-04 07:28:46.617952, Logical Clock: 241, To: Machine on port 10001
2025-03-04 07:28:46,873 - INTERNAL - System Time: 2025-03-04 07:28:46.873294, Logical Clock: 242
2025-03-04 07:28:47,125 - SEND - System Time: 2025-03-04 07:28:47.125319, Logical Clock: 243, To: Machine on port 10000
2025-03-04 07:28:47,126 - SEND - System Time: 2025-03-04 07:28:47.125319, Logical Clock: 243, To: Machine on port 10001
2025-03-04 07:28:47,376 - SEND - System Time: 2025-03-04 07:28:47.376648, Logical Clock: 244, To: Machine on port 10000
2025-03-04 07:28:47,377 - SEND - System Time: 2025-03-04 07:28:47.376648, Logical Clock: 244, To: Machine on port 10001
2025-03-04 07:28:47,632 - INTERNAL - System Time: 2025-03-04 07:28:47.632727, Logical Clock: 245
2025-03-04 07:28:47,887 - INTERNAL - System Time: 2025-03-04 07:28:47.886841, Logical Clock: 246
2025-03-04 07:28:48,139 - INTERNAL - System Time: 2025-03-04 07:28:48.138971, Logical Clock: 247
2025-03-04 07:28:48,391 - INTERNAL - System Time: 2025-03-04 07:28:48.390802, Logical Clock: 248
2025-03-04 07:28:48,646 - SEND - System Time: 2025-03-04 07:28:48.646617, Logical Clock: 249, To: Machine on port 10001
2025-03-04 07:28:48,902 - SEND - System Time: 2025-03-04 07:28:48.902044, Logical Clock: 250, To: Machine on port 10000
2025-03-04 07:28:49,156 - INTERNAL - System Time: 2025-03-04 07:28:49.156172, Logical Clock: 251
2025-03-04 07:28:49,409 - SEND - System Time: 2025-03-04 07:28:49.409076, Logical Clock: 252, To: Machine on port 10001
2025-03-04 07:28:49,663 - INTERNAL - System Time: 2025-03-04 07:28:49.663847, Logical Clock: 253
2025-03-04 07:28:49,919 - INTERNAL - System Time: 2025-03-04 07:28:49.918860, Logical Clock: 254
